#
# There is insufficient memory for the Java Runtime Environment to continue.
# Native memory allocation (malloc) failed to allocate 1242576 bytes for Chunk::new
# Possible reasons:
#   The system is out of physical RAM or swap space
#   The process is running with CompressedOops enabled, and the Java Heap may be blocking the growth of the native heap
# Possible solutions:
#   Reduce memory load on the system
#   Increase physical memory or swap space
#   Check if swap backing store is full
#   Decrease Java heap size (-Xmx/-Xms)
#   Decrease number of Java threads
#   Decrease Java thread stack sizes (-Xss)
#   Set larger code cache with -XX:ReservedCodeCacheSize=
#   JVM is running with Unscaled Compressed Oops mode in which the Java heap is
#     placed in the first 4GB address space. The Java Heap base address is the
#     maximum limit for the native heap growth. Please use -XX:HeapBaseMinAddress
#     to set the Java Heap base and to place the Java Heap above 4GB virtual address.
# This output file may be truncated or incomplete.
#
#  Out of Memory Error (./src/hotspot/share/memory/arena.cpp:197), pid=2712, tid=7000
#
# JRE version: OpenJDK Runtime Environment (11.0.8+10) (build 11.0.8+10-b944.6842174)
# Java VM: OpenJDK 64-Bit Server VM (11.0.8+10-b944.6842174, mixed mode, tiered, compressed oops, g1 gc, windows-amd64)
# No core dump will be written. Minidumps are not enabled by default on client versions of Windows
#

---------------  S U M M A R Y ------------

Command Line: --add-opens=java.base/java.util=ALL-UNNAMED --add-opens=java.base/java.lang=ALL-UNNAMED --add-opens=java.base/java.lang.invoke=ALL-UNNAMED --add-opens=java.prefs/java.util.prefs=ALL-UNNAMED -Xmx2048m -Dfile.encoding=windows-1252 -Duser.country=US -Duser.language=en -Duser.variant org.gradle.launcher.daemon.bootstrap.GradleDaemon 6.7.1

Host: Celeron(R) Dual-Core CPU       T3500  @ 2.10GHz, 2 cores, 3G,  Windows 10 , 64 bit Build 19041 (10.0.19041.1023)
Time: Mon Jun 21 10:21:05 2021 E. South America Standard Time elapsed time: 19 seconds (0d 0h 0m 19s)

---------------  T H R E A D  ---------------

Current thread (0x0000020a5fcd6000):  JavaThread "C2 CompilerThread0" daemon [_thread_in_native, id=7000, stack(0x0000002fa5400000,0x0000002fa5500000)]


Current CompileTask:
C2:  19201 2980       4       jdk.internal.org.objectweb.asm.Frame::execute (2264 bytes)

Stack: [0x0000002fa5400000,0x0000002fa5500000]
Native frames: (J=compiled Java code, j=interpreted, Vv=VM code, C=native code)
V  [jvm.dll+0x5de50a]
V  [jvm.dll+0x7122f5]
V  [jvm.dll+0x71384d]
V  [jvm.dll+0x713f03]
V  [jvm.dll+0x23e728]
V  [jvm.dll+0xb899c]
V  [jvm.dll+0xb8e9c]
V  [jvm.dll+0x35020b]
V  [jvm.dll+0x31dea3]
V  [jvm.dll+0x31d39a]
V  [jvm.dll+0x1f7702]
V  [jvm.dll+0x1f68d4]
V  [jvm.dll+0x17f32c]
V  [jvm.dll+0x205047]
V  [jvm.dll+0x203891]
V  [jvm.dll+0x6dad3f]
V  [jvm.dll+0x6d3895]
V  [jvm.dll+0x5dd4a6]
C  [ucrtbase.dll+0x21bb2]
C  [KERNEL32.DLL+0x17034]
C  [ntdll.dll+0x52651]


---------------  P R O C E S S  ---------------

Threads class SMR info:
_java_thread_list=0x0000020a63b398e0, length=50, elements={
0x0000020a4675c800, 0x0000020a5fc75800, 0x0000020a5fc7f000, 0x0000020a5fcd3000,
0x0000020a5fcd4000, 0x0000020a5fcd6000, 0x0000020a60658000, 0x0000020a6065f800,
0x0000020a60751800, 0x0000020a60757000, 0x0000020a6218b000, 0x0000020a61fe0800,
0x0000020a621c1800, 0x0000020a61fa1800, 0x0000020a616e0000, 0x0000020a6176c000,
0x0000020a61bf4800, 0x0000020a61d91000, 0x0000020a609c9000, 0x0000020a61c78000,
0x0000020a61113000, 0x0000020a6110f800, 0x0000020a61112000, 0x0000020a6110f000,
0x0000020a61110800, 0x0000020a61111000, 0x0000020a61113800, 0x0000020a6110e000,
0x0000020a61114800, 0x0000020a62273800, 0x0000020a62274800, 0x0000020a62276000,
0x0000020a62275000, 0x0000020a62270800, 0x0000020a62277000, 0x0000020a62271000,
0x0000020a62277800, 0x0000020a62272000, 0x0000020a62278800, 0x0000020a62272800,
0x0000020a6227d800, 0x0000020a6227b800, 0x0000020a6227a000, 0x0000020a6227e000,
0x0000020a62279800, 0x0000020a6227b000, 0x0000020a6227c800, 0x0000020a6227f000,
0x0000020a61092000, 0x0000020a61092800
}

Java Threads: ( => current thread )
  0x0000020a4675c800 JavaThread "main" [_thread_blocked, id=6036, stack(0x0000002fa4900000,0x0000002fa4a00000)]
  0x0000020a5fc75800 JavaThread "Reference Handler" daemon [_thread_blocked, id=5424, stack(0x0000002fa5000000,0x0000002fa5100000)]
  0x0000020a5fc7f000 JavaThread "Finalizer" daemon [_thread_blocked, id=1984, stack(0x0000002fa5100000,0x0000002fa5200000)]
  0x0000020a5fcd3000 JavaThread "Signal Dispatcher" daemon [_thread_blocked, id=4972, stack(0x0000002fa5200000,0x0000002fa5300000)]
  0x0000020a5fcd4000 JavaThread "Attach Listener" daemon [_thread_blocked, id=1236, stack(0x0000002fa5300000,0x0000002fa5400000)]
=>0x0000020a5fcd6000 JavaThread "C2 CompilerThread0" daemon [_thread_in_native, id=7000, stack(0x0000002fa5400000,0x0000002fa5500000)]
  0x0000020a60658000 JavaThread "C1 CompilerThread0" daemon [_thread_blocked, id=3296, stack(0x0000002fa5500000,0x0000002fa5600000)]
  0x0000020a6065f800 JavaThread "Sweeper thread" daemon [_thread_blocked, id=6220, stack(0x0000002fa5600000,0x0000002fa5700000)]
  0x0000020a60751800 JavaThread "Common-Cleaner" daemon [_thread_blocked, id=2696, stack(0x0000002fa5700000,0x0000002fa5800000)]
  0x0000020a60757000 JavaThread "Service Thread" daemon [_thread_blocked, id=6836, stack(0x0000002fa5800000,0x0000002fa5900000)]
  0x0000020a6218b000 JavaThread "Daemon health stats" [_thread_blocked, id=5976, stack(0x0000002fa5b00000,0x0000002fa5c00000)]
  0x0000020a61fe0800 JavaThread "Incoming local TCP Connector on port 9624" [_thread_in_native, id=7648, stack(0x0000002fa5e00000,0x0000002fa5f00000)]
  0x0000020a621c1800 JavaThread "Daemon periodic checks" [_thread_blocked, id=1692, stack(0x0000002fa5f00000,0x0000002fa6000000)]
  0x0000020a61fa1800 JavaThread "Daemon" [_thread_blocked, id=2680, stack(0x0000002fa6000000,0x0000002fa6100000)]
  0x0000020a616e0000 JavaThread "Handler for socket connection from /127.0.0.1:9624 to /127.0.0.1:9625" [_thread_in_native, id=4308, stack(0x0000002fa6100000,0x0000002fa6200000)]
  0x0000020a6176c000 JavaThread "Cancel handler" [_thread_blocked, id=7128, stack(0x0000002fa6200000,0x0000002fa6300000)]
  0x0000020a61bf4800 JavaThread "Daemon worker" [_thread_in_native, id=100, stack(0x0000002fa6300000,0x0000002fa6400000)]
  0x0000020a61d91000 JavaThread "Asynchronous log dispatcher for DefaultDaemonConnection: socket connection from /127.0.0.1:9624 to /127.0.0.1:9625" [_thread_blocked, id=5520, stack(0x0000002fa6400000,0x0000002fa6500000)]
  0x0000020a609c9000 JavaThread "Stdin handler" [_thread_blocked, id=3436, stack(0x0000002fa6500000,0x0000002fa6600000)]
  0x0000020a61c78000 JavaThread "Thread-8" [_thread_blocked, id=6000, stack(0x0000002fa6600000,0x0000002fa6700000)]
  0x0000020a61113000 JavaThread "Cache worker for file hash cache (C:\Users\felip\.gradle\caches\6.7.1\fileHashes)" [_thread_blocked, id=7712, stack(0x0000002fa6700000,0x0000002fa6800000)]
  0x0000020a6110f800 JavaThread "File lock request listener" [_thread_in_native, id=4956, stack(0x0000002fa6800000,0x0000002fa6900000)]
  0x0000020a61112000 JavaThread "Cache worker for journal cache (C:\Users\felip\.gradle\caches\journal-1)" [_thread_blocked, id=4560, stack(0x0000002fa6900000,0x0000002fa6a00000)]
  0x0000020a6110f000 JavaThread "Cache worker for file hash cache (C:\Users\felip\AndroidStudioProjects\TheMovieApp\.gradle\6.7.1\fileHashes)" [_thread_blocked, id=4928, stack(0x0000002fa6a00000,0x0000002fa6b00000)]
  0x0000020a61110800 JavaThread "jar transforms" [_thread_blocked, id=5092, stack(0x0000002fa6b00000,0x0000002fa6c00000)]
  0x0000020a61111000 JavaThread "jar transforms Thread 2" [_thread_blocked, id=7960, stack(0x0000002fa6c00000,0x0000002fa6d00000)]
  0x0000020a61113800 JavaThread "jar transforms Thread 3" [_thread_blocked, id=6236, stack(0x0000002fa6d00000,0x0000002fa6e00000)]
  0x0000020a6110e000 JavaThread "jar transforms Thread 4" [_thread_blocked, id=5304, stack(0x0000002fa6e00000,0x0000002fa6f00000)]
  0x0000020a61114800 JavaThread "jar transforms Thread 5" [_thread_blocked, id=5816, stack(0x0000002fa6f00000,0x0000002fa7000000)]
  0x0000020a62273800 JavaThread "jar transforms Thread 6" [_thread_blocked, id=5220, stack(0x0000002fa7000000,0x0000002fa7100000)]
  0x0000020a62274800 JavaThread "jar transforms Thread 7" [_thread_blocked, id=1884, stack(0x0000002fa7100000,0x0000002fa7200000)]
  0x0000020a62276000 JavaThread "jar transforms Thread 8" [_thread_blocked, id=2380, stack(0x0000002fa7200000,0x0000002fa7300000)]
  0x0000020a62275000 JavaThread "jar transforms Thread 9" [_thread_blocked, id=7748, stack(0x0000002fa7300000,0x0000002fa7400000)]
  0x0000020a62270800 JavaThread "jar transforms Thread 10" [_thread_blocked, id=6908, stack(0x0000002fa7400000,0x0000002fa7500000)]
  0x0000020a62277000 JavaThread "jar transforms Thread 11" [_thread_blocked, id=5800, stack(0x0000002fa7500000,0x0000002fa7600000)]
  0x0000020a62271000 JavaThread "jar transforms Thread 12" [_thread_blocked, id=5588, stack(0x0000002fa7600000,0x0000002fa7700000)]
  0x0000020a62277800 JavaThread "jar transforms Thread 13" [_thread_blocked, id=2344, stack(0x0000002fa7700000,0x0000002fa7800000)]
  0x0000020a62272000 JavaThread "jar transforms Thread 14" [_thread_blocked, id=7736, stack(0x0000002fa7800000,0x0000002fa7900000)]
  0x0000020a62278800 JavaThread "jar transforms Thread 15" [_thread_blocked, id=3060, stack(0x0000002fa7900000,0x0000002fa7a00000)]
  0x0000020a62272800 JavaThread "jar transforms Thread 16" [_thread_blocked, id=7336, stack(0x0000002fa7a00000,0x0000002fa7b00000)]
  0x0000020a6227d800 JavaThread "jar transforms Thread 17" [_thread_blocked, id=3392, stack(0x0000002fa7b00000,0x0000002fa7c00000)]
  0x0000020a6227b800 JavaThread "jar transforms Thread 18" [_thread_blocked, id=2728, stack(0x0000002fa7c00000,0x0000002fa7d00000)]
  0x0000020a6227a000 JavaThread "jar transforms Thread 19" [_thread_blocked, id=5416, stack(0x0000002fa7d00000,0x0000002fa7e00000)]
  0x0000020a6227e000 JavaThread "jar transforms Thread 20" [_thread_blocked, id=2592, stack(0x0000002fa7e00000,0x0000002fa7f00000)]
  0x0000020a62279800 JavaThread "jar transforms Thread 21" [_thread_blocked, id=940, stack(0x0000002fa7f00000,0x0000002fa8000000)]
  0x0000020a6227b000 JavaThread "Cache worker for checksums cache (C:\Users\felip\AndroidStudioProjects\TheMovieApp\.gradle\checksums)" [_thread_blocked, id=5284, stack(0x0000002fa8000000,0x0000002fa8100000)]
  0x0000020a6227c800 JavaThread "Cache worker for cache directory md-supplier (C:\Users\felip\.gradle\caches\6.7.1\md-supplier)" [_thread_blocked, id=2616, stack(0x0000002fa8100000,0x0000002fa8200000)]
  0x0000020a6227f000 JavaThread "Cache worker for cache directory md-rule (C:\Users\felip\.gradle\caches\6.7.1\md-rule)" [_thread_blocked, id=376, stack(0x0000002fa8200000,0x0000002fa8300000)]
  0x0000020a61092000 JavaThread "Cache worker for execution history cache (C:\Users\felip\.gradle\caches\6.7.1\executionHistory)" [_thread_blocked, id=2556, stack(0x0000002fa8300000,0x0000002fa8400000)]
  0x0000020a61092800 JavaThread "Cache worker for file content cache (C:\Users\felip\.gradle\caches\6.7.1\fileContent)" [_thread_blocked, id=7696, stack(0x0000002fa8400000,0x0000002fa8500000)]

Other Threads:
  0x0000020a5fc6f800 VMThread "VM Thread" [stack: 0x0000002fa4f00000,0x0000002fa5000000] [id=6548]
  0x0000020a60780000 WatcherThread [stack: 0x0000002fa5900000,0x0000002fa5a00000] [id=1228]
  0x0000020a46778000 GCTaskThread "GC Thread#0" [stack: 0x0000002fa4a00000,0x0000002fa4b00000] [id=7536]
  0x0000020a6085c800 GCTaskThread "GC Thread#1" [stack: 0x0000002fa5a00000,0x0000002fa5b00000] [id=5876]
  0x0000020a467a9000 ConcurrentGCThread "G1 Main Marker" [stack: 0x0000002fa4b00000,0x0000002fa4c00000] [id=5032]
  0x0000020a467aa800 ConcurrentGCThread "G1 Conc#0" [stack: 0x0000002fa4c00000,0x0000002fa4d00000] [id=4200]
  0x0000020a467fc000 ConcurrentGCThread "G1 Refine#0" [stack: 0x0000002fa4d00000,0x0000002fa4e00000] [id=1896]
  0x0000020a467fd000 ConcurrentGCThread "G1 Young RemSet Sampling" [stack: 0x0000002fa4e00000,0x0000002fa4f00000] [id=4756]

Threads with active compile tasks:
C2 CompilerThread0  19352 2980       4       jdk.internal.org.objectweb.asm.Frame::execute (2264 bytes)

VM state:not at safepoint (normal execution)

VM Mutex/Monitor currently owned by a thread: None

OutOfMemory and StackOverflow Exception counts:
OutOfMemoryError java_heap_errors=2
LinkageErrors=95

Heap address: 0x0000000080000000, size: 2048 MB, Compressed Oops mode: 32-bit
Narrow klass base: 0x0000000000000000, Narrow klass shift: 3
Compressed class space size: 1073741824 Address: 0x0000000100000000

Heap:
 garbage-first heap   total 95232K, used 48538K [0x0000000080000000, 0x0000000100000000)
  region size 1024K, 17 young (17408K), 4 survivors (4096K)
 Metaspace       used 36540K, capacity 37399K, committed 37756K, reserved 1081344K
  class space    used 4736K, capacity 5027K, committed 5120K, reserved 1048576K
Heap Regions: E=young(eden), S=young(survivor), O=old, HS=humongous(starts), HC=humongous(continues), CS=collection set, F=free, A=archive, TAMS=top-at-mark-start (previous, next)
|   0|0x0000000080000000, 0x0000000080100000, 0x0000000080100000|100%| O|  |TAMS 0x0000000080100000, 0x0000000080000000| Untracked 
|   1|0x0000000080100000, 0x0000000080200000, 0x0000000080200000|100%| O|  |TAMS 0x0000000080200000, 0x0000000080100000| Untracked 
|   2|0x0000000080200000, 0x0000000080300000, 0x0000000080300000|100%| O|  |TAMS 0x0000000080300000, 0x0000000080200000| Untracked 
|   3|0x0000000080300000, 0x0000000080400000, 0x0000000080400000|100%| O|  |TAMS 0x0000000080400000, 0x0000000080300000| Untracked 
|   4|0x0000000080400000, 0x0000000080500000, 0x0000000080500000|100%|HS|  |TAMS 0x0000000080500000, 0x0000000080400000| Complete 
|   5|0x0000000080500000, 0x0000000080600000, 0x0000000080600000|100%|HC|  |TAMS 0x0000000080600000, 0x0000000080500000| Complete 
|   6|0x0000000080600000, 0x0000000080700000, 0x0000000080700000|100%|HC|  |TAMS 0x0000000080700000, 0x0000000080600000| Complete 
|   7|0x0000000080700000, 0x0000000080800000, 0x0000000080800000|100%| O|  |TAMS 0x0000000080800000, 0x0000000080700000| Untracked 
|   8|0x0000000080800000, 0x0000000080900000, 0x0000000080900000|100%| O|  |TAMS 0x0000000080900000, 0x0000000080800000| Untracked 
|   9|0x0000000080900000, 0x0000000080a00000, 0x0000000080a00000|100%| O|  |TAMS 0x0000000080a00000, 0x0000000080900000| Untracked 
|  10|0x0000000080a00000, 0x0000000080b00000, 0x0000000080b00000|100%| O|  |TAMS 0x0000000080b00000, 0x0000000080a00000| Untracked 
|  11|0x0000000080b00000, 0x0000000080c00000, 0x0000000080c00000|100%| O|  |TAMS 0x0000000080c00000, 0x0000000080b00000| Untracked 
|  12|0x0000000080c00000, 0x0000000080d00000, 0x0000000080d00000|100%| O|  |TAMS 0x0000000080d00000, 0x0000000080c00000| Untracked 
|  13|0x0000000080d00000, 0x0000000080e00000, 0x0000000080e00000|100%| O|  |TAMS 0x0000000080e00000, 0x0000000080d00000| Untracked 
|  14|0x0000000080e00000, 0x0000000080f00000, 0x0000000080f00000|100%| O|  |TAMS 0x0000000080f00000, 0x0000000080e00000| Untracked 
|  15|0x0000000080f00000, 0x0000000081000000, 0x0000000081000000|100%| O|  |TAMS 0x0000000081000000, 0x0000000080f00000| Untracked 
|  16|0x0000000081000000, 0x0000000081100000, 0x0000000081100000|100%| O|  |TAMS 0x0000000081100000, 0x0000000081000000| Untracked 
|  17|0x0000000081100000, 0x0000000081200000, 0x0000000081200000|100%|HS|  |TAMS 0x0000000081200000, 0x0000000081100000| Complete 
|  18|0x0000000081200000, 0x0000000081300000, 0x0000000081300000|100%|HC|  |TAMS 0x0000000081300000, 0x0000000081200000| Complete 
|  19|0x0000000081300000, 0x0000000081400000, 0x0000000081400000|100%|HS|  |TAMS 0x0000000081400000, 0x0000000081300000| Complete 
|  20|0x0000000081400000, 0x0000000081500000, 0x0000000081500000|100%|HC|  |TAMS 0x0000000081500000, 0x0000000081400000| Complete 
|  21|0x0000000081500000, 0x0000000081600000, 0x0000000081600000|100%|HC|  |TAMS 0x0000000081600000, 0x0000000081500000| Complete 
|  22|0x0000000081600000, 0x0000000081700000, 0x0000000081700000|100%|HS|  |TAMS 0x0000000081700000, 0x0000000081600000| Complete 
|  23|0x0000000081700000, 0x0000000081800000, 0x0000000081800000|100%|HC|  |TAMS 0x0000000081800000, 0x0000000081700000| Complete 
|  24|0x0000000081800000, 0x0000000081900000, 0x0000000081900000|100%|HC|  |TAMS 0x0000000081900000, 0x0000000081800000| Complete 
|  25|0x0000000081900000, 0x0000000081a00000, 0x0000000081a00000|100%|HC|  |TAMS 0x0000000081a00000, 0x0000000081900000| Complete 
|  26|0x0000000081a00000, 0x0000000081b00000, 0x0000000081b00000|100%| O|  |TAMS 0x0000000081b00000, 0x0000000081a00000| Untracked 
|  27|0x0000000081b00000, 0x0000000081c00000, 0x0000000081c00000|100%| O|  |TAMS 0x0000000081c00000, 0x0000000081b00000| Untracked 
|  28|0x0000000081c00000, 0x0000000081d00000, 0x0000000081d00000|100%| O|  |TAMS 0x0000000081d00000, 0x0000000081c00000| Untracked 
|  29|0x0000000081d00000, 0x0000000081e00000, 0x0000000081e00000|100%| O|  |TAMS 0x0000000081e00000, 0x0000000081d00000| Untracked 
|  30|0x0000000081e00000, 0x0000000081e48600, 0x0000000081f00000| 28%| O|  |TAMS 0x0000000081e48600, 0x0000000081e00000| Untracked 
|  31|0x0000000081f00000, 0x0000000082000000, 0x0000000082000000|100%|HS|  |TAMS 0x0000000081f00000, 0x0000000081f00000| Complete 
|  32|0x0000000082000000, 0x0000000082100000, 0x0000000082100000|100%|HS|  |TAMS 0x0000000082000000, 0x0000000082000000| Complete 
|  33|0x0000000082100000, 0x0000000082200000, 0x0000000082200000|100%|HC|  |TAMS 0x0000000082100000, 0x0000000082100000| Complete 
|  34|0x0000000082200000, 0x0000000082200000, 0x0000000082300000|  0%| F|  |TAMS 0x0000000082200000, 0x0000000082200000| Untracked 
|  35|0x0000000082300000, 0x0000000082300000, 0x0000000082400000|  0%| F|  |TAMS 0x0000000082300000, 0x0000000082300000| Untracked 
|  36|0x0000000082400000, 0x0000000082400000, 0x0000000082500000|  0%| F|  |TAMS 0x0000000082400000, 0x0000000082400000| Untracked 
|  37|0x0000000082500000, 0x0000000082500000, 0x0000000082600000|  0%| F|  |TAMS 0x0000000082500000, 0x0000000082500000| Untracked 
|  38|0x0000000082600000, 0x0000000082600000, 0x0000000082700000|  0%| F|  |TAMS 0x0000000082600000, 0x0000000082600000| Untracked 
|  39|0x0000000082700000, 0x0000000082700000, 0x0000000082800000|  0%| F|  |TAMS 0x0000000082700000, 0x0000000082700000| Untracked 
|  40|0x0000000082800000, 0x0000000082800000, 0x0000000082900000|  0%| F|  |TAMS 0x0000000082800000, 0x0000000082800000| Untracked 
|  41|0x0000000082900000, 0x0000000082900000, 0x0000000082a00000|  0%| F|  |TAMS 0x0000000082900000, 0x0000000082900000| Untracked 
|  42|0x0000000082a00000, 0x0000000082a00000, 0x0000000082b00000|  0%| F|  |TAMS 0x0000000082a00000, 0x0000000082a00000| Untracked 
|  43|0x0000000082b00000, 0x0000000082b00000, 0x0000000082c00000|  0%| F|  |TAMS 0x0000000082b00000, 0x0000000082b00000| Untracked 
|  44|0x0000000082c00000, 0x0000000082c00000, 0x0000000082d00000|  0%| F|  |TAMS 0x0000000082c00000, 0x0000000082c00000| Untracked 
|  45|0x0000000082d00000, 0x0000000082d00000, 0x0000000082e00000|  0%| F|  |TAMS 0x0000000082d00000, 0x0000000082d00000| Untracked 
|  46|0x0000000082e00000, 0x0000000082e00000, 0x0000000082f00000|  0%| F|  |TAMS 0x0000000082e00000, 0x0000000082e00000| Untracked 
|  47|0x0000000082f00000, 0x0000000082f00000, 0x0000000083000000|  0%| F|  |TAMS 0x0000000082f00000, 0x0000000082f00000| Untracked 
|  48|0x0000000083000000, 0x0000000083000000, 0x0000000083100000|  0%| F|  |TAMS 0x0000000083000000, 0x0000000083000000| Untracked 
|  49|0x0000000083100000, 0x0000000083100000, 0x0000000083200000|  0%| F|  |TAMS 0x0000000083100000, 0x0000000083100000| Untracked 
|  50|0x0000000083200000, 0x0000000083200000, 0x0000000083300000|  0%| F|  |TAMS 0x0000000083200000, 0x0000000083200000| Untracked 
|  51|0x0000000083300000, 0x000000008331e5b0, 0x0000000083400000| 11%| S|CS|TAMS 0x0000000083300000, 0x0000000083300000| Complete 
|  52|0x0000000083400000, 0x0000000083400000, 0x0000000083500000|  0%| F|  |TAMS 0x0000000083400000, 0x0000000083400000| Untracked 
|  53|0x0000000083500000, 0x0000000083600000, 0x0000000083600000|100%| S|CS|TAMS 0x0000000083500000, 0x0000000083500000| Complete 
|  54|0x0000000083600000, 0x0000000083700000, 0x0000000083700000|100%| S|CS|TAMS 0x0000000083600000, 0x0000000083600000| Complete 
|  55|0x0000000083700000, 0x0000000083800000, 0x0000000083800000|100%| S|CS|TAMS 0x0000000083700000, 0x0000000083700000| Complete 
|  56|0x0000000083800000, 0x0000000083800000, 0x0000000083900000|  0%| F|  |TAMS 0x0000000083800000, 0x0000000083800000| Untracked 
|  57|0x0000000083900000, 0x0000000083900000, 0x0000000083a00000|  0%| F|  |TAMS 0x0000000083900000, 0x0000000083900000| Untracked 
|  58|0x0000000083a00000, 0x0000000083a00000, 0x0000000083b00000|  0%| F|  |TAMS 0x0000000083a00000, 0x0000000083a00000| Untracked 
|  59|0x0000000083b00000, 0x0000000083b00000, 0x0000000083c00000|  0%| F|  |TAMS 0x0000000083b00000, 0x0000000083b00000| Untracked 
|  60|0x0000000083c00000, 0x0000000083c00000, 0x0000000083d00000|  0%| F|  |TAMS 0x0000000083c00000, 0x0000000083c00000| Untracked 
|  61|0x0000000083d00000, 0x0000000083d00000, 0x0000000083e00000|  0%| F|  |TAMS 0x0000000083d00000, 0x0000000083d00000| Untracked 
|  62|0x0000000083e00000, 0x0000000083e00000, 0x0000000083f00000|  0%| F|  |TAMS 0x0000000083e00000, 0x0000000083e00000| Untracked 
|  63|0x0000000083f00000, 0x0000000083f00000, 0x0000000084000000|  0%| F|  |TAMS 0x0000000083f00000, 0x0000000083f00000| Untracked 
|  64|0x0000000084000000, 0x0000000084000000, 0x0000000084100000|  0%| F|  |TAMS 0x0000000084000000, 0x0000000084000000| Untracked 
|  65|0x0000000084100000, 0x0000000084100000, 0x0000000084200000|  0%| F|  |TAMS 0x0000000084100000, 0x0000000084100000| Untracked 
|  66|0x0000000084200000, 0x0000000084200000, 0x0000000084300000|  0%| F|  |TAMS 0x0000000084200000, 0x0000000084200000| Untracked 
|  67|0x0000000084300000, 0x0000000084300000, 0x0000000084400000|  0%| F|  |TAMS 0x0000000084300000, 0x0000000084300000| Untracked 
|  68|0x0000000084400000, 0x0000000084400000, 0x0000000084500000|  0%| F|  |TAMS 0x0000000084400000, 0x0000000084400000| Untracked 
|  69|0x0000000084500000, 0x0000000084500000, 0x0000000084600000|  0%| F|  |TAMS 0x0000000084500000, 0x0000000084500000| Untracked 
|  70|0x0000000084600000, 0x0000000084600000, 0x0000000084700000|  0%| F|  |TAMS 0x0000000084600000, 0x0000000084600000| Untracked 
|  71|0x0000000084700000, 0x0000000084700000, 0x0000000084800000|  0%| F|  |TAMS 0x0000000084700000, 0x0000000084700000| Untracked 
|  72|0x0000000084800000, 0x0000000084800000, 0x0000000084900000|  0%| F|  |TAMS 0x0000000084800000, 0x0000000084800000| Untracked 
|  73|0x0000000084900000, 0x0000000084900000, 0x0000000084a00000|  0%| F|  |TAMS 0x0000000084900000, 0x0000000084900000| Untracked 
|  74|0x0000000084a00000, 0x0000000084a00000, 0x0000000084b00000|  0%| F|  |TAMS 0x0000000084a00000, 0x0000000084a00000| Untracked 
|  75|0x0000000084b00000, 0x0000000084b00000, 0x0000000084c00000|  0%| F|  |TAMS 0x0000000084b00000, 0x0000000084b00000| Untracked 
|  76|0x0000000084c00000, 0x0000000084c00000, 0x0000000084d00000|  0%| F|  |TAMS 0x0000000084c00000, 0x0000000084c00000| Untracked 
|  77|0x0000000084d00000, 0x0000000084d00000, 0x0000000084e00000|  0%| F|  |TAMS 0x0000000084d00000, 0x0000000084d00000| Untracked 
|  78|0x0000000084e00000, 0x0000000084e00000, 0x0000000084f00000|  0%| F|  |TAMS 0x0000000084e00000, 0x0000000084e00000| Untracked 
|  79|0x0000000084f00000, 0x0000000084f00000, 0x0000000085000000|  0%| F|  |TAMS 0x0000000084f00000, 0x0000000084f00000| Untracked 
|  80|0x0000000085000000, 0x00000000850fc1c8, 0x0000000085100000| 98%| E|  |TAMS 0x0000000085000000, 0x0000000085000000| Complete 
|  81|0x0000000085100000, 0x0000000085200000, 0x0000000085200000|100%| E|CS|TAMS 0x0000000085100000, 0x0000000085100000| Complete 
|  82|0x0000000085200000, 0x0000000085300000, 0x0000000085300000|100%| E|CS|TAMS 0x0000000085200000, 0x0000000085200000| Complete 
|  83|0x0000000085300000, 0x0000000085400000, 0x0000000085400000|100%| E|CS|TAMS 0x0000000085300000, 0x0000000085300000| Complete 
|  84|0x0000000085400000, 0x0000000085500000, 0x0000000085500000|100%| E|CS|TAMS 0x0000000085400000, 0x0000000085400000| Complete 
|  85|0x0000000085500000, 0x0000000085600000, 0x0000000085600000|100%| E|CS|TAMS 0x0000000085500000, 0x0000000085500000| Complete 
|  86|0x0000000085600000, 0x0000000085700000, 0x0000000085700000|100%| E|CS|TAMS 0x0000000085600000, 0x0000000085600000| Complete 
|  87|0x0000000085700000, 0x0000000085800000, 0x0000000085800000|100%| E|CS|TAMS 0x0000000085700000, 0x0000000085700000| Complete 
|  88|0x0000000085800000, 0x0000000085900000, 0x0000000085900000|100%| E|CS|TAMS 0x0000000085800000, 0x0000000085800000| Complete 
|  89|0x0000000085900000, 0x0000000085a00000, 0x0000000085a00000|100%| E|  |TAMS 0x0000000085900000, 0x0000000085900000| Complete 
|  90|0x0000000085a00000, 0x0000000085b00000, 0x0000000085b00000|100%| E|CS|TAMS 0x0000000085a00000, 0x0000000085a00000| Complete 
|  91|0x0000000085b00000, 0x0000000085c00000, 0x0000000085c00000|100%| E|CS|TAMS 0x0000000085b00000, 0x0000000085b00000| Complete 
|  92|0x0000000085c00000, 0x0000000085d00000, 0x0000000085d00000|100%| E|CS|TAMS 0x0000000085c00000, 0x0000000085c00000| Complete 

Card table byte_map: [0x0000020a590e0000,0x0000020a594e0000] _byte_map_base: 0x0000020a58ce0000

Marking Bits (Prev, Next): (CMBitMap*) 0x0000020a467a05a8, (CMBitMap*) 0x0000020a467a05e0
 Prev Bits: [0x0000020a598e0000, 0x0000020a5b8e0000)
 Next Bits: [0x0000020a5b8e0000, 0x0000020a5d8e0000)

Polling page: 0x0000020a44610000

Metaspace:

Usage:
  Non-class:     31.61 MB capacity,    31.06 MB ( 98%) used,   493.02 KB (  2%) free+waste,    74.75 KB ( <1%) overhead. 
      Class:      4.91 MB capacity,     4.63 MB ( 94%) used,   254.10 KB (  5%) free+waste,    36.44 KB ( <1%) overhead. 
       Both:     36.52 MB capacity,    35.68 MB ( 98%) used,   747.13 KB (  2%) free+waste,   111.19 KB ( <1%) overhead. 

Virtual space:
  Non-class space:       32.00 MB reserved,      31.87 MB (>99%) committed 
      Class space:        1.00 GB reserved,       5.00 MB ( <1%) committed 
             Both:        1.03 GB reserved,      36.87 MB (  3%) committed 

Chunk freelists:
   Non-Class:  60.00 KB
       Class:  0 bytes
        Both:  60.00 KB

MaxMetaspaceSize: 17179869184.00 GB
CompressedClassSpaceSize: 1.00 GB

CodeHeap 'non-profiled nmethods': size=120064Kb used=1294Kb max_used=1294Kb free=118769Kb
 bounds [0x0000020a51ba0000, 0x0000020a51e10000, 0x0000020a590e0000]
CodeHeap 'profiled nmethods': size=120000Kb used=5987Kb max_used=5987Kb free=114012Kb
 bounds [0x0000020a4a670000, 0x0000020a4ac50000, 0x0000020a51ba0000]
CodeHeap 'non-nmethods': size=5696Kb used=1162Kb max_used=1183Kb free=4534Kb
 bounds [0x0000020a4a0e0000, 0x0000020a4a350000, 0x0000020a4a670000]
 total_blobs=3338 nmethods=2816 adapters=434
 compilation: enabled
              stopped_count=0, restarted_count=0
 full_count=0

Compilation events (20 events):
Event: 19.104 Thread 0x0000020a60658000 nmethod 3005 0x0000020a51ce1d90 code [0x0000020a51ce1f40, 0x0000020a51ce1fd8]
Event: 19.127 Thread 0x0000020a60658000 3006       3       java.lang.StackTraceElement::<init> (10 bytes)
Event: 19.127 Thread 0x0000020a60658000 nmethod 3006 0x0000020a4ac3c110 code [0x0000020a4ac3c2c0, 0x0000020a4ac3c418]
Event: 19.128 Thread 0x0000020a60658000 3007       3       java.lang.ModuleLayer::boot (4 bytes)
Event: 19.128 Thread 0x0000020a60658000 nmethod 3007 0x0000020a4ac3c510 code [0x0000020a4ac3c6c0, 0x0000020a4ac3c7b8]
Event: 19.128 Thread 0x0000020a60658000 3008  s!   3       java.lang.StackTraceElement::computeFormat (71 bytes)
Event: 19.129 Thread 0x0000020a60658000 nmethod 3008 0x0000020a4ac3c810 code [0x0000020a4ac3ca40, 0x0000020a4ac3d378]
Event: 19.130 Thread 0x0000020a60658000 3009       1       java.lang.StackTraceElement::getLineNumber (5 bytes)
Event: 19.130 Thread 0x0000020a60658000 nmethod 3009 0x0000020a51ce2090 code [0x0000020a51ce2240, 0x0000020a51ce22f8]
Event: 19.130 Thread 0x0000020a60658000 3010       1       java.lang.StackTraceElement::getFileName (5 bytes)
Event: 19.130 Thread 0x0000020a60658000 nmethod 3010 0x0000020a51ce2390 code [0x0000020a51ce2540, 0x0000020a51ce25f8]
Event: 19.134 Thread 0x0000020a60658000 3011       3       java.lang.invoke.Invokers::checkCustomized (23 bytes)
Event: 19.135 Thread 0x0000020a60658000 nmethod 3011 0x0000020a4ac3d610 code [0x0000020a4ac3d7e0, 0x0000020a4ac3d9a8]
Event: 19.136 Thread 0x0000020a60658000 3012       3       java.util.regex.Pattern$Branch::match (66 bytes)
Event: 19.137 Thread 0x0000020a60658000 nmethod 3012 0x0000020a4ac3da90 code [0x0000020a4ac3dc80, 0x0000020a4ac3e118]
Event: 19.157 Thread 0x0000020a60658000 3013       3       java.util.concurrent.locks.AbstractQueuedSynchronizer$ConditionObject::unlinkCancelledWaiters (67 bytes)
Event: 19.158 Thread 0x0000020a60658000 nmethod 3013 0x0000020a4ac3e310 code [0x0000020a4ac3e4e0, 0x0000020a4ac3e8d8]
Event: 19.180 Thread 0x0000020a60658000 3014       1       java.lang.StackTraceElement::getClassName (5 bytes)
Event: 19.181 Thread 0x0000020a60658000 nmethod 3014 0x0000020a51ce2690 code [0x0000020a51ce2840, 0x0000020a51ce28f8]
Event: 19.181 Thread 0x0000020a60658000 3015       3       org.codehaus.groovy.runtime.StackTraceUtils::isApplicationClass (84 bytes)

GC Heap History (20 events):
Event: 1.544 GC heap before
{Heap before GC invocations=0 (full 0):
 garbage-first heap   total 65536K, used 9216K [0x0000000080000000, 0x0000000100000000)
  region size 1024K, 7 young (7168K), 0 survivors (0K)
 Metaspace       used 6121K, capacity 6261K, committed 6528K, reserved 1056768K
  class space    used 535K, capacity 578K, committed 640K, reserved 1048576K
}
Event: 1.557 GC heap after
{Heap after GC invocations=1 (full 0):
 garbage-first heap   total 65536K, used 4430K [0x0000000080000000, 0x0000000100000000)
  region size 1024K, 1 young (1024K), 1 survivors (1024K)
 Metaspace       used 6121K, capacity 6261K, committed 6528K, reserved 1056768K
  class space    used 535K, capacity 578K, committed 640K, reserved 1048576K
}
Event: 4.259 GC heap before
{Heap before GC invocations=1 (full 0):
 garbage-first heap   total 65536K, used 45390K [0x0000000080000000, 0x0000000100000000)
  region size 1024K, 38 young (38912K), 1 survivors (1024K)
 Metaspace       used 10626K, capacity 10825K, committed 11008K, reserved 1058816K
  class space    used 1100K, capacity 1164K, committed 1280K, reserved 1048576K
}
Event: 4.275 GC heap after
{Heap after GC invocations=2 (full 0):
 garbage-first heap   total 65536K, used 10617K [0x0000000080000000, 0x0000000100000000)
  region size 1024K, 5 young (5120K), 5 survivors (5120K)
 Metaspace       used 10626K, capacity 10825K, committed 11008K, reserved 1058816K
  class space    used 1100K, capacity 1164K, committed 1280K, reserved 1048576K
}
Event: 4.394 GC heap before
{Heap before GC invocations=2 (full 0):
 garbage-first heap   total 65536K, used 14713K [0x0000000080000000, 0x0000000100000000)
  region size 1024K, 10 young (10240K), 5 survivors (5120K)
 Metaspace       used 10632K, capacity 10825K, committed 11008K, reserved 1058816K
  class space    used 1100K, capacity 1164K, committed 1280K, reserved 1048576K
}
Event: 4.406 GC heap after
{Heap after GC invocations=3 (full 0):
 garbage-first heap   total 65536K, used 11995K [0x0000000080000000, 0x0000000100000000)
  region size 1024K, 1 young (1024K), 1 survivors (1024K)
 Metaspace       used 10632K, capacity 10825K, committed 11008K, reserved 1058816K
  class space    used 1100K, capacity 1164K, committed 1280K, reserved 1048576K
}
Event: 5.375 GC heap before
{Heap before GC invocations=3 (full 0):
 garbage-first heap   total 65536K, used 29403K [0x0000000080000000, 0x0000000100000000)
  region size 1024K, 18 young (18432K), 1 survivors (1024K)
 Metaspace       used 11506K, capacity 11780K, committed 11904K, reserved 1060864K
  class space    used 1270K, capacity 1333K, committed 1408K, reserved 1048576K
}
Event: 5.382 GC heap after
{Heap after GC invocations=4 (full 0):
 garbage-first heap   total 65536K, used 14269K [0x0000000080000000, 0x0000000100000000)
  region size 1024K, 3 young (3072K), 3 survivors (3072K)
 Metaspace       used 11506K, capacity 11780K, committed 11904K, reserved 1060864K
  class space    used 1270K, capacity 1333K, committed 1408K, reserved 1048576K
}
Event: 8.161 GC heap before
{Heap before GC invocations=4 (full 0):
 garbage-first heap   total 65536K, used 35773K [0x0000000080000000, 0x0000000100000000)
  region size 1024K, 24 young (24576K), 3 survivors (3072K)
 Metaspace       used 17937K, capacity 18355K, committed 18432K, reserved 1064960K
  class space    used 2132K, capacity 2271K, committed 2304K, reserved 1048576K
}
Event: 8.178 GC heap after
{Heap after GC invocations=5 (full 0):
 garbage-first heap   total 65536K, used 16616K [0x0000000080000000, 0x0000000100000000)
  region size 1024K, 3 young (3072K), 3 survivors (3072K)
 Metaspace       used 17937K, capacity 18355K, committed 18432K, reserved 1064960K
  class space    used 2132K, capacity 2271K, committed 2304K, reserved 1048576K
}
Event: 8.975 GC heap before
{Heap before GC invocations=5 (full 0):
 garbage-first heap   total 65536K, used 34024K [0x0000000080000000, 0x0000000100000000)
  region size 1024K, 21 young (21504K), 3 survivors (3072K)
 Metaspace       used 20616K, capacity 21191K, committed 21296K, reserved 1069056K
  class space    used 2513K, capacity 2688K, committed 2688K, reserved 1048576K
}
Event: 8.992 GC heap after
{Heap after GC invocations=6 (full 0):
 garbage-first heap   total 78848K, used 17095K [0x0000000080000000, 0x0000000100000000)
  region size 1024K, 1 young (1024K), 1 survivors (1024K)
 Metaspace       used 20616K, capacity 21191K, committed 21296K, reserved 1069056K
  class space    used 2513K, capacity 2688K, committed 2688K, reserved 1048576K
}
Event: 10.465 GC heap before
{Heap before GC invocations=7 (full 0):
 garbage-first heap   total 78848K, used 44743K [0x0000000080000000, 0x0000000100000000)
  region size 1024K, 28 young (28672K), 1 survivors (1024K)
 Metaspace       used 23712K, capacity 24253K, committed 24496K, reserved 1071104K
  class space    used 3013K, capacity 3201K, committed 3328K, reserved 1048576K
}
Event: 10.479 GC heap after
{Heap after GC invocations=8 (full 0):
 garbage-first heap   total 78848K, used 18232K [0x0000000080000000, 0x0000000100000000)
  region size 1024K, 2 young (2048K), 2 survivors (2048K)
 Metaspace       used 23712K, capacity 24253K, committed 24496K, reserved 1071104K
  class space    used 3013K, capacity 3201K, committed 3328K, reserved 1048576K
}
Event: 13.055 GC heap before
{Heap before GC invocations=8 (full 0):
 garbage-first heap   total 78848K, used 57144K [0x0000000080000000, 0x0000000100000000)
  region size 1024K, 31 young (31744K), 2 survivors (2048K)
 Metaspace       used 26687K, capacity 27504K, committed 27568K, reserved 1073152K
  class space    used 3488K, capacity 3792K, committed 3840K, reserved 1048576K
}
Event: 13.075 GC heap after
{Heap after GC invocations=9 (full 0):
 garbage-first heap   total 78848K, used 30718K [0x0000000080000000, 0x0000000100000000)
  region size 1024K, 4 young (4096K), 4 survivors (4096K)
 Metaspace       used 26687K, capacity 27504K, committed 27568K, reserved 1073152K
  class space    used 3488K, capacity 3792K, committed 3840K, reserved 1048576K
}
Event: 15.422 GC heap before
{Heap before GC invocations=9 (full 0):
 garbage-first heap   total 78848K, used 55294K [0x0000000080000000, 0x0000000100000000)
  region size 1024K, 28 young (28672K), 4 survivors (4096K)
 Metaspace       used 29251K, capacity 30087K, committed 30256K, reserved 1075200K
  class space    used 3890K, capacity 4185K, committed 4224K, reserved 1048576K
}
Event: 15.439 GC heap after
{Heap after GC invocations=10 (full 0):
 garbage-first heap   total 78848K, used 32008K [0x0000000080000000, 0x0000000100000000)
  region size 1024K, 1 young (1024K), 1 survivors (1024K)
 Metaspace       used 29251K, capacity 30087K, committed 30256K, reserved 1075200K
  class space    used 3890K, capacity 4185K, committed 4224K, reserved 1048576K
}
Event: 18.101 GC heap before
{Heap before GC invocations=10 (full 0):
 garbage-first heap   total 78848K, used 51464K [0x0000000080000000, 0x0000000100000000)
  region size 1024K, 22 young (22528K), 1 survivors (1024K)
 Metaspace       used 34738K, capacity 35568K, committed 35708K, reserved 1081344K
  class space    used 4491K, capacity 4799K, committed 4864K, reserved 1048576K
}
Event: 18.119 GC heap after
{Heap after GC invocations=11 (full 0):
 garbage-first heap   total 95232K, used 34202K [0x0000000080000000, 0x0000000100000000)
  region size 1024K, 4 young (4096K), 4 survivors (4096K)
 Metaspace       used 34738K, capacity 35568K, committed 35708K, reserved 1081344K
  class space    used 4491K, capacity 4799K, committed 4864K, reserved 1048576K
}

Deoptimization events (20 events):
Event: 16.635 Thread 0x0000020a61bf4800 DEOPT PACKING pc=0x0000020a51c81824 sp=0x0000002fa63f8cd0
Event: 16.635 Thread 0x0000020a61bf4800 DEOPT UNPACKING pc=0x0000020a4a1066a9 sp=0x0000002fa63f8c88 mode 2
Event: 18.306 Thread 0x0000020a61bf4800 DEOPT PACKING pc=0x0000020a4aa108f9 sp=0x0000002fa63f5860
Event: 18.306 Thread 0x0000020a61bf4800 DEOPT UNPACKING pc=0x0000020a4a1064bf sp=0x0000002fa63f4da8 mode 0
Event: 18.341 Thread 0x0000020a61bf4800 Uncommon trap: trap_request=0xffffff4d fr.pc=0x0000020a51cd33f0 relative=0x0000000000000290
Event: 18.341 Thread 0x0000020a61bf4800 Uncommon trap: reason=unstable_if action=reinterpret pc=0x0000020a51cd33f0 method=jdk.internal.org.objectweb.asm.Type.getArgumentsAndReturnSizes(Ljava/lang/String;)I @ 136 c2
Event: 18.341 Thread 0x0000020a61bf4800 DEOPT PACKING pc=0x0000020a51cd33f0 sp=0x0000002fa63f5b60
Event: 18.341 Thread 0x0000020a61bf4800 DEOPT UNPACKING pc=0x0000020a4a1066a9 sp=0x0000002fa63f5af8 mode 2
Event: 18.343 Thread 0x0000020a61bf4800 Uncommon trap: trap_request=0xffffff4d fr.pc=0x0000020a51cb35a0 relative=0x0000000000000360
Event: 18.343 Thread 0x0000020a61bf4800 Uncommon trap: reason=unstable_if action=reinterpret pc=0x0000020a51cb35a0 method=jdk.internal.org.objectweb.asm.Type.getArgumentsAndReturnSizes(Ljava/lang/String;)I @ 136 c2
Event: 18.343 Thread 0x0000020a61bf4800 DEOPT PACKING pc=0x0000020a51cb35a0 sp=0x0000002fa63f5980
Event: 18.343 Thread 0x0000020a61bf4800 DEOPT UNPACKING pc=0x0000020a4a1066a9 sp=0x0000002fa63f5928 mode 2
Event: 19.101 Thread 0x0000020a61bf4800 Uncommon trap: trap_request=0xffffffde fr.pc=0x0000020a51c51290 relative=0x00000000000002d0
Event: 19.101 Thread 0x0000020a61bf4800 Uncommon trap: reason=class_check action=maybe_recompile pc=0x0000020a51c51290 method=java.util.Collections$SetFromMap.remove(Ljava/lang/Object;)Z @ 5 c2
Event: 19.101 Thread 0x0000020a61bf4800 DEOPT PACKING pc=0x0000020a51c51290 sp=0x0000002fa63fb210
Event: 19.101 Thread 0x0000020a61bf4800 DEOPT UNPACKING pc=0x0000020a4a1066a9 sp=0x0000002fa63fb208 mode 2
Event: 19.101 Thread 0x0000020a61bf4800 Uncommon trap: trap_request=0xffffffde fr.pc=0x0000020a51c51290 relative=0x00000000000002d0
Event: 19.101 Thread 0x0000020a61bf4800 Uncommon trap: reason=class_check action=maybe_recompile pc=0x0000020a51c51290 method=java.util.Collections$SetFromMap.remove(Ljava/lang/Object;)Z @ 5 c2
Event: 19.101 Thread 0x0000020a61bf4800 DEOPT PACKING pc=0x0000020a51c51290 sp=0x0000002fa63fb1a0
Event: 19.101 Thread 0x0000020a61bf4800 DEOPT UNPACKING pc=0x0000020a4a1066a9 sp=0x0000002fa63fb198 mode 2

Classes redefined (0 events):
No events

Internal exceptions (20 events):
Event: 18.558 Thread 0x0000020a61bf4800 Exception <a 'java/lang/ClassNotFoundException'{0x000000008551d2e0}: sync_studio_tooling2_d6ut720svt8r3eeygtgulvpmbBeanInfo> (0x000000008551d2e0) thrown at [./src/hotspot/share/classfile/systemDictionary.cpp, line 231]
Event: 18.559 Thread 0x0000020a61bf4800 Exception <a 'java/lang/ClassNotFoundException'{0x000000008552cef8}: org/gradle/initialization/InitScriptBeanInfo> (0x000000008552cef8) thrown at [./src/hotspot/share/classfile/systemDictionary.cpp, line 231]
Event: 18.560 Thread 0x0000020a61bf4800 Exception <a 'java/lang/ClassNotFoundException'{0x000000008553cb50}: org/gradle/groovy/scripts/DefaultScriptBeanInfo> (0x000000008553cb50) thrown at [./src/hotspot/share/classfile/systemDictionary.cpp, line 231]
Event: 18.561 Thread 0x0000020a61bf4800 Exception <a 'java/lang/ClassNotFoundException'{0x000000008554c7a8}: org/gradle/groovy/scripts/BasicScriptBeanInfo> (0x000000008554c7a8) thrown at [./src/hotspot/share/classfile/systemDictionary.cpp, line 231]
Event: 18.563 Thread 0x0000020a61bf4800 Exception <a 'java/lang/ClassNotFoundException'{0x000000008555b6e0}: org/gradle/groovy/scripts/ScriptBeanInfo> (0x000000008555b6e0) thrown at [./src/hotspot/share/classfile/systemDictionary.cpp, line 231]
Event: 18.565 Thread 0x0000020a61bf4800 Exception <a 'java/lang/ClassNotFoundException'{0x00000000855691d0}: groovy/lang/ScriptBeanInfo> (0x00000000855691d0) thrown at [./src/hotspot/share/classfile/systemDictionary.cpp, line 231]
Event: 18.567 Thread 0x0000020a61bf4800 Exception <a 'java/lang/ClassNotFoundException'{0x00000000855772f0}: groovy/lang/ScriptCustomizer> (0x00000000855772f0) thrown at [./src/hotspot/share/classfile/systemDictionary.cpp, line 231]
Event: 18.573 Thread 0x0000020a61bf4800 Exception <a 'java/lang/ClassNotFoundException'{0x000000008558ef80}: org/gradle/groovy/scripts/ScriptCustomizer> (0x000000008558ef80) thrown at [./src/hotspot/share/classfile/systemDictionary.cpp, line 231]
Event: 18.583 Thread 0x0000020a61bf4800 Exception <a 'java/lang/ClassNotFoundException'{0x00000000855a5650}: org/gradle/groovy/scripts/BasicScriptCustomizer> (0x00000000855a5650) thrown at [./src/hotspot/share/classfile/systemDictionary.cpp, line 231]
Event: 18.587 Thread 0x0000020a61bf4800 Exception <a 'java/lang/ClassNotFoundException'{0x00000000855c1880}: org/gradle/groovy/scripts/DefaultScriptCustomizer> (0x00000000855c1880) thrown at [./src/hotspot/share/classfile/systemDictionary.cpp, line 231]
Event: 18.601 Thread 0x0000020a61bf4800 Exception <a 'java/lang/ClassNotFoundException'{0x0000000085406948}: org/gradle/initialization/InitScriptCustomizer> (0x0000000085406948) thrown at [./src/hotspot/share/classfile/systemDictionary.cpp, line 231]
Event: 18.603 Thread 0x0000020a61bf4800 Exception <a 'java/lang/ClassNotFoundException'{0x00000000854187c0}: sync_studio_tooling2_d6ut720svt8r3eeygtgulvpmbCustomizer> (0x00000000854187c0) thrown at [./src/hotspot/share/classfile/systemDictionary.cpp, line 231]
Event: 18.716 Thread 0x0000020a61bf4800 Exception <a 'java/lang/ClassNotFoundException'{0x00000000854d94b0}: org/gradle/internal/extensibility/DefaultExtraPropertiesExtensionBeanInfo> (0x00000000854d94b0) thrown at [./src/hotspot/share/classfile/systemDictionary.cpp, line 231]
Event: 18.723 Thread 0x0000020a61bf4800 Exception <a 'java/lang/ClassNotFoundException'{0x00000000854eb330}: org/gradle/internal/extensibility/DefaultExtraPropertiesExtensionCustomizer> (0x00000000854eb330) thrown at [./src/hotspot/share/classfile/systemDictionary.cpp, line 231]
Event: 19.007 Thread 0x0000020a61bf4800 Exception <a 'java/lang/ClassNotFoundException'{0x00000000853c89a8}: groovy/lang/Closure$1BeanInfo> (0x00000000853c89a8) thrown at [./src/hotspot/share/classfile/systemDictionary.cpp, line 231]
Event: 19.009 Thread 0x0000020a61bf4800 Exception <a 'java/lang/ClassNotFoundException'{0x00000000853dfd68}: groovy/lang/ClosureBeanInfo> (0x00000000853dfd68) thrown at [./src/hotspot/share/classfile/systemDictionary.cpp, line 231]
Event: 19.011 Thread 0x0000020a61bf4800 Exception <a 'java/lang/ClassNotFoundException'{0x00000000853f6b90}: groovy/lang/ClosureCustomizer> (0x00000000853f6b90) thrown at [./src/hotspot/share/classfile/systemDictionary.cpp, line 231]
Event: 19.025 Thread 0x0000020a61bf4800 Exception <a 'java/lang/ClassNotFoundException'{0x0000000085240698}: groovy/lang/Closure$1Customizer> (0x0000000085240698) thrown at [./src/hotspot/share/classfile/systemDictionary.cpp, line 231]
Event: 19.100 Thread 0x0000020a61bf4800 Exception <a 'java/lang/OutOfMemoryError'{0x00000000852e4c20}> (0x00000000852e4c20) thrown at [./src/hotspot/share/prims/jni.cpp, line 636]
Event: 19.100 Thread 0x0000020a61bf4800 Exception <a 'java/lang/OutOfMemoryError'{0x00000000852e4c20}> (0x00000000852e4c20) thrown at [./src/hotspot/share/prims/jvm.cpp, line 1301]

Events (20 events):
Event: 19.102 loading class org/gradle/internal/logging/sink/ProgressLogEventGenerator$1
Event: 19.102 loading class org/gradle/internal/logging/sink/ProgressLogEventGenerator$1 done
Event: 19.105 loading class org/gradle/api/tasks/TaskExecutionException
Event: 19.105 loading class org/gradle/api/tasks/TaskExecutionException done
Event: 19.124 loading class org/gradle/internal/exceptions/Contextual
Event: 19.124 loading class org/gradle/internal/exceptions/Contextual done
Event: 19.126 loading class java/lang/StackTraceElement$HashedModules
Event: 19.126 loading class java/lang/StackTraceElement$HashedModules done
Event: 19.131 loading class org/gradle/internal/exceptions/ContextAwareException$1
Event: 19.131 loading class org/gradle/internal/exceptions/ContextAwareException$1 done
Event: 19.132 loading class org/codehaus/groovy/runtime/StackTraceUtils
Event: 19.132 loading class org/codehaus/groovy/runtime/StackTraceUtils done
Event: 19.138 loading class org/apache/groovy/util/SystemUtil
Event: 19.138 loading class org/apache/groovy/util/SystemUtil done
Event: 19.141 loading class java/util/logging/LogRecord
Event: 19.167 loading class java/util/logging/LogRecord done
Event: 19.167 loading class java/time/Clock
Event: 19.180 loading class java/time/Clock done
Event: 19.180 loading class java/time/Clock$SystemClock
Event: 19.180 loading class java/time/Clock$SystemClock done


Dynamic libraries:
0x00007ff671750000 - 0x00007ff67175a000 	C:\Users\felip\OneDrive\Desktop\android-studio-ide-202.6987402-windows\android-studio\jre\bin\java.exe
0x00007ffcda6d0000 - 0x00007ffcda8c5000 	C:\Windows\SYSTEM32\ntdll.dll
0x00007ffcc01d0000 - 0x00007ffcc01e2000 	C:\Program Files\Avast Software\Avast\aswhook.dll
0x00007ffcd9ec0000 - 0x00007ffcd9f7d000 	C:\Windows\System32\KERNEL32.DLL
0x00007ffcd7e40000 - 0x00007ffcd8108000 	C:\Windows\System32\KERNELBASE.dll
0x00007ffcd85b0000 - 0x00007ffcd86b0000 	C:\Windows\System32\ucrtbase.dll
0x00007ffcc14b0000 - 0x00007ffcc14c9000 	C:\Users\felip\OneDrive\Desktop\android-studio-ide-202.6987402-windows\android-studio\jre\bin\jli.dll
0x00007ffcd9170000 - 0x00007ffcd9310000 	C:\Windows\System32\USER32.dll
0x00007ffcd86b0000 - 0x00007ffcd86d2000 	C:\Windows\System32\win32u.dll
0x00007ffcda540000 - 0x00007ffcda56a000 	C:\Windows\System32\GDI32.dll
0x00007ffcd81c0000 - 0x00007ffcd82cb000 	C:\Windows\System32\gdi32full.dll
0x00007ffcd8510000 - 0x00007ffcd85ad000 	C:\Windows\System32\msvcp_win.dll
0x00007ffcbe7e0000 - 0x00007ffcbe7f7000 	C:\Users\felip\OneDrive\Desktop\android-studio-ide-202.6987402-windows\android-studio\jre\bin\VCRUNTIME140.dll
0x00007ffcc4ad0000 - 0x00007ffcc4d6a000 	C:\Windows\WinSxS\amd64_microsoft.windows.common-controls_6595b64144ccf1df_6.0.19041.1052_none_60b8f8fd71f5e8cb\COMCTL32.dll
0x00007ffcd9310000 - 0x00007ffcd93ae000 	C:\Windows\System32\msvcrt.dll
0x00007ffcd93b0000 - 0x00007ffcd93e0000 	C:\Windows\System32\IMM32.DLL
0x00007ffcae3c0000 - 0x00007ffcae45d000 	C:\Users\felip\OneDrive\Desktop\android-studio-ide-202.6987402-windows\android-studio\jre\bin\msvcp140.dll
0x00007ffc99600000 - 0x00007ffc9a0bc000 	C:\Users\felip\OneDrive\Desktop\android-studio-ide-202.6987402-windows\android-studio\jre\bin\server\jvm.dll
0x00007ffcda1b0000 - 0x00007ffcda25c000 	C:\Windows\System32\ADVAPI32.dll
0x00007ffcd9950000 - 0x00007ffcd99eb000 	C:\Windows\System32\sechost.dll
0x00007ffcda260000 - 0x00007ffcda38b000 	C:\Windows\System32\RPCRT4.dll
0x00007ffcd8e90000 - 0x00007ffcd8e98000 	C:\Windows\System32\PSAPI.DLL
0x00007ffccb0b0000 - 0x00007ffccb0b9000 	C:\Windows\SYSTEM32\WSOCK32.dll
0x00007ffcd8f00000 - 0x00007ffcd8f6b000 	C:\Windows\System32\WS2_32.dll
0x00007ffcc4400000 - 0x00007ffcc4427000 	C:\Windows\SYSTEM32\WINMM.dll
0x00007ffcd1280000 - 0x00007ffcd128a000 	C:\Windows\SYSTEM32\VERSION.dll
0x00007ffcd5c80000 - 0x00007ffcd5c92000 	C:\Windows\SYSTEM32\kernel.appcore.dll
0x00007ffcd2ba0000 - 0x00007ffcd2bb1000 	C:\Users\felip\OneDrive\Desktop\android-studio-ide-202.6987402-windows\android-studio\jre\bin\verify.dll
0x00007ffccf5d0000 - 0x00007ffccf7b4000 	C:\Windows\SYSTEM32\DBGHELP.DLL
0x00007ffccf5a0000 - 0x00007ffccf5cc000 	C:\Windows\SYSTEM32\dbgcore.DLL
0x00007ffcd8320000 - 0x00007ffcd83a3000 	C:\Windows\System32\bcryptPrimitives.dll
0x00007ffccc9d0000 - 0x00007ffccc9f9000 	C:\Users\felip\OneDrive\Desktop\android-studio-ide-202.6987402-windows\android-studio\jre\bin\java.dll
0x00007ffcd3b70000 - 0x00007ffcd3b7b000 	C:\Users\felip\OneDrive\Desktop\android-studio-ide-202.6987402-windows\android-studio\jre\bin\jimage.dll
0x00007ffcd2150000 - 0x00007ffcd2168000 	C:\Users\felip\OneDrive\Desktop\android-studio-ide-202.6987402-windows\android-studio\jre\bin\zip.dll
0x00007ffcd8740000 - 0x00007ffcd8e7f000 	C:\Windows\System32\SHELL32.dll
0x00007ffcd5f60000 - 0x00007ffcd66f0000 	C:\Windows\SYSTEM32\windows.storage.dll
0x00007ffcd93e0000 - 0x00007ffcd9735000 	C:\Windows\System32\combase.dll
0x00007ffcd77b0000 - 0x00007ffcd77dc000 	C:\Windows\SYSTEM32\Wldp.dll
0x00007ffcd9f80000 - 0x00007ffcda02e000 	C:\Windows\System32\SHCORE.dll
0x00007ffcd98f0000 - 0x00007ffcd9945000 	C:\Windows\System32\shlwapi.dll
0x00007ffcd7d50000 - 0x00007ffcd7d6f000 	C:\Windows\SYSTEM32\profapi.dll
0x00007ffccc9b0000 - 0x00007ffccc9ca000 	C:\Users\felip\OneDrive\Desktop\android-studio-ide-202.6987402-windows\android-studio\jre\bin\net.dll
0x00007ffccd010000 - 0x00007ffccd11b000 	C:\Windows\SYSTEM32\WINHTTP.dll
0x00007ffcd7520000 - 0x00007ffcd758a000 	C:\Windows\system32\mswsock.dll
0x00007ffccc020000 - 0x00007ffccc034000 	C:\Users\felip\OneDrive\Desktop\android-studio-ide-202.6987402-windows\android-studio\jre\bin\nio.dll
0x00007ffcba120000 - 0x00007ffcba146000 	C:\Users\felip\.gradle\native\fdc75f09e3144964f2cf3f50f0aa648679c211496f362492102eb8c894070792\windows-amd64\native-platform.dll
0x00007ffc94710000 - 0x00007ffc948a1000 	C:\Users\felip\.gradle\native\12488b8bf47d2d4c9fbf2f6322a914ad602e24e48041cd04a747c6da556b65c4\windows-amd64\native-platform-file-events.dll
0x00007ffcd33d0000 - 0x00007ffcd33da000 	C:\Users\felip\OneDrive\Desktop\android-studio-ide-202.6987402-windows\android-studio\jre\bin\management.dll
0x00007ffcd2f10000 - 0x00007ffcd2f1c000 	C:\Users\felip\OneDrive\Desktop\android-studio-ide-202.6987402-windows\android-studio\jre\bin\management_ext.dll
0x00007ffcd7700000 - 0x00007ffcd7718000 	C:\Windows\SYSTEM32\CRYPTSP.dll
0x00007ffcd6ec0000 - 0x00007ffcd6ef4000 	C:\Windows\system32\rsaenh.dll
0x00007ffcd7e10000 - 0x00007ffcd7e37000 	C:\Windows\System32\bcrypt.dll
0x00007ffcd7d10000 - 0x00007ffcd7d3e000 	C:\Windows\SYSTEM32\USERENV.dll
0x00007ffcd76f0000 - 0x00007ffcd76fc000 	C:\Windows\SYSTEM32\CRYPTBASE.dll
0x00007ffcd7210000 - 0x00007ffcd724b000 	C:\Windows\SYSTEM32\IPHLPAPI.DLL
0x00007ffcd8e80000 - 0x00007ffcd8e88000 	C:\Windows\System32\NSI.dll
0x00007ffccfc30000 - 0x00007ffccfc47000 	C:\Windows\SYSTEM32\dhcpcsvc6.DLL
0x00007ffcd0f60000 - 0x00007ffcd0f7d000 	C:\Windows\SYSTEM32\dhcpcsvc.DLL
0x00007ffcd7250000 - 0x00007ffcd731c000 	C:\Windows\SYSTEM32\DNSAPI.dll
0x00007ffcd1270000 - 0x00007ffcd127b000 	C:\Windows\SYSTEM32\WINNSI.DLL

dbghelp: loaded successfully - version: 4.0.5 - missing functions: none
symbol engine: initialized successfully - sym options: 0x614 - pdb path: .;C:\Users\felip\OneDrive\Desktop\android-studio-ide-202.6987402-windows\android-studio\jre\bin;C:\Windows\SYSTEM32;C:\Program Files\Avast Software\Avast;C:\Windows\WinSxS\amd64_microsoft.windows.common-controls_6595b64144ccf1df_6.0.19041.1052_none_60b8f8fd71f5e8cb;C:\Users\felip\OneDrive\Desktop\android-studio-ide-202.6987402-windows\android-studio\jre\bin\server;C:\Users\felip\.gradle\native\fdc75f09e3144964f2cf3f50f0aa648679c211496f362492102eb8c894070792\windows-amd64;C:\Users\felip\.gradle\native\12488b8bf47d2d4c9fbf2f6322a914ad602e24e48041cd04a747c6da556b65c4\windows-amd64

VM Arguments:
jvm_args: --add-opens=java.base/java.util=ALL-UNNAMED --add-opens=java.base/java.lang=ALL-UNNAMED --add-opens=java.base/java.lang.invoke=ALL-UNNAMED --add-opens=java.prefs/java.util.prefs=ALL-UNNAMED -Xmx2048m -Dfile.encoding=windows-1252 -Duser.country=US -Duser.language=en -Duser.variant 
java_command: org.gradle.launcher.daemon.bootstrap.GradleDaemon 6.7.1
java_class_path (initial): C:\Users\felip\.gradle\wrapper\dists\gradle-6.7.1-bin\bwlcbys1h7rz3272sye1xwiv6\gradle-6.7.1\lib\gradle-launcher-6.7.1.jar
Launcher Type: SUN_STANDARD

[Global flags]
     intx CICompilerCount                          = 2                                         {product} {ergonomic}
     uint ConcGCThreads                            = 1                                         {product} {ergonomic}
     uint G1ConcRefinementThreads                  = 2                                         {product} {ergonomic}
   size_t G1HeapRegionSize                         = 1048576                                   {product} {ergonomic}
    uintx GCDrainStackTargetSize                   = 64                                        {product} {ergonomic}
   size_t InitialHeapSize                          = 67108864                                  {product} {ergonomic}
   size_t MarkStackSize                            = 4194304                                   {product} {ergonomic}
   size_t MaxHeapSize                              = 2147483648                                {product} {command line}
   size_t MaxNewSize                               = 1287651328                                {product} {ergonomic}
   size_t MinHeapDeltaBytes                        = 1048576                                   {product} {ergonomic}
    uintx NonNMethodCodeHeapSize                   = 5825164                                {pd product} {ergonomic}
    uintx NonProfiledCodeHeapSize                  = 122916538                              {pd product} {ergonomic}
    uintx ProfiledCodeHeapSize                     = 122916538                              {pd product} {ergonomic}
    uintx ReservedCodeCacheSize                    = 251658240                              {pd product} {ergonomic}
     bool SegmentedCodeCache                       = true                                      {product} {ergonomic}
     bool UseCompressedClassPointers               = true                                 {lp64_product} {ergonomic}
     bool UseCompressedOops                        = true                                 {lp64_product} {ergonomic}
     bool UseG1GC                                  = true                                      {product} {ergonomic}
     bool UseLargePagesIndividualAllocation        = false                                  {pd product} {ergonomic}

Logging:
Log output configuration:
 #0: stdout all=warning uptime,level,tags
 #1: stderr all=off uptime,level,tags

Environment Variables:
PATH=C:\Program Files\Common Files\Oracle\Java\javapath;C:\Program Files (x86)\Common Files\Oracle\Java\javapath;C:\Windows\system32;C:\Windows;C:\Windows\System32\Wbem;C:\Windows\System32\WindowsPowerShell\v1.0\;C:\Windows\System32\OpenSSH\;C:\ProgramData\chocolatey\bin;C:\Program Files\Docker\Docker\resources\bin;C:\ProgramData\DockerDesktop\version-bin;C:\Program Files (x86)\Yarn\bin\;C:\Program Files\nodejs\;C:\Program Files\Git\cmd;C:\Users\felip\AppData\Local\Microsoft\WindowsApps;C:\Users\felip\AppData\Local\Programs\Microsoft VS Code\bin;C:\Users\felip\AppData\Local\Yarn\bin;C:\Users\felip\AppData\Local\GitHubDesktop\bin;C:\Users\felip\AppData\Roaming\npm
USERNAME=felip
OS=Windows_NT
PROCESSOR_IDENTIFIER=Intel64 Family 6 Model 23 Stepping 10, GenuineIntel



---------------  S Y S T E M  ---------------

OS: Windows 10 , 64 bit Build 19041 (10.0.19041.1023)
OS uptime: 0 days 18:32 hours

CPU:total 2 (initial active 2) (2 cores per cpu, 1 threads per core) family 6 model 23 stepping 10, cmov, cx8, fxsr, mmx, sse, sse2, sse3, ssse3, tsc

Memory: 4k page, system-wide physical 4061M (107M free)
TotalPageFile size 4061M (AvailPageFile size 5M)
current process WorkingSet (physical memory assigned to process): 208M, peak: 208M
current process commit charge ("private bytes"): 236M, peak: 237M

vm_info: OpenJDK 64-Bit Server VM (11.0.8+10-b944.6842174) for windows-amd64 JRE (11.0.8+10-b944.6842174), built on Sep 19 2020 01:11:42 by "builder" with MS VC++ 14.0 (VS2015)

END.
