#
# There is insufficient memory for the Java Runtime Environment to continue.
# Native memory allocation (malloc) failed to allocate 524016 bytes for Chunk::new
# Possible reasons:
#   The system is out of physical RAM or swap space
#   The process is running with CompressedOops enabled, and the Java Heap may be blocking the growth of the native heap
# Possible solutions:
#   Reduce memory load on the system
#   Increase physical memory or swap space
#   Check if swap backing store is full
#   Decrease Java heap size (-Xmx/-Xms)
#   Decrease number of Java threads
#   Decrease Java thread stack sizes (-Xss)
#   Set larger code cache with -XX:ReservedCodeCacheSize=
#   JVM is running with Unscaled Compressed Oops mode in which the Java heap is
#     placed in the first 4GB address space. The Java Heap base address is the
#     maximum limit for the native heap growth. Please use -XX:HeapBaseMinAddress
#     to set the Java Heap base and to place the Java Heap above 4GB virtual address.
# This output file may be truncated or incomplete.
#
#  Out of Memory Error (./src/hotspot/share/memory/arena.cpp:197), pid=700, tid=1640
#
# JRE version: OpenJDK Runtime Environment (11.0.8+10) (build 11.0.8+10-b944.6842174)
# Java VM: OpenJDK 64-Bit Server VM (11.0.8+10-b944.6842174, mixed mode, tiered, compressed oops, g1 gc, windows-amd64)
# No core dump will be written. Minidumps are not enabled by default on client versions of Windows
#

---------------  S U M M A R Y ------------

Command Line: --add-opens=java.base/java.util=ALL-UNNAMED --add-opens=java.base/java.lang=ALL-UNNAMED --add-opens=java.base/java.lang.invoke=ALL-UNNAMED --add-opens=java.prefs/java.util.prefs=ALL-UNNAMED -Xmx2048m -Dfile.encoding=windows-1252 -Duser.country=US -Duser.language=en -Duser.variant org.gradle.launcher.daemon.bootstrap.GradleDaemon 6.7.1

Host: Celeron(R) Dual-Core CPU       T3500  @ 2.10GHz, 2 cores, 3G,  Windows 10 , 64 bit Build 19041 (10.0.19041.1023)
Time: Tue Jun 22 09:42:02 2021 E. South America Standard Time elapsed time: 177 seconds (0d 0h 2m 57s)

---------------  T H R E A D  ---------------

Current thread (0x0000029a6aa44800):  JavaThread "C2 CompilerThread0" daemon [_thread_in_native, id=1640, stack(0x000000a0c7500000,0x000000a0c7600000)]


Current CompileTask:
C2: 177497 18174 %     4       com.android.tools.r8.ir.regalloc.a::a @ 1408 (4001 bytes)

Stack: [0x000000a0c7500000,0x000000a0c7600000]
Native frames: (J=compiled Java code, j=interpreted, Vv=VM code, C=native code)
V  [jvm.dll+0x5de50a]
V  [jvm.dll+0x7122f5]
V  [jvm.dll+0x71384d]
V  [jvm.dll+0x713f03]
V  [jvm.dll+0x23e728]
V  [jvm.dll+0xb899c]
V  [jvm.dll+0xb8e9c]
V  [jvm.dll+0x4e603d]
V  [jvm.dll+0x31ded2]
V  [jvm.dll+0x31d39a]
V  [jvm.dll+0x1f7702]
V  [jvm.dll+0x1f68d4]
V  [jvm.dll+0x17f32c]
V  [jvm.dll+0x205047]
V  [jvm.dll+0x203891]
V  [jvm.dll+0x6dad3f]
V  [jvm.dll+0x6d3895]
V  [jvm.dll+0x5dd4a6]
C  [ucrtbase.dll+0x21bb2]
C  [KERNEL32.DLL+0x17034]
C  [ntdll.dll+0x52651]


---------------  P R O C E S S  ---------------

Threads class SMR info:
_java_thread_list=0x0000029a6f3cbf70, length=41, elements={
0x0000029a4eb9c800, 0x0000029a6a0b4800, 0x0000029a6a0be800, 0x0000029a6aa40800,
0x0000029a6aa42000, 0x0000029a6aa44800, 0x0000029a6aa4e800, 0x0000029a6a138800,
0x0000029a6ab83800, 0x0000029a6abaf800, 0x0000029a6bbd0000, 0x0000029a6be56800,
0x0000029a6aebe800, 0x0000029a6ba02800, 0x0000029a6ad6a800, 0x0000029a6c423800,
0x0000029a6bb4a000, 0x0000029a6c3f4800, 0x0000029a6c2e9800, 0x0000029a6c362000,
0x0000029a6c364800, 0x0000029a6c363000, 0x0000029a6c363800, 0x0000029a6c50f800,
0x0000029a6c511000, 0x0000029a6c512000, 0x0000029a6c50e800, 0x0000029a6c50e000,
0x0000029a6c513000, 0x0000029a6c50d000, 0x0000029a6c515000, 0x0000029a6d71c000,
0x0000029a6d722800, 0x0000029a6d723000, 0x0000029a6d726800, 0x0000029a6d725000,
0x0000029a6d724000, 0x0000029a6e029000, 0x0000029a6e026000, 0x0000029a6e027800,
0x0000029a6e028000
}

Java Threads: ( => current thread )
  0x0000029a4eb9c800 JavaThread "main" [_thread_blocked, id=900, stack(0x000000a0c6a00000,0x000000a0c6b00000)]
  0x0000029a6a0b4800 JavaThread "Reference Handler" daemon [_thread_blocked, id=7016, stack(0x000000a0c7100000,0x000000a0c7200000)]
  0x0000029a6a0be800 JavaThread "Finalizer" daemon [_thread_blocked, id=4812, stack(0x000000a0c7200000,0x000000a0c7300000)]
  0x0000029a6aa40800 JavaThread "Signal Dispatcher" daemon [_thread_blocked, id=4156, stack(0x000000a0c7300000,0x000000a0c7400000)]
  0x0000029a6aa42000 JavaThread "Attach Listener" daemon [_thread_blocked, id=6912, stack(0x000000a0c7400000,0x000000a0c7500000)]
=>0x0000029a6aa44800 JavaThread "C2 CompilerThread0" daemon [_thread_in_native, id=1640, stack(0x000000a0c7500000,0x000000a0c7600000)]
  0x0000029a6aa4e800 JavaThread "C1 CompilerThread0" daemon [_thread_blocked, id=1208, stack(0x000000a0c7600000,0x000000a0c7700000)]
  0x0000029a6a138800 JavaThread "Sweeper thread" daemon [_thread_blocked, id=6556, stack(0x000000a0c7700000,0x000000a0c7800000)]
  0x0000029a6ab83800 JavaThread "Common-Cleaner" daemon [_thread_blocked, id=6568, stack(0x000000a0c7800000,0x000000a0c7900000)]
  0x0000029a6abaf800 JavaThread "Service Thread" daemon [_thread_blocked, id=7032, stack(0x000000a0c7900000,0x000000a0c7a00000)]
  0x0000029a6bbd0000 JavaThread "Daemon health stats" [_thread_blocked, id=5972, stack(0x000000a0c7c00000,0x000000a0c7d00000)]
  0x0000029a6be56800 JavaThread "Incoming local TCP Connector on port 7619" [_thread_in_native, id=7160, stack(0x000000a0c7f00000,0x000000a0c8000000)]
  0x0000029a6aebe800 JavaThread "Daemon periodic checks" [_thread_blocked, id=6040, stack(0x000000a0c8000000,0x000000a0c8100000)]
  0x0000029a6ba02800 JavaThread "Daemon" [_thread_blocked, id=5000, stack(0x000000a0c8100000,0x000000a0c8200000)]
  0x0000029a6ad6a800 JavaThread "Handler for socket connection from /127.0.0.1:7619 to /127.0.0.1:7620" [_thread_in_native, id=6700, stack(0x000000a0c8200000,0x000000a0c8300000)]
  0x0000029a6c423800 JavaThread "Cancel handler" [_thread_blocked, id=6752, stack(0x000000a0c8300000,0x000000a0c8400000)]
  0x0000029a6bb4a000 JavaThread "Daemon worker" [_thread_blocked, id=4048, stack(0x000000a0c8400000,0x000000a0c8500000)]
  0x0000029a6c3f4800 JavaThread "Asynchronous log dispatcher for DefaultDaemonConnection: socket connection from /127.0.0.1:7619 to /127.0.0.1:7620" [_thread_blocked, id=5660, stack(0x000000a0c8500000,0x000000a0c8600000)]
  0x0000029a6c2e9800 JavaThread "Thread-8" [_thread_blocked, id=5212, stack(0x000000a0c8700000,0x000000a0c8800000)]
  0x0000029a6c362000 JavaThread "Cache worker for file hash cache (C:\Users\felip\.gradle\caches\6.7.1\fileHashes)" [_thread_blocked, id=6776, stack(0x000000a0c8800000,0x000000a0c8900000)]
  0x0000029a6c364800 JavaThread "File lock request listener" [_thread_in_native, id=5692, stack(0x000000a0c8900000,0x000000a0c8a00000)]
  0x0000029a6c363000 JavaThread "Cache worker for journal cache (C:\Users\felip\.gradle\caches\journal-1)" [_thread_blocked, id=3652, stack(0x000000a0c8a00000,0x000000a0c8b00000)]
  0x0000029a6c363800 JavaThread "Cache worker for file hash cache (C:\Users\felip\AndroidStudioProjects\TheMovieApp\.gradle\6.7.1\fileHashes)" [_thread_blocked, id=764, stack(0x000000a0c8b00000,0x000000a0c8c00000)]
  0x0000029a6c50f800 JavaThread "Cache worker for checksums cache (C:\Users\felip\AndroidStudioProjects\TheMovieApp\.gradle\checksums)" [_thread_blocked, id=4424, stack(0x000000a0c8c00000,0x000000a0c8d00000)]
  0x0000029a6c511000 JavaThread "Cache worker for cache directory md-supplier (C:\Users\felip\.gradle\caches\6.7.1\md-supplier)" [_thread_blocked, id=6992, stack(0x000000a0c8d00000,0x000000a0c8e00000)]
  0x0000029a6c512000 JavaThread "Cache worker for cache directory md-rule (C:\Users\felip\.gradle\caches\6.7.1\md-rule)" [_thread_blocked, id=6100, stack(0x000000a0c8e00000,0x000000a0c8f00000)]
  0x0000029a6c50e800 JavaThread "Cache worker for execution history cache (C:\Users\felip\.gradle\caches\6.7.1\executionHistory)" [_thread_blocked, id=5344, stack(0x000000a0c8f00000,0x000000a0c9000000)]
  0x0000029a6c50e000 JavaThread "Cache worker for file content cache (C:\Users\felip\.gradle\caches\6.7.1\fileContent)" [_thread_blocked, id=4948, stack(0x000000a0c9100000,0x000000a0c9200000)]
  0x0000029a6c513000 JavaThread "Cache worker for Build Output Cleanup Cache (C:\Users\felip\AndroidStudioProjects\TheMovieApp\.gradle\buildOutputCleanup)" [_thread_blocked, id=6172, stack(0x000000a0c9200000,0x000000a0c9300000)]
  0x0000029a6c50d000 JavaThread "Build operations" [_thread_in_native, id=6204, stack(0x000000a0c9300000,0x000000a0c9400000)]
  0x0000029a6c515000 JavaThread "Build operations Thread 2" [_thread_in_Java, id=5112, stack(0x000000a0c9400000,0x000000a0c9500000)]
  0x0000029a6d71c000 JavaThread "Memory manager" [_thread_blocked, id=6516, stack(0x000000a0d0800000,0x000000a0d0900000)]
  0x0000029a6d722800 JavaThread "build event listener" [_thread_blocked, id=3532, stack(0x000000a0d0900000,0x000000a0d0a00000)]
  0x0000029a6d723000 JavaThread "build event listener" [_thread_blocked, id=7008, stack(0x000000a0d0a00000,0x000000a0d0b00000)]
  0x0000029a6d726800 JavaThread "Execution worker for ':'" [_thread_blocked, id=5956, stack(0x000000a0d0b00000,0x000000a0d0c00000)]
  0x0000029a6d725000 JavaThread "Cache worker for execution history cache (C:\Users\felip\AndroidStudioProjects\TheMovieApp\.gradle\6.7.1\executionHistory)" [_thread_blocked, id=6884, stack(0x000000a0d0c00000,0x000000a0d0d00000)]
  0x0000029a6d724000 JavaThread "WorkerExecutor Queue" [_thread_blocked, id=6400, stack(0x000000a0d0d00000,0x000000a0d0e00000)]
  0x0000029a6e029000 JavaThread "WorkerExecutor Queue Thread 2" [_thread_blocked, id=5092, stack(0x000000a0c8600000,0x000000a0c8700000)]
  0x0000029a6e026000 JavaThread "pool-4-thread-1" [_thread_blocked, id=3268, stack(0x000000a0c9000000,0x000000a0c9100000)]
  0x0000029a6e027800 JavaThread "stderr" [_thread_in_native, id=6456, stack(0x000000a0c9500000,0x000000a0c9600000)]
  0x0000029a6e028000 JavaThread "stdout" [_thread_in_native, id=5624, stack(0x000000a0c9600000,0x000000a0c9700000)]

Other Threads:
  0x0000029a6a0af800 VMThread "VM Thread" [stack: 0x000000a0c7000000,0x000000a0c7100000] [id=2152]
  0x0000029a6abb0800 WatcherThread [stack: 0x000000a0c7a00000,0x000000a0c7b00000] [id=2536]
  0x0000029a4ebb8000 GCTaskThread "GC Thread#0" [stack: 0x000000a0c6b00000,0x000000a0c6c00000] [id=1136]
  0x0000029a6ad83000 GCTaskThread "GC Thread#1" [stack: 0x000000a0c7b00000,0x000000a0c7c00000] [id=1204]
  0x0000029a4ebea800 ConcurrentGCThread "G1 Main Marker" [stack: 0x000000a0c6c00000,0x000000a0c6d00000] [id=5560]
  0x0000029a4ebee000 ConcurrentGCThread "G1 Conc#0" [stack: 0x000000a0c6d00000,0x000000a0c6e00000] [id=1904]
  0x0000029a4ec3e800 ConcurrentGCThread "G1 Refine#0" [stack: 0x000000a0c6e00000,0x000000a0c6f00000] [id=1028]
  0x0000029a4ec3f800 ConcurrentGCThread "G1 Young RemSet Sampling" [stack: 0x000000a0c6f00000,0x000000a0c7000000] [id=416]

Threads with active compile tasks:
C2 CompilerThread0 177875 18174 %     4       com.android.tools.r8.ir.regalloc.a::a @ 1408 (4001 bytes)

VM state:not at safepoint (normal execution)

VM Mutex/Monitor currently owned by a thread: None

Heap address: 0x0000000080000000, size: 2048 MB, Compressed Oops mode: 32-bit
Narrow klass base: 0x0000000000000000, Narrow klass shift: 3
Compressed class space size: 1073741824 Address: 0x0000000100000000

Heap:
 garbage-first heap   total 245760K, used 172220K [0x0000000080000000, 0x0000000100000000)
  region size 1024K, 47 young (48128K), 8 survivors (8192K)
 Metaspace       used 109291K, capacity 111760K, committed 112128K, reserved 1146880K
  class space    used 13518K, capacity 14473K, committed 14592K, reserved 1048576K
Heap Regions: E=young(eden), S=young(survivor), O=old, HS=humongous(starts), HC=humongous(continues), CS=collection set, F=free, A=archive, TAMS=top-at-mark-start (previous, next)
|   0|0x0000000080000000, 0x0000000080100000, 0x0000000080100000|100%| O|  |TAMS 0x0000000080100000, 0x0000000080000000| Untracked 
|   1|0x0000000080100000, 0x0000000080200000, 0x0000000080200000|100%| O|  |TAMS 0x0000000080200000, 0x0000000080100000| Untracked 
|   2|0x0000000080200000, 0x0000000080300000, 0x0000000080300000|100%| O|  |TAMS 0x0000000080300000, 0x0000000080200000| Untracked 
|   3|0x0000000080300000, 0x0000000080400000, 0x0000000080400000|100%| O|  |TAMS 0x0000000080400000, 0x0000000080300000| Untracked 
|   4|0x0000000080400000, 0x0000000080500000, 0x0000000080500000|100%|HS|  |TAMS 0x0000000080500000, 0x0000000080400000| Complete 
|   5|0x0000000080500000, 0x0000000080600000, 0x0000000080600000|100%|HC|  |TAMS 0x0000000080600000, 0x0000000080500000| Complete 
|   6|0x0000000080600000, 0x0000000080700000, 0x0000000080700000|100%|HC|  |TAMS 0x0000000080700000, 0x0000000080600000| Complete 
|   7|0x0000000080700000, 0x0000000080800000, 0x0000000080800000|100%| O|  |TAMS 0x0000000080800000, 0x0000000080700000| Untracked 
|   8|0x0000000080800000, 0x0000000080900000, 0x0000000080900000|100%| O|  |TAMS 0x0000000080900000, 0x0000000080800000| Untracked 
|   9|0x0000000080900000, 0x0000000080a00000, 0x0000000080a00000|100%| O|  |TAMS 0x0000000080a00000, 0x0000000080900000| Untracked 
|  10|0x0000000080a00000, 0x0000000080b00000, 0x0000000080b00000|100%| O|  |TAMS 0x0000000080b00000, 0x0000000080a00000| Untracked 
|  11|0x0000000080b00000, 0x0000000080c00000, 0x0000000080c00000|100%| O|  |TAMS 0x0000000080c00000, 0x0000000080b00000| Untracked 
|  12|0x0000000080c00000, 0x0000000080d00000, 0x0000000080d00000|100%| O|  |TAMS 0x0000000080d00000, 0x0000000080c00000| Untracked 
|  13|0x0000000080d00000, 0x0000000080e00000, 0x0000000080e00000|100%| O|  |TAMS 0x0000000080e00000, 0x0000000080d00000| Untracked 
|  14|0x0000000080e00000, 0x0000000080f00000, 0x0000000080f00000|100%| O|  |TAMS 0x0000000080f00000, 0x0000000080e00000| Untracked 
|  15|0x0000000080f00000, 0x0000000081000000, 0x0000000081000000|100%| O|  |TAMS 0x0000000081000000, 0x0000000080f00000| Untracked 
|  16|0x0000000081000000, 0x0000000081100000, 0x0000000081100000|100%| O|  |TAMS 0x0000000081100000, 0x0000000081000000| Untracked 
|  17|0x0000000081100000, 0x0000000081200000, 0x0000000081200000|100%| O|  |TAMS 0x0000000081200000, 0x0000000081100000| Untracked 
|  18|0x0000000081200000, 0x0000000081300000, 0x0000000081300000|100%| O|  |TAMS 0x0000000081300000, 0x0000000081200000| Untracked 
|  19|0x0000000081300000, 0x0000000081400000, 0x0000000081400000|100%| O|  |TAMS 0x0000000081400000, 0x0000000081300000| Untracked 
|  20|0x0000000081400000, 0x0000000081500000, 0x0000000081500000|100%| O|  |TAMS 0x0000000081500000, 0x0000000081400000| Untracked 
|  21|0x0000000081500000, 0x0000000081600000, 0x0000000081600000|100%| O|  |TAMS 0x0000000081600000, 0x0000000081500000| Untracked 
|  22|0x0000000081600000, 0x0000000081700000, 0x0000000081700000|100%| O|  |TAMS 0x0000000081700000, 0x0000000081600000| Untracked 
|  23|0x0000000081700000, 0x0000000081800000, 0x0000000081800000|100%| O|  |TAMS 0x0000000081800000, 0x0000000081700000| Untracked 
|  24|0x0000000081800000, 0x0000000081900000, 0x0000000081900000|100%| O|  |TAMS 0x0000000081900000, 0x0000000081800000| Untracked 
|  25|0x0000000081900000, 0x0000000081a00000, 0x0000000081a00000|100%| O|  |TAMS 0x0000000081a00000, 0x0000000081900000| Untracked 
|  26|0x0000000081a00000, 0x0000000081b00000, 0x0000000081b00000|100%|HS|  |TAMS 0x0000000081b00000, 0x0000000081a00000| Complete 
|  27|0x0000000081b00000, 0x0000000081c00000, 0x0000000081c00000|100%|HS|  |TAMS 0x0000000081c00000, 0x0000000081b00000| Complete 
|  28|0x0000000081c00000, 0x0000000081d00000, 0x0000000081d00000|100%|HC|  |TAMS 0x0000000081d00000, 0x0000000081c00000| Complete 
|  29|0x0000000081d00000, 0x0000000081e00000, 0x0000000081e00000|100%|HC|  |TAMS 0x0000000081e00000, 0x0000000081d00000| Complete 
|  30|0x0000000081e00000, 0x0000000081f00000, 0x0000000081f00000|100%|HS|  |TAMS 0x0000000081f00000, 0x0000000081e00000| Complete 
|  31|0x0000000081f00000, 0x0000000082000000, 0x0000000082000000|100%|HC|  |TAMS 0x0000000082000000, 0x0000000081f00000| Complete 
|  32|0x0000000082000000, 0x0000000082100000, 0x0000000082100000|100%| O|  |TAMS 0x0000000082100000, 0x0000000082000000| Untracked 
|  33|0x0000000082100000, 0x0000000082200000, 0x0000000082200000|100%| O|  |TAMS 0x0000000082200000, 0x0000000082100000| Untracked 
|  34|0x0000000082200000, 0x0000000082300000, 0x0000000082300000|100%| O|  |TAMS 0x0000000082300000, 0x0000000082200000| Untracked 
|  35|0x0000000082300000, 0x0000000082400000, 0x0000000082400000|100%| O|  |TAMS 0x0000000082400000, 0x0000000082300000| Untracked 
|  36|0x0000000082400000, 0x0000000082500000, 0x0000000082500000|100%| O|  |TAMS 0x0000000082500000, 0x0000000082400000| Untracked 
|  37|0x0000000082500000, 0x0000000082600000, 0x0000000082600000|100%| O|  |TAMS 0x0000000082500000, 0x0000000082500000| Untracked 
|  38|0x0000000082600000, 0x0000000082700000, 0x0000000082700000|100%| O|  |TAMS 0x0000000082600000, 0x0000000082600000| Untracked 
|  39|0x0000000082700000, 0x0000000082700000, 0x0000000082800000|  0%| F|  |TAMS 0x0000000082700000, 0x0000000082700000| Untracked 
|  40|0x0000000082800000, 0x0000000082900000, 0x0000000082900000|100%| O|  |TAMS 0x0000000082900000, 0x0000000082800000| Untracked 
|  41|0x0000000082900000, 0x0000000082a00000, 0x0000000082a00000|100%| O|  |TAMS 0x0000000082a00000, 0x0000000082900000| Untracked 
|  42|0x0000000082a00000, 0x0000000082b00000, 0x0000000082b00000|100%| O|  |TAMS 0x0000000082b00000, 0x0000000082a00000| Untracked 
|  43|0x0000000082b00000, 0x0000000082c00000, 0x0000000082c00000|100%| O|  |TAMS 0x0000000082c00000, 0x0000000082b00000| Untracked 
|  44|0x0000000082c00000, 0x0000000082d00000, 0x0000000082d00000|100%| O|  |TAMS 0x0000000082d00000, 0x0000000082c00000| Untracked 
|  45|0x0000000082d00000, 0x0000000082e00000, 0x0000000082e00000|100%| O|  |TAMS 0x0000000082e00000, 0x0000000082d00000| Untracked 
|  46|0x0000000082e00000, 0x0000000082f00000, 0x0000000082f00000|100%| O|  |TAMS 0x0000000082f00000, 0x0000000082e00000| Untracked 
|  47|0x0000000082f00000, 0x0000000083000000, 0x0000000083000000|100%| O|  |TAMS 0x0000000083000000, 0x0000000082f00000| Untracked 
|  48|0x0000000083000000, 0x0000000083100000, 0x0000000083100000|100%| O|  |TAMS 0x0000000083100000, 0x0000000083000000| Untracked 
|  49|0x0000000083100000, 0x0000000083200000, 0x0000000083200000|100%| O|  |TAMS 0x0000000083200000, 0x0000000083100000| Untracked 
|  50|0x0000000083200000, 0x0000000083300000, 0x0000000083300000|100%| O|  |TAMS 0x0000000083200000, 0x0000000083200000| Untracked 
|  51|0x0000000083300000, 0x0000000083400000, 0x0000000083400000|100%| O|  |TAMS 0x0000000083400000, 0x0000000083300000| Untracked 
|  52|0x0000000083400000, 0x0000000083500000, 0x0000000083500000|100%| O|  |TAMS 0x0000000083500000, 0x0000000083400000| Untracked 
|  53|0x0000000083500000, 0x0000000083600000, 0x0000000083600000|100%| O|  |TAMS 0x0000000083600000, 0x0000000083500000| Untracked 
|  54|0x0000000083600000, 0x0000000083700000, 0x0000000083700000|100%| O|  |TAMS 0x0000000083700000, 0x0000000083600000| Untracked 
|  55|0x0000000083700000, 0x0000000083800000, 0x0000000083800000|100%| O|  |TAMS 0x0000000083800000, 0x0000000083700000| Untracked 
|  56|0x0000000083800000, 0x0000000083900000, 0x0000000083900000|100%| O|  |TAMS 0x0000000083900000, 0x0000000083800000| Untracked 
|  57|0x0000000083900000, 0x0000000083a00000, 0x0000000083a00000|100%| O|  |TAMS 0x0000000083a00000, 0x0000000083900000| Untracked 
|  58|0x0000000083a00000, 0x0000000083b00000, 0x0000000083b00000|100%| O|  |TAMS 0x0000000083b00000, 0x0000000083a00000| Untracked 
|  59|0x0000000083b00000, 0x0000000083c00000, 0x0000000083c00000|100%| O|  |TAMS 0x0000000083c00000, 0x0000000083b00000| Untracked 
|  60|0x0000000083c00000, 0x0000000083d00000, 0x0000000083d00000|100%| O|  |TAMS 0x0000000083d00000, 0x0000000083c00000| Untracked 
|  61|0x0000000083d00000, 0x0000000083e00000, 0x0000000083e00000|100%| O|  |TAMS 0x0000000083e00000, 0x0000000083d00000| Untracked 
|  62|0x0000000083e00000, 0x0000000083f00000, 0x0000000083f00000|100%| O|  |TAMS 0x0000000083f00000, 0x0000000083e00000| Untracked 
|  63|0x0000000083f00000, 0x0000000084000000, 0x0000000084000000|100%| O|  |TAMS 0x0000000084000000, 0x0000000083f00000| Untracked 
|  64|0x0000000084000000, 0x0000000084100000, 0x0000000084100000|100%| O|  |TAMS 0x0000000084100000, 0x0000000084000000| Untracked 
|  65|0x0000000084100000, 0x0000000084200000, 0x0000000084200000|100%| O|  |TAMS 0x0000000084100000, 0x0000000084100000| Untracked 
|  66|0x0000000084200000, 0x0000000084300000, 0x0000000084300000|100%| O|  |TAMS 0x0000000084300000, 0x0000000084200000| Untracked 
|  67|0x0000000084300000, 0x0000000084400000, 0x0000000084400000|100%| O|  |TAMS 0x0000000084400000, 0x0000000084300000| Untracked 
|  68|0x0000000084400000, 0x0000000084500000, 0x0000000084500000|100%| O|  |TAMS 0x0000000084500000, 0x0000000084400000| Untracked 
|  69|0x0000000084500000, 0x0000000084600000, 0x0000000084600000|100%| O|  |TAMS 0x0000000084600000, 0x0000000084500000| Untracked 
|  70|0x0000000084600000, 0x000000008462f200, 0x0000000084700000| 18%| O|  |TAMS 0x0000000084600000, 0x0000000084600000| Untracked 
|  71|0x0000000084700000, 0x0000000084700000, 0x0000000084800000|  0%| F|  |TAMS 0x0000000084700000, 0x0000000084700000| Untracked 
|  72|0x0000000084800000, 0x0000000084900000, 0x0000000084900000|100%| O|  |TAMS 0x0000000084900000, 0x0000000084800000| Untracked 
|  73|0x0000000084900000, 0x0000000084a00000, 0x0000000084a00000|100%| O|  |TAMS 0x0000000084a00000, 0x0000000084900000| Untracked 
|  74|0x0000000084a00000, 0x0000000084a00000, 0x0000000084b00000|  0%| F|  |TAMS 0x0000000084a00000, 0x0000000084a00000| Untracked 
|  75|0x0000000084b00000, 0x0000000084c00000, 0x0000000084c00000|100%| O|  |TAMS 0x0000000084c00000, 0x0000000084b00000| Untracked 
|  76|0x0000000084c00000, 0x0000000084d00000, 0x0000000084d00000|100%| O|  |TAMS 0x0000000084d00000, 0x0000000084c00000| Untracked 
|  77|0x0000000084d00000, 0x0000000084e00000, 0x0000000084e00000|100%| O|  |TAMS 0x0000000084e00000, 0x0000000084d00000| Untracked 
|  78|0x0000000084e00000, 0x0000000084f00000, 0x0000000084f00000|100%| O|  |TAMS 0x0000000084f00000, 0x0000000084e00000| Untracked 
|  79|0x0000000084f00000, 0x0000000085000000, 0x0000000085000000|100%| O|  |TAMS 0x0000000085000000, 0x0000000084f00000| Untracked 
|  80|0x0000000085000000, 0x0000000085100000, 0x0000000085100000|100%| O|  |TAMS 0x0000000085100000, 0x0000000085000000| Untracked 
|  81|0x0000000085100000, 0x0000000085100000, 0x0000000085200000|  0%| F|  |TAMS 0x0000000085100000, 0x0000000085100000| Untracked 
|  82|0x0000000085200000, 0x0000000085300000, 0x0000000085300000|100%| O|  |TAMS 0x0000000085300000, 0x0000000085200000| Untracked 
|  83|0x0000000085300000, 0x0000000085400000, 0x0000000085400000|100%| O|  |TAMS 0x0000000085400000, 0x0000000085300000| Untracked 
|  84|0x0000000085400000, 0x0000000085500000, 0x0000000085500000|100%| O|  |TAMS 0x0000000085500000, 0x0000000085400000| Untracked 
|  85|0x0000000085500000, 0x0000000085600000, 0x0000000085600000|100%| O|  |TAMS 0x0000000085600000, 0x0000000085500000| Untracked 
|  86|0x0000000085600000, 0x0000000085700000, 0x0000000085700000|100%| O|  |TAMS 0x0000000085700000, 0x0000000085600000| Untracked 
|  87|0x0000000085700000, 0x0000000085800000, 0x0000000085800000|100%| O|  |TAMS 0x0000000085800000, 0x0000000085700000| Untracked 
|  88|0x0000000085800000, 0x0000000085800000, 0x0000000085900000|  0%| F|  |TAMS 0x0000000085800000, 0x0000000085800000| Untracked 
|  89|0x0000000085900000, 0x0000000085a00000, 0x0000000085a00000|100%| O|  |TAMS 0x0000000085a00000, 0x0000000085900000| Untracked 
|  90|0x0000000085a00000, 0x0000000085b00000, 0x0000000085b00000|100%| O|  |TAMS 0x0000000085b00000, 0x0000000085a00000| Untracked 
|  91|0x0000000085b00000, 0x0000000085b00000, 0x0000000085c00000|  0%| F|  |TAMS 0x0000000085b00000, 0x0000000085b00000| Untracked 
|  92|0x0000000085c00000, 0x0000000085d00000, 0x0000000085d00000|100%| O|  |TAMS 0x0000000085d00000, 0x0000000085c00000| Untracked 
|  93|0x0000000085d00000, 0x0000000085d00000, 0x0000000085e00000|  0%| F|  |TAMS 0x0000000085d00000, 0x0000000085d00000| Untracked 
|  94|0x0000000085e00000, 0x0000000085e00000, 0x0000000085f00000|  0%| F|  |TAMS 0x0000000085e00000, 0x0000000085e00000| Untracked 
|  95|0x0000000085f00000, 0x0000000086000000, 0x0000000086000000|100%| O|  |TAMS 0x0000000086000000, 0x0000000085f00000| Untracked 
|  96|0x0000000086000000, 0x0000000086000000, 0x0000000086100000|  0%| F|  |TAMS 0x0000000086000000, 0x0000000086000000| Untracked 
|  97|0x0000000086100000, 0x0000000086200000, 0x0000000086200000|100%| O|  |TAMS 0x0000000086200000, 0x0000000086100000| Untracked 
|  98|0x0000000086200000, 0x0000000086200000, 0x0000000086300000|  0%| F|  |TAMS 0x0000000086200000, 0x0000000086200000| Untracked 
|  99|0x0000000086300000, 0x0000000086300000, 0x0000000086400000|  0%| F|  |TAMS 0x0000000086300000, 0x0000000086300000| Untracked 
| 100|0x0000000086400000, 0x0000000086400000, 0x0000000086500000|  0%| F|  |TAMS 0x0000000086400000, 0x0000000086400000| Untracked 
| 101|0x0000000086500000, 0x0000000086500000, 0x0000000086600000|  0%| F|  |TAMS 0x0000000086500000, 0x0000000086500000| Untracked 
| 102|0x0000000086600000, 0x0000000086600000, 0x0000000086700000|  0%| F|  |TAMS 0x0000000086600000, 0x0000000086600000| Untracked 
| 103|0x0000000086700000, 0x0000000086700000, 0x0000000086800000|  0%| F|  |TAMS 0x0000000086700000, 0x0000000086700000| Untracked 
| 104|0x0000000086800000, 0x0000000086800000, 0x0000000086900000|  0%| F|  |TAMS 0x0000000086800000, 0x0000000086800000| Untracked 
| 105|0x0000000086900000, 0x0000000086900000, 0x0000000086a00000|  0%| F|  |TAMS 0x0000000086900000, 0x0000000086900000| Untracked 
| 106|0x0000000086a00000, 0x0000000086b00000, 0x0000000086b00000|100%| O|  |TAMS 0x0000000086b00000, 0x0000000086a00000| Untracked 
| 107|0x0000000086b00000, 0x0000000086b00000, 0x0000000086c00000|  0%| F|  |TAMS 0x0000000086b00000, 0x0000000086b00000| Untracked 
| 108|0x0000000086c00000, 0x0000000086d00000, 0x0000000086d00000|100%|HS|  |TAMS 0x0000000086d00000, 0x0000000086c00000| Complete 
| 109|0x0000000086d00000, 0x0000000086e00000, 0x0000000086e00000|100%|HC|  |TAMS 0x0000000086e00000, 0x0000000086d00000| Complete 
| 110|0x0000000086e00000, 0x0000000086e00000, 0x0000000086f00000|  0%| F|  |TAMS 0x0000000086e00000, 0x0000000086e00000| Untracked 
| 111|0x0000000086f00000, 0x0000000087000000, 0x0000000087000000|100%| O|  |TAMS 0x0000000087000000, 0x0000000086f00000| Untracked 
| 112|0x0000000087000000, 0x0000000087100000, 0x0000000087100000|100%| O|  |TAMS 0x0000000087100000, 0x0000000087000000| Untracked 
| 113|0x0000000087100000, 0x0000000087200000, 0x0000000087200000|100%| O|  |TAMS 0x0000000087200000, 0x0000000087100000| Untracked 
| 114|0x0000000087200000, 0x0000000087300000, 0x0000000087300000|100%| O|  |TAMS 0x0000000087300000, 0x0000000087200000| Untracked 
| 115|0x0000000087300000, 0x0000000087400000, 0x0000000087400000|100%| O|  |TAMS 0x0000000087400000, 0x0000000087300000| Untracked 
| 116|0x0000000087400000, 0x0000000087400000, 0x0000000087500000|  0%| F|  |TAMS 0x0000000087400000, 0x0000000087400000| Untracked 
| 117|0x0000000087500000, 0x0000000087600000, 0x0000000087600000|100%| O|  |TAMS 0x0000000087600000, 0x0000000087500000| Untracked 
| 118|0x0000000087600000, 0x0000000087700000, 0x0000000087700000|100%| O|  |TAMS 0x0000000087700000, 0x0000000087600000| Untracked 
| 119|0x0000000087700000, 0x0000000087800000, 0x0000000087800000|100%| O|  |TAMS 0x0000000087800000, 0x0000000087700000| Untracked 
| 120|0x0000000087800000, 0x0000000087900000, 0x0000000087900000|100%| O|  |TAMS 0x0000000087900000, 0x0000000087800000| Untracked 
| 121|0x0000000087900000, 0x0000000087a00000, 0x0000000087a00000|100%| O|  |TAMS 0x0000000087a00000, 0x0000000087900000| Untracked 
| 122|0x0000000087a00000, 0x0000000087a00000, 0x0000000087b00000|  0%| F|  |TAMS 0x0000000087a00000, 0x0000000087a00000| Untracked 
| 123|0x0000000087b00000, 0x0000000087c00000, 0x0000000087c00000|100%| O|  |TAMS 0x0000000087c00000, 0x0000000087b00000| Untracked 
| 124|0x0000000087c00000, 0x0000000087d00000, 0x0000000087d00000|100%| O|  |TAMS 0x0000000087d00000, 0x0000000087c00000| Untracked 
| 125|0x0000000087d00000, 0x0000000087e00000, 0x0000000087e00000|100%| O|  |TAMS 0x0000000087e00000, 0x0000000087d00000| Untracked 
| 126|0x0000000087e00000, 0x0000000087f00000, 0x0000000087f00000|100%| O|  |TAMS 0x0000000087f00000, 0x0000000087e00000| Untracked 
| 127|0x0000000087f00000, 0x0000000088000000, 0x0000000088000000|100%| O|  |TAMS 0x0000000088000000, 0x0000000087f00000| Untracked 
| 128|0x0000000088000000, 0x0000000088100000, 0x0000000088100000|100%| O|  |TAMS 0x0000000088100000, 0x0000000088000000| Untracked 
| 129|0x0000000088100000, 0x0000000088200000, 0x0000000088200000|100%| O|  |TAMS 0x0000000088200000, 0x0000000088100000| Untracked 
| 130|0x0000000088200000, 0x0000000088300000, 0x0000000088300000|100%| O|  |TAMS 0x0000000088300000, 0x0000000088200000| Untracked 
| 131|0x0000000088300000, 0x0000000088400000, 0x0000000088400000|100%| O|  |TAMS 0x0000000088400000, 0x0000000088300000| Untracked 
| 132|0x0000000088400000, 0x0000000088500000, 0x0000000088500000|100%| O|  |TAMS 0x0000000088500000, 0x0000000088400000| Untracked 
| 133|0x0000000088500000, 0x0000000088500000, 0x0000000088600000|  0%| F|  |TAMS 0x0000000088500000, 0x0000000088500000| Untracked 
| 134|0x0000000088600000, 0x0000000088700000, 0x0000000088700000|100%| O|  |TAMS 0x0000000088700000, 0x0000000088600000| Untracked 
| 135|0x0000000088700000, 0x0000000088800000, 0x0000000088800000|100%| O|  |TAMS 0x0000000088800000, 0x0000000088700000| Untracked 
| 136|0x0000000088800000, 0x0000000088900000, 0x0000000088900000|100%| O|  |TAMS 0x0000000088900000, 0x0000000088800000| Untracked 
| 137|0x0000000088900000, 0x0000000088a00000, 0x0000000088a00000|100%| O|  |TAMS 0x00000000889f0600, 0x0000000088900000| Untracked 
| 138|0x0000000088a00000, 0x0000000088b00000, 0x0000000088b00000|100%| O|  |TAMS 0x0000000088a00000, 0x0000000088a00000| Untracked 
| 139|0x0000000088b00000, 0x0000000088c00000, 0x0000000088c00000|100%| O|  |TAMS 0x0000000088b00000, 0x0000000088b00000| Untracked 
| 140|0x0000000088c00000, 0x0000000088d00000, 0x0000000088d00000|100%| O|  |TAMS 0x0000000088c00000, 0x0000000088c00000| Untracked 
| 141|0x0000000088d00000, 0x0000000088e00000, 0x0000000088e00000|100%| O|  |TAMS 0x0000000088d00000, 0x0000000088d00000| Untracked 
| 142|0x0000000088e00000, 0x0000000088f00000, 0x0000000088f00000|100%| O|  |TAMS 0x0000000088e00000, 0x0000000088e00000| Untracked 
| 143|0x0000000088f00000, 0x0000000089000000, 0x0000000089000000|100%| O|  |TAMS 0x0000000088f00000, 0x0000000088f00000| Untracked 
| 144|0x0000000089000000, 0x0000000089100000, 0x0000000089100000|100%| O|  |TAMS 0x0000000089000000, 0x0000000089000000| Untracked 
| 145|0x0000000089100000, 0x0000000089100000, 0x0000000089200000|  0%| F|  |TAMS 0x0000000089100000, 0x0000000089100000| Untracked 
| 146|0x0000000089200000, 0x0000000089200000, 0x0000000089300000|  0%| F|  |TAMS 0x0000000089200000, 0x0000000089200000| Untracked 
| 147|0x0000000089300000, 0x0000000089300000, 0x0000000089400000|  0%| F|  |TAMS 0x0000000089300000, 0x0000000089300000| Untracked 
| 148|0x0000000089400000, 0x0000000089400000, 0x0000000089500000|  0%| F|  |TAMS 0x0000000089400000, 0x0000000089400000| Untracked 
| 149|0x0000000089500000, 0x0000000089500000, 0x0000000089600000|  0%| F|  |TAMS 0x0000000089500000, 0x0000000089500000| Untracked 
| 150|0x0000000089600000, 0x0000000089600000, 0x0000000089700000|  0%| F|  |TAMS 0x0000000089600000, 0x0000000089600000| Untracked 
| 151|0x0000000089700000, 0x0000000089700000, 0x0000000089800000|  0%| F|  |TAMS 0x0000000089700000, 0x0000000089700000| Untracked 
| 152|0x0000000089800000, 0x0000000089800000, 0x0000000089900000|  0%| F|  |TAMS 0x0000000089800000, 0x0000000089800000| Untracked 
| 153|0x0000000089900000, 0x0000000089900000, 0x0000000089a00000|  0%| F|  |TAMS 0x0000000089900000, 0x0000000089900000| Untracked 
| 154|0x0000000089a00000, 0x0000000089a00000, 0x0000000089b00000|  0%| F|  |TAMS 0x0000000089a00000, 0x0000000089a00000| Untracked 
| 155|0x0000000089b00000, 0x0000000089b00000, 0x0000000089c00000|  0%| F|  |TAMS 0x0000000089b00000, 0x0000000089b00000| Untracked 
| 156|0x0000000089c00000, 0x0000000089c00000, 0x0000000089d00000|  0%| F|  |TAMS 0x0000000089c00000, 0x0000000089c00000| Untracked 
| 157|0x0000000089d00000, 0x0000000089d00000, 0x0000000089e00000|  0%| F|  |TAMS 0x0000000089d00000, 0x0000000089d00000| Untracked 
| 158|0x0000000089e00000, 0x0000000089e00000, 0x0000000089f00000|  0%| F|  |TAMS 0x0000000089e00000, 0x0000000089e00000| Untracked 
| 159|0x0000000089f00000, 0x0000000089f00000, 0x000000008a000000|  0%| F|  |TAMS 0x0000000089f00000, 0x0000000089f00000| Untracked 
| 160|0x000000008a000000, 0x000000008a000000, 0x000000008a100000|  0%| F|  |TAMS 0x000000008a000000, 0x000000008a000000| Untracked 
| 161|0x000000008a100000, 0x000000008a100000, 0x000000008a200000|  0%| F|  |TAMS 0x000000008a100000, 0x000000008a100000| Untracked 
| 162|0x000000008a200000, 0x000000008a200000, 0x000000008a300000|  0%| F|  |TAMS 0x000000008a200000, 0x000000008a200000| Untracked 
| 163|0x000000008a300000, 0x000000008a300000, 0x000000008a400000|  0%| F|  |TAMS 0x000000008a300000, 0x000000008a300000| Untracked 
| 164|0x000000008a400000, 0x000000008a400000, 0x000000008a500000|  0%| F|  |TAMS 0x000000008a400000, 0x000000008a400000| Untracked 
| 165|0x000000008a500000, 0x000000008a500000, 0x000000008a600000|  0%| F|  |TAMS 0x000000008a500000, 0x000000008a500000| Untracked 
| 166|0x000000008a600000, 0x000000008a600000, 0x000000008a700000|  0%| F|  |TAMS 0x000000008a600000, 0x000000008a600000| Untracked 
| 167|0x000000008a700000, 0x000000008a700000, 0x000000008a800000|  0%| F|  |TAMS 0x000000008a700000, 0x000000008a700000| Untracked 
| 168|0x000000008a800000, 0x000000008a900000, 0x000000008a900000|100%| S|CS|TAMS 0x000000008a800000, 0x000000008a800000| Complete 
| 169|0x000000008a900000, 0x000000008aa00000, 0x000000008aa00000|100%| S|CS|TAMS 0x000000008a900000, 0x000000008a900000| Complete 
| 170|0x000000008aa00000, 0x000000008ab00000, 0x000000008ab00000|100%| S|CS|TAMS 0x000000008aa00000, 0x000000008aa00000| Complete 
| 171|0x000000008ab00000, 0x000000008ac00000, 0x000000008ac00000|100%| S|CS|TAMS 0x000000008ab00000, 0x000000008ab00000| Complete 
| 172|0x000000008ac00000, 0x000000008ad00000, 0x000000008ad00000|100%| S|CS|TAMS 0x000000008ac00000, 0x000000008ac00000| Complete 
| 173|0x000000008ad00000, 0x000000008ae00000, 0x000000008ae00000|100%| S|CS|TAMS 0x000000008ad00000, 0x000000008ad00000| Complete 
| 174|0x000000008ae00000, 0x000000008ae00000, 0x000000008af00000|  0%| F|  |TAMS 0x000000008ae00000, 0x000000008ae00000| Untracked 
| 175|0x000000008af00000, 0x000000008af00000, 0x000000008b000000|  0%| F|  |TAMS 0x000000008af00000, 0x000000008af00000| Untracked 
| 176|0x000000008b000000, 0x000000008b000000, 0x000000008b100000|  0%| F|  |TAMS 0x000000008b000000, 0x000000008b000000| Untracked 
| 177|0x000000008b100000, 0x000000008b100000, 0x000000008b200000|  0%| F|  |TAMS 0x000000008b100000, 0x000000008b100000| Untracked 
| 178|0x000000008b200000, 0x000000008b300000, 0x000000008b300000|100%| S|CS|TAMS 0x000000008b200000, 0x000000008b200000| Complete 
| 179|0x000000008b300000, 0x000000008b400000, 0x000000008b400000|100%| S|CS|TAMS 0x000000008b300000, 0x000000008b300000| Complete 
| 180|0x000000008b400000, 0x000000008b400000, 0x000000008b500000|  0%| F|  |TAMS 0x000000008b400000, 0x000000008b400000| Untracked 
| 181|0x000000008b500000, 0x000000008b500000, 0x000000008b600000|  0%| F|  |TAMS 0x000000008b500000, 0x000000008b500000| Untracked 
| 182|0x000000008b600000, 0x000000008b600000, 0x000000008b700000|  0%| F|  |TAMS 0x000000008b600000, 0x000000008b600000| Untracked 
| 183|0x000000008b700000, 0x000000008b700000, 0x000000008b800000|  0%| F|  |TAMS 0x000000008b700000, 0x000000008b700000| Untracked 
| 184|0x000000008b800000, 0x000000008b800000, 0x000000008b900000|  0%| F|  |TAMS 0x000000008b800000, 0x000000008b800000| Untracked 
| 185|0x000000008b900000, 0x000000008b900000, 0x000000008ba00000|  0%| F|  |TAMS 0x000000008b900000, 0x000000008b900000| Untracked 
| 186|0x000000008ba00000, 0x000000008ba00000, 0x000000008bb00000|  0%| F|  |TAMS 0x000000008ba00000, 0x000000008ba00000| Untracked 
| 187|0x000000008bb00000, 0x000000008bb00000, 0x000000008bc00000|  0%| F|  |TAMS 0x000000008bb00000, 0x000000008bb00000| Untracked 
| 188|0x000000008bc00000, 0x000000008bc00000, 0x000000008bd00000|  0%| F|  |TAMS 0x000000008bc00000, 0x000000008bc00000| Untracked 
| 189|0x000000008bd00000, 0x000000008bd00000, 0x000000008be00000|  0%| F|  |TAMS 0x000000008bd00000, 0x000000008bd00000| Untracked 
| 190|0x000000008be00000, 0x000000008be00000, 0x000000008bf00000|  0%| F|  |TAMS 0x000000008be00000, 0x000000008be00000| Untracked 
| 191|0x000000008bf00000, 0x000000008bf00000, 0x000000008c000000|  0%| F|  |TAMS 0x000000008bf00000, 0x000000008bf00000| Untracked 
| 192|0x000000008c000000, 0x000000008c000000, 0x000000008c100000|  0%| F|  |TAMS 0x000000008c000000, 0x000000008c000000| Untracked 
| 193|0x000000008c100000, 0x000000008c100000, 0x000000008c200000|  0%| F|  |TAMS 0x000000008c100000, 0x000000008c100000| Untracked 
| 194|0x000000008c200000, 0x000000008c200000, 0x000000008c300000|  0%| F|  |TAMS 0x000000008c200000, 0x000000008c200000| Untracked 
| 195|0x000000008c300000, 0x000000008c300000, 0x000000008c400000|  0%| F|  |TAMS 0x000000008c300000, 0x000000008c300000| Untracked 
| 196|0x000000008c400000, 0x000000008c400000, 0x000000008c500000|  0%| F|  |TAMS 0x000000008c400000, 0x000000008c400000| Untracked 
| 197|0x000000008c500000, 0x000000008c500000, 0x000000008c600000|  0%| F|  |TAMS 0x000000008c500000, 0x000000008c500000| Untracked 
| 198|0x000000008c600000, 0x000000008c600000, 0x000000008c700000|  0%| F|  |TAMS 0x000000008c600000, 0x000000008c600000| Untracked 
| 199|0x000000008c700000, 0x000000008c700000, 0x000000008c800000|  0%| F|  |TAMS 0x000000008c700000, 0x000000008c700000| Untracked 
| 200|0x000000008c800000, 0x000000008c880800, 0x000000008c900000| 50%| E|  |TAMS 0x000000008c800000, 0x000000008c800000| Complete 
| 201|0x000000008c900000, 0x000000008ca00000, 0x000000008ca00000|100%| E|CS|TAMS 0x000000008c900000, 0x000000008c900000| Complete 
| 202|0x000000008ca00000, 0x000000008cb00000, 0x000000008cb00000|100%| E|CS|TAMS 0x000000008ca00000, 0x000000008ca00000| Complete 
| 203|0x000000008cb00000, 0x000000008cc00000, 0x000000008cc00000|100%| E|CS|TAMS 0x000000008cb00000, 0x000000008cb00000| Complete 
| 204|0x000000008cc00000, 0x000000008cd00000, 0x000000008cd00000|100%| E|CS|TAMS 0x000000008cc00000, 0x000000008cc00000| Complete 
| 205|0x000000008cd00000, 0x000000008ce00000, 0x000000008ce00000|100%| E|CS|TAMS 0x000000008cd00000, 0x000000008cd00000| Complete 
| 206|0x000000008ce00000, 0x000000008cf00000, 0x000000008cf00000|100%| E|CS|TAMS 0x000000008ce00000, 0x000000008ce00000| Complete 
| 207|0x000000008cf00000, 0x000000008d000000, 0x000000008d000000|100%| E|CS|TAMS 0x000000008cf00000, 0x000000008cf00000| Complete 
| 208|0x000000008d000000, 0x000000008d100000, 0x000000008d100000|100%| E|CS|TAMS 0x000000008d000000, 0x000000008d000000| Complete 
| 209|0x000000008d100000, 0x000000008d200000, 0x000000008d200000|100%| E|CS|TAMS 0x000000008d100000, 0x000000008d100000| Complete 
| 210|0x000000008d200000, 0x000000008d300000, 0x000000008d300000|100%| E|CS|TAMS 0x000000008d200000, 0x000000008d200000| Complete 
| 211|0x000000008d300000, 0x000000008d400000, 0x000000008d400000|100%| E|CS|TAMS 0x000000008d300000, 0x000000008d300000| Complete 
| 212|0x000000008d400000, 0x000000008d500000, 0x000000008d500000|100%| E|CS|TAMS 0x000000008d400000, 0x000000008d400000| Complete 
| 213|0x000000008d500000, 0x000000008d600000, 0x000000008d600000|100%| E|CS|TAMS 0x000000008d500000, 0x000000008d500000| Complete 
| 214|0x000000008d600000, 0x000000008d700000, 0x000000008d700000|100%| E|CS|TAMS 0x000000008d600000, 0x000000008d600000| Complete 
| 215|0x000000008d700000, 0x000000008d800000, 0x000000008d800000|100%| E|CS|TAMS 0x000000008d700000, 0x000000008d700000| Complete 
| 216|0x000000008d800000, 0x000000008d900000, 0x000000008d900000|100%| E|CS|TAMS 0x000000008d800000, 0x000000008d800000| Complete 
| 217|0x000000008d900000, 0x000000008da00000, 0x000000008da00000|100%| E|CS|TAMS 0x000000008d900000, 0x000000008d900000| Complete 
| 218|0x000000008da00000, 0x000000008db00000, 0x000000008db00000|100%| E|CS|TAMS 0x000000008da00000, 0x000000008da00000| Complete 
| 219|0x000000008db00000, 0x000000008dc00000, 0x000000008dc00000|100%| E|CS|TAMS 0x000000008db00000, 0x000000008db00000| Complete 
| 220|0x000000008dc00000, 0x000000008dd00000, 0x000000008dd00000|100%| E|CS|TAMS 0x000000008dc00000, 0x000000008dc00000| Complete 
| 221|0x000000008dd00000, 0x000000008de00000, 0x000000008de00000|100%| E|CS|TAMS 0x000000008dd00000, 0x000000008dd00000| Complete 
| 222|0x000000008de00000, 0x000000008df00000, 0x000000008df00000|100%| E|CS|TAMS 0x000000008de00000, 0x000000008de00000| Complete 
| 223|0x000000008df00000, 0x000000008e000000, 0x000000008e000000|100%| E|CS|TAMS 0x000000008df00000, 0x000000008df00000| Complete 
| 224|0x000000008e000000, 0x000000008e100000, 0x000000008e100000|100%| E|CS|TAMS 0x000000008e000000, 0x000000008e000000| Complete 
| 225|0x000000008e100000, 0x000000008e200000, 0x000000008e200000|100%| E|CS|TAMS 0x000000008e100000, 0x000000008e100000| Complete 
| 226|0x000000008e200000, 0x000000008e300000, 0x000000008e300000|100%| E|CS|TAMS 0x000000008e200000, 0x000000008e200000| Complete 
| 227|0x000000008e300000, 0x000000008e400000, 0x000000008e400000|100%| E|CS|TAMS 0x000000008e300000, 0x000000008e300000| Complete 
| 228|0x000000008e400000, 0x000000008e500000, 0x000000008e500000|100%| E|CS|TAMS 0x000000008e400000, 0x000000008e400000| Complete 
| 229|0x000000008e500000, 0x000000008e600000, 0x000000008e600000|100%| E|CS|TAMS 0x000000008e500000, 0x000000008e500000| Complete 
| 230|0x000000008e600000, 0x000000008e700000, 0x000000008e700000|100%| E|CS|TAMS 0x000000008e600000, 0x000000008e600000| Complete 
| 231|0x000000008e700000, 0x000000008e800000, 0x000000008e800000|100%| E|CS|TAMS 0x000000008e700000, 0x000000008e700000| Complete 
| 232|0x000000008e800000, 0x000000008e900000, 0x000000008e900000|100%| E|CS|TAMS 0x000000008e800000, 0x000000008e800000| Complete 
| 233|0x000000008e900000, 0x000000008ea00000, 0x000000008ea00000|100%| E|CS|TAMS 0x000000008e900000, 0x000000008e900000| Complete 
| 234|0x000000008ea00000, 0x000000008eb00000, 0x000000008eb00000|100%| E|CS|TAMS 0x000000008ea00000, 0x000000008ea00000| Complete 
| 235|0x000000008eb00000, 0x000000008ec00000, 0x000000008ec00000|100%| E|CS|TAMS 0x000000008eb00000, 0x000000008eb00000| Complete 
| 236|0x000000008ec00000, 0x000000008ed00000, 0x000000008ed00000|100%| E|CS|TAMS 0x000000008ec00000, 0x000000008ec00000| Complete 
| 237|0x000000008ed00000, 0x000000008ee00000, 0x000000008ee00000|100%| E|CS|TAMS 0x000000008ed00000, 0x000000008ed00000| Complete 
| 238|0x000000008ee00000, 0x000000008ef00000, 0x000000008ef00000|100%| E|CS|TAMS 0x000000008ee00000, 0x000000008ee00000| Complete 
| 239|0x000000008ef00000, 0x000000008f000000, 0x000000008f000000|100%| E|CS|TAMS 0x000000008ef00000, 0x000000008ef00000| Complete 

Card table byte_map: [0x0000029a63520000,0x0000029a63920000] _byte_map_base: 0x0000029a63120000

Marking Bits (Prev, Next): (CMBitMap*) 0x0000029a4ebe1a18, (CMBitMap*) 0x0000029a4ebe1a50
 Prev Bits: [0x0000029a63d20000, 0x0000029a65d20000)
 Next Bits: [0x0000029a65d20000, 0x0000029a67d20000)

Polling page: 0x0000029a4ea30000

Metaspace:

Usage:
  Non-class:     95.01 MB capacity,    93.53 MB ( 98%) used,     1.18 MB (  1%) free+waste,   307.50 KB ( <1%) overhead. 
      Class:     14.17 MB capacity,    13.20 MB ( 93%) used,   850.69 KB (  6%) free+waste,   133.94 KB ( <1%) overhead. 
       Both:    109.17 MB capacity,   106.73 MB ( 98%) used,     2.01 MB (  2%) free+waste,   441.44 KB ( <1%) overhead. 

Virtual space:
  Non-class space:       96.00 MB reserved,      95.25 MB (>99%) committed 
      Class space:        1.00 GB reserved,      14.25 MB (  1%) committed 
             Both:        1.09 GB reserved,     109.50 MB ( 10%) committed 

Chunk freelists:
   Non-Class:  0 bytes
       Class:  23.00 KB
        Both:  23.00 KB

MaxMetaspaceSize: 17179869184.00 GB
CompressedClassSpaceSize: 1.00 GB

CodeHeap 'non-profiled nmethods': size=120064Kb used=9573Kb max_used=10255Kb free=110491Kb
 bounds [0x0000029a5b7e0000, 0x0000029a5c1f0000, 0x0000029a62d20000]
CodeHeap 'profiled nmethods': size=120000Kb used=36308Kb max_used=38219Kb free=83692Kb
 bounds [0x0000029a542b0000, 0x0000029a56820000, 0x0000029a5b7e0000]
CodeHeap 'non-nmethods': size=5696Kb used=2288Kb max_used=2330Kb free=3407Kb
 bounds [0x0000029a53d20000, 0x0000029a53f90000, 0x0000029a542b0000]
 total_blobs=16802 nmethods=15900 adapters=812
 compilation: enabled
              stopped_count=0, restarted_count=0
 full_count=0

Compilation events (20 events):
Event: 176.990 Thread 0x0000029a6aa4e800 18193       2       com.android.tools.r8.code.O0::hashCode (28 bytes)
Event: 176.991 Thread 0x0000029a6aa4e800 nmethod 18193 0x0000029a54387a10 code [0x0000029a54387bc0, 0x0000029a54387d08]
Event: 177.058 Thread 0x0000029a6aa4e800 18194       2       com.android.tools.r8.graph.r0::v (24 bytes)
Event: 177.059 Thread 0x0000029a6aa4e800 nmethod 18194 0x0000029a543a7d10 code [0x0000029a543a7ec0, 0x0000029a543a8058]
Event: 177.060 Thread 0x0000029a6aa4e800 18195       1       java.util.stream.Streams$AbstractStreamBuilderImpl::characteristics (4 bytes)
Event: 177.060 Thread 0x0000029a6aa4e800 nmethod 18195 0x0000029a5b810790 code [0x0000029a5b810940, 0x0000029a5b8109f8]
Event: 177.060 Thread 0x0000029a6aa4e800 18196       2       java.util.stream.Collectors$$Lambda$48/0x0000000100170c40::accept (11 bytes)
Event: 177.061 Thread 0x0000029a6aa4e800 nmethod 18196 0x0000029a5441d390 code [0x0000029a5441d540, 0x0000029a5441d6a8]
Event: 177.061 Thread 0x0000029a6aa4e800 18197       2       com.android.tools.r8.s.a.a.b.K$b::next (38 bytes)
Event: 177.062 Thread 0x0000029a6aa4e800 nmethod 18197 0x0000029a54469310 code [0x0000029a54469500, 0x0000029a54469888]
Event: 177.098 Thread 0x0000029a6aa4e800 18198 %     3       com.android.tools.r8.v.b.X::d @ 12 (55 bytes)
Event: 177.100 Thread 0x0000029a6aa4e800 nmethod 18198% 0x0000029a54479f90 code [0x0000029a5447a280, 0x0000029a5447b358]
Event: 177.100 Thread 0x0000029a6aa4e800 18199       3       com.android.tools.r8.v.b.X::d (55 bytes)
Event: 177.102 Thread 0x0000029a6aa4e800 nmethod 18199 0x0000029a5449f890 code [0x0000029a5449fb80, 0x0000029a544a0b48]
Event: 177.166 Thread 0x0000029a6aa4e800 18201       2       com.android.tools.r8.v.b.o0::a (5 bytes)
Event: 177.166 Thread 0x0000029a6aa4e800 nmethod 18201 0x0000029a54468f90 code [0x0000029a54469140, 0x0000029a54469278]
Event: 177.173 Thread 0x0000029a6aa4e800 18203       2       com.android.tools.r8.ir.regalloc.a::a (157 bytes)
Event: 177.186 Thread 0x0000029a6aa4e800 nmethod 18203 0x0000029a54468290 code [0x0000029a544684e0, 0x0000029a54468b08]
Event: 177.194 Thread 0x0000029a6aa4e800 18204       2       java.util.TreeSet::first (10 bytes)
Event: 177.194 Thread 0x0000029a6aa4e800 nmethod 18204 0x0000029a54467f10 code [0x0000029a544680c0, 0x0000029a544681e8]

GC Heap History (20 events):
Event: 165.214 GC heap before
{Heap before GC invocations=71 (full 0):
 garbage-first heap   total 199680K, used 164864K [0x0000000080000000, 0x0000000100000000)
  region size 1024K, 38 young (38912K), 6 survivors (6144K)
 Metaspace       used 108815K, capacity 111266K, committed 111488K, reserved 1146880K
  class space    used 13466K, capacity 14429K, committed 14464K, reserved 1048576K
}
Event: 165.364 GC heap after
{Heap after GC invocations=72 (full 0):
 garbage-first heap   total 199680K, used 137216K [0x0000000080000000, 0x0000000100000000)
  region size 1024K, 5 young (5120K), 5 survivors (5120K)
 Metaspace       used 108815K, capacity 111266K, committed 111488K, reserved 1146880K
  class space    used 13466K, capacity 14429K, committed 14464K, reserved 1048576K
}
Event: 166.207 GC heap before
{Heap before GC invocations=72 (full 0):
 garbage-first heap   total 199680K, used 165888K [0x0000000080000000, 0x0000000100000000)
  region size 1024K, 33 young (33792K), 5 survivors (5120K)
 Metaspace       used 108829K, capacity 111330K, committed 111488K, reserved 1146880K
  class space    used 13466K, capacity 14429K, committed 14464K, reserved 1048576K
}
Event: 166.311 GC heap after
{Heap after GC invocations=73 (full 0):
 garbage-first heap   total 199680K, used 141289K [0x0000000080000000, 0x0000000100000000)
  region size 1024K, 4 young (4096K), 4 survivors (4096K)
 Metaspace       used 108829K, capacity 111330K, committed 111488K, reserved 1146880K
  class space    used 13466K, capacity 14429K, committed 14464K, reserved 1048576K
}
Event: 167.097 GC heap before
{Heap before GC invocations=73 (full 0):
 garbage-first heap   total 199680K, used 167913K [0x0000000080000000, 0x0000000100000000)
  region size 1024K, 30 young (30720K), 4 survivors (4096K)
 Metaspace       used 108865K, capacity 111332K, committed 111488K, reserved 1146880K
  class space    used 13471K, capacity 14429K, committed 14464K, reserved 1048576K
}
Event: 167.125 GC heap after
{Heap after GC invocations=74 (full 0):
 garbage-first heap   total 199680K, used 143059K [0x0000000080000000, 0x0000000100000000)
  region size 1024K, 2 young (2048K), 2 survivors (2048K)
 Metaspace       used 108865K, capacity 111332K, committed 111488K, reserved 1146880K
  class space    used 13471K, capacity 14429K, committed 14464K, reserved 1048576K
}
Event: 168.662 GC heap before
{Heap before GC invocations=75 (full 0):
 garbage-first heap   total 199680K, used 168659K [0x0000000080000000, 0x0000000100000000)
  region size 1024K, 27 young (27648K), 2 survivors (2048K)
 Metaspace       used 108878K, capacity 111342K, committed 111488K, reserved 1146880K
  class space    used 13476K, capacity 14432K, committed 14464K, reserved 1048576K
}
Event: 168.679 GC heap after
{Heap after GC invocations=76 (full 0):
 garbage-first heap   total 199680K, used 142829K [0x0000000080000000, 0x0000000100000000)
  region size 1024K, 2 young (2048K), 2 survivors (2048K)
 Metaspace       used 108878K, capacity 111342K, committed 111488K, reserved 1146880K
  class space    used 13476K, capacity 14432K, committed 14464K, reserved 1048576K
}
Event: 168.966 GC heap before
{Heap before GC invocations=76 (full 0):
 garbage-first heap   total 199680K, used 149997K [0x0000000080000000, 0x0000000100000000)
  region size 1024K, 9 young (9216K), 2 survivors (2048K)
 Metaspace       used 108880K, capacity 111343K, committed 111488K, reserved 1146880K
  class space    used 13476K, capacity 14432K, committed 14464K, reserved 1048576K
}
Event: 169.014 GC heap after
{Heap after GC invocations=77 (full 0):
 garbage-first heap   total 199680K, used 128361K [0x0000000080000000, 0x0000000100000000)
  region size 1024K, 1 young (1024K), 1 survivors (1024K)
 Metaspace       used 108880K, capacity 111343K, committed 111488K, reserved 1146880K
  class space    used 13476K, capacity 14432K, committed 14464K, reserved 1048576K
}
Event: 169.269 GC heap before
{Heap before GC invocations=77 (full 0):
 garbage-first heap   total 199680K, used 136553K [0x0000000080000000, 0x0000000100000000)
  region size 1024K, 9 young (9216K), 1 survivors (1024K)
 Metaspace       used 108881K, capacity 111343K, committed 111488K, reserved 1146880K
  class space    used 13476K, capacity 14432K, committed 14464K, reserved 1048576K
}
Event: 169.313 GC heap after
{Heap after GC invocations=78 (full 0):
 garbage-first heap   total 245760K, used 124075K [0x0000000080000000, 0x0000000100000000)
  region size 1024K, 1 young (1024K), 1 survivors (1024K)
 Metaspace       used 108881K, capacity 111343K, committed 111488K, reserved 1146880K
  class space    used 13476K, capacity 14432K, committed 14464K, reserved 1048576K
}
Event: 171.416 GC heap before
{Heap before GC invocations=78 (full 0):
 garbage-first heap   total 245760K, used 177323K [0x0000000080000000, 0x0000000100000000)
  region size 1024K, 54 young (55296K), 1 survivors (1024K)
 Metaspace       used 108899K, capacity 111349K, committed 111488K, reserved 1146880K
  class space    used 13479K, capacity 14433K, committed 14464K, reserved 1048576K
}
Event: 171.433 GC heap after
{Heap after GC invocations=79 (full 0):
 garbage-first heap   total 245760K, used 125327K [0x0000000080000000, 0x0000000100000000)
  region size 1024K, 2 young (2048K), 2 survivors (2048K)
 Metaspace       used 108899K, capacity 111349K, committed 111488K, reserved 1146880K
  class space    used 13479K, capacity 14433K, committed 14464K, reserved 1048576K
}
Event: 172.753 GC heap before
{Heap before GC invocations=79 (full 0):
 garbage-first heap   total 245760K, used 182671K [0x0000000080000000, 0x0000000100000000)
  region size 1024K, 58 young (59392K), 2 survivors (2048K)
 Metaspace       used 108944K, capacity 111415K, committed 111488K, reserved 1146880K
  class space    used 13479K, capacity 14433K, committed 14464K, reserved 1048576K
}
Event: 172.772 GC heap after
{Heap after GC invocations=80 (full 0):
 garbage-first heap   total 245760K, used 126760K [0x0000000080000000, 0x0000000100000000)
  region size 1024K, 4 young (4096K), 4 survivors (4096K)
 Metaspace       used 108944K, capacity 111415K, committed 111488K, reserved 1146880K
  class space    used 13479K, capacity 14433K, committed 14464K, reserved 1048576K
}
Event: 175.218 GC heap before
{Heap before GC invocations=80 (full 0):
 garbage-first heap   total 245760K, used 187176K [0x0000000080000000, 0x0000000100000000)
  region size 1024K, 62 young (63488K), 4 survivors (4096K)
 Metaspace       used 109243K, capacity 111753K, committed 112128K, reserved 1146880K
  class space    used 13516K, capacity 14471K, committed 14592K, reserved 1048576K
}
Event: 175.247 GC heap after
{Heap after GC invocations=81 (full 0):
 garbage-first heap   total 245760K, used 128009K [0x0000000080000000, 0x0000000100000000)
  region size 1024K, 4 young (4096K), 4 survivors (4096K)
 Metaspace       used 109243K, capacity 111753K, committed 112128K, reserved 1146880K
  class space    used 13516K, capacity 14471K, committed 14592K, reserved 1048576K
}
Event: 177.235 GC heap before
{Heap before GC invocations=81 (full 0):
 garbage-first heap   total 245760K, used 189449K [0x0000000080000000, 0x0000000100000000)
  region size 1024K, 64 young (65536K), 4 survivors (4096K)
 Metaspace       used 109287K, capacity 111760K, committed 112128K, reserved 1146880K
  class space    used 13518K, capacity 14473K, committed 14592K, reserved 1048576K
}
Event: 177.363 GC heap after
{Heap after GC invocations=82 (full 0):
 garbage-first heap   total 245760K, used 133308K [0x0000000080000000, 0x0000000100000000)
  region size 1024K, 8 young (8192K), 8 survivors (8192K)
 Metaspace       used 109287K, capacity 111760K, committed 112128K, reserved 1146880K
  class space    used 13518K, capacity 14473K, committed 14592K, reserved 1048576K
}

Deoptimization events (20 events):
Event: 175.160 Thread 0x0000029a6c515000 DEOPT PACKING pc=0x0000029a542d98c9 sp=0x000000a0c94fac90
Event: 175.160 Thread 0x0000029a6c515000 DEOPT UNPACKING pc=0x0000029a53d464bf sp=0x000000a0c94fa108 mode 0
Event: 175.161 Thread 0x0000029a6c515000 DEOPT PACKING pc=0x0000029a542d98c9 sp=0x000000a0c94fac90
Event: 175.161 Thread 0x0000029a6c515000 DEOPT UNPACKING pc=0x0000029a53d464bf sp=0x000000a0c94fa108 mode 0
Event: 175.161 Thread 0x0000029a6c515000 DEOPT PACKING pc=0x0000029a542d98c9 sp=0x000000a0c94fac90
Event: 175.161 Thread 0x0000029a6c515000 DEOPT UNPACKING pc=0x0000029a53d464bf sp=0x000000a0c94fa108 mode 0
Event: 175.287 Thread 0x0000029a6c50d000 DEOPT PACKING pc=0x0000029a5631a27b sp=0x000000a0c93f99e0
Event: 175.287 Thread 0x0000029a6c50d000 DEOPT UNPACKING pc=0x0000029a53d464bf sp=0x000000a0c93f8f38 mode 0
Event: 176.112 Thread 0x0000029a6c515000 DEOPT PACKING pc=0x0000029a56329f81 sp=0x000000a0c94fb4c0
Event: 176.112 Thread 0x0000029a6c515000 DEOPT UNPACKING pc=0x0000029a53d464bf sp=0x000000a0c94faa00 mode 0
Event: 176.285 Thread 0x0000029a6c50d000 DEOPT PACKING pc=0x0000029a5631e85d sp=0x000000a0c93f9f20
Event: 176.285 Thread 0x0000029a6c50d000 DEOPT UNPACKING pc=0x0000029a53d464bf sp=0x000000a0c93f9488 mode 0
Event: 176.539 Thread 0x0000029a6c50d000 DEOPT PACKING pc=0x0000029a564bba3c sp=0x000000a0c93f98b0
Event: 176.539 Thread 0x0000029a6c50d000 DEOPT UNPACKING pc=0x0000029a53d464bf sp=0x000000a0c93f8d38 mode 0
Event: 177.071 Thread 0x0000029a6c515000 DEOPT PACKING pc=0x0000029a546200e7 sp=0x000000a0c94fa130
Event: 177.071 Thread 0x0000029a6c515000 DEOPT UNPACKING pc=0x0000029a53d464bf sp=0x000000a0c94f96e8 mode 0
Event: 177.104 Thread 0x0000029a6c50d000 DEOPT PACKING pc=0x0000029a5631c9c0 sp=0x000000a0c93f9870
Event: 177.104 Thread 0x0000029a6c50d000 DEOPT UNPACKING pc=0x0000029a53d464bf sp=0x000000a0c93f8da8 mode 0
Event: 177.159 Thread 0x0000029a6c515000 DEOPT PACKING pc=0x0000029a546200e7 sp=0x000000a0c94fa130
Event: 177.160 Thread 0x0000029a6c515000 DEOPT UNPACKING pc=0x0000029a53d464bf sp=0x000000a0c94f96e8 mode 0

Classes redefined (0 events):
No events

Internal exceptions (20 events):
Event: 152.996 Thread 0x0000029a6c515000 Exception <a 'sun/nio/fs/WindowsException'{0x000000008bca2c70}> (0x000000008bca2c70) thrown at [./src/hotspot/share/prims/jni.cpp, line 615]
Event: 153.703 Thread 0x0000029a6c515000 Exception <a 'sun/nio/fs/WindowsException'{0x000000008b268d80}> (0x000000008b268d80) thrown at [./src/hotspot/share/prims/jni.cpp, line 615]
Event: 154.934 Thread 0x0000029a6c50d000 Exception <a 'java/lang/NoSuchMethodError'{0x000000008a6dde10}: 'java.lang.Object java.lang.invoke.DirectMethodHandle$Holder.invokeInterface(java.lang.Object, java.lang.Object, int)'> (0x000000008a6dde10) thrown at [./src/hotspot/share/interpreter/linkResolver.cpp, line 773]
Event: 155.516 Thread 0x0000029a6c515000 Exception <a 'sun/nio/fs/WindowsException'{0x0000000089960700}> (0x0000000089960700) thrown at [./src/hotspot/share/prims/jni.cpp, line 615]
Event: 156.205 Thread 0x0000029a6c515000 Exception <a 'sun/nio/fs/WindowsException'{0x0000000088c15f88}> (0x0000000088c15f88) thrown at [./src/hotspot/share/prims/jni.cpp, line 615]
Event: 157.791 Thread 0x0000029a6c515000 Exception <a 'sun/nio/fs/WindowsException'{0x000000008b013bc0}> (0x000000008b013bc0) thrown at [./src/hotspot/share/prims/jni.cpp, line 615]
Event: 160.163 Thread 0x0000029a6c515000 Exception <a 'sun/nio/fs/WindowsException'{0x000000008b80ddc0}> (0x000000008b80ddc0) thrown at [./src/hotspot/share/prims/jni.cpp, line 615]
Event: 160.959 Thread 0x0000029a6c515000 Exception <a 'sun/nio/fs/WindowsException'{0x000000008a4cab30}> (0x000000008a4cab30) thrown at [./src/hotspot/share/prims/jni.cpp, line 615]
Event: 161.088 Thread 0x0000029a6c515000 Exception <a 'sun/nio/fs/WindowsException'{0x0000000089ada8e8}> (0x0000000089ada8e8) thrown at [./src/hotspot/share/prims/jni.cpp, line 615]
Event: 161.772 Thread 0x0000029a6c515000 Exception <a 'sun/nio/fs/WindowsException'{0x000000008b7d16f8}> (0x000000008b7d16f8) thrown at [./src/hotspot/share/prims/jni.cpp, line 615]
Event: 162.084 Thread 0x0000029a6c50d000 Exception <a 'sun/nio/fs/WindowsException'{0x000000008b0b53a8}> (0x000000008b0b53a8) thrown at [./src/hotspot/share/prims/jni.cpp, line 615]
Event: 162.448 Thread 0x0000029a6c50d000 Exception <a 'sun/nio/fs/WindowsException'{0x000000008a4f6430}> (0x000000008a4f6430) thrown at [./src/hotspot/share/prims/jni.cpp, line 615]
Event: 162.661 Thread 0x0000029a6c50d000 Exception <a 'sun/nio/fs/WindowsException'{0x0000000089af8180}> (0x0000000089af8180) thrown at [./src/hotspot/share/prims/jni.cpp, line 615]
Event: 162.839 Thread 0x0000029a6c515000 Exception <a 'sun/nio/fs/WindowsException'{0x000000008920d0f8}> (0x000000008920d0f8) thrown at [./src/hotspot/share/prims/jni.cpp, line 615]
Event: 163.285 Thread 0x0000029a6c515000 Exception <a 'sun/nio/fs/WindowsException'{0x000000008ae99300}> (0x000000008ae99300) thrown at [./src/hotspot/share/prims/jni.cpp, line 615]
Event: 163.854 Thread 0x0000029a6c50d000 Exception <a 'sun/nio/fs/WindowsException'{0x000000008c0533c0}> (0x000000008c0533c0) thrown at [./src/hotspot/share/prims/jni.cpp, line 615]
Event: 169.743 Thread 0x0000029a6c50d000 Implicit null exception at 0x0000029a5c180e74 to 0x0000029a5c186de8
Event: 175.163 Thread 0x0000029a6c515000 Exception <a 'sun/nio/fs/WindowsException'{0x000000008b97bcd8}> (0x000000008b97bcd8) thrown at [./src/hotspot/share/prims/jni.cpp, line 615]
Event: 176.573 Thread 0x0000029a6c50d000 Exception <a 'java/lang/NoSuchMethodError'{0x000000008d0d3620}: 'int java.lang.invoke.DirectMethodHandle$Holder.invokeInterface(java.lang.Object, java.lang.Object, int)'> (0x000000008d0d3620) thrown at [./src/hotspot/share/interpreter/linkResolver.cpp, line 773]
Event: 177.057 Thread 0x0000029a6c515000 Exception <a 'sun/nio/fs/WindowsException'{0x000000008bdd4500}> (0x000000008bdd4500) thrown at [./src/hotspot/share/prims/jni.cpp, line 615]

Events (20 events):
Event: 175.864 Thread 0x0000029a6a138800 flushing nmethod 0x0000029a55d1ee90
Event: 175.870 Thread 0x0000029a6a138800 flushing nmethod 0x0000029a55d37110
Event: 175.870 Thread 0x0000029a6a138800 flushing nmethod 0x0000029a55d37610
Event: 175.870 Thread 0x0000029a6a138800 flushing nmethod 0x0000029a55d53b10
Event: 175.870 Thread 0x0000029a6a138800 flushing nmethod 0x0000029a55d5d110
Event: 175.871 Thread 0x0000029a6a138800 flushing nmethod 0x0000029a55d61c90
Event: 175.871 Thread 0x0000029a6a138800 flushing nmethod 0x0000029a55d65190
Event: 175.871 Thread 0x0000029a6a138800 flushing nmethod 0x0000029a55d78810
Event: 175.875 Thread 0x0000029a6a138800 flushing nmethod 0x0000029a55dbfa90
Event: 175.875 Thread 0x0000029a6a138800 flushing nmethod 0x0000029a55df8110
Event: 176.258 Executing VM operation: RevokeBias
Event: 176.259 Executing VM operation: RevokeBias done
Event: 176.574 loading class com/android/tools/r8/w/a/a/a/f/z0
Event: 176.574 loading class com/android/tools/r8/w/a/a/a/f/z0 done
Event: 177.009 loading class com/android/tools/r8/code/L2
Event: 177.009 loading class com/android/tools/r8/code/L2 done
Event: 177.023 loading class com/android/tools/r8/code/K2
Event: 177.023 loading class com/android/tools/r8/code/K2 done
Event: 177.215 Executing VM operation: G1CollectForAllocation
Event: 177.363 Executing VM operation: G1CollectForAllocation done


Dynamic libraries:
0x00007ff736af0000 - 0x00007ff736afa000 	C:\Users\felip\OneDrive\Desktop\android-studio-ide-202.6987402-windows\android-studio\jre\bin\java.exe
0x00007ffa84f50000 - 0x00007ffa85145000 	C:\Windows\SYSTEM32\ntdll.dll
0x00007ffa6b250000 - 0x00007ffa6b262000 	C:\Program Files\Avast Software\Avast\aswhook.dll
0x00007ffa83b50000 - 0x00007ffa83c0d000 	C:\Windows\System32\KERNEL32.DLL
0x00007ffa829c0000 - 0x00007ffa82c88000 	C:\Windows\System32\KERNELBASE.dll
0x00007ffa82dc0000 - 0x00007ffa82ec0000 	C:\Windows\System32\ucrtbase.dll
0x00007ffa7d670000 - 0x00007ffa7d689000 	C:\Users\felip\OneDrive\Desktop\android-studio-ide-202.6987402-windows\android-studio\jre\bin\jli.dll
0x00007ffa830a0000 - 0x00007ffa83240000 	C:\Windows\System32\USER32.dll
0x00007ffa82ce0000 - 0x00007ffa82d02000 	C:\Windows\System32\win32u.dll
0x00007ffa84e40000 - 0x00007ffa84e6a000 	C:\Windows\System32\GDI32.dll
0x00007ffa82820000 - 0x00007ffa8292b000 	C:\Windows\System32\gdi32full.dll
0x00007ffa82ec0000 - 0x00007ffa82f5d000 	C:\Windows\System32\msvcp_win.dll
0x00007ffa76fb0000 - 0x00007ffa76fc7000 	C:\Users\felip\OneDrive\Desktop\android-studio-ide-202.6987402-windows\android-studio\jre\bin\VCRUNTIME140.dll
0x00007ffa6f5d0000 - 0x00007ffa6f86a000 	C:\Windows\WinSxS\amd64_microsoft.windows.common-controls_6595b64144ccf1df_6.0.19041.1052_none_60b8f8fd71f5e8cb\COMCTL32.dll
0x00007ffa834e0000 - 0x00007ffa8357e000 	C:\Windows\System32\msvcrt.dll
0x00007ffa83b20000 - 0x00007ffa83b50000 	C:\Windows\System32\IMM32.DLL
0x00007ffa5edb0000 - 0x00007ffa5ee4d000 	C:\Users\felip\OneDrive\Desktop\android-studio-ide-202.6987402-windows\android-studio\jre\bin\msvcp140.dll
0x00007ffa4b130000 - 0x00007ffa4bbec000 	C:\Users\felip\OneDrive\Desktop\android-studio-ide-202.6987402-windows\android-studio\jre\bin\server\jvm.dll
0x00007ffa82fe0000 - 0x00007ffa8308c000 	C:\Windows\System32\ADVAPI32.dll
0x00007ffa83240000 - 0x00007ffa832db000 	C:\Windows\System32\sechost.dll
0x00007ffa83580000 - 0x00007ffa836ab000 	C:\Windows\System32\RPCRT4.dll
0x00007ffa84e30000 - 0x00007ffa84e38000 	C:\Windows\System32\PSAPI.DLL
0x00007ffa75ca0000 - 0x00007ffa75ca9000 	C:\Windows\SYSTEM32\WSOCK32.dll
0x00007ffa83cc0000 - 0x00007ffa83d2b000 	C:\Windows\System32\WS2_32.dll
0x00007ffa6d5c0000 - 0x00007ffa6d5e7000 	C:\Windows\SYSTEM32\WINMM.dll
0x00007ffa7c100000 - 0x00007ffa7c10a000 	C:\Windows\SYSTEM32\VERSION.dll
0x00007ffa80500000 - 0x00007ffa80512000 	C:\Windows\SYSTEM32\kernel.appcore.dll
0x00007ffa77280000 - 0x00007ffa77291000 	C:\Users\felip\OneDrive\Desktop\android-studio-ide-202.6987402-windows\android-studio\jre\bin\verify.dll
0x00007ffa79b50000 - 0x00007ffa79d34000 	C:\Windows\SYSTEM32\DBGHELP.DLL
0x00007ffa7a060000 - 0x00007ffa7a08c000 	C:\Windows\SYSTEM32\dbgcore.DLL
0x00007ffa82930000 - 0x00007ffa829b3000 	C:\Windows\System32\bcryptPrimitives.dll
0x00007ffa655a0000 - 0x00007ffa655c9000 	C:\Users\felip\OneDrive\Desktop\android-studio-ide-202.6987402-windows\android-studio\jre\bin\java.dll
0x00007ffa80100000 - 0x00007ffa8010b000 	C:\Users\felip\OneDrive\Desktop\android-studio-ide-202.6987402-windows\android-studio\jre\bin\jimage.dll
0x00007ffa6fac0000 - 0x00007ffa6fad8000 	C:\Users\felip\OneDrive\Desktop\android-studio-ide-202.6987402-windows\android-studio\jre\bin\zip.dll
0x00007ffa84010000 - 0x00007ffa8474f000 	C:\Windows\System32\SHELL32.dll
0x00007ffa807e0000 - 0x00007ffa80f70000 	C:\Windows\SYSTEM32\windows.storage.dll
0x00007ffa84a70000 - 0x00007ffa84dc5000 	C:\Windows\System32\combase.dll
0x00007ffa82030000 - 0x00007ffa8205c000 	C:\Windows\SYSTEM32\Wldp.dll
0x00007ffa83f60000 - 0x00007ffa8400e000 	C:\Windows\System32\SHCORE.dll
0x00007ffa84dd0000 - 0x00007ffa84e25000 	C:\Windows\System32\shlwapi.dll
0x00007ffa825d0000 - 0x00007ffa825ef000 	C:\Windows\SYSTEM32\profapi.dll
0x00007ffa65580000 - 0x00007ffa6559a000 	C:\Users\felip\OneDrive\Desktop\android-studio-ide-202.6987402-windows\android-studio\jre\bin\net.dll
0x00007ffa77e00000 - 0x00007ffa77f0b000 	C:\Windows\SYSTEM32\WINHTTP.dll
0x00007ffa81da0000 - 0x00007ffa81e0a000 	C:\Windows\system32\mswsock.dll
0x00007ffa64bd0000 - 0x00007ffa64be4000 	C:\Users\felip\OneDrive\Desktop\android-studio-ide-202.6987402-windows\android-studio\jre\bin\nio.dll
0x00007ffa7d570000 - 0x00007ffa7d596000 	C:\Users\felip\.gradle\native\fdc75f09e3144964f2cf3f50f0aa648679c211496f362492102eb8c894070792\windows-amd64\native-platform.dll
0x00007ffa4ea70000 - 0x00007ffa4ec01000 	C:\Users\felip\.gradle\native\12488b8bf47d2d4c9fbf2f6322a914ad602e24e48041cd04a747c6da556b65c4\windows-amd64\native-platform-file-events.dll
0x00007ffa7e160000 - 0x00007ffa7e16a000 	C:\Users\felip\OneDrive\Desktop\android-studio-ide-202.6987402-windows\android-studio\jre\bin\management.dll
0x00007ffa7d510000 - 0x00007ffa7d51c000 	C:\Users\felip\OneDrive\Desktop\android-studio-ide-202.6987402-windows\android-studio\jre\bin\management_ext.dll
0x00007ffa81f80000 - 0x00007ffa81f98000 	C:\Windows\SYSTEM32\CRYPTSP.dll
0x00007ffa81740000 - 0x00007ffa81774000 	C:\Windows\system32\rsaenh.dll
0x00007ffa82690000 - 0x00007ffa826b7000 	C:\Windows\System32\bcrypt.dll
0x00007ffa82590000 - 0x00007ffa825be000 	C:\Windows\SYSTEM32\USERENV.dll
0x00007ffa81f70000 - 0x00007ffa81f7c000 	C:\Windows\SYSTEM32\CRYPTBASE.dll
0x00007ffa81a90000 - 0x00007ffa81acb000 	C:\Windows\SYSTEM32\IPHLPAPI.DLL
0x00007ffa84f00000 - 0x00007ffa84f08000 	C:\Windows\System32\NSI.dll
0x00007ffa7b5d0000 - 0x00007ffa7b5e7000 	C:\Windows\SYSTEM32\dhcpcsvc6.DLL
0x00007ffa7b890000 - 0x00007ffa7b8ad000 	C:\Windows\SYSTEM32\dhcpcsvc.DLL
0x00007ffa81ad0000 - 0x00007ffa81b9c000 	C:\Windows\SYSTEM32\DNSAPI.dll
0x00007ffa7c1e0000 - 0x00007ffa7c1eb000 	C:\Windows\SYSTEM32\WINNSI.DLL

dbghelp: loaded successfully - version: 4.0.5 - missing functions: none
symbol engine: initialized successfully - sym options: 0x614 - pdb path: .;C:\Users\felip\OneDrive\Desktop\android-studio-ide-202.6987402-windows\android-studio\jre\bin;C:\Windows\SYSTEM32;C:\Program Files\Avast Software\Avast;C:\Windows\WinSxS\amd64_microsoft.windows.common-controls_6595b64144ccf1df_6.0.19041.1052_none_60b8f8fd71f5e8cb;C:\Users\felip\OneDrive\Desktop\android-studio-ide-202.6987402-windows\android-studio\jre\bin\server;C:\Users\felip\.gradle\native\fdc75f09e3144964f2cf3f50f0aa648679c211496f362492102eb8c894070792\windows-amd64;C:\Users\felip\.gradle\native\12488b8bf47d2d4c9fbf2f6322a914ad602e24e48041cd04a747c6da556b65c4\windows-amd64

VM Arguments:
jvm_args: --add-opens=java.base/java.util=ALL-UNNAMED --add-opens=java.base/java.lang=ALL-UNNAMED --add-opens=java.base/java.lang.invoke=ALL-UNNAMED --add-opens=java.prefs/java.util.prefs=ALL-UNNAMED -Xmx2048m -Dfile.encoding=windows-1252 -Duser.country=US -Duser.language=en -Duser.variant 
java_command: org.gradle.launcher.daemon.bootstrap.GradleDaemon 6.7.1
java_class_path (initial): C:\Users\felip\.gradle\wrapper\dists\gradle-6.7.1-bin\bwlcbys1h7rz3272sye1xwiv6\gradle-6.7.1\lib\gradle-launcher-6.7.1.jar
Launcher Type: SUN_STANDARD

[Global flags]
     intx CICompilerCount                          = 2                                         {product} {ergonomic}
     uint ConcGCThreads                            = 1                                         {product} {ergonomic}
     uint G1ConcRefinementThreads                  = 2                                         {product} {ergonomic}
   size_t G1HeapRegionSize                         = 1048576                                   {product} {ergonomic}
    uintx GCDrainStackTargetSize                   = 64                                        {product} {ergonomic}
   size_t InitialHeapSize                          = 67108864                                  {product} {ergonomic}
   size_t MarkStackSize                            = 4194304                                   {product} {ergonomic}
   size_t MaxHeapSize                              = 2147483648                                {product} {command line}
   size_t MaxNewSize                               = 1287651328                                {product} {ergonomic}
   size_t MinHeapDeltaBytes                        = 1048576                                   {product} {ergonomic}
    uintx NonNMethodCodeHeapSize                   = 5825164                                {pd product} {ergonomic}
    uintx NonProfiledCodeHeapSize                  = 122916538                              {pd product} {ergonomic}
    uintx ProfiledCodeHeapSize                     = 122916538                              {pd product} {ergonomic}
    uintx ReservedCodeCacheSize                    = 251658240                              {pd product} {ergonomic}
     bool SegmentedCodeCache                       = true                                      {product} {ergonomic}
     bool UseCompressedClassPointers               = true                                 {lp64_product} {ergonomic}
     bool UseCompressedOops                        = true                                 {lp64_product} {ergonomic}
     bool UseG1GC                                  = true                                      {product} {ergonomic}
     bool UseLargePagesIndividualAllocation        = false                                  {pd product} {ergonomic}

Logging:
Log output configuration:
 #0: stdout all=warning uptime,level,tags
 #1: stderr all=off uptime,level,tags

Environment Variables:
PATH=C:\Program Files\Common Files\Oracle\Java\javapath;C:\Program Files (x86)\Common Files\Oracle\Java\javapath;C:\Windows\system32;C:\Windows;C:\Windows\System32\Wbem;C:\Windows\System32\WindowsPowerShell\v1.0\;C:\Windows\System32\OpenSSH\;C:\ProgramData\chocolatey\bin;C:\Program Files\Docker\Docker\resources\bin;C:\ProgramData\DockerDesktop\version-bin;C:\Program Files (x86)\Yarn\bin\;C:\Program Files\nodejs\;C:\Program Files\Git\cmd;C:\Users\felip\AppData\Local\Microsoft\WindowsApps;C:\Users\felip\AppData\Local\Programs\Microsoft VS Code\bin;C:\Users\felip\AppData\Local\Yarn\bin;C:\Users\felip\AppData\Local\GitHubDesktop\bin;C:\Users\felip\AppData\Roaming\npm
USERNAME=felip
OS=Windows_NT
PROCESSOR_IDENTIFIER=Intel64 Family 6 Model 23 Stepping 10, GenuineIntel



---------------  S Y S T E M  ---------------

OS: Windows 10 , 64 bit Build 19041 (10.0.19041.1023)
OS uptime: 0 days 10:57 hours

CPU:total 2 (initial active 2) (2 cores per cpu, 1 threads per core) family 6 model 23 stepping 10, cmov, cx8, fxsr, mmx, sse, sse2, sse3, ssse3, tsc

Memory: 4k page, system-wide physical 4061M (40M free)
TotalPageFile size 4061M (AvailPageFile size 2M)
current process WorkingSet (physical memory assigned to process): 247M, peak: 471M
current process commit charge ("private bytes"): 611M, peak: 611M

vm_info: OpenJDK 64-Bit Server VM (11.0.8+10-b944.6842174) for windows-amd64 JRE (11.0.8+10-b944.6842174), built on Sep 19 2020 01:11:42 by "builder" with MS VC++ 14.0 (VS2015)

END.
