#
# There is insufficient memory for the Java Runtime Environment to continue.
# Native memory allocation (mmap) failed to map 59768832 bytes for Failed to commit area from 0x0000000091900000 to 0x0000000095200000 of length 59768832.
# Possible reasons:
#   The system is out of physical RAM or swap space
#   The process is running with CompressedOops enabled, and the Java Heap may be blocking the growth of the native heap
# Possible solutions:
#   Reduce memory load on the system
#   Increase physical memory or swap space
#   Check if swap backing store is full
#   Decrease Java heap size (-Xmx/-Xms)
#   Decrease number of Java threads
#   Decrease Java thread stack sizes (-Xss)
#   Set larger code cache with -XX:ReservedCodeCacheSize=
#   JVM is running with Unscaled Compressed Oops mode in which the Java heap is
#     placed in the first 4GB address space. The Java Heap base address is the
#     maximum limit for the native heap growth. Please use -XX:HeapBaseMinAddress
#     to set the Java Heap base and to place the Java Heap above 4GB virtual address.
# This output file may be truncated or incomplete.
#
#  Out of Memory Error (./src/hotspot/os/windows/os_windows.cpp:3303), pid=6836, tid=5460
#
# JRE version: OpenJDK Runtime Environment (11.0.8+10) (build 11.0.8+10-b944.6842174)
# Java VM: OpenJDK 64-Bit Server VM (11.0.8+10-b944.6842174, mixed mode, tiered, compressed oops, g1 gc, windows-amd64)
# No core dump will be written. Minidumps are not enabled by default on client versions of Windows
#

---------------  S U M M A R Y ------------

Command Line: --add-opens=java.base/java.util=ALL-UNNAMED --add-opens=java.base/java.lang=ALL-UNNAMED --add-opens=java.base/java.lang.invoke=ALL-UNNAMED --add-opens=java.prefs/java.util.prefs=ALL-UNNAMED -Xmx2048m -Dfile.encoding=windows-1252 -Duser.country=US -Duser.language=en -Duser.variant org.gradle.launcher.daemon.bootstrap.GradleDaemon 6.7.1

Host: Celeron(R) Dual-Core CPU       T3500  @ 2.10GHz, 2 cores, 3G,  Windows 10 , 64 bit Build 19041 (10.0.19041.1023)
Time: Tue Jun 22 10:19:27 2021 E. South America Standard Time elapsed time: 213 seconds (0d 0h 3m 33s)

---------------  T H R E A D  ---------------

Current thread (0x000001cf7f0a1800):  VMThread "VM Thread" [stack: 0x0000000f55e00000,0x0000000f55f00000] [id=5460]

Stack: [0x0000000f55e00000,0x0000000f55f00000]
[error occurred during error reporting (printing stack bounds), id 0xc0000005, EXCEPTION_ACCESS_VIOLATION (0xc0000005) at pc=0x000001cf69510dbd]

Native frames: (J=compiled Java code, j=interpreted, Vv=VM code, C=native code)
V  [jvm.dll+0x5de50a]
V  [jvm.dll+0x7122f5]
V  [jvm.dll+0x71384d]
V  [jvm.dll+0x713e65]
V  [jvm.dll+0x713e1b]
V  [jvm.dll+0x5dd958]
V  [jvm.dll+0x5de0f8]
C  [ntdll.dll+0xa217f]
C  [ntdll.dll+0x51454]
C  [ntdll.dll+0xa0cae]
C  0x000001cf69510dbd

VM_Operation (0x0000000f583f9730): G1CollectForAllocation, mode: safepoint, requested by thread 0x000001cf04144800


---------------  P R O C E S S  ---------------

Threads class SMR info:
_java_thread_list=0x000001cf0602f2d0, length=40, elements={
0x000001cf65b8c800, 0x000001cf7f0a6800, 0x000001cf7f0b0000, 0x000001cf7fa30800,
0x000001cf7fa32000, 0x000001cf7fa34000, 0x000001cf7fa3d800, 0x000001cf7f128000,
0x000001cf7fb7a000, 0x000001cf7fba6800, 0x000001cf01291000, 0x000001cf01b1f800,
0x000001cf00cdc000, 0x000001cf00c88800, 0x000001cf01946000, 0x000001cf00d4b000,
0x000001cf00b13000, 0x000001cf0151b800, 0x000001cf01470800, 0x000001cf01bc2800,
0x000001cf01bc7000, 0x000001cf01bc6800, 0x000001cf01bc8000, 0x000001cf01bc4800,
0x000001cf01bc3000, 0x000001cf01bc4000, 0x000001cf01bc5800, 0x000001cf0414a000,
0x000001cf04146000, 0x000001cf04146800, 0x000001cf04144800, 0x000001cf01ec1000,
0x000001cf01ec4000, 0x000001cf01ec2800, 0x000001cf01ec3000, 0x000001cf01ec5000,
0x000001cf0414b000, 0x000001cf0414d800, 0x000001cf0414c800, 0x000001cf0414b800
}

Java Threads: ( => current thread )
  0x000001cf65b8c800 JavaThread "main" [_thread_blocked, id=4604, stack(0x0000000f55800000,0x0000000f55900000)]
  0x000001cf7f0a6800 JavaThread "Reference Handler" daemon [_thread_blocked, id=4196, stack(0x0000000f55f00000,0x0000000f56000000)]
  0x000001cf7f0b0000 JavaThread "Finalizer" daemon [_thread_blocked, id=7060, stack(0x0000000f56000000,0x0000000f56100000)]
  0x000001cf7fa30800 JavaThread "Signal Dispatcher" daemon [_thread_blocked, id=3220, stack(0x0000000f56100000,0x0000000f56200000)]
  0x000001cf7fa32000 JavaThread "Attach Listener" daemon [_thread_blocked, id=2416, stack(0x0000000f56200000,0x0000000f56300000)]
  0x000001cf7fa34000 JavaThread "C2 CompilerThread0" daemon [_thread_blocked, id=6320, stack(0x0000000f56300000,0x0000000f56400000)]
  0x000001cf7fa3d800 JavaThread "C1 CompilerThread0" daemon [_thread_blocked, id=2596, stack(0x0000000f56400000,0x0000000f56500000)]
  0x000001cf7f128000 JavaThread "Sweeper thread" daemon [_thread_blocked, id=4440, stack(0x0000000f56500000,0x0000000f56600000)]
  0x000001cf7fb7a000 JavaThread "Common-Cleaner" daemon [_thread_blocked, id=1120, stack(0x0000000f56600000,0x0000000f56700000)]
  0x000001cf7fba6800 JavaThread "Service Thread" daemon [_thread_blocked, id=5848, stack(0x0000000f56700000,0x0000000f56800000)]
  0x000001cf01291000 JavaThread "Daemon health stats" [_thread_blocked, id=5368, stack(0x0000000f56b00000,0x0000000f56c00000)]
  0x000001cf01b1f800 JavaThread "Incoming local TCP Connector on port 13999" [_thread_in_native, id=3952, stack(0x0000000f56e00000,0x0000000f56f00000)]
  0x000001cf00cdc000 JavaThread "Daemon periodic checks" [_thread_blocked, id=2636, stack(0x0000000f56f00000,0x0000000f57000000)]
  0x000001cf00c88800 JavaThread "Daemon" [_thread_blocked, id=4660, stack(0x0000000f57000000,0x0000000f57100000)]
  0x000001cf01946000 JavaThread "Handler for socket connection from /127.0.0.1:13999 to /127.0.0.1:14000" [_thread_in_native, id=5088, stack(0x0000000f57100000,0x0000000f57200000)]
  0x000001cf00d4b000 JavaThread "Cancel handler" [_thread_blocked, id=1376, stack(0x0000000f57200000,0x0000000f57300000)]
  0x000001cf00b13000 JavaThread "Daemon worker" [_thread_blocked, id=5516, stack(0x0000000f57300000,0x0000000f57400000)]
  0x000001cf0151b800 JavaThread "Asynchronous log dispatcher for DefaultDaemonConnection: socket connection from /127.0.0.1:13999 to /127.0.0.1:14000" [_thread_blocked, id=6264, stack(0x0000000f57400000,0x0000000f57500000)]
  0x000001cf01470800 JavaThread "Thread-8" [_thread_blocked, id=1960, stack(0x0000000f57600000,0x0000000f57700000)]
  0x000001cf01bc2800 JavaThread "Cache worker for file hash cache (C:\Users\felip\.gradle\caches\6.7.1\fileHashes)" [_thread_blocked, id=6912, stack(0x0000000f57700000,0x0000000f57800000)]
  0x000001cf01bc7000 JavaThread "File lock request listener" [_thread_in_native, id=2272, stack(0x0000000f57800000,0x0000000f57900000)]
  0x000001cf01bc6800 JavaThread "Cache worker for journal cache (C:\Users\felip\.gradle\caches\journal-1)" [_thread_blocked, id=1640, stack(0x0000000f57900000,0x0000000f57a00000)]
  0x000001cf01bc8000 JavaThread "Cache worker for file hash cache (C:\Users\felip\AndroidStudioProjects\TheMovieApp\.gradle\6.7.1\fileHashes)" [_thread_blocked, id=5500, stack(0x0000000f57a00000,0x0000000f57b00000)]
  0x000001cf01bc4800 JavaThread "Cache worker for checksums cache (C:\Users\felip\AndroidStudioProjects\TheMovieApp\.gradle\checksums)" [_thread_blocked, id=4832, stack(0x0000000f57b00000,0x0000000f57c00000)]
  0x000001cf01bc3000 JavaThread "Cache worker for cache directory md-supplier (C:\Users\felip\.gradle\caches\6.7.1\md-supplier)" [_thread_blocked, id=5452, stack(0x0000000f57c00000,0x0000000f57d00000)]
  0x000001cf01bc4000 JavaThread "Cache worker for cache directory md-rule (C:\Users\felip\.gradle\caches\6.7.1\md-rule)" [_thread_blocked, id=2364, stack(0x0000000f57d00000,0x0000000f57e00000)]
  0x000001cf01bc5800 JavaThread "Cache worker for execution history cache (C:\Users\felip\.gradle\caches\6.7.1\executionHistory)" [_thread_blocked, id=6452, stack(0x0000000f57e00000,0x0000000f57f00000)]
  0x000001cf0414a000 JavaThread "Cache worker for file content cache (C:\Users\felip\.gradle\caches\6.7.1\fileContent)" [_thread_blocked, id=3268, stack(0x0000000f58000000,0x0000000f58100000)]
  0x000001cf04146000 JavaThread "Cache worker for Build Output Cleanup Cache (C:\Users\felip\AndroidStudioProjects\TheMovieApp\.gradle\buildOutputCleanup)" [_thread_blocked, id=6044, stack(0x0000000f58100000,0x0000000f58200000)]
  0x000001cf04146800 JavaThread "Build operations" [_thread_blocked, id=5344, stack(0x0000000f58200000,0x0000000f58300000)]
  0x000001cf04144800 JavaThread "Build operations Thread 2" [_thread_blocked, id=5660, stack(0x0000000f58300000,0x0000000f58400000)]
  0x000001cf01ec1000 JavaThread "Memory manager" [_thread_blocked, id=1160, stack(0x0000000f5f700000,0x0000000f5f800000)]
  0x000001cf01ec4000 JavaThread "build event listener" [_thread_blocked, id=4036, stack(0x0000000f57500000,0x0000000f57600000)]
  0x000001cf01ec2800 JavaThread "build event listener" [_thread_blocked, id=5504, stack(0x0000000f5f800000,0x0000000f5f900000)]
  0x000001cf01ec3000 JavaThread "Execution worker for ':'" [_thread_blocked, id=6900, stack(0x0000000f5f900000,0x0000000f5fa00000)]
  0x000001cf01ec5000 JavaThread "Cache worker for execution history cache (C:\Users\felip\AndroidStudioProjects\TheMovieApp\.gradle\6.7.1\executionHistory)" [_thread_blocked, id=3760, stack(0x0000000f5fa00000,0x0000000f5fb00000)]
  0x000001cf0414b000 JavaThread "WorkerExecutor Queue" [_thread_blocked, id=2864, stack(0x0000000f57f00000,0x0000000f58000000)]
  0x000001cf0414d800 JavaThread "pool-4-thread-1" [_thread_blocked, id=5624, stack(0x0000000f58400000,0x0000000f58500000)]
  0x000001cf0414c800 JavaThread "stderr" [_thread_in_native, id=6408, stack(0x0000000f58500000,0x0000000f58600000)]
  0x000001cf0414b800 JavaThread "stdout" [_thread_in_native, id=5528, stack(0x0000000f58600000,0x0000000f58700000)]

Other Threads:
=>0x000001cf7f0a1800 VMThread "VM Thread" [stack: 0x0000000f55e00000,0x0000000f55f00000] [id=5460]
  0x000001cf7fba7000 WatcherThread [stack: 0x0000000f56800000,0x0000000f56900000] [id=4664]
  0x000001cf65ba8000 GCTaskThread "GC Thread#0" [stack: 0x0000000f55900000,0x0000000f55a00000] [id=2172]
  0x000001cf7fd9e800 GCTaskThread "GC Thread#1" [stack: 0x0000000f56900000,0x0000000f56a00000] [id=6568]
  0x000001cf65bda800 ConcurrentGCThread "G1 Main Marker" [stack: 0x0000000f55a00000,0x0000000f55b00000] [id=4640]
  0x000001cf65bde000 ConcurrentGCThread "G1 Conc#0" [stack: 0x0000000f55b00000,0x0000000f55c00000] [id=3176]
  0x000001cf65c32000 ConcurrentGCThread "G1 Refine#0" [stack: 0x0000000f55c00000,0x0000000f55d00000] [id=1368]
  0x000001cf00e15000 ConcurrentGCThread "G1 Refine#1" [stack: 0x0000000f56a00000,0x0000000f56b00000] [id=6920]
  0x000001cf65c33000 ConcurrentGCThread "G1 Young RemSet Sampling" [stack: 0x0000000f55d00000,0x0000000f55e00000] [id=1308]

Threads with active compile tasks:
C2 CompilerThread0 213258 15329 %     4       com.android.tools.r8.v.b.X::c @ 32 (1174 bytes)

VM state:at safepoint (normal execution)

VM Mutex/Monitor currently owned by a thread:  ([mutex/lock_event])
[0x000001cf65b8a4a0] Threads_lock - owner thread: 0x000001cf7f0a1800
[0x000001cf65b8bf10] Heap_lock - owner thread: 0x000001cf04144800

Heap address: 0x0000000080000000, size: 2048 MB, Compressed Oops mode: 32-bit
Narrow klass base: 0x0000000000000000, Narrow klass shift: 3
Compressed class space size: 1073741824 Address: 0x0000000100000000

Heap:
 garbage-first heap   total 346112K, used 177152K [0x0000000080000000, 0x0000000100000000)
  region size 1024K, 5 young (5120K), 5 survivors (5120K)
 Metaspace       used 98772K, capacity 101254K, committed 101376K, reserved 1136640K
  class space    used 12569K, capacity 13527K, committed 13568K, reserved 1048576K
Heap Regions: E=young(eden), S=young(survivor), O=old, HS=humongous(starts), HC=humongous(continues), CS=collection set, F=free, A=archive, TAMS=top-at-mark-start (previous, next)
|   0|0x0000000080000000, 0x0000000080100000, 0x0000000080100000|100%| O|  |TAMS 0x0000000080100000, 0x0000000080000000| Untracked 
|   1|0x0000000080100000, 0x0000000080200000, 0x0000000080200000|100%| O|  |TAMS 0x0000000080200000, 0x0000000080100000| Untracked 
|   2|0x0000000080200000, 0x0000000080300000, 0x0000000080300000|100%| O|  |TAMS 0x0000000080300000, 0x0000000080200000| Untracked 
|   3|0x0000000080300000, 0x0000000080400000, 0x0000000080400000|100%| O|  |TAMS 0x0000000080400000, 0x0000000080300000| Untracked 
|   4|0x0000000080400000, 0x0000000080500000, 0x0000000080500000|100%|HS|  |TAMS 0x0000000080500000, 0x0000000080400000| Complete 
|   5|0x0000000080500000, 0x0000000080600000, 0x0000000080600000|100%|HC|  |TAMS 0x0000000080600000, 0x0000000080500000| Complete 
|   6|0x0000000080600000, 0x0000000080700000, 0x0000000080700000|100%|HC|  |TAMS 0x0000000080700000, 0x0000000080600000| Complete 
|   7|0x0000000080700000, 0x0000000080800000, 0x0000000080800000|100%| O|  |TAMS 0x0000000080800000, 0x0000000080700000| Untracked 
|   8|0x0000000080800000, 0x0000000080900000, 0x0000000080900000|100%| O|  |TAMS 0x0000000080900000, 0x0000000080800000| Untracked 
|   9|0x0000000080900000, 0x0000000080a00000, 0x0000000080a00000|100%| O|  |TAMS 0x0000000080a00000, 0x0000000080900000| Untracked 
|  10|0x0000000080a00000, 0x0000000080b00000, 0x0000000080b00000|100%| O|  |TAMS 0x0000000080b00000, 0x0000000080a00000| Untracked 
|  11|0x0000000080b00000, 0x0000000080c00000, 0x0000000080c00000|100%| O|  |TAMS 0x0000000080c00000, 0x0000000080b00000| Untracked 
|  12|0x0000000080c00000, 0x0000000080d00000, 0x0000000080d00000|100%| O|  |TAMS 0x0000000080d00000, 0x0000000080c00000| Untracked 
|  13|0x0000000080d00000, 0x0000000080e00000, 0x0000000080e00000|100%| O|  |TAMS 0x0000000080e00000, 0x0000000080d00000| Untracked 
|  14|0x0000000080e00000, 0x0000000080f00000, 0x0000000080f00000|100%| O|  |TAMS 0x0000000080f00000, 0x0000000080e00000| Untracked 
|  15|0x0000000080f00000, 0x0000000081000000, 0x0000000081000000|100%| O|  |TAMS 0x0000000081000000, 0x0000000080f00000| Untracked 
|  16|0x0000000081000000, 0x0000000081100000, 0x0000000081100000|100%| O|  |TAMS 0x0000000081100000, 0x0000000081000000| Untracked 
|  17|0x0000000081100000, 0x0000000081200000, 0x0000000081200000|100%| O|  |TAMS 0x0000000081200000, 0x0000000081100000| Untracked 
|  18|0x0000000081200000, 0x0000000081300000, 0x0000000081300000|100%| O|  |TAMS 0x0000000081300000, 0x0000000081200000| Untracked 
|  19|0x0000000081300000, 0x0000000081400000, 0x0000000081400000|100%| O|  |TAMS 0x0000000081400000, 0x0000000081300000| Untracked 
|  20|0x0000000081400000, 0x0000000081500000, 0x0000000081500000|100%| O|  |TAMS 0x0000000081500000, 0x0000000081400000| Untracked 
|  21|0x0000000081500000, 0x0000000081600000, 0x0000000081600000|100%| O|  |TAMS 0x0000000081600000, 0x0000000081500000| Untracked 
|  22|0x0000000081600000, 0x0000000081700000, 0x0000000081700000|100%| O|  |TAMS 0x0000000081700000, 0x0000000081600000| Untracked 
|  23|0x0000000081700000, 0x0000000081800000, 0x0000000081800000|100%| O|  |TAMS 0x0000000081800000, 0x0000000081700000| Untracked 
|  24|0x0000000081800000, 0x0000000081900000, 0x0000000081900000|100%| O|  |TAMS 0x0000000081900000, 0x0000000081800000| Untracked 
|  25|0x0000000081900000, 0x0000000081a00000, 0x0000000081a00000|100%| O|  |TAMS 0x0000000081a00000, 0x0000000081900000| Untracked 
|  26|0x0000000081a00000, 0x0000000081b00000, 0x0000000081b00000|100%|HS|  |TAMS 0x0000000081b00000, 0x0000000081a00000| Complete 
|  27|0x0000000081b00000, 0x0000000081c00000, 0x0000000081c00000|100%|HS|  |TAMS 0x0000000081c00000, 0x0000000081b00000| Complete 
|  28|0x0000000081c00000, 0x0000000081d00000, 0x0000000081d00000|100%|HC|  |TAMS 0x0000000081d00000, 0x0000000081c00000| Complete 
|  29|0x0000000081d00000, 0x0000000081e00000, 0x0000000081e00000|100%|HC|  |TAMS 0x0000000081e00000, 0x0000000081d00000| Complete 
|  30|0x0000000081e00000, 0x0000000081f00000, 0x0000000081f00000|100%|HS|  |TAMS 0x0000000081f00000, 0x0000000081e00000| Complete 
|  31|0x0000000081f00000, 0x0000000082000000, 0x0000000082000000|100%|HC|  |TAMS 0x0000000082000000, 0x0000000081f00000| Complete 
|  32|0x0000000082000000, 0x0000000082100000, 0x0000000082100000|100%| O|  |TAMS 0x0000000082100000, 0x0000000082000000| Untracked 
|  33|0x0000000082100000, 0x0000000082200000, 0x0000000082200000|100%| O|  |TAMS 0x0000000082200000, 0x0000000082100000| Untracked 
|  34|0x0000000082200000, 0x0000000082300000, 0x0000000082300000|100%| O|  |TAMS 0x0000000082300000, 0x0000000082200000| Untracked 
|  35|0x0000000082300000, 0x0000000082400000, 0x0000000082400000|100%| O|  |TAMS 0x0000000082400000, 0x0000000082300000| Untracked 
|  36|0x0000000082400000, 0x0000000082500000, 0x0000000082500000|100%| O|  |TAMS 0x0000000082500000, 0x0000000082400000| Untracked 
|  37|0x0000000082500000, 0x0000000082600000, 0x0000000082600000|100%| O|  |TAMS 0x0000000082600000, 0x0000000082500000| Untracked 
|  38|0x0000000082600000, 0x0000000082700000, 0x0000000082700000|100%| O|  |TAMS 0x0000000082700000, 0x0000000082600000| Untracked 
|  39|0x0000000082700000, 0x0000000082800000, 0x0000000082800000|100%| O|  |TAMS 0x0000000082800000, 0x0000000082700000| Untracked 
|  40|0x0000000082800000, 0x0000000082900000, 0x0000000082900000|100%| O|  |TAMS 0x0000000082900000, 0x0000000082800000| Untracked 
|  41|0x0000000082900000, 0x0000000082a00000, 0x0000000082a00000|100%| O|  |TAMS 0x0000000082a00000, 0x0000000082900000| Untracked 
|  42|0x0000000082a00000, 0x0000000082b00000, 0x0000000082b00000|100%| O|  |TAMS 0x0000000082b00000, 0x0000000082a00000| Untracked 
|  43|0x0000000082b00000, 0x0000000082c00000, 0x0000000082c00000|100%| O|  |TAMS 0x0000000082c00000, 0x0000000082b00000| Untracked 
|  44|0x0000000082c00000, 0x0000000082d00000, 0x0000000082d00000|100%| O|  |TAMS 0x0000000082d00000, 0x0000000082c00000| Untracked 
|  45|0x0000000082d00000, 0x0000000082e00000, 0x0000000082e00000|100%| O|  |TAMS 0x0000000082e00000, 0x0000000082d00000| Untracked 
|  46|0x0000000082e00000, 0x0000000082f00000, 0x0000000082f00000|100%| O|  |TAMS 0x0000000082f00000, 0x0000000082e00000| Untracked 
|  47|0x0000000082f00000, 0x0000000083000000, 0x0000000083000000|100%| O|  |TAMS 0x0000000083000000, 0x0000000082f00000| Untracked 
|  48|0x0000000083000000, 0x0000000083100000, 0x0000000083100000|100%| O|  |TAMS 0x0000000083100000, 0x0000000083000000| Untracked 
|  49|0x0000000083100000, 0x0000000083200000, 0x0000000083200000|100%| O|  |TAMS 0x0000000083200000, 0x0000000083100000| Untracked 
|  50|0x0000000083200000, 0x0000000083300000, 0x0000000083300000|100%| O|  |TAMS 0x0000000083300000, 0x0000000083200000| Untracked 
|  51|0x0000000083300000, 0x0000000083400000, 0x0000000083400000|100%| O|  |TAMS 0x0000000083400000, 0x0000000083300000| Untracked 
|  52|0x0000000083400000, 0x0000000083500000, 0x0000000083500000|100%| O|  |TAMS 0x0000000083500000, 0x0000000083400000| Untracked 
|  53|0x0000000083500000, 0x0000000083600000, 0x0000000083600000|100%| O|  |TAMS 0x0000000083600000, 0x0000000083500000| Untracked 
|  54|0x0000000083600000, 0x0000000083700000, 0x0000000083700000|100%| O|  |TAMS 0x0000000083700000, 0x0000000083600000| Untracked 
|  55|0x0000000083700000, 0x0000000083800000, 0x0000000083800000|100%| O|  |TAMS 0x0000000083800000, 0x0000000083700000| Untracked 
|  56|0x0000000083800000, 0x0000000083900000, 0x0000000083900000|100%| O|  |TAMS 0x0000000083900000, 0x0000000083800000| Untracked 
|  57|0x0000000083900000, 0x0000000083a00000, 0x0000000083a00000|100%| O|  |TAMS 0x0000000083a00000, 0x0000000083900000| Untracked 
|  58|0x0000000083a00000, 0x0000000083b00000, 0x0000000083b00000|100%| O|  |TAMS 0x0000000083b00000, 0x0000000083a00000| Untracked 
|  59|0x0000000083b00000, 0x0000000083c00000, 0x0000000083c00000|100%| O|  |TAMS 0x0000000083c00000, 0x0000000083b00000| Untracked 
|  60|0x0000000083c00000, 0x0000000083d00000, 0x0000000083d00000|100%| O|  |TAMS 0x0000000083d00000, 0x0000000083c00000| Untracked 
|  61|0x0000000083d00000, 0x0000000083e00000, 0x0000000083e00000|100%| O|  |TAMS 0x0000000083e00000, 0x0000000083d00000| Untracked 
|  62|0x0000000083e00000, 0x0000000083f00000, 0x0000000083f00000|100%| O|  |TAMS 0x0000000083f00000, 0x0000000083e00000| Untracked 
|  63|0x0000000083f00000, 0x0000000084000000, 0x0000000084000000|100%| O|  |TAMS 0x0000000084000000, 0x0000000083f00000| Untracked 
|  64|0x0000000084000000, 0x0000000084100000, 0x0000000084100000|100%| O|  |TAMS 0x0000000084100000, 0x0000000084000000| Untracked 
|  65|0x0000000084100000, 0x0000000084200000, 0x0000000084200000|100%| O|  |TAMS 0x0000000084200000, 0x0000000084100000| Untracked 
|  66|0x0000000084200000, 0x0000000084300000, 0x0000000084300000|100%| O|  |TAMS 0x0000000084300000, 0x0000000084200000| Untracked 
|  67|0x0000000084300000, 0x0000000084400000, 0x0000000084400000|100%| O|  |TAMS 0x0000000084400000, 0x0000000084300000| Untracked 
|  68|0x0000000084400000, 0x0000000084500000, 0x0000000084500000|100%| O|  |TAMS 0x0000000084500000, 0x0000000084400000| Untracked 
|  69|0x0000000084500000, 0x0000000084600000, 0x0000000084600000|100%| O|  |TAMS 0x0000000084600000, 0x0000000084500000| Untracked 
|  70|0x0000000084600000, 0x0000000084700000, 0x0000000084700000|100%| O|  |TAMS 0x0000000084700000, 0x0000000084600000| Untracked 
|  71|0x0000000084700000, 0x0000000084800000, 0x0000000084800000|100%| O|  |TAMS 0x0000000084800000, 0x0000000084700000| Untracked 
|  72|0x0000000084800000, 0x0000000084900000, 0x0000000084900000|100%| O|  |TAMS 0x0000000084800000, 0x0000000084800000| Untracked 
|  73|0x0000000084900000, 0x0000000084a00000, 0x0000000084a00000|100%| O|  |TAMS 0x0000000084a00000, 0x0000000084900000| Untracked 
|  74|0x0000000084a00000, 0x0000000084b00000, 0x0000000084b00000|100%| O|  |TAMS 0x0000000084a00000, 0x0000000084a00000| Untracked 
|  75|0x0000000084b00000, 0x0000000084c00000, 0x0000000084c00000|100%| O|  |TAMS 0x0000000084c00000, 0x0000000084b00000| Untracked 
|  76|0x0000000084c00000, 0x0000000084d00000, 0x0000000084d00000|100%| O|  |TAMS 0x0000000084d00000, 0x0000000084c00000| Untracked 
|  77|0x0000000084d00000, 0x0000000084e00000, 0x0000000084e00000|100%| O|  |TAMS 0x0000000084d00000, 0x0000000084d00000| Untracked 
|  78|0x0000000084e00000, 0x0000000084f00000, 0x0000000084f00000|100%| O|  |TAMS 0x0000000084f00000, 0x0000000084e00000| Untracked 
|  79|0x0000000084f00000, 0x0000000085000000, 0x0000000085000000|100%| O|  |TAMS 0x0000000085000000, 0x0000000084f00000| Untracked 
|  80|0x0000000085000000, 0x0000000085100000, 0x0000000085100000|100%| O|  |TAMS 0x0000000085100000, 0x0000000085000000| Untracked 
|  81|0x0000000085100000, 0x0000000085200000, 0x0000000085200000|100%| O|  |TAMS 0x0000000085200000, 0x0000000085100000| Untracked 
|  82|0x0000000085200000, 0x0000000085300000, 0x0000000085300000|100%| O|  |TAMS 0x0000000085300000, 0x0000000085200000| Untracked 
|  83|0x0000000085300000, 0x0000000085400000, 0x0000000085400000|100%| O|  |TAMS 0x0000000085400000, 0x0000000085300000| Untracked 
|  84|0x0000000085400000, 0x0000000085500000, 0x0000000085500000|100%| O|  |TAMS 0x0000000085500000, 0x0000000085400000| Untracked 
|  85|0x0000000085500000, 0x0000000085600000, 0x0000000085600000|100%| O|  |TAMS 0x0000000085500000, 0x0000000085500000| Untracked 
|  86|0x0000000085600000, 0x0000000085700000, 0x0000000085700000|100%| O|  |TAMS 0x0000000085600000, 0x0000000085600000| Untracked 
|  87|0x0000000085700000, 0x0000000085800000, 0x0000000085800000|100%| O|  |TAMS 0x0000000085800000, 0x0000000085700000| Untracked 
|  88|0x0000000085800000, 0x0000000085900000, 0x0000000085900000|100%| O|  |TAMS 0x0000000085900000, 0x0000000085800000| Untracked 
|  89|0x0000000085900000, 0x0000000085a00000, 0x0000000085a00000|100%| O|  |TAMS 0x0000000085a00000, 0x0000000085900000| Untracked 
|  90|0x0000000085a00000, 0x0000000085b00000, 0x0000000085b00000|100%| O|  |TAMS 0x0000000085b00000, 0x0000000085a00000| Untracked 
|  91|0x0000000085b00000, 0x0000000085c00000, 0x0000000085c00000|100%| O|  |TAMS 0x0000000085c00000, 0x0000000085b00000| Untracked 
|  92|0x0000000085c00000, 0x0000000085d00000, 0x0000000085d00000|100%| O|  |TAMS 0x0000000085d00000, 0x0000000085c00000| Untracked 
|  93|0x0000000085d00000, 0x0000000085e00000, 0x0000000085e00000|100%| O|  |TAMS 0x0000000085e00000, 0x0000000085d00000| Untracked 
|  94|0x0000000085e00000, 0x0000000085f00000, 0x0000000085f00000|100%| O|  |TAMS 0x0000000085f00000, 0x0000000085e00000| Untracked 
|  95|0x0000000085f00000, 0x0000000086000000, 0x0000000086000000|100%| O|  |TAMS 0x0000000086000000, 0x0000000085f00000| Untracked 
|  96|0x0000000086000000, 0x0000000086100000, 0x0000000086100000|100%| O|  |TAMS 0x0000000086100000, 0x0000000086000000| Untracked 
|  97|0x0000000086100000, 0x0000000086200000, 0x0000000086200000|100%| O|  |TAMS 0x0000000086200000, 0x0000000086100000| Untracked 
|  98|0x0000000086200000, 0x0000000086300000, 0x0000000086300000|100%| O|  |TAMS 0x0000000086300000, 0x0000000086200000| Untracked 
|  99|0x0000000086300000, 0x0000000086400000, 0x0000000086400000|100%| O|  |TAMS 0x0000000086300000, 0x0000000086300000| Untracked 
| 100|0x0000000086400000, 0x0000000086500000, 0x0000000086500000|100%| O|  |TAMS 0x0000000086500000, 0x0000000086400000| Untracked 
| 101|0x0000000086500000, 0x0000000086600000, 0x0000000086600000|100%| O|  |TAMS 0x0000000086600000, 0x0000000086500000| Untracked 
| 102|0x0000000086600000, 0x0000000086700000, 0x0000000086700000|100%| O|  |TAMS 0x0000000086700000, 0x0000000086600000| Untracked 
| 103|0x0000000086700000, 0x0000000086800000, 0x0000000086800000|100%| O|  |TAMS 0x0000000086800000, 0x0000000086700000| Untracked 
| 104|0x0000000086800000, 0x0000000086900000, 0x0000000086900000|100%| O|  |TAMS 0x0000000086900000, 0x0000000086800000| Untracked 
| 105|0x0000000086900000, 0x0000000086a00000, 0x0000000086a00000|100%| O|  |TAMS 0x0000000086a00000, 0x0000000086900000| Untracked 
| 106|0x0000000086a00000, 0x0000000086b00000, 0x0000000086b00000|100%| O|  |TAMS 0x0000000086b00000, 0x0000000086a00000| Untracked 
| 107|0x0000000086b00000, 0x0000000086c00000, 0x0000000086c00000|100%| O|  |TAMS 0x0000000086c00000, 0x0000000086b00000| Untracked 
| 108|0x0000000086c00000, 0x0000000086d00000, 0x0000000086d00000|100%| O|  |TAMS 0x0000000086d00000, 0x0000000086c00000| Untracked 
| 109|0x0000000086d00000, 0x0000000086e00000, 0x0000000086e00000|100%| O|  |TAMS 0x0000000086e00000, 0x0000000086d00000| Untracked 
| 110|0x0000000086e00000, 0x0000000086f00000, 0x0000000086f00000|100%| O|  |TAMS 0x0000000086f00000, 0x0000000086e00000| Untracked 
| 111|0x0000000086f00000, 0x0000000087000000, 0x0000000087000000|100%| O|  |TAMS 0x0000000087000000, 0x0000000086f00000| Untracked 
| 112|0x0000000087000000, 0x0000000087100000, 0x0000000087100000|100%| O|  |TAMS 0x0000000087100000, 0x0000000087000000| Untracked 
| 113|0x0000000087100000, 0x0000000087200000, 0x0000000087200000|100%| O|  |TAMS 0x0000000087200000, 0x0000000087100000| Untracked 
| 114|0x0000000087200000, 0x0000000087300000, 0x0000000087300000|100%| O|  |TAMS 0x0000000087300000, 0x0000000087200000| Untracked 
| 115|0x0000000087300000, 0x0000000087400000, 0x0000000087400000|100%| O|  |TAMS 0x0000000087400000, 0x0000000087300000| Untracked 
| 116|0x0000000087400000, 0x0000000087500000, 0x0000000087500000|100%| O|  |TAMS 0x0000000087500000, 0x0000000087400000| Untracked 
| 117|0x0000000087500000, 0x0000000087600000, 0x0000000087600000|100%| O|  |TAMS 0x0000000087600000, 0x0000000087500000| Untracked 
| 118|0x0000000087600000, 0x0000000087700000, 0x0000000087700000|100%| O|  |TAMS 0x00000000876f0000, 0x0000000087600000| Untracked 
| 119|0x0000000087700000, 0x0000000087800000, 0x0000000087800000|100%| O|  |TAMS 0x0000000087700000, 0x0000000087700000| Untracked 
| 120|0x0000000087800000, 0x0000000087900000, 0x0000000087900000|100%| O|  |TAMS 0x0000000087800000, 0x0000000087800000| Untracked 
| 121|0x0000000087900000, 0x0000000087a00000, 0x0000000087a00000|100%| O|  |TAMS 0x0000000087900000, 0x0000000087900000| Untracked 
| 122|0x0000000087a00000, 0x0000000087b00000, 0x0000000087b00000|100%| O|  |TAMS 0x0000000087a00000, 0x0000000087a00000| Untracked 
| 123|0x0000000087b00000, 0x0000000087c00000, 0x0000000087c00000|100%| O|  |TAMS 0x0000000087b00000, 0x0000000087b00000| Untracked 
| 124|0x0000000087c00000, 0x0000000087d00000, 0x0000000087d00000|100%| O|  |TAMS 0x0000000087c00000, 0x0000000087c00000| Untracked 
| 125|0x0000000087d00000, 0x0000000087e00000, 0x0000000087e00000|100%| O|  |TAMS 0x0000000087d00000, 0x0000000087d00000| Untracked 
| 126|0x0000000087e00000, 0x0000000087f00000, 0x0000000087f00000|100%| O|  |TAMS 0x0000000087e00000, 0x0000000087e00000| Untracked 
| 127|0x0000000087f00000, 0x0000000088000000, 0x0000000088000000|100%| O|  |TAMS 0x0000000087f00000, 0x0000000087f00000| Untracked 
| 128|0x0000000088000000, 0x0000000088100000, 0x0000000088100000|100%| O|  |TAMS 0x0000000088000000, 0x0000000088000000| Untracked 
| 129|0x0000000088100000, 0x0000000088200000, 0x0000000088200000|100%| O|  |TAMS 0x0000000088100000, 0x0000000088100000| Untracked 
| 130|0x0000000088200000, 0x0000000088300000, 0x0000000088300000|100%| O|  |TAMS 0x0000000088200000, 0x0000000088200000| Untracked 
| 131|0x0000000088300000, 0x0000000088400000, 0x0000000088400000|100%| O|  |TAMS 0x0000000088300000, 0x0000000088300000| Untracked 
| 132|0x0000000088400000, 0x0000000088500000, 0x0000000088500000|100%| O|  |TAMS 0x0000000088400000, 0x0000000088400000| Untracked 
| 133|0x0000000088500000, 0x0000000088600000, 0x0000000088600000|100%| O|  |TAMS 0x0000000088500000, 0x0000000088500000| Untracked 
| 134|0x0000000088600000, 0x0000000088700000, 0x0000000088700000|100%| O|  |TAMS 0x0000000088600000, 0x0000000088600000| Untracked 
| 135|0x0000000088700000, 0x0000000088800000, 0x0000000088800000|100%| O|  |TAMS 0x0000000088700000, 0x0000000088700000| Untracked 
| 136|0x0000000088800000, 0x0000000088900000, 0x0000000088900000|100%| O|  |TAMS 0x0000000088800000, 0x0000000088800000| Untracked 
| 137|0x0000000088900000, 0x0000000088a00000, 0x0000000088a00000|100%| O|  |TAMS 0x0000000088900000, 0x0000000088900000| Untracked 
| 138|0x0000000088a00000, 0x0000000088b00000, 0x0000000088b00000|100%| O|  |TAMS 0x0000000088a00000, 0x0000000088a00000| Untracked 
| 139|0x0000000088b00000, 0x0000000088c00000, 0x0000000088c00000|100%| O|  |TAMS 0x0000000088b00000, 0x0000000088b00000| Untracked 
| 140|0x0000000088c00000, 0x0000000088d00000, 0x0000000088d00000|100%| O|  |TAMS 0x0000000088c00000, 0x0000000088c00000| Untracked 
| 141|0x0000000088d00000, 0x0000000088e00000, 0x0000000088e00000|100%| O|  |TAMS 0x0000000088d00000, 0x0000000088d00000| Untracked 
| 142|0x0000000088e00000, 0x0000000088f00000, 0x0000000088f00000|100%| O|  |TAMS 0x0000000088e00000, 0x0000000088e00000| Untracked 
| 143|0x0000000088f00000, 0x0000000089000000, 0x0000000089000000|100%| O|  |TAMS 0x0000000088f00000, 0x0000000088f00000| Untracked 
| 144|0x0000000089000000, 0x0000000089100000, 0x0000000089100000|100%| O|  |TAMS 0x0000000089000000, 0x0000000089000000| Untracked 
| 145|0x0000000089100000, 0x0000000089200000, 0x0000000089200000|100%| O|  |TAMS 0x0000000089100000, 0x0000000089100000| Untracked 
| 146|0x0000000089200000, 0x0000000089300000, 0x0000000089300000|100%|HS|  |TAMS 0x0000000089200000, 0x0000000089200000| Complete 
| 147|0x0000000089300000, 0x0000000089400000, 0x0000000089400000|100%|HC|  |TAMS 0x0000000089300000, 0x0000000089300000| Complete 
| 148|0x0000000089400000, 0x0000000089500000, 0x0000000089500000|100%| O|  |TAMS 0x0000000089400000, 0x0000000089400000| Untracked 
| 149|0x0000000089500000, 0x0000000089600000, 0x0000000089600000|100%| O|  |TAMS 0x0000000089500000, 0x0000000089500000| Untracked 
| 150|0x0000000089600000, 0x0000000089700000, 0x0000000089700000|100%| O|  |TAMS 0x0000000089600000, 0x0000000089600000| Untracked 
| 151|0x0000000089700000, 0x0000000089800000, 0x0000000089800000|100%| O|  |TAMS 0x0000000089700000, 0x0000000089700000| Untracked 
| 152|0x0000000089800000, 0x0000000089900000, 0x0000000089900000|100%| O|  |TAMS 0x0000000089800000, 0x0000000089800000| Untracked 
| 153|0x0000000089900000, 0x0000000089a00000, 0x0000000089a00000|100%| O|  |TAMS 0x0000000089900000, 0x0000000089900000| Untracked 
| 154|0x0000000089a00000, 0x0000000089b00000, 0x0000000089b00000|100%| O|  |TAMS 0x0000000089a00000, 0x0000000089a00000| Untracked 
| 155|0x0000000089b00000, 0x0000000089c00000, 0x0000000089c00000|100%| O|  |TAMS 0x0000000089b00000, 0x0000000089b00000| Untracked 
| 156|0x0000000089c00000, 0x0000000089d00000, 0x0000000089d00000|100%| O|  |TAMS 0x0000000089c00000, 0x0000000089c00000| Untracked 
| 157|0x0000000089d00000, 0x0000000089e00000, 0x0000000089e00000|100%| O|  |TAMS 0x0000000089d00000, 0x0000000089d00000| Untracked 
| 158|0x0000000089e00000, 0x0000000089f00000, 0x0000000089f00000|100%| O|  |TAMS 0x0000000089e00000, 0x0000000089e00000| Untracked 
| 159|0x0000000089f00000, 0x000000008a000000, 0x000000008a000000|100%| O|  |TAMS 0x0000000089f00000, 0x0000000089f00000| Untracked 
| 160|0x000000008a000000, 0x000000008a100000, 0x000000008a100000|100%| O|  |TAMS 0x000000008a000000, 0x000000008a000000| Untracked 
| 161|0x000000008a100000, 0x000000008a200000, 0x000000008a200000|100%| O|  |TAMS 0x000000008a100000, 0x000000008a100000| Untracked 
| 162|0x000000008a200000, 0x000000008a300000, 0x000000008a300000|100%| O|  |TAMS 0x000000008a200000, 0x000000008a200000| Untracked 
| 163|0x000000008a300000, 0x000000008a400000, 0x000000008a400000|100%| O|  |TAMS 0x000000008a300000, 0x000000008a300000| Untracked 
| 164|0x000000008a400000, 0x000000008a500000, 0x000000008a500000|100%| O|  |TAMS 0x000000008a400000, 0x000000008a400000| Untracked 
| 165|0x000000008a500000, 0x000000008a600000, 0x000000008a600000|100%| O|  |TAMS 0x000000008a500000, 0x000000008a500000| Untracked 
| 166|0x000000008a600000, 0x000000008a700000, 0x000000008a700000|100%| O|  |TAMS 0x000000008a600000, 0x000000008a600000| Untracked 
| 167|0x000000008a700000, 0x000000008a800000, 0x000000008a800000|100%| O|  |TAMS 0x000000008a700000, 0x000000008a700000| Untracked 
| 168|0x000000008a800000, 0x000000008a880000, 0x000000008a900000| 50%| O|  |TAMS 0x000000008a800000, 0x000000008a800000| Untracked 
| 169|0x000000008a900000, 0x000000008a900000, 0x000000008aa00000|  0%| F|  |TAMS 0x000000008a900000, 0x000000008a900000| Untracked 
| 170|0x000000008aa00000, 0x000000008aa00000, 0x000000008ab00000|  0%| F|  |TAMS 0x000000008aa00000, 0x000000008aa00000| Untracked 
| 171|0x000000008ab00000, 0x000000008ab00000, 0x000000008ac00000|  0%| F|  |TAMS 0x000000008ab00000, 0x000000008ab00000| Untracked 
| 172|0x000000008ac00000, 0x000000008ac00000, 0x000000008ad00000|  0%| F|  |TAMS 0x000000008ac00000, 0x000000008ac00000| Untracked 
| 173|0x000000008ad00000, 0x000000008ad00000, 0x000000008ae00000|  0%| F|  |TAMS 0x000000008ad00000, 0x000000008ad00000| Untracked 
| 174|0x000000008ae00000, 0x000000008ae00000, 0x000000008af00000|  0%| F|  |TAMS 0x000000008ae00000, 0x000000008ae00000| Untracked 
| 175|0x000000008af00000, 0x000000008af00000, 0x000000008b000000|  0%| F|  |TAMS 0x000000008af00000, 0x000000008af00000| Untracked 
| 176|0x000000008b000000, 0x000000008b000000, 0x000000008b100000|  0%| F|  |TAMS 0x000000008b000000, 0x000000008b000000| Untracked 
| 177|0x000000008b100000, 0x000000008b100000, 0x000000008b200000|  0%| F|  |TAMS 0x000000008b100000, 0x000000008b100000| Untracked 
| 178|0x000000008b200000, 0x000000008b200000, 0x000000008b300000|  0%| F|  |TAMS 0x000000008b200000, 0x000000008b200000| Untracked 
| 179|0x000000008b300000, 0x000000008b300000, 0x000000008b400000|  0%| F|  |TAMS 0x000000008b300000, 0x000000008b300000| Untracked 
| 180|0x000000008b400000, 0x000000008b400000, 0x000000008b500000|  0%| F|  |TAMS 0x000000008b400000, 0x000000008b400000| Untracked 
| 181|0x000000008b500000, 0x000000008b500000, 0x000000008b600000|  0%| F|  |TAMS 0x000000008b500000, 0x000000008b500000| Untracked 
| 182|0x000000008b600000, 0x000000008b600000, 0x000000008b700000|  0%| F|  |TAMS 0x000000008b600000, 0x000000008b600000| Untracked 
| 183|0x000000008b700000, 0x000000008b700000, 0x000000008b800000|  0%| F|  |TAMS 0x000000008b700000, 0x000000008b700000| Untracked 
| 184|0x000000008b800000, 0x000000008b800000, 0x000000008b900000|  0%| F|  |TAMS 0x000000008b800000, 0x000000008b800000| Untracked 
| 185|0x000000008b900000, 0x000000008b900000, 0x000000008ba00000|  0%| F|  |TAMS 0x000000008b900000, 0x000000008b900000| Untracked 
| 186|0x000000008ba00000, 0x000000008ba00000, 0x000000008bb00000|  0%| F|  |TAMS 0x000000008ba00000, 0x000000008ba00000| Untracked 
| 187|0x000000008bb00000, 0x000000008bb00000, 0x000000008bc00000|  0%| F|  |TAMS 0x000000008bb00000, 0x000000008bb00000| Untracked 
| 188|0x000000008bc00000, 0x000000008bc00000, 0x000000008bd00000|  0%| F|  |TAMS 0x000000008bc00000, 0x000000008bc00000| Untracked 
| 189|0x000000008bd00000, 0x000000008bd00000, 0x000000008be00000|  0%| F|  |TAMS 0x000000008bd00000, 0x000000008bd00000| Untracked 
| 190|0x000000008be00000, 0x000000008be00000, 0x000000008bf00000|  0%| F|  |TAMS 0x000000008be00000, 0x000000008be00000| Untracked 
| 191|0x000000008bf00000, 0x000000008bf00000, 0x000000008c000000|  0%| F|  |TAMS 0x000000008bf00000, 0x000000008bf00000| Untracked 
| 192|0x000000008c000000, 0x000000008c000000, 0x000000008c100000|  0%| F|  |TAMS 0x000000008c000000, 0x000000008c000000| Untracked 
| 193|0x000000008c100000, 0x000000008c100000, 0x000000008c200000|  0%| F|  |TAMS 0x000000008c100000, 0x000000008c100000| Untracked 
| 194|0x000000008c200000, 0x000000008c200000, 0x000000008c300000|  0%| F|  |TAMS 0x000000008c200000, 0x000000008c200000| Untracked 
| 195|0x000000008c300000, 0x000000008c300000, 0x000000008c400000|  0%| F|  |TAMS 0x000000008c300000, 0x000000008c300000| Untracked 
| 196|0x000000008c400000, 0x000000008c400000, 0x000000008c500000|  0%| F|  |TAMS 0x000000008c400000, 0x000000008c400000| Untracked 
| 197|0x000000008c500000, 0x000000008c500000, 0x000000008c600000|  0%| F|  |TAMS 0x000000008c500000, 0x000000008c500000| Untracked 
| 198|0x000000008c600000, 0x000000008c600000, 0x000000008c700000|  0%| F|  |TAMS 0x000000008c600000, 0x000000008c600000| Untracked 
| 199|0x000000008c700000, 0x000000008c700000, 0x000000008c800000|  0%| F|  |TAMS 0x000000008c700000, 0x000000008c700000| Untracked 
| 200|0x000000008c800000, 0x000000008c800000, 0x000000008c900000|  0%| F|  |TAMS 0x000000008c800000, 0x000000008c800000| Untracked 
| 201|0x000000008c900000, 0x000000008c900000, 0x000000008ca00000|  0%| F|  |TAMS 0x000000008c900000, 0x000000008c900000| Untracked 
| 202|0x000000008ca00000, 0x000000008ca00000, 0x000000008cb00000|  0%| F|  |TAMS 0x000000008ca00000, 0x000000008ca00000| Untracked 
| 203|0x000000008cb00000, 0x000000008cb00000, 0x000000008cc00000|  0%| F|  |TAMS 0x000000008cb00000, 0x000000008cb00000| Untracked 
| 204|0x000000008cc00000, 0x000000008cc00000, 0x000000008cd00000|  0%| F|  |TAMS 0x000000008cc00000, 0x000000008cc00000| Untracked 
| 205|0x000000008cd00000, 0x000000008cd00000, 0x000000008ce00000|  0%| F|  |TAMS 0x000000008cd00000, 0x000000008cd00000| Untracked 
| 206|0x000000008ce00000, 0x000000008ce00000, 0x000000008cf00000|  0%| F|  |TAMS 0x000000008ce00000, 0x000000008ce00000| Untracked 
| 207|0x000000008cf00000, 0x000000008cf00000, 0x000000008d000000|  0%| F|  |TAMS 0x000000008cf00000, 0x000000008cf00000| Untracked 
| 208|0x000000008d000000, 0x000000008d000000, 0x000000008d100000|  0%| F|  |TAMS 0x000000008d000000, 0x000000008d000000| Untracked 
| 209|0x000000008d100000, 0x000000008d100000, 0x000000008d200000|  0%| F|  |TAMS 0x000000008d100000, 0x000000008d100000| Untracked 
| 210|0x000000008d200000, 0x000000008d200000, 0x000000008d300000|  0%| F|  |TAMS 0x000000008d200000, 0x000000008d200000| Untracked 
| 211|0x000000008d300000, 0x000000008d300000, 0x000000008d400000|  0%| F|  |TAMS 0x000000008d300000, 0x000000008d300000| Untracked 
| 212|0x000000008d400000, 0x000000008d400000, 0x000000008d500000|  0%| F|  |TAMS 0x000000008d400000, 0x000000008d400000| Untracked 
| 213|0x000000008d500000, 0x000000008d500000, 0x000000008d600000|  0%| F|  |TAMS 0x000000008d500000, 0x000000008d500000| Untracked 
| 214|0x000000008d600000, 0x000000008d600000, 0x000000008d700000|  0%| F|  |TAMS 0x000000008d600000, 0x000000008d600000| Untracked 
| 215|0x000000008d700000, 0x000000008d780000, 0x000000008d800000| 50%| S|CS|TAMS 0x000000008d700000, 0x000000008d700000| Complete 
| 216|0x000000008d800000, 0x000000008d900000, 0x000000008d900000|100%| S|CS|TAMS 0x000000008d800000, 0x000000008d800000| Complete 
| 217|0x000000008d900000, 0x000000008da00000, 0x000000008da00000|100%| S|CS|TAMS 0x000000008d900000, 0x000000008d900000| Complete 
| 218|0x000000008da00000, 0x000000008db00000, 0x000000008db00000|100%| S|CS|TAMS 0x000000008da00000, 0x000000008da00000| Complete 
| 219|0x000000008db00000, 0x000000008dc00000, 0x000000008dc00000|100%| S|CS|TAMS 0x000000008db00000, 0x000000008db00000| Complete 
| 220|0x000000008dc00000, 0x000000008dc00000, 0x000000008dd00000|  0%| F|  |TAMS 0x000000008dc00000, 0x000000008dc00000| Untracked 
| 221|0x000000008dd00000, 0x000000008dd00000, 0x000000008de00000|  0%| F|  |TAMS 0x000000008dd00000, 0x000000008dd00000| Untracked 
| 222|0x000000008de00000, 0x000000008de00000, 0x000000008df00000|  0%| F|  |TAMS 0x000000008de00000, 0x000000008de00000| Untracked 
| 223|0x000000008df00000, 0x000000008df00000, 0x000000008e000000|  0%| F|  |TAMS 0x000000008df00000, 0x000000008df00000| Untracked 
| 224|0x000000008e000000, 0x000000008e000000, 0x000000008e100000|  0%| F|  |TAMS 0x000000008e000000, 0x000000008e000000| Untracked 
| 225|0x000000008e100000, 0x000000008e100000, 0x000000008e200000|  0%| F|  |TAMS 0x000000008e100000, 0x000000008e100000| Untracked 
| 226|0x000000008e200000, 0x000000008e200000, 0x000000008e300000|  0%| F|  |TAMS 0x000000008e200000, 0x000000008e200000| Untracked 
| 227|0x000000008e300000, 0x000000008e300000, 0x000000008e400000|  0%| F|  |TAMS 0x000000008e300000, 0x000000008e300000| Untracked 
| 228|0x000000008e400000, 0x000000008e400000, 0x000000008e500000|  0%| F|  |TAMS 0x000000008e400000, 0x000000008e400000| Untracked 
| 229|0x000000008e500000, 0x000000008e500000, 0x000000008e600000|  0%| F|  |TAMS 0x000000008e500000, 0x000000008e500000| Untracked 
| 230|0x000000008e600000, 0x000000008e600000, 0x000000008e700000|  0%| F|  |TAMS 0x000000008e600000, 0x000000008e600000| Untracked 
| 231|0x000000008e700000, 0x000000008e700000, 0x000000008e800000|  0%| F|  |TAMS 0x000000008e700000, 0x000000008e700000| Untracked 
| 232|0x000000008e800000, 0x000000008e800000, 0x000000008e900000|  0%| F|  |TAMS 0x000000008e800000, 0x000000008e800000| Untracked 
| 233|0x000000008e900000, 0x000000008e900000, 0x000000008ea00000|  0%| F|  |TAMS 0x000000008e900000, 0x000000008e900000| Untracked 
| 234|0x000000008ea00000, 0x000000008ea00000, 0x000000008eb00000|  0%| F|  |TAMS 0x000000008ea00000, 0x000000008ea00000| Untracked 
| 235|0x000000008eb00000, 0x000000008eb00000, 0x000000008ec00000|  0%| F|  |TAMS 0x000000008eb00000, 0x000000008eb00000| Untracked 
| 236|0x000000008ec00000, 0x000000008ec00000, 0x000000008ed00000|  0%| F|  |TAMS 0x000000008ec00000, 0x000000008ec00000| Untracked 
| 237|0x000000008ed00000, 0x000000008ed00000, 0x000000008ee00000|  0%| F|  |TAMS 0x000000008ed00000, 0x000000008ed00000| Untracked 
| 238|0x000000008ee00000, 0x000000008ee00000, 0x000000008ef00000|  0%| F|  |TAMS 0x000000008ee00000, 0x000000008ee00000| Untracked 
| 239|0x000000008ef00000, 0x000000008ef00000, 0x000000008f000000|  0%| F|  |TAMS 0x000000008ef00000, 0x000000008ef00000| Untracked 
| 240|0x000000008f000000, 0x000000008f000000, 0x000000008f100000|  0%| F|  |TAMS 0x000000008f000000, 0x000000008f000000| Untracked 
| 241|0x000000008f100000, 0x000000008f100000, 0x000000008f200000|  0%| F|  |TAMS 0x000000008f100000, 0x000000008f100000| Untracked 
| 242|0x000000008f200000, 0x000000008f200000, 0x000000008f300000|  0%| F|  |TAMS 0x000000008f200000, 0x000000008f200000| Untracked 
| 243|0x000000008f300000, 0x000000008f300000, 0x000000008f400000|  0%| F|  |TAMS 0x000000008f300000, 0x000000008f300000| Untracked 
| 244|0x000000008f400000, 0x000000008f400000, 0x000000008f500000|  0%| F|  |TAMS 0x000000008f400000, 0x000000008f400000| Untracked 
| 245|0x000000008f500000, 0x000000008f500000, 0x000000008f600000|  0%| F|  |TAMS 0x000000008f500000, 0x000000008f500000| Untracked 
| 246|0x000000008f600000, 0x000000008f600000, 0x000000008f700000|  0%| F|  |TAMS 0x000000008f600000, 0x000000008f600000| Untracked 
| 247|0x000000008f700000, 0x000000008f700000, 0x000000008f800000|  0%| F|  |TAMS 0x000000008f700000, 0x000000008f700000| Untracked 
| 248|0x000000008f800000, 0x000000008f800000, 0x000000008f900000|  0%| F|  |TAMS 0x000000008f800000, 0x000000008f800000| Untracked 
| 249|0x000000008f900000, 0x000000008f900000, 0x000000008fa00000|  0%| F|  |TAMS 0x000000008f900000, 0x000000008f900000| Untracked 
| 250|0x000000008fa00000, 0x000000008fa00000, 0x000000008fb00000|  0%| F|  |TAMS 0x000000008fa00000, 0x000000008fa00000| Untracked 
| 251|0x000000008fb00000, 0x000000008fb00000, 0x000000008fc00000|  0%| F|  |TAMS 0x000000008fb00000, 0x000000008fb00000| Untracked 
| 252|0x000000008fc00000, 0x000000008fc00000, 0x000000008fd00000|  0%| F|  |TAMS 0x000000008fc00000, 0x000000008fc00000| Untracked 
| 253|0x000000008fd00000, 0x000000008fd00000, 0x000000008fe00000|  0%| F|  |TAMS 0x000000008fd00000, 0x000000008fd00000| Untracked 
| 254|0x000000008fe00000, 0x000000008fe00000, 0x000000008ff00000|  0%| F|  |TAMS 0x000000008fe00000, 0x000000008fe00000| Untracked 
| 255|0x000000008ff00000, 0x000000008ff00000, 0x0000000090000000|  0%| F|  |TAMS 0x000000008ff00000, 0x000000008ff00000| Untracked 
| 256|0x0000000090000000, 0x0000000090000000, 0x0000000090100000|  0%| F|  |TAMS 0x0000000090000000, 0x0000000090000000| Untracked 
| 257|0x0000000090100000, 0x0000000090100000, 0x0000000090200000|  0%| F|  |TAMS 0x0000000090100000, 0x0000000090100000| Untracked 
| 258|0x0000000090200000, 0x0000000090200000, 0x0000000090300000|  0%| F|  |TAMS 0x0000000090200000, 0x0000000090200000| Untracked 
| 259|0x0000000090300000, 0x0000000090300000, 0x0000000090400000|  0%| F|  |TAMS 0x0000000090300000, 0x0000000090300000| Untracked 
| 260|0x0000000090400000, 0x0000000090400000, 0x0000000090500000|  0%| F|  |TAMS 0x0000000090400000, 0x0000000090400000| Untracked 
| 261|0x0000000090500000, 0x0000000090500000, 0x0000000090600000|  0%| F|  |TAMS 0x0000000090500000, 0x0000000090500000| Untracked 
| 262|0x0000000090600000, 0x0000000090600000, 0x0000000090700000|  0%| F|  |TAMS 0x0000000090600000, 0x0000000090600000| Untracked 
| 263|0x0000000090700000, 0x0000000090700000, 0x0000000090800000|  0%| F|  |TAMS 0x0000000090700000, 0x0000000090700000| Untracked 
| 264|0x0000000090800000, 0x0000000090800000, 0x0000000090900000|  0%| F|  |TAMS 0x0000000090800000, 0x0000000090800000| Untracked 
| 265|0x0000000090900000, 0x0000000090900000, 0x0000000090a00000|  0%| F|  |TAMS 0x0000000090900000, 0x0000000090900000| Untracked 
| 266|0x0000000090a00000, 0x0000000090a00000, 0x0000000090b00000|  0%| F|  |TAMS 0x0000000090a00000, 0x0000000090a00000| Untracked 
| 267|0x0000000090b00000, 0x0000000090b00000, 0x0000000090c00000|  0%| F|  |TAMS 0x0000000090b00000, 0x0000000090b00000| Untracked 
| 268|0x0000000090c00000, 0x0000000090c00000, 0x0000000090d00000|  0%| F|  |TAMS 0x0000000090c00000, 0x0000000090c00000| Untracked 
| 269|0x0000000090d00000, 0x0000000090d00000, 0x0000000090e00000|  0%| F|  |TAMS 0x0000000090d00000, 0x0000000090d00000| Untracked 
| 270|0x0000000090e00000, 0x0000000090e00000, 0x0000000090f00000|  0%| F|  |TAMS 0x0000000090e00000, 0x0000000090e00000| Untracked 
| 271|0x0000000090f00000, 0x0000000090f00000, 0x0000000091000000|  0%| F|  |TAMS 0x0000000090f00000, 0x0000000090f00000| Untracked 
| 272|0x0000000091000000, 0x0000000091000000, 0x0000000091100000|  0%| F|  |TAMS 0x0000000091000000, 0x0000000091000000| Untracked 
| 273|0x0000000091100000, 0x0000000091100000, 0x0000000091200000|  0%| F|  |TAMS 0x0000000091100000, 0x0000000091100000| Untracked 
| 274|0x0000000091200000, 0x0000000091200000, 0x0000000091300000|  0%| F|  |TAMS 0x0000000091200000, 0x0000000091200000| Untracked 
| 275|0x0000000091300000, 0x0000000091300000, 0x0000000091400000|  0%| F|  |TAMS 0x0000000091300000, 0x0000000091300000| Untracked 
| 276|0x0000000091400000, 0x0000000091400000, 0x0000000091500000|  0%| F|  |TAMS 0x0000000091400000, 0x0000000091400000| Untracked 
| 277|0x0000000091500000, 0x0000000091500000, 0x0000000091600000|  0%| F|  |TAMS 0x0000000091500000, 0x0000000091500000| Untracked 
| 278|0x0000000091600000, 0x0000000091600000, 0x0000000091700000|  0%| F|  |TAMS 0x0000000091600000, 0x0000000091600000| Untracked 
| 279|0x0000000091700000, 0x0000000091700000, 0x0000000091800000|  0%| F|  |TAMS 0x0000000091700000, 0x0000000091700000| Untracked 
| 280|0x0000000091800000, 0x0000000091800000, 0x0000000091900000|  0%| F|  |TAMS 0x0000000091800000, 0x0000000091800000| Untracked 

Card table byte_map: [0x000001cf78510000,0x000001cf78910000] _byte_map_base: 0x000001cf78110000

Marking Bits (Prev, Next): (CMBitMap*) 0x000001cf65bd1a18, (CMBitMap*) 0x000001cf65bd1a50
 Prev Bits: [0x000001cf78d10000, 0x000001cf7ad10000)
 Next Bits: [0x000001cf7ad10000, 0x000001cf7cd10000)

Polling page: 0x000001cf63a00000

Metaspace:

Usage:
  Non-class:     85.67 MB capacity,    84.18 MB ( 98%) used,     1.20 MB (  1%) free+waste,   292.75 KB ( <1%) overhead. 
      Class:     13.21 MB capacity,    12.27 MB ( 93%) used,   828.51 KB (  6%) free+waste,   129.00 KB ( <1%) overhead. 
       Both:     98.88 MB capacity,    96.46 MB ( 98%) used,     2.01 MB (  2%) free+waste,   421.75 KB ( <1%) overhead. 

Virtual space:
  Non-class space:       86.00 MB reserved,      85.75 MB (>99%) committed 
      Class space:        1.00 GB reserved,      13.25 MB (  1%) committed 
             Both:        1.08 GB reserved,      99.00 MB (  9%) committed 

Chunk freelists:
   Non-Class:  17.00 KB
       Class:  9.00 KB
        Both:  26.00 KB

MaxMetaspaceSize: 17179869184.00 GB
CompressedClassSpaceSize: 1.00 GB

CodeHeap 'non-profiled nmethods': size=120064Kb used=8578Kb max_used=8725Kb free=111485Kb
 bounds [0x000001cf70fd0000, 0x000001cf71880000, 0x000001cf78510000]
CodeHeap 'profiled nmethods': size=120000Kb used=31051Kb max_used=35443Kb free=88948Kb
 bounds [0x000001cf69aa0000, 0x000001cf6bd60000, 0x000001cf70fd0000]
CodeHeap 'non-nmethods': size=5696Kb used=2282Kb max_used=2353Kb free=3413Kb
 bounds [0x000001cf69510000, 0x000001cf69780000, 0x000001cf69aa0000]
 total_blobs=13770 nmethods=12870 adapters=810
 compilation: enabled
              stopped_count=0, restarted_count=0
 full_count=0

Compilation events (20 events):
Event: 212.071 Thread 0x000001cf7fa3d800 15417   !   2       java.nio.file.FileTreeWalker::next (144 bytes)
Event: 212.072 Thread 0x000001cf7fa3d800 nmethod 15417 0x000001cf69ce1990 code [0x000001cf69ce1be0, 0x000001cf69ce2228]
Event: 212.084 Thread 0x000001cf7fa3d800 15418       2       com.android.tools.r8.v.a.t.u::a (59 bytes)
Event: 212.085 Thread 0x000001cf7fa3d800 nmethod 15418 0x000001cf69cc8b90 code [0x000001cf69cc8d80, 0x000001cf69cc8f88]
Event: 212.140 Thread 0x000001cf7fa3d800 15420       1       com.android.tools.r8.v.b.k::W1 (3 bytes)
Event: 212.140 Thread 0x000001cf7fa3d800 nmethod 15420 0x000001cf7129c690 code [0x000001cf7129c840, 0x000001cf7129c8f8]
Event: 212.151 Thread 0x000001cf7fa3d800 15421       2       com.google.common.collect.ImmutableMultimap$EntryCollection::iterator (8 bytes)
Event: 212.151 Thread 0x000001cf7fa3d800 nmethod 15421 0x000001cf69cd7290 code [0x000001cf69cd7440, 0x000001cf69cd75c8]
Event: 212.151 Thread 0x000001cf7fa3d800 15422       2       com.google.common.collect.ImmutableMultimap::entryIterator (9 bytes)
Event: 212.152 Thread 0x000001cf7fa3d800 nmethod 15422 0x000001cf69cd8c10 code [0x000001cf69cd8dc0, 0x000001cf69cd8f48]
Event: 212.161 Thread 0x000001cf7fa3d800 15423       2       org.gradle.internal.io.StreamByteBuffer::prepareRead (102 bytes)
Event: 212.163 Thread 0x000001cf7fa3d800 nmethod 15423 0x000001cf69cdc690 code [0x000001cf69cdc860, 0x000001cf69cdcbd8]
Event: 212.199 Thread 0x000001cf7fa3d800 15426       1       com.android.tools.r8.v.b.k::V1 (3 bytes)
Event: 212.199 Thread 0x000001cf7fa3d800 nmethod 15426 0x000001cf712bec90 code [0x000001cf712bee40, 0x000001cf712beef8]
Event: 212.200 Thread 0x000001cf7fa3d800 15427       1       com.android.tools.r8.v.b.k::U1 (3 bytes)
Event: 212.200 Thread 0x000001cf7fa3d800 nmethod 15427 0x000001cf71364690 code [0x000001cf71364840, 0x000001cf713648f8]
Event: 212.545 Thread 0x000001cf7fa3d800 15436       2       com.android.tools.r8.v.b.Y0::<init> (10 bytes)
Event: 212.546 Thread 0x000001cf7fa3d800 nmethod 15436 0x000001cf69cc8810 code [0x000001cf69cc89c0, 0x000001cf69cc8ac8]
Event: 212.604 Thread 0x000001cf7fa3d800 15437       2       com.android.tools.r8.references.ArrayReference::<init> (41 bytes)
Event: 212.605 Thread 0x000001cf7fa3d800 nmethod 15437 0x000001cf69ce1590 code [0x000001cf69ce1740, 0x000001cf69ce18d8]

GC Heap History (20 events):
Event: 182.483 GC heap after
{Heap after GC invocations=85 (full 0):
 garbage-first heap   total 239616K, used 147587K [0x0000000080000000, 0x0000000100000000)
  region size 1024K, 3 young (3072K), 3 survivors (3072K)
 Metaspace       used 98469K, capacity 100843K, committed 101120K, reserved 1136640K
  class space    used 12534K, capacity 13479K, committed 13568K, reserved 1048576K
}
Event: 183.931 GC heap before
{Heap before GC invocations=85 (full 0):
 garbage-first heap   total 239616K, used 201859K [0x0000000080000000, 0x0000000100000000)
  region size 1024K, 56 young (57344K), 3 survivors (3072K)
 Metaspace       used 98477K, capacity 100909K, committed 101120K, reserved 1136640K
  class space    used 12534K, capacity 13479K, committed 13568K, reserved 1048576K
}
Event: 183.961 GC heap after
{Heap after GC invocations=86 (full 0):
 garbage-first heap   total 239616K, used 148595K [0x0000000080000000, 0x0000000100000000)
  region size 1024K, 4 young (4096K), 4 survivors (4096K)
 Metaspace       used 98477K, capacity 100909K, committed 101120K, reserved 1136640K
  class space    used 12534K, capacity 13479K, committed 13568K, reserved 1048576K
}
Event: 185.175 GC heap before
{Heap before GC invocations=86 (full 0):
 garbage-first heap   total 239616K, used 203891K [0x0000000080000000, 0x0000000100000000)
  region size 1024K, 58 young (59392K), 4 survivors (4096K)
 Metaspace       used 98483K, capacity 100913K, committed 101120K, reserved 1136640K
  class space    used 12535K, capacity 13480K, committed 13568K, reserved 1048576K
}
Event: 185.203 GC heap after
{Heap after GC invocations=87 (full 0):
 garbage-first heap   total 239616K, used 149908K [0x0000000080000000, 0x0000000100000000)
  region size 1024K, 5 young (5120K), 5 survivors (5120K)
 Metaspace       used 98483K, capacity 100913K, committed 101120K, reserved 1136640K
  class space    used 12535K, capacity 13480K, committed 13568K, reserved 1048576K
}
Event: 186.927 GC heap before
{Heap before GC invocations=87 (full 0):
 garbage-first heap   total 239616K, used 205204K [0x0000000080000000, 0x0000000100000000)
  region size 1024K, 59 young (60416K), 5 survivors (5120K)
 Metaspace       used 98487K, capacity 100914K, committed 101120K, reserved 1136640K
  class space    used 12535K, capacity 13480K, committed 13568K, reserved 1048576K
}
Event: 186.956 GC heap after
{Heap after GC invocations=88 (full 0):
 garbage-first heap   total 239616K, used 150810K [0x0000000080000000, 0x0000000100000000)
  region size 1024K, 5 young (5120K), 5 survivors (5120K)
 Metaspace       used 98487K, capacity 100914K, committed 101120K, reserved 1136640K
  class space    used 12535K, capacity 13480K, committed 13568K, reserved 1048576K
}
Event: 187.861 GC heap before
{Heap before GC invocations=88 (full 0):
 garbage-first heap   total 239616K, used 206106K [0x0000000080000000, 0x0000000100000000)
  region size 1024K, 59 young (60416K), 5 survivors (5120K)
 Metaspace       used 98499K, capacity 100914K, committed 101120K, reserved 1136640K
  class space    used 12537K, capacity 13480K, committed 13568K, reserved 1048576K
}
Event: 187.890 GC heap after
{Heap after GC invocations=89 (full 0):
 garbage-first heap   total 239616K, used 151867K [0x0000000080000000, 0x0000000100000000)
  region size 1024K, 5 young (5120K), 5 survivors (5120K)
 Metaspace       used 98499K, capacity 100914K, committed 101120K, reserved 1136640K
  class space    used 12537K, capacity 13480K, committed 13568K, reserved 1048576K
}
Event: 188.972 GC heap before
{Heap before GC invocations=89 (full 0):
 garbage-first heap   total 239616K, used 207163K [0x0000000080000000, 0x0000000100000000)
  region size 1024K, 59 young (60416K), 5 survivors (5120K)
 Metaspace       used 98504K, capacity 100914K, committed 101120K, reserved 1136640K
  class space    used 12537K, capacity 13480K, committed 13568K, reserved 1048576K
}
Event: 189.004 GC heap after
{Heap after GC invocations=90 (full 0):
 garbage-first heap   total 287744K, used 152472K [0x0000000080000000, 0x0000000100000000)
  region size 1024K, 5 young (5120K), 5 survivors (5120K)
 Metaspace       used 98504K, capacity 100914K, committed 101120K, reserved 1136640K
  class space    used 12537K, capacity 13480K, committed 13568K, reserved 1048576K
}
Event: 193.395 GC heap before
{Heap before GC invocations=90 (full 0):
 garbage-first heap   total 287744K, used 234392K [0x0000000080000000, 0x0000000100000000)
  region size 1024K, 84 young (86016K), 5 survivors (5120K)
 Metaspace       used 98520K, capacity 100916K, committed 101120K, reserved 1136640K
  class space    used 12537K, capacity 13480K, committed 13568K, reserved 1048576K
}
Event: 193.424 GC heap after
{Heap after GC invocations=91 (full 0):
 garbage-first heap   total 287744K, used 153413K [0x0000000080000000, 0x0000000100000000)
  region size 1024K, 6 young (6144K), 6 survivors (6144K)
 Metaspace       used 98520K, capacity 100916K, committed 101120K, reserved 1136640K
  class space    used 12537K, capacity 13480K, committed 13568K, reserved 1048576K
}
Event: 194.790 GC heap before
{Heap before GC invocations=91 (full 0):
 garbage-first heap   total 287744K, used 236357K [0x0000000080000000, 0x0000000100000000)
  region size 1024K, 86 young (88064K), 6 survivors (6144K)
 Metaspace       used 98537K, capacity 100917K, committed 101120K, reserved 1136640K
  class space    used 12537K, capacity 13480K, committed 13568K, reserved 1048576K
}
Event: 194.857 GC heap after
{Heap after GC invocations=92 (full 0):
 garbage-first heap   total 287744K, used 159565K [0x0000000080000000, 0x0000000100000000)
  region size 1024K, 11 young (11264K), 11 survivors (11264K)
 Metaspace       used 98537K, capacity 100917K, committed 101120K, reserved 1136640K
  class space    used 12537K, capacity 13480K, committed 13568K, reserved 1048576K
}
Event: 208.819 GC heap before
{Heap before GC invocations=92 (full 0):
 garbage-first heap   total 287744K, used 239437K [0x0000000080000000, 0x0000000100000000)
  region size 1024K, 87 young (89088K), 11 survivors (11264K)
 Metaspace       used 98573K, capacity 100982K, committed 101120K, reserved 1136640K
  class space    used 12541K, capacity 13480K, committed 13568K, reserved 1048576K
}
Event: 208.927 GC heap after
{Heap after GC invocations=93 (full 0):
 garbage-first heap   total 287744K, used 169030K [0x0000000080000000, 0x0000000100000000)
  region size 1024K, 10 young (10240K), 10 survivors (10240K)
 Metaspace       used 98573K, capacity 100982K, committed 101120K, reserved 1136640K
  class space    used 12541K, capacity 13480K, committed 13568K, reserved 1048576K
}
Event: 211.667 GC heap before
{Heap before GC invocations=93 (full 0):
 garbage-first heap   total 287744K, used 236614K [0x0000000080000000, 0x0000000100000000)
  region size 1024K, 76 young (77824K), 10 survivors (10240K)
 Metaspace       used 98770K, capacity 101254K, committed 101376K, reserved 1136640K
  class space    used 12569K, capacity 13527K, committed 13568K, reserved 1048576K
}
Event: 211.774 GC heap after
{Heap after GC invocations=94 (full 0):
 garbage-first heap   total 287744K, used 175104K [0x0000000080000000, 0x0000000100000000)
  region size 1024K, 9 young (9216K), 9 survivors (9216K)
 Metaspace       used 98770K, capacity 101254K, committed 101376K, reserved 1136640K
  class space    used 12569K, capacity 13527K, committed 13568K, reserved 1048576K
}
Event: 212.879 GC heap before
{Heap before GC invocations=94 (full 0):
 garbage-first heap   total 287744K, used 237568K [0x0000000080000000, 0x0000000100000000)
  region size 1024K, 70 young (71680K), 9 survivors (9216K)
 Metaspace       used 98772K, capacity 101254K, committed 101376K, reserved 1136640K
  class space    used 12569K, capacity 13527K, committed 13568K, reserved 1048576K
}

Deoptimization events (20 events):
Event: 210.813 Thread 0x000001cf04144800 Uncommon trap: trap_request=0xfffffff4 fr.pc=0x000001cf7124c828 relative=0x0000000000001068
Event: 210.813 Thread 0x000001cf04144800 Uncommon trap: reason=null_check action=make_not_entrant pc=0x000001cf7124c828 method=com.android.tools.r8.v.a.t.a.a(Lcom/android/tools/r8/v/a/t/l;)Lcom/android/tools/r8/v/a/t/o; @ 8 c2
Event: 210.813 Thread 0x000001cf04144800 DEOPT PACKING pc=0x000001cf7124c828 sp=0x0000000f583f9770
Event: 210.813 Thread 0x000001cf04144800 DEOPT UNPACKING pc=0x000001cf695366a9 sp=0x0000000f583f9650 mode 2
Event: 211.828 Thread 0x000001cf04144800 DEOPT PACKING pc=0x000001cf6b4ac91c sp=0x0000000f583f95f0
Event: 211.828 Thread 0x000001cf04144800 DEOPT UNPACKING pc=0x000001cf695364bf sp=0x0000000f583f8da0 mode 0
Event: 211.888 Thread 0x000001cf04144800 DEOPT PACKING pc=0x000001cf69af1967 sp=0x0000000f583f9b10
Event: 211.888 Thread 0x000001cf04144800 DEOPT UNPACKING pc=0x000001cf695364bf sp=0x0000000f583f8fa8 mode 0
Event: 212.079 Thread 0x000001cf04144800 Uncommon trap: trap_request=0xffffff4d fr.pc=0x000001cf714aa8cc relative=0x0000000000000d4c
Event: 212.079 Thread 0x000001cf04144800 Uncommon trap: reason=unstable_if action=reinterpret pc=0x000001cf714aa8cc method=com.android.tools.r8.utils.V.a(C)Z @ 21 c2
Event: 212.079 Thread 0x000001cf04144800 DEOPT PACKING pc=0x000001cf714aa8cc sp=0x0000000f583f95d0
Event: 212.079 Thread 0x000001cf04144800 DEOPT UNPACKING pc=0x000001cf695366a9 sp=0x0000000f583f94d8 mode 2
Event: 212.275 Thread 0x000001cf04144800 DEOPT PACKING pc=0x000001cf6b4ac8f6 sp=0x0000000f583f9610
Event: 212.275 Thread 0x000001cf04144800 DEOPT UNPACKING pc=0x000001cf695364bf sp=0x0000000f583f8dc0 mode 0
Event: 212.313 Thread 0x000001cf04144800 DEOPT PACKING pc=0x000001cf6bcc09be sp=0x0000000f583f9ab0
Event: 212.313 Thread 0x000001cf04144800 DEOPT UNPACKING pc=0x000001cf695364bf sp=0x0000000f583f9068 mode 0
Event: 212.513 Thread 0x000001cf04144800 DEOPT PACKING pc=0x000001cf6b4ac8f6 sp=0x0000000f583f95f0
Event: 212.513 Thread 0x000001cf04144800 DEOPT UNPACKING pc=0x000001cf695364bf sp=0x0000000f583f8da0 mode 0
Event: 212.784 Thread 0x000001cf04144800 DEOPT PACKING pc=0x000001cf69af1967 sp=0x0000000f583f9af0
Event: 212.784 Thread 0x000001cf04144800 DEOPT UNPACKING pc=0x000001cf695364bf sp=0x0000000f583f8f88 mode 0

Classes redefined (0 events):
No events

Internal exceptions (20 events):
Event: 172.436 Thread 0x000001cf04144800 Exception <a 'sun/nio/fs/WindowsException'{0x000000008a72d480}> (0x000000008a72d480) thrown at [./src/hotspot/share/prims/jni.cpp, line 615]
Event: 174.328 Thread 0x000001cf04144800 Exception <a 'sun/nio/fs/WindowsException'{0x000000008e0153e0}> (0x000000008e0153e0) thrown at [./src/hotspot/share/prims/jni.cpp, line 615]
Event: 174.454 Thread 0x000001cf04146800 Exception <a 'sun/nio/fs/WindowsException'{0x000000008df7da40}> (0x000000008df7da40) thrown at [./src/hotspot/share/prims/jni.cpp, line 615]
Event: 175.078 Thread 0x000001cf04146800 Exception <a 'sun/nio/fs/WindowsException'{0x000000008ce2a520}> (0x000000008ce2a520) thrown at [./src/hotspot/share/prims/jni.cpp, line 615]
Event: 175.450 Thread 0x000001cf04144800 Exception <a 'sun/nio/fs/WindowsException'{0x000000008bcb8e88}> (0x000000008bcb8e88) thrown at [./src/hotspot/share/prims/jni.cpp, line 615]
Event: 176.143 Thread 0x000001cf04146800 Exception <a 'sun/nio/fs/WindowsException'{0x000000008e21c5f8}> (0x000000008e21c5f8) thrown at [./src/hotspot/share/prims/jni.cpp, line 615]
Event: 177.477 Thread 0x000001cf04146800 Exception <a 'sun/nio/fs/WindowsException'{0x000000008e172ac8}> (0x000000008e172ac8) thrown at [./src/hotspot/share/prims/jni.cpp, line 615]
Event: 191.333 Thread 0x000001cf04144800 Exception <a 'sun/nio/fs/WindowsException'{0x000000008de78e50}> (0x000000008de78e50) thrown at [./src/hotspot/share/prims/jni.cpp, line 615]
Event: 193.865 Thread 0x000001cf04146800 Exception <a 'sun/nio/fs/WindowsException'{0x00000000903387e8}> (0x00000000903387e8) thrown at [./src/hotspot/share/prims/jni.cpp, line 615]
Event: 193.912 Thread 0x000001cf04144800 Exception <a 'sun/nio/fs/WindowsException'{0x000000008fc0c3a0}> (0x000000008fc0c3a0) thrown at [./src/hotspot/share/prims/jni.cpp, line 615]
Event: 194.608 Thread 0x000001cf04146800 Exception <a 'sun/nio/fs/WindowsException'{0x000000008d473408}> (0x000000008d473408) thrown at [./src/hotspot/share/prims/jni.cpp, line 615]
Event: 195.163 Thread 0x000001cf04144800 Exception <a 'sun/nio/fs/WindowsException'{0x000000009094e7e8}> (0x000000009094e7e8) thrown at [./src/hotspot/share/prims/jni.cpp, line 615]
Event: 196.661 Thread 0x000001cf04146800 Exception <a 'sun/nio/fs/WindowsException'{0x000000008f62ed28}> (0x000000008f62ed28) thrown at [./src/hotspot/share/prims/jni.cpp, line 615]
Event: 201.790 Thread 0x000001cf04146800 Exception <a 'sun/nio/fs/WindowsException'{0x000000008e22f8d0}> (0x000000008e22f8d0) thrown at [./src/hotspot/share/prims/jni.cpp, line 615]
Event: 202.420 Thread 0x000001cf04144800 Exception <a 'sun/nio/fs/WindowsException'{0x000000008d9cf178}> (0x000000008d9cf178) thrown at [./src/hotspot/share/prims/jni.cpp, line 615]
Event: 203.218 Thread 0x000001cf04146800 Exception <a 'sun/nio/fs/WindowsException'{0x000000008dbedcc8}> (0x000000008dbedcc8) thrown at [./src/hotspot/share/prims/jni.cpp, line 615]
Event: 204.428 Thread 0x000001cf04146800 Implicit null exception at 0x000001cf715d8b1d to 0x000001cf715d92b8
Event: 210.157 Thread 0x000001cf04146800 Exception <a 'sun/nio/fs/WindowsException'{0x000000008fc00910}> (0x000000008fc00910) thrown at [./src/hotspot/share/prims/jni.cpp, line 615]
Event: 210.813 Thread 0x000001cf04144800 Implicit null exception at 0x000001cf7124bff7 to 0x000001cf7124c81c
Event: 211.621 Thread 0x000001cf04146800 Exception <a 'sun/nio/fs/WindowsException'{0x000000008d9df108}> (0x000000008d9df108) thrown at [./src/hotspot/share/prims/jni.cpp, line 615]

Events (20 events):
Event: 211.588 loading class com/android/tools/r8/v/b/b1 done
Event: 211.588 loading class com/android/tools/r8/v/b/b1
Event: 211.588 loading class com/android/tools/r8/v/b/b1 done
Event: 211.588 loading class com/android/tools/r8/v/c/N
Event: 211.588 loading class com/android/tools/r8/v/c/N done
Event: 211.589 loading class com/android/tools/r8/v/c/M
Event: 211.589 loading class com/android/tools/r8/v/c/M done
Event: 211.592 loading class com/android/tools/r8/graph/f0
Event: 211.592 loading class com/android/tools/r8/graph/f0 done
Event: 211.592 loading class com/android/tools/r8/ir/conversion/S
Event: 211.592 loading class com/android/tools/r8/ir/conversion/S done
Event: 211.592 loading class com/android/tools/r8/v/c/M
Event: 211.592 loading class com/android/tools/r8/v/c/M done
Event: 211.595 loading class com/android/tools/r8/v/c/G$a
Event: 211.595 loading class com/android/tools/r8/v/c/G$a done
Event: 211.595 loading class com/android/tools/r8/v/c/G$a
Event: 211.595 loading class com/android/tools/r8/v/c/G$a done
Event: 211.666 Executing VM operation: G1CollectForAllocation
Event: 211.774 Executing VM operation: G1CollectForAllocation done
Event: 212.878 Executing VM operation: G1CollectForAllocation


Dynamic libraries:
0x00007ff736af0000 - 0x00007ff736afa000 	C:\Users\felip\OneDrive\Desktop\android-studio-ide-202.6987402-windows\android-studio\jre\bin\java.exe
0x00007ffa84f50000 - 0x00007ffa85145000 	C:\Windows\SYSTEM32\ntdll.dll
0x00007ffa6b250000 - 0x00007ffa6b262000 	C:\Program Files\Avast Software\Avast\aswhook.dll
0x00007ffa83b50000 - 0x00007ffa83c0d000 	C:\Windows\System32\KERNEL32.DLL
0x00007ffa829c0000 - 0x00007ffa82c88000 	C:\Windows\System32\KERNELBASE.dll
0x00007ffa82dc0000 - 0x00007ffa82ec0000 	C:\Windows\System32\ucrtbase.dll
0x00007ffa7ac30000 - 0x00007ffa7ac49000 	C:\Users\felip\OneDrive\Desktop\android-studio-ide-202.6987402-windows\android-studio\jre\bin\jli.dll
0x00007ffa830a0000 - 0x00007ffa83240000 	C:\Windows\System32\USER32.dll
0x00007ffa82ce0000 - 0x00007ffa82d02000 	C:\Windows\System32\win32u.dll
0x00007ffa84e40000 - 0x00007ffa84e6a000 	C:\Windows\System32\GDI32.dll
0x00007ffa82820000 - 0x00007ffa8292b000 	C:\Windows\System32\gdi32full.dll
0x00007ffa82ec0000 - 0x00007ffa82f5d000 	C:\Windows\System32\msvcp_win.dll
0x00007ffa72510000 - 0x00007ffa72527000 	C:\Users\felip\OneDrive\Desktop\android-studio-ide-202.6987402-windows\android-studio\jre\bin\VCRUNTIME140.dll
0x00007ffa6f5d0000 - 0x00007ffa6f86a000 	C:\Windows\WinSxS\amd64_microsoft.windows.common-controls_6595b64144ccf1df_6.0.19041.1052_none_60b8f8fd71f5e8cb\COMCTL32.dll
0x00007ffa834e0000 - 0x00007ffa8357e000 	C:\Windows\System32\msvcrt.dll
0x00007ffa83b20000 - 0x00007ffa83b50000 	C:\Windows\System32\IMM32.DLL
0x00007ffa6b1b0000 - 0x00007ffa6b24d000 	C:\Users\felip\OneDrive\Desktop\android-studio-ide-202.6987402-windows\android-studio\jre\bin\msvcp140.dll
0x00007ffa4b130000 - 0x00007ffa4bbec000 	C:\Users\felip\OneDrive\Desktop\android-studio-ide-202.6987402-windows\android-studio\jre\bin\server\jvm.dll
0x00007ffa82fe0000 - 0x00007ffa8308c000 	C:\Windows\System32\ADVAPI32.dll
0x00007ffa83240000 - 0x00007ffa832db000 	C:\Windows\System32\sechost.dll
0x00007ffa83580000 - 0x00007ffa836ab000 	C:\Windows\System32\RPCRT4.dll
0x00007ffa84e30000 - 0x00007ffa84e38000 	C:\Windows\System32\PSAPI.DLL
0x00007ffa75ca0000 - 0x00007ffa75ca9000 	C:\Windows\SYSTEM32\WSOCK32.dll
0x00007ffa83cc0000 - 0x00007ffa83d2b000 	C:\Windows\System32\WS2_32.dll
0x00007ffa6d5c0000 - 0x00007ffa6d5e7000 	C:\Windows\SYSTEM32\WINMM.dll
0x00007ffa7c100000 - 0x00007ffa7c10a000 	C:\Windows\SYSTEM32\VERSION.dll
0x00007ffa80500000 - 0x00007ffa80512000 	C:\Windows\SYSTEM32\kernel.appcore.dll
0x00007ffa77280000 - 0x00007ffa77291000 	C:\Users\felip\OneDrive\Desktop\android-studio-ide-202.6987402-windows\android-studio\jre\bin\verify.dll
0x00007ffa79b50000 - 0x00007ffa79d34000 	C:\Windows\SYSTEM32\DBGHELP.DLL
0x00007ffa7a060000 - 0x00007ffa7a08c000 	C:\Windows\SYSTEM32\dbgcore.DLL
0x00007ffa82930000 - 0x00007ffa829b3000 	C:\Windows\System32\bcryptPrimitives.dll
0x00007ffa655a0000 - 0x00007ffa655c9000 	C:\Users\felip\OneDrive\Desktop\android-studio-ide-202.6987402-windows\android-studio\jre\bin\java.dll
0x00007ffa80100000 - 0x00007ffa8010b000 	C:\Users\felip\OneDrive\Desktop\android-studio-ide-202.6987402-windows\android-studio\jre\bin\jimage.dll
0x00007ffa6fac0000 - 0x00007ffa6fad8000 	C:\Users\felip\OneDrive\Desktop\android-studio-ide-202.6987402-windows\android-studio\jre\bin\zip.dll
0x00007ffa84010000 - 0x00007ffa8474f000 	C:\Windows\System32\SHELL32.dll
0x00007ffa807e0000 - 0x00007ffa80f70000 	C:\Windows\SYSTEM32\windows.storage.dll
0x00007ffa84a70000 - 0x00007ffa84dc5000 	C:\Windows\System32\combase.dll
0x00007ffa82030000 - 0x00007ffa8205c000 	C:\Windows\SYSTEM32\Wldp.dll
0x00007ffa83f60000 - 0x00007ffa8400e000 	C:\Windows\System32\SHCORE.dll
0x00007ffa84dd0000 - 0x00007ffa84e25000 	C:\Windows\System32\shlwapi.dll
0x00007ffa825d0000 - 0x00007ffa825ef000 	C:\Windows\SYSTEM32\profapi.dll
0x00007ffa65580000 - 0x00007ffa6559a000 	C:\Users\felip\OneDrive\Desktop\android-studio-ide-202.6987402-windows\android-studio\jre\bin\net.dll
0x00007ffa77e00000 - 0x00007ffa77f0b000 	C:\Windows\SYSTEM32\WINHTTP.dll
0x00007ffa81da0000 - 0x00007ffa81e0a000 	C:\Windows\system32\mswsock.dll
0x00007ffa64bd0000 - 0x00007ffa64be4000 	C:\Users\felip\OneDrive\Desktop\android-studio-ide-202.6987402-windows\android-studio\jre\bin\nio.dll
0x00007ffa7d570000 - 0x00007ffa7d596000 	C:\Users\felip\.gradle\native\fdc75f09e3144964f2cf3f50f0aa648679c211496f362492102eb8c894070792\windows-amd64\native-platform.dll
0x00007ffa4ea70000 - 0x00007ffa4ec01000 	C:\Users\felip\.gradle\native\12488b8bf47d2d4c9fbf2f6322a914ad602e24e48041cd04a747c6da556b65c4\windows-amd64\native-platform-file-events.dll
0x00007ffa7e160000 - 0x00007ffa7e16a000 	C:\Users\felip\OneDrive\Desktop\android-studio-ide-202.6987402-windows\android-studio\jre\bin\management.dll
0x00007ffa7d510000 - 0x00007ffa7d51c000 	C:\Users\felip\OneDrive\Desktop\android-studio-ide-202.6987402-windows\android-studio\jre\bin\management_ext.dll
0x00007ffa81f80000 - 0x00007ffa81f98000 	C:\Windows\SYSTEM32\CRYPTSP.dll
0x00007ffa81740000 - 0x00007ffa81774000 	C:\Windows\system32\rsaenh.dll
0x00007ffa82690000 - 0x00007ffa826b7000 	C:\Windows\System32\bcrypt.dll
0x00007ffa82590000 - 0x00007ffa825be000 	C:\Windows\SYSTEM32\USERENV.dll
0x00007ffa81f70000 - 0x00007ffa81f7c000 	C:\Windows\SYSTEM32\CRYPTBASE.dll
0x00007ffa81a90000 - 0x00007ffa81acb000 	C:\Windows\SYSTEM32\IPHLPAPI.DLL
0x00007ffa84f00000 - 0x00007ffa84f08000 	C:\Windows\System32\NSI.dll
0x00007ffa7b5d0000 - 0x00007ffa7b5e7000 	C:\Windows\SYSTEM32\dhcpcsvc6.DLL
0x00007ffa7b890000 - 0x00007ffa7b8ad000 	C:\Windows\SYSTEM32\dhcpcsvc.DLL
0x00007ffa81ad0000 - 0x00007ffa81b9c000 	C:\Windows\SYSTEM32\DNSAPI.dll
0x00007ffa7c1e0000 - 0x00007ffa7c1eb000 	C:\Windows\SYSTEM32\WINNSI.DLL

dbghelp: loaded successfully - version: 4.0.5 - missing functions: none
symbol engine: initialized successfully - sym options: 0x614 - pdb path: .;C:\Users\felip\OneDrive\Desktop\android-studio-ide-202.6987402-windows\android-studio\jre\bin;C:\Windows\SYSTEM32;C:\Program Files\Avast Software\Avast;C:\Windows\WinSxS\amd64_microsoft.windows.common-controls_6595b64144ccf1df_6.0.19041.1052_none_60b8f8fd71f5e8cb;C:\Users\felip\OneDrive\Desktop\android-studio-ide-202.6987402-windows\android-studio\jre\bin\server;C:\Users\felip\.gradle\native\fdc75f09e3144964f2cf3f50f0aa648679c211496f362492102eb8c894070792\windows-amd64;C:\Users\felip\.gradle\native\12488b8bf47d2d4c9fbf2f6322a914ad602e24e48041cd04a747c6da556b65c4\windows-amd64

VM Arguments:
jvm_args: --add-opens=java.base/java.util=ALL-UNNAMED --add-opens=java.base/java.lang=ALL-UNNAMED --add-opens=java.base/java.lang.invoke=ALL-UNNAMED --add-opens=java.prefs/java.util.prefs=ALL-UNNAMED -Xmx2048m -Dfile.encoding=windows-1252 -Duser.country=US -Duser.language=en -Duser.variant 
java_command: org.gradle.launcher.daemon.bootstrap.GradleDaemon 6.7.1
java_class_path (initial): C:\Users\felip\.gradle\wrapper\dists\gradle-6.7.1-bin\bwlcbys1h7rz3272sye1xwiv6\gradle-6.7.1\lib\gradle-launcher-6.7.1.jar
Launcher Type: SUN_STANDARD

[Global flags]
     intx CICompilerCount                          = 2                                         {product} {ergonomic}
     uint ConcGCThreads                            = 1                                         {product} {ergonomic}
     uint G1ConcRefinementThreads                  = 2                                         {product} {ergonomic}
   size_t G1HeapRegionSize                         = 1048576                                   {product} {ergonomic}
    uintx GCDrainStackTargetSize                   = 64                                        {product} {ergonomic}
   size_t InitialHeapSize                          = 67108864                                  {product} {ergonomic}
   size_t MarkStackSize                            = 4194304                                   {product} {ergonomic}
   size_t MaxHeapSize                              = 2147483648                                {product} {command line}
   size_t MaxNewSize                               = 1287651328                                {product} {ergonomic}
   size_t MinHeapDeltaBytes                        = 1048576                                   {product} {ergonomic}
    uintx NonNMethodCodeHeapSize                   = 5825164                                {pd product} {ergonomic}
    uintx NonProfiledCodeHeapSize                  = 122916538                              {pd product} {ergonomic}
    uintx ProfiledCodeHeapSize                     = 122916538                              {pd product} {ergonomic}
    uintx ReservedCodeCacheSize                    = 251658240                              {pd product} {ergonomic}
     bool SegmentedCodeCache                       = true                                      {product} {ergonomic}
     bool UseCompressedClassPointers               = true                                 {lp64_product} {ergonomic}
     bool UseCompressedOops                        = true                                 {lp64_product} {ergonomic}
     bool UseG1GC                                  = true                                      {product} {ergonomic}
     bool UseLargePagesIndividualAllocation        = false                                  {pd product} {ergonomic}

Logging:
Log output configuration:
 #0: stdout all=warning uptime,level,tags
 #1: stderr all=off uptime,level,tags

Environment Variables:
PATH=C:\Program Files\Common Files\Oracle\Java\javapath;C:\Program Files (x86)\Common Files\Oracle\Java\javapath;C:\Windows\system32;C:\Windows;C:\Windows\System32\Wbem;C:\Windows\System32\WindowsPowerShell\v1.0\;C:\Windows\System32\OpenSSH\;C:\ProgramData\chocolatey\bin;C:\Program Files\Docker\Docker\resources\bin;C:\ProgramData\DockerDesktop\version-bin;C:\Program Files (x86)\Yarn\bin\;C:\Program Files\nodejs\;C:\Program Files\Git\cmd;C:\Users\felip\AppData\Local\Microsoft\WindowsApps;C:\Users\felip\AppData\Local\Programs\Microsoft VS Code\bin;C:\Users\felip\AppData\Local\Yarn\bin;C:\Users\felip\AppData\Local\GitHubDesktop\bin;C:\Users\felip\AppData\Roaming\npm
USERNAME=felip
OS=Windows_NT
PROCESSOR_IDENTIFIER=Intel64 Family 6 Model 23 Stepping 10, GenuineIntel



---------------  S Y S T E M  ---------------

OS: Windows 10 , 64 bit Build 19041 (10.0.19041.1023)
OS uptime: 0 days 11:34 hours

CPU:total 2 (initial active 2) (2 cores per cpu, 1 threads per core) family 6 model 23 stepping 10, cmov, cx8, fxsr, mmx, sse, sse2, sse3, ssse3, tsc

Memory: 4k page, system-wide physical 4061M (39M free)
TotalPageFile size 4061M (AvailPageFile size 26M)
current process WorkingSet (physical memory assigned to process): 401M, peak: 568M
current process commit charge ("private bytes"): 612M, peak: 672M

vm_info: OpenJDK 64-Bit Server VM (11.0.8+10-b944.6842174) for windows-amd64 JRE (11.0.8+10-b944.6842174), built on Sep 19 2020 01:11:42 by "builder" with MS VC++ 14.0 (VS2015)

END.
