#
# There is insufficient memory for the Java Runtime Environment to continue.
# Native memory allocation (mmap) failed to map 110100480 bytes for Failed to commit area from 0x0000000091900000 to 0x0000000098200000 of length 110100480.
# Possible reasons:
#   The system is out of physical RAM or swap space
#   The process is running with CompressedOops enabled, and the Java Heap may be blocking the growth of the native heap
# Possible solutions:
#   Reduce memory load on the system
#   Increase physical memory or swap space
#   Check if swap backing store is full
#   Decrease Java heap size (-Xmx/-Xms)
#   Decrease number of Java threads
#   Decrease Java thread stack sizes (-Xss)
#   Set larger code cache with -XX:ReservedCodeCacheSize=
#   JVM is running with Unscaled Compressed Oops mode in which the Java heap is
#     placed in the first 4GB address space. The Java Heap base address is the
#     maximum limit for the native heap growth. Please use -XX:HeapBaseMinAddress
#     to set the Java Heap base and to place the Java Heap above 4GB virtual address.
# This output file may be truncated or incomplete.
#
#  Out of Memory Error (./src/hotspot/os/windows/os_windows.cpp:3303), pid=4036, tid=1652
#
# JRE version: OpenJDK Runtime Environment (11.0.8+10) (build 11.0.8+10-b944.6842174)
# Java VM: OpenJDK 64-Bit Server VM (11.0.8+10-b944.6842174, mixed mode, tiered, compressed oops, g1 gc, windows-amd64)
# No core dump will be written. Minidumps are not enabled by default on client versions of Windows
#

---------------  S U M M A R Y ------------

Command Line: --add-opens=java.base/java.util=ALL-UNNAMED --add-opens=java.base/java.lang=ALL-UNNAMED --add-opens=java.base/java.lang.invoke=ALL-UNNAMED --add-opens=java.prefs/java.util.prefs=ALL-UNNAMED -Xmx2048m -Dfile.encoding=windows-1252 -Duser.country=US -Duser.language=en -Duser.variant org.gradle.launcher.daemon.bootstrap.GradleDaemon 6.7.1

Host: Celeron(R) Dual-Core CPU       T3500  @ 2.10GHz, 2 cores, 3G,  Windows 10 , 64 bit Build 19041 (10.0.19041.1023)
Time: Tue Jun 22 09:23:01 2021 E. South America Standard Time elapsed time: 225 seconds (0d 0h 3m 45s)

---------------  T H R E A D  ---------------

Current thread (0x0000015a73e90000):  VMThread "VM Thread" [stack: 0x0000003ae0f00000,0x0000003ae1000000] [id=1652]

Stack: [0x0000003ae0f00000,0x0000003ae1000000]
[error occurred during error reporting (printing stack bounds), id 0xc0000005, EXCEPTION_ACCESS_VIOLATION (0xc0000005) at pc=0x0000015a5dab0dbd]

Native frames: (J=compiled Java code, j=interpreted, Vv=VM code, C=native code)
V  [jvm.dll+0x5de50a]
V  [jvm.dll+0x7122f5]
V  [jvm.dll+0x71384d]
V  [jvm.dll+0x713e65]
V  [jvm.dll+0x713e1b]
V  [jvm.dll+0x5dd958]
V  [jvm.dll+0x5de0f8]
C  [ntdll.dll+0xa217f]
C  [ntdll.dll+0x51454]
C  [ntdll.dll+0xa0cae]
C  0x0000015a5dab0dbd

VM_Operation (0x0000003ae1bfe220): G1CollectForAllocation, mode: safepoint, requested by thread 0x0000015a75b5c800


---------------  P R O C E S S  ---------------

Threads class SMR info:
_java_thread_list=0x0000015a7ae69950, length=41, elements={
0x0000015a5892c800, 0x0000015a73e96000, 0x0000015a73e9f800, 0x0000015a73ef5000,
0x0000015a73ef6000, 0x0000015a73ef8800, 0x0000015a73efd000, 0x0000015a73f09000,
0x0000015a74965000, 0x0000015a74991000, 0x0000015a75b5c800, 0x0000015a7596b000,
0x0000015a7627d800, 0x0000015a76530800, 0x0000015a763d8800, 0x0000015a75819800,
0x0000015a75875800, 0x0000015a74a35800, 0x0000015a7592c000, 0x0000015a75926000,
0x0000015a75925800, 0x0000015a75927000, 0x0000015a75928000, 0x0000015a77d49800,
0x0000015a77d48000, 0x0000015a77d4a800, 0x0000015a77d4c000, 0x0000015a77d4b000,
0x0000015a77d4f000, 0x0000015a77d52800, 0x0000015a77d53000, 0x0000015a77224000,
0x0000015a77225000, 0x0000015a77226800, 0x0000015a77227800, 0x0000015a77221800,
0x0000015a7721c000, 0x0000015a77219800, 0x0000015a7721b000, 0x0000015a7721d000,
0x0000015a7721e800
}

Java Threads: ( => current thread )
  0x0000015a5892c800 JavaThread "main" [_thread_blocked, id=6292, stack(0x0000003ae0900000,0x0000003ae0a00000)]
  0x0000015a73e96000 JavaThread "Reference Handler" daemon [_thread_blocked, id=5268, stack(0x0000003ae1000000,0x0000003ae1100000)]
  0x0000015a73e9f800 JavaThread "Finalizer" daemon [_thread_blocked, id=816, stack(0x0000003ae1100000,0x0000003ae1200000)]
  0x0000015a73ef5000 JavaThread "Signal Dispatcher" daemon [_thread_blocked, id=4776, stack(0x0000003ae1200000,0x0000003ae1300000)]
  0x0000015a73ef6000 JavaThread "Attach Listener" daemon [_thread_blocked, id=1812, stack(0x0000003ae1300000,0x0000003ae1400000)]
  0x0000015a73ef8800 JavaThread "C2 CompilerThread0" daemon [_thread_blocked, id=1240, stack(0x0000003ae1400000,0x0000003ae1500000)]
  0x0000015a73efd000 JavaThread "C1 CompilerThread0" daemon [_thread_blocked, id=5424, stack(0x0000003ae1500000,0x0000003ae1600000)]
  0x0000015a73f09000 JavaThread "Sweeper thread" daemon [_thread_blocked, id=764, stack(0x0000003ae1600000,0x0000003ae1700000)]
  0x0000015a74965000 JavaThread "Common-Cleaner" daemon [_thread_blocked, id=6172, stack(0x0000003ae1700000,0x0000003ae1800000)]
  0x0000015a74991000 JavaThread "Service Thread" daemon [_thread_blocked, id=964, stack(0x0000003ae1800000,0x0000003ae1900000)]
  0x0000015a75b5c800 JavaThread "Daemon health stats" [_thread_blocked, id=6152, stack(0x0000003ae1b00000,0x0000003ae1c00000)]
  0x0000015a7596b000 JavaThread "Incoming local TCP Connector on port 9247" [_thread_in_native, id=5932, stack(0x0000003ae1e00000,0x0000003ae1f00000)]
  0x0000015a7627d800 JavaThread "Daemon periodic checks" [_thread_blocked, id=900, stack(0x0000003ae1f00000,0x0000003ae2000000)]
  0x0000015a76530800 JavaThread "Daemon" [_thread_blocked, id=4004, stack(0x0000003ae2000000,0x0000003ae2100000)]
  0x0000015a763d8800 JavaThread "Handler for socket connection from /127.0.0.1:9247 to /127.0.0.1:9248" [_thread_in_native, id=5964, stack(0x0000003ae2100000,0x0000003ae2200000)]
  0x0000015a75819800 JavaThread "Cancel handler" [_thread_blocked, id=3144, stack(0x0000003ae2200000,0x0000003ae2300000)]
  0x0000015a75875800 JavaThread "Daemon worker" [_thread_blocked, id=1224, stack(0x0000003ae2300000,0x0000003ae2400000)]
  0x0000015a74a35800 JavaThread "Asynchronous log dispatcher for DefaultDaemonConnection: socket connection from /127.0.0.1:9247 to /127.0.0.1:9248" [_thread_blocked, id=32, stack(0x0000003ae2400000,0x0000003ae2500000)]
  0x0000015a7592c000 JavaThread "Thread-8" [_thread_blocked, id=3916, stack(0x0000003ae2600000,0x0000003ae2700000)]
  0x0000015a75926000 JavaThread "Cache worker for file hash cache (C:\Users\felip\.gradle\caches\6.7.1\fileHashes)" [_thread_blocked, id=640, stack(0x0000003ae2700000,0x0000003ae2800000)]
  0x0000015a75925800 JavaThread "File lock request listener" [_thread_in_native, id=5088, stack(0x0000003ae2800000,0x0000003ae2900000)]
  0x0000015a75927000 JavaThread "Cache worker for journal cache (C:\Users\felip\.gradle\caches\journal-1)" [_thread_blocked, id=2172, stack(0x0000003ae2900000,0x0000003ae2a00000)]
  0x0000015a75928000 JavaThread "Cache worker for file hash cache (C:\Users\felip\AndroidStudioProjects\TheMovieApp\.gradle\6.7.1\fileHashes)" [_thread_blocked, id=2736, stack(0x0000003ae2a00000,0x0000003ae2b00000)]
  0x0000015a77d49800 JavaThread "Cache worker for checksums cache (C:\Users\felip\AndroidStudioProjects\TheMovieApp\.gradle\checksums)" [_thread_blocked, id=6408, stack(0x0000003ae2b00000,0x0000003ae2c00000)]
  0x0000015a77d48000 JavaThread "Cache worker for cache directory md-supplier (C:\Users\felip\.gradle\caches\6.7.1\md-supplier)" [_thread_blocked, id=2000, stack(0x0000003ae2c00000,0x0000003ae2d00000)]
  0x0000015a77d4a800 JavaThread "Cache worker for cache directory md-rule (C:\Users\felip\.gradle\caches\6.7.1\md-rule)" [_thread_blocked, id=4812, stack(0x0000003ae2d00000,0x0000003ae2e00000)]
  0x0000015a77d4c000 JavaThread "Cache worker for execution history cache (C:\Users\felip\.gradle\caches\6.7.1\executionHistory)" [_thread_blocked, id=3356, stack(0x0000003ae2e00000,0x0000003ae2f00000)]
  0x0000015a77d4b000 JavaThread "Cache worker for file content cache (C:\Users\felip\.gradle\caches\6.7.1\fileContent)" [_thread_blocked, id=2036, stack(0x0000003ae3000000,0x0000003ae3100000)]
  0x0000015a77d4f000 JavaThread "Cache worker for Build Output Cleanup Cache (C:\Users\felip\AndroidStudioProjects\TheMovieApp\.gradle\buildOutputCleanup)" [_thread_blocked, id=700, stack(0x0000003ae3100000,0x0000003ae3200000)]
  0x0000015a77d52800 JavaThread "Build operations" [_thread_blocked, id=4780, stack(0x0000003ae3200000,0x0000003ae3300000)]
  0x0000015a77d53000 JavaThread "Build operations Thread 2" [_thread_blocked, id=6780, stack(0x0000003ae3300000,0x0000003ae3400000)]
  0x0000015a77224000 JavaThread "Memory manager" [_thread_blocked, id=6768, stack(0x0000003aea700000,0x0000003aea800000)]
  0x0000015a77225000 JavaThread "build event listener" [_thread_blocked, id=1084, stack(0x0000003aea800000,0x0000003aea900000)]
  0x0000015a77226800 JavaThread "build event listener" [_thread_blocked, id=1196, stack(0x0000003aea900000,0x0000003aeaa00000)]
  0x0000015a77227800 JavaThread "Execution worker for ':'" [_thread_blocked, id=6776, stack(0x0000003aeaa00000,0x0000003aeab00000)]
  0x0000015a77221800 JavaThread "Cache worker for execution history cache (C:\Users\felip\AndroidStudioProjects\TheMovieApp\.gradle\6.7.1\executionHistory)" [_thread_blocked, id=1284, stack(0x0000003aeab00000,0x0000003aeac00000)]
  0x0000015a7721c000 JavaThread "WorkerExecutor Queue" [_thread_blocked, id=6384, stack(0x0000003ae2500000,0x0000003ae2600000)]
  0x0000015a77219800 JavaThread "WorkerExecutor Queue Thread 2" [_thread_blocked, id=1396, stack(0x0000003ae2f00000,0x0000003ae3000000)]
  0x0000015a7721b000 JavaThread "pool-4-thread-1" [_thread_blocked, id=6412, stack(0x0000003ae3400000,0x0000003ae3500000)]
  0x0000015a7721d000 JavaThread "stderr" [_thread_in_native, id=6660, stack(0x0000003ae3500000,0x0000003ae3600000)]
  0x0000015a7721e800 JavaThread "stdout" [_thread_in_native, id=4444, stack(0x0000003ae3600000,0x0000003ae3700000)]

Other Threads:
=>0x0000015a73e90000 VMThread "VM Thread" [stack: 0x0000003ae0f00000,0x0000003ae1000000] [id=1652]
  0x0000015a74992000 WatcherThread [stack: 0x0000003ae1900000,0x0000003ae1a00000] [id=2384]
  0x0000015a58948000 GCTaskThread "GC Thread#0" [stack: 0x0000003ae0a00000,0x0000003ae0b00000] [id=5812]
  0x0000015a74a8a800 GCTaskThread "GC Thread#1" [stack: 0x0000003ae1a00000,0x0000003ae1b00000] [id=6864]
  0x0000015a5897a800 ConcurrentGCThread "G1 Main Marker" [stack: 0x0000003ae0b00000,0x0000003ae0c00000] [id=5492]
  0x0000015a5897c000 ConcurrentGCThread "G1 Conc#0" [stack: 0x0000003ae0c00000,0x0000003ae0d00000] [id=5956]
  0x0000015a589ce800 ConcurrentGCThread "G1 Refine#0" [stack: 0x0000003ae0d00000,0x0000003ae0e00000] [id=4360]
  0x0000015a589d1000 ConcurrentGCThread "G1 Young RemSet Sampling" [stack: 0x0000003ae0e00000,0x0000003ae0f00000] [id=6568]

Threads with active compile tasks:
C2 CompilerThread0 226074 18202       4       java.util.IdentityHashMap::closeDeletion (107 bytes)

VM state:at safepoint (normal execution)

VM Mutex/Monitor currently owned by a thread:  ([mutex/lock_event])
[0x0000015a5892b8e0] Threads_lock - owner thread: 0x0000015a73e90000
[0x0000015a5892ac80] Heap_lock - owner thread: 0x0000015a75b5c800

Heap address: 0x0000000080000000, size: 2048 MB, Compressed Oops mode: 32-bit
Narrow klass base: 0x0000000000000000, Narrow klass shift: 3
Compressed class space size: 1073741824 Address: 0x0000000100000000

Heap:
 garbage-first heap   total 395264K, used 134665K [0x0000000080000000, 0x0000000100000000)
  region size 1024K, 8 young (8192K), 8 survivors (8192K)
 Metaspace       used 108269K, capacity 110763K, committed 110848K, reserved 1146880K
  class space    used 13375K, capacity 14309K, committed 14336K, reserved 1048576K
Heap Regions: E=young(eden), S=young(survivor), O=old, HS=humongous(starts), HC=humongous(continues), CS=collection set, F=free, A=archive, TAMS=top-at-mark-start (previous, next)
|   0|0x0000000080000000, 0x0000000080100000, 0x0000000080100000|100%| O|  |TAMS 0x0000000080100000, 0x0000000080000000| Untracked 
|   1|0x0000000080100000, 0x0000000080200000, 0x0000000080200000|100%| O|  |TAMS 0x0000000080200000, 0x0000000080100000| Untracked 
|   2|0x0000000080200000, 0x0000000080300000, 0x0000000080300000|100%| O|  |TAMS 0x0000000080300000, 0x0000000080200000| Untracked 
|   3|0x0000000080300000, 0x0000000080400000, 0x0000000080400000|100%| O|  |TAMS 0x0000000080400000, 0x0000000080300000| Untracked 
|   4|0x0000000080400000, 0x0000000080500000, 0x0000000080500000|100%|HS|  |TAMS 0x0000000080500000, 0x0000000080400000| Complete 
|   5|0x0000000080500000, 0x0000000080600000, 0x0000000080600000|100%|HC|  |TAMS 0x0000000080600000, 0x0000000080500000| Complete 
|   6|0x0000000080600000, 0x0000000080700000, 0x0000000080700000|100%|HC|  |TAMS 0x0000000080700000, 0x0000000080600000| Complete 
|   7|0x0000000080700000, 0x0000000080800000, 0x0000000080800000|100%| O|  |TAMS 0x0000000080800000, 0x0000000080700000| Untracked 
|   8|0x0000000080800000, 0x0000000080900000, 0x0000000080900000|100%| O|  |TAMS 0x0000000080900000, 0x0000000080800000| Untracked 
|   9|0x0000000080900000, 0x0000000080a00000, 0x0000000080a00000|100%| O|  |TAMS 0x0000000080a00000, 0x0000000080900000| Untracked 
|  10|0x0000000080a00000, 0x0000000080b00000, 0x0000000080b00000|100%| O|  |TAMS 0x0000000080b00000, 0x0000000080a00000| Untracked 
|  11|0x0000000080b00000, 0x0000000080c00000, 0x0000000080c00000|100%| O|  |TAMS 0x0000000080c00000, 0x0000000080b00000| Untracked 
|  12|0x0000000080c00000, 0x0000000080d00000, 0x0000000080d00000|100%| O|  |TAMS 0x0000000080d00000, 0x0000000080c00000| Untracked 
|  13|0x0000000080d00000, 0x0000000080e00000, 0x0000000080e00000|100%| O|  |TAMS 0x0000000080e00000, 0x0000000080d00000| Untracked 
|  14|0x0000000080e00000, 0x0000000080f00000, 0x0000000080f00000|100%| O|  |TAMS 0x0000000080f00000, 0x0000000080e00000| Untracked 
|  15|0x0000000080f00000, 0x0000000081000000, 0x0000000081000000|100%| O|  |TAMS 0x0000000081000000, 0x0000000080f00000| Untracked 
|  16|0x0000000081000000, 0x0000000081100000, 0x0000000081100000|100%| O|  |TAMS 0x0000000081100000, 0x0000000081000000| Untracked 
|  17|0x0000000081100000, 0x0000000081200000, 0x0000000081200000|100%| O|  |TAMS 0x0000000081200000, 0x0000000081100000| Untracked 
|  18|0x0000000081200000, 0x0000000081300000, 0x0000000081300000|100%| O|  |TAMS 0x0000000081300000, 0x0000000081200000| Untracked 
|  19|0x0000000081300000, 0x0000000081400000, 0x0000000081400000|100%| O|  |TAMS 0x0000000081400000, 0x0000000081300000| Untracked 
|  20|0x0000000081400000, 0x0000000081500000, 0x0000000081500000|100%| O|  |TAMS 0x0000000081500000, 0x0000000081400000| Untracked 
|  21|0x0000000081500000, 0x0000000081600000, 0x0000000081600000|100%| O|  |TAMS 0x0000000081600000, 0x0000000081500000| Untracked 
|  22|0x0000000081600000, 0x0000000081700000, 0x0000000081700000|100%| O|  |TAMS 0x0000000081700000, 0x0000000081600000| Untracked 
|  23|0x0000000081700000, 0x0000000081800000, 0x0000000081800000|100%| O|  |TAMS 0x0000000081800000, 0x0000000081700000| Untracked 
|  24|0x0000000081800000, 0x0000000081900000, 0x0000000081900000|100%| O|  |TAMS 0x0000000081900000, 0x0000000081800000| Untracked 
|  25|0x0000000081900000, 0x0000000081a00000, 0x0000000081a00000|100%| O|  |TAMS 0x0000000081a00000, 0x0000000081900000| Untracked 
|  26|0x0000000081a00000, 0x0000000081b00000, 0x0000000081b00000|100%| O|  |TAMS 0x0000000081b00000, 0x0000000081a00000| Untracked 
|  27|0x0000000081b00000, 0x0000000081c00000, 0x0000000081c00000|100%|HS|  |TAMS 0x0000000081c00000, 0x0000000081b00000| Complete 
|  28|0x0000000081c00000, 0x0000000081d00000, 0x0000000081d00000|100%|HS|  |TAMS 0x0000000081d00000, 0x0000000081c00000| Complete 
|  29|0x0000000081d00000, 0x0000000081e00000, 0x0000000081e00000|100%|HC|  |TAMS 0x0000000081e00000, 0x0000000081d00000| Complete 
|  30|0x0000000081e00000, 0x0000000081f00000, 0x0000000081f00000|100%|HC|  |TAMS 0x0000000081f00000, 0x0000000081e00000| Complete 
|  31|0x0000000081f00000, 0x0000000082000000, 0x0000000082000000|100%|HS|  |TAMS 0x0000000082000000, 0x0000000081f00000| Complete 
|  32|0x0000000082000000, 0x0000000082100000, 0x0000000082100000|100%|HC|  |TAMS 0x0000000082100000, 0x0000000082000000| Complete 
|  33|0x0000000082100000, 0x0000000082200000, 0x0000000082200000|100%| O|  |TAMS 0x0000000082200000, 0x0000000082100000| Untracked 
|  34|0x0000000082200000, 0x0000000082300000, 0x0000000082300000|100%| O|  |TAMS 0x0000000082300000, 0x0000000082200000| Untracked 
|  35|0x0000000082300000, 0x0000000082400000, 0x0000000082400000|100%| O|  |TAMS 0x0000000082400000, 0x0000000082300000| Untracked 
|  36|0x0000000082400000, 0x0000000082500000, 0x0000000082500000|100%| O|  |TAMS 0x0000000082500000, 0x0000000082400000| Untracked 
|  37|0x0000000082500000, 0x0000000082600000, 0x0000000082600000|100%| O|  |TAMS 0x0000000082500000, 0x0000000082500000| Untracked 
|  38|0x0000000082600000, 0x0000000082700000, 0x0000000082700000|100%| O|  |TAMS 0x0000000082700000, 0x0000000082600000| Untracked 
|  39|0x0000000082700000, 0x0000000082800000, 0x0000000082800000|100%| O|  |TAMS 0x0000000082800000, 0x0000000082700000| Untracked 
|  40|0x0000000082800000, 0x0000000082900000, 0x0000000082900000|100%| O|  |TAMS 0x0000000082900000, 0x0000000082800000| Untracked 
|  41|0x0000000082900000, 0x0000000082a00000, 0x0000000082a00000|100%| O|  |TAMS 0x0000000082a00000, 0x0000000082900000| Untracked 
|  42|0x0000000082a00000, 0x0000000082b00000, 0x0000000082b00000|100%| O|  |TAMS 0x0000000082b00000, 0x0000000082a00000| Untracked 
|  43|0x0000000082b00000, 0x0000000082c00000, 0x0000000082c00000|100%| O|  |TAMS 0x0000000082c00000, 0x0000000082b00000| Untracked 
|  44|0x0000000082c00000, 0x0000000082d00000, 0x0000000082d00000|100%| O|  |TAMS 0x0000000082d00000, 0x0000000082c00000| Untracked 
|  45|0x0000000082d00000, 0x0000000082e00000, 0x0000000082e00000|100%| O|  |TAMS 0x0000000082e00000, 0x0000000082d00000| Untracked 
|  46|0x0000000082e00000, 0x0000000082f00000, 0x0000000082f00000|100%| O|  |TAMS 0x0000000082f00000, 0x0000000082e00000| Untracked 
|  47|0x0000000082f00000, 0x0000000083000000, 0x0000000083000000|100%| O|  |TAMS 0x0000000083000000, 0x0000000082f00000| Untracked 
|  48|0x0000000083000000, 0x0000000083100000, 0x0000000083100000|100%| O|  |TAMS 0x0000000083100000, 0x0000000083000000| Untracked 
|  49|0x0000000083100000, 0x0000000083200000, 0x0000000083200000|100%| O|  |TAMS 0x0000000083200000, 0x0000000083100000| Untracked 
|  50|0x0000000083200000, 0x0000000083300000, 0x0000000083300000|100%| O|  |TAMS 0x0000000083300000, 0x0000000083200000| Untracked 
|  51|0x0000000083300000, 0x0000000083400000, 0x0000000083400000|100%| O|  |TAMS 0x0000000083400000, 0x0000000083300000| Untracked 
|  52|0x0000000083400000, 0x0000000083500000, 0x0000000083500000|100%| O|  |TAMS 0x0000000083500000, 0x0000000083400000| Untracked 
|  53|0x0000000083500000, 0x0000000083600000, 0x0000000083600000|100%| O|  |TAMS 0x0000000083600000, 0x0000000083500000| Untracked 
|  54|0x0000000083600000, 0x0000000083700000, 0x0000000083700000|100%| O|  |TAMS 0x0000000083700000, 0x0000000083600000| Untracked 
|  55|0x0000000083700000, 0x0000000083800000, 0x0000000083800000|100%| O|  |TAMS 0x0000000083800000, 0x0000000083700000| Untracked 
|  56|0x0000000083800000, 0x0000000083900000, 0x0000000083900000|100%| O|  |TAMS 0x0000000083900000, 0x0000000083800000| Untracked 
|  57|0x0000000083900000, 0x0000000083a00000, 0x0000000083a00000|100%| O|  |TAMS 0x0000000083a00000, 0x0000000083900000| Untracked 
|  58|0x0000000083a00000, 0x0000000083b00000, 0x0000000083b00000|100%| O|  |TAMS 0x0000000083b00000, 0x0000000083a00000| Untracked 
|  59|0x0000000083b00000, 0x0000000083c00000, 0x0000000083c00000|100%| O|  |TAMS 0x0000000083c00000, 0x0000000083b00000| Untracked 
|  60|0x0000000083c00000, 0x0000000083d00000, 0x0000000083d00000|100%| O|  |TAMS 0x0000000083d00000, 0x0000000083c00000| Untracked 
|  61|0x0000000083d00000, 0x0000000083e00000, 0x0000000083e00000|100%| O|  |TAMS 0x0000000083e00000, 0x0000000083d00000| Untracked 
|  62|0x0000000083e00000, 0x0000000083f00000, 0x0000000083f00000|100%| O|  |TAMS 0x0000000083f00000, 0x0000000083e00000| Untracked 
|  63|0x0000000083f00000, 0x0000000084000000, 0x0000000084000000|100%| O|  |TAMS 0x0000000084000000, 0x0000000083f00000| Untracked 
|  64|0x0000000084000000, 0x0000000084100000, 0x0000000084100000|100%| O|  |TAMS 0x0000000084100000, 0x0000000084000000| Untracked 
|  65|0x0000000084100000, 0x0000000084200000, 0x0000000084200000|100%| O|  |TAMS 0x0000000084200000, 0x0000000084100000| Untracked 
|  66|0x0000000084200000, 0x0000000084300000, 0x0000000084300000|100%| O|  |TAMS 0x0000000084200000, 0x0000000084200000| Untracked 
|  67|0x0000000084300000, 0x0000000084400000, 0x0000000084400000|100%| O|  |TAMS 0x0000000084400000, 0x0000000084300000| Untracked 
|  68|0x0000000084400000, 0x0000000084500000, 0x0000000084500000|100%| O|  |TAMS 0x0000000084500000, 0x0000000084400000| Untracked 
|  69|0x0000000084500000, 0x0000000084600000, 0x0000000084600000|100%| O|  |TAMS 0x0000000084600000, 0x0000000084500000| Untracked 
|  70|0x0000000084600000, 0x0000000084700000, 0x0000000084700000|100%| O|  |TAMS 0x0000000084700000, 0x0000000084600000| Untracked 
|  71|0x0000000084700000, 0x0000000084800000, 0x0000000084800000|100%| O|  |TAMS 0x0000000084700000, 0x0000000084700000| Untracked 
|  72|0x0000000084800000, 0x0000000084900000, 0x0000000084900000|100%| O|  |TAMS 0x0000000084800000, 0x0000000084800000| Untracked 
|  73|0x0000000084900000, 0x0000000084a00000, 0x0000000084a00000|100%| O|  |TAMS 0x0000000084a00000, 0x0000000084900000| Untracked 
|  74|0x0000000084a00000, 0x0000000084b00000, 0x0000000084b00000|100%| O|  |TAMS 0x0000000084a00000, 0x0000000084a00000| Untracked 
|  75|0x0000000084b00000, 0x0000000084c00000, 0x0000000084c00000|100%| O|  |TAMS 0x0000000084b00000, 0x0000000084b00000| Untracked 
|  76|0x0000000084c00000, 0x0000000084d00000, 0x0000000084d00000|100%| O|  |TAMS 0x0000000084d00000, 0x0000000084c00000| Untracked 
|  77|0x0000000084d00000, 0x0000000084e00000, 0x0000000084e00000|100%| O|  |TAMS 0x0000000084e00000, 0x0000000084d00000| Untracked 
|  78|0x0000000084e00000, 0x0000000084f00000, 0x0000000084f00000|100%| O|  |TAMS 0x0000000084f00000, 0x0000000084e00000| Untracked 
|  79|0x0000000084f00000, 0x0000000085000000, 0x0000000085000000|100%| O|  |TAMS 0x0000000085000000, 0x0000000084f00000| Untracked 
|  80|0x0000000085000000, 0x0000000085100000, 0x0000000085100000|100%| O|  |TAMS 0x0000000085100000, 0x0000000085000000| Untracked 
|  81|0x0000000085100000, 0x0000000085200000, 0x0000000085200000|100%| O|  |TAMS 0x0000000085200000, 0x0000000085100000| Untracked 
|  82|0x0000000085200000, 0x0000000085300000, 0x0000000085300000|100%| O|  |TAMS 0x0000000085300000, 0x0000000085200000| Untracked 
|  83|0x0000000085300000, 0x0000000085400000, 0x0000000085400000|100%| O|  |TAMS 0x0000000085400000, 0x0000000085300000| Untracked 
|  84|0x0000000085400000, 0x0000000085500000, 0x0000000085500000|100%| O|  |TAMS 0x0000000085500000, 0x0000000085400000| Untracked 
|  85|0x0000000085500000, 0x0000000085600000, 0x0000000085600000|100%| O|  |TAMS 0x0000000085600000, 0x0000000085500000| Untracked 
|  86|0x0000000085600000, 0x0000000085700000, 0x0000000085700000|100%| O|  |TAMS 0x0000000085700000, 0x0000000085600000| Untracked 
|  87|0x0000000085700000, 0x0000000085800000, 0x0000000085800000|100%| O|  |TAMS 0x0000000085800000, 0x0000000085700000| Untracked 
|  88|0x0000000085800000, 0x0000000085900000, 0x0000000085900000|100%| O|  |TAMS 0x0000000085900000, 0x0000000085800000| Untracked 
|  89|0x0000000085900000, 0x0000000085a00000, 0x0000000085a00000|100%| O|  |TAMS 0x0000000085a00000, 0x0000000085900000| Untracked 
|  90|0x0000000085a00000, 0x0000000085b00000, 0x0000000085b00000|100%| O|  |TAMS 0x0000000085b00000, 0x0000000085a00000| Untracked 
|  91|0x0000000085b00000, 0x0000000085c00000, 0x0000000085c00000|100%| O|  |TAMS 0x0000000085c00000, 0x0000000085b00000| Untracked 
|  92|0x0000000085c00000, 0x0000000085d00000, 0x0000000085d00000|100%| O|  |TAMS 0x0000000085d00000, 0x0000000085c00000| Untracked 
|  93|0x0000000085d00000, 0x0000000085e00000, 0x0000000085e00000|100%| O|  |TAMS 0x0000000085e00000, 0x0000000085d00000| Untracked 
|  94|0x0000000085e00000, 0x0000000085f00000, 0x0000000085f00000|100%| O|  |TAMS 0x0000000085f00000, 0x0000000085e00000| Untracked 
|  95|0x0000000085f00000, 0x0000000086000000, 0x0000000086000000|100%| O|  |TAMS 0x0000000086000000, 0x0000000085f00000| Untracked 
|  96|0x0000000086000000, 0x0000000086100000, 0x0000000086100000|100%| O|  |TAMS 0x0000000086100000, 0x0000000086000000| Untracked 
|  97|0x0000000086100000, 0x0000000086200000, 0x0000000086200000|100%| O|  |TAMS 0x0000000086200000, 0x0000000086100000| Untracked 
|  98|0x0000000086200000, 0x0000000086300000, 0x0000000086300000|100%| O|  |TAMS 0x0000000086300000, 0x0000000086200000| Untracked 
|  99|0x0000000086300000, 0x0000000086400000, 0x0000000086400000|100%| O|  |TAMS 0x0000000086400000, 0x0000000086300000| Untracked 
| 100|0x0000000086400000, 0x0000000086500000, 0x0000000086500000|100%| O|  |TAMS 0x0000000086500000, 0x0000000086400000| Untracked 
| 101|0x0000000086500000, 0x0000000086600000, 0x0000000086600000|100%| O|  |TAMS 0x0000000086600000, 0x0000000086500000| Untracked 
| 102|0x0000000086600000, 0x0000000086700000, 0x0000000086700000|100%| O|  |TAMS 0x0000000086600000, 0x0000000086600000| Untracked 
| 103|0x0000000086700000, 0x0000000086800000, 0x0000000086800000|100%| O|  |TAMS 0x0000000086700000, 0x0000000086700000| Untracked 
| 104|0x0000000086800000, 0x0000000086900000, 0x0000000086900000|100%| O|  |TAMS 0x0000000086800000, 0x0000000086800000| Untracked 
| 105|0x0000000086900000, 0x0000000086a00000, 0x0000000086a00000|100%| O|  |TAMS 0x0000000086900000, 0x0000000086900000| Untracked 
| 106|0x0000000086a00000, 0x0000000086b00000, 0x0000000086b00000|100%| O|  |TAMS 0x0000000086a00000, 0x0000000086a00000| Untracked 
| 107|0x0000000086b00000, 0x0000000086c00000, 0x0000000086c00000|100%| O|  |TAMS 0x0000000086b00000, 0x0000000086b00000| Untracked 
| 108|0x0000000086c00000, 0x0000000086d00000, 0x0000000086d00000|100%| O|  |TAMS 0x0000000086c00000, 0x0000000086c00000| Untracked 
| 109|0x0000000086d00000, 0x0000000086e00000, 0x0000000086e00000|100%| O|  |TAMS 0x0000000086d00000, 0x0000000086d00000| Untracked 
| 110|0x0000000086e00000, 0x0000000086f00000, 0x0000000086f00000|100%| O|  |TAMS 0x0000000086e00000, 0x0000000086e00000| Untracked 
| 111|0x0000000086f00000, 0x0000000087000000, 0x0000000087000000|100%| O|  |TAMS 0x0000000086f00000, 0x0000000086f00000| Untracked 
| 112|0x0000000087000000, 0x0000000087100000, 0x0000000087100000|100%| O|  |TAMS 0x0000000087000000, 0x0000000087000000| Untracked 
| 113|0x0000000087100000, 0x0000000087200000, 0x0000000087200000|100%| O|  |TAMS 0x0000000087100000, 0x0000000087100000| Untracked 
| 114|0x0000000087200000, 0x0000000087300000, 0x0000000087300000|100%| O|  |TAMS 0x0000000087200000, 0x0000000087200000| Untracked 
| 115|0x0000000087300000, 0x0000000087400000, 0x0000000087400000|100%| O|  |TAMS 0x0000000087300000, 0x0000000087300000| Untracked 
| 116|0x0000000087400000, 0x0000000087500000, 0x0000000087500000|100%| O|  |TAMS 0x0000000087500000, 0x0000000087400000| Untracked 
| 117|0x0000000087500000, 0x0000000087600000, 0x0000000087600000|100%| O|  |TAMS 0x0000000087500000, 0x0000000087500000| Untracked 
| 118|0x0000000087600000, 0x0000000087700000, 0x0000000087700000|100%| O|  |TAMS 0x0000000087600000, 0x0000000087600000| Untracked 
| 119|0x0000000087700000, 0x0000000087800000, 0x0000000087800000|100%| O|  |TAMS 0x0000000087700000, 0x0000000087700000| Untracked 
| 120|0x0000000087800000, 0x0000000087900000, 0x0000000087900000|100%| O|  |TAMS 0x0000000087800000, 0x0000000087800000| Untracked 
| 121|0x0000000087900000, 0x0000000087a00000, 0x0000000087a00000|100%| O|  |TAMS 0x0000000087900000, 0x0000000087900000| Untracked 
| 122|0x0000000087a00000, 0x0000000087b00000, 0x0000000087b00000|100%| O|  |TAMS 0x0000000087a00000, 0x0000000087a00000| Untracked 
| 123|0x0000000087b00000, 0x0000000087b82400, 0x0000000087c00000| 50%| O|  |TAMS 0x0000000087b00000, 0x0000000087b00000| Untracked 
| 124|0x0000000087c00000, 0x0000000087c00000, 0x0000000087d00000|  0%| F|  |TAMS 0x0000000087c00000, 0x0000000087c00000| Untracked 
| 125|0x0000000087d00000, 0x0000000087d00000, 0x0000000087e00000|  0%| F|  |TAMS 0x0000000087d00000, 0x0000000087d00000| Untracked 
| 126|0x0000000087e00000, 0x0000000087e00000, 0x0000000087f00000|  0%| F|  |TAMS 0x0000000087e00000, 0x0000000087e00000| Untracked 
| 127|0x0000000087f00000, 0x0000000087f00000, 0x0000000088000000|  0%| F|  |TAMS 0x0000000087f00000, 0x0000000087f00000| Untracked 
| 128|0x0000000088000000, 0x0000000088000000, 0x0000000088100000|  0%| F|  |TAMS 0x0000000088000000, 0x0000000088000000| Untracked 
| 129|0x0000000088100000, 0x0000000088100000, 0x0000000088200000|  0%| F|  |TAMS 0x0000000088100000, 0x0000000088100000| Untracked 
| 130|0x0000000088200000, 0x0000000088200000, 0x0000000088300000|  0%| F|  |TAMS 0x0000000088200000, 0x0000000088200000| Untracked 
| 131|0x0000000088300000, 0x0000000088300000, 0x0000000088400000|  0%| F|  |TAMS 0x0000000088300000, 0x0000000088300000| Untracked 
| 132|0x0000000088400000, 0x0000000088400000, 0x0000000088500000|  0%| F|  |TAMS 0x0000000088400000, 0x0000000088400000| Untracked 
| 133|0x0000000088500000, 0x0000000088500000, 0x0000000088600000|  0%| F|  |TAMS 0x0000000088500000, 0x0000000088500000| Untracked 
| 134|0x0000000088600000, 0x0000000088600000, 0x0000000088700000|  0%| F|  |TAMS 0x0000000088600000, 0x0000000088600000| Untracked 
| 135|0x0000000088700000, 0x0000000088700000, 0x0000000088800000|  0%| F|  |TAMS 0x0000000088700000, 0x0000000088700000| Untracked 
| 136|0x0000000088800000, 0x0000000088800000, 0x0000000088900000|  0%| F|  |TAMS 0x0000000088800000, 0x0000000088800000| Untracked 
| 137|0x0000000088900000, 0x0000000088900000, 0x0000000088a00000|  0%| F|  |TAMS 0x0000000088900000, 0x0000000088900000| Untracked 
| 138|0x0000000088a00000, 0x0000000088a00000, 0x0000000088b00000|  0%| F|  |TAMS 0x0000000088a00000, 0x0000000088a00000| Untracked 
| 139|0x0000000088b00000, 0x0000000088b00000, 0x0000000088c00000|  0%| F|  |TAMS 0x0000000088b00000, 0x0000000088b00000| Untracked 
| 140|0x0000000088c00000, 0x0000000088c00000, 0x0000000088d00000|  0%| F|  |TAMS 0x0000000088c00000, 0x0000000088c00000| Untracked 
| 141|0x0000000088d00000, 0x0000000088d00000, 0x0000000088e00000|  0%| F|  |TAMS 0x0000000088d00000, 0x0000000088d00000| Untracked 
| 142|0x0000000088e00000, 0x0000000088e00000, 0x0000000088f00000|  0%| F|  |TAMS 0x0000000088e00000, 0x0000000088e00000| Untracked 
| 143|0x0000000088f00000, 0x0000000088f00000, 0x0000000089000000|  0%| F|  |TAMS 0x0000000088f00000, 0x0000000088f00000| Untracked 
| 144|0x0000000089000000, 0x0000000089000000, 0x0000000089100000|  0%| F|  |TAMS 0x0000000089000000, 0x0000000089000000| Untracked 
| 145|0x0000000089100000, 0x0000000089100000, 0x0000000089200000|  0%| F|  |TAMS 0x0000000089100000, 0x0000000089100000| Untracked 
| 146|0x0000000089200000, 0x0000000089200000, 0x0000000089300000|  0%| F|  |TAMS 0x0000000089200000, 0x0000000089200000| Untracked 
| 147|0x0000000089300000, 0x0000000089300000, 0x0000000089400000|  0%| F|  |TAMS 0x0000000089300000, 0x0000000089300000| Untracked 
| 148|0x0000000089400000, 0x0000000089400000, 0x0000000089500000|  0%| F|  |TAMS 0x0000000089400000, 0x0000000089400000| Untracked 
| 149|0x0000000089500000, 0x0000000089500000, 0x0000000089600000|  0%| F|  |TAMS 0x0000000089500000, 0x0000000089500000| Untracked 
| 150|0x0000000089600000, 0x0000000089600000, 0x0000000089700000|  0%| F|  |TAMS 0x0000000089600000, 0x0000000089600000| Untracked 
| 151|0x0000000089700000, 0x0000000089700000, 0x0000000089800000|  0%| F|  |TAMS 0x0000000089700000, 0x0000000089700000| Untracked 
| 152|0x0000000089800000, 0x0000000089800000, 0x0000000089900000|  0%| F|  |TAMS 0x0000000089800000, 0x0000000089800000| Untracked 
| 153|0x0000000089900000, 0x0000000089900000, 0x0000000089a00000|  0%| F|  |TAMS 0x0000000089900000, 0x0000000089900000| Untracked 
| 154|0x0000000089a00000, 0x0000000089a00000, 0x0000000089b00000|  0%| F|  |TAMS 0x0000000089a00000, 0x0000000089a00000| Untracked 
| 155|0x0000000089b00000, 0x0000000089b00000, 0x0000000089c00000|  0%| F|  |TAMS 0x0000000089b00000, 0x0000000089b00000| Untracked 
| 156|0x0000000089c00000, 0x0000000089c00000, 0x0000000089d00000|  0%| F|  |TAMS 0x0000000089c00000, 0x0000000089c00000| Untracked 
| 157|0x0000000089d00000, 0x0000000089d00000, 0x0000000089e00000|  0%| F|  |TAMS 0x0000000089d00000, 0x0000000089d00000| Untracked 
| 158|0x0000000089e00000, 0x0000000089e00000, 0x0000000089f00000|  0%| F|  |TAMS 0x0000000089e00000, 0x0000000089e00000| Untracked 
| 159|0x0000000089f00000, 0x0000000089f00000, 0x000000008a000000|  0%| F|  |TAMS 0x0000000089f00000, 0x0000000089f00000| Untracked 
| 160|0x000000008a000000, 0x000000008a100000, 0x000000008a100000|100%| S|CS|TAMS 0x000000008a000000, 0x000000008a000000| Complete 
| 161|0x000000008a100000, 0x000000008a200000, 0x000000008a200000|100%| S|CS|TAMS 0x000000008a100000, 0x000000008a100000| Complete 
| 162|0x000000008a200000, 0x000000008a300000, 0x000000008a300000|100%| S|CS|TAMS 0x000000008a200000, 0x000000008a200000| Complete 
| 163|0x000000008a300000, 0x000000008a400000, 0x000000008a400000|100%| S|CS|TAMS 0x000000008a300000, 0x000000008a300000| Complete 
| 164|0x000000008a400000, 0x000000008a500000, 0x000000008a500000|100%| S|CS|TAMS 0x000000008a400000, 0x000000008a400000| Complete 
| 165|0x000000008a500000, 0x000000008a600000, 0x000000008a600000|100%| S|CS|TAMS 0x000000008a500000, 0x000000008a500000| Complete 
| 166|0x000000008a600000, 0x000000008a700000, 0x000000008a700000|100%| S|CS|TAMS 0x000000008a600000, 0x000000008a600000| Complete 
| 167|0x000000008a700000, 0x000000008a800000, 0x000000008a800000|100%| S|CS|TAMS 0x000000008a700000, 0x000000008a700000| Complete 
| 168|0x000000008a800000, 0x000000008a800000, 0x000000008a900000|  0%| F|  |TAMS 0x000000008a800000, 0x000000008a800000| Untracked 
| 169|0x000000008a900000, 0x000000008a900000, 0x000000008aa00000|  0%| F|  |TAMS 0x000000008a900000, 0x000000008a900000| Untracked 
| 170|0x000000008aa00000, 0x000000008aa00000, 0x000000008ab00000|  0%| F|  |TAMS 0x000000008aa00000, 0x000000008aa00000| Untracked 
| 171|0x000000008ab00000, 0x000000008ab00000, 0x000000008ac00000|  0%| F|  |TAMS 0x000000008ab00000, 0x000000008ab00000| Untracked 
| 172|0x000000008ac00000, 0x000000008ac00000, 0x000000008ad00000|  0%| F|  |TAMS 0x000000008ac00000, 0x000000008ac00000| Untracked 
| 173|0x000000008ad00000, 0x000000008ad00000, 0x000000008ae00000|  0%| F|  |TAMS 0x000000008ad00000, 0x000000008ad00000| Untracked 
| 174|0x000000008ae00000, 0x000000008ae00000, 0x000000008af00000|  0%| F|  |TAMS 0x000000008ae00000, 0x000000008ae00000| Untracked 
| 175|0x000000008af00000, 0x000000008af00000, 0x000000008b000000|  0%| F|  |TAMS 0x000000008af00000, 0x000000008af00000| Untracked 
| 176|0x000000008b000000, 0x000000008b000000, 0x000000008b100000|  0%| F|  |TAMS 0x000000008b000000, 0x000000008b000000| Untracked 
| 177|0x000000008b100000, 0x000000008b100000, 0x000000008b200000|  0%| F|  |TAMS 0x000000008b100000, 0x000000008b100000| Untracked 
| 178|0x000000008b200000, 0x000000008b200000, 0x000000008b300000|  0%| F|  |TAMS 0x000000008b200000, 0x000000008b200000| Untracked 
| 179|0x000000008b300000, 0x000000008b300000, 0x000000008b400000|  0%| F|  |TAMS 0x000000008b300000, 0x000000008b300000| Untracked 
| 180|0x000000008b400000, 0x000000008b400000, 0x000000008b500000|  0%| F|  |TAMS 0x000000008b400000, 0x000000008b400000| Untracked 
| 181|0x000000008b500000, 0x000000008b500000, 0x000000008b600000|  0%| F|  |TAMS 0x000000008b500000, 0x000000008b500000| Untracked 
| 182|0x000000008b600000, 0x000000008b600000, 0x000000008b700000|  0%| F|  |TAMS 0x000000008b600000, 0x000000008b600000| Untracked 
| 183|0x000000008b700000, 0x000000008b700000, 0x000000008b800000|  0%| F|  |TAMS 0x000000008b700000, 0x000000008b700000| Untracked 
| 184|0x000000008b800000, 0x000000008b800000, 0x000000008b900000|  0%| F|  |TAMS 0x000000008b800000, 0x000000008b800000| Untracked 
| 185|0x000000008b900000, 0x000000008b900000, 0x000000008ba00000|  0%| F|  |TAMS 0x000000008b900000, 0x000000008b900000| Untracked 
| 186|0x000000008ba00000, 0x000000008ba00000, 0x000000008bb00000|  0%| F|  |TAMS 0x000000008ba00000, 0x000000008ba00000| Untracked 
| 187|0x000000008bb00000, 0x000000008bb00000, 0x000000008bc00000|  0%| F|  |TAMS 0x000000008bb00000, 0x000000008bb00000| Untracked 
| 188|0x000000008bc00000, 0x000000008bc00000, 0x000000008bd00000|  0%| F|  |TAMS 0x000000008bc00000, 0x000000008bc00000| Untracked 
| 189|0x000000008bd00000, 0x000000008bd00000, 0x000000008be00000|  0%| F|  |TAMS 0x000000008bd00000, 0x000000008bd00000| Untracked 
| 190|0x000000008be00000, 0x000000008be00000, 0x000000008bf00000|  0%| F|  |TAMS 0x000000008be00000, 0x000000008be00000| Untracked 
| 191|0x000000008bf00000, 0x000000008bf00000, 0x000000008c000000|  0%| F|  |TAMS 0x000000008bf00000, 0x000000008bf00000| Untracked 
| 192|0x000000008c000000, 0x000000008c000000, 0x000000008c100000|  0%| F|  |TAMS 0x000000008c000000, 0x000000008c000000| Untracked 
| 193|0x000000008c100000, 0x000000008c100000, 0x000000008c200000|  0%| F|  |TAMS 0x000000008c100000, 0x000000008c100000| Untracked 
| 194|0x000000008c200000, 0x000000008c200000, 0x000000008c300000|  0%| F|  |TAMS 0x000000008c200000, 0x000000008c200000| Untracked 
| 195|0x000000008c300000, 0x000000008c300000, 0x000000008c400000|  0%| F|  |TAMS 0x000000008c300000, 0x000000008c300000| Untracked 
| 196|0x000000008c400000, 0x000000008c400000, 0x000000008c500000|  0%| F|  |TAMS 0x000000008c400000, 0x000000008c400000| Untracked 
| 197|0x000000008c500000, 0x000000008c500000, 0x000000008c600000|  0%| F|  |TAMS 0x000000008c500000, 0x000000008c500000| Untracked 
| 198|0x000000008c600000, 0x000000008c600000, 0x000000008c700000|  0%| F|  |TAMS 0x000000008c600000, 0x000000008c600000| Untracked 
| 199|0x000000008c700000, 0x000000008c700000, 0x000000008c800000|  0%| F|  |TAMS 0x000000008c700000, 0x000000008c700000| Untracked 
| 200|0x000000008c800000, 0x000000008c800000, 0x000000008c900000|  0%| F|  |TAMS 0x000000008c800000, 0x000000008c800000| Untracked 
| 201|0x000000008c900000, 0x000000008c900000, 0x000000008ca00000|  0%| F|  |TAMS 0x000000008c900000, 0x000000008c900000| Untracked 
| 202|0x000000008ca00000, 0x000000008ca00000, 0x000000008cb00000|  0%| F|  |TAMS 0x000000008ca00000, 0x000000008ca00000| Untracked 
| 203|0x000000008cb00000, 0x000000008cb00000, 0x000000008cc00000|  0%| F|  |TAMS 0x000000008cb00000, 0x000000008cb00000| Untracked 
| 204|0x000000008cc00000, 0x000000008cc00000, 0x000000008cd00000|  0%| F|  |TAMS 0x000000008cc00000, 0x000000008cc00000| Untracked 
| 205|0x000000008cd00000, 0x000000008cd00000, 0x000000008ce00000|  0%| F|  |TAMS 0x000000008cd00000, 0x000000008cd00000| Untracked 
| 206|0x000000008ce00000, 0x000000008ce00000, 0x000000008cf00000|  0%| F|  |TAMS 0x000000008ce00000, 0x000000008ce00000| Untracked 
| 207|0x000000008cf00000, 0x000000008cf00000, 0x000000008d000000|  0%| F|  |TAMS 0x000000008cf00000, 0x000000008cf00000| Untracked 
| 208|0x000000008d000000, 0x000000008d000000, 0x000000008d100000|  0%| F|  |TAMS 0x000000008d000000, 0x000000008d000000| Untracked 
| 209|0x000000008d100000, 0x000000008d100000, 0x000000008d200000|  0%| F|  |TAMS 0x000000008d100000, 0x000000008d100000| Untracked 
| 210|0x000000008d200000, 0x000000008d200000, 0x000000008d300000|  0%| F|  |TAMS 0x000000008d200000, 0x000000008d200000| Untracked 
| 211|0x000000008d300000, 0x000000008d300000, 0x000000008d400000|  0%| F|  |TAMS 0x000000008d300000, 0x000000008d300000| Untracked 
| 212|0x000000008d400000, 0x000000008d400000, 0x000000008d500000|  0%| F|  |TAMS 0x000000008d400000, 0x000000008d400000| Untracked 
| 213|0x000000008d500000, 0x000000008d500000, 0x000000008d600000|  0%| F|  |TAMS 0x000000008d500000, 0x000000008d500000| Untracked 
| 214|0x000000008d600000, 0x000000008d600000, 0x000000008d700000|  0%| F|  |TAMS 0x000000008d600000, 0x000000008d600000| Untracked 
| 215|0x000000008d700000, 0x000000008d700000, 0x000000008d800000|  0%| F|  |TAMS 0x000000008d700000, 0x000000008d700000| Untracked 
| 216|0x000000008d800000, 0x000000008d800000, 0x000000008d900000|  0%| F|  |TAMS 0x000000008d800000, 0x000000008d800000| Untracked 
| 217|0x000000008d900000, 0x000000008d900000, 0x000000008da00000|  0%| F|  |TAMS 0x000000008d900000, 0x000000008d900000| Untracked 
| 218|0x000000008da00000, 0x000000008da00000, 0x000000008db00000|  0%| F|  |TAMS 0x000000008da00000, 0x000000008da00000| Untracked 
| 219|0x000000008db00000, 0x000000008db00000, 0x000000008dc00000|  0%| F|  |TAMS 0x000000008db00000, 0x000000008db00000| Untracked 
| 220|0x000000008dc00000, 0x000000008dc00000, 0x000000008dd00000|  0%| F|  |TAMS 0x000000008dc00000, 0x000000008dc00000| Untracked 
| 221|0x000000008dd00000, 0x000000008dd00000, 0x000000008de00000|  0%| F|  |TAMS 0x000000008dd00000, 0x000000008dd00000| Untracked 
| 222|0x000000008de00000, 0x000000008de00000, 0x000000008df00000|  0%| F|  |TAMS 0x000000008de00000, 0x000000008de00000| Untracked 
| 223|0x000000008df00000, 0x000000008df00000, 0x000000008e000000|  0%| F|  |TAMS 0x000000008df00000, 0x000000008df00000| Untracked 
| 224|0x000000008e000000, 0x000000008e000000, 0x000000008e100000|  0%| F|  |TAMS 0x000000008e000000, 0x000000008e000000| Untracked 
| 225|0x000000008e100000, 0x000000008e100000, 0x000000008e200000|  0%| F|  |TAMS 0x000000008e100000, 0x000000008e100000| Untracked 
| 226|0x000000008e200000, 0x000000008e200000, 0x000000008e300000|  0%| F|  |TAMS 0x000000008e200000, 0x000000008e200000| Untracked 
| 227|0x000000008e300000, 0x000000008e300000, 0x000000008e400000|  0%| F|  |TAMS 0x000000008e300000, 0x000000008e300000| Untracked 
| 228|0x000000008e400000, 0x000000008e400000, 0x000000008e500000|  0%| F|  |TAMS 0x000000008e400000, 0x000000008e400000| Untracked 
| 229|0x000000008e500000, 0x000000008e500000, 0x000000008e600000|  0%| F|  |TAMS 0x000000008e500000, 0x000000008e500000| Untracked 
| 230|0x000000008e600000, 0x000000008e600000, 0x000000008e700000|  0%| F|  |TAMS 0x000000008e600000, 0x000000008e600000| Untracked 
| 231|0x000000008e700000, 0x000000008e700000, 0x000000008e800000|  0%| F|  |TAMS 0x000000008e700000, 0x000000008e700000| Untracked 
| 232|0x000000008e800000, 0x000000008e800000, 0x000000008e900000|  0%| F|  |TAMS 0x000000008e800000, 0x000000008e800000| Untracked 
| 233|0x000000008e900000, 0x000000008e900000, 0x000000008ea00000|  0%| F|  |TAMS 0x000000008e900000, 0x000000008e900000| Untracked 
| 234|0x000000008ea00000, 0x000000008ea00000, 0x000000008eb00000|  0%| F|  |TAMS 0x000000008ea00000, 0x000000008ea00000| Untracked 
| 235|0x000000008eb00000, 0x000000008eb00000, 0x000000008ec00000|  0%| F|  |TAMS 0x000000008eb00000, 0x000000008eb00000| Untracked 
| 236|0x000000008ec00000, 0x000000008ec00000, 0x000000008ed00000|  0%| F|  |TAMS 0x000000008ec00000, 0x000000008ec00000| Untracked 
| 237|0x000000008ed00000, 0x000000008ed00000, 0x000000008ee00000|  0%| F|  |TAMS 0x000000008ed00000, 0x000000008ed00000| Untracked 
| 238|0x000000008ee00000, 0x000000008ee00000, 0x000000008ef00000|  0%| F|  |TAMS 0x000000008ee00000, 0x000000008ee00000| Untracked 
| 239|0x000000008ef00000, 0x000000008ef00000, 0x000000008f000000|  0%| F|  |TAMS 0x000000008ef00000, 0x000000008ef00000| Untracked 
| 240|0x000000008f000000, 0x000000008f000000, 0x000000008f100000|  0%| F|  |TAMS 0x000000008f000000, 0x000000008f000000| Untracked 
| 241|0x000000008f100000, 0x000000008f100000, 0x000000008f200000|  0%| F|  |TAMS 0x000000008f100000, 0x000000008f100000| Untracked 
| 242|0x000000008f200000, 0x000000008f200000, 0x000000008f300000|  0%| F|  |TAMS 0x000000008f200000, 0x000000008f200000| Untracked 
| 243|0x000000008f300000, 0x000000008f300000, 0x000000008f400000|  0%| F|  |TAMS 0x000000008f300000, 0x000000008f300000| Untracked 
| 244|0x000000008f400000, 0x000000008f400000, 0x000000008f500000|  0%| F|  |TAMS 0x000000008f400000, 0x000000008f400000| Untracked 
| 245|0x000000008f500000, 0x000000008f500000, 0x000000008f600000|  0%| F|  |TAMS 0x000000008f500000, 0x000000008f500000| Untracked 
| 246|0x000000008f600000, 0x000000008f600000, 0x000000008f700000|  0%| F|  |TAMS 0x000000008f600000, 0x000000008f600000| Untracked 
| 247|0x000000008f700000, 0x000000008f700000, 0x000000008f800000|  0%| F|  |TAMS 0x000000008f700000, 0x000000008f700000| Untracked 
| 248|0x000000008f800000, 0x000000008f800000, 0x000000008f900000|  0%| F|  |TAMS 0x000000008f800000, 0x000000008f800000| Untracked 
| 249|0x000000008f900000, 0x000000008f900000, 0x000000008fa00000|  0%| F|  |TAMS 0x000000008f900000, 0x000000008f900000| Untracked 
| 250|0x000000008fa00000, 0x000000008fa00000, 0x000000008fb00000|  0%| F|  |TAMS 0x000000008fa00000, 0x000000008fa00000| Untracked 
| 251|0x000000008fb00000, 0x000000008fb00000, 0x000000008fc00000|  0%| F|  |TAMS 0x000000008fb00000, 0x000000008fb00000| Untracked 
| 252|0x000000008fc00000, 0x000000008fc00000, 0x000000008fd00000|  0%| F|  |TAMS 0x000000008fc00000, 0x000000008fc00000| Untracked 
| 253|0x000000008fd00000, 0x000000008fd00000, 0x000000008fe00000|  0%| F|  |TAMS 0x000000008fd00000, 0x000000008fd00000| Untracked 
| 254|0x000000008fe00000, 0x000000008fe00000, 0x000000008ff00000|  0%| F|  |TAMS 0x000000008fe00000, 0x000000008fe00000| Untracked 
| 255|0x000000008ff00000, 0x000000008ff00000, 0x0000000090000000|  0%| F|  |TAMS 0x000000008ff00000, 0x000000008ff00000| Untracked 
| 256|0x0000000090000000, 0x0000000090000000, 0x0000000090100000|  0%| F|  |TAMS 0x0000000090000000, 0x0000000090000000| Untracked 
| 257|0x0000000090100000, 0x0000000090100000, 0x0000000090200000|  0%| F|  |TAMS 0x0000000090100000, 0x0000000090100000| Untracked 
| 258|0x0000000090200000, 0x0000000090200000, 0x0000000090300000|  0%| F|  |TAMS 0x0000000090200000, 0x0000000090200000| Untracked 
| 259|0x0000000090300000, 0x0000000090300000, 0x0000000090400000|  0%| F|  |TAMS 0x0000000090300000, 0x0000000090300000| Untracked 
| 260|0x0000000090400000, 0x0000000090400000, 0x0000000090500000|  0%| F|  |TAMS 0x0000000090400000, 0x0000000090400000| Untracked 
| 261|0x0000000090500000, 0x0000000090500000, 0x0000000090600000|  0%| F|  |TAMS 0x0000000090500000, 0x0000000090500000| Untracked 
| 262|0x0000000090600000, 0x0000000090600000, 0x0000000090700000|  0%| F|  |TAMS 0x0000000090600000, 0x0000000090600000| Untracked 
| 263|0x0000000090700000, 0x0000000090700000, 0x0000000090800000|  0%| F|  |TAMS 0x0000000090700000, 0x0000000090700000| Untracked 
| 264|0x0000000090800000, 0x0000000090800000, 0x0000000090900000|  0%| F|  |TAMS 0x0000000090800000, 0x0000000090800000| Untracked 
| 265|0x0000000090900000, 0x0000000090900000, 0x0000000090a00000|  0%| F|  |TAMS 0x0000000090900000, 0x0000000090900000| Untracked 
| 266|0x0000000090a00000, 0x0000000090a00000, 0x0000000090b00000|  0%| F|  |TAMS 0x0000000090a00000, 0x0000000090a00000| Untracked 
| 267|0x0000000090b00000, 0x0000000090b00000, 0x0000000090c00000|  0%| F|  |TAMS 0x0000000090b00000, 0x0000000090b00000| Untracked 
| 268|0x0000000090c00000, 0x0000000090c00000, 0x0000000090d00000|  0%| F|  |TAMS 0x0000000090c00000, 0x0000000090c00000| Untracked 
| 269|0x0000000090d00000, 0x0000000090d00000, 0x0000000090e00000|  0%| F|  |TAMS 0x0000000090d00000, 0x0000000090d00000| Untracked 
| 270|0x0000000090e00000, 0x0000000090e00000, 0x0000000090f00000|  0%| F|  |TAMS 0x0000000090e00000, 0x0000000090e00000| Untracked 
| 271|0x0000000090f00000, 0x0000000090f00000, 0x0000000091000000|  0%| F|  |TAMS 0x0000000090f00000, 0x0000000090f00000| Untracked 
| 272|0x0000000091000000, 0x0000000091000000, 0x0000000091100000|  0%| F|  |TAMS 0x0000000091000000, 0x0000000091000000| Untracked 
| 273|0x0000000091100000, 0x0000000091100000, 0x0000000091200000|  0%| F|  |TAMS 0x0000000091100000, 0x0000000091100000| Untracked 
| 274|0x0000000091200000, 0x0000000091200000, 0x0000000091300000|  0%| F|  |TAMS 0x0000000091200000, 0x0000000091200000| Untracked 
| 275|0x0000000091300000, 0x0000000091300000, 0x0000000091400000|  0%| F|  |TAMS 0x0000000091300000, 0x0000000091300000| Untracked 
| 276|0x0000000091400000, 0x0000000091400000, 0x0000000091500000|  0%| F|  |TAMS 0x0000000091400000, 0x0000000091400000| Untracked 
| 277|0x0000000091500000, 0x0000000091500000, 0x0000000091600000|  0%| F|  |TAMS 0x0000000091500000, 0x0000000091500000| Untracked 
| 278|0x0000000091600000, 0x0000000091600000, 0x0000000091700000|  0%| F|  |TAMS 0x0000000091600000, 0x0000000091600000| Untracked 
| 279|0x0000000091700000, 0x0000000091700000, 0x0000000091800000|  0%| F|  |TAMS 0x0000000091700000, 0x0000000091700000| Untracked 
| 280|0x0000000091800000, 0x0000000091800000, 0x0000000091900000|  0%| F|  |TAMS 0x0000000091800000, 0x0000000091800000| Untracked 

Card table byte_map: [0x0000015a6d2b0000,0x0000015a6d6b0000] _byte_map_base: 0x0000015a6ceb0000

Marking Bits (Prev, Next): (CMBitMap*) 0x0000015a58971a50, (CMBitMap*) 0x0000015a58971a18
 Prev Bits: [0x0000015a6fab0000, 0x0000015a71ab0000)
 Next Bits: [0x0000015a6dab0000, 0x0000015a6fab0000)

Polling page: 0x0000015a58a10000

Metaspace:

Usage:
  Non-class:     94.19 MB capacity,    92.67 MB ( 98%) used,     1.23 MB (  1%) free+waste,   297.25 KB ( <1%) overhead. 
      Class:     13.97 MB capacity,    13.06 MB ( 93%) used,   805.66 KB (  6%) free+waste,   127.50 KB ( <1%) overhead. 
       Both:    108.17 MB capacity,   105.73 MB ( 98%) used,     2.02 MB (  2%) free+waste,   424.75 KB ( <1%) overhead. 

Virtual space:
  Non-class space:       96.00 MB reserved,      94.25 MB ( 98%) committed 
      Class space:        1.00 GB reserved,      14.00 MB (  1%) committed 
             Both:        1.09 GB reserved,     108.25 MB ( 10%) committed 

Chunk freelists:
   Non-Class:  58.00 KB
       Class:  0 bytes
        Both:  58.00 KB

MaxMetaspaceSize: 17179869184.00 GB
CompressedClassSpaceSize: 1.00 GB

CodeHeap 'non-profiled nmethods': size=120064Kb used=10874Kb max_used=10874Kb free=109189Kb
 bounds [0x0000015a65570000, 0x0000015a66020000, 0x0000015a6cab0000]
CodeHeap 'profiled nmethods': size=120000Kb used=41336Kb max_used=41336Kb free=78663Kb
 bounds [0x0000015a5e040000, 0x0000015a608b0000, 0x0000015a65570000]
CodeHeap 'non-nmethods': size=5696Kb used=2300Kb max_used=2369Kb free=3395Kb
 bounds [0x0000015a5dab0000, 0x0000015a5dd20000, 0x0000015a5e040000]
 total_blobs=17757 nmethods=16834 adapters=833
 compilation: enabled
              stopped_count=0, restarted_count=0
 full_count=0

Compilation events (20 events):
Event: 224.405 Thread 0x0000015a73efd000 18239       2       com.android.tools.r8.v.b.x0::b (27 bytes)
Event: 224.413 Thread 0x0000015a73efd000 nmethod 18239 0x0000015a608aa290 code [0x0000015a608aa460, 0x0000015a608aa5f8]
Event: 224.535 Thread 0x0000015a73efd000 18241       2       java.util.HashMap$TreeNode::moveRootToFront (124 bytes)
Event: 224.541 Thread 0x0000015a73efd000 nmethod 18241 0x0000015a608aa710 code [0x0000015a608aa8e0, 0x0000015a608aad38]
Event: 224.572 Thread 0x0000015a73efd000 18242       2       com.android.tools.r8.v.b.p1::f2 (14 bytes)
Event: 224.577 Thread 0x0000015a73efd000 nmethod 18242 0x0000015a608aaf90 code [0x0000015a608ab140, 0x0000015a608ab2a8]
Event: 224.594 Thread 0x0000015a73efd000 18243       2       com.android.tools.r8.r.o.A::a (18 bytes)
Event: 224.607 Thread 0x0000015a73efd000 nmethod 18243 0x0000015a608ab390 code [0x0000015a608ab540, 0x0000015a608ab668]
Event: 224.638 Thread 0x0000015a73efd000 18244       2       com.android.tools.r8.references.ArrayReference::a (75 bytes)
Event: 224.642 Thread 0x0000015a73efd000 nmethod 18244 0x0000015a608ab790 code [0x0000015a608aba20, 0x0000015a608ac2b8]
Event: 224.685 Thread 0x0000015a73efd000 18245       2       com.android.tools.r8.r.o.A::a (30 bytes)
Event: 224.688 Thread 0x0000015a73efd000 nmethod 18245 0x0000015a608ac810 code [0x0000015a608ac9e0, 0x0000015a608acb58]
Event: 224.688 Thread 0x0000015a73efd000 18246       2       com.android.tools.r8.ir.conversion.S::a (39 bytes)
Event: 224.690 Thread 0x0000015a73efd000 nmethod 18246 0x0000015a608acc90 code [0x0000015a608ace60, 0x0000015a608ad0e8]
Event: 224.710 Thread 0x0000015a73ef8800 nmethod 18196 0x0000015a66000690 code [0x0000015a66001f40, 0x0000015a660101f8]
Event: 224.713 Thread 0x0000015a73ef8800 18237       4       java.util.AbstractCollection::toArray (144 bytes)
Event: 224.748 Thread 0x0000015a73ef8800 nmethod 18237 0x0000015a657e5710 code [0x0000015a657e58e0, 0x0000015a657e5cd8]
Event: 224.750 Thread 0x0000015a73ef8800 18208       4       com.android.tools.r8.ir.regalloc.a::a (125 bytes)
Event: 224.838 Thread 0x0000015a73ef8800 nmethod 18208 0x0000015a6581c090 code [0x0000015a6581c240, 0x0000015a6581d118]
Event: 224.840 Thread 0x0000015a73ef8800 18202       4       java.util.IdentityHashMap::closeDeletion (107 bytes)

GC Heap History (20 events):
Event: 201.707 GC heap after
{Heap after GC invocations=94 (full 0):
 garbage-first heap   total 239616K, used 122620K [0x0000000080000000, 0x0000000100000000)
  region size 1024K, 4 young (4096K), 4 survivors (4096K)
 Metaspace       used 107998K, capacity 110471K, committed 110592K, reserved 1144832K
  class space    used 13367K, capacity 14307K, committed 14336K, reserved 1048576K
}
Event: 202.983 GC heap before
{Heap before GC invocations=94 (full 0):
 garbage-first heap   total 239616K, used 194300K [0x0000000080000000, 0x0000000100000000)
  region size 1024K, 74 young (75776K), 4 survivors (4096K)
 Metaspace       used 108014K, capacity 110537K, committed 110592K, reserved 1144832K
  class space    used 13368K, capacity 14307K, committed 14336K, reserved 1048576K
}
Event: 203.004 GC heap after
{Heap after GC invocations=95 (full 0):
 garbage-first heap   total 239616K, used 123666K [0x0000000080000000, 0x0000000100000000)
  region size 1024K, 5 young (5120K), 5 survivors (5120K)
 Metaspace       used 108014K, capacity 110537K, committed 110592K, reserved 1144832K
  class space    used 13368K, capacity 14307K, committed 14336K, reserved 1048576K
}
Event: 205.153 GC heap before
{Heap before GC invocations=95 (full 0):
 garbage-first heap   total 239616K, used 198418K [0x0000000080000000, 0x0000000100000000)
  region size 1024K, 78 young (79872K), 5 survivors (5120K)
 Metaspace       used 108024K, capacity 110538K, committed 110592K, reserved 1144832K
  class space    used 13368K, capacity 14307K, committed 14336K, reserved 1048576K
}
Event: 205.178 GC heap after
{Heap after GC invocations=96 (full 0):
 garbage-first heap   total 239616K, used 124778K [0x0000000080000000, 0x0000000100000000)
  region size 1024K, 6 young (6144K), 6 survivors (6144K)
 Metaspace       used 108024K, capacity 110538K, committed 110592K, reserved 1144832K
  class space    used 13368K, capacity 14307K, committed 14336K, reserved 1048576K
}
Event: 207.111 GC heap before
{Heap before GC invocations=96 (full 0):
 garbage-first heap   total 239616K, used 201578K [0x0000000080000000, 0x0000000100000000)
  region size 1024K, 81 young (82944K), 6 survivors (6144K)
 Metaspace       used 108031K, capacity 110538K, committed 110592K, reserved 1144832K
  class space    used 13368K, capacity 14307K, committed 14336K, reserved 1048576K
}
Event: 207.140 GC heap after
{Heap after GC invocations=97 (full 0):
 garbage-first heap   total 239616K, used 125424K [0x0000000080000000, 0x0000000100000000)
  region size 1024K, 6 young (6144K), 6 survivors (6144K)
 Metaspace       used 108031K, capacity 110538K, committed 110592K, reserved 1144832K
  class space    used 13368K, capacity 14307K, committed 14336K, reserved 1048576K
}
Event: 208.782 GC heap before
{Heap before GC invocations=97 (full 0):
 garbage-first heap   total 239616K, used 203248K [0x0000000080000000, 0x0000000100000000)
  region size 1024K, 82 young (83968K), 6 survivors (6144K)
 Metaspace       used 108076K, capacity 110603K, committed 110848K, reserved 1146880K
  class space    used 13370K, capacity 14307K, committed 14336K, reserved 1048576K
}
Event: 208.831 GC heap after
{Heap after GC invocations=98 (full 0):
 garbage-first heap   total 239616K, used 126576K [0x0000000080000000, 0x0000000100000000)
  region size 1024K, 6 young (6144K), 6 survivors (6144K)
 Metaspace       used 108076K, capacity 110603K, committed 110848K, reserved 1146880K
  class space    used 13370K, capacity 14307K, committed 14336K, reserved 1048576K
}
Event: 210.172 GC heap before
{Heap before GC invocations=98 (full 0):
 garbage-first heap   total 239616K, used 203376K [0x0000000080000000, 0x0000000100000000)
  region size 1024K, 81 young (82944K), 6 survivors (6144K)
 Metaspace       used 108077K, capacity 110603K, committed 110848K, reserved 1146880K
  class space    used 13370K, capacity 14307K, committed 14336K, reserved 1048576K
}
Event: 210.204 GC heap after
{Heap after GC invocations=99 (full 0):
 garbage-first heap   total 239616K, used 128112K [0x0000000080000000, 0x0000000100000000)
  region size 1024K, 7 young (7168K), 7 survivors (7168K)
 Metaspace       used 108077K, capacity 110603K, committed 110848K, reserved 1146880K
  class space    used 13370K, capacity 14307K, committed 14336K, reserved 1048576K
}
Event: 211.909 GC heap before
{Heap before GC invocations=99 (full 0):
 garbage-first heap   total 239616K, used 205936K [0x0000000080000000, 0x0000000100000000)
  region size 1024K, 82 young (83968K), 7 survivors (7168K)
 Metaspace       used 108192K, capacity 110693K, committed 110848K, reserved 1146880K
  class space    used 13370K, capacity 14307K, committed 14336K, reserved 1048576K
}
Event: 211.945 GC heap after
{Heap after GC invocations=100 (full 0):
 garbage-first heap   total 287744K, used 127837K [0x0000000080000000, 0x0000000100000000)
  region size 1024K, 6 young (6144K), 6 survivors (6144K)
 Metaspace       used 108192K, capacity 110693K, committed 110848K, reserved 1146880K
  class space    used 13370K, capacity 14307K, committed 14336K, reserved 1048576K
}
Event: 214.906 GC heap before
{Heap before GC invocations=100 (full 0):
 garbage-first heap   total 287744K, used 221021K [0x0000000080000000, 0x0000000100000000)
  region size 1024K, 97 young (99328K), 6 survivors (6144K)
 Metaspace       used 108206K, capacity 110696K, committed 110848K, reserved 1146880K
  class space    used 13370K, capacity 14308K, committed 14336K, reserved 1048576K
}
Event: 214.990 GC heap after
{Heap after GC invocations=101 (full 0):
 garbage-first heap   total 287744K, used 128349K [0x0000000080000000, 0x0000000100000000)
  region size 1024K, 6 young (6144K), 6 survivors (6144K)
 Metaspace       used 108206K, capacity 110696K, committed 110848K, reserved 1146880K
  class space    used 13370K, capacity 14308K, committed 14336K, reserved 1048576K
}
Event: 218.216 GC heap before
{Heap before GC invocations=101 (full 0):
 garbage-first heap   total 287744K, used 244061K [0x0000000080000000, 0x0000000100000000)
  region size 1024K, 119 young (121856K), 6 survivors (6144K)
 Metaspace       used 108226K, capacity 110696K, committed 110848K, reserved 1146880K
  class space    used 13370K, capacity 14308K, committed 14336K, reserved 1048576K
}
Event: 218.296 GC heap after
{Heap after GC invocations=102 (full 0):
 garbage-first heap   total 287744K, used 133981K [0x0000000080000000, 0x0000000100000000)
  region size 1024K, 12 young (12288K), 12 survivors (12288K)
 Metaspace       used 108226K, capacity 110696K, committed 110848K, reserved 1146880K
  class space    used 13370K, capacity 14308K, committed 14336K, reserved 1048576K
}
Event: 222.382 GC heap before
{Heap before GC invocations=102 (full 0):
 garbage-first heap   total 287744K, used 239453K [0x0000000080000000, 0x0000000100000000)
  region size 1024K, 115 young (117760K), 12 survivors (12288K)
 Metaspace       used 108258K, capacity 110760K, committed 110848K, reserved 1146880K
  class space    used 13375K, capacity 14308K, committed 14336K, reserved 1048576K
}
Event: 222.573 GC heap after
{Heap after GC invocations=103 (full 0):
 garbage-first heap   total 287744K, used 133641K [0x0000000080000000, 0x0000000100000000)
  region size 1024K, 7 young (7168K), 7 survivors (7168K)
 Metaspace       used 108258K, capacity 110760K, committed 110848K, reserved 1146880K
  class space    used 13375K, capacity 14308K, committed 14336K, reserved 1048576K
}
Event: 224.852 GC heap before
{Heap before GC invocations=103 (full 0):
 garbage-first heap   total 287744K, used 242185K [0x0000000080000000, 0x0000000100000000)
  region size 1024K, 113 young (115712K), 7 survivors (7168K)
 Metaspace       used 108269K, capacity 110763K, committed 110848K, reserved 1146880K
  class space    used 13375K, capacity 14309K, committed 14336K, reserved 1048576K
}

Deoptimization events (20 events):
Event: 223.113 Thread 0x0000015a77d52800 DEOPT PACKING pc=0x0000015a659bbc78 sp=0x0000003ae32f96b0
Event: 223.113 Thread 0x0000015a77d52800 DEOPT UNPACKING pc=0x0000015a5dad66a9 sp=0x0000003ae32f9638 mode 2
Event: 223.167 Thread 0x0000015a77d52800 DEOPT PACKING pc=0x0000015a606905cb sp=0x0000003ae32f9700
Event: 223.167 Thread 0x0000015a77d52800 DEOPT UNPACKING pc=0x0000015a5dad64bf sp=0x0000003ae32f8b48 mode 0
Event: 223.186 Thread 0x0000015a77d52800 DEOPT PACKING pc=0x0000015a5ea123ed sp=0x0000003ae32f9a10
Event: 223.186 Thread 0x0000015a77d52800 DEOPT UNPACKING pc=0x0000015a5dad64bf sp=0x0000003ae32f8ee0 mode 0
Event: 223.243 Thread 0x0000015a77d52800 DEOPT PACKING pc=0x0000015a60308d4a sp=0x0000003ae32f9ad0
Event: 223.243 Thread 0x0000015a77d52800 DEOPT UNPACKING pc=0x0000015a5dad64bf sp=0x0000003ae32f92a0 mode 0
Event: 223.293 Thread 0x0000015a77d52800 DEOPT PACKING pc=0x0000015a602aac41 sp=0x0000003ae32f98b0
Event: 223.293 Thread 0x0000015a77d52800 DEOPT UNPACKING pc=0x0000015a5dad64bf sp=0x0000003ae32f8e08 mode 0
Event: 223.682 Thread 0x0000015a77d52800 DEOPT PACKING pc=0x0000015a60308d4a sp=0x0000003ae32f9ad0
Event: 223.682 Thread 0x0000015a77d52800 DEOPT UNPACKING pc=0x0000015a5dad64bf sp=0x0000003ae32f92a0 mode 0
Event: 223.718 Thread 0x0000015a77d52800 DEOPT PACKING pc=0x0000015a60286673 sp=0x0000003ae32f9a70
Event: 223.721 Thread 0x0000015a77d52800 DEOPT UNPACKING pc=0x0000015a5dad64bf sp=0x0000003ae32f92a0 mode 0
Event: 223.723 Thread 0x0000015a77d52800 DEOPT PACKING pc=0x0000015a60286673 sp=0x0000003ae32f9a70
Event: 223.723 Thread 0x0000015a77d52800 DEOPT UNPACKING pc=0x0000015a5dad64bf sp=0x0000003ae32f92a0 mode 0
Event: 223.829 Thread 0x0000015a77d53000 DEOPT PACKING pc=0x0000015a60308d4a sp=0x0000003ae33f9790
Event: 223.829 Thread 0x0000015a77d53000 DEOPT UNPACKING pc=0x0000015a5dad64bf sp=0x0000003ae33f8f60 mode 0
Event: 224.256 Thread 0x0000015a77d53000 DEOPT PACKING pc=0x0000015a60308d4a sp=0x0000003ae33f93c0
Event: 224.258 Thread 0x0000015a77d53000 DEOPT UNPACKING pc=0x0000015a5dad64bf sp=0x0000003ae33f8b90 mode 0

Classes redefined (0 events):
No events

Internal exceptions (20 events):
Event: 173.523 Thread 0x0000015a77d53000 Exception <a 'sun/nio/fs/WindowsException'{0x0000000089922618}> (0x0000000089922618) thrown at [./src/hotspot/share/prims/jni.cpp, line 615]
Event: 174.179 Thread 0x0000015a77d53000 Exception <a 'sun/nio/fs/WindowsException'{0x0000000089731fd0}> (0x0000000089731fd0) thrown at [./src/hotspot/share/prims/jni.cpp, line 615]
Event: 175.315 Thread 0x0000015a77d53000 Exception <a 'java/lang/NoSuchMethodError'{0x0000000088ff7ad8}: 'java.lang.Object java.lang.invoke.DirectMethodHandle$Holder.invokeInterface(java.lang.Object, java.lang.Object, int)'> (0x0000000088ff7ad8) thrown at [./src/hotspot/share/interpreter/linkResolver.cpp, line 773]
Event: 176.290 Thread 0x0000015a77d53000 Exception <a 'sun/nio/fs/WindowsException'{0x000000008852d8f0}> (0x000000008852d8f0) thrown at [./src/hotspot/share/prims/jni.cpp, line 615]
Event: 176.795 Thread 0x0000015a7721c000 Exception <a 'sun/nio/fs/WindowsException'{0x0000000088204040}> (0x0000000088204040) thrown at [./src/hotspot/share/prims/jni.cpp, line 615]
Event: 176.795 Thread 0x0000015a7721c000 Exception <a 'sun/nio/fs/WindowsException'{0x0000000088204308}> (0x0000000088204308) thrown at [./src/hotspot/share/prims/jni.cpp, line 615]
Event: 179.763 Thread 0x0000015a7592c000 Exception <a 'java/lang/NoSuchMethodError'{0x000000008a0a1d48}: <clinit>> (0x000000008a0a1d48) thrown at [./src/hotspot/share/prims/jni.cpp, line 1362]
Event: 179.766 Thread 0x0000015a7592c000 Exception <a 'java/lang/NoSuchMethodError'{0x000000008a0b5260}: <clinit>> (0x000000008a0b5260) thrown at [./src/hotspot/share/prims/jni.cpp, line 1362]
Event: 181.291 Thread 0x0000015a77d52800 Exception <a 'sun/nio/fs/WindowsException'{0x00000000895e4b30}> (0x00000000895e4b30) thrown at [./src/hotspot/share/prims/jni.cpp, line 615]
Event: 181.462 Thread 0x0000015a77d53000 Exception <a 'sun/nio/fs/WindowsException'{0x00000000894bd998}> (0x00000000894bd998) thrown at [./src/hotspot/share/prims/jni.cpp, line 615]
Event: 194.178 Thread 0x0000015a77d52800 Implicit null exception at 0x0000015a65f5877c to 0x0000015a65f5dbe4
Event: 195.133 Thread 0x0000015a77d53000 Exception <a 'java/lang/NoSuchMethodError'{0x000000008b0cf2b0}: 'int java.lang.invoke.DirectMethodHandle$Holder.invokeInterface(java.lang.Object, java.lang.Object, int)'> (0x000000008b0cf2b0) thrown at [./src/hotspot/share/interpreter/linkResolver.cpp, line 773]
Event: 195.647 Thread 0x0000015a77d52800 Exception <a 'sun/nio/fs/WindowsException'{0x000000008a1a7ff0}> (0x000000008a1a7ff0) thrown at [./src/hotspot/share/prims/jni.cpp, line 615]
Event: 197.889 Thread 0x0000015a77d52800 Exception <a 'sun/nio/fs/WindowsException'{0x0000000089e47568}> (0x0000000089e47568) thrown at [./src/hotspot/share/prims/jni.cpp, line 615]
Event: 202.826 Thread 0x0000015a77d52800 Implicit null exception at 0x0000015a65fa056b to 0x0000015a65fa427c
Event: 211.593 Thread 0x0000015a77d52800 Exception <a 'sun/nio/fs/WindowsException'{0x000000008b188538}> (0x000000008b188538) thrown at [./src/hotspot/share/prims/jni.cpp, line 615]
Event: 213.099 Thread 0x0000015a77d52800 Exception <a 'sun/nio/fs/WindowsException'{0x000000009003b458}> (0x000000009003b458) thrown at [./src/hotspot/share/prims/jni.cpp, line 615]
Event: 213.907 Thread 0x0000015a77d52800 Exception <a 'sun/nio/fs/WindowsException'{0x000000008e015ff8}> (0x000000008e015ff8) thrown at [./src/hotspot/share/prims/jni.cpp, line 615]
Event: 214.586 Thread 0x0000015a77d53000 Implicit null exception at 0x0000015a65fc049b to 0x0000015a65fc6548
Event: 215.454 Thread 0x0000015a77d52800 Exception <a 'sun/nio/fs/WindowsException'{0x0000000090dea7b0}> (0x0000000090dea7b0) thrown at [./src/hotspot/share/prims/jni.cpp, line 615]

Events (20 events):
Event: 214.592 loading class com/android/tools/r8/v/a/t/t done
Event: 214.906 Executing VM operation: G1CollectForAllocation
Event: 214.990 Executing VM operation: G1CollectForAllocation done
Event: 218.216 Executing VM operation: G1CollectForAllocation
Event: 218.296 Executing VM operation: G1CollectForAllocation done
Event: 220.853 loading class com/android/tools/r8/code/V3
Event: 220.853 loading class com/android/tools/r8/code/V3 done
Event: 220.923 loading class com/android/tools/r8/code/Y3
Event: 220.923 loading class com/android/tools/r8/code/Y3 done
Event: 220.924 loading class com/android/tools/r8/code/X3
Event: 220.924 loading class com/android/tools/r8/code/X3 done
Event: 220.926 loading class com/android/tools/r8/code/Z3
Event: 220.926 loading class com/android/tools/r8/code/Z3 done
Event: 220.927 loading class com/android/tools/r8/code/W3
Event: 220.927 loading class com/android/tools/r8/code/W3 done
Event: 222.381 Executing VM operation: G1CollectForAllocation
Event: 222.573 Executing VM operation: G1CollectForAllocation done
Event: 223.107 loading class com/android/tools/r8/ir/regalloc/b
Event: 223.107 loading class com/android/tools/r8/ir/regalloc/b done
Event: 224.839 Executing VM operation: G1CollectForAllocation


Dynamic libraries:
0x00007ff736af0000 - 0x00007ff736afa000 	C:\Users\felip\OneDrive\Desktop\android-studio-ide-202.6987402-windows\android-studio\jre\bin\java.exe
0x00007ffa84f50000 - 0x00007ffa85145000 	C:\Windows\SYSTEM32\ntdll.dll
0x00007ffa6b250000 - 0x00007ffa6b262000 	C:\Program Files\Avast Software\Avast\aswhook.dll
0x00007ffa83b50000 - 0x00007ffa83c0d000 	C:\Windows\System32\KERNEL32.DLL
0x00007ffa829c0000 - 0x00007ffa82c88000 	C:\Windows\System32\KERNELBASE.dll
0x00007ffa82dc0000 - 0x00007ffa82ec0000 	C:\Windows\System32\ucrtbase.dll
0x00007ffa7ac30000 - 0x00007ffa7ac49000 	C:\Users\felip\OneDrive\Desktop\android-studio-ide-202.6987402-windows\android-studio\jre\bin\jli.dll
0x00007ffa830a0000 - 0x00007ffa83240000 	C:\Windows\System32\USER32.dll
0x00007ffa82ce0000 - 0x00007ffa82d02000 	C:\Windows\System32\win32u.dll
0x00007ffa84e40000 - 0x00007ffa84e6a000 	C:\Windows\System32\GDI32.dll
0x00007ffa82820000 - 0x00007ffa8292b000 	C:\Windows\System32\gdi32full.dll
0x00007ffa82ec0000 - 0x00007ffa82f5d000 	C:\Windows\System32\msvcp_win.dll
0x00007ffa6b1a0000 - 0x00007ffa6b1b7000 	C:\Users\felip\OneDrive\Desktop\android-studio-ide-202.6987402-windows\android-studio\jre\bin\VCRUNTIME140.dll
0x00007ffa6f5d0000 - 0x00007ffa6f86a000 	C:\Windows\WinSxS\amd64_microsoft.windows.common-controls_6595b64144ccf1df_6.0.19041.1052_none_60b8f8fd71f5e8cb\COMCTL32.dll
0x00007ffa834e0000 - 0x00007ffa8357e000 	C:\Windows\System32\msvcrt.dll
0x00007ffa83b20000 - 0x00007ffa83b50000 	C:\Windows\System32\IMM32.DLL
0x00007ffa5edb0000 - 0x00007ffa5ee4d000 	C:\Users\felip\OneDrive\Desktop\android-studio-ide-202.6987402-windows\android-studio\jre\bin\msvcp140.dll
0x00007ffa4b130000 - 0x00007ffa4bbec000 	C:\Users\felip\OneDrive\Desktop\android-studio-ide-202.6987402-windows\android-studio\jre\bin\server\jvm.dll
0x00007ffa82fe0000 - 0x00007ffa8308c000 	C:\Windows\System32\ADVAPI32.dll
0x00007ffa83240000 - 0x00007ffa832db000 	C:\Windows\System32\sechost.dll
0x00007ffa83580000 - 0x00007ffa836ab000 	C:\Windows\System32\RPCRT4.dll
0x00007ffa84e30000 - 0x00007ffa84e38000 	C:\Windows\System32\PSAPI.DLL
0x00007ffa75ca0000 - 0x00007ffa75ca9000 	C:\Windows\SYSTEM32\WSOCK32.dll
0x00007ffa83cc0000 - 0x00007ffa83d2b000 	C:\Windows\System32\WS2_32.dll
0x00007ffa6d5c0000 - 0x00007ffa6d5e7000 	C:\Windows\SYSTEM32\WINMM.dll
0x00007ffa7c100000 - 0x00007ffa7c10a000 	C:\Windows\SYSTEM32\VERSION.dll
0x00007ffa80500000 - 0x00007ffa80512000 	C:\Windows\SYSTEM32\kernel.appcore.dll
0x00007ffa77280000 - 0x00007ffa77291000 	C:\Users\felip\OneDrive\Desktop\android-studio-ide-202.6987402-windows\android-studio\jre\bin\verify.dll
0x00007ffa79b50000 - 0x00007ffa79d34000 	C:\Windows\SYSTEM32\DBGHELP.DLL
0x00007ffa7a060000 - 0x00007ffa7a08c000 	C:\Windows\SYSTEM32\dbgcore.DLL
0x00007ffa82930000 - 0x00007ffa829b3000 	C:\Windows\System32\bcryptPrimitives.dll
0x00007ffa655a0000 - 0x00007ffa655c9000 	C:\Users\felip\OneDrive\Desktop\android-studio-ide-202.6987402-windows\android-studio\jre\bin\java.dll
0x00007ffa80100000 - 0x00007ffa8010b000 	C:\Users\felip\OneDrive\Desktop\android-studio-ide-202.6987402-windows\android-studio\jre\bin\jimage.dll
0x00007ffa6fac0000 - 0x00007ffa6fad8000 	C:\Users\felip\OneDrive\Desktop\android-studio-ide-202.6987402-windows\android-studio\jre\bin\zip.dll
0x00007ffa84010000 - 0x00007ffa8474f000 	C:\Windows\System32\SHELL32.dll
0x00007ffa807e0000 - 0x00007ffa80f70000 	C:\Windows\SYSTEM32\windows.storage.dll
0x00007ffa84a70000 - 0x00007ffa84dc5000 	C:\Windows\System32\combase.dll
0x00007ffa82030000 - 0x00007ffa8205c000 	C:\Windows\SYSTEM32\Wldp.dll
0x00007ffa83f60000 - 0x00007ffa8400e000 	C:\Windows\System32\SHCORE.dll
0x00007ffa84dd0000 - 0x00007ffa84e25000 	C:\Windows\System32\shlwapi.dll
0x00007ffa825d0000 - 0x00007ffa825ef000 	C:\Windows\SYSTEM32\profapi.dll
0x00007ffa65580000 - 0x00007ffa6559a000 	C:\Users\felip\OneDrive\Desktop\android-studio-ide-202.6987402-windows\android-studio\jre\bin\net.dll
0x00007ffa77e00000 - 0x00007ffa77f0b000 	C:\Windows\SYSTEM32\WINHTTP.dll
0x00007ffa81da0000 - 0x00007ffa81e0a000 	C:\Windows\system32\mswsock.dll
0x00007ffa64bd0000 - 0x00007ffa64be4000 	C:\Users\felip\OneDrive\Desktop\android-studio-ide-202.6987402-windows\android-studio\jre\bin\nio.dll
0x00007ffa7d570000 - 0x00007ffa7d596000 	C:\Users\felip\.gradle\native\fdc75f09e3144964f2cf3f50f0aa648679c211496f362492102eb8c894070792\windows-amd64\native-platform.dll
0x00007ffa4ea70000 - 0x00007ffa4ec01000 	C:\Users\felip\.gradle\native\12488b8bf47d2d4c9fbf2f6322a914ad602e24e48041cd04a747c6da556b65c4\windows-amd64\native-platform-file-events.dll
0x00007ffa7e160000 - 0x00007ffa7e16a000 	C:\Users\felip\OneDrive\Desktop\android-studio-ide-202.6987402-windows\android-studio\jre\bin\management.dll
0x00007ffa7d510000 - 0x00007ffa7d51c000 	C:\Users\felip\OneDrive\Desktop\android-studio-ide-202.6987402-windows\android-studio\jre\bin\management_ext.dll
0x00007ffa81f80000 - 0x00007ffa81f98000 	C:\Windows\SYSTEM32\CRYPTSP.dll
0x00007ffa81740000 - 0x00007ffa81774000 	C:\Windows\system32\rsaenh.dll
0x00007ffa82690000 - 0x00007ffa826b7000 	C:\Windows\System32\bcrypt.dll
0x00007ffa82590000 - 0x00007ffa825be000 	C:\Windows\SYSTEM32\USERENV.dll
0x00007ffa81f70000 - 0x00007ffa81f7c000 	C:\Windows\SYSTEM32\CRYPTBASE.dll
0x00007ffa81a90000 - 0x00007ffa81acb000 	C:\Windows\SYSTEM32\IPHLPAPI.DLL
0x00007ffa84f00000 - 0x00007ffa84f08000 	C:\Windows\System32\NSI.dll
0x00007ffa7b5d0000 - 0x00007ffa7b5e7000 	C:\Windows\SYSTEM32\dhcpcsvc6.DLL
0x00007ffa7b890000 - 0x00007ffa7b8ad000 	C:\Windows\SYSTEM32\dhcpcsvc.DLL
0x00007ffa81ad0000 - 0x00007ffa81b9c000 	C:\Windows\SYSTEM32\DNSAPI.dll
0x00007ffa7c1e0000 - 0x00007ffa7c1eb000 	C:\Windows\SYSTEM32\WINNSI.DLL

dbghelp: loaded successfully - version: 4.0.5 - missing functions: none
symbol engine: initialized successfully - sym options: 0x614 - pdb path: .;C:\Users\felip\OneDrive\Desktop\android-studio-ide-202.6987402-windows\android-studio\jre\bin;C:\Windows\SYSTEM32;C:\Program Files\Avast Software\Avast;C:\Windows\WinSxS\amd64_microsoft.windows.common-controls_6595b64144ccf1df_6.0.19041.1052_none_60b8f8fd71f5e8cb;C:\Users\felip\OneDrive\Desktop\android-studio-ide-202.6987402-windows\android-studio\jre\bin\server;C:\Users\felip\.gradle\native\fdc75f09e3144964f2cf3f50f0aa648679c211496f362492102eb8c894070792\windows-amd64;C:\Users\felip\.gradle\native\12488b8bf47d2d4c9fbf2f6322a914ad602e24e48041cd04a747c6da556b65c4\windows-amd64

VM Arguments:
jvm_args: --add-opens=java.base/java.util=ALL-UNNAMED --add-opens=java.base/java.lang=ALL-UNNAMED --add-opens=java.base/java.lang.invoke=ALL-UNNAMED --add-opens=java.prefs/java.util.prefs=ALL-UNNAMED -Xmx2048m -Dfile.encoding=windows-1252 -Duser.country=US -Duser.language=en -Duser.variant 
java_command: org.gradle.launcher.daemon.bootstrap.GradleDaemon 6.7.1
java_class_path (initial): C:\Users\felip\.gradle\wrapper\dists\gradle-6.7.1-bin\bwlcbys1h7rz3272sye1xwiv6\gradle-6.7.1\lib\gradle-launcher-6.7.1.jar
Launcher Type: SUN_STANDARD

[Global flags]
     intx CICompilerCount                          = 2                                         {product} {ergonomic}
     uint ConcGCThreads                            = 1                                         {product} {ergonomic}
     uint G1ConcRefinementThreads                  = 2                                         {product} {ergonomic}
   size_t G1HeapRegionSize                         = 1048576                                   {product} {ergonomic}
    uintx GCDrainStackTargetSize                   = 64                                        {product} {ergonomic}
   size_t InitialHeapSize                          = 67108864                                  {product} {ergonomic}
   size_t MarkStackSize                            = 4194304                                   {product} {ergonomic}
   size_t MaxHeapSize                              = 2147483648                                {product} {command line}
   size_t MaxNewSize                               = 1287651328                                {product} {ergonomic}
   size_t MinHeapDeltaBytes                        = 1048576                                   {product} {ergonomic}
    uintx NonNMethodCodeHeapSize                   = 5825164                                {pd product} {ergonomic}
    uintx NonProfiledCodeHeapSize                  = 122916538                              {pd product} {ergonomic}
    uintx ProfiledCodeHeapSize                     = 122916538                              {pd product} {ergonomic}
    uintx ReservedCodeCacheSize                    = 251658240                              {pd product} {ergonomic}
     bool SegmentedCodeCache                       = true                                      {product} {ergonomic}
     bool UseCompressedClassPointers               = true                                 {lp64_product} {ergonomic}
     bool UseCompressedOops                        = true                                 {lp64_product} {ergonomic}
     bool UseG1GC                                  = true                                      {product} {ergonomic}
     bool UseLargePagesIndividualAllocation        = false                                  {pd product} {ergonomic}

Logging:
Log output configuration:
 #0: stdout all=warning uptime,level,tags
 #1: stderr all=off uptime,level,tags

Environment Variables:
PATH=C:\Program Files\Common Files\Oracle\Java\javapath;C:\Program Files (x86)\Common Files\Oracle\Java\javapath;C:\Windows\system32;C:\Windows;C:\Windows\System32\Wbem;C:\Windows\System32\WindowsPowerShell\v1.0\;C:\Windows\System32\OpenSSH\;C:\ProgramData\chocolatey\bin;C:\Program Files\Docker\Docker\resources\bin;C:\ProgramData\DockerDesktop\version-bin;C:\Program Files (x86)\Yarn\bin\;C:\Program Files\nodejs\;C:\Program Files\Git\cmd;C:\Users\felip\AppData\Local\Microsoft\WindowsApps;C:\Users\felip\AppData\Local\Programs\Microsoft VS Code\bin;C:\Users\felip\AppData\Local\Yarn\bin;C:\Users\felip\AppData\Local\GitHubDesktop\bin;C:\Users\felip\AppData\Roaming\npm
USERNAME=felip
OS=Windows_NT
PROCESSOR_IDENTIFIER=Intel64 Family 6 Model 23 Stepping 10, GenuineIntel



---------------  S Y S T E M  ---------------

OS: Windows 10 , 64 bit Build 19041 (10.0.19041.1023)
OS uptime: 0 days 10:38 hours

CPU:total 2 (initial active 2) (2 cores per cpu, 1 threads per core) family 6 model 23 stepping 10, cmov, cx8, fxsr, mmx, sse, sse2, sse3, ssse3, tsc

Memory: 4k page, system-wide physical 4061M (78M free)
TotalPageFile size 4061M (AvailPageFile size 74M)
current process WorkingSet (physical memory assigned to process): 151M, peak: 421M
current process commit charge ("private bytes"): 619M, peak: 771M

vm_info: OpenJDK 64-Bit Server VM (11.0.8+10-b944.6842174) for windows-amd64 JRE (11.0.8+10-b944.6842174), built on Sep 19 2020 01:11:42 by "builder" with MS VC++ 14.0 (VS2015)

END.
