#
# There is insufficient memory for the Java Runtime Environment to continue.
# Native memory allocation (mmap) failed to map 19922944 bytes for Failed to commit area from 0x0000000085d00000 to 0x0000000087000000 of length 19922944.
# Possible reasons:
#   The system is out of physical RAM or swap space
#   The process is running with CompressedOops enabled, and the Java Heap may be blocking the growth of the native heap
# Possible solutions:
#   Reduce memory load on the system
#   Increase physical memory or swap space
#   Check if swap backing store is full
#   Decrease Java heap size (-Xmx/-Xms)
#   Decrease number of Java threads
#   Decrease Java thread stack sizes (-Xss)
#   Set larger code cache with -XX:ReservedCodeCacheSize=
#   JVM is running with Unscaled Compressed Oops mode in which the Java heap is
#     placed in the first 4GB address space. The Java Heap base address is the
#     maximum limit for the native heap growth. Please use -XX:HeapBaseMinAddress
#     to set the Java Heap base and to place the Java Heap above 4GB virtual address.
# This output file may be truncated or incomplete.
#
#  Out of Memory Error (./src/hotspot/os/windows/os_windows.cpp:3303), pid=2804, tid=5752
#
# JRE version: OpenJDK Runtime Environment (11.0.8+10) (build 11.0.8+10-b944.6842174)
# Java VM: OpenJDK 64-Bit Server VM (11.0.8+10-b944.6842174, mixed mode, tiered, compressed oops, g1 gc, windows-amd64)
# No core dump will be written. Minidumps are not enabled by default on client versions of Windows
#

---------------  S U M M A R Y ------------

Command Line: --add-opens=java.base/java.util=ALL-UNNAMED --add-opens=java.base/java.lang=ALL-UNNAMED --add-opens=java.base/java.lang.invoke=ALL-UNNAMED --add-opens=java.prefs/java.util.prefs=ALL-UNNAMED -Xmx2048m -Dfile.encoding=windows-1252 -Duser.country=US -Duser.language=en -Duser.variant org.gradle.launcher.daemon.bootstrap.GradleDaemon 6.7.1

Host: Celeron(R) Dual-Core CPU       T3500  @ 2.10GHz, 2 cores, 3G,  Windows 10 , 64 bit Build 19041 (10.0.19041.1023)
Time: Mon Jun 21 10:18:58 2021 E. South America Standard Time elapsed time: 25 seconds (0d 0h 0m 25s)

---------------  T H R E A D  ---------------

Current thread (0x0000022ba7a70000):  VMThread "VM Thread" [stack: 0x0000009a33000000,0x0000009a33100000] [id=5752]

Stack: [0x0000009a33000000,0x0000009a33100000]
[error occurred during error reporting (printing stack bounds), id 0xc0000005, EXCEPTION_ACCESS_VIOLATION (0xc0000005) at pc=0x0000022b91690dbd]

Native frames: (J=compiled Java code, j=interpreted, Vv=VM code, C=native code)
V  [jvm.dll+0x5de50a]
V  [jvm.dll+0x7122f5]
V  [jvm.dll+0x71384d]
V  [jvm.dll+0x713e65]
V  [jvm.dll+0x713e1b]
V  [jvm.dll+0x5dd958]
V  [jvm.dll+0x5de0f8]
C  [ntdll.dll+0xa217f]
C  [ntdll.dll+0x51454]
C  [ntdll.dll+0xa0cae]
C  0x0000022b91690dbd

VM_Operation (0x0000009a360fdf90): G1CollectForAllocation, mode: safepoint, requested by thread 0x0000022baaac3000


---------------  P R O C E S S  ---------------

Threads class SMR info:
_java_thread_list=0x0000022baa27f1c0, length=50, elements={
0x0000022b8c52c800, 0x0000022ba7a75800, 0x0000022ba7a7f000, 0x0000022ba8400800,
0x0000022ba8402000, 0x0000022ba8404800, 0x0000022ba840d800, 0x0000022ba7af9800,
0x0000022ba8557000, 0x0000022ba8584000, 0x0000022ba8faa000, 0x0000022ba8d8c000,
0x0000022ba8f66000, 0x0000022ba8fc5800, 0x0000022ba9cb4000, 0x0000022ba9cb5000,
0x0000022ba9932000, 0x0000022ba9932800, 0x0000022ba8a0f000, 0x0000022ba8a0f800,
0x0000022ba9caf000, 0x0000022ba9cb0800, 0x0000022ba9cb0000, 0x0000022ba9cae000,
0x0000022baa41a000, 0x0000022baa41c800, 0x0000022baa41d000, 0x0000022baa419000,
0x0000022baa41e000, 0x0000022baa41f800, 0x0000022baa41a800, 0x0000022baa420800,
0x0000022baa421000, 0x0000022baa41b800, 0x0000022baa423800, 0x0000022baa422000,
0x0000022baa424800, 0x0000022baa41f000, 0x0000022baa425800, 0x0000022baa426000,
0x0000022baa427000, 0x0000022baa427800, 0x0000022baa423000, 0x0000022baaac1800,
0x0000022baaac3000, 0x0000022baaac6800, 0x0000022baaac0800, 0x0000022baaac7000,
0x0000022baaac2800, 0x0000022baaac5000
}

Java Threads: ( => current thread )
  0x0000022b8c52c800 JavaThread "main" [_thread_blocked, id=1568, stack(0x0000009a32a00000,0x0000009a32b00000)]
  0x0000022ba7a75800 JavaThread "Reference Handler" daemon [_thread_blocked, id=4728, stack(0x0000009a33100000,0x0000009a33200000)]
  0x0000022ba7a7f000 JavaThread "Finalizer" daemon [_thread_blocked, id=5248, stack(0x0000009a33200000,0x0000009a33300000)]
  0x0000022ba8400800 JavaThread "Signal Dispatcher" daemon [_thread_blocked, id=8044, stack(0x0000009a33300000,0x0000009a33400000)]
  0x0000022ba8402000 JavaThread "Attach Listener" daemon [_thread_blocked, id=6028, stack(0x0000009a33400000,0x0000009a33500000)]
  0x0000022ba8404800 JavaThread "C2 CompilerThread0" daemon [_thread_blocked, id=2432, stack(0x0000009a33500000,0x0000009a33600000)]
  0x0000022ba840d800 JavaThread "C1 CompilerThread0" daemon [_thread_blocked, id=1828, stack(0x0000009a33600000,0x0000009a33700000)]
  0x0000022ba7af9800 JavaThread "Sweeper thread" daemon [_thread_blocked, id=5500, stack(0x0000009a33700000,0x0000009a33800000)]
  0x0000022ba8557000 JavaThread "Common-Cleaner" daemon [_thread_blocked, id=7624, stack(0x0000009a33800000,0x0000009a33900000)]
  0x0000022ba8584000 JavaThread "Service Thread" daemon [_thread_blocked, id=6772, stack(0x0000009a33900000,0x0000009a33a00000)]
  0x0000022ba8faa000 JavaThread "Daemon health stats" [_thread_blocked, id=7220, stack(0x0000009a33c00000,0x0000009a33d00000)]
  0x0000022ba8d8c000 JavaThread "Incoming local TCP Connector on port 9616" [_thread_in_native, id=8036, stack(0x0000009a33f00000,0x0000009a34000000)]
  0x0000022ba8f66000 JavaThread "Daemon periodic checks" [_thread_blocked, id=2880, stack(0x0000009a34000000,0x0000009a34100000)]
  0x0000022ba8fc5800 JavaThread "Daemon" [_thread_blocked, id=2308, stack(0x0000009a34100000,0x0000009a34200000)]
  0x0000022ba9cb4000 JavaThread "Handler for socket connection from /127.0.0.1:9616 to /127.0.0.1:9617" [_thread_in_native, id=4448, stack(0x0000009a34200000,0x0000009a34300000)]
  0x0000022ba9cb5000 JavaThread "Cancel handler" [_thread_blocked, id=3348, stack(0x0000009a34300000,0x0000009a34400000)]
  0x0000022ba9932000 JavaThread "Daemon worker" [_thread_blocked, id=3064, stack(0x0000009a34400000,0x0000009a34500000)]
  0x0000022ba9932800 JavaThread "Asynchronous log dispatcher for DefaultDaemonConnection: socket connection from /127.0.0.1:9616 to /127.0.0.1:9617" [_thread_blocked, id=3332, stack(0x0000009a34500000,0x0000009a34600000)]
  0x0000022ba8a0f000 JavaThread "Stdin handler" [_thread_blocked, id=8120, stack(0x0000009a34600000,0x0000009a34700000)]
  0x0000022ba8a0f800 JavaThread "Thread-8" [_thread_blocked, id=280, stack(0x0000009a34700000,0x0000009a34800000)]
  0x0000022ba9caf000 JavaThread "Cache worker for file hash cache (C:\Users\felip\.gradle\caches\6.7.1\fileHashes)" [_thread_blocked, id=5744, stack(0x0000009a34800000,0x0000009a34900000)]
  0x0000022ba9cb0800 JavaThread "File lock request listener" [_thread_in_native, id=3676, stack(0x0000009a34900000,0x0000009a34a00000)]
  0x0000022ba9cb0000 JavaThread "Cache worker for journal cache (C:\Users\felip\.gradle\caches\journal-1)" [_thread_blocked, id=6952, stack(0x0000009a34a00000,0x0000009a34b00000)]
  0x0000022ba9cae000 JavaThread "Cache worker for file hash cache (C:\Users\felip\AndroidStudioProjects\TheMovieApp\.gradle\6.7.1\fileHashes)" [_thread_blocked, id=5180, stack(0x0000009a34b00000,0x0000009a34c00000)]
  0x0000022baa41a000 JavaThread "jar transforms" [_thread_blocked, id=6880, stack(0x0000009a34c00000,0x0000009a34d00000)]
  0x0000022baa41c800 JavaThread "jar transforms Thread 2" [_thread_blocked, id=1840, stack(0x0000009a34d00000,0x0000009a34e00000)]
  0x0000022baa41d000 JavaThread "jar transforms Thread 3" [_thread_blocked, id=7072, stack(0x0000009a34e00000,0x0000009a34f00000)]
  0x0000022baa419000 JavaThread "jar transforms Thread 4" [_thread_blocked, id=4984, stack(0x0000009a34f00000,0x0000009a35000000)]
  0x0000022baa41e000 JavaThread "jar transforms Thread 5" [_thread_blocked, id=4440, stack(0x0000009a35000000,0x0000009a35100000)]
  0x0000022baa41f800 JavaThread "jar transforms Thread 6" [_thread_blocked, id=5548, stack(0x0000009a35100000,0x0000009a35200000)]
  0x0000022baa41a800 JavaThread "jar transforms Thread 7" [_thread_blocked, id=7716, stack(0x0000009a35200000,0x0000009a35300000)]
  0x0000022baa420800 JavaThread "jar transforms Thread 8" [_thread_blocked, id=3912, stack(0x0000009a35300000,0x0000009a35400000)]
  0x0000022baa421000 JavaThread "jar transforms Thread 9" [_thread_blocked, id=6600, stack(0x0000009a35400000,0x0000009a35500000)]
  0x0000022baa41b800 JavaThread "jar transforms Thread 10" [_thread_blocked, id=3968, stack(0x0000009a35500000,0x0000009a35600000)]
  0x0000022baa423800 JavaThread "jar transforms Thread 11" [_thread_blocked, id=4732, stack(0x0000009a35600000,0x0000009a35700000)]
  0x0000022baa422000 JavaThread "jar transforms Thread 12" [_thread_blocked, id=7836, stack(0x0000009a35700000,0x0000009a35800000)]
  0x0000022baa424800 JavaThread "jar transforms Thread 13" [_thread_blocked, id=7120, stack(0x0000009a35800000,0x0000009a35900000)]
  0x0000022baa41f000 JavaThread "jar transforms Thread 14" [_thread_blocked, id=6852, stack(0x0000009a35900000,0x0000009a35a00000)]
  0x0000022baa425800 JavaThread "jar transforms Thread 15" [_thread_blocked, id=1832, stack(0x0000009a35a00000,0x0000009a35b00000)]
  0x0000022baa426000 JavaThread "jar transforms Thread 16" [_thread_blocked, id=1900, stack(0x0000009a35b00000,0x0000009a35c00000)]
  0x0000022baa427000 JavaThread "jar transforms Thread 17" [_thread_blocked, id=5516, stack(0x0000009a35c00000,0x0000009a35d00000)]
  0x0000022baa427800 JavaThread "jar transforms Thread 18" [_thread_blocked, id=6368, stack(0x0000009a35d00000,0x0000009a35e00000)]
  0x0000022baa423000 JavaThread "jar transforms Thread 19" [_thread_blocked, id=7340, stack(0x0000009a35e00000,0x0000009a35f00000)]
  0x0000022baaac1800 JavaThread "jar transforms Thread 20" [_thread_blocked, id=3008, stack(0x0000009a35f00000,0x0000009a36000000)]
  0x0000022baaac3000 JavaThread "jar transforms Thread 21" [_thread_blocked, id=6504, stack(0x0000009a36000000,0x0000009a36100000)]
  0x0000022baaac6800 JavaThread "Cache worker for checksums cache (C:\Users\felip\AndroidStudioProjects\TheMovieApp\.gradle\checksums)" [_thread_blocked, id=6920, stack(0x0000009a36100000,0x0000009a36200000)]
  0x0000022baaac0800 JavaThread "Cache worker for cache directory md-supplier (C:\Users\felip\.gradle\caches\6.7.1\md-supplier)" [_thread_blocked, id=5532, stack(0x0000009a36200000,0x0000009a36300000)]
  0x0000022baaac7000 JavaThread "Cache worker for cache directory md-rule (C:\Users\felip\.gradle\caches\6.7.1\md-rule)" [_thread_blocked, id=6524, stack(0x0000009a36300000,0x0000009a36400000)]
  0x0000022baaac2800 JavaThread "Cache worker for execution history cache (C:\Users\felip\.gradle\caches\6.7.1\executionHistory)" [_thread_blocked, id=5316, stack(0x0000009a36400000,0x0000009a36500000)]
  0x0000022baaac5000 JavaThread "Cache worker for file content cache (C:\Users\felip\.gradle\caches\6.7.1\fileContent)" [_thread_blocked, id=5616, stack(0x0000009a36500000,0x0000009a36600000)]

Other Threads:
=>0x0000022ba7a70000 VMThread "VM Thread" [stack: 0x0000009a33000000,0x0000009a33100000] [id=5752]
  0x0000022ba8585000 WatcherThread [stack: 0x0000009a33a00000,0x0000009a33b00000] [id=5604]
  0x0000022b8c548000 GCTaskThread "GC Thread#0" [stack: 0x0000009a32b00000,0x0000009a32c00000] [id=4700]
  0x0000022ba8771800 GCTaskThread "GC Thread#1" [stack: 0x0000009a33b00000,0x0000009a33c00000] [id=6768]
  0x0000022b8c57a800 ConcurrentGCThread "G1 Main Marker" [stack: 0x0000009a32c00000,0x0000009a32d00000] [id=6352]
  0x0000022b8c57e800 ConcurrentGCThread "G1 Conc#0" [stack: 0x0000009a32d00000,0x0000009a32e00000] [id=5792]
  0x0000022b8c5ce800 ConcurrentGCThread "G1 Refine#0" [stack: 0x0000009a32e00000,0x0000009a32f00000] [id=2808]
  0x0000022b8c5cf800 ConcurrentGCThread "G1 Young RemSet Sampling" [stack: 0x0000009a32f00000,0x0000009a33000000] [id=4804]

Threads with active compile tasks:
C2 CompilerThread0  25587 3631       4       org.objectweb.asm.ClassReader::readElementValue (1237 bytes)

VM state:at safepoint (normal execution)

VM Mutex/Monitor currently owned by a thread:  ([mutex/lock_event])
[0x0000022b8c52aa40] Threads_lock - owner thread: 0x0000022ba7a70000
[0x0000022b8c52a650] Heap_lock - owner thread: 0x0000022baaac3000

Heap address: 0x0000000080000000, size: 2048 MB, Compressed Oops mode: 32-bit
Narrow klass base: 0x0000000000000000, Narrow klass shift: 3
Compressed class space size: 1073741824 Address: 0x0000000100000000

Heap:
 garbage-first heap   total 114688K, used 43509K [0x0000000080000000, 0x0000000100000000)
  region size 1024K, 3 young (3072K), 3 survivors (3072K)
 Metaspace       used 40392K, capacity 41363K, committed 41468K, reserved 1085440K
  class space    used 5127K, capacity 5499K, committed 5504K, reserved 1048576K
Heap Regions: E=young(eden), S=young(survivor), O=old, HS=humongous(starts), HC=humongous(continues), CS=collection set, F=free, A=archive, TAMS=top-at-mark-start (previous, next)
|   0|0x0000000080000000, 0x0000000080100000, 0x0000000080100000|100%| O|  |TAMS 0x0000000080100000, 0x0000000080000000| Untracked 
|   1|0x0000000080100000, 0x0000000080200000, 0x0000000080200000|100%| O|  |TAMS 0x0000000080200000, 0x0000000080100000| Untracked 
|   2|0x0000000080200000, 0x0000000080300000, 0x0000000080300000|100%| O|  |TAMS 0x0000000080300000, 0x0000000080200000| Untracked 
|   3|0x0000000080300000, 0x0000000080400000, 0x0000000080400000|100%| O|  |TAMS 0x0000000080400000, 0x0000000080300000| Untracked 
|   4|0x0000000080400000, 0x0000000080500000, 0x0000000080500000|100%|HS|  |TAMS 0x0000000080500000, 0x0000000080400000| Complete 
|   5|0x0000000080500000, 0x0000000080600000, 0x0000000080600000|100%|HC|  |TAMS 0x0000000080600000, 0x0000000080500000| Complete 
|   6|0x0000000080600000, 0x0000000080700000, 0x0000000080700000|100%|HC|  |TAMS 0x0000000080700000, 0x0000000080600000| Complete 
|   7|0x0000000080700000, 0x0000000080800000, 0x0000000080800000|100%| O|  |TAMS 0x0000000080800000, 0x0000000080700000| Untracked 
|   8|0x0000000080800000, 0x0000000080900000, 0x0000000080900000|100%| O|  |TAMS 0x0000000080900000, 0x0000000080800000| Untracked 
|   9|0x0000000080900000, 0x0000000080a00000, 0x0000000080a00000|100%| O|  |TAMS 0x0000000080a00000, 0x0000000080900000| Untracked 
|  10|0x0000000080a00000, 0x0000000080b00000, 0x0000000080b00000|100%| O|  |TAMS 0x0000000080b00000, 0x0000000080a00000| Untracked 
|  11|0x0000000080b00000, 0x0000000080c00000, 0x0000000080c00000|100%| O|  |TAMS 0x0000000080c00000, 0x0000000080b00000| Untracked 
|  12|0x0000000080c00000, 0x0000000080d00000, 0x0000000080d00000|100%| O|  |TAMS 0x0000000080d00000, 0x0000000080c00000| Untracked 
|  13|0x0000000080d00000, 0x0000000080e00000, 0x0000000080e00000|100%| O|  |TAMS 0x0000000080e00000, 0x0000000080d00000| Untracked 
|  14|0x0000000080e00000, 0x0000000080f00000, 0x0000000080f00000|100%| O|  |TAMS 0x0000000080f00000, 0x0000000080e00000| Untracked 
|  15|0x0000000080f00000, 0x0000000081000000, 0x0000000081000000|100%|HS|  |TAMS 0x0000000081000000, 0x0000000080f00000| Complete 
|  16|0x0000000081000000, 0x0000000081100000, 0x0000000081100000|100%|HC|  |TAMS 0x0000000081100000, 0x0000000081000000| Complete 
|  17|0x0000000081100000, 0x0000000081200000, 0x0000000081200000|100%| O|  |TAMS 0x0000000081200000, 0x0000000081100000| Untracked 
|  18|0x0000000081200000, 0x0000000081300000, 0x0000000081300000|100%|HS|  |TAMS 0x0000000081300000, 0x0000000081200000| Complete 
|  19|0x0000000081300000, 0x0000000081400000, 0x0000000081400000|100%|HC|  |TAMS 0x0000000081400000, 0x0000000081300000| Complete 
|  20|0x0000000081400000, 0x0000000081500000, 0x0000000081500000|100%|HC|  |TAMS 0x0000000081500000, 0x0000000081400000| Complete 
|  21|0x0000000081500000, 0x0000000081600000, 0x0000000081600000|100%|HS|  |TAMS 0x0000000081600000, 0x0000000081500000| Complete 
|  22|0x0000000081600000, 0x0000000081700000, 0x0000000081700000|100%|HC|  |TAMS 0x0000000081700000, 0x0000000081600000| Complete 
|  23|0x0000000081700000, 0x0000000081800000, 0x0000000081800000|100%|HC|  |TAMS 0x0000000081800000, 0x0000000081700000| Complete 
|  24|0x0000000081800000, 0x0000000081900000, 0x0000000081900000|100%|HC|  |TAMS 0x0000000081900000, 0x0000000081800000| Complete 
|  25|0x0000000081900000, 0x0000000081a00000, 0x0000000081a00000|100%| O|  |TAMS 0x0000000081a00000, 0x0000000081900000| Untracked 
|  26|0x0000000081a00000, 0x0000000081b00000, 0x0000000081b00000|100%| O|  |TAMS 0x0000000081b00000, 0x0000000081a00000| Untracked 
|  27|0x0000000081b00000, 0x0000000081c00000, 0x0000000081c00000|100%| O|  |TAMS 0x0000000081c00000, 0x0000000081b00000| Untracked 
|  28|0x0000000081c00000, 0x0000000081d00000, 0x0000000081d00000|100%| O|  |TAMS 0x0000000081d00000, 0x0000000081c00000| Untracked 
|  29|0x0000000081d00000, 0x0000000081e00000, 0x0000000081e00000|100%| O|  |TAMS 0x0000000081e00000, 0x0000000081d00000| Untracked 
|  30|0x0000000081e00000, 0x0000000081f00000, 0x0000000081f00000|100%| O|  |TAMS 0x0000000081f00000, 0x0000000081e00000| Untracked 
|  31|0x0000000081f00000, 0x0000000082000000, 0x0000000082000000|100%| O|  |TAMS 0x0000000082000000, 0x0000000081f00000| Untracked 
|  32|0x0000000082000000, 0x0000000082100000, 0x0000000082100000|100%| O|  |TAMS 0x0000000082100000, 0x0000000082000000| Untracked 
|  33|0x0000000082100000, 0x0000000082200000, 0x0000000082200000|100%| O|  |TAMS 0x0000000082176200, 0x0000000082100000| Untracked 
|  34|0x0000000082200000, 0x0000000082300000, 0x0000000082300000|100%| O|  |TAMS 0x0000000082300000, 0x0000000082200000| Untracked 
|  35|0x0000000082300000, 0x0000000082400000, 0x0000000082400000|100%| O|  |TAMS 0x0000000082400000, 0x0000000082300000| Untracked 
|  36|0x0000000082400000, 0x0000000082500000, 0x0000000082500000|100%|HS|  |TAMS 0x0000000082400000, 0x0000000082400000| Complete 
|  37|0x0000000082500000, 0x0000000082600000, 0x0000000082600000|100%|HC|  |TAMS 0x0000000082500000, 0x0000000082500000| Complete 
|  38|0x0000000082600000, 0x0000000082700000, 0x0000000082700000|100%|HC|  |TAMS 0x0000000082600000, 0x0000000082600000| Complete 
|  39|0x0000000082700000, 0x0000000082800000, 0x0000000082800000|100%|HC|  |TAMS 0x0000000082700000, 0x0000000082700000| Complete 
|  40|0x0000000082800000, 0x0000000082809a00, 0x0000000082900000|  3%| O|  |TAMS 0x0000000082800000, 0x0000000082800000| Untracked 
|  41|0x0000000082900000, 0x0000000082900000, 0x0000000082a00000|  0%| F|  |TAMS 0x0000000082900000, 0x0000000082900000| Untracked 
|  42|0x0000000082a00000, 0x0000000082a00000, 0x0000000082b00000|  0%| F|  |TAMS 0x0000000082a00000, 0x0000000082a00000| Untracked 
|  43|0x0000000082b00000, 0x0000000082b00000, 0x0000000082c00000|  0%| F|  |TAMS 0x0000000082b00000, 0x0000000082b00000| Untracked 
|  44|0x0000000082c00000, 0x0000000082c00000, 0x0000000082d00000|  0%| F|  |TAMS 0x0000000082c00000, 0x0000000082c00000| Untracked 
|  45|0x0000000082d00000, 0x0000000082d00000, 0x0000000082e00000|  0%| F|  |TAMS 0x0000000082d00000, 0x0000000082d00000| Untracked 
|  46|0x0000000082e00000, 0x0000000082e00000, 0x0000000082f00000|  0%| F|  |TAMS 0x0000000082e00000, 0x0000000082e00000| Untracked 
|  47|0x0000000082f00000, 0x0000000082f00000, 0x0000000083000000|  0%| F|  |TAMS 0x0000000082f00000, 0x0000000082f00000| Untracked 
|  48|0x0000000083000000, 0x0000000083000000, 0x0000000083100000|  0%| F|  |TAMS 0x0000000083000000, 0x0000000083000000| Untracked 
|  49|0x0000000083100000, 0x0000000083100000, 0x0000000083200000|  0%| F|  |TAMS 0x0000000083100000, 0x0000000083100000| Untracked 
|  50|0x0000000083200000, 0x0000000083200000, 0x0000000083300000|  0%| F|  |TAMS 0x0000000083200000, 0x0000000083200000| Untracked 
|  51|0x0000000083300000, 0x0000000083300000, 0x0000000083400000|  0%| F|  |TAMS 0x0000000083300000, 0x0000000083300000| Untracked 
|  52|0x0000000083400000, 0x0000000083400000, 0x0000000083500000|  0%| F|  |TAMS 0x0000000083400000, 0x0000000083400000| Untracked 
|  53|0x0000000083500000, 0x0000000083500000, 0x0000000083600000|  0%| F|  |TAMS 0x0000000083500000, 0x0000000083500000| Untracked 
|  54|0x0000000083600000, 0x0000000083600000, 0x0000000083700000|  0%| F|  |TAMS 0x0000000083600000, 0x0000000083600000| Untracked 
|  55|0x0000000083700000, 0x0000000083773cf0, 0x0000000083800000| 45%| S|CS|TAMS 0x0000000083700000, 0x0000000083700000| Complete 
|  56|0x0000000083800000, 0x0000000083800000, 0x0000000083900000|  0%| F|  |TAMS 0x0000000083800000, 0x0000000083800000| Untracked 
|  57|0x0000000083900000, 0x0000000083a00000, 0x0000000083a00000|100%| S|CS|TAMS 0x0000000083900000, 0x0000000083900000| Complete 
|  58|0x0000000083a00000, 0x0000000083a00000, 0x0000000083b00000|  0%| F|  |TAMS 0x0000000083a00000, 0x0000000083a00000| Untracked 
|  59|0x0000000083b00000, 0x0000000083c00000, 0x0000000083c00000|100%| S|CS|TAMS 0x0000000083b00000, 0x0000000083b00000| Complete 
|  60|0x0000000083c00000, 0x0000000083c00000, 0x0000000083d00000|  0%| F|  |TAMS 0x0000000083c00000, 0x0000000083c00000| Untracked 
|  61|0x0000000083d00000, 0x0000000083d00000, 0x0000000083e00000|  0%| F|  |TAMS 0x0000000083d00000, 0x0000000083d00000| Untracked 
|  62|0x0000000083e00000, 0x0000000083e00000, 0x0000000083f00000|  0%| F|  |TAMS 0x0000000083e00000, 0x0000000083e00000| Untracked 
|  63|0x0000000083f00000, 0x0000000083f00000, 0x0000000084000000|  0%| F|  |TAMS 0x0000000083f00000, 0x0000000083f00000| Untracked 
|  64|0x0000000084000000, 0x0000000084000000, 0x0000000084100000|  0%| F|  |TAMS 0x0000000084000000, 0x0000000084000000| Untracked 
|  65|0x0000000084100000, 0x0000000084100000, 0x0000000084200000|  0%| F|  |TAMS 0x0000000084100000, 0x0000000084100000| Untracked 
|  66|0x0000000084200000, 0x0000000084200000, 0x0000000084300000|  0%| F|  |TAMS 0x0000000084200000, 0x0000000084200000| Untracked 
|  67|0x0000000084300000, 0x0000000084300000, 0x0000000084400000|  0%| F|  |TAMS 0x0000000084300000, 0x0000000084300000| Untracked 
|  68|0x0000000084400000, 0x0000000084400000, 0x0000000084500000|  0%| F|  |TAMS 0x0000000084400000, 0x0000000084400000| Untracked 
|  69|0x0000000084500000, 0x0000000084500000, 0x0000000084600000|  0%| F|  |TAMS 0x0000000084500000, 0x0000000084500000| Untracked 
|  70|0x0000000084600000, 0x0000000084600000, 0x0000000084700000|  0%| F|  |TAMS 0x0000000084600000, 0x0000000084600000| Untracked 
|  71|0x0000000084700000, 0x0000000084700000, 0x0000000084800000|  0%| F|  |TAMS 0x0000000084700000, 0x0000000084700000| Untracked 
|  72|0x0000000084800000, 0x0000000084800000, 0x0000000084900000|  0%| F|  |TAMS 0x0000000084800000, 0x0000000084800000| Untracked 
|  73|0x0000000084900000, 0x0000000084900000, 0x0000000084a00000|  0%| F|  |TAMS 0x0000000084900000, 0x0000000084900000| Untracked 
|  74|0x0000000084a00000, 0x0000000084a00000, 0x0000000084b00000|  0%| F|  |TAMS 0x0000000084a00000, 0x0000000084a00000| Untracked 
|  75|0x0000000084b00000, 0x0000000084b00000, 0x0000000084c00000|  0%| F|  |TAMS 0x0000000084b00000, 0x0000000084b00000| Untracked 
|  76|0x0000000084c00000, 0x0000000084c00000, 0x0000000084d00000|  0%| F|  |TAMS 0x0000000084c00000, 0x0000000084c00000| Untracked 
|  77|0x0000000084d00000, 0x0000000084d00000, 0x0000000084e00000|  0%| F|  |TAMS 0x0000000084d00000, 0x0000000084d00000| Untracked 
|  78|0x0000000084e00000, 0x0000000084e00000, 0x0000000084f00000|  0%| F|  |TAMS 0x0000000084e00000, 0x0000000084e00000| Untracked 
|  79|0x0000000084f00000, 0x0000000084f00000, 0x0000000085000000|  0%| F|  |TAMS 0x0000000084f00000, 0x0000000084f00000| Untracked 
|  80|0x0000000085000000, 0x0000000085000000, 0x0000000085100000|  0%| F|  |TAMS 0x0000000085000000, 0x0000000085000000| Untracked 
|  81|0x0000000085100000, 0x0000000085100000, 0x0000000085200000|  0%| F|  |TAMS 0x0000000085100000, 0x0000000085100000| Untracked 
|  82|0x0000000085200000, 0x0000000085200000, 0x0000000085300000|  0%| F|  |TAMS 0x0000000085200000, 0x0000000085200000| Untracked 
|  83|0x0000000085300000, 0x0000000085300000, 0x0000000085400000|  0%| F|  |TAMS 0x0000000085300000, 0x0000000085300000| Untracked 
|  84|0x0000000085400000, 0x0000000085400000, 0x0000000085500000|  0%| F|  |TAMS 0x0000000085400000, 0x0000000085400000| Untracked 
|  85|0x0000000085500000, 0x0000000085500000, 0x0000000085600000|  0%| F|  |TAMS 0x0000000085500000, 0x0000000085500000| Untracked 
|  86|0x0000000085600000, 0x0000000085600000, 0x0000000085700000|  0%| F|  |TAMS 0x0000000085600000, 0x0000000085600000| Untracked 
|  87|0x0000000085700000, 0x0000000085700000, 0x0000000085800000|  0%| F|  |TAMS 0x0000000085700000, 0x0000000085700000| Untracked 
|  88|0x0000000085800000, 0x0000000085800000, 0x0000000085900000|  0%| F|  |TAMS 0x0000000085800000, 0x0000000085800000| Untracked 
|  89|0x0000000085900000, 0x0000000085900000, 0x0000000085a00000|  0%| F|  |TAMS 0x0000000085900000, 0x0000000085900000| Untracked 
|  90|0x0000000085a00000, 0x0000000085a00000, 0x0000000085b00000|  0%| F|  |TAMS 0x0000000085a00000, 0x0000000085a00000| Untracked 
|  91|0x0000000085b00000, 0x0000000085b00000, 0x0000000085c00000|  0%| F|  |TAMS 0x0000000085b00000, 0x0000000085b00000| Untracked 
|  92|0x0000000085c00000, 0x0000000085c00000, 0x0000000085d00000|  0%| F|  |TAMS 0x0000000085c00000, 0x0000000085c00000| Untracked 

Card table byte_map: [0x0000022ba0e90000,0x0000022ba1290000] _byte_map_base: 0x0000022ba0a90000

Marking Bits (Prev, Next): (CMBitMap*) 0x0000022b8c571a50, (CMBitMap*) 0x0000022b8c571a18
 Prev Bits: [0x0000022ba3690000, 0x0000022ba5690000)
 Next Bits: [0x0000022ba1690000, 0x0000022ba3690000)

Polling page: 0x0000022b8c3c0000

Metaspace:

Usage:
  Non-class:     35.02 MB capacity,    34.44 MB ( 98%) used,   515.25 KB (  1%) free+waste,    83.75 KB ( <1%) overhead. 
      Class:      5.37 MB capacity,     5.01 MB ( 93%) used,   331.31 KB (  6%) free+waste,    40.63 KB ( <1%) overhead. 
       Both:     40.39 MB capacity,    39.45 MB ( 98%) used,   846.56 KB (  2%) free+waste,   124.38 KB ( <1%) overhead. 

Virtual space:
  Non-class space:       36.00 MB reserved,      35.12 MB ( 98%) committed 
      Class space:        1.00 GB reserved,       5.38 MB ( <1%) committed 
             Both:        1.04 GB reserved,      40.50 MB (  4%) committed 

Chunk freelists:
   Non-Class:  36.00 KB
       Class:  5.00 KB
        Both:  41.00 KB

MaxMetaspaceSize: 17179869184.00 GB
CompressedClassSpaceSize: 1.00 GB

CodeHeap 'non-profiled nmethods': size=120064Kb used=1828Kb max_used=1828Kb free=118235Kb
 bounds [0x0000022b99150000, 0x0000022b993c0000, 0x0000022ba0690000]
CodeHeap 'profiled nmethods': size=120000Kb used=7739Kb max_used=7739Kb free=112260Kb
 bounds [0x0000022b91c20000, 0x0000022b923c0000, 0x0000022b99150000]
CodeHeap 'non-nmethods': size=5696Kb used=2181Kb max_used=2223Kb free=3514Kb
 bounds [0x0000022b91690000, 0x0000022b91900000, 0x0000022b91c20000]
 total_blobs=4126 nmethods=3372 adapters=666
 compilation: enabled
              stopped_count=0, restarted_count=0
 full_count=0

Compilation events (20 events):
Event: 25.160 Thread 0x0000022ba8404800 nmethod 3617 0x0000022b99310b10 code [0x0000022b99310cc0, 0x0000022b99310da8]
Event: 25.160 Thread 0x0000022ba8404800 3609       4       java.util.StringTokenizer::skipDelimiters (116 bytes)
Event: 25.179 Thread 0x0000022ba8404800 nmethod 3609 0x0000022b99310f10 code [0x0000022b993110c0, 0x0000022b99311478]
Event: 25.179 Thread 0x0000022ba8404800 3620       4       org.objectweb.asm.ClassReader::readElementValues (88 bytes)
Event: 25.188 Thread 0x0000022ba8404800 nmethod 3620 0x0000022b99311810 code [0x0000022b993119e0, 0x0000022b99311c68]
Event: 25.188 Thread 0x0000022ba8404800 3624       4       org.objectweb.asm.AnnotationVisitor::<init> (82 bytes)
Event: 25.191 Thread 0x0000022ba8404800 nmethod 3624 0x0000022b99311f90 code [0x0000022b99312120, 0x0000022b99312278]
Event: 25.191 Thread 0x0000022ba8404800 3625       4       org.objectweb.asm.AnnotationWriter::<init> (60 bytes)
Event: 25.203 Thread 0x0000022ba8404800 nmethod 3625 0x0000022b99312310 code [0x0000022b993124a0, 0x0000022b993128d8]
Event: 25.203 Thread 0x0000022ba8404800 3626       4       org.objectweb.asm.ClassReader::getFirstAttributeOffset (136 bytes)
Event: 25.221 Thread 0x0000022ba8404800 nmethod 3626 0x0000022b99312a10 code [0x0000022b99312bc0, 0x0000022b99313078]
Event: 25.221 Thread 0x0000022ba8404800 3619       4       org.objectweb.asm.MethodWriter::visitFieldInsn (258 bytes)
Event: 25.238 Thread 0x0000022ba8404800 nmethod 3619 0x0000022b99313490 code [0x0000022b99313680, 0x0000022b99313b88]
Event: 25.238 Thread 0x0000022ba8404800 3627       4       org.objectweb.asm.MethodVisitor::visitFieldInsn (20 bytes)
Event: 25.258 Thread 0x0000022ba8404800 nmethod 3627 0x0000022b99314110 code [0x0000022b99314300, 0x0000022b99314828]
Event: 25.258 Thread 0x0000022ba8404800 3628       4       org.objectweb.asm.AnnotationWriter::putAnnotations (67 bytes)
Event: 25.407 Thread 0x0000022ba8404800 nmethod 3628 0x0000022b99314e10 code [0x0000022b993150c0, 0x0000022b99317060]
Event: 25.407 Thread 0x0000022ba8404800 3618   !   4       java.util.zip.Deflater::deflate (413 bytes)
Event: 25.424 Thread 0x0000022ba8404800 nmethod 3618 0x0000022b99318490 code [0x0000022b99318660, 0x0000022b99318db8]
Event: 25.424 Thread 0x0000022ba8404800 3631       4       org.objectweb.asm.ClassReader::readElementValue (1237 bytes)

GC Heap History (20 events):
Event: 18.375 GC heap after
{Heap after GC invocations=14 (full 0):
 garbage-first heap   total 78848K, used 36312K [0x0000000080000000, 0x0000000100000000)
  region size 1024K, 3 young (3072K), 3 survivors (3072K)
 Metaspace       used 38079K, capacity 38888K, committed 39164K, reserved 1083392K
  class space    used 4842K, capacity 5161K, committed 5248K, reserved 1048576K
}
Event: 19.311 GC heap before
{Heap before GC invocations=14 (full 0):
 garbage-first heap   total 78848K, used 56792K [0x0000000080000000, 0x0000000100000000)
  region size 1024K, 23 young (23552K), 3 survivors (3072K)
 Metaspace       used 39996K, capacity 40969K, committed 41212K, reserved 1085440K
  class space    used 5116K, capacity 5497K, committed 5504K, reserved 1048576K
}
Event: 19.326 GC heap after
{Heap after GC invocations=15 (full 0):
 garbage-first heap   total 78848K, used 37041K [0x0000000080000000, 0x0000000100000000)
  region size 1024K, 3 young (3072K), 3 survivors (3072K)
 Metaspace       used 39996K, capacity 40969K, committed 41212K, reserved 1085440K
  class space    used 5116K, capacity 5497K, committed 5504K, reserved 1048576K
}
Event: 19.357 GC heap before
{Heap before GC invocations=15 (full 0):
 garbage-first heap   total 78848K, used 37041K [0x0000000080000000, 0x0000000100000000)
  region size 1024K, 4 young (4096K), 3 survivors (3072K)
 Metaspace       used 40026K, capacity 40973K, committed 41212K, reserved 1085440K
  class space    used 5120K, capacity 5498K, committed 5504K, reserved 1048576K
}
Event: 19.371 GC heap after
{Heap after GC invocations=16 (full 0):
 garbage-first heap   total 95232K, used 36972K [0x0000000080000000, 0x0000000100000000)
  region size 1024K, 1 young (1024K), 1 survivors (1024K)
 Metaspace       used 40026K, capacity 40973K, committed 41212K, reserved 1085440K
  class space    used 5120K, capacity 5498K, committed 5504K, reserved 1048576K
}
Event: 20.706 GC heap before
{Heap before GC invocations=17 (full 0):
 garbage-first heap   total 95232K, used 67692K [0x0000000080000000, 0x0000000100000000)
  region size 1024K, 28 young (28672K), 1 survivors (1024K)
 Metaspace       used 40364K, capacity 41360K, committed 41468K, reserved 1085440K
  class space    used 5127K, capacity 5499K, committed 5504K, reserved 1048576K
}
Event: 20.714 GC heap after
{Heap after GC invocations=18 (full 0):
 garbage-first heap   total 95232K, used 41731K [0x0000000080000000, 0x0000000100000000)
  region size 1024K, 2 young (2048K), 2 survivors (2048K)
 Metaspace       used 40364K, capacity 41360K, committed 41468K, reserved 1085440K
  class space    used 5127K, capacity 5499K, committed 5504K, reserved 1048576K
}
Event: 21.381 GC heap before
{Heap before GC invocations=18 (full 0):
 garbage-first heap   total 95232K, used 69379K [0x0000000080000000, 0x0000000100000000)
  region size 1024K, 29 young (29696K), 2 survivors (2048K)
 Metaspace       used 40375K, capacity 41360K, committed 41468K, reserved 1085440K
  class space    used 5127K, capacity 5499K, committed 5504K, reserved 1048576K
}
Event: 21.389 GC heap after
{Heap after GC invocations=19 (full 0):
 garbage-first heap   total 95232K, used 41969K [0x0000000080000000, 0x0000000100000000)
  region size 1024K, 2 young (2048K), 2 survivors (2048K)
 Metaspace       used 40375K, capacity 41360K, committed 41468K, reserved 1085440K
  class space    used 5127K, capacity 5499K, committed 5504K, reserved 1048576K
}
Event: 21.999 GC heap before
{Heap before GC invocations=19 (full 0):
 garbage-first heap   total 95232K, used 70641K [0x0000000080000000, 0x0000000100000000)
  region size 1024K, 30 young (30720K), 2 survivors (2048K)
 Metaspace       used 40376K, capacity 41360K, committed 41468K, reserved 1085440K
  class space    used 5127K, capacity 5499K, committed 5504K, reserved 1048576K
}
Event: 22.006 GC heap after
{Heap after GC invocations=20 (full 0):
 garbage-first heap   total 95232K, used 42284K [0x0000000080000000, 0x0000000100000000)
  region size 1024K, 2 young (2048K), 2 survivors (2048K)
 Metaspace       used 40376K, capacity 41360K, committed 41468K, reserved 1085440K
  class space    used 5127K, capacity 5499K, committed 5504K, reserved 1048576K
}
Event: 22.633 GC heap before
{Heap before GC invocations=20 (full 0):
 garbage-first heap   total 95232K, used 71980K [0x0000000080000000, 0x0000000100000000)
  region size 1024K, 31 young (31744K), 2 survivors (2048K)
 Metaspace       used 40378K, capacity 41360K, committed 41468K, reserved 1085440K
  class space    used 5127K, capacity 5499K, committed 5504K, reserved 1048576K
}
Event: 22.641 GC heap after
{Heap after GC invocations=21 (full 0):
 garbage-first heap   total 95232K, used 42969K [0x0000000080000000, 0x0000000100000000)
  region size 1024K, 3 young (3072K), 3 survivors (3072K)
 Metaspace       used 40378K, capacity 41360K, committed 41468K, reserved 1085440K
  class space    used 5127K, capacity 5499K, committed 5504K, reserved 1048576K
}
Event: 23.367 GC heap before
{Heap before GC invocations=21 (full 0):
 garbage-first heap   total 95232K, used 72665K [0x0000000080000000, 0x0000000100000000)
  region size 1024K, 32 young (32768K), 3 survivors (3072K)
 Metaspace       used 40388K, capacity 41363K, committed 41468K, reserved 1085440K
  class space    used 5127K, capacity 5499K, committed 5504K, reserved 1048576K
}
Event: 23.377 GC heap after
{Heap after GC invocations=22 (full 0):
 garbage-first heap   total 95232K, used 42823K [0x0000000080000000, 0x0000000100000000)
  region size 1024K, 3 young (3072K), 3 survivors (3072K)
 Metaspace       used 40388K, capacity 41363K, committed 41468K, reserved 1085440K
  class space    used 5127K, capacity 5499K, committed 5504K, reserved 1048576K
}
Event: 24.239 GC heap before
{Heap before GC invocations=22 (full 0):
 garbage-first heap   total 95232K, used 73543K [0x0000000080000000, 0x0000000100000000)
  region size 1024K, 33 young (33792K), 3 survivors (3072K)
 Metaspace       used 40392K, capacity 41363K, committed 41468K, reserved 1085440K
  class space    used 5127K, capacity 5499K, committed 5504K, reserved 1048576K
}
Event: 24.248 GC heap after
{Heap after GC invocations=23 (full 0):
 garbage-first heap   total 95232K, used 42976K [0x0000000080000000, 0x0000000100000000)
  region size 1024K, 3 young (3072K), 3 survivors (3072K)
 Metaspace       used 40392K, capacity 41363K, committed 41468K, reserved 1085440K
  class space    used 5127K, capacity 5499K, committed 5504K, reserved 1048576K
}
Event: 24.891 GC heap before
{Heap before GC invocations=23 (full 0):
 garbage-first heap   total 95232K, used 74720K [0x0000000080000000, 0x0000000100000000)
  region size 1024K, 34 young (34816K), 3 survivors (3072K)
 Metaspace       used 40392K, capacity 41363K, committed 41468K, reserved 1085440K
  class space    used 5127K, capacity 5499K, committed 5504K, reserved 1048576K
}
Event: 24.901 GC heap after
{Heap after GC invocations=24 (full 0):
 garbage-first heap   total 95232K, used 43478K [0x0000000080000000, 0x0000000100000000)
  region size 1024K, 3 young (3072K), 3 survivors (3072K)
 Metaspace       used 40392K, capacity 41363K, committed 41468K, reserved 1085440K
  class space    used 5127K, capacity 5499K, committed 5504K, reserved 1048576K
}
Event: 25.463 GC heap before
{Heap before GC invocations=24 (full 0):
 garbage-first heap   total 95232K, used 76246K [0x0000000080000000, 0x0000000100000000)
  region size 1024K, 35 young (35840K), 3 survivors (3072K)
 Metaspace       used 40392K, capacity 41363K, committed 41468K, reserved 1085440K
  class space    used 5127K, capacity 5499K, committed 5504K, reserved 1048576K
}

Deoptimization events (20 events):
Event: 24.797 Thread 0x0000022baaac3000 DEOPT PACKING pc=0x0000022b923a243e sp=0x0000009a360fe0d0
Event: 24.797 Thread 0x0000022baaac3000 DEOPT UNPACKING pc=0x0000022b916b64bf sp=0x0000009a360fd740 mode 0
Event: 24.815 Thread 0x0000022baaac3000 DEOPT PACKING pc=0x0000022b923a243e sp=0x0000009a360fe0d0
Event: 24.815 Thread 0x0000022baaac3000 DEOPT UNPACKING pc=0x0000022b916b64bf sp=0x0000009a360fd740 mode 0
Event: 24.839 Thread 0x0000022baaac3000 DEOPT PACKING pc=0x0000022b923a243e sp=0x0000009a360fe0d0
Event: 24.839 Thread 0x0000022baaac3000 DEOPT UNPACKING pc=0x0000022b916b64bf sp=0x0000009a360fd740 mode 0
Event: 24.858 Thread 0x0000022baaac3000 DEOPT PACKING pc=0x0000022b923a243e sp=0x0000009a360fe0d0
Event: 24.858 Thread 0x0000022baaac3000 DEOPT UNPACKING pc=0x0000022b916b64bf sp=0x0000009a360fd740 mode 0
Event: 24.912 Thread 0x0000022baaac3000 DEOPT PACKING pc=0x0000022b923a243e sp=0x0000009a360fe0d0
Event: 24.912 Thread 0x0000022baaac3000 DEOPT UNPACKING pc=0x0000022b916b64bf sp=0x0000009a360fd740 mode 0
Event: 24.945 Thread 0x0000022baaac3000 DEOPT PACKING pc=0x0000022b923a243e sp=0x0000009a360fe0d0
Event: 24.945 Thread 0x0000022baaac3000 DEOPT UNPACKING pc=0x0000022b916b64bf sp=0x0000009a360fd740 mode 0
Event: 25.027 Thread 0x0000022baaac3000 DEOPT PACKING pc=0x0000022b923a243e sp=0x0000009a360fe0d0
Event: 25.027 Thread 0x0000022baaac3000 DEOPT UNPACKING pc=0x0000022b916b64bf sp=0x0000009a360fd740 mode 0
Event: 25.046 Thread 0x0000022baaac3000 DEOPT PACKING pc=0x0000022b923a243e sp=0x0000009a360fe0d0
Event: 25.047 Thread 0x0000022baaac3000 DEOPT UNPACKING pc=0x0000022b916b64bf sp=0x0000009a360fd740 mode 0
Event: 25.085 Thread 0x0000022baaac3000 DEOPT PACKING pc=0x0000022b923a243e sp=0x0000009a360fe0d0
Event: 25.085 Thread 0x0000022baaac3000 DEOPT UNPACKING pc=0x0000022b916b64bf sp=0x0000009a360fd740 mode 0
Event: 25.128 Thread 0x0000022baaac3000 DEOPT PACKING pc=0x0000022b923a243e sp=0x0000009a360fe0d0
Event: 25.128 Thread 0x0000022baaac3000 DEOPT UNPACKING pc=0x0000022b916b64bf sp=0x0000009a360fd740 mode 0

Classes redefined (0 events):
No events

Internal exceptions (20 events):
Event: 17.770 Thread 0x0000022ba9932000 Exception <a 'java/lang/ClassNotFoundException'{0x0000000084091220}: groovy/lang/Closure$1BeanInfo> (0x0000000084091220) thrown at [./src/hotspot/share/classfile/systemDictionary.cpp, line 231]
Event: 17.772 Thread 0x0000022ba9932000 Exception <a 'java/lang/ClassNotFoundException'{0x00000000840a8f40}: groovy/lang/ClosureBeanInfo> (0x00000000840a8f40) thrown at [./src/hotspot/share/classfile/systemDictionary.cpp, line 231]
Event: 17.776 Thread 0x0000022ba9932000 Exception <a 'java/lang/ClassNotFoundException'{0x00000000840c0980}: groovy/lang/ClosureCustomizer> (0x00000000840c0980) thrown at [./src/hotspot/share/classfile/systemDictionary.cpp, line 231]
Event: 17.797 Thread 0x0000022ba9932000 Exception <a 'java/lang/ClassNotFoundException'{0x00000000840f5e38}: groovy/lang/Closure$1Customizer> (0x00000000840f5e38) thrown at [./src/hotspot/share/classfile/systemDictionary.cpp, line 231]
Event: 18.056 Thread 0x0000022ba9932000 Exception <a 'java/lang/ClassNotFoundException'{0x0000000083b83bf8}: org/gradle/internal/metaobject/ConfigureDelegateBeanInfo> (0x0000000083b83bf8) thrown at [./src/hotspot/share/classfile/systemDictionary.cpp, line 231]
Event: 18.057 Thread 0x0000022ba9932000 Exception <a 'java/lang/ClassNotFoundException'{0x0000000083ba11c0}: org/gradle/internal/metaobject/ConfigureDelegateCustomizer> (0x0000000083ba11c0) thrown at [./src/hotspot/share/classfile/systemDictionary.cpp, line 231]
Event: 18.084 Thread 0x0000022ba9932000 Exception <a 'java/lang/ClassNotFoundException'{0x0000000083bfc9e0}: org/gradle/api/internal/initialization/DefaultScriptHandlerBeanInfo> (0x0000000083bfc9e0) thrown at [./src/hotspot/share/classfile/systemDictionary.cpp, line 231]
Event: 18.087 Thread 0x0000022ba9932000 Exception <a 'java/lang/ClassNotFoundException'{0x0000000083a1dcc0}: org/gradle/api/internal/initialization/DefaultScriptHandlerCustomizer> (0x0000000083a1dcc0) thrown at [./src/hotspot/share/classfile/systemDictionary.cpp, line 231]
Event: 18.472 Thread 0x0000022ba9932000 Exception <a 'java/lang/ClassNotFoundException'{0x0000000084a3df28}: org/gradle/api/internal/artifacts/dsl/dependencies/DefaultDependencyHandler_DecoratedBeanInfo> (0x0000000084a3df28) thrown at [./src/hotspot/share/classfile/systemDictionary.cpp, line 231]
Event: 18.475 Thread 0x0000022ba9932000 Exception <a 'java/lang/ClassNotFoundException'{0x0000000084a71458}: org/gradle/api/internal/artifacts/dsl/dependencies/DefaultDependencyHandlerBeanInfo> (0x0000000084a71458) thrown at [./src/hotspot/share/classfile/systemDictionary.cpp, line 231]
Event: 18.478 Thread 0x0000022ba9932000 Exception <a 'java/lang/ClassNotFoundException'{0x0000000084aa4550}: org/gradle/api/internal/artifacts/dsl/dependencies/DefaultDependencyHandlerCustomizer> (0x0000000084aa4550) thrown at [./src/hotspot/share/classfile/systemDictionary.cpp, line 231]
Event: 18.494 Thread 0x0000022ba9932000 Exception <a 'java/lang/ClassNotFoundException'{0x0000000084af6670}: org/gradle/api/internal/artifacts/dsl/dependencies/DefaultDependencyHandler_DecoratedCustomizer> (0x0000000084af6670) thrown at [./src/hotspot/share/classfile/systemDictionary.cpp, line 231]
Event: 19.018 Thread 0x0000022ba9932000 Exception <a 'java/lang/NoSuchMethodError'{0x0000000083e91640}: 'java.lang.Object java.lang.invoke.DirectMethodHandle$Holder.invokeStatic(java.lang.Object, java.lang.Object, java.lang.Object, int)'> (0x0000000083e91640) thrown at [./src/hotspot/share/interpreter/linkResolver.cpp, line 773]
Event: 19.019 Thread 0x0000022ba9932000 Exception <a 'java/lang/NoSuchMethodError'{0x0000000083e95c58}: 'java.lang.Object java.lang.invoke.DirectMethodHandle$Holder.invokeSpecial(java.lang.Object, java.lang.Object, java.lang.Object, java.lang.Object, int)'> (0x0000000083e95c58) thrown at [./src/hotspot/share/interpreter/linkResolver.cpp, line 773]
Event: 19.020 Thread 0x0000022ba9932000 Exception <a 'java/lang/NoSuchMethodError'{0x0000000083e99b90}: 'java.lang.Object java.lang.invoke.Invokers$Holder.linkToTargetMethod(java.lang.Object, java.lang.Object, int, java.lang.Object)'> (0x0000000083e99b90) thrown at [./src/hotspot/share/interpreter/linkResolver.cpp, line 773]
Event: 19.035 Thread 0x0000022ba9932000 Exception <a 'java/lang/NoSuchMethodError'{0x0000000083ede990}: 'int java.lang.invoke.DirectMethodHandle$Holder.invokeInterface(java.lang.Object, java.lang.Object)'> (0x0000000083ede990) thrown at [./src/hotspot/share/interpreter/linkResolver.cpp, line 773]
Event: 19.036 Thread 0x0000022ba9932000 Exception <a 'java/lang/IncompatibleClassChangeError'{0x0000000083ee21c8}: Found class java.lang.Object, but interface was expected> (0x0000000083ee21c8) thrown at [./src/hotspot/share/interpreter/linkResolver.cpp, line 839]
Event: 19.134 Thread 0x0000022ba9932000 Exception <a 'java/lang/NoSuchMethodError'{0x0000000083c4e900}: 'java.lang.Object java.lang.invoke.Invokers$Holder.linkToTargetMethod(java.lang.Object, int, java.lang.Object)'> (0x0000000083c4e900) thrown at [./src/hotspot/share/interpreter/linkResolver.cpp, line 773]
Event: 19.293 Thread 0x0000022ba9932000 Exception <a 'java/lang/NoSuchMethodError'{0x00000000839842d0}: 'int java.lang.invoke.DirectMethodHandle$Holder.invokeStaticInit(java.lang.Object)'> (0x00000000839842d0) thrown at [./src/hotspot/share/interpreter/linkResolver.cpp, line 773]
Event: 19.353 Thread 0x0000022baaac3000 Exception <a 'sun/nio/fs/WindowsException'{0x0000000084c6ec10}> (0x0000000084c6ec10) thrown at [./src/hotspot/share/prims/jni.cpp, line 615]

Events (20 events):
Event: 19.559 loading class org/objectweb/asm/TypePath
Event: 19.559 loading class org/objectweb/asm/TypePath done
Event: 19.601 loading class org/objectweb/asm/Handle
Event: 19.602 loading class org/objectweb/asm/Handle done
Event: 20.321 Loaded shared library C:\Users\felip\OneDrive\Desktop\android-studio-ide-202.6987402-windows\android-studio\jre\bin\zip.dll
Event: 20.706 Executing VM operation: G1CollectForAllocation
Event: 20.714 Executing VM operation: G1CollectForAllocation done
Event: 21.381 Executing VM operation: G1CollectForAllocation
Event: 21.389 Executing VM operation: G1CollectForAllocation done
Event: 21.998 Executing VM operation: G1CollectForAllocation
Event: 22.006 Executing VM operation: G1CollectForAllocation done
Event: 22.633 Executing VM operation: G1CollectForAllocation
Event: 22.641 Executing VM operation: G1CollectForAllocation done
Event: 23.367 Executing VM operation: G1CollectForAllocation
Event: 23.377 Executing VM operation: G1CollectForAllocation done
Event: 24.239 Executing VM operation: G1CollectForAllocation
Event: 24.249 Executing VM operation: G1CollectForAllocation done
Event: 24.891 Executing VM operation: G1CollectForAllocation
Event: 24.901 Executing VM operation: G1CollectForAllocation done
Event: 25.462 Executing VM operation: G1CollectForAllocation


Dynamic libraries:
0x00007ff671750000 - 0x00007ff67175a000 	C:\Users\felip\OneDrive\Desktop\android-studio-ide-202.6987402-windows\android-studio\jre\bin\java.exe
0x00007ffcda6d0000 - 0x00007ffcda8c5000 	C:\Windows\SYSTEM32\ntdll.dll
0x00007ffcc01d0000 - 0x00007ffcc01e2000 	C:\Program Files\Avast Software\Avast\aswhook.dll
0x00007ffcd9ec0000 - 0x00007ffcd9f7d000 	C:\Windows\System32\KERNEL32.DLL
0x00007ffcd7e40000 - 0x00007ffcd8108000 	C:\Windows\System32\KERNELBASE.dll
0x00007ffcd85b0000 - 0x00007ffcd86b0000 	C:\Windows\System32\ucrtbase.dll
0x00007ffccc7e0000 - 0x00007ffccc7f9000 	C:\Users\felip\OneDrive\Desktop\android-studio-ide-202.6987402-windows\android-studio\jre\bin\jli.dll
0x00007ffcd9170000 - 0x00007ffcd9310000 	C:\Windows\System32\USER32.dll
0x00007ffcd86b0000 - 0x00007ffcd86d2000 	C:\Windows\System32\win32u.dll
0x00007ffcda540000 - 0x00007ffcda56a000 	C:\Windows\System32\GDI32.dll
0x00007ffcd81c0000 - 0x00007ffcd82cb000 	C:\Windows\System32\gdi32full.dll
0x00007ffcd8510000 - 0x00007ffcd85ad000 	C:\Windows\System32\msvcp_win.dll
0x00007ffcc1550000 - 0x00007ffcc1567000 	C:\Users\felip\OneDrive\Desktop\android-studio-ide-202.6987402-windows\android-studio\jre\bin\VCRUNTIME140.dll
0x00007ffcc4ad0000 - 0x00007ffcc4d6a000 	C:\Windows\WinSxS\amd64_microsoft.windows.common-controls_6595b64144ccf1df_6.0.19041.1052_none_60b8f8fd71f5e8cb\COMCTL32.dll
0x00007ffcd9310000 - 0x00007ffcd93ae000 	C:\Windows\System32\msvcrt.dll
0x00007ffcd93b0000 - 0x00007ffcd93e0000 	C:\Windows\System32\IMM32.DLL
0x00007ffcae3b0000 - 0x00007ffcae44d000 	C:\Users\felip\OneDrive\Desktop\android-studio-ide-202.6987402-windows\android-studio\jre\bin\msvcp140.dll
0x00007ffc99600000 - 0x00007ffc9a0bc000 	C:\Users\felip\OneDrive\Desktop\android-studio-ide-202.6987402-windows\android-studio\jre\bin\server\jvm.dll
0x00007ffcda1b0000 - 0x00007ffcda25c000 	C:\Windows\System32\ADVAPI32.dll
0x00007ffcd9950000 - 0x00007ffcd99eb000 	C:\Windows\System32\sechost.dll
0x00007ffcda260000 - 0x00007ffcda38b000 	C:\Windows\System32\RPCRT4.dll
0x00007ffcd8e90000 - 0x00007ffcd8e98000 	C:\Windows\System32\PSAPI.DLL
0x00007ffccb0b0000 - 0x00007ffccb0b9000 	C:\Windows\SYSTEM32\WSOCK32.dll
0x00007ffcd8f00000 - 0x00007ffcd8f6b000 	C:\Windows\System32\WS2_32.dll
0x00007ffcc4400000 - 0x00007ffcc4427000 	C:\Windows\SYSTEM32\WINMM.dll
0x00007ffcd1280000 - 0x00007ffcd128a000 	C:\Windows\SYSTEM32\VERSION.dll
0x00007ffcd5c80000 - 0x00007ffcd5c92000 	C:\Windows\SYSTEM32\kernel.appcore.dll
0x00007ffcd2ba0000 - 0x00007ffcd2bb1000 	C:\Users\felip\OneDrive\Desktop\android-studio-ide-202.6987402-windows\android-studio\jre\bin\verify.dll
0x00007ffccf5d0000 - 0x00007ffccf7b4000 	C:\Windows\SYSTEM32\DBGHELP.DLL
0x00007ffccf5a0000 - 0x00007ffccf5cc000 	C:\Windows\SYSTEM32\dbgcore.DLL
0x00007ffcd8320000 - 0x00007ffcd83a3000 	C:\Windows\System32\bcryptPrimitives.dll
0x00007ffccc9d0000 - 0x00007ffccc9f9000 	C:\Users\felip\OneDrive\Desktop\android-studio-ide-202.6987402-windows\android-studio\jre\bin\java.dll
0x00007ffcd3b70000 - 0x00007ffcd3b7b000 	C:\Users\felip\OneDrive\Desktop\android-studio-ide-202.6987402-windows\android-studio\jre\bin\jimage.dll
0x00007ffcd2150000 - 0x00007ffcd2168000 	C:\Users\felip\OneDrive\Desktop\android-studio-ide-202.6987402-windows\android-studio\jre\bin\zip.dll
0x00007ffcd8740000 - 0x00007ffcd8e7f000 	C:\Windows\System32\SHELL32.dll
0x00007ffcd5f60000 - 0x00007ffcd66f0000 	C:\Windows\SYSTEM32\windows.storage.dll
0x00007ffcd93e0000 - 0x00007ffcd9735000 	C:\Windows\System32\combase.dll
0x00007ffcd77b0000 - 0x00007ffcd77dc000 	C:\Windows\SYSTEM32\Wldp.dll
0x00007ffcd9f80000 - 0x00007ffcda02e000 	C:\Windows\System32\SHCORE.dll
0x00007ffcd98f0000 - 0x00007ffcd9945000 	C:\Windows\System32\shlwapi.dll
0x00007ffcd7d50000 - 0x00007ffcd7d6f000 	C:\Windows\SYSTEM32\profapi.dll
0x00007ffccc9b0000 - 0x00007ffccc9ca000 	C:\Users\felip\OneDrive\Desktop\android-studio-ide-202.6987402-windows\android-studio\jre\bin\net.dll
0x00007ffccd010000 - 0x00007ffccd11b000 	C:\Windows\SYSTEM32\WINHTTP.dll
0x00007ffcd7520000 - 0x00007ffcd758a000 	C:\Windows\system32\mswsock.dll
0x00007ffccc020000 - 0x00007ffccc034000 	C:\Users\felip\OneDrive\Desktop\android-studio-ide-202.6987402-windows\android-studio\jre\bin\nio.dll
0x00007ffcba120000 - 0x00007ffcba146000 	C:\Users\felip\.gradle\native\fdc75f09e3144964f2cf3f50f0aa648679c211496f362492102eb8c894070792\windows-amd64\native-platform.dll
0x00007ffc94710000 - 0x00007ffc948a1000 	C:\Users\felip\.gradle\native\12488b8bf47d2d4c9fbf2f6322a914ad602e24e48041cd04a747c6da556b65c4\windows-amd64\native-platform-file-events.dll
0x00007ffcd33d0000 - 0x00007ffcd33da000 	C:\Users\felip\OneDrive\Desktop\android-studio-ide-202.6987402-windows\android-studio\jre\bin\management.dll
0x00007ffcd2f10000 - 0x00007ffcd2f1c000 	C:\Users\felip\OneDrive\Desktop\android-studio-ide-202.6987402-windows\android-studio\jre\bin\management_ext.dll
0x00007ffcd7700000 - 0x00007ffcd7718000 	C:\Windows\SYSTEM32\CRYPTSP.dll
0x00007ffcd6ec0000 - 0x00007ffcd6ef4000 	C:\Windows\system32\rsaenh.dll
0x00007ffcd7e10000 - 0x00007ffcd7e37000 	C:\Windows\System32\bcrypt.dll
0x00007ffcd7d10000 - 0x00007ffcd7d3e000 	C:\Windows\SYSTEM32\USERENV.dll
0x00007ffcd76f0000 - 0x00007ffcd76fc000 	C:\Windows\SYSTEM32\CRYPTBASE.dll
0x00007ffcd7210000 - 0x00007ffcd724b000 	C:\Windows\SYSTEM32\IPHLPAPI.DLL
0x00007ffcd8e80000 - 0x00007ffcd8e88000 	C:\Windows\System32\NSI.dll
0x00007ffccfc30000 - 0x00007ffccfc47000 	C:\Windows\SYSTEM32\dhcpcsvc6.DLL
0x00007ffcd0f60000 - 0x00007ffcd0f7d000 	C:\Windows\SYSTEM32\dhcpcsvc.DLL
0x00007ffcd7250000 - 0x00007ffcd731c000 	C:\Windows\SYSTEM32\DNSAPI.dll
0x00007ffcd1270000 - 0x00007ffcd127b000 	C:\Windows\SYSTEM32\WINNSI.DLL

dbghelp: loaded successfully - version: 4.0.5 - missing functions: none
symbol engine: initialized successfully - sym options: 0x614 - pdb path: .;C:\Users\felip\OneDrive\Desktop\android-studio-ide-202.6987402-windows\android-studio\jre\bin;C:\Windows\SYSTEM32;C:\Program Files\Avast Software\Avast;C:\Windows\WinSxS\amd64_microsoft.windows.common-controls_6595b64144ccf1df_6.0.19041.1052_none_60b8f8fd71f5e8cb;C:\Users\felip\OneDrive\Desktop\android-studio-ide-202.6987402-windows\android-studio\jre\bin\server;C:\Users\felip\.gradle\native\fdc75f09e3144964f2cf3f50f0aa648679c211496f362492102eb8c894070792\windows-amd64;C:\Users\felip\.gradle\native\12488b8bf47d2d4c9fbf2f6322a914ad602e24e48041cd04a747c6da556b65c4\windows-amd64

VM Arguments:
jvm_args: --add-opens=java.base/java.util=ALL-UNNAMED --add-opens=java.base/java.lang=ALL-UNNAMED --add-opens=java.base/java.lang.invoke=ALL-UNNAMED --add-opens=java.prefs/java.util.prefs=ALL-UNNAMED -Xmx2048m -Dfile.encoding=windows-1252 -Duser.country=US -Duser.language=en -Duser.variant 
java_command: org.gradle.launcher.daemon.bootstrap.GradleDaemon 6.7.1
java_class_path (initial): C:\Users\felip\.gradle\wrapper\dists\gradle-6.7.1-bin\bwlcbys1h7rz3272sye1xwiv6\gradle-6.7.1\lib\gradle-launcher-6.7.1.jar
Launcher Type: SUN_STANDARD

[Global flags]
     intx CICompilerCount                          = 2                                         {product} {ergonomic}
     uint ConcGCThreads                            = 1                                         {product} {ergonomic}
     uint G1ConcRefinementThreads                  = 2                                         {product} {ergonomic}
   size_t G1HeapRegionSize                         = 1048576                                   {product} {ergonomic}
    uintx GCDrainStackTargetSize                   = 64                                        {product} {ergonomic}
   size_t InitialHeapSize                          = 67108864                                  {product} {ergonomic}
   size_t MarkStackSize                            = 4194304                                   {product} {ergonomic}
   size_t MaxHeapSize                              = 2147483648                                {product} {command line}
   size_t MaxNewSize                               = 1287651328                                {product} {ergonomic}
   size_t MinHeapDeltaBytes                        = 1048576                                   {product} {ergonomic}
    uintx NonNMethodCodeHeapSize                   = 5825164                                {pd product} {ergonomic}
    uintx NonProfiledCodeHeapSize                  = 122916538                              {pd product} {ergonomic}
    uintx ProfiledCodeHeapSize                     = 122916538                              {pd product} {ergonomic}
    uintx ReservedCodeCacheSize                    = 251658240                              {pd product} {ergonomic}
     bool SegmentedCodeCache                       = true                                      {product} {ergonomic}
     bool UseCompressedClassPointers               = true                                 {lp64_product} {ergonomic}
     bool UseCompressedOops                        = true                                 {lp64_product} {ergonomic}
     bool UseG1GC                                  = true                                      {product} {ergonomic}
     bool UseLargePagesIndividualAllocation        = false                                  {pd product} {ergonomic}

Logging:
Log output configuration:
 #0: stdout all=warning uptime,level,tags
 #1: stderr all=off uptime,level,tags

Environment Variables:
PATH=C:\Program Files\Common Files\Oracle\Java\javapath;C:\Program Files (x86)\Common Files\Oracle\Java\javapath;C:\Windows\system32;C:\Windows;C:\Windows\System32\Wbem;C:\Windows\System32\WindowsPowerShell\v1.0\;C:\Windows\System32\OpenSSH\;C:\ProgramData\chocolatey\bin;C:\Program Files\Docker\Docker\resources\bin;C:\ProgramData\DockerDesktop\version-bin;C:\Program Files (x86)\Yarn\bin\;C:\Program Files\nodejs\;C:\Program Files\Git\cmd;C:\Users\felip\AppData\Local\Microsoft\WindowsApps;C:\Users\felip\AppData\Local\Programs\Microsoft VS Code\bin;C:\Users\felip\AppData\Local\Yarn\bin;C:\Users\felip\AppData\Local\GitHubDesktop\bin;C:\Users\felip\AppData\Roaming\npm
USERNAME=felip
OS=Windows_NT
PROCESSOR_IDENTIFIER=Intel64 Family 6 Model 23 Stepping 10, GenuineIntel



---------------  S Y S T E M  ---------------

OS: Windows 10 , 64 bit Build 19041 (10.0.19041.1023)
OS uptime: 0 days 18:30 hours

CPU:total 2 (initial active 2) (2 cores per cpu, 1 threads per core) family 6 model 23 stepping 10, cmov, cx8, fxsr, mmx, sse, sse2, sse3, ssse3, tsc

Memory: 4k page, system-wide physical 4061M (91M free)
TotalPageFile size 4061M (AvailPageFile size 13M)
current process WorkingSet (physical memory assigned to process): 229M, peak: 236M
current process commit charge ("private bytes"): 256M, peak: 275M

vm_info: OpenJDK 64-Bit Server VM (11.0.8+10-b944.6842174) for windows-amd64 JRE (11.0.8+10-b944.6842174), built on Sep 19 2020 01:11:42 by "builder" with MS VC++ 14.0 (VS2015)

END.
