#
# There is insufficient memory for the Java Runtime Environment to continue.
# Native memory allocation (malloc) failed to allocate 1608336 bytes for Chunk::new
# Possible reasons:
#   The system is out of physical RAM or swap space
#   The process is running with CompressedOops enabled, and the Java Heap may be blocking the growth of the native heap
# Possible solutions:
#   Reduce memory load on the system
#   Increase physical memory or swap space
#   Check if swap backing store is full
#   Decrease Java heap size (-Xmx/-Xms)
#   Decrease number of Java threads
#   Decrease Java thread stack sizes (-Xss)
#   Set larger code cache with -XX:ReservedCodeCacheSize=
#   JVM is running with Unscaled Compressed Oops mode in which the Java heap is
#     placed in the first 4GB address space. The Java Heap base address is the
#     maximum limit for the native heap growth. Please use -XX:HeapBaseMinAddress
#     to set the Java Heap base and to place the Java Heap above 4GB virtual address.
# This output file may be truncated or incomplete.
#
#  Out of Memory Error (./src/hotspot/share/memory/arena.cpp:197), pid=5136, tid=5200
#
# JRE version: OpenJDK Runtime Environment (11.0.8+10) (build 11.0.8+10-b944.6842174)
# Java VM: OpenJDK 64-Bit Server VM (11.0.8+10-b944.6842174, mixed mode, tiered, compressed oops, g1 gc, windows-amd64)
# No core dump will be written. Minidumps are not enabled by default on client versions of Windows
#

---------------  S U M M A R Y ------------

Command Line: --add-opens=java.base/java.util=ALL-UNNAMED --add-opens=java.base/java.lang=ALL-UNNAMED --add-opens=java.base/java.lang.invoke=ALL-UNNAMED --add-opens=java.prefs/java.util.prefs=ALL-UNNAMED -Xmx2048m -Dfile.encoding=windows-1252 -Duser.country=US -Duser.language=en -Duser.variant org.gradle.launcher.daemon.bootstrap.GradleDaemon 6.7.1

Host: Celeron(R) Dual-Core CPU       T3500  @ 2.10GHz, 2 cores, 3G,  Windows 10 , 64 bit Build 19041 (10.0.19041.1023)
Time: Mon Jun 21 10:12:45 2021 E. South America Standard Time elapsed time: 41 seconds (0d 0h 0m 41s)

---------------  T H R E A D  ---------------

Current thread (0x0000021cf28f8800):  JavaThread "C2 CompilerThread0" daemon [_thread_in_native, id=5200, stack(0x000000be74e00000,0x000000be74f00000)]


Current CompileTask:
C2:  41702 5268 % !   4       java.util.jar.Attributes::read @ 185 (388 bytes)

Stack: [0x000000be74e00000,0x000000be74f00000]
Native frames: (J=compiled Java code, j=interpreted, Vv=VM code, C=native code)
V  [jvm.dll+0x5de50a]
V  [jvm.dll+0x7122f5]
V  [jvm.dll+0x71384d]
V  [jvm.dll+0x713f03]
V  [jvm.dll+0x23e728]
V  [jvm.dll+0xb899c]
V  [jvm.dll+0xb8e9c]
V  [jvm.dll+0x35020b]
V  [jvm.dll+0x31dea3]
V  [jvm.dll+0x31d39a]
V  [jvm.dll+0x1f7702]
V  [jvm.dll+0x1f68d4]
V  [jvm.dll+0x17f32c]
V  [jvm.dll+0x205047]
V  [jvm.dll+0x203891]
V  [jvm.dll+0x6dad3f]
V  [jvm.dll+0x6d3895]
V  [jvm.dll+0x5dd4a6]
C  [ucrtbase.dll+0x21bb2]
C  [KERNEL32.DLL+0x17034]
C  [ntdll.dll+0x52651]


---------------  P R O C E S S  ---------------

Threads class SMR info:
_java_thread_list=0x0000021cf5dfd7b0, length=149, elements={
0x0000021cd937c800, 0x0000021cf2896000, 0x0000021cf2897000, 0x0000021cf28f5000,
0x0000021cf28f6000, 0x0000021cf28f8800, 0x0000021cf2902000, 0x0000021cf291c000,
0x0000021cf3366800, 0x0000021cf33ba800, 0x0000021cf4689800, 0x0000021cf48ea800,
0x0000021cf4b83000, 0x0000021cf43b7000, 0x0000021cf43d5800, 0x0000021cf4743000,
0x0000021cf4743800, 0x0000021cf4f4b800, 0x0000021cf46a6800, 0x0000021cf4648000,
0x0000021cf4f46800, 0x0000021cf4f48800, 0x0000021cf4f42800, 0x0000021cf4f47800,
0x0000021cf4f45000, 0x0000021cf4f43800, 0x0000021cf4f44000, 0x0000021cf4f46000,
0x0000021cf4f49000, 0x0000021cf5ca9000, 0x0000021cf5cac000, 0x0000021cf5cab800,
0x0000021cf5ca7800, 0x0000021cf5cad000, 0x0000021cf5caf800, 0x0000021cf5caa800,
0x0000021cf5ca9800, 0x0000021cf5cb1000, 0x0000021cf5cb0800, 0x0000021cf5cb2000,
0x0000021cf5cae800, 0x0000021cf5cb2800, 0x0000021cf5cb3800, 0x0000021cf5cae000,
0x0000021cf5cb4800, 0x0000021cf5cb5000, 0x0000021cf5cb6000, 0x0000021cf7a01800,
0x0000021cf7a00800, 0x0000021cf79fe000, 0x0000021cf79ff000, 0x0000021cf7a02800,
0x0000021cf7a00000, 0x0000021cf79fc800, 0x0000021cf7a03000, 0x0000021cf79fd800,
0x0000021cf7a09000, 0x0000021cf7a06800, 0x0000021cf7a05800, 0x0000021cf7a07000,
0x0000021cf7a08000, 0x0000021cf7a09800, 0x0000021cf7a04000, 0x0000021cf7a0a800,
0x0000021cf7a04800, 0x0000021cf7a0b800, 0x0000021cf3790800, 0x0000021cf3793000,
0x0000021cf3794000, 0x0000021cf3794800, 0x0000021cf3795800, 0x0000021cf3792000,
0x0000021cf3796000, 0x0000021cf3797000, 0x0000021cf3791800, 0x0000021cf3798800,
0x0000021cf3799800, 0x0000021cf379a800, 0x0000021cf379b000, 0x0000021cf379c000,
0x0000021cf379d000, 0x0000021cf379d800, 0x0000021cf3798000, 0x0000021cf379e800,
0x0000021cf379f000, 0x0000021cf5c20000, 0x0000021cf5c1d800, 0x0000021cf5c1e800,
0x0000021cf5c1f000, 0x0000021cf5c21000, 0x0000021cf5c21800, 0x0000021cf5c1c000,
0x0000021cf5c22800, 0x0000021cf5c1d000, 0x0000021cf5c23800, 0x0000021cf5c24000,
0x0000021cf5c29000, 0x0000021cf5c26800, 0x0000021cf5c2a000, 0x0000021cf5c28000,
0x0000021cf5c2a800, 0x0000021cf5c25000, 0x0000021cf5c26000, 0x0000021cf5c27800,
0x0000021cf3d63000, 0x0000021cf3d68000, 0x0000021cf3d64800, 0x0000021cf3d62000,
0x0000021cf3d65800, 0x0000021cf3d69800, 0x0000021cf3d64000, 0x0000021cf3d68800,
0x0000021cf3d6a800, 0x0000021cf3d67000, 0x0000021cf3d6b000, 0x0000021cf3d6c000,
0x0000021cf3d66800, 0x0000021cf3d6d800, 0x0000021cf3d6d000, 0x0000021cf3d6f000,
0x0000021cf3d6e800, 0x0000021cf3d70000, 0x0000021cf3d71000, 0x0000021cf3df7000,
0x0000021cf3df4800, 0x0000021cf3df6000, 0x0000021cf3df8000, 0x0000021cf3df2000,
0x0000021cf3df8800, 0x0000021cf3df5800, 0x0000021cf3df3000, 0x0000021cf3df9800,
0x0000021cf3df4000, 0x0000021cf3dfd000, 0x0000021cf3dfc000, 0x0000021cf3dfa800,
0x0000021cf3e00000, 0x0000021cf3dfb000, 0x0000021cf3dfd800, 0x0000021cf3dfe800,
0x0000021cf3dff000, 0x0000021cf3e01000, 0x0000021cf5305800, 0x0000021cf5308000,
0x0000021cf5303000, 0x0000021cf5302800, 0x0000021cf5304000, 0x0000021cf530a800,
0x0000021cf5306800
}

Java Threads: ( => current thread )
  0x0000021cd937c800 JavaThread "main" [_thread_blocked, id=6920, stack(0x000000be74300000,0x000000be74400000)]
  0x0000021cf2896000 JavaThread "Reference Handler" daemon [_thread_blocked, id=6600, stack(0x000000be74a00000,0x000000be74b00000)]
  0x0000021cf2897000 JavaThread "Finalizer" daemon [_thread_blocked, id=4732, stack(0x000000be74b00000,0x000000be74c00000)]
  0x0000021cf28f5000 JavaThread "Signal Dispatcher" daemon [_thread_blocked, id=7836, stack(0x000000be74c00000,0x000000be74d00000)]
  0x0000021cf28f6000 JavaThread "Attach Listener" daemon [_thread_blocked, id=3912, stack(0x000000be74d00000,0x000000be74e00000)]
=>0x0000021cf28f8800 JavaThread "C2 CompilerThread0" daemon [_thread_in_native, id=5200, stack(0x000000be74e00000,0x000000be74f00000)]
  0x0000021cf2902000 JavaThread "C1 CompilerThread0" daemon [_thread_blocked, id=5524, stack(0x000000be74f00000,0x000000be75000000)]
  0x0000021cf291c000 JavaThread "Sweeper thread" daemon [_thread_blocked, id=2708, stack(0x000000be75000000,0x000000be75100000)]
  0x0000021cf3366800 JavaThread "Common-Cleaner" daemon [_thread_blocked, id=6524, stack(0x000000be75100000,0x000000be75200000)]
  0x0000021cf33ba800 JavaThread "Service Thread" daemon [_thread_blocked, id=7244, stack(0x000000be75200000,0x000000be75300000)]
  0x0000021cf4689800 JavaThread "Daemon health stats" [_thread_blocked, id=5316, stack(0x000000be75500000,0x000000be75600000)]
  0x0000021cf48ea800 JavaThread "Incoming local TCP Connector on port 9568" [_thread_in_native, id=7340, stack(0x000000be75800000,0x000000be75900000)]
  0x0000021cf4b83000 JavaThread "Daemon periodic checks" [_thread_blocked, id=6368, stack(0x000000be75900000,0x000000be75a00000)]
  0x0000021cf43b7000 JavaThread "Daemon" [_thread_blocked, id=4876, stack(0x000000be75a00000,0x000000be75b00000)]
  0x0000021cf43d5800 JavaThread "Handler for socket connection from /127.0.0.1:9568 to /127.0.0.1:9569" [_thread_in_native, id=1852, stack(0x000000be75b00000,0x000000be75c00000)]
  0x0000021cf4743000 JavaThread "Cancel handler" [_thread_blocked, id=4736, stack(0x000000be75c00000,0x000000be75d00000)]
  0x0000021cf4743800 JavaThread "Daemon worker" [_thread_in_native, id=5204, stack(0x000000be75d00000,0x000000be75e00000)]
  0x0000021cf4f4b800 JavaThread "Asynchronous log dispatcher for DefaultDaemonConnection: socket connection from /127.0.0.1:9568 to /127.0.0.1:9569" [_thread_blocked, id=6756, stack(0x000000be75e00000,0x000000be75f00000)]
  0x0000021cf46a6800 JavaThread "Stdin handler" [_thread_blocked, id=8152, stack(0x000000be75f00000,0x000000be76000000)]
  0x0000021cf4648000 JavaThread "Thread-8" [_thread_blocked, id=8040, stack(0x000000be76000000,0x000000be76100000)]
  0x0000021cf4f46800 JavaThread "Cache worker for file hash cache (C:\Users\felip\.gradle\caches\6.7.1\fileHashes)" [_thread_blocked, id=2696, stack(0x000000be76100000,0x000000be76200000)]
  0x0000021cf4f48800 JavaThread "File lock request listener" [_thread_in_native, id=7016, stack(0x000000be76200000,0x000000be76300000)]
  0x0000021cf4f42800 JavaThread "Cache worker for journal cache (C:\Users\felip\.gradle\caches\journal-1)" [_thread_blocked, id=7496, stack(0x000000be76300000,0x000000be76400000)]
  0x0000021cf4f47800 JavaThread "Cache worker for file hash cache (C:\Users\felip\AndroidStudioProjects\TheMovieApp\.gradle\6.7.1\fileHashes)" [_thread_blocked, id=6752, stack(0x000000be76400000,0x000000be76500000)]
  0x0000021cf4f45000 JavaThread "Cache worker for checksums cache (C:\Users\felip\AndroidStudioProjects\TheMovieApp\.gradle\checksums)" [_thread_blocked, id=6092, stack(0x000000be76500000,0x000000be76600000)]
  0x0000021cf4f43800 JavaThread "Cache worker for cache directory md-supplier (C:\Users\felip\.gradle\caches\6.7.1\md-supplier)" [_thread_blocked, id=3032, stack(0x000000be76600000,0x000000be76700000)]
  0x0000021cf4f44000 JavaThread "Cache worker for cache directory md-rule (C:\Users\felip\.gradle\caches\6.7.1\md-rule)" [_thread_blocked, id=3620, stack(0x000000be76700000,0x000000be76800000)]
  0x0000021cf4f46000 JavaThread "Cache worker for execution history cache (C:\Users\felip\.gradle\caches\6.7.1\executionHistory)" [_thread_blocked, id=5512, stack(0x000000be76800000,0x000000be76900000)]
  0x0000021cf4f49000 JavaThread "jar transforms" [_thread_blocked, id=4296, stack(0x000000be76900000,0x000000be76a00000)]
  0x0000021cf5ca9000 JavaThread "Cache worker for file content cache (C:\Users\felip\.gradle\caches\6.7.1\fileContent)" [_thread_blocked, id=64, stack(0x000000be76a00000,0x000000be76b00000)]
  0x0000021cf5cac000 JavaThread "Cache worker for Build Output Cleanup Cache (C:\Users\felip\AndroidStudioProjects\TheMovieApp\.gradle\buildOutputCleanup)" [_thread_blocked, id=5852, stack(0x000000be76b00000,0x000000be76c00000)]
  0x0000021cf5cab800 JavaThread "Build operations" [_thread_blocked, id=3696, stack(0x000000be76c00000,0x000000be76d00000)]
  0x0000021cf5ca7800 JavaThread "Build operations Thread 2" [_thread_blocked, id=6452, stack(0x000000be76d00000,0x000000be76e00000)]
  0x0000021cf5cad000 JavaThread "jar transforms Thread 2" [_thread_blocked, id=2820, stack(0x000000be76e00000,0x000000be76f00000)]
  0x0000021cf5caf800 JavaThread "jar transforms Thread 3" [_thread_blocked, id=2448, stack(0x000000be76f00000,0x000000be77000000)]
  0x0000021cf5caa800 JavaThread "jar transforms Thread 4" [_thread_blocked, id=5352, stack(0x000000be77000000,0x000000be77100000)]
  0x0000021cf5ca9800 JavaThread "jar transforms Thread 5" [_thread_blocked, id=7768, stack(0x000000be77100000,0x000000be77200000)]
  0x0000021cf5cb1000 JavaThread "jar transforms Thread 6" [_thread_blocked, id=5816, stack(0x000000be77200000,0x000000be77300000)]
  0x0000021cf5cb0800 JavaThread "jar transforms Thread 7" [_thread_blocked, id=4640, stack(0x000000be77300000,0x000000be77400000)]
  0x0000021cf5cb2000 JavaThread "jar transforms Thread 8" [_thread_blocked, id=7536, stack(0x000000be77400000,0x000000be77500000)]
  0x0000021cf5cae800 JavaThread "jar transforms Thread 9" [_thread_blocked, id=5856, stack(0x000000be77500000,0x000000be77600000)]
  0x0000021cf5cb2800 JavaThread "jar transforms Thread 10" [_thread_blocked, id=7484, stack(0x000000be77600000,0x000000be77700000)]
  0x0000021cf5cb3800 JavaThread "jar transforms Thread 11" [_thread_blocked, id=6588, stack(0x000000be77700000,0x000000be77800000)]
  0x0000021cf5cae000 JavaThread "jar transforms Thread 12" [_thread_blocked, id=3976, stack(0x000000be77800000,0x000000be77900000)]
  0x0000021cf5cb4800 JavaThread "jar transforms Thread 13" [_thread_blocked, id=7404, stack(0x000000be77900000,0x000000be77a00000)]
  0x0000021cf5cb5000 JavaThread "jar transforms Thread 14" [_thread_blocked, id=6964, stack(0x000000be77a00000,0x000000be77b00000)]
  0x0000021cf5cb6000 JavaThread "jar transforms Thread 15" [_thread_blocked, id=5052, stack(0x000000be77b00000,0x000000be77c00000)]
  0x0000021cf7a01800 JavaThread "jar transforms Thread 16" [_thread_blocked, id=3060, stack(0x000000be77c00000,0x000000be77d00000)]
  0x0000021cf7a00800 JavaThread "jar transforms Thread 17" [_thread_blocked, id=7948, stack(0x000000be77d00000,0x000000be77e00000)]
  0x0000021cf79fe000 JavaThread "jar transforms Thread 18" [_thread_blocked, id=484, stack(0x000000be77e00000,0x000000be77f00000)]
  0x0000021cf79ff000 JavaThread "jar transforms Thread 19" [_thread_blocked, id=572, stack(0x000000be77f00000,0x000000be78000000)]
  0x0000021cf7a02800 JavaThread "jar transforms Thread 20" [_thread_blocked, id=928, stack(0x000000be78000000,0x000000be78100000)]
  0x0000021cf7a00000 JavaThread "jar transforms Thread 21" [_thread_blocked, id=4528, stack(0x000000be78100000,0x000000be78200000)]
  0x0000021cf79fc800 JavaThread "jar transforms Thread 22" [_thread_blocked, id=6704, stack(0x000000be78200000,0x000000be78300000)]
  0x0000021cf7a03000 JavaThread "jar transforms Thread 23" [_thread_blocked, id=3024, stack(0x000000be78300000,0x000000be78400000)]
  0x0000021cf79fd800 JavaThread "jar transforms Thread 24" [_thread_blocked, id=4156, stack(0x000000be78400000,0x000000be78500000)]
  0x0000021cf7a09000 JavaThread "jar transforms Thread 25" [_thread_blocked, id=6696, stack(0x000000be78500000,0x000000be78600000)]
  0x0000021cf7a06800 JavaThread "jar transforms Thread 26" [_thread_blocked, id=3268, stack(0x000000be78600000,0x000000be78700000)]
  0x0000021cf7a05800 JavaThread "jar transforms Thread 27" [_thread_blocked, id=6980, stack(0x000000be78700000,0x000000be78800000)]
  0x0000021cf7a07000 JavaThread "jar transforms Thread 28" [_thread_blocked, id=5140, stack(0x000000be78800000,0x000000be78900000)]
  0x0000021cf7a08000 JavaThread "jar transforms Thread 29" [_thread_blocked, id=7952, stack(0x000000be78900000,0x000000be78a00000)]
  0x0000021cf7a09800 JavaThread "jar transforms Thread 30" [_thread_blocked, id=1804, stack(0x000000be78a00000,0x000000be78b00000)]
  0x0000021cf7a04000 JavaThread "jar transforms Thread 31" [_thread_blocked, id=6304, stack(0x000000be78b00000,0x000000be78c00000)]
  0x0000021cf7a0a800 JavaThread "jar transforms Thread 32" [_thread_blocked, id=2912, stack(0x000000be78c00000,0x000000be78d00000)]
  0x0000021cf7a04800 JavaThread "jar transforms Thread 33" [_thread_blocked, id=5032, stack(0x000000be78d00000,0x000000be78e00000)]
  0x0000021cf7a0b800 JavaThread "jar transforms Thread 34" [_thread_blocked, id=4852, stack(0x000000be78e00000,0x000000be78f00000)]
  0x0000021cf3790800 JavaThread "jar transforms Thread 35" [_thread_blocked, id=4256, stack(0x000000be78f00000,0x000000be79000000)]
  0x0000021cf3793000 JavaThread "jar transforms Thread 36" [_thread_blocked, id=5176, stack(0x000000be79000000,0x000000be79100000)]
  0x0000021cf3794000 JavaThread "jar transforms Thread 37" [_thread_blocked, id=7900, stack(0x000000be79100000,0x000000be79200000)]
  0x0000021cf3794800 JavaThread "jar transforms Thread 38" [_thread_blocked, id=3420, stack(0x000000be79200000,0x000000be79300000)]
  0x0000021cf3795800 JavaThread "jar transforms Thread 39" [_thread_blocked, id=1248, stack(0x000000be79300000,0x000000be79400000)]
  0x0000021cf3792000 JavaThread "jar transforms Thread 40" [_thread_blocked, id=1932, stack(0x000000be79400000,0x000000be79500000)]
  0x0000021cf3796000 JavaThread "jar transforms Thread 41" [_thread_blocked, id=1052, stack(0x000000be79500000,0x000000be79600000)]
  0x0000021cf3797000 JavaThread "jar transforms Thread 42" [_thread_blocked, id=2920, stack(0x000000be79600000,0x000000be79700000)]
  0x0000021cf3791800 JavaThread "jar transforms Thread 43" [_thread_blocked, id=820, stack(0x000000be79700000,0x000000be79800000)]
  0x0000021cf3798800 JavaThread "jar transforms Thread 44" [_thread_blocked, id=7096, stack(0x000000be79800000,0x000000be79900000)]
  0x0000021cf3799800 JavaThread "jar transforms Thread 45" [_thread_blocked, id=812, stack(0x000000be79900000,0x000000be79a00000)]
  0x0000021cf379a800 JavaThread "jar transforms Thread 46" [_thread_blocked, id=7600, stack(0x000000be79a00000,0x000000be79b00000)]
  0x0000021cf379b000 JavaThread "jar transforms Thread 47" [_thread_blocked, id=7172, stack(0x000000be79b00000,0x000000be79c00000)]
  0x0000021cf379c000 JavaThread "jar transforms Thread 48" [_thread_blocked, id=5520, stack(0x000000be79c00000,0x000000be79d00000)]
  0x0000021cf379d000 JavaThread "jar transforms Thread 49" [_thread_blocked, id=4052, stack(0x000000be79d00000,0x000000be79e00000)]
  0x0000021cf379d800 JavaThread "jar transforms Thread 50" [_thread_blocked, id=2452, stack(0x000000be79e00000,0x000000be79f00000)]
  0x0000021cf3798000 JavaThread "jar transforms Thread 51" [_thread_blocked, id=6796, stack(0x000000be79f00000,0x000000be7a000000)]
  0x0000021cf379e800 JavaThread "jar transforms Thread 52" [_thread_blocked, id=6972, stack(0x000000be7a000000,0x000000be7a100000)]
  0x0000021cf379f000 JavaThread "jar transforms Thread 53" [_thread_blocked, id=7380, stack(0x000000be7a100000,0x000000be7a200000)]
  0x0000021cf5c20000 JavaThread "jar transforms Thread 54" [_thread_blocked, id=4588, stack(0x000000be7a200000,0x000000be7a300000)]
  0x0000021cf5c1d800 JavaThread "jar transforms Thread 55" [_thread_blocked, id=7232, stack(0x000000be7a300000,0x000000be7a400000)]
  0x0000021cf5c1e800 JavaThread "jar transforms Thread 56" [_thread_blocked, id=3756, stack(0x000000be7a400000,0x000000be7a500000)]
  0x0000021cf5c1f000 JavaThread "jar transforms Thread 57" [_thread_blocked, id=2032, stack(0x000000be7a500000,0x000000be7a600000)]
  0x0000021cf5c21000 JavaThread "jar transforms Thread 58" [_thread_blocked, id=7412, stack(0x000000be7a600000,0x000000be7a700000)]
  0x0000021cf5c21800 JavaThread "jar transforms Thread 59" [_thread_blocked, id=4560, stack(0x000000be7a700000,0x000000be7a800000)]
  0x0000021cf5c1c000 JavaThread "jar transforms Thread 60" [_thread_blocked, id=6884, stack(0x000000be7a800000,0x000000be7a900000)]
  0x0000021cf5c22800 JavaThread "jar transforms Thread 61" [_thread_blocked, id=8072, stack(0x000000be7a900000,0x000000be7aa00000)]
  0x0000021cf5c1d000 JavaThread "jar transforms Thread 62" [_thread_blocked, id=4324, stack(0x000000be7aa00000,0x000000be7ab00000)]
  0x0000021cf5c23800 JavaThread "jar transforms Thread 63" [_thread_blocked, id=7712, stack(0x000000be7ab00000,0x000000be7ac00000)]
  0x0000021cf5c24000 JavaThread "jar transforms Thread 64" [_thread_blocked, id=1668, stack(0x000000be7ac00000,0x000000be7ad00000)]
  0x0000021cf5c29000 JavaThread "jar transforms Thread 65" [_thread_blocked, id=7984, stack(0x000000be7ad00000,0x000000be7ae00000)]
  0x0000021cf5c26800 JavaThread "jar transforms Thread 66" [_thread_blocked, id=5496, stack(0x000000be7ae00000,0x000000be7af00000)]
  0x0000021cf5c2a000 JavaThread "jar transforms Thread 67" [_thread_blocked, id=7736, stack(0x000000be7af00000,0x000000be7b000000)]
  0x0000021cf5c28000 JavaThread "jar transforms Thread 68" [_thread_blocked, id=8184, stack(0x000000be7b000000,0x000000be7b100000)]
  0x0000021cf5c2a800 JavaThread "jar transforms Thread 69" [_thread_blocked, id=5564, stack(0x000000be7b100000,0x000000be7b200000)]
  0x0000021cf5c25000 JavaThread "jar transforms Thread 70" [_thread_blocked, id=4936, stack(0x000000be7b200000,0x000000be7b300000)]
  0x0000021cf5c26000 JavaThread "jar transforms Thread 71" [_thread_blocked, id=1544, stack(0x000000be7b300000,0x000000be7b400000)]
  0x0000021cf5c27800 JavaThread "jar transforms Thread 72" [_thread_blocked, id=7500, stack(0x000000be7b400000,0x000000be7b500000)]
  0x0000021cf3d63000 JavaThread "jar transforms Thread 73" [_thread_blocked, id=5408, stack(0x000000be7b500000,0x000000be7b600000)]
  0x0000021cf3d68000 JavaThread "jar transforms Thread 74" [_thread_blocked, id=2796, stack(0x000000be7b600000,0x000000be7b700000)]
  0x0000021cf3d64800 JavaThread "jar transforms Thread 75" [_thread_blocked, id=6864, stack(0x000000be7b700000,0x000000be7b800000)]
  0x0000021cf3d62000 JavaThread "jar transforms Thread 76" [_thread_blocked, id=5612, stack(0x000000be7b800000,0x000000be7b900000)]
  0x0000021cf3d65800 JavaThread "jar transforms Thread 77" [_thread_blocked, id=5304, stack(0x000000be7b900000,0x000000be7ba00000)]
  0x0000021cf3d69800 JavaThread "jar transforms Thread 78" [_thread_blocked, id=7216, stack(0x000000be7ba00000,0x000000be7bb00000)]
  0x0000021cf3d64000 JavaThread "jar transforms Thread 79" [_thread_blocked, id=2680, stack(0x000000be7bb00000,0x000000be7bc00000)]
  0x0000021cf3d68800 JavaThread "jar transforms Thread 80" [_thread_blocked, id=5732, stack(0x000000be7bc00000,0x000000be7bd00000)]
  0x0000021cf3d6a800 JavaThread "jar transforms Thread 81" [_thread_blocked, id=7292, stack(0x000000be7bd00000,0x000000be7be00000)]
  0x0000021cf3d67000 JavaThread "jar transforms Thread 82" [_thread_blocked, id=7256, stack(0x000000be7be00000,0x000000be7bf00000)]
  0x0000021cf3d6b000 JavaThread "jar transforms Thread 83" [_thread_blocked, id=2080, stack(0x000000be7bf00000,0x000000be7c000000)]
  0x0000021cf3d6c000 JavaThread "jar transforms Thread 84" [_thread_blocked, id=7932, stack(0x000000be7c000000,0x000000be7c100000)]
  0x0000021cf3d66800 JavaThread "jar transforms Thread 85" [_thread_blocked, id=4240, stack(0x000000be7c100000,0x000000be7c200000)]
  0x0000021cf3d6d800 JavaThread "jar transforms Thread 86" [_thread_blocked, id=5560, stack(0x000000be7c200000,0x000000be7c300000)]
  0x0000021cf3d6d000 JavaThread "jar transforms Thread 87" [_thread_blocked, id=1236, stack(0x000000be7c300000,0x000000be7c400000)]
  0x0000021cf3d6f000 JavaThread "jar transforms Thread 88" [_thread_blocked, id=7264, stack(0x000000be7c400000,0x000000be7c500000)]
  0x0000021cf3d6e800 JavaThread "jar transforms Thread 89" [_thread_blocked, id=6548, stack(0x000000be7c500000,0x000000be7c600000)]
  0x0000021cf3d70000 JavaThread "jar transforms Thread 90" [_thread_blocked, id=1116, stack(0x000000be7c600000,0x000000be7c700000)]
  0x0000021cf3d71000 JavaThread "jar transforms Thread 91" [_thread_blocked, id=6564, stack(0x000000be7c700000,0x000000be7c800000)]
  0x0000021cf3df7000 JavaThread "jar transforms Thread 92" [_thread_blocked, id=4972, stack(0x000000be7c800000,0x000000be7c900000)]
  0x0000021cf3df4800 JavaThread "jar transforms Thread 93" [_thread_blocked, id=4756, stack(0x000000be7c900000,0x000000be7ca00000)]
  0x0000021cf3df6000 JavaThread "jar transforms Thread 94" [_thread_blocked, id=1896, stack(0x000000be7ca00000,0x000000be7cb00000)]
  0x0000021cf3df8000 JavaThread "jar transforms Thread 95" [_thread_blocked, id=276, stack(0x000000be7cb00000,0x000000be7cc00000)]
  0x0000021cf3df2000 JavaThread "jar transforms Thread 96" [_thread_blocked, id=5424, stack(0x000000be7cc00000,0x000000be7cd00000)]
  0x0000021cf3df8800 JavaThread "jar transforms Thread 97" [_thread_blocked, id=7568, stack(0x000000be7cd00000,0x000000be7ce00000)]
  0x0000021cf3df5800 JavaThread "jar transforms Thread 98" [_thread_blocked, id=1984, stack(0x000000be7ce00000,0x000000be7cf00000)]
  0x0000021cf3df3000 JavaThread "jar transforms Thread 99" [_thread_blocked, id=4200, stack(0x000000be7cf00000,0x000000be7d000000)]
  0x0000021cf3df9800 JavaThread "jar transforms Thread 100" [_thread_blocked, id=5876, stack(0x000000be7d000000,0x000000be7d100000)]
  0x0000021cf3df4000 JavaThread "jar transforms Thread 101" [_thread_blocked, id=1456, stack(0x000000be7d100000,0x000000be7d200000)]
  0x0000021cf3dfd000 JavaThread "jar transforms Thread 102" [_thread_blocked, id=5092, stack(0x000000be7d200000,0x000000be7d300000)]
  0x0000021cf3dfc000 JavaThread "jar transforms Thread 103" [_thread_blocked, id=3752, stack(0x000000be7d300000,0x000000be7d400000)]
  0x0000021cf3dfa800 JavaThread "jar transforms Thread 104" [_thread_blocked, id=7976, stack(0x000000be7d400000,0x000000be7d500000)]
  0x0000021cf3e00000 JavaThread "jar transforms Thread 105" [_thread_blocked, id=6220, stack(0x000000be7d500000,0x000000be7d600000)]
  0x0000021cf3dfb000 JavaThread "jar transforms Thread 106" [_thread_blocked, id=5568, stack(0x000000be7d600000,0x000000be7d700000)]
  0x0000021cf3dfd800 JavaThread "jar transforms Thread 107" [_thread_blocked, id=8116, stack(0x000000be7d700000,0x000000be7d800000)]
  0x0000021cf3dfe800 JavaThread "jar transforms Thread 108" [_thread_blocked, id=3344, stack(0x000000be7d800000,0x000000be7d900000)]
  0x0000021cf3dff000 JavaThread "jar transforms Thread 109" [_thread_blocked, id=3456, stack(0x000000be7d900000,0x000000be7da00000)]
  0x0000021cf3e01000 JavaThread "jar transforms Thread 110" [_thread_blocked, id=6012, stack(0x000000be7da00000,0x000000be7db00000)]
  0x0000021cf5305800 JavaThread "jar transforms Thread 111" [_thread_blocked, id=32, stack(0x000000be7db00000,0x000000be7dc00000)]
  0x0000021cf5308000 JavaThread "jar transforms Thread 112" [_thread_blocked, id=6056, stack(0x000000be7dc00000,0x000000be7dd00000)]
  0x0000021cf5303000 JavaThread "jar transforms Thread 113" [_thread_blocked, id=1760, stack(0x000000be7dd00000,0x000000be7de00000)]
  0x0000021cf5302800 JavaThread "jar transforms Thread 114" [_thread_blocked, id=6172, stack(0x000000be7de00000,0x000000be7df00000)]
  0x0000021cf5304000 JavaThread "jar transforms Thread 115" [_thread_blocked, id=7616, stack(0x000000be7df00000,0x000000be7e000000)]
  0x0000021cf530a800 JavaThread "jar transforms Thread 116" [_thread_blocked, id=6060, stack(0x000000be7e000000,0x000000be7e100000)]
  0x0000021cf5306800 JavaThread "Memory manager" [_thread_blocked, id=7696, stack(0x000000be7e100000,0x000000be7e200000)]

Other Threads:
  0x0000021cf2890000 VMThread "VM Thread" [stack: 0x000000be74900000,0x000000be74a00000] [id=3968]
  0x0000021cf33bc000 WatcherThread [stack: 0x000000be75300000,0x000000be75400000] [id=5516]
  0x0000021cd9398000 GCTaskThread "GC Thread#0" [stack: 0x000000be74400000,0x000000be74500000] [id=6852]
  0x0000021cf3601000 GCTaskThread "GC Thread#1" [stack: 0x000000be75400000,0x000000be75500000] [id=5532]
  0x0000021cd93ca800 ConcurrentGCThread "G1 Main Marker" [stack: 0x000000be74500000,0x000000be74600000] [id=1900]
  0x0000021cd93cc000 ConcurrentGCThread "G1 Conc#0" [stack: 0x000000be74600000,0x000000be74700000] [id=4440]
  0x0000021cd941e800 ConcurrentGCThread "G1 Refine#0" [stack: 0x000000be74700000,0x000000be74800000] [id=7120]
  0x0000021cd9421000 ConcurrentGCThread "G1 Young RemSet Sampling" [stack: 0x000000be74800000,0x000000be74900000] [id=1832]

Threads with active compile tasks:
C2 CompilerThread0  42061 5268 % !   4       java.util.jar.Attributes::read @ 185 (388 bytes)

VM state:not at safepoint (normal execution)

VM Mutex/Monitor currently owned by a thread: None

Heap address: 0x0000000080000000, size: 2048 MB, Compressed Oops mode: 32-bit
Narrow klass base: 0x0000000000000000, Narrow klass shift: 3
Compressed class space size: 1073741824 Address: 0x0000000100000000

Heap:
 garbage-first heap   total 78848K, used 49529K [0x0000000080000000, 0x0000000100000000)
  region size 1024K, 4 young (4096K), 3 survivors (3072K)
 Metaspace       used 56605K, capacity 58014K, committed 58240K, reserved 1099776K
  class space    used 7182K, capacity 7728K, committed 7808K, reserved 1048576K
Heap Regions: E=young(eden), S=young(survivor), O=old, HS=humongous(starts), HC=humongous(continues), CS=collection set, F=free, A=archive, TAMS=top-at-mark-start (previous, next)
|   0|0x0000000080000000, 0x0000000080100000, 0x0000000080100000|100%| O|  |TAMS 0x0000000080100000, 0x0000000080000000| Updating 
|   1|0x0000000080100000, 0x0000000080200000, 0x0000000080200000|100%| O|  |TAMS 0x0000000080200000, 0x0000000080100000| Updating 
|   2|0x0000000080200000, 0x0000000080300000, 0x0000000080300000|100%| O|  |TAMS 0x0000000080300000, 0x0000000080200000| Updating 
|   3|0x0000000080300000, 0x0000000080400000, 0x0000000080400000|100%| O|  |TAMS 0x0000000080400000, 0x0000000080300000| Updating 
|   4|0x0000000080400000, 0x0000000080500000, 0x0000000080500000|100%|HS|  |TAMS 0x0000000080500000, 0x0000000080400000| Complete 
|   5|0x0000000080500000, 0x0000000080600000, 0x0000000080600000|100%|HC|  |TAMS 0x0000000080600000, 0x0000000080500000| Complete 
|   6|0x0000000080600000, 0x0000000080700000, 0x0000000080700000|100%|HC|  |TAMS 0x0000000080700000, 0x0000000080600000| Complete 
|   7|0x0000000080700000, 0x0000000080800000, 0x0000000080800000|100%| O|  |TAMS 0x0000000080800000, 0x0000000080700000| Updating 
|   8|0x0000000080800000, 0x0000000080900000, 0x0000000080900000|100%| O|  |TAMS 0x0000000080900000, 0x0000000080800000| Updating 
|   9|0x0000000080900000, 0x0000000080a00000, 0x0000000080a00000|100%| O|  |TAMS 0x0000000080a00000, 0x0000000080900000| Updating 
|  10|0x0000000080a00000, 0x0000000080b00000, 0x0000000080b00000|100%| O|  |TAMS 0x0000000080b00000, 0x0000000080a00000| Updating 
|  11|0x0000000080b00000, 0x0000000080c00000, 0x0000000080c00000|100%| O|  |TAMS 0x0000000080c00000, 0x0000000080b00000| Updating 
|  12|0x0000000080c00000, 0x0000000080d00000, 0x0000000080d00000|100%| O|  |TAMS 0x0000000080d00000, 0x0000000080c00000| Updating 
|  13|0x0000000080d00000, 0x0000000080e00000, 0x0000000080e00000|100%| O|  |TAMS 0x0000000080e00000, 0x0000000080d00000| Updating 
|  14|0x0000000080e00000, 0x0000000080f00000, 0x0000000080f00000|100%| O|  |TAMS 0x0000000080f00000, 0x0000000080e00000| Updating 
|  15|0x0000000080f00000, 0x0000000081000000, 0x0000000081000000|100%| O|  |TAMS 0x0000000081000000, 0x0000000080f00000| Updating 
|  16|0x0000000081000000, 0x0000000081100000, 0x0000000081100000|100%| O|  |TAMS 0x0000000081100000, 0x0000000081000000| Updating 
|  17|0x0000000081100000, 0x0000000081200000, 0x0000000081200000|100%| O|  |TAMS 0x0000000081200000, 0x0000000081100000| Updating 
|  18|0x0000000081200000, 0x0000000081300000, 0x0000000081300000|100%| O|  |TAMS 0x0000000081300000, 0x0000000081200000| Updating 
|  19|0x0000000081300000, 0x0000000081400000, 0x0000000081400000|100%| O|  |TAMS 0x0000000081400000, 0x0000000081300000| Updating 
|  20|0x0000000081400000, 0x0000000081500000, 0x0000000081500000|100%| O|  |TAMS 0x0000000081500000, 0x0000000081400000| Updating 
|  21|0x0000000081500000, 0x0000000081600000, 0x0000000081600000|100%| O|  |TAMS 0x0000000081600000, 0x0000000081500000| Updating 
|  22|0x0000000081600000, 0x0000000081700000, 0x0000000081700000|100%| O|  |TAMS 0x0000000081700000, 0x0000000081600000| Updating 
|  23|0x0000000081700000, 0x0000000081800000, 0x0000000081800000|100%| O|  |TAMS 0x0000000081800000, 0x0000000081700000| Updating 
|  24|0x0000000081800000, 0x0000000081900000, 0x0000000081900000|100%| O|  |TAMS 0x0000000081900000, 0x0000000081800000| Updating 
|  25|0x0000000081900000, 0x0000000081a00000, 0x0000000081a00000|100%| O|  |TAMS 0x0000000081a00000, 0x0000000081900000| Updating 
|  26|0x0000000081a00000, 0x0000000081b00000, 0x0000000081b00000|100%| O|  |TAMS 0x0000000081b00000, 0x0000000081a00000| Updating 
|  27|0x0000000081b00000, 0x0000000081c00000, 0x0000000081c00000|100%|HS|  |TAMS 0x0000000081c00000, 0x0000000081b00000| Complete 
|  28|0x0000000081c00000, 0x0000000081d00000, 0x0000000081d00000|100%|HS|  |TAMS 0x0000000081d00000, 0x0000000081c00000| Complete 
|  29|0x0000000081d00000, 0x0000000081e00000, 0x0000000081e00000|100%|HC|  |TAMS 0x0000000081e00000, 0x0000000081d00000| Complete 
|  30|0x0000000081e00000, 0x0000000081f00000, 0x0000000081f00000|100%|HC|  |TAMS 0x0000000081f00000, 0x0000000081e00000| Complete 
|  31|0x0000000081f00000, 0x0000000082000000, 0x0000000082000000|100%|HS|  |TAMS 0x0000000082000000, 0x0000000081f00000| Complete 
|  32|0x0000000082000000, 0x0000000082100000, 0x0000000082100000|100%|HC|  |TAMS 0x0000000082100000, 0x0000000082000000| Complete 
|  33|0x0000000082100000, 0x0000000082200000, 0x0000000082200000|100%| O|  |TAMS 0x0000000082200000, 0x0000000082100000| Updating 
|  34|0x0000000082200000, 0x0000000082300000, 0x0000000082300000|100%| O|  |TAMS 0x0000000082300000, 0x0000000082200000| Updating 
|  35|0x0000000082300000, 0x0000000082400000, 0x0000000082400000|100%| O|  |TAMS 0x0000000082400000, 0x0000000082300000| Updating 
|  36|0x0000000082400000, 0x0000000082500000, 0x0000000082500000|100%| O|  |TAMS 0x0000000082500000, 0x0000000082400000| Updating 
|  37|0x0000000082500000, 0x0000000082600000, 0x0000000082600000|100%| O|  |TAMS 0x0000000082600000, 0x0000000082500000| Updating 
|  38|0x0000000082600000, 0x0000000082700000, 0x0000000082700000|100%| O|  |TAMS 0x0000000082700000, 0x0000000082600000| Updating 
|  39|0x0000000082700000, 0x0000000082800000, 0x0000000082800000|100%| O|  |TAMS 0x0000000082800000, 0x0000000082700000| Updating 
|  40|0x0000000082800000, 0x0000000082900000, 0x0000000082900000|100%| O|  |TAMS 0x0000000082900000, 0x0000000082800000| Updating 
|  41|0x0000000082900000, 0x0000000082a00000, 0x0000000082a00000|100%| O|  |TAMS 0x0000000082a00000, 0x0000000082900000| Updating 
|  42|0x0000000082a00000, 0x0000000082b00000, 0x0000000082b00000|100%| O|  |TAMS 0x0000000082b00000, 0x0000000082a00000| Updating 
|  43|0x0000000082b00000, 0x0000000082c00000, 0x0000000082c00000|100%| O|  |TAMS 0x0000000082c00000, 0x0000000082b00000| Updating 
|  44|0x0000000082c00000, 0x0000000082c5e600, 0x0000000082d00000| 36%| O|  |TAMS 0x0000000082c5e600, 0x0000000082c00000| Updating 
|  45|0x0000000082d00000, 0x0000000082d00000, 0x0000000082e00000|  0%| F|  |TAMS 0x0000000082d00000, 0x0000000082d00000| Untracked 
|  46|0x0000000082e00000, 0x0000000082e00000, 0x0000000082f00000|  0%| F|  |TAMS 0x0000000082e00000, 0x0000000082e00000| Untracked 
|  47|0x0000000082f00000, 0x0000000082f00000, 0x0000000083000000|  0%| F|  |TAMS 0x0000000082f00000, 0x0000000082f00000| Untracked 
|  48|0x0000000083000000, 0x0000000083100000, 0x0000000083100000|100%| O|  |TAMS 0x0000000083100000, 0x0000000083000000| Updating 
|  49|0x0000000083100000, 0x0000000083100000, 0x0000000083200000|  0%| F|  |TAMS 0x0000000083100000, 0x0000000083100000| Untracked 
|  50|0x0000000083200000, 0x0000000083200000, 0x0000000083300000|  0%| F|  |TAMS 0x0000000083200000, 0x0000000083200000| Untracked 
|  51|0x0000000083300000, 0x0000000083300000, 0x0000000083400000|  0%| F|  |TAMS 0x0000000083300000, 0x0000000083300000| Untracked 
|  52|0x0000000083400000, 0x0000000083400000, 0x0000000083500000|  0%| F|  |TAMS 0x0000000083400000, 0x0000000083400000| Untracked 
|  53|0x0000000083500000, 0x0000000083500000, 0x0000000083600000|  0%| F|  |TAMS 0x0000000083500000, 0x0000000083500000| Untracked 
|  54|0x0000000083600000, 0x0000000083600000, 0x0000000083700000|  0%| F|  |TAMS 0x0000000083600000, 0x0000000083600000| Untracked 
|  55|0x0000000083700000, 0x0000000083700000, 0x0000000083800000|  0%| F|  |TAMS 0x0000000083700000, 0x0000000083700000| Untracked 
|  56|0x0000000083800000, 0x0000000083900000, 0x0000000083900000|100%| S|CS|TAMS 0x0000000083800000, 0x0000000083800000| Complete 
|  57|0x0000000083900000, 0x0000000083900000, 0x0000000083a00000|  0%| F|  |TAMS 0x0000000083900000, 0x0000000083900000| Untracked 
|  58|0x0000000083a00000, 0x0000000083a00000, 0x0000000083b00000|  0%| F|  |TAMS 0x0000000083a00000, 0x0000000083a00000| Untracked 
|  59|0x0000000083b00000, 0x0000000083c00000, 0x0000000083c00000|100%| S|CS|TAMS 0x0000000083b00000, 0x0000000083b00000| Complete 
|  60|0x0000000083c00000, 0x0000000083c00000, 0x0000000083d00000|  0%| F|  |TAMS 0x0000000083c00000, 0x0000000083c00000| Untracked 
|  61|0x0000000083d00000, 0x0000000083e00000, 0x0000000083e00000|100%| S|CS|TAMS 0x0000000083d00000, 0x0000000083d00000| Complete 
|  62|0x0000000083e00000, 0x0000000083e00000, 0x0000000083f00000|  0%| F|  |TAMS 0x0000000083e00000, 0x0000000083e00000| Untracked 
|  63|0x0000000083f00000, 0x0000000083f00000, 0x0000000084000000|  0%| F|  |TAMS 0x0000000083f00000, 0x0000000083f00000| Untracked 
|  64|0x0000000084000000, 0x0000000084000000, 0x0000000084100000|  0%| F|  |TAMS 0x0000000084000000, 0x0000000084000000| Untracked 
|  65|0x0000000084100000, 0x0000000084100000, 0x0000000084200000|  0%| F|  |TAMS 0x0000000084100000, 0x0000000084100000| Untracked 
|  66|0x0000000084200000, 0x0000000084200000, 0x0000000084300000|  0%| F|  |TAMS 0x0000000084200000, 0x0000000084200000| Untracked 
|  67|0x0000000084300000, 0x0000000084300000, 0x0000000084400000|  0%| F|  |TAMS 0x0000000084300000, 0x0000000084300000| Untracked 
|  68|0x0000000084400000, 0x0000000084400000, 0x0000000084500000|  0%| F|  |TAMS 0x0000000084400000, 0x0000000084400000| Untracked 
|  69|0x0000000084500000, 0x0000000084500000, 0x0000000084600000|  0%| F|  |TAMS 0x0000000084500000, 0x0000000084500000| Untracked 
|  70|0x0000000084600000, 0x0000000084600000, 0x0000000084700000|  0%| F|  |TAMS 0x0000000084600000, 0x0000000084600000| Untracked 
|  71|0x0000000084700000, 0x0000000084700000, 0x0000000084800000|  0%| F|  |TAMS 0x0000000084700000, 0x0000000084700000| Untracked 
|  72|0x0000000084800000, 0x0000000084800000, 0x0000000084900000|  0%| F|  |TAMS 0x0000000084800000, 0x0000000084800000| Untracked 
|  73|0x0000000084900000, 0x0000000084900000, 0x0000000084a00000|  0%| F|  |TAMS 0x0000000084900000, 0x0000000084900000| Untracked 
|  74|0x0000000084a00000, 0x0000000084a00000, 0x0000000084b00000|  0%| F|  |TAMS 0x0000000084a00000, 0x0000000084a00000| Untracked 
|  75|0x0000000084b00000, 0x0000000084b00000, 0x0000000084c00000|  0%| F|  |TAMS 0x0000000084b00000, 0x0000000084b00000| Untracked 
|  76|0x0000000084c00000, 0x0000000084cd3a60, 0x0000000084d00000| 82%| E|  |TAMS 0x0000000084c00000, 0x0000000084c00000| Complete 

Card table byte_map: [0x0000021cebd00000,0x0000021cec100000] _byte_map_base: 0x0000021ceb900000

Marking Bits (Prev, Next): (CMBitMap*) 0x0000021cd93c1a50, (CMBitMap*) 0x0000021cd93c1a18
 Prev Bits: [0x0000021cee500000, 0x0000021cf0500000)
 Next Bits: [0x0000021cec500000, 0x0000021cee500000)

Polling page: 0x0000021cd7230000

Metaspace:

Usage:
  Non-class:     49.11 MB capacity,    48.27 MB ( 98%) used,   733.77 KB (  1%) free+waste,   128.81 KB ( <1%) overhead. 
      Class:      7.55 MB capacity,     7.01 MB ( 93%) used,   484.33 KB (  6%) free+waste,    61.25 KB ( <1%) overhead. 
       Both:     56.65 MB capacity,    55.28 MB ( 98%) used,     1.19 MB (  2%) free+waste,   190.06 KB ( <1%) overhead. 

Virtual space:
  Non-class space:       50.00 MB reserved,      49.25 MB ( 99%) committed 
      Class space:        1.00 GB reserved,       7.63 MB ( <1%) committed 
             Both:        1.05 GB reserved,      56.88 MB (  5%) committed 

Chunk freelists:
   Non-Class:  18.00 KB
       Class:  16.00 KB
        Both:  34.00 KB

MaxMetaspaceSize: 17179869184.00 GB
CompressedClassSpaceSize: 1.00 GB

CodeHeap 'non-profiled nmethods': size=120064Kb used=2440Kb max_used=2440Kb free=117623Kb
 bounds [0x0000021ce47c0000, 0x0000021ce4a30000, 0x0000021cebd00000]
CodeHeap 'profiled nmethods': size=120000Kb used=11084Kb max_used=11084Kb free=108915Kb
 bounds [0x0000021cdd290000, 0x0000021cddd70000, 0x0000021ce47c0000]
CodeHeap 'non-nmethods': size=5696Kb used=2212Kb max_used=2244Kb free=3483Kb
 bounds [0x0000021cdcd00000, 0x0000021cdcf70000, 0x0000021cdd290000]
 total_blobs=5862 nmethods=5063 adapters=711
 compilation: enabled
              stopped_count=0, restarted_count=0
 full_count=0

Compilation events (20 events):
Event: 41.373 Thread 0x0000021cf2902000 5282       2       org.objectweb.asm.Frame::addInitializedType (77 bytes)
Event: 41.374 Thread 0x0000021cf2902000 nmethod 5282 0x0000021cdd580f10 code [0x0000021cdd5810e0, 0x0000021cdd5814e8]
Event: 41.375 Thread 0x0000021cf2902000 5283       2       org.gradle.internal.instantiation.generator.ManagedObjectFactory::attachOwner (24 bytes)
Event: 41.376 Thread 0x0000021cf2902000 nmethod 5283 0x0000021cdd580a10 code [0x0000021cdd580be0, 0x0000021cdd580dd8]
Event: 41.379 Thread 0x0000021cf2902000 5284       2       org.gradle.internal.instantiation.generator.ManagedObjectFactory::getObjectFactory (15 bytes)
Event: 41.380 Thread 0x0000021cf2902000 nmethod 5284 0x0000021cdd5cee90 code [0x0000021cdd5cf040, 0x0000021cdd5cf1a8]
Event: 41.380 Thread 0x0000021cf2902000 5285       2       org.gradle.internal.instantiation.generator.ManagedObjectFactory$ManagedPropertyName::<init> (15 bytes)
Event: 41.381 Thread 0x0000021cf2902000 nmethod 5285 0x0000021cdd5d2e10 code [0x0000021cdd5d2fc0, 0x0000021cdd5d3158]
Event: 41.381 Thread 0x0000021cf2902000 5286       2       org.gradle.api.internal.provider.AbstractProperty::attachOwner (6 bytes)
Event: 41.381 Thread 0x0000021cf2902000 nmethod 5286 0x0000021cdd4c8490 code [0x0000021cdd4c8640, 0x0000021cdd4c8778]
Event: 41.385 Thread 0x0000021cf2902000 5287 %     3       org.gradle.internal.instantiation.generator.AbstractClassGenerator::inspectType @ 107 (560 bytes)
Event: 41.393 Thread 0x0000021cf2902000 nmethod 5287% 0x0000021cddd52d10 code [0x0000021cddd53540, 0x0000021cddd58b28]
Event: 41.393 Thread 0x0000021cf2902000 5288       3       org.gradle.internal.instantiation.generator.AbstractClassGenerator::inspectType (560 bytes)
Event: 41.403 Thread 0x0000021cf2902000 nmethod 5288 0x0000021cddd5a510 code [0x0000021cddd5ad40, 0x0000021cddd60008]
Event: 41.413 Thread 0x0000021cf2902000 5289       2       org.gradle.api.internal.provider.Providers$FixedValueProvider::calculateOwnValue (8 bytes)
Event: 41.413 Thread 0x0000021cf2902000 nmethod 5289 0x0000021cddd61990 code [0x0000021cddd61b60, 0x0000021cddd61dc8]
Event: 41.540 Thread 0x0000021cf2902000 5291       2       java.util.LinkedHashMap::get (33 bytes)
Event: 41.541 Thread 0x0000021cf2902000 nmethod 5291 0x0000021cddd61f10 code [0x0000021cddd620e0, 0x0000021cddd622c8]
Event: 41.567 Thread 0x0000021cf2902000 5292       2       jdk.internal.reflect.ConstantPool::getIntAt (10 bytes)
Event: 41.567 Thread 0x0000021cf2902000 nmethod 5292 0x0000021cdd580690 code [0x0000021cdd580840, 0x0000021cdd580948]

GC Heap History (20 events):
Event: 22.578 GC heap before
{Heap before GC invocations=14 (full 0):
 garbage-first heap   total 65536K, used 43245K [0x0000000080000000, 0x0000000100000000)
  region size 1024K, 21 young (21504K), 2 survivors (2048K)
 Metaspace       used 39814K, capacity 40617K, committed 40704K, reserved 1085440K
  class space    used 5043K, capacity 5358K, committed 5376K, reserved 1048576K
}
Event: 22.591 GC heap after
{Heap after GC invocations=15 (full 0):
 garbage-first heap   total 65536K, used 24653K [0x0000000080000000, 0x0000000100000000)
  region size 1024K, 3 young (3072K), 3 survivors (3072K)
 Metaspace       used 39814K, capacity 40617K, committed 40704K, reserved 1085440K
  class space    used 5043K, capacity 5358K, committed 5376K, reserved 1048576K
}
Event: 23.377 GC heap before
{Heap before GC invocations=15 (full 0):
 garbage-first heap   total 65536K, used 45133K [0x0000000080000000, 0x0000000100000000)
  region size 1024K, 23 young (23552K), 3 survivors (3072K)
 Metaspace       used 40568K, capacity 41417K, committed 41600K, reserved 1085440K
  class space    used 5159K, capacity 5499K, committed 5504K, reserved 1048576K
}
Event: 23.397 GC heap after
{Heap after GC invocations=16 (full 0):
 garbage-first heap   total 65536K, used 26400K [0x0000000080000000, 0x0000000100000000)
  region size 1024K, 3 young (3072K), 3 survivors (3072K)
 Metaspace       used 40568K, capacity 41417K, committed 41600K, reserved 1085440K
  class space    used 5159K, capacity 5499K, committed 5504K, reserved 1048576K
}
Event: 24.354 GC heap before
{Heap before GC invocations=16 (full 0):
 garbage-first heap   total 65536K, used 46880K [0x0000000080000000, 0x0000000100000000)
  region size 1024K, 23 young (23552K), 3 survivors (3072K)
 Metaspace       used 42128K, capacity 42977K, committed 43136K, reserved 1087488K
  class space    used 5390K, capacity 5744K, committed 5760K, reserved 1048576K
}
Event: 24.369 GC heap after
{Heap after GC invocations=17 (full 0):
 garbage-first heap   total 65536K, used 27254K [0x0000000080000000, 0x0000000100000000)
  region size 1024K, 1 young (1024K), 1 survivors (1024K)
 Metaspace       used 42128K, capacity 42977K, committed 43136K, reserved 1087488K
  class space    used 5390K, capacity 5744K, committed 5760K, reserved 1048576K
}
Event: 26.404 GC heap before
{Heap before GC invocations=17 (full 0):
 garbage-first heap   total 65536K, used 47734K [0x0000000080000000, 0x0000000100000000)
  region size 1024K, 21 young (21504K), 1 survivors (1024K)
 Metaspace       used 43875K, capacity 44942K, committed 45312K, reserved 1089536K
  class space    used 5606K, capacity 6017K, committed 6144K, reserved 1048576K
}
Event: 26.421 GC heap after
{Heap after GC invocations=18 (full 0):
 garbage-first heap   total 78848K, used 28896K [0x0000000080000000, 0x0000000100000000)
  region size 1024K, 3 young (3072K), 3 survivors (3072K)
 Metaspace       used 43875K, capacity 44942K, committed 45312K, reserved 1089536K
  class space    used 5606K, capacity 6017K, committed 6144K, reserved 1048576K
}
Event: 28.004 GC heap before
{Heap before GC invocations=18 (full 0):
 garbage-first heap   total 78848K, used 53472K [0x0000000080000000, 0x0000000100000000)
  region size 1024K, 28 young (28672K), 3 survivors (3072K)
 Metaspace       used 44678K, capacity 45742K, committed 45824K, reserved 1089536K
  class space    used 5695K, capacity 6090K, committed 6144K, reserved 1048576K
}
Event: 28.024 GC heap after
{Heap after GC invocations=19 (full 0):
 garbage-first heap   total 78848K, used 31139K [0x0000000080000000, 0x0000000100000000)
  region size 1024K, 4 young (4096K), 4 survivors (4096K)
 Metaspace       used 44678K, capacity 45742K, committed 45824K, reserved 1089536K
  class space    used 5695K, capacity 6090K, committed 6144K, reserved 1048576K
}
Event: 32.668 GC heap before
{Heap before GC invocations=19 (full 0):
 garbage-first heap   total 78848K, used 61859K [0x0000000080000000, 0x0000000100000000)
  region size 1024K, 29 young (29696K), 4 survivors (4096K)
 Metaspace       used 45875K, capacity 47086K, committed 47360K, reserved 1089536K
  class space    used 5871K, capacity 6329K, committed 6400K, reserved 1048576K
}
Event: 32.726 GC heap after
{Heap after GC invocations=20 (full 0):
 garbage-first heap   total 78848K, used 45119K [0x0000000080000000, 0x0000000100000000)
  region size 1024K, 4 young (4096K), 4 survivors (4096K)
 Metaspace       used 45875K, capacity 47086K, committed 47360K, reserved 1089536K
  class space    used 5871K, capacity 6329K, committed 6400K, reserved 1048576K
}
Event: 34.244 GC heap before
{Heap before GC invocations=20 (full 0):
 garbage-first heap   total 78848K, used 60479K [0x0000000080000000, 0x0000000100000000)
  region size 1024K, 19 young (19456K), 4 survivors (4096K)
 Metaspace       used 48557K, capacity 49836K, committed 49920K, reserved 1093632K
  class space    used 6145K, capacity 6630K, committed 6656K, reserved 1048576K
}
Event: 34.255 GC heap after
{Heap after GC invocations=21 (full 0):
 garbage-first heap   total 78848K, used 46240K [0x0000000080000000, 0x0000000100000000)
  region size 1024K, 1 young (1024K), 1 survivors (1024K)
 Metaspace       used 48557K, capacity 49836K, committed 49920K, reserved 1093632K
  class space    used 6145K, capacity 6630K, committed 6656K, reserved 1048576K
}
Event: 35.505 GC heap before
{Heap before GC invocations=22 (full 0):
 garbage-first heap   total 78848K, used 61600K [0x0000000080000000, 0x0000000100000000)
  region size 1024K, 16 young (16384K), 1 survivors (1024K)
 Metaspace       used 50441K, capacity 51722K, committed 51968K, reserved 1093632K
  class space    used 6397K, capacity 6856K, committed 6912K, reserved 1048576K
}
Event: 35.515 GC heap after
{Heap after GC invocations=23 (full 0):
 garbage-first heap   total 78848K, used 46523K [0x0000000080000000, 0x0000000100000000)
  region size 1024K, 1 young (1024K), 1 survivors (1024K)
 Metaspace       used 50441K, capacity 51722K, committed 51968K, reserved 1093632K
  class space    used 6397K, capacity 6856K, committed 6912K, reserved 1048576K
}
Event: 37.399 GC heap before
{Heap before GC invocations=23 (full 0):
 garbage-first heap   total 78848K, used 61883K [0x0000000080000000, 0x0000000100000000)
  region size 1024K, 16 young (16384K), 1 survivors (1024K)
 Metaspace       used 52595K, capacity 53943K, committed 54016K, reserved 1095680K
  class space    used 6661K, capacity 7166K, committed 7168K, reserved 1048576K
}
Event: 37.410 GC heap after
{Heap after GC invocations=24 (full 0):
 garbage-first heap   total 78848K, used 47105K [0x0000000080000000, 0x0000000100000000)
  region size 1024K, 2 young (2048K), 2 survivors (2048K)
 Metaspace       used 52595K, capacity 53943K, committed 54016K, reserved 1095680K
  class space    used 6661K, capacity 7166K, committed 7168K, reserved 1048576K
}
Event: 40.745 GC heap before
{Heap before GC invocations=25 (full 0):
 garbage-first heap   total 78848K, used 62465K [0x0000000080000000, 0x0000000100000000)
  region size 1024K, 17 young (17408K), 2 survivors (2048K)
 Metaspace       used 55099K, capacity 56489K, committed 56704K, reserved 1097728K
  class space    used 7003K, capacity 7519K, committed 7552K, reserved 1048576K
}
Event: 40.761 GC heap after
{Heap after GC invocations=26 (full 0):
 garbage-first heap   total 78848K, used 47844K [0x0000000080000000, 0x0000000100000000)
  region size 1024K, 3 young (3072K), 3 survivors (3072K)
 Metaspace       used 55099K, capacity 56489K, committed 56704K, reserved 1097728K
  class space    used 7003K, capacity 7519K, committed 7552K, reserved 1048576K
}

Deoptimization events (20 events):
Event: 41.103 Thread 0x0000021cf4743800 DEOPT PACKING pc=0x0000021cddba71e2 sp=0x000000be75df3f20
Event: 41.103 Thread 0x0000021cf4743800 DEOPT UNPACKING pc=0x0000021cdcd264bf sp=0x000000be75df33b0 mode 0
Event: 41.104 Thread 0x0000021cf4743800 DEOPT PACKING pc=0x0000021cddba71e2 sp=0x000000be75df4090
Event: 41.104 Thread 0x0000021cf4743800 DEOPT UNPACKING pc=0x0000021cdcd264bf sp=0x000000be75df3520 mode 0
Event: 41.104 Thread 0x0000021cf4743800 DEOPT PACKING pc=0x0000021cddba71e2 sp=0x000000be75df4090
Event: 41.104 Thread 0x0000021cf4743800 DEOPT UNPACKING pc=0x0000021cdcd264bf sp=0x000000be75df3520 mode 0
Event: 41.107 Thread 0x0000021cf4743800 DEOPT PACKING pc=0x0000021cddba71e2 sp=0x000000be75df3f20
Event: 41.107 Thread 0x0000021cf4743800 DEOPT UNPACKING pc=0x0000021cdcd264bf sp=0x000000be75df33b0 mode 0
Event: 41.107 Thread 0x0000021cf4743800 DEOPT PACKING pc=0x0000021cddba71e2 sp=0x000000be75df3f20
Event: 41.107 Thread 0x0000021cf4743800 DEOPT UNPACKING pc=0x0000021cdcd264bf sp=0x000000be75df33b0 mode 0
Event: 41.108 Thread 0x0000021cf4743800 DEOPT PACKING pc=0x0000021cddba71e2 sp=0x000000be75df4090
Event: 41.108 Thread 0x0000021cf4743800 DEOPT UNPACKING pc=0x0000021cdcd264bf sp=0x000000be75df3520 mode 0
Event: 41.151 Thread 0x0000021cf4743800 Uncommon trap: trap_request=0xffffff4d fr.pc=0x0000021ce48f7bf8 relative=0x0000000000000138
Event: 41.151 Thread 0x0000021cf4743800 Uncommon trap: reason=unstable_if action=reinterpret pc=0x0000021ce48f7bf8 method=java.lang.ThreadLocal.get()Ljava/lang/Object; @ 11 c2
Event: 41.151 Thread 0x0000021cf4743800 DEOPT PACKING pc=0x0000021ce48f7bf8 sp=0x000000be75df4090
Event: 41.151 Thread 0x0000021cf4743800 DEOPT UNPACKING pc=0x0000021cdcd266a9 sp=0x000000be75df4040 mode 2
Event: 41.330 Thread 0x0000021cf4743800 Uncommon trap: trap_request=0xffffff4d fr.pc=0x0000021ce496d118 relative=0x0000000000000258
Event: 41.330 Thread 0x0000021cf4743800 Uncommon trap: reason=unstable_if action=reinterpret pc=0x0000021ce496d118 method=java.util.LinkedHashMap.get(Ljava/lang/Object;)Ljava/lang/Object; @ 20 c2
Event: 41.330 Thread 0x0000021cf4743800 DEOPT PACKING pc=0x0000021ce496d118 sp=0x000000be75df3820
Event: 41.330 Thread 0x0000021cf4743800 DEOPT UNPACKING pc=0x0000021cdcd266a9 sp=0x000000be75df37d8 mode 2

Classes redefined (0 events):
No events

Internal exceptions (20 events):
Event: 31.774 Thread 0x0000021cf4648000 Exception <a 'java/lang/NoSuchMethodError'{0x0000000083996fe0}: <clinit>> (0x0000000083996fe0) thrown at [./src/hotspot/share/prims/jni.cpp, line 1362]
Event: 31.776 Thread 0x0000021cf4648000 Exception <a 'java/lang/NoSuchMethodError'{0x00000000839a3328}: <clinit>> (0x00000000839a3328) thrown at [./src/hotspot/share/prims/jni.cpp, line 1362]
Event: 31.778 Thread 0x0000021cf4648000 Exception <a 'java/lang/NoSuchMethodError'{0x00000000839aff48}: <clinit>> (0x00000000839aff48) thrown at [./src/hotspot/share/prims/jni.cpp, line 1362]
Event: 31.790 Thread 0x0000021cf4648000 Exception <a 'java/lang/NoSuchMethodError'{0x00000000839c8c48}: <clinit>> (0x00000000839c8c48) thrown at [./src/hotspot/share/prims/jni.cpp, line 1362]
Event: 31.989 Thread 0x0000021cf4743800 Exception <a 'java/lang/ClassNotFoundException'{0x00000000838214d8}: build_ifxqb25917ttjtfum559nso2BeanInfo> (0x00000000838214d8) thrown at [./src/hotspot/share/classfile/systemDictionary.cpp, line 231]
Event: 31.990 Thread 0x0000021cf4743800 Exception <a 'java/lang/ClassNotFoundException'{0x000000008382a2c0}: build_ifxqb25917ttjtfum559nso2Customizer> (0x000000008382a2c0) thrown at [./src/hotspot/share/classfile/systemDictionary.cpp, line 231]
Event: 32.010 Thread 0x0000021cf4743800 Exception <a 'java/lang/ClassNotFoundException'{0x0000000083880188}: org/gradle/api/internal/plugins/DefaultObjectConfigurationActionBeanInfo> (0x0000000083880188) thrown at [./src/hotspot/share/classfile/systemDictionary.cpp, line 231]
Event: 32.012 Thread 0x0000021cf4743800 Exception <a 'java/lang/ClassNotFoundException'{0x00000000838ab520}: org/gradle/api/internal/plugins/DefaultObjectConfigurationActionCustomizer> (0x00000000838ab520) thrown at [./src/hotspot/share/classfile/systemDictionary.cpp, line 231]
Event: 33.357 Thread 0x0000021cf4743800 Exception <a 'java/lang/NoSuchMethodError'{0x00000000847a5600}: 'java.lang.Object java.lang.invoke.DirectMethodHandle$Holder.invokeStatic(java.lang.Object, java.lang.Object, java.lang.Object, java.lang.Object, int)'> (0x00000000847a5600) thrown at [./src/hotspot/share/interpreter/linkResolver.cpp, line 773]
Event: 33.358 Thread 0x0000021cf4743800 Exception <a 'java/lang/NoSuchMethodError'{0x00000000847a9ff8}: 'java.lang.Object java.lang.invoke.DirectMethodHandle$Holder.invokeSpecial(java.lang.Object, java.lang.Object, java.lang.Object, java.lang.Object, java.lang.Object, int)'> (0x00000000847a9ff8) thrown at [./src/hotspot/share/interpreter/linkResolver.cpp, line 773]
Event: 33.359 Thread 0x0000021cf4743800 Exception <a 'java/lang/NoSuchMethodError'{0x00000000847ae638}: 'java.lang.Object java.lang.invoke.Invokers$Holder.linkToTargetMethod(java.lang.Object, java.lang.Object, java.lang.Object, int, java.lang.Object)'> (0x00000000847ae638) thrown at [./src/hotspot/share/interpreter/linkResolver.cpp, line 773]
Event: 35.204 Thread 0x0000021cf4743800 Exception <a 'java/lang/NoSuchMethodError'{0x0000000084249908}: 'java.lang.Object java.lang.invoke.DirectMethodHandle$Holder.invokeSpecial(java.lang.Object, java.lang.Object, int, int, java.lang.Object, java.lang.Object, java.lang.Object)'> (0x0000000084249908) thrown at [./src/hotspot/share/interpreter/linkResolver.cpp, line 773]
Event: 35.206 Thread 0x0000021cf4743800 Exception <a 'java/lang/NoSuchMethodError'{0x000000008424de88}: 'java.lang.Object java.lang.invoke.DelegatingMethodHandle$Holder.reinvoke_L(java.lang.Object, int, int, java.lang.Object, java.lang.Object, java.lang.Object)'> (0x000000008424de88) thrown at [./src/hotspot/share/interpreter/linkResolver.cpp, line 773]
Event: 36.364 Thread 0x0000021cf4743800 Exception <a 'java/lang/NoSuchMethodError'{0x0000000084470698}: 'int java.lang.invoke.DirectMethodHandle$Holder.invokeInterface(java.lang.Object, java.lang.Object, java.lang.Object, java.lang.Object)'> (0x0000000084470698) thrown at [./src/hotspot/share/interpreter/linkResolver.cpp, line 773]
Event: 39.064 Thread 0x0000021cf4743800 Exception <a 'java/lang/NoSuchMethodError'{0x000000008499b498}: 'void java.lang.invoke.DirectMethodHandle$Holder.invokeInterface(java.lang.Object, java.lang.Object, java.lang.Object, java.lang.Object)'> (0x000000008499b498) thrown at [./src/hotspot/share/interpreter/linkResolver.cpp, line 773]
Event: 39.602 Thread 0x0000021cf4743800 Exception <a 'java/lang/IncompatibleClassChangeError'{0x0000000084129d30}: Found class java.lang.Object, but interface was expected> (0x0000000084129d30) thrown at [./src/hotspot/share/interpreter/linkResolver.cpp, line 839]
Event: 40.294 Thread 0x0000021cf4743800 Exception <a 'java/lang/NoSuchMethodError'{0x00000000841c93b8}: 'void java.lang.invoke.DirectMethodHandle$Holder.invokeStatic(java.lang.Object, java.lang.Object, java.lang.Object, java.lang.Object, java.lang.Object)'> (0x00000000841c93b8) thrown at [./src/hotspot/share/interpreter/linkResolver.cpp, line 773]
Event: 40.578 Thread 0x0000021cf4743800 Implicit null exception at 0x0000021ce49bc3d4 to 0x0000021ce49bc550
Event: 40.578 Thread 0x0000021cf4743800 Implicit null exception at 0x0000021ce49bfaff to 0x0000021ce49c1394
Event: 41.151 Thread 0x0000021cf4743800 Implicit null exception at 0x0000021ce48f7b0b to 0x0000021ce48f7be4

Events (20 events):
Event: 41.502 loading class com/android/build/gradle/internal/dsl/JavaCompileOptions
Event: 41.502 loading class com/android/build/gradle/internal/dsl/JavaCompileOptions done
Event: 41.539 loading class com/android/build/gradle/api/JavaCompileOptions
Event: 41.539 loading class com/android/build/gradle/api/JavaCompileOptions done
Event: 41.542 loading class com/android/builder/core/AbstractProductFlavor$DimensionRequest
Event: 41.542 loading class com/android/builder/core/AbstractProductFlavor$DimensionRequest done
Event: 41.555 loading class com/android/builder/core/AbstractProductFlavor$Companion
Event: 41.555 loading class com/android/builder/core/AbstractProductFlavor$Companion done
Event: 41.559 loading class com/android/builder/model/ClassField
Event: 41.559 loading class com/android/builder/model/ClassField done
Event: 41.561 loading class com/android/builder/internal/BaseConfigImpl$Companion
Event: 41.561 loading class com/android/builder/internal/BaseConfigImpl$Companion done
Event: 41.565 loading class org/gradle/api/Incubating
Event: 41.566 loading class org/gradle/api/Incubating done
Event: 41.568 loading class kotlin/ReplaceWith
Event: 41.568 loading class kotlin/ReplaceWith done
Event: 41.569 loading class kotlin/jvm/JvmStatic
Event: 41.569 loading class kotlin/jvm/JvmStatic done
Event: 41.569 loading class kotlin/jvm/JvmStatic
Event: 41.569 loading class kotlin/jvm/JvmStatic done


Dynamic libraries:
0x00007ff671750000 - 0x00007ff67175a000 	C:\Users\felip\OneDrive\Desktop\android-studio-ide-202.6987402-windows\android-studio\jre\bin\java.exe
0x00007ffcda6d0000 - 0x00007ffcda8c5000 	C:\Windows\SYSTEM32\ntdll.dll
0x00007ffcc01d0000 - 0x00007ffcc01e2000 	C:\Program Files\Avast Software\Avast\aswhook.dll
0x00007ffcd9ec0000 - 0x00007ffcd9f7d000 	C:\Windows\System32\KERNEL32.DLL
0x00007ffcd7e40000 - 0x00007ffcd8108000 	C:\Windows\System32\KERNELBASE.dll
0x00007ffcd85b0000 - 0x00007ffcd86b0000 	C:\Windows\System32\ucrtbase.dll
0x00007ffcd0ec0000 - 0x00007ffcd0ed9000 	C:\Users\felip\OneDrive\Desktop\android-studio-ide-202.6987402-windows\android-studio\jre\bin\jli.dll
0x00007ffcd9170000 - 0x00007ffcd9310000 	C:\Windows\System32\USER32.dll
0x00007ffcd86b0000 - 0x00007ffcd86d2000 	C:\Windows\System32\win32u.dll
0x00007ffcda540000 - 0x00007ffcda56a000 	C:\Windows\System32\GDI32.dll
0x00007ffcd81c0000 - 0x00007ffcd82cb000 	C:\Windows\System32\gdi32full.dll
0x00007ffcd8510000 - 0x00007ffcd85ad000 	C:\Windows\System32\msvcp_win.dll
0x00007ffcd0ea0000 - 0x00007ffcd0eb7000 	C:\Users\felip\OneDrive\Desktop\android-studio-ide-202.6987402-windows\android-studio\jre\bin\VCRUNTIME140.dll
0x00007ffcc4ad0000 - 0x00007ffcc4d6a000 	C:\Windows\WinSxS\amd64_microsoft.windows.common-controls_6595b64144ccf1df_6.0.19041.1052_none_60b8f8fd71f5e8cb\COMCTL32.dll
0x00007ffcd9310000 - 0x00007ffcd93ae000 	C:\Windows\System32\msvcrt.dll
0x00007ffcd93b0000 - 0x00007ffcd93e0000 	C:\Windows\System32\IMM32.DLL
0x00007ffcae570000 - 0x00007ffcae60d000 	C:\Users\felip\OneDrive\Desktop\android-studio-ide-202.6987402-windows\android-studio\jre\bin\msvcp140.dll
0x00007ffc99600000 - 0x00007ffc9a0bc000 	C:\Users\felip\OneDrive\Desktop\android-studio-ide-202.6987402-windows\android-studio\jre\bin\server\jvm.dll
0x00007ffcda1b0000 - 0x00007ffcda25c000 	C:\Windows\System32\ADVAPI32.dll
0x00007ffcd9950000 - 0x00007ffcd99eb000 	C:\Windows\System32\sechost.dll
0x00007ffcda260000 - 0x00007ffcda38b000 	C:\Windows\System32\RPCRT4.dll
0x00007ffcd8e90000 - 0x00007ffcd8e98000 	C:\Windows\System32\PSAPI.DLL
0x00007ffccb0b0000 - 0x00007ffccb0b9000 	C:\Windows\SYSTEM32\WSOCK32.dll
0x00007ffcd8f00000 - 0x00007ffcd8f6b000 	C:\Windows\System32\WS2_32.dll
0x00007ffcc4400000 - 0x00007ffcc4427000 	C:\Windows\SYSTEM32\WINMM.dll
0x00007ffcd1280000 - 0x00007ffcd128a000 	C:\Windows\SYSTEM32\VERSION.dll
0x00007ffcd5c80000 - 0x00007ffcd5c92000 	C:\Windows\SYSTEM32\kernel.appcore.dll
0x00007ffcd2ba0000 - 0x00007ffcd2bb1000 	C:\Users\felip\OneDrive\Desktop\android-studio-ide-202.6987402-windows\android-studio\jre\bin\verify.dll
0x00007ffccf5d0000 - 0x00007ffccf7b4000 	C:\Windows\SYSTEM32\DBGHELP.DLL
0x00007ffccf5a0000 - 0x00007ffccf5cc000 	C:\Windows\SYSTEM32\dbgcore.DLL
0x00007ffcd8320000 - 0x00007ffcd83a3000 	C:\Windows\System32\bcryptPrimitives.dll
0x00007ffccc9d0000 - 0x00007ffccc9f9000 	C:\Users\felip\OneDrive\Desktop\android-studio-ide-202.6987402-windows\android-studio\jre\bin\java.dll
0x00007ffcd3b70000 - 0x00007ffcd3b7b000 	C:\Users\felip\OneDrive\Desktop\android-studio-ide-202.6987402-windows\android-studio\jre\bin\jimage.dll
0x00007ffcd2150000 - 0x00007ffcd2168000 	C:\Users\felip\OneDrive\Desktop\android-studio-ide-202.6987402-windows\android-studio\jre\bin\zip.dll
0x00007ffcd8740000 - 0x00007ffcd8e7f000 	C:\Windows\System32\SHELL32.dll
0x00007ffcd5f60000 - 0x00007ffcd66f0000 	C:\Windows\SYSTEM32\windows.storage.dll
0x00007ffcd93e0000 - 0x00007ffcd9735000 	C:\Windows\System32\combase.dll
0x00007ffcd77b0000 - 0x00007ffcd77dc000 	C:\Windows\SYSTEM32\Wldp.dll
0x00007ffcd9f80000 - 0x00007ffcda02e000 	C:\Windows\System32\SHCORE.dll
0x00007ffcd98f0000 - 0x00007ffcd9945000 	C:\Windows\System32\shlwapi.dll
0x00007ffcd7d50000 - 0x00007ffcd7d6f000 	C:\Windows\SYSTEM32\profapi.dll
0x00007ffccc9b0000 - 0x00007ffccc9ca000 	C:\Users\felip\OneDrive\Desktop\android-studio-ide-202.6987402-windows\android-studio\jre\bin\net.dll
0x00007ffccd010000 - 0x00007ffccd11b000 	C:\Windows\SYSTEM32\WINHTTP.dll
0x00007ffcd7520000 - 0x00007ffcd758a000 	C:\Windows\system32\mswsock.dll
0x00007ffccc020000 - 0x00007ffccc034000 	C:\Users\felip\OneDrive\Desktop\android-studio-ide-202.6987402-windows\android-studio\jre\bin\nio.dll
0x00007ffcba120000 - 0x00007ffcba146000 	C:\Users\felip\.gradle\native\fdc75f09e3144964f2cf3f50f0aa648679c211496f362492102eb8c894070792\windows-amd64\native-platform.dll
0x00007ffc94710000 - 0x00007ffc948a1000 	C:\Users\felip\.gradle\native\12488b8bf47d2d4c9fbf2f6322a914ad602e24e48041cd04a747c6da556b65c4\windows-amd64\native-platform-file-events.dll
0x00007ffcd33d0000 - 0x00007ffcd33da000 	C:\Users\felip\OneDrive\Desktop\android-studio-ide-202.6987402-windows\android-studio\jre\bin\management.dll
0x00007ffcd2f10000 - 0x00007ffcd2f1c000 	C:\Users\felip\OneDrive\Desktop\android-studio-ide-202.6987402-windows\android-studio\jre\bin\management_ext.dll
0x00007ffcd7700000 - 0x00007ffcd7718000 	C:\Windows\SYSTEM32\CRYPTSP.dll
0x00007ffcd6ec0000 - 0x00007ffcd6ef4000 	C:\Windows\system32\rsaenh.dll
0x00007ffcd7e10000 - 0x00007ffcd7e37000 	C:\Windows\System32\bcrypt.dll
0x00007ffcd7d10000 - 0x00007ffcd7d3e000 	C:\Windows\SYSTEM32\USERENV.dll
0x00007ffcd76f0000 - 0x00007ffcd76fc000 	C:\Windows\SYSTEM32\CRYPTBASE.dll
0x00007ffcd7210000 - 0x00007ffcd724b000 	C:\Windows\SYSTEM32\IPHLPAPI.DLL
0x00007ffcd8e80000 - 0x00007ffcd8e88000 	C:\Windows\System32\NSI.dll
0x00007ffccfc30000 - 0x00007ffccfc47000 	C:\Windows\SYSTEM32\dhcpcsvc6.DLL
0x00007ffcd0f60000 - 0x00007ffcd0f7d000 	C:\Windows\SYSTEM32\dhcpcsvc.DLL
0x00007ffcd7250000 - 0x00007ffcd731c000 	C:\Windows\SYSTEM32\DNSAPI.dll
0x00007ffcd1270000 - 0x00007ffcd127b000 	C:\Windows\SYSTEM32\WINNSI.DLL

dbghelp: loaded successfully - version: 4.0.5 - missing functions: none
symbol engine: initialized successfully - sym options: 0x614 - pdb path: .;C:\Users\felip\OneDrive\Desktop\android-studio-ide-202.6987402-windows\android-studio\jre\bin;C:\Windows\SYSTEM32;C:\Program Files\Avast Software\Avast;C:\Windows\WinSxS\amd64_microsoft.windows.common-controls_6595b64144ccf1df_6.0.19041.1052_none_60b8f8fd71f5e8cb;C:\Users\felip\OneDrive\Desktop\android-studio-ide-202.6987402-windows\android-studio\jre\bin\server;C:\Users\felip\.gradle\native\fdc75f09e3144964f2cf3f50f0aa648679c211496f362492102eb8c894070792\windows-amd64;C:\Users\felip\.gradle\native\12488b8bf47d2d4c9fbf2f6322a914ad602e24e48041cd04a747c6da556b65c4\windows-amd64

VM Arguments:
jvm_args: --add-opens=java.base/java.util=ALL-UNNAMED --add-opens=java.base/java.lang=ALL-UNNAMED --add-opens=java.base/java.lang.invoke=ALL-UNNAMED --add-opens=java.prefs/java.util.prefs=ALL-UNNAMED -Xmx2048m -Dfile.encoding=windows-1252 -Duser.country=US -Duser.language=en -Duser.variant 
java_command: org.gradle.launcher.daemon.bootstrap.GradleDaemon 6.7.1
java_class_path (initial): C:\Users\felip\.gradle\wrapper\dists\gradle-6.7.1-bin\bwlcbys1h7rz3272sye1xwiv6\gradle-6.7.1\lib\gradle-launcher-6.7.1.jar
Launcher Type: SUN_STANDARD

[Global flags]
     intx CICompilerCount                          = 2                                         {product} {ergonomic}
     uint ConcGCThreads                            = 1                                         {product} {ergonomic}
     uint G1ConcRefinementThreads                  = 2                                         {product} {ergonomic}
   size_t G1HeapRegionSize                         = 1048576                                   {product} {ergonomic}
    uintx GCDrainStackTargetSize                   = 64                                        {product} {ergonomic}
   size_t InitialHeapSize                          = 67108864                                  {product} {ergonomic}
   size_t MarkStackSize                            = 4194304                                   {product} {ergonomic}
   size_t MaxHeapSize                              = 2147483648                                {product} {command line}
   size_t MaxNewSize                               = 1287651328                                {product} {ergonomic}
   size_t MinHeapDeltaBytes                        = 1048576                                   {product} {ergonomic}
    uintx NonNMethodCodeHeapSize                   = 5825164                                {pd product} {ergonomic}
    uintx NonProfiledCodeHeapSize                  = 122916538                              {pd product} {ergonomic}
    uintx ProfiledCodeHeapSize                     = 122916538                              {pd product} {ergonomic}
    uintx ReservedCodeCacheSize                    = 251658240                              {pd product} {ergonomic}
     bool SegmentedCodeCache                       = true                                      {product} {ergonomic}
     bool UseCompressedClassPointers               = true                                 {lp64_product} {ergonomic}
     bool UseCompressedOops                        = true                                 {lp64_product} {ergonomic}
     bool UseG1GC                                  = true                                      {product} {ergonomic}
     bool UseLargePagesIndividualAllocation        = false                                  {pd product} {ergonomic}

Logging:
Log output configuration:
 #0: stdout all=warning uptime,level,tags
 #1: stderr all=off uptime,level,tags

Environment Variables:
PATH=C:\Program Files\Common Files\Oracle\Java\javapath;C:\Program Files (x86)\Common Files\Oracle\Java\javapath;C:\Windows\system32;C:\Windows;C:\Windows\System32\Wbem;C:\Windows\System32\WindowsPowerShell\v1.0\;C:\Windows\System32\OpenSSH\;C:\ProgramData\chocolatey\bin;C:\Program Files\Docker\Docker\resources\bin;C:\ProgramData\DockerDesktop\version-bin;C:\Program Files (x86)\Yarn\bin\;C:\Program Files\nodejs\;C:\Program Files\Git\cmd;C:\Users\felip\AppData\Local\Microsoft\WindowsApps;C:\Users\felip\AppData\Local\Programs\Microsoft VS Code\bin;C:\Users\felip\AppData\Local\Yarn\bin;C:\Users\felip\AppData\Local\GitHubDesktop\bin;C:\Users\felip\AppData\Roaming\npm
USERNAME=felip
OS=Windows_NT
PROCESSOR_IDENTIFIER=Intel64 Family 6 Model 23 Stepping 10, GenuineIntel



---------------  S Y S T E M  ---------------

OS: Windows 10 , 64 bit Build 19041 (10.0.19041.1023)
OS uptime: 0 days 18:23 hours

CPU:total 2 (initial active 2) (2 cores per cpu, 1 threads per core) family 6 model 23 stepping 10, cmov, cx8, fxsr, mmx, sse, sse2, sse3, ssse3, tsc

Memory: 4k page, system-wide physical 4061M (31M free)
TotalPageFile size 4061M (AvailPageFile size 5M)
current process WorkingSet (physical memory assigned to process): 220M, peak: 226M
current process commit charge ("private bytes"): 277M, peak: 279M

vm_info: OpenJDK 64-Bit Server VM (11.0.8+10-b944.6842174) for windows-amd64 JRE (11.0.8+10-b944.6842174), built on Sep 19 2020 01:11:42 by "builder" with MS VC++ 14.0 (VS2015)

END.
