#
# There is insufficient memory for the Java Runtime Environment to continue.
# Native memory allocation (malloc) failed to allocate 130256 bytes for Chunk::new
# Possible reasons:
#   The system is out of physical RAM or swap space
#   The process is running with CompressedOops enabled, and the Java Heap may be blocking the growth of the native heap
# Possible solutions:
#   Reduce memory load on the system
#   Increase physical memory or swap space
#   Check if swap backing store is full
#   Decrease Java heap size (-Xmx/-Xms)
#   Decrease number of Java threads
#   Decrease Java thread stack sizes (-Xss)
#   Set larger code cache with -XX:ReservedCodeCacheSize=
#   JVM is running with Unscaled Compressed Oops mode in which the Java heap is
#     placed in the first 4GB address space. The Java Heap base address is the
#     maximum limit for the native heap growth. Please use -XX:HeapBaseMinAddress
#     to set the Java Heap base and to place the Java Heap above 4GB virtual address.
# This output file may be truncated or incomplete.
#
#  Out of Memory Error (./src/hotspot/share/memory/arena.cpp:197), pid=7492, tid=232
#
# JRE version: OpenJDK Runtime Environment (11.0.8+10) (build 11.0.8+10-b944.6842174)
# Java VM: OpenJDK 64-Bit Server VM (11.0.8+10-b944.6842174, mixed mode, tiered, compressed oops, g1 gc, windows-amd64)
# No core dump will be written. Minidumps are not enabled by default on client versions of Windows
#

---------------  S U M M A R Y ------------

Command Line: --add-opens=java.base/java.util=ALL-UNNAMED --add-opens=java.base/java.lang=ALL-UNNAMED --add-opens=java.base/java.lang.invoke=ALL-UNNAMED --add-opens=java.base/java.util=ALL-UNNAMED --add-opens=java.prefs/java.util.prefs=ALL-UNNAMED --add-opens=java.prefs/java.util.prefs=ALL-UNNAMED --add-opens=java.base/java.nio.charset=ALL-UNNAMED --add-opens=java.base/java.net=ALL-UNNAMED --add-opens=java.base/java.util.concurrent.atomic=ALL-UNNAMED -Xmx2048m -Dfile.encoding=windows-1252 -Duser.country=US -Duser.language=en -Duser.variant org.gradle.launcher.daemon.bootstrap.GradleDaemon 7.1

Host: Celeron(R) Dual-Core CPU       T3500  @ 2.10GHz, 2 cores, 3G,  Windows 10 , 64 bit Build 19041 (10.0.19041.1023)
Time: Mon Jul 12 14:48:58 2021 E. South America Standard Time elapsed time: 314 seconds (0d 0h 5m 14s)

---------------  T H R E A D  ---------------

Current thread (0x000002c4d2e45800):  JavaThread "C2 CompilerThread0" daemon [_thread_in_native, id=232, stack(0x000000f166200000,0x000000f166300000)]


Current CompileTask:
C2: 314699 11006       4       org.gradle.internal.snapshot.VfsRelativePath::compareToFirstSegment (203 bytes)

Stack: [0x000000f166200000,0x000000f166300000]
Native frames: (J=compiled Java code, j=interpreted, Vv=VM code, C=native code)
V  [jvm.dll+0x5de50a]
V  [jvm.dll+0x7122f5]
V  [jvm.dll+0x71384d]
V  [jvm.dll+0x713f03]
V  [jvm.dll+0x23e728]
V  [jvm.dll+0xb899c]
V  [jvm.dll+0xb8e9c]
V  [jvm.dll+0x35024d]
V  [jvm.dll+0x193b27]
V  [jvm.dll+0x1f780e]
V  [jvm.dll+0x1f68d4]
V  [jvm.dll+0x17f32c]
V  [jvm.dll+0x205047]
V  [jvm.dll+0x203891]
V  [jvm.dll+0x6dad3f]
V  [jvm.dll+0x6d3895]
V  [jvm.dll+0x5dd4a6]
C  [ucrtbase.dll+0x21bb2]
C  [KERNEL32.DLL+0x17034]
C  [ntdll.dll+0x52651]


---------------  P R O C E S S  ---------------

Threads class SMR info:
_java_thread_list=0x000002c4d7f4e9d0, length=54, elements={
0x000002c4b907a000, 0x000002c4d2de2800, 0x000002c4d2dee000, 0x000002c4d2e3f000,
0x000002c4d2e44800, 0x000002c4d2e45800, 0x000002c4d2e48800, 0x000002c4d37c1000,
0x000002c4d38be000, 0x000002c4d38cd000, 0x000002c4d4e6a800, 0x000002c4d49bc000,
0x000002c4d4f91800, 0x000002c4d50c4000, 0x000002c4d4ff3000, 0x000002c4d5598800,
0x000002c4d4ff4000, 0x000002c4d44fb800, 0x000002c4d4586000, 0x000002c4d3c7e800,
0x000002c4d3c7e000, 0x000002c4d3c83800, 0x000002c4d3c83000, 0x000002c4d3c82000,
0x000002c4d3c84800, 0x000002c4d3c81000, 0x000002c4d3c7f800, 0x000002c4d3c80800,
0x000002c4d586c800, 0x000002c4d586c000, 0x000002c4d586a800, 0x000002c4d586e800,
0x000002c4d586b000, 0x000002c4d5870000, 0x000002c4d5871800, 0x000002c4d586d800,
0x000002c4d5872800, 0x000002c4d5875000, 0x000002c4d5873800, 0x000002c4d5871000,
0x000002c4d5874000, 0x000002c4d5878000, 0x000002c4d5879000, 0x000002c4d5875800,
0x000002c4d5876800, 0x000002c4d5877800, 0x000002c4d427b000, 0x000002c4d4280000,
0x000002c4d427f000, 0x000002c4d427a000, 0x000002c4d4280800, 0x000002c4d4281800,
0x000002c4d427c000, 0x000002c4d427c800
}

Java Threads: ( => current thread )
  0x000002c4b907a000 JavaThread "main" [_thread_blocked, id=6564, stack(0x000000f165700000,0x000000f165800000)]
  0x000002c4d2de2800 JavaThread "Reference Handler" daemon [_thread_blocked, id=2712, stack(0x000000f165e00000,0x000000f165f00000)]
  0x000002c4d2dee000 JavaThread "Finalizer" daemon [_thread_blocked, id=8344, stack(0x000000f165f00000,0x000000f166000000)]
  0x000002c4d2e3f000 JavaThread "Signal Dispatcher" daemon [_thread_blocked, id=8144, stack(0x000000f166000000,0x000000f166100000)]
  0x000002c4d2e44800 JavaThread "Attach Listener" daemon [_thread_blocked, id=3660, stack(0x000000f166100000,0x000000f166200000)]
=>0x000002c4d2e45800 JavaThread "C2 CompilerThread0" daemon [_thread_in_native, id=232, stack(0x000000f166200000,0x000000f166300000)]
  0x000002c4d2e48800 JavaThread "C1 CompilerThread0" daemon [_thread_blocked, id=7328, stack(0x000000f166300000,0x000000f166400000)]
  0x000002c4d37c1000 JavaThread "Sweeper thread" daemon [_thread_blocked, id=8444, stack(0x000000f166400000,0x000000f166500000)]
  0x000002c4d38be000 JavaThread "Common-Cleaner" daemon [_thread_blocked, id=6752, stack(0x000000f166500000,0x000000f166600000)]
  0x000002c4d38cd000 JavaThread "Service Thread" daemon [_thread_blocked, id=5252, stack(0x000000f166600000,0x000000f166700000)]
  0x000002c4d4e6a800 JavaThread "Daemon health stats" [_thread_blocked, id=2620, stack(0x000000f166900000,0x000000f166a00000)]
  0x000002c4d49bc000 JavaThread "Incoming local TCP Connector on port 4977" [_thread_in_native, id=2880, stack(0x000000f166a00000,0x000000f166b00000)]
  0x000002c4d4f91800 JavaThread "Daemon periodic checks" [_thread_blocked, id=8868, stack(0x000000f166b00000,0x000000f166c00000)]
  0x000002c4d50c4000 JavaThread "Daemon" [_thread_blocked, id=6212, stack(0x000000f166c00000,0x000000f166d00000)]
  0x000002c4d4ff3000 JavaThread "Handler for socket connection from /127.0.0.1:4977 to /127.0.0.1:4978" [_thread_in_native, id=8284, stack(0x000000f166d00000,0x000000f166e00000)]
  0x000002c4d5598800 JavaThread "Cancel handler" [_thread_blocked, id=4464, stack(0x000000f166e00000,0x000000f166f00000)]
  0x000002c4d4ff4000 JavaThread "Daemon worker" [_thread_in_native, id=8072, stack(0x000000f166f00000,0x000000f167000000)]
  0x000002c4d44fb800 JavaThread "Asynchronous log dispatcher for DefaultDaemonConnection: socket connection from /127.0.0.1:4977 to /127.0.0.1:4978" [_thread_blocked, id=7720, stack(0x000000f167000000,0x000000f167100000)]
  0x000002c4d4586000 JavaThread "Daemon client event forwarder" [_thread_blocked, id=8720, stack(0x000000f167200000,0x000000f167300000)]
  0x000002c4d3c7e800 JavaThread "Cache worker for journal cache (C:\Users\felip\.gradle\caches\journal-1)" [_thread_blocked, id=7264, stack(0x000000f167300000,0x000000f167400000)]
  0x000002c4d3c7e000 JavaThread "File lock request listener" [_thread_in_native, id=6296, stack(0x000000f167400000,0x000000f167500000)]
  0x000002c4d3c83800 JavaThread "Cache worker for file hash cache (C:\Users\felip\.gradle\caches\7.1\fileHashes)" [_thread_blocked, id=1360, stack(0x000000f167500000,0x000000f167600000)]
  0x000002c4d3c83000 JavaThread "Cache worker for file hash cache (C:\Users\felip\AndroidStudioProjects\TheMovieApp\.gradle\7.1\fileHashes)" [_thread_blocked, id=8740, stack(0x000000f167600000,0x000000f167700000)]
  0x000002c4d3c82000 JavaThread "File watcher server" daemon [_thread_in_native, id=7852, stack(0x000000f167700000,0x000000f167800000)]
  0x000002c4d3c84800 JavaThread "File watcher consumer" daemon [_thread_blocked, id=7452, stack(0x000000f167800000,0x000000f167900000)]
  0x000002c4d3c81000 JavaThread "jar transforms" [_thread_blocked, id=9172, stack(0x000000f167900000,0x000000f167a00000)]
  0x000002c4d3c7f800 JavaThread "jar transforms Thread 2" [_thread_blocked, id=1468, stack(0x000000f167a00000,0x000000f167b00000)]
  0x000002c4d3c80800 JavaThread "Cache worker for checksums cache (C:\Users\felip\AndroidStudioProjects\TheMovieApp\.gradle\checksums)" [_thread_blocked, id=9040, stack(0x000000f167b00000,0x000000f167c00000)]
  0x000002c4d586c800 JavaThread "Cache worker for cache directory md-supplier (C:\Users\felip\.gradle\caches\7.1\md-supplier)" [_thread_blocked, id=844, stack(0x000000f167c00000,0x000000f167d00000)]
  0x000002c4d586c000 JavaThread "Cache worker for cache directory md-rule (C:\Users\felip\.gradle\caches\7.1\md-rule)" [_thread_blocked, id=5700, stack(0x000000f167d00000,0x000000f167e00000)]
  0x000002c4d586a800 JavaThread "Cache worker for execution history cache (C:\Users\felip\.gradle\caches\7.1\executionHistory)" [_thread_blocked, id=6648, stack(0x000000f167e00000,0x000000f167f00000)]
  0x000002c4d586e800 JavaThread "Cache worker for file content cache (C:\Users\felip\.gradle\caches\7.1\fileContent)" [_thread_blocked, id=5420, stack(0x000000f167f00000,0x000000f168000000)]
  0x000002c4d586b000 JavaThread "Cache worker for dependencies-accessors (C:\Users\felip\AndroidStudioProjects\TheMovieApp\.gradle\7.1\dependencies-accessors)" [_thread_blocked, id=9004, stack(0x000000f165400000,0x000000f165500000)]
  0x000002c4d5870000 JavaThread "Cache worker for Build Output Cleanup Cache (C:\Users\felip\AndroidStudioProjects\TheMovieApp\.gradle\buildOutputCleanup)" [_thread_blocked, id=5096, stack(0x000000f165500000,0x000000f165600000)]
  0x000002c4d5871800 JavaThread "Unconstrained build operations" [_thread_blocked, id=4368, stack(0x000000f165600000,0x000000f165700000)]
  0x000002c4d586d800 JavaThread "Unconstrained build operations Thread 2" [_thread_blocked, id=8844, stack(0x000000f167100000,0x000000f167200000)]
  0x000002c4d5872800 JavaThread "Unconstrained build operations Thread 3" [_thread_blocked, id=2696, stack(0x000000f168300000,0x000000f168400000)]
  0x000002c4d5875000 JavaThread "Unconstrained build operations Thread 4" [_thread_blocked, id=1640, stack(0x000000f168400000,0x000000f168500000)]
  0x000002c4d5873800 JavaThread "Unconstrained build operations Thread 5" [_thread_blocked, id=6128, stack(0x000000f168500000,0x000000f168600000)]
  0x000002c4d5871000 JavaThread "Unconstrained build operations Thread 6" [_thread_blocked, id=5528, stack(0x000000f168600000,0x000000f168700000)]
  0x000002c4d5874000 JavaThread "Unconstrained build operations Thread 7" [_thread_blocked, id=1404, stack(0x000000f168700000,0x000000f168800000)]
  0x000002c4d5878000 JavaThread "Unconstrained build operations Thread 8" [_thread_blocked, id=4448, stack(0x000000f168800000,0x000000f168900000)]
  0x000002c4d5879000 JavaThread "Unconstrained build operations Thread 9" [_thread_blocked, id=7764, stack(0x000000f168900000,0x000000f168a00000)]
  0x000002c4d5875800 JavaThread "Unconstrained build operations Thread 10" [_thread_blocked, id=1284, stack(0x000000f168a00000,0x000000f168b00000)]
  0x000002c4d5876800 JavaThread "Unconstrained build operations Thread 11" [_thread_blocked, id=8068, stack(0x000000f168b00000,0x000000f168c00000)]
  0x000002c4d5877800 JavaThread "Unconstrained build operations Thread 12" [_thread_blocked, id=4572, stack(0x000000f168c00000,0x000000f168d00000)]
  0x000002c4d427b000 JavaThread "Unconstrained build operations Thread 13" [_thread_blocked, id=8572, stack(0x000000f168d00000,0x000000f168e00000)]
  0x000002c4d4280000 JavaThread "Unconstrained build operations Thread 14" [_thread_blocked, id=656, stack(0x000000f168e00000,0x000000f168f00000)]
  0x000002c4d427f000 JavaThread "Unconstrained build operations Thread 15" [_thread_blocked, id=6100, stack(0x000000f168f00000,0x000000f169000000)]
  0x000002c4d427a000 JavaThread "Unconstrained build operations Thread 16" [_thread_blocked, id=8832, stack(0x000000f169000000,0x000000f169100000)]
  0x000002c4d4280800 JavaThread "Unconstrained build operations Thread 17" [_thread_blocked, id=5688, stack(0x000000f169100000,0x000000f169200000)]
  0x000002c4d4281800 JavaThread "Unconstrained build operations Thread 18" [_thread_blocked, id=3320, stack(0x000000f169200000,0x000000f169300000)]
  0x000002c4d427c000 JavaThread "Unconstrained build operations Thread 19" [_thread_blocked, id=8248, stack(0x000000f169300000,0x000000f169400000)]
  0x000002c4d427c800 JavaThread "Unconstrained build operations Thread 20" [_thread_blocked, id=8332, stack(0x000000f169400000,0x000000f169500000)]

Other Threads:
  0x000002c4d2ddd800 VMThread "VM Thread" [stack: 0x000000f165d00000,0x000000f165e00000] [id=1584]
  0x000002c4d38e6000 WatcherThread [stack: 0x000000f166700000,0x000000f166800000] [id=8080]
  0x000002c4b9093000 GCTaskThread "GC Thread#0" [stack: 0x000000f165800000,0x000000f165900000] [id=3792]
  0x000002c4d399b800 GCTaskThread "GC Thread#1" [stack: 0x000000f166800000,0x000000f166900000] [id=9160]
  0x000002c4b90c5000 ConcurrentGCThread "G1 Main Marker" [stack: 0x000000f165900000,0x000000f165a00000] [id=544]
  0x000002c4b90c6000 ConcurrentGCThread "G1 Conc#0" [stack: 0x000000f165a00000,0x000000f165b00000] [id=6544]
  0x000002c4b9117800 ConcurrentGCThread "G1 Refine#0" [stack: 0x000000f165b00000,0x000000f165c00000] [id=8108]
  0x000002c4b9118800 ConcurrentGCThread "G1 Young RemSet Sampling" [stack: 0x000000f165c00000,0x000000f165d00000] [id=7672]

Threads with active compile tasks:
C2 CompilerThread0 315308 11006       4       org.gradle.internal.snapshot.VfsRelativePath::compareToFirstSegment (203 bytes)

VM state:not at safepoint (normal execution)

VM Mutex/Monitor currently owned by a thread: None

Heap address: 0x0000000080000000, size: 2048 MB, Compressed Oops mode: 32-bit
Narrow klass base: 0x0000000000000000, Narrow klass shift: 3
Compressed class space size: 1073741824 Address: 0x0000000100000000

Heap:
 garbage-first heap   total 239616K, used 130417K [0x0000000080000000, 0x0000000100000000)
  region size 1024K, 44 young (45056K), 7 survivors (7168K)
 Metaspace       used 66485K, capacity 68365K, committed 68400K, reserved 1110016K
  class space    used 8150K, capacity 8807K, committed 8832K, reserved 1048576K
Heap Regions: E=young(eden), S=young(survivor), O=old, HS=humongous(starts), HC=humongous(continues), CS=collection set, F=free, A=archive, TAMS=top-at-mark-start (previous, next)
|   0|0x0000000080000000, 0x0000000080100000, 0x0000000080100000|100%| O|  |TAMS 0x0000000080100000, 0x0000000080000000| Untracked 
|   1|0x0000000080100000, 0x0000000080200000, 0x0000000080200000|100%| O|  |TAMS 0x0000000080200000, 0x0000000080100000| Untracked 
|   2|0x0000000080200000, 0x0000000080300000, 0x0000000080300000|100%| O|  |TAMS 0x0000000080300000, 0x0000000080200000| Untracked 
|   3|0x0000000080300000, 0x0000000080400000, 0x0000000080400000|100%| O|  |TAMS 0x0000000080400000, 0x0000000080300000| Untracked 
|   4|0x0000000080400000, 0x0000000080500000, 0x0000000080500000|100%|HS|  |TAMS 0x0000000080500000, 0x0000000080400000| Complete 
|   5|0x0000000080500000, 0x0000000080600000, 0x0000000080600000|100%|HC|  |TAMS 0x0000000080600000, 0x0000000080500000| Complete 
|   6|0x0000000080600000, 0x0000000080700000, 0x0000000080700000|100%|HC|  |TAMS 0x0000000080700000, 0x0000000080600000| Complete 
|   7|0x0000000080700000, 0x0000000080800000, 0x0000000080800000|100%| O|  |TAMS 0x0000000080800000, 0x0000000080700000| Untracked 
|   8|0x0000000080800000, 0x0000000080900000, 0x0000000080900000|100%| O|  |TAMS 0x0000000080900000, 0x0000000080800000| Untracked 
|   9|0x0000000080900000, 0x0000000080a00000, 0x0000000080a00000|100%| O|  |TAMS 0x0000000080a00000, 0x0000000080900000| Untracked 
|  10|0x0000000080a00000, 0x0000000080b00000, 0x0000000080b00000|100%| O|  |TAMS 0x0000000080b00000, 0x0000000080a00000| Untracked 
|  11|0x0000000080b00000, 0x0000000080c00000, 0x0000000080c00000|100%| O|  |TAMS 0x0000000080c00000, 0x0000000080b00000| Untracked 
|  12|0x0000000080c00000, 0x0000000080d00000, 0x0000000080d00000|100%| O|  |TAMS 0x0000000080d00000, 0x0000000080c00000| Untracked 
|  13|0x0000000080d00000, 0x0000000080e00000, 0x0000000080e00000|100%| O|  |TAMS 0x0000000080e00000, 0x0000000080d00000| Untracked 
|  14|0x0000000080e00000, 0x0000000080f00000, 0x0000000080f00000|100%| O|  |TAMS 0x0000000080f00000, 0x0000000080e00000| Untracked 
|  15|0x0000000080f00000, 0x0000000081000000, 0x0000000081000000|100%| O|  |TAMS 0x0000000081000000, 0x0000000080f00000| Untracked 
|  16|0x0000000081000000, 0x0000000081100000, 0x0000000081100000|100%| O|  |TAMS 0x0000000081100000, 0x0000000081000000| Untracked 
|  17|0x0000000081100000, 0x0000000081200000, 0x0000000081200000|100%|HS|  |TAMS 0x0000000081200000, 0x0000000081100000| Complete 
|  18|0x0000000081200000, 0x0000000081300000, 0x0000000081300000|100%|HC|  |TAMS 0x0000000081300000, 0x0000000081200000| Complete 
|  19|0x0000000081300000, 0x0000000081400000, 0x0000000081400000|100%|HS|  |TAMS 0x0000000081400000, 0x0000000081300000| Complete 
|  20|0x0000000081400000, 0x0000000081500000, 0x0000000081500000|100%|HC|  |TAMS 0x0000000081500000, 0x0000000081400000| Complete 
|  21|0x0000000081500000, 0x0000000081600000, 0x0000000081600000|100%|HC|  |TAMS 0x0000000081600000, 0x0000000081500000| Complete 
|  22|0x0000000081600000, 0x0000000081700000, 0x0000000081700000|100%|HS|  |TAMS 0x0000000081700000, 0x0000000081600000| Complete 
|  23|0x0000000081700000, 0x0000000081800000, 0x0000000081800000|100%|HC|  |TAMS 0x0000000081800000, 0x0000000081700000| Complete 
|  24|0x0000000081800000, 0x0000000081900000, 0x0000000081900000|100%|HC|  |TAMS 0x0000000081900000, 0x0000000081800000| Complete 
|  25|0x0000000081900000, 0x0000000081a00000, 0x0000000081a00000|100%|HC|  |TAMS 0x0000000081a00000, 0x0000000081900000| Complete 
|  26|0x0000000081a00000, 0x0000000081b00000, 0x0000000081b00000|100%| O|  |TAMS 0x0000000081b00000, 0x0000000081a00000| Untracked 
|  27|0x0000000081b00000, 0x0000000081c00000, 0x0000000081c00000|100%| O|  |TAMS 0x0000000081c00000, 0x0000000081b00000| Untracked 
|  28|0x0000000081c00000, 0x0000000081d00000, 0x0000000081d00000|100%| O|  |TAMS 0x0000000081d00000, 0x0000000081c00000| Untracked 
|  29|0x0000000081d00000, 0x0000000081e00000, 0x0000000081e00000|100%| O|  |TAMS 0x0000000081e00000, 0x0000000081d00000| Untracked 
|  30|0x0000000081e00000, 0x0000000081f00000, 0x0000000081f00000|100%| O|  |TAMS 0x0000000081f00000, 0x0000000081e00000| Untracked 
|  31|0x0000000081f00000, 0x0000000082000000, 0x0000000082000000|100%| O|  |TAMS 0x0000000082000000, 0x0000000081f00000| Untracked 
|  32|0x0000000082000000, 0x0000000082100000, 0x0000000082100000|100%| O|  |TAMS 0x0000000082100000, 0x0000000082000000| Untracked 
|  33|0x0000000082100000, 0x0000000082200000, 0x0000000082200000|100%| O|  |TAMS 0x0000000082200000, 0x0000000082100000| Untracked 
|  34|0x0000000082200000, 0x0000000082300000, 0x0000000082300000|100%| O|  |TAMS 0x0000000082300000, 0x0000000082200000| Untracked 
|  35|0x0000000082300000, 0x0000000082400000, 0x0000000082400000|100%| O|  |TAMS 0x0000000082400000, 0x0000000082300000| Untracked 
|  36|0x0000000082400000, 0x0000000082500000, 0x0000000082500000|100%| O|  |TAMS 0x0000000082500000, 0x0000000082400000| Untracked 
|  37|0x0000000082500000, 0x0000000082600000, 0x0000000082600000|100%| O|  |TAMS 0x0000000082600000, 0x0000000082500000| Untracked 
|  38|0x0000000082600000, 0x0000000082700000, 0x0000000082700000|100%| O|  |TAMS 0x0000000082700000, 0x0000000082600000| Untracked 
|  39|0x0000000082700000, 0x0000000082800000, 0x0000000082800000|100%| O|  |TAMS 0x0000000082800000, 0x0000000082700000| Untracked 
|  40|0x0000000082800000, 0x0000000082900000, 0x0000000082900000|100%| O|  |TAMS 0x0000000082900000, 0x0000000082800000| Untracked 
|  41|0x0000000082900000, 0x0000000082a00000, 0x0000000082a00000|100%| O|  |TAMS 0x0000000082900000, 0x0000000082900000| Untracked 
|  42|0x0000000082a00000, 0x0000000082b00000, 0x0000000082b00000|100%| O|  |TAMS 0x0000000082b00000, 0x0000000082a00000| Untracked 
|  43|0x0000000082b00000, 0x0000000082c00000, 0x0000000082c00000|100%| O|  |TAMS 0x0000000082c00000, 0x0000000082b00000| Untracked 
|  44|0x0000000082c00000, 0x0000000082d00000, 0x0000000082d00000|100%|HS|  |TAMS 0x0000000082c00000, 0x0000000082c00000| Complete 
|  45|0x0000000082d00000, 0x0000000082e00000, 0x0000000082e00000|100%|HC|  |TAMS 0x0000000082d00000, 0x0000000082d00000| Complete 
|  46|0x0000000082e00000, 0x0000000082f00000, 0x0000000082f00000|100%|HC|  |TAMS 0x0000000082e00000, 0x0000000082e00000| Complete 
|  47|0x0000000082f00000, 0x0000000083000000, 0x0000000083000000|100%|HC|  |TAMS 0x0000000082f00000, 0x0000000082f00000| Complete 
|  48|0x0000000083000000, 0x0000000083100000, 0x0000000083100000|100%| O|  |TAMS 0x0000000083000000, 0x0000000083000000| Untracked 
|  49|0x0000000083100000, 0x0000000083200000, 0x0000000083200000|100%| O|  |TAMS 0x0000000083200000, 0x0000000083100000| Untracked 
|  50|0x0000000083200000, 0x0000000083300000, 0x0000000083300000|100%| O|  |TAMS 0x0000000083200000, 0x0000000083200000| Untracked 
|  51|0x0000000083300000, 0x0000000083400000, 0x0000000083400000|100%| O|  |TAMS 0x0000000083300000, 0x0000000083300000| Untracked 
|  52|0x0000000083400000, 0x0000000083500000, 0x0000000083500000|100%| O|  |TAMS 0x0000000083400000, 0x0000000083400000| Untracked 
|  53|0x0000000083500000, 0x0000000083600000, 0x0000000083600000|100%| O|  |TAMS 0x0000000083500000, 0x0000000083500000| Untracked 
|  54|0x0000000083600000, 0x0000000083700000, 0x0000000083700000|100%| O|  |TAMS 0x0000000083600000, 0x0000000083600000| Untracked 
|  55|0x0000000083700000, 0x0000000083800000, 0x0000000083800000|100%| O|  |TAMS 0x0000000083700000, 0x0000000083700000| Untracked 
|  56|0x0000000083800000, 0x0000000083900000, 0x0000000083900000|100%| O|  |TAMS 0x0000000083800000, 0x0000000083800000| Untracked 
|  57|0x0000000083900000, 0x0000000083a00000, 0x0000000083a00000|100%| O|  |TAMS 0x0000000083900000, 0x0000000083900000| Untracked 
|  58|0x0000000083a00000, 0x0000000083b00000, 0x0000000083b00000|100%|HS|  |TAMS 0x0000000083a00000, 0x0000000083a00000| Complete 
|  59|0x0000000083b00000, 0x0000000083c00000, 0x0000000083c00000|100%|HC|  |TAMS 0x0000000083b00000, 0x0000000083b00000| Complete 
|  60|0x0000000083c00000, 0x0000000083d00000, 0x0000000083d00000|100%|HC|  |TAMS 0x0000000083c00000, 0x0000000083c00000| Complete 
|  61|0x0000000083d00000, 0x0000000083e00000, 0x0000000083e00000|100%| O|  |TAMS 0x0000000083d00000, 0x0000000083d00000| Untracked 
|  62|0x0000000083e00000, 0x0000000083f00000, 0x0000000083f00000|100%| O|  |TAMS 0x0000000083e00000, 0x0000000083e00000| Untracked 
|  63|0x0000000083f00000, 0x0000000084000000, 0x0000000084000000|100%| O|  |TAMS 0x0000000083f00000, 0x0000000083f00000| Untracked 
|  64|0x0000000084000000, 0x0000000084100000, 0x0000000084100000|100%| O|  |TAMS 0x0000000084000000, 0x0000000084000000| Untracked 
|  65|0x0000000084100000, 0x0000000084200000, 0x0000000084200000|100%| O|  |TAMS 0x0000000084100000, 0x0000000084100000| Untracked 
|  66|0x0000000084200000, 0x0000000084300000, 0x0000000084300000|100%| O|  |TAMS 0x0000000084200000, 0x0000000084200000| Untracked 
|  67|0x0000000084300000, 0x0000000084400000, 0x0000000084400000|100%| O|  |TAMS 0x0000000084300000, 0x0000000084300000| Untracked 
|  68|0x0000000084400000, 0x0000000084500000, 0x0000000084500000|100%| O|  |TAMS 0x0000000084400000, 0x0000000084400000| Untracked 
|  69|0x0000000084500000, 0x0000000084600000, 0x0000000084600000|100%| O|  |TAMS 0x0000000084500000, 0x0000000084500000| Untracked 
|  70|0x0000000084600000, 0x0000000084700000, 0x0000000084700000|100%| O|  |TAMS 0x0000000084600000, 0x0000000084600000| Untracked 
|  71|0x0000000084700000, 0x0000000084800000, 0x0000000084800000|100%| O|  |TAMS 0x0000000084700000, 0x0000000084700000| Untracked 
|  72|0x0000000084800000, 0x0000000084900000, 0x0000000084900000|100%| O|  |TAMS 0x0000000084800000, 0x0000000084800000| Untracked 
|  73|0x0000000084900000, 0x0000000084a00000, 0x0000000084a00000|100%| O|  |TAMS 0x0000000084900000, 0x0000000084900000| Untracked 
|  74|0x0000000084a00000, 0x0000000084b00000, 0x0000000084b00000|100%| O|  |TAMS 0x0000000084a00000, 0x0000000084a00000| Untracked 
|  75|0x0000000084b00000, 0x0000000084c00000, 0x0000000084c00000|100%| O|  |TAMS 0x0000000084b00000, 0x0000000084b00000| Untracked 
|  76|0x0000000084c00000, 0x0000000084d00000, 0x0000000084d00000|100%| O|  |TAMS 0x0000000084c00000, 0x0000000084c00000| Untracked 
|  77|0x0000000084d00000, 0x0000000084e00000, 0x0000000084e00000|100%| O|  |TAMS 0x0000000084d00000, 0x0000000084d00000| Untracked 
|  78|0x0000000084e00000, 0x0000000084f00000, 0x0000000084f00000|100%| O|  |TAMS 0x0000000084e00000, 0x0000000084e00000| Untracked 
|  79|0x0000000084f00000, 0x0000000085000000, 0x0000000085000000|100%| O|  |TAMS 0x0000000084f00000, 0x0000000084f00000| Untracked 
|  80|0x0000000085000000, 0x0000000085100000, 0x0000000085100000|100%| O|  |TAMS 0x0000000085000000, 0x0000000085000000| Untracked 
|  81|0x0000000085100000, 0x0000000085200000, 0x0000000085200000|100%|HS|  |TAMS 0x0000000085100000, 0x0000000085100000| Complete 
|  82|0x0000000085200000, 0x0000000085300000, 0x0000000085300000|100%|HC|  |TAMS 0x0000000085200000, 0x0000000085200000| Complete 
|  83|0x0000000085300000, 0x0000000085400000, 0x0000000085400000|100%|HC|  |TAMS 0x0000000085300000, 0x0000000085300000| Complete 
|  84|0x0000000085400000, 0x00000000854b5800, 0x0000000085500000| 70%| O|  |TAMS 0x0000000085400000, 0x0000000085400000| Untracked 
|  85|0x0000000085500000, 0x0000000085600000, 0x0000000085600000|100%|HS|  |TAMS 0x0000000085500000, 0x0000000085500000| Complete 
|  86|0x0000000085600000, 0x0000000085600000, 0x0000000085700000|  0%| F|  |TAMS 0x0000000085600000, 0x0000000085600000| Untracked 
|  87|0x0000000085700000, 0x0000000085700000, 0x0000000085800000|  0%| F|  |TAMS 0x0000000085700000, 0x0000000085700000| Untracked 
|  88|0x0000000085800000, 0x0000000085800000, 0x0000000085900000|  0%| F|  |TAMS 0x0000000085800000, 0x0000000085800000| Untracked 
|  89|0x0000000085900000, 0x0000000085900000, 0x0000000085a00000|  0%| F|  |TAMS 0x0000000085900000, 0x0000000085900000| Untracked 
|  90|0x0000000085a00000, 0x0000000085a00000, 0x0000000085b00000|  0%| F|  |TAMS 0x0000000085a00000, 0x0000000085a00000| Untracked 
|  91|0x0000000085b00000, 0x0000000085b00000, 0x0000000085c00000|  0%| F|  |TAMS 0x0000000085b00000, 0x0000000085b00000| Untracked 
|  92|0x0000000085c00000, 0x0000000085c00000, 0x0000000085d00000|  0%| F|  |TAMS 0x0000000085c00000, 0x0000000085c00000| Untracked 
|  93|0x0000000085d00000, 0x0000000085d00000, 0x0000000085e00000|  0%| F|  |TAMS 0x0000000085d00000, 0x0000000085d00000| Untracked 
|  94|0x0000000085e00000, 0x0000000085e00000, 0x0000000085f00000|  0%| F|  |TAMS 0x0000000085e00000, 0x0000000085e00000| Untracked 
|  95|0x0000000085f00000, 0x0000000085f00000, 0x0000000086000000|  0%| F|  |TAMS 0x0000000085f00000, 0x0000000085f00000| Untracked 
|  96|0x0000000086000000, 0x0000000086000000, 0x0000000086100000|  0%| F|  |TAMS 0x0000000086000000, 0x0000000086000000| Untracked 
|  97|0x0000000086100000, 0x0000000086100000, 0x0000000086200000|  0%| F|  |TAMS 0x0000000086100000, 0x0000000086100000| Untracked 
|  98|0x0000000086200000, 0x0000000086200000, 0x0000000086300000|  0%| F|  |TAMS 0x0000000086200000, 0x0000000086200000| Untracked 
|  99|0x0000000086300000, 0x0000000086300000, 0x0000000086400000|  0%| F|  |TAMS 0x0000000086300000, 0x0000000086300000| Untracked 
| 100|0x0000000086400000, 0x0000000086400000, 0x0000000086500000|  0%| F|  |TAMS 0x0000000086400000, 0x0000000086400000| Untracked 
| 101|0x0000000086500000, 0x0000000086500000, 0x0000000086600000|  0%| F|  |TAMS 0x0000000086500000, 0x0000000086500000| Untracked 
| 102|0x0000000086600000, 0x0000000086600000, 0x0000000086700000|  0%| F|  |TAMS 0x0000000086600000, 0x0000000086600000| Untracked 
| 103|0x0000000086700000, 0x0000000086700000, 0x0000000086800000|  0%| F|  |TAMS 0x0000000086700000, 0x0000000086700000| Untracked 
| 104|0x0000000086800000, 0x0000000086800000, 0x0000000086900000|  0%| F|  |TAMS 0x0000000086800000, 0x0000000086800000| Untracked 
| 105|0x0000000086900000, 0x0000000086900000, 0x0000000086a00000|  0%| F|  |TAMS 0x0000000086900000, 0x0000000086900000| Untracked 
| 106|0x0000000086a00000, 0x0000000086a00000, 0x0000000086b00000|  0%| F|  |TAMS 0x0000000086a00000, 0x0000000086a00000| Untracked 
| 107|0x0000000086b00000, 0x0000000086b00000, 0x0000000086c00000|  0%| F|  |TAMS 0x0000000086b00000, 0x0000000086b00000| Untracked 
| 108|0x0000000086c00000, 0x0000000086c00000, 0x0000000086d00000|  0%| F|  |TAMS 0x0000000086c00000, 0x0000000086c00000| Untracked 
| 109|0x0000000086d00000, 0x0000000086da6dc8, 0x0000000086e00000| 65%| S|CS|TAMS 0x0000000086d00000, 0x0000000086d00000| Complete 
| 110|0x0000000086e00000, 0x0000000086f00000, 0x0000000086f00000|100%| S|CS|TAMS 0x0000000086e00000, 0x0000000086e00000| Complete 
| 111|0x0000000086f00000, 0x0000000087000000, 0x0000000087000000|100%| S|CS|TAMS 0x0000000086f00000, 0x0000000086f00000| Complete 
| 112|0x0000000087000000, 0x0000000087000000, 0x0000000087100000|  0%| F|  |TAMS 0x0000000087000000, 0x0000000087000000| Untracked 
| 113|0x0000000087100000, 0x0000000087200000, 0x0000000087200000|100%| S|CS|TAMS 0x0000000087100000, 0x0000000087100000| Complete 
| 114|0x0000000087200000, 0x0000000087200000, 0x0000000087300000|  0%| F|  |TAMS 0x0000000087200000, 0x0000000087200000| Untracked 
| 115|0x0000000087300000, 0x0000000087300000, 0x0000000087400000|  0%| F|  |TAMS 0x0000000087300000, 0x0000000087300000| Untracked 
| 116|0x0000000087400000, 0x0000000087500000, 0x0000000087500000|100%| S|CS|TAMS 0x0000000087400000, 0x0000000087400000| Complete 
| 117|0x0000000087500000, 0x0000000087500000, 0x0000000087600000|  0%| F|  |TAMS 0x0000000087500000, 0x0000000087500000| Untracked 
| 118|0x0000000087600000, 0x0000000087600000, 0x0000000087700000|  0%| F|  |TAMS 0x0000000087600000, 0x0000000087600000| Untracked 
| 119|0x0000000087700000, 0x0000000087800000, 0x0000000087800000|100%| S|CS|TAMS 0x0000000087700000, 0x0000000087700000| Complete 
| 120|0x0000000087800000, 0x0000000087900000, 0x0000000087900000|100%| S|CS|TAMS 0x0000000087800000, 0x0000000087800000| Complete 
| 121|0x0000000087900000, 0x0000000087900000, 0x0000000087a00000|  0%| F|  |TAMS 0x0000000087900000, 0x0000000087900000| Untracked 
| 122|0x0000000087a00000, 0x0000000087a00000, 0x0000000087b00000|  0%| F|  |TAMS 0x0000000087a00000, 0x0000000087a00000| Untracked 
| 123|0x0000000087b00000, 0x0000000087b00000, 0x0000000087c00000|  0%| F|  |TAMS 0x0000000087b00000, 0x0000000087b00000| Untracked 
| 124|0x0000000087c00000, 0x0000000087c00000, 0x0000000087d00000|  0%| F|  |TAMS 0x0000000087c00000, 0x0000000087c00000| Untracked 
| 125|0x0000000087d00000, 0x0000000087d00000, 0x0000000087e00000|  0%| F|  |TAMS 0x0000000087d00000, 0x0000000087d00000| Untracked 
| 126|0x0000000087e00000, 0x0000000087e00000, 0x0000000087f00000|  0%| F|  |TAMS 0x0000000087e00000, 0x0000000087e00000| Untracked 
| 127|0x0000000087f00000, 0x0000000087f00000, 0x0000000088000000|  0%| F|  |TAMS 0x0000000087f00000, 0x0000000087f00000| Untracked 
| 128|0x0000000088000000, 0x0000000088000000, 0x0000000088100000|  0%| F|  |TAMS 0x0000000088000000, 0x0000000088000000| Untracked 
| 129|0x0000000088100000, 0x0000000088100000, 0x0000000088200000|  0%| F|  |TAMS 0x0000000088100000, 0x0000000088100000| Untracked 
| 130|0x0000000088200000, 0x0000000088200000, 0x0000000088300000|  0%| F|  |TAMS 0x0000000088200000, 0x0000000088200000| Untracked 
| 131|0x0000000088300000, 0x0000000088300000, 0x0000000088400000|  0%| F|  |TAMS 0x0000000088300000, 0x0000000088300000| Untracked 
| 132|0x0000000088400000, 0x0000000088400000, 0x0000000088500000|  0%| F|  |TAMS 0x0000000088400000, 0x0000000088400000| Untracked 
| 133|0x0000000088500000, 0x0000000088500000, 0x0000000088600000|  0%| F|  |TAMS 0x0000000088500000, 0x0000000088500000| Untracked 
| 134|0x0000000088600000, 0x0000000088600000, 0x0000000088700000|  0%| F|  |TAMS 0x0000000088600000, 0x0000000088600000| Untracked 
| 135|0x0000000088700000, 0x0000000088700000, 0x0000000088800000|  0%| F|  |TAMS 0x0000000088700000, 0x0000000088700000| Untracked 
| 136|0x0000000088800000, 0x0000000088800000, 0x0000000088900000|  0%| F|  |TAMS 0x0000000088800000, 0x0000000088800000| Untracked 
| 137|0x0000000088900000, 0x0000000088900000, 0x0000000088a00000|  0%| F|  |TAMS 0x0000000088900000, 0x0000000088900000| Untracked 
| 138|0x0000000088a00000, 0x0000000088a00000, 0x0000000088b00000|  0%| F|  |TAMS 0x0000000088a00000, 0x0000000088a00000| Untracked 
| 139|0x0000000088b00000, 0x0000000088b00000, 0x0000000088c00000|  0%| F|  |TAMS 0x0000000088b00000, 0x0000000088b00000| Untracked 
| 140|0x0000000088c00000, 0x0000000088c00000, 0x0000000088d00000|  0%| F|  |TAMS 0x0000000088c00000, 0x0000000088c00000| Untracked 
| 141|0x0000000088d00000, 0x0000000088d00000, 0x0000000088e00000|  0%| F|  |TAMS 0x0000000088d00000, 0x0000000088d00000| Untracked 
| 142|0x0000000088e00000, 0x0000000088e00000, 0x0000000088f00000|  0%| F|  |TAMS 0x0000000088e00000, 0x0000000088e00000| Untracked 
| 143|0x0000000088f00000, 0x0000000088f00000, 0x0000000089000000|  0%| F|  |TAMS 0x0000000088f00000, 0x0000000088f00000| Untracked 
| 144|0x0000000089000000, 0x0000000089000000, 0x0000000089100000|  0%| F|  |TAMS 0x0000000089000000, 0x0000000089000000| Untracked 
| 145|0x0000000089100000, 0x0000000089100000, 0x0000000089200000|  0%| F|  |TAMS 0x0000000089100000, 0x0000000089100000| Untracked 
| 146|0x0000000089200000, 0x0000000089200000, 0x0000000089300000|  0%| F|  |TAMS 0x0000000089200000, 0x0000000089200000| Untracked 
| 147|0x0000000089300000, 0x0000000089300000, 0x0000000089400000|  0%| F|  |TAMS 0x0000000089300000, 0x0000000089300000| Untracked 
| 148|0x0000000089400000, 0x0000000089400000, 0x0000000089500000|  0%| F|  |TAMS 0x0000000089400000, 0x0000000089400000| Untracked 
| 149|0x0000000089500000, 0x0000000089500000, 0x0000000089600000|  0%| F|  |TAMS 0x0000000089500000, 0x0000000089500000| Untracked 
| 150|0x0000000089600000, 0x0000000089600000, 0x0000000089700000|  0%| F|  |TAMS 0x0000000089600000, 0x0000000089600000| Untracked 
| 151|0x0000000089700000, 0x0000000089700000, 0x0000000089800000|  0%| F|  |TAMS 0x0000000089700000, 0x0000000089700000| Untracked 
| 152|0x0000000089800000, 0x0000000089800000, 0x0000000089900000|  0%| F|  |TAMS 0x0000000089800000, 0x0000000089800000| Untracked 
| 153|0x0000000089900000, 0x0000000089900000, 0x0000000089a00000|  0%| F|  |TAMS 0x0000000089900000, 0x0000000089900000| Untracked 
| 154|0x0000000089a00000, 0x0000000089a00000, 0x0000000089b00000|  0%| F|  |TAMS 0x0000000089a00000, 0x0000000089a00000| Untracked 
| 155|0x0000000089b00000, 0x0000000089b00000, 0x0000000089c00000|  0%| F|  |TAMS 0x0000000089b00000, 0x0000000089b00000| Untracked 
| 156|0x0000000089c00000, 0x0000000089c00000, 0x0000000089d00000|  0%| F|  |TAMS 0x0000000089c00000, 0x0000000089c00000| Untracked 
| 157|0x0000000089d00000, 0x0000000089d00000, 0x0000000089e00000|  0%| F|  |TAMS 0x0000000089d00000, 0x0000000089d00000| Untracked 
| 158|0x0000000089e00000, 0x0000000089e00000, 0x0000000089f00000|  0%| F|  |TAMS 0x0000000089e00000, 0x0000000089e00000| Untracked 
| 159|0x0000000089f00000, 0x0000000089f00000, 0x000000008a000000|  0%| F|  |TAMS 0x0000000089f00000, 0x0000000089f00000| Untracked 
| 160|0x000000008a000000, 0x000000008a000000, 0x000000008a100000|  0%| F|  |TAMS 0x000000008a000000, 0x000000008a000000| Untracked 
| 161|0x000000008a100000, 0x000000008a100000, 0x000000008a200000|  0%| F|  |TAMS 0x000000008a100000, 0x000000008a100000| Untracked 
| 162|0x000000008a200000, 0x000000008a200000, 0x000000008a300000|  0%| F|  |TAMS 0x000000008a200000, 0x000000008a200000| Untracked 
| 163|0x000000008a300000, 0x000000008a300000, 0x000000008a400000|  0%| F|  |TAMS 0x000000008a300000, 0x000000008a300000| Untracked 
| 164|0x000000008a400000, 0x000000008a400000, 0x000000008a500000|  0%| F|  |TAMS 0x000000008a400000, 0x000000008a400000| Untracked 
| 165|0x000000008a500000, 0x000000008a500000, 0x000000008a600000|  0%| F|  |TAMS 0x000000008a500000, 0x000000008a500000| Untracked 
| 166|0x000000008a600000, 0x000000008a600000, 0x000000008a700000|  0%| F|  |TAMS 0x000000008a600000, 0x000000008a600000| Untracked 
| 167|0x000000008a700000, 0x000000008a700000, 0x000000008a800000|  0%| F|  |TAMS 0x000000008a700000, 0x000000008a700000| Untracked 
| 168|0x000000008a800000, 0x000000008a800000, 0x000000008a900000|  0%| F|  |TAMS 0x000000008a800000, 0x000000008a800000| Untracked 
| 169|0x000000008a900000, 0x000000008a900000, 0x000000008aa00000|  0%| F|  |TAMS 0x000000008a900000, 0x000000008a900000| Untracked 
| 170|0x000000008aa00000, 0x000000008aa00000, 0x000000008ab00000|  0%| F|  |TAMS 0x000000008aa00000, 0x000000008aa00000| Untracked 
| 171|0x000000008ab00000, 0x000000008ab00000, 0x000000008ac00000|  0%| F|  |TAMS 0x000000008ab00000, 0x000000008ab00000| Untracked 
| 172|0x000000008ac00000, 0x000000008ac00000, 0x000000008ad00000|  0%| F|  |TAMS 0x000000008ac00000, 0x000000008ac00000| Untracked 
| 173|0x000000008ad00000, 0x000000008ad00000, 0x000000008ae00000|  0%| F|  |TAMS 0x000000008ad00000, 0x000000008ad00000| Untracked 
| 174|0x000000008ae00000, 0x000000008ae00000, 0x000000008af00000|  0%| F|  |TAMS 0x000000008ae00000, 0x000000008ae00000| Untracked 
| 175|0x000000008af00000, 0x000000008af00000, 0x000000008b000000|  0%| F|  |TAMS 0x000000008af00000, 0x000000008af00000| Untracked 
| 176|0x000000008b000000, 0x000000008b000000, 0x000000008b100000|  0%| F|  |TAMS 0x000000008b000000, 0x000000008b000000| Untracked 
| 177|0x000000008b100000, 0x000000008b100000, 0x000000008b200000|  0%| F|  |TAMS 0x000000008b100000, 0x000000008b100000| Untracked 
| 178|0x000000008b200000, 0x000000008b200000, 0x000000008b300000|  0%| F|  |TAMS 0x000000008b200000, 0x000000008b200000| Untracked 
| 179|0x000000008b300000, 0x000000008b300000, 0x000000008b400000|  0%| F|  |TAMS 0x000000008b300000, 0x000000008b300000| Untracked 
| 180|0x000000008b400000, 0x000000008b400000, 0x000000008b500000|  0%| F|  |TAMS 0x000000008b400000, 0x000000008b400000| Untracked 
| 181|0x000000008b500000, 0x000000008b500000, 0x000000008b600000|  0%| F|  |TAMS 0x000000008b500000, 0x000000008b500000| Untracked 
| 182|0x000000008b600000, 0x000000008b600000, 0x000000008b700000|  0%| F|  |TAMS 0x000000008b600000, 0x000000008b600000| Untracked 
| 183|0x000000008b700000, 0x000000008b700000, 0x000000008b800000|  0%| F|  |TAMS 0x000000008b700000, 0x000000008b700000| Untracked 
| 184|0x000000008b800000, 0x000000008b800000, 0x000000008b900000|  0%| F|  |TAMS 0x000000008b800000, 0x000000008b800000| Untracked 
| 185|0x000000008b900000, 0x000000008b900000, 0x000000008ba00000|  0%| F|  |TAMS 0x000000008b900000, 0x000000008b900000| Untracked 
| 186|0x000000008ba00000, 0x000000008ba00000, 0x000000008bb00000|  0%| F|  |TAMS 0x000000008ba00000, 0x000000008ba00000| Untracked 
| 187|0x000000008bb00000, 0x000000008bb00000, 0x000000008bc00000|  0%| F|  |TAMS 0x000000008bb00000, 0x000000008bb00000| Untracked 
| 188|0x000000008bc00000, 0x000000008bc00000, 0x000000008bd00000|  0%| F|  |TAMS 0x000000008bc00000, 0x000000008bc00000| Untracked 
| 189|0x000000008bd00000, 0x000000008bd00000, 0x000000008be00000|  0%| F|  |TAMS 0x000000008bd00000, 0x000000008bd00000| Untracked 
| 190|0x000000008be00000, 0x000000008be00000, 0x000000008bf00000|  0%| F|  |TAMS 0x000000008be00000, 0x000000008be00000| Untracked 
| 191|0x000000008bf00000, 0x000000008bf00000, 0x000000008c000000|  0%| F|  |TAMS 0x000000008bf00000, 0x000000008bf00000| Untracked 
| 192|0x000000008c000000, 0x000000008c000000, 0x000000008c100000|  0%| F|  |TAMS 0x000000008c000000, 0x000000008c000000| Untracked 
| 193|0x000000008c100000, 0x000000008c100000, 0x000000008c200000|  0%| F|  |TAMS 0x000000008c100000, 0x000000008c100000| Untracked 
| 194|0x000000008c200000, 0x000000008c200000, 0x000000008c300000|  0%| F|  |TAMS 0x000000008c200000, 0x000000008c200000| Untracked 
| 195|0x000000008c300000, 0x000000008c300000, 0x000000008c400000|  0%| F|  |TAMS 0x000000008c300000, 0x000000008c300000| Untracked 
| 196|0x000000008c400000, 0x000000008c400000, 0x000000008c500000|  0%| F|  |TAMS 0x000000008c400000, 0x000000008c400000| Untracked 
| 197|0x000000008c500000, 0x000000008c54f370, 0x000000008c600000| 30%| E|  |TAMS 0x000000008c500000, 0x000000008c500000| Complete 
| 198|0x000000008c600000, 0x000000008c700000, 0x000000008c700000|100%| E|CS|TAMS 0x000000008c600000, 0x000000008c600000| Complete 
| 199|0x000000008c700000, 0x000000008c800000, 0x000000008c800000|100%| E|CS|TAMS 0x000000008c700000, 0x000000008c700000| Complete 
| 200|0x000000008c800000, 0x000000008c900000, 0x000000008c900000|100%| E|  |TAMS 0x000000008c800000, 0x000000008c800000| Complete 
| 201|0x000000008c900000, 0x000000008ca00000, 0x000000008ca00000|100%| E|CS|TAMS 0x000000008c900000, 0x000000008c900000| Complete 
| 202|0x000000008ca00000, 0x000000008cb00000, 0x000000008cb00000|100%| E|CS|TAMS 0x000000008ca00000, 0x000000008ca00000| Complete 
| 203|0x000000008cb00000, 0x000000008cc00000, 0x000000008cc00000|100%| E|CS|TAMS 0x000000008cb00000, 0x000000008cb00000| Complete 
| 204|0x000000008cc00000, 0x000000008cd00000, 0x000000008cd00000|100%| E|CS|TAMS 0x000000008cc00000, 0x000000008cc00000| Complete 
| 205|0x000000008cd00000, 0x000000008ce00000, 0x000000008ce00000|100%| E|CS|TAMS 0x000000008cd00000, 0x000000008cd00000| Complete 
| 206|0x000000008ce00000, 0x000000008cf00000, 0x000000008cf00000|100%| E|CS|TAMS 0x000000008ce00000, 0x000000008ce00000| Complete 
| 207|0x000000008cf00000, 0x000000008d000000, 0x000000008d000000|100%| E|CS|TAMS 0x000000008cf00000, 0x000000008cf00000| Complete 
| 208|0x000000008d000000, 0x000000008d100000, 0x000000008d100000|100%| E|CS|TAMS 0x000000008d000000, 0x000000008d000000| Complete 
| 209|0x000000008d100000, 0x000000008d200000, 0x000000008d200000|100%| E|CS|TAMS 0x000000008d100000, 0x000000008d100000| Complete 
| 210|0x000000008d200000, 0x000000008d300000, 0x000000008d300000|100%| E|CS|TAMS 0x000000008d200000, 0x000000008d200000| Complete 
| 211|0x000000008d300000, 0x000000008d400000, 0x000000008d400000|100%| E|CS|TAMS 0x000000008d300000, 0x000000008d300000| Complete 
| 212|0x000000008d400000, 0x000000008d500000, 0x000000008d500000|100%| E|CS|TAMS 0x000000008d400000, 0x000000008d400000| Complete 
| 213|0x000000008d500000, 0x000000008d600000, 0x000000008d600000|100%| E|CS|TAMS 0x000000008d500000, 0x000000008d500000| Complete 
| 214|0x000000008d600000, 0x000000008d700000, 0x000000008d700000|100%| E|CS|TAMS 0x000000008d600000, 0x000000008d600000| Complete 
| 215|0x000000008d700000, 0x000000008d800000, 0x000000008d800000|100%| E|CS|TAMS 0x000000008d700000, 0x000000008d700000| Complete 
| 216|0x000000008d800000, 0x000000008d900000, 0x000000008d900000|100%| E|CS|TAMS 0x000000008d800000, 0x000000008d800000| Complete 
| 217|0x000000008d900000, 0x000000008da00000, 0x000000008da00000|100%| E|CS|TAMS 0x000000008d900000, 0x000000008d900000| Complete 
| 218|0x000000008da00000, 0x000000008db00000, 0x000000008db00000|100%| E|CS|TAMS 0x000000008da00000, 0x000000008da00000| Complete 
| 219|0x000000008db00000, 0x000000008dc00000, 0x000000008dc00000|100%| E|CS|TAMS 0x000000008db00000, 0x000000008db00000| Complete 
| 220|0x000000008dc00000, 0x000000008dd00000, 0x000000008dd00000|100%| E|CS|TAMS 0x000000008dc00000, 0x000000008dc00000| Complete 
| 221|0x000000008dd00000, 0x000000008de00000, 0x000000008de00000|100%| E|CS|TAMS 0x000000008dd00000, 0x000000008dd00000| Complete 
| 222|0x000000008de00000, 0x000000008df00000, 0x000000008df00000|100%| E|CS|TAMS 0x000000008de00000, 0x000000008de00000| Complete 
| 223|0x000000008df00000, 0x000000008e000000, 0x000000008e000000|100%| E|CS|TAMS 0x000000008df00000, 0x000000008df00000| Complete 
| 224|0x000000008e000000, 0x000000008e100000, 0x000000008e100000|100%| E|CS|TAMS 0x000000008e000000, 0x000000008e000000| Complete 
| 225|0x000000008e100000, 0x000000008e200000, 0x000000008e200000|100%| E|CS|TAMS 0x000000008e100000, 0x000000008e100000| Complete 
| 226|0x000000008e200000, 0x000000008e300000, 0x000000008e300000|100%| E|CS|TAMS 0x000000008e200000, 0x000000008e200000| Complete 
| 227|0x000000008e300000, 0x000000008e400000, 0x000000008e400000|100%| E|CS|TAMS 0x000000008e300000, 0x000000008e300000| Complete 
| 228|0x000000008e400000, 0x000000008e500000, 0x000000008e500000|100%| E|CS|TAMS 0x000000008e400000, 0x000000008e400000| Complete 
| 229|0x000000008e500000, 0x000000008e600000, 0x000000008e600000|100%| E|CS|TAMS 0x000000008e500000, 0x000000008e500000| Complete 
| 230|0x000000008e600000, 0x000000008e700000, 0x000000008e700000|100%| E|CS|TAMS 0x000000008e600000, 0x000000008e600000| Complete 
| 231|0x000000008e700000, 0x000000008e800000, 0x000000008e800000|100%| E|CS|TAMS 0x000000008e700000, 0x000000008e700000| Complete 
| 232|0x000000008e800000, 0x000000008e900000, 0x000000008e900000|100%| E|CS|TAMS 0x000000008e800000, 0x000000008e800000| Complete 
| 233|0x000000008e900000, 0x000000008ea00000, 0x000000008ea00000|100%| E|CS|TAMS 0x000000008e900000, 0x000000008e900000| Complete 

Card table byte_map: [0x000002c4cc200000,0x000002c4cc600000] _byte_map_base: 0x000002c4cbe00000

Marking Bits (Prev, Next): (CMBitMap*) 0x000002c4b90bc5a8, (CMBitMap*) 0x000002c4b90bc5e0
 Prev Bits: [0x000002c4cca00000, 0x000002c4cea00000)
 Next Bits: [0x000002c4cea00000, 0x000002c4d0a00000)

Polling page: 0x000002c4b76c0000

Metaspace:

Usage:
  Non-class:     58.16 MB capacity,    56.97 MB ( 98%) used,     1.02 MB (  2%) free+waste,   175.63 KB ( <1%) overhead. 
      Class:      8.60 MB capacity,     7.96 MB ( 93%) used,   576.77 KB (  7%) free+waste,    80.13 KB ( <1%) overhead. 
       Both:     66.76 MB capacity,    64.93 MB ( 97%) used,     1.59 MB (  2%) free+waste,   255.75 KB ( <1%) overhead. 

Virtual space:
  Non-class space:       60.00 MB reserved,      58.17 MB ( 97%) committed 
      Class space:        1.00 GB reserved,       8.63 MB ( <1%) committed 
             Both:        1.06 GB reserved,      66.80 MB (  6%) committed 

Chunk freelists:
   Non-Class:  10.00 KB
       Class:  0 bytes
        Both:  10.00 KB

MaxMetaspaceSize: 17179869184.00 GB
CompressedClassSpaceSize: 1.00 GB

CodeHeap 'non-profiled nmethods': size=120064Kb used=6102Kb max_used=8138Kb free=113961Kb
 bounds [0x000002c4c44c0000, 0x000002c4c4cc0000, 0x000002c4cba00000]
CodeHeap 'profiled nmethods': size=120000Kb used=18048Kb max_used=23532Kb free=101951Kb
 bounds [0x000002c4bcf90000, 0x000002c4be6a0000, 0x000002c4c44c0000]
CodeHeap 'non-nmethods': size=5696Kb used=2264Kb max_used=2312Kb free=3432Kb
 bounds [0x000002c4bca00000, 0x000002c4bcc70000, 0x000002c4bcf90000]
 total_blobs=9627 nmethods=8753 adapters=786
 compilation: enabled
              stopped_count=0, restarted_count=0
 full_count=0

Compilation events (20 events):
Event: 283.756 Thread 0x000002c4d2e48800 nmethod 10996 0x000002c4bcfddc90 code [0x000002c4bcfddee0, 0x000002c4bcfdea68]
Event: 288.534 Thread 0x000002c4d2e48800 10997       3       java.util.concurrent.LinkedBlockingDeque::remove (5 bytes)
Event: 288.535 Thread 0x000002c4d2e48800 nmethod 10997 0x000002c4bcfcd190 code [0x000002c4bcfcd3c0, 0x000002c4bcfcda88]
Event: 293.746 Thread 0x000002c4d2e48800 10998       3       java.util.concurrent.CopyOnWriteArraySet::add (9 bytes)
Event: 293.747 Thread 0x000002c4d2e48800 nmethod 10998 0x000002c4bcfbaa10 code [0x000002c4bcfbabe0, 0x000002c4bcfbaf18]
Event: 298.528 Thread 0x000002c4d2e45800 10999       4       java.util.stream.Collectors$$Lambda$63/0x0000000100161040::accept (11 bytes)
Event: 298.537 Thread 0x000002c4d2e45800 nmethod 10999 0x000002c4c44f2390 code [0x000002c4c44f2540, 0x000002c4c44f2ad8]
Event: 303.748 Thread 0x000002c4d2e48800 11000       1       org.gradle.util.internal.DefaultGradleVersion::getVersion (5 bytes)
Event: 303.748 Thread 0x000002c4d2e48800 nmethod 11000 0x000002c4c44e0010 code [0x000002c4c44e01c0, 0x000002c4c44e0278]
Event: 303.748 Thread 0x000002c4d2e48800 11001       3       org.gradle.cache.internal.AbstractFileAccess::<init> (5 bytes)
Event: 303.748 Thread 0x000002c4d2e48800 nmethod 11001 0x000002c4bcfb8610 code [0x000002c4bcfb87c0, 0x000002c4bcfb8918]
Event: 306.893 Thread 0x000002c4d2e48800 11002       3       org.gradle.internal.snapshot.LargeChildMap::withNode (45 bytes)
Event: 306.895 Thread 0x000002c4d2e48800 nmethod 11002 0x000002c4bd030910 code [0x000002c4bd030c00, 0x000002c4bd031cf8]
Event: 306.957 Thread 0x000002c4d2e45800 11003       4       java.util.concurrent.locks.ReentrantLock$FairSync::tryAcquire (74 bytes)
Event: 306.963 Thread 0x000002c4d2e45800 nmethod 11003 0x000002c4c44e1b10 code [0x000002c4c44e1ca0, 0x000002c4c44e1e98]
Event: 309.520 Thread 0x000002c4d2e48800 11004       3       org.gradle.internal.snapshot.AbstractIncompleteFileSystemNode$$Lambda$200/0x0000000100393c40::get (4 bytes)
Event: 309.520 Thread 0x000002c4d2e48800 nmethod 11004 0x000002c4bcfba610 code [0x000002c4bcfba7c0, 0x000002c4bcfba918]
Event: 313.496 Thread 0x000002c4d2e48800 11005       3       org.gradle.internal.snapshot.SingletonChildMap::<init> (10 bytes)
Event: 313.496 Thread 0x000002c4d2e48800 nmethod 11005 0x000002c4bcfc0910 code [0x000002c4bcfc0ac0, 0x000002c4bcfc0c78]
Event: 314.524 Thread 0x000002c4d2e45800 11006       4       org.gradle.internal.snapshot.VfsRelativePath::compareToFirstSegment (203 bytes)

GC Heap History (20 events):
Event: 217.122 GC heap before
{Heap before GC invocations=128 (full 0):
 garbage-first heap   total 239616K, used 194631K [0x0000000080000000, 0x0000000100000000)
  region size 1024K, 108 young (110592K), 5 survivors (5120K)
 Metaspace       used 66435K, capacity 68298K, committed 68400K, reserved 1110016K
  class space    used 8150K, capacity 8807K, committed 8832K, reserved 1048576K
}
Event: 217.136 GC heap after
{Heap after GC invocations=129 (full 0):
 garbage-first heap   total 239616K, used 89400K [0x0000000080000000, 0x0000000100000000)
  region size 1024K, 5 young (5120K), 5 survivors (5120K)
 Metaspace       used 66435K, capacity 68298K, committed 68400K, reserved 1110016K
  class space    used 8150K, capacity 8807K, committed 8832K, reserved 1048576K
}
Event: 220.987 GC heap before
{Heap before GC invocations=129 (full 0):
 garbage-first heap   total 239616K, used 196920K [0x0000000080000000, 0x0000000100000000)
  region size 1024K, 110 young (112640K), 5 survivors (5120K)
 Metaspace       used 66435K, capacity 68298K, committed 68400K, reserved 1110016K
  class space    used 8150K, capacity 8807K, committed 8832K, reserved 1048576K
}
Event: 221.000 GC heap after
{Heap after GC invocations=130 (full 0):
 garbage-first heap   total 239616K, used 89340K [0x0000000080000000, 0x0000000100000000)
  region size 1024K, 5 young (5120K), 5 survivors (5120K)
 Metaspace       used 66435K, capacity 68298K, committed 68400K, reserved 1110016K
  class space    used 8150K, capacity 8807K, committed 8832K, reserved 1048576K
}
Event: 225.213 GC heap before
{Heap before GC invocations=130 (full 0):
 garbage-first heap   total 239616K, used 198908K [0x0000000080000000, 0x0000000100000000)
  region size 1024K, 112 young (114688K), 5 survivors (5120K)
 Metaspace       used 66436K, capacity 68298K, committed 68400K, reserved 1110016K
  class space    used 8150K, capacity 8807K, committed 8832K, reserved 1048576K
}
Event: 225.226 GC heap after
{Heap after GC invocations=131 (full 0):
 garbage-first heap   total 239616K, used 89649K [0x0000000080000000, 0x0000000100000000)
  region size 1024K, 5 young (5120K), 5 survivors (5120K)
 Metaspace       used 66436K, capacity 68298K, committed 68400K, reserved 1110016K
  class space    used 8150K, capacity 8807K, committed 8832K, reserved 1048576K
}
Event: 227.045 GC heap before
{Heap before GC invocations=131 (full 0):
 garbage-first heap   total 239616K, used 202289K [0x0000000080000000, 0x0000000100000000)
  region size 1024K, 113 young (115712K), 5 survivors (5120K)
 Metaspace       used 66436K, capacity 68298K, committed 68400K, reserved 1110016K
  class space    used 8150K, capacity 8807K, committed 8832K, reserved 1048576K
}
Event: 227.059 GC heap after
{Heap after GC invocations=132 (full 0):
 garbage-first heap   total 239616K, used 90351K [0x0000000080000000, 0x0000000100000000)
  region size 1024K, 5 young (5120K), 5 survivors (5120K)
 Metaspace       used 66436K, capacity 68298K, committed 68400K, reserved 1110016K
  class space    used 8150K, capacity 8807K, committed 8832K, reserved 1048576K
}
Event: 228.671 GC heap before
{Heap before GC invocations=132 (full 0):
 garbage-first heap   total 239616K, used 202991K [0x0000000080000000, 0x0000000100000000)
  region size 1024K, 115 young (117760K), 5 survivors (5120K)
 Metaspace       used 66438K, capacity 68298K, committed 68400K, reserved 1110016K
  class space    used 8150K, capacity 8807K, committed 8832K, reserved 1048576K
}
Event: 228.686 GC heap after
{Heap after GC invocations=133 (full 0):
 garbage-first heap   total 239616K, used 90664K [0x0000000080000000, 0x0000000100000000)
  region size 1024K, 5 young (5120K), 5 survivors (5120K)
 Metaspace       used 66438K, capacity 68298K, committed 68400K, reserved 1110016K
  class space    used 8150K, capacity 8807K, committed 8832K, reserved 1048576K
}
Event: 230.448 GC heap before
{Heap before GC invocations=133 (full 0):
 garbage-first heap   total 239616K, used 204328K [0x0000000080000000, 0x0000000100000000)
  region size 1024K, 116 young (118784K), 5 survivors (5120K)
 Metaspace       used 66443K, capacity 68299K, committed 68400K, reserved 1110016K
  class space    used 8150K, capacity 8807K, committed 8832K, reserved 1048576K
}
Event: 230.463 GC heap after
{Heap after GC invocations=134 (full 0):
 garbage-first heap   total 239616K, used 90763K [0x0000000080000000, 0x0000000100000000)
  region size 1024K, 5 young (5120K), 5 survivors (5120K)
 Metaspace       used 66443K, capacity 68299K, committed 68400K, reserved 1110016K
  class space    used 8150K, capacity 8807K, committed 8832K, reserved 1048576K
}
Event: 236.479 GC heap before
{Heap before GC invocations=134 (full 0):
 garbage-first heap   total 239616K, used 205451K [0x0000000080000000, 0x0000000100000000)
  region size 1024K, 117 young (119808K), 5 survivors (5120K)
 Metaspace       used 66448K, capacity 68299K, committed 68400K, reserved 1110016K
  class space    used 8150K, capacity 8807K, committed 8832K, reserved 1048576K
}
Event: 236.494 GC heap after
{Heap after GC invocations=135 (full 0):
 garbage-first heap   total 239616K, used 90972K [0x0000000080000000, 0x0000000100000000)
  region size 1024K, 5 young (5120K), 5 survivors (5120K)
 Metaspace       used 66448K, capacity 68299K, committed 68400K, reserved 1110016K
  class space    used 8150K, capacity 8807K, committed 8832K, reserved 1048576K
}
Event: 240.887 GC heap before
{Heap before GC invocations=135 (full 0):
 garbage-first heap   total 239616K, used 205660K [0x0000000080000000, 0x0000000100000000)
  region size 1024K, 117 young (119808K), 5 survivors (5120K)
 Metaspace       used 66448K, capacity 68299K, committed 68400K, reserved 1110016K
  class space    used 8150K, capacity 8807K, committed 8832K, reserved 1048576K
}
Event: 240.902 GC heap after
{Heap after GC invocations=136 (full 0):
 garbage-first heap   total 239616K, used 91316K [0x0000000080000000, 0x0000000100000000)
  region size 1024K, 5 young (5120K), 5 survivors (5120K)
 Metaspace       used 66448K, capacity 68299K, committed 68400K, reserved 1110016K
  class space    used 8150K, capacity 8807K, committed 8832K, reserved 1048576K
}
Event: 245.055 GC heap before
{Heap before GC invocations=136 (full 0):
 garbage-first heap   total 239616K, used 206004K [0x0000000080000000, 0x0000000100000000)
  region size 1024K, 117 young (119808K), 5 survivors (5120K)
 Metaspace       used 66456K, capacity 68299K, committed 68400K, reserved 1110016K
  class space    used 8150K, capacity 8807K, committed 8832K, reserved 1048576K
}
Event: 245.072 GC heap after
{Heap after GC invocations=137 (full 0):
 garbage-first heap   total 239616K, used 91545K [0x0000000080000000, 0x0000000100000000)
  region size 1024K, 5 young (5120K), 5 survivors (5120K)
 Metaspace       used 66456K, capacity 68299K, committed 68400K, reserved 1110016K
  class space    used 8150K, capacity 8807K, committed 8832K, reserved 1048576K
}
Event: 247.116 GC heap before
{Heap before GC invocations=137 (full 0):
 garbage-first heap   total 239616K, used 207257K [0x0000000080000000, 0x0000000100000000)
  region size 1024K, 118 young (120832K), 5 survivors (5120K)
 Metaspace       used 66464K, capacity 68299K, committed 68400K, reserved 1110016K
  class space    used 8150K, capacity 8807K, committed 8832K, reserved 1048576K
}
Event: 247.136 GC heap after
{Heap after GC invocations=138 (full 0):
 garbage-first heap   total 239616K, used 93553K [0x0000000080000000, 0x0000000100000000)
  region size 1024K, 7 young (7168K), 7 survivors (7168K)
 Metaspace       used 66464K, capacity 68299K, committed 68400K, reserved 1110016K
  class space    used 8150K, capacity 8807K, committed 8832K, reserved 1048576K
}

Deoptimization events (20 events):
Event: 206.397 Thread 0x000002c4d3c7f800 Uncommon trap: trap_request=0xffffff4d fr.pc=0x000002c4c46efcec relative=0x0000000000002d4c
Event: 206.397 Thread 0x000002c4d3c7f800 Uncommon trap: reason=unstable_if action=reinterpret pc=0x000002c4c46efcec method=org.objectweb.asm.ClassWriter.visit(IILjava/lang/String;Ljava/lang/String;Ljava/lang/String;[Ljava/lang/String;)V @ 151 c2
Event: 206.397 Thread 0x000002c4d3c7f800 DEOPT PACKING pc=0x000002c4c46efcec sp=0x000000f167afe410
Event: 206.397 Thread 0x000002c4d3c7f800 DEOPT UNPACKING pc=0x000002c4bca266a9 sp=0x000000f167afe238 mode 2
Event: 208.508 Thread 0x000002c4d3c7f800 DEOPT PACKING pc=0x000002c4bcfe69e4 sp=0x000000f167afe690
Event: 208.508 Thread 0x000002c4d3c7f800 DEOPT UNPACKING pc=0x000002c4bca264bf sp=0x000000f167afdb70 mode 0
Event: 217.568 Thread 0x000002c4d3c81000 Uncommon trap: trap_request=0xffffff4d fr.pc=0x000002c4c4701edc relative=0x0000000000002d3c
Event: 217.568 Thread 0x000002c4d3c81000 Uncommon trap: reason=unstable_if action=reinterpret pc=0x000002c4c4701edc method=org.objectweb.asm.ClassWriter.visit(IILjava/lang/String;Ljava/lang/String;Ljava/lang/String;[Ljava/lang/String;)V @ 47 c2
Event: 217.568 Thread 0x000002c4d3c81000 DEOPT PACKING pc=0x000002c4c4701edc sp=0x000000f1679fe220
Event: 217.568 Thread 0x000002c4d3c81000 DEOPT UNPACKING pc=0x000002c4bca266a9 sp=0x000000f1679fe048 mode 2
Event: 227.120 Thread 0x000002c4d3c81000 DEOPT PACKING pc=0x000002c4be61c2af sp=0x000000f1679fe510
Event: 227.120 Thread 0x000002c4d3c81000 DEOPT UNPACKING pc=0x000002c4bca264bf sp=0x000000f1679fda40 mode 0
Event: 227.344 Thread 0x000002c4d3c81000 Uncommon trap: trap_request=0xffffff4d fr.pc=0x000002c4c4a61ca0 relative=0x0000000000000a40
Event: 227.344 Thread 0x000002c4d3c81000 Uncommon trap: reason=unstable_if action=reinterpret pc=0x000002c4c4a61ca0 method=java.util.HashMap.removeNode(ILjava/lang/Object;Ljava/lang/Object;ZZ)Ljava/util/HashMap$Node; @ 133 c2
Event: 227.344 Thread 0x000002c4d3c81000 DEOPT PACKING pc=0x000002c4c4a61ca0 sp=0x000000f1679fe0d0
Event: 227.344 Thread 0x000002c4d3c81000 DEOPT UNPACKING pc=0x000002c4bca266a9 sp=0x000000f1679fe058 mode 2
Event: 247.178 Thread 0x000002c4d3c7f800 Uncommon trap: trap_request=0xffffff4d fr.pc=0x000002c4c4c59a80 relative=0x0000000000000aa0
Event: 247.178 Thread 0x000002c4d3c7f800 Uncommon trap: reason=unstable_if action=reinterpret pc=0x000002c4c4c59a80 method=java.lang.StringCoding.encodeUTF8(B[BZ)[B @ 2 c2
Event: 247.178 Thread 0x000002c4d3c7f800 DEOPT PACKING pc=0x000002c4c4c59a80 sp=0x000000f167afe6e0
Event: 247.178 Thread 0x000002c4d3c7f800 DEOPT UNPACKING pc=0x000002c4bca266a9 sp=0x000000f167afe608 mode 2

Classes redefined (0 events):
No events

Internal exceptions (20 events):
Event: 245.589 Thread 0x000002c4d3c81000 Exception <a 'sun/nio/fs/WindowsException'{0x000000008c6b6470}> (0x000000008c6b6470) thrown at [./src/hotspot/share/prims/jni.cpp, line 615]
Event: 245.620 Thread 0x000002c4d3c81000 Exception <a 'sun/nio/fs/WindowsException'{0x000000008c26ceb0}> (0x000000008c26ceb0) thrown at [./src/hotspot/share/prims/jni.cpp, line 615]
Event: 245.623 Thread 0x000002c4d3c81000 Exception <a 'sun/nio/fs/WindowsException'{0x000000008c26d078}> (0x000000008c26d078) thrown at [./src/hotspot/share/prims/jni.cpp, line 615]
Event: 245.681 Thread 0x000002c4d3c81000 Exception <a 'sun/nio/fs/WindowsException'{0x000000008c089ae0}> (0x000000008c089ae0) thrown at [./src/hotspot/share/prims/jni.cpp, line 615]
Event: 245.790 Thread 0x000002c4d3c81000 Exception <a 'sun/nio/fs/WindowsException'{0x000000008b95a370}> (0x000000008b95a370) thrown at [./src/hotspot/share/prims/jni.cpp, line 615]
Event: 245.793 Thread 0x000002c4d3c81000 Exception <a 'sun/nio/fs/WindowsException'{0x000000008b95a538}> (0x000000008b95a538) thrown at [./src/hotspot/share/prims/jni.cpp, line 615]
Event: 245.828 Thread 0x000002c4d3c81000 Exception <a 'sun/nio/fs/WindowsException'{0x000000008b9645a0}> (0x000000008b9645a0) thrown at [./src/hotspot/share/prims/jni.cpp, line 615]
Event: 245.874 Thread 0x000002c4d3c81000 Exception <a 'sun/nio/fs/WindowsException'{0x000000008b3372c8}> (0x000000008b3372c8) thrown at [./src/hotspot/share/prims/jni.cpp, line 615]
Event: 245.878 Thread 0x000002c4d3c81000 Exception <a 'sun/nio/fs/WindowsException'{0x000000008b337478}> (0x000000008b337478) thrown at [./src/hotspot/share/prims/jni.cpp, line 615]
Event: 245.920 Thread 0x000002c4d3c81000 Exception <a 'sun/nio/fs/WindowsException'{0x000000008b2a67f0}> (0x000000008b2a67f0) thrown at [./src/hotspot/share/prims/jni.cpp, line 615]
Event: 247.238 Thread 0x000002c4d3c7f800 Exception <a 'sun/nio/fs/WindowsException'{0x000000008d91d7d8}> (0x000000008d91d7d8) thrown at [./src/hotspot/share/prims/jni.cpp, line 615]
Event: 247.241 Thread 0x000002c4d3c7f800 Exception <a 'sun/nio/fs/WindowsException'{0x000000008d91d9b0}> (0x000000008d91d9b0) thrown at [./src/hotspot/share/prims/jni.cpp, line 615]
Event: 247.308 Thread 0x000002c4d3c7f800 Exception <a 'sun/nio/fs/WindowsException'{0x000000008d9401f0}> (0x000000008d9401f0) thrown at [./src/hotspot/share/prims/jni.cpp, line 615]
Event: 247.315 Thread 0x000002c4d3c81000 Exception <a 'sun/nio/fs/WindowsException'{0x000000008d6249f8}> (0x000000008d6249f8) thrown at [./src/hotspot/share/prims/jni.cpp, line 615]
Event: 247.318 Thread 0x000002c4d3c81000 Exception <a 'sun/nio/fs/WindowsException'{0x000000008d624b98}> (0x000000008d624b98) thrown at [./src/hotspot/share/prims/jni.cpp, line 615]
Event: 247.398 Thread 0x000002c4d3c81000 Exception <a 'sun/nio/fs/WindowsException'{0x000000008d636e00}> (0x000000008d636e00) thrown at [./src/hotspot/share/prims/jni.cpp, line 615]
Event: 247.612 Thread 0x000002c4d3c7f800 Exception <a 'sun/nio/fs/WindowsException'{0x000000008cbd7dd0}> (0x000000008cbd7dd0) thrown at [./src/hotspot/share/prims/jni.cpp, line 615]
Event: 247.618 Thread 0x000002c4d3c7f800 Exception <a 'sun/nio/fs/WindowsException'{0x000000008cbd7f68}> (0x000000008cbd7f68) thrown at [./src/hotspot/share/prims/jni.cpp, line 615]
Event: 247.753 Thread 0x000002c4d3c81000 Exception <a 'sun/nio/fs/WindowsException'{0x000000008c8fd608}> (0x000000008c8fd608) thrown at [./src/hotspot/share/prims/jni.cpp, line 615]
Event: 247.756 Thread 0x000002c4d3c81000 Exception <a 'sun/nio/fs/WindowsException'{0x000000008c8fd780}> (0x000000008c8fd780) thrown at [./src/hotspot/share/prims/jni.cpp, line 615]

Events (20 events):
Event: 265.550 Thread 0x000002c4d37c1000 flushing nmethod 0x000002c4be5d0810
Event: 265.550 Thread 0x000002c4d37c1000 flushing nmethod 0x000002c4be5d0d90
Event: 265.550 Thread 0x000002c4d37c1000 flushing nmethod 0x000002c4be5d7590
Event: 265.550 Thread 0x000002c4d37c1000 flushing nmethod 0x000002c4be5fab10
Event: 265.550 Thread 0x000002c4d37c1000 flushing nmethod 0x000002c4be618a90
Event: 265.550 Thread 0x000002c4d37c1000 flushing nmethod 0x000002c4be621f90
Event: 265.550 Thread 0x000002c4d37c1000 flushing nmethod 0x000002c4be622710
Event: 265.550 Thread 0x000002c4d37c1000 flushing nmethod 0x000002c4be623890
Event: 265.550 Thread 0x000002c4d37c1000 flushing nmethod 0x000002c4be624d90
Event: 265.550 Thread 0x000002c4d37c1000 flushing nmethod 0x000002c4be63e610
Event: 265.550 Thread 0x000002c4d37c1000 flushing nmethod 0x000002c4be646310
Event: 265.550 Thread 0x000002c4d37c1000 flushing nmethod 0x000002c4be64a290
Event: 265.550 Thread 0x000002c4d37c1000 flushing nmethod 0x000002c4be64bd10
Event: 265.550 Thread 0x000002c4d37c1000 flushing nmethod 0x000002c4be64c310
Event: 265.550 Thread 0x000002c4d37c1000 flushing nmethod 0x000002c4be657f10
Event: 265.550 Thread 0x000002c4d37c1000 flushing nmethod 0x000002c4be658890
Event: 265.550 Thread 0x000002c4d37c1000 flushing nmethod 0x000002c4be65b590
Event: 265.550 Thread 0x000002c4d37c1000 flushing nmethod 0x000002c4be65c690
Event: 265.550 Thread 0x000002c4d37c1000 flushing nmethod 0x000002c4be65cb10
Event: 265.550 Thread 0x000002c4d37c1000 flushing nmethod 0x000002c4be660510


Dynamic libraries:
0x00007ff618170000 - 0x00007ff61817a000 	C:\Users\felip\OneDrive\Desktop\android-studio-ide-202.6987402-windows\android-studio\jre\bin\java.exe
0x00007ffb762b0000 - 0x00007ffb764a5000 	C:\Windows\SYSTEM32\ntdll.dll
0x00007ffb759b0000 - 0x00007ffb75a6d000 	C:\Windows\System32\KERNEL32.DLL
0x00007ffb73e10000 - 0x00007ffb740d9000 	C:\Windows\System32\KERNELBASE.dll
0x00007ffb73c60000 - 0x00007ffb73d60000 	C:\Windows\System32\ucrtbase.dll
0x00007ffb4ed90000 - 0x00007ffb4eda7000 	C:\Users\felip\OneDrive\Desktop\android-studio-ide-202.6987402-windows\android-studio\jre\bin\VCRUNTIME140.dll
0x00007ffb65150000 - 0x00007ffb65169000 	C:\Users\felip\OneDrive\Desktop\android-studio-ide-202.6987402-windows\android-studio\jre\bin\jli.dll
0x00007ffb74530000 - 0x00007ffb746d0000 	C:\Windows\System32\USER32.dll
0x00007ffb740e0000 - 0x00007ffb74102000 	C:\Windows\System32\win32u.dll
0x00007ffb62750000 - 0x00007ffb629ea000 	C:\Windows\WinSxS\amd64_microsoft.windows.common-controls_6595b64144ccf1df_6.0.19041.1083_none_60bbe31371f34e71\COMCTL32.dll
0x00007ffb74390000 - 0x00007ffb743ba000 	C:\Windows\System32\GDI32.dll
0x00007ffb74b80000 - 0x00007ffb74c1e000 	C:\Windows\System32\msvcrt.dll
0x00007ffb73ac0000 - 0x00007ffb73bcb000 	C:\Windows\System32\gdi32full.dll
0x00007ffb73a20000 - 0x00007ffb73abd000 	C:\Windows\System32\msvcp_win.dll
0x00007ffb74500000 - 0x00007ffb74530000 	C:\Windows\System32\IMM32.DLL
0x00007ffb4e050000 - 0x00007ffb4e0ed000 	C:\Users\felip\OneDrive\Desktop\android-studio-ide-202.6987402-windows\android-studio\jre\bin\msvcp140.dll
0x00007ffb3c010000 - 0x00007ffb3cacc000 	C:\Users\felip\OneDrive\Desktop\android-studio-ide-202.6987402-windows\android-studio\jre\bin\server\jvm.dll
0x00007ffb75020000 - 0x00007ffb750cc000 	C:\Windows\System32\ADVAPI32.dll
0x00007ffb74f80000 - 0x00007ffb7501b000 	C:\Windows\System32\sechost.dll
0x00007ffb743c0000 - 0x00007ffb744ea000 	C:\Windows\System32\RPCRT4.dll
0x00007ffb748b0000 - 0x00007ffb748b8000 	C:\Windows\System32\PSAPI.DLL
0x00007ffb6b290000 - 0x00007ffb6b299000 	C:\Windows\SYSTEM32\WSOCK32.dll
0x00007ffb68f10000 - 0x00007ffb68f37000 	C:\Windows\SYSTEM32\WINMM.dll
0x00007ffb6e390000 - 0x00007ffb6e39a000 	C:\Windows\SYSTEM32\VERSION.dll
0x00007ffb74320000 - 0x00007ffb7438b000 	C:\Windows\System32\WS2_32.dll
0x00007ffb71840000 - 0x00007ffb71852000 	C:\Windows\SYSTEM32\kernel.appcore.dll
0x00007ffb65f60000 - 0x00007ffb65f71000 	C:\Users\felip\OneDrive\Desktop\android-studio-ide-202.6987402-windows\android-studio\jre\bin\verify.dll
0x00007ffb6dff0000 - 0x00007ffb6e1d4000 	C:\Windows\SYSTEM32\DBGHELP.DLL
0x00007ffb6ddc0000 - 0x00007ffb6ddec000 	C:\Windows\SYSTEM32\dbgcore.DLL
0x00007ffb73bd0000 - 0x00007ffb73c53000 	C:\Windows\System32\bcryptPrimitives.dll
0x00007ffb65e60000 - 0x00007ffb65e89000 	C:\Users\felip\OneDrive\Desktop\android-studio-ide-202.6987402-windows\android-studio\jre\bin\java.dll
0x00007ffb65f50000 - 0x00007ffb65f5b000 	C:\Users\felip\OneDrive\Desktop\android-studio-ide-202.6987402-windows\android-studio\jre\bin\jimage.dll
0x00007ffb61bb0000 - 0x00007ffb61bc8000 	C:\Users\felip\OneDrive\Desktop\android-studio-ide-202.6987402-windows\android-studio\jre\bin\zip.dll
0x00007ffb75b30000 - 0x00007ffb7626f000 	C:\Windows\System32\SHELL32.dll
0x00007ffb71b20000 - 0x00007ffb722b1000 	C:\Windows\SYSTEM32\windows.storage.dll
0x00007ffb750d0000 - 0x00007ffb75425000 	C:\Windows\System32\combase.dll
0x00007ffb73390000 - 0x00007ffb733bc000 	C:\Windows\SYSTEM32\Wldp.dll
0x00007ffb749f0000 - 0x00007ffb74a9e000 	C:\Windows\System32\SHCORE.dll
0x00007ffb75ad0000 - 0x00007ffb75b25000 	C:\Windows\System32\shlwapi.dll
0x00007ffb73930000 - 0x00007ffb7394f000 	C:\Windows\SYSTEM32\profapi.dll
0x00007ffb54750000 - 0x00007ffb5476a000 	C:\Users\felip\OneDrive\Desktop\android-studio-ide-202.6987402-windows\android-studio\jre\bin\net.dll
0x00007ffb6bc30000 - 0x00007ffb6bd3a000 	C:\Windows\SYSTEM32\WINHTTP.dll
0x00007ffb730f0000 - 0x00007ffb7315a000 	C:\Windows\system32\mswsock.dll
0x00007ffb52b90000 - 0x00007ffb52ba4000 	C:\Users\felip\OneDrive\Desktop\android-studio-ide-202.6987402-windows\android-studio\jre\bin\nio.dll
0x00007ffb66740000 - 0x00007ffb66767000 	C:\Users\felip\.gradle\native\8bec1ad78214c89d9ad589b4d07fe93259594b29d510b10fafb7a158f7737e5d\windows-amd64\native-platform.dll
0x00007ffb48dd0000 - 0x00007ffb48f0d000 	C:\Users\felip\.gradle\native\53dbd7edfb1c66fb8903c78663c9afc45aea4f116125fa6feffd364cf09443e8\windows-amd64\native-platform-file-events.dll
0x00007ffb65f40000 - 0x00007ffb65f4a000 	C:\Users\felip\OneDrive\Desktop\android-studio-ide-202.6987402-windows\android-studio\jre\bin\management.dll
0x00007ffb65e50000 - 0x00007ffb65e5c000 	C:\Users\felip\OneDrive\Desktop\android-studio-ide-202.6987402-windows\android-studio\jre\bin\management_ext.dll
0x00007ffb732e0000 - 0x00007ffb732f8000 	C:\Windows\SYSTEM32\CRYPTSP.dll
0x00007ffb72a90000 - 0x00007ffb72ac4000 	C:\Windows\system32\rsaenh.dll
0x00007ffb739f0000 - 0x00007ffb73a17000 	C:\Windows\System32\bcrypt.dll
0x00007ffb738f0000 - 0x00007ffb7391e000 	C:\Windows\SYSTEM32\USERENV.dll
0x00007ffb732d0000 - 0x00007ffb732dc000 	C:\Windows\SYSTEM32\CRYPTBASE.dll
0x00007ffb72de0000 - 0x00007ffb72e1b000 	C:\Windows\SYSTEM32\IPHLPAPI.DLL
0x00007ffb744f0000 - 0x00007ffb744f8000 	C:\Windows\System32\NSI.dll
0x00007ffb6dfb0000 - 0x00007ffb6dfc7000 	C:\Windows\SYSTEM32\dhcpcsvc6.DLL
0x00007ffb6e2f0000 - 0x00007ffb6e30d000 	C:\Windows\SYSTEM32\dhcpcsvc.DLL
0x00007ffb72e20000 - 0x00007ffb72eec000 	C:\Windows\SYSTEM32\DNSAPI.dll
0x00007ffb50bf0000 - 0x00007ffb50c17000 	C:\Users\felip\OneDrive\Desktop\android-studio-ide-202.6987402-windows\android-studio\jre\bin\sunec.dll
0x00007ffb6b250000 - 0x00007ffb6b25a000 	C:\Windows\System32\rasadhlp.dll
0x00007ffb6cd80000 - 0x00007ffb6cdff000 	C:\Windows\System32\fwpuclnt.dll

dbghelp: loaded successfully - version: 4.0.5 - missing functions: none
symbol engine: initialized successfully - sym options: 0x614 - pdb path: .;C:\Users\felip\OneDrive\Desktop\android-studio-ide-202.6987402-windows\android-studio\jre\bin;C:\Windows\SYSTEM32;C:\Windows\WinSxS\amd64_microsoft.windows.common-controls_6595b64144ccf1df_6.0.19041.1083_none_60bbe31371f34e71;C:\Users\felip\OneDrive\Desktop\android-studio-ide-202.6987402-windows\android-studio\jre\bin\server;C:\Users\felip\.gradle\native\8bec1ad78214c89d9ad589b4d07fe93259594b29d510b10fafb7a158f7737e5d\windows-amd64;C:\Users\felip\.gradle\native\53dbd7edfb1c66fb8903c78663c9afc45aea4f116125fa6feffd364cf09443e8\windows-amd64

VM Arguments:
jvm_args: --add-opens=java.base/java.util=ALL-UNNAMED --add-opens=java.base/java.lang=ALL-UNNAMED --add-opens=java.base/java.lang.invoke=ALL-UNNAMED --add-opens=java.base/java.util=ALL-UNNAMED --add-opens=java.prefs/java.util.prefs=ALL-UNNAMED --add-opens=java.prefs/java.util.prefs=ALL-UNNAMED --add-opens=java.base/java.nio.charset=ALL-UNNAMED --add-opens=java.base/java.net=ALL-UNNAMED --add-opens=java.base/java.util.concurrent.atomic=ALL-UNNAMED -Xmx2048m -Dfile.encoding=windows-1252 -Duser.country=US -Duser.language=en -Duser.variant 
java_command: org.gradle.launcher.daemon.bootstrap.GradleDaemon 7.1
java_class_path (initial): C:\Users\felip\Downloads\gradle-7.1\lib\gradle-launcher-7.1.jar
Launcher Type: SUN_STANDARD

[Global flags]
     intx CICompilerCount                          = 2                                         {product} {ergonomic}
     uint ConcGCThreads                            = 1                                         {product} {ergonomic}
     uint G1ConcRefinementThreads                  = 2                                         {product} {ergonomic}
   size_t G1HeapRegionSize                         = 1048576                                   {product} {ergonomic}
    uintx GCDrainStackTargetSize                   = 64                                        {product} {ergonomic}
   size_t InitialHeapSize                          = 67108864                                  {product} {ergonomic}
   size_t MarkStackSize                            = 4194304                                   {product} {ergonomic}
   size_t MaxHeapSize                              = 2147483648                                {product} {command line}
   size_t MaxNewSize                               = 1287651328                                {product} {ergonomic}
   size_t MinHeapDeltaBytes                        = 1048576                                   {product} {ergonomic}
    uintx NonNMethodCodeHeapSize                   = 5825164                                {pd product} {ergonomic}
    uintx NonProfiledCodeHeapSize                  = 122916538                              {pd product} {ergonomic}
    uintx ProfiledCodeHeapSize                     = 122916538                              {pd product} {ergonomic}
    uintx ReservedCodeCacheSize                    = 251658240                              {pd product} {ergonomic}
     bool SegmentedCodeCache                       = true                                      {product} {ergonomic}
     bool UseCompressedClassPointers               = true                                 {lp64_product} {ergonomic}
     bool UseCompressedOops                        = true                                 {lp64_product} {ergonomic}
     bool UseG1GC                                  = true                                      {product} {ergonomic}
     bool UseLargePagesIndividualAllocation        = false                                  {pd product} {ergonomic}

Logging:
Log output configuration:
 #0: stdout all=warning uptime,level,tags
 #1: stderr all=off uptime,level,tags

Environment Variables:
PATH=C:\Program Files\Common Files\Oracle\Java\javapath;C:\Program Files (x86)\Common Files\Oracle\Java\javapath;C:\Windows\system32;C:\Windows;C:\Windows\System32\Wbem;C:\Windows\System32\WindowsPowerShell\v1.0\;C:\Windows\System32\OpenSSH\;C:\ProgramData\chocolatey\bin;C:\Program Files (x86)\Yarn\bin\;C:\Program Files\nodejs\;C:\Program Files\Git\cmd;C:\Users\felip\AppData\Local\Microsoft\WindowsApps;C:\Users\felip\AppData\Local\Programs\Microsoft VS Code\bin;C:\Users\felip\AppData\Local\Yarn\bin;C:\Users\felip\AppData\Local\GitHubDesktop\bin;C:\Users\felip\AppData\Roaming\npm
USERNAME=felip
OS=Windows_NT
PROCESSOR_IDENTIFIER=Intel64 Family 6 Model 23 Stepping 10, GenuineIntel



---------------  S Y S T E M  ---------------

OS: Windows 10 , 64 bit Build 19041 (10.0.19041.1023)
OS uptime: 2 days 19:43 hours

CPU:total 2 (initial active 2) (2 cores per cpu, 1 threads per core) family 6 model 23 stepping 10, cmov, cx8, fxsr, mmx, sse, sse2, sse3, ssse3, tsc

Memory: 4k page, system-wide physical 4061M (86M free)
TotalPageFile size 4061M (AvailPageFile size 2M)
current process WorkingSet (physical memory assigned to process): 385M, peak: 404M
current process commit charge ("private bytes"): 457M, peak: 471M

vm_info: OpenJDK 64-Bit Server VM (11.0.8+10-b944.6842174) for windows-amd64 JRE (11.0.8+10-b944.6842174), built on Sep 19 2020 01:11:42 by "builder" with MS VC++ 14.0 (VS2015)

END.
