#
# There is insufficient memory for the Java Runtime Environment to continue.
# Native memory allocation (mmap) failed to map 34603008 bytes for Failed to commit area from 0x0000000085d00000 to 0x0000000087e00000 of length 34603008.
# Possible reasons:
#   The system is out of physical RAM or swap space
#   The process is running with CompressedOops enabled, and the Java Heap may be blocking the growth of the native heap
# Possible solutions:
#   Reduce memory load on the system
#   Increase physical memory or swap space
#   Check if swap backing store is full
#   Decrease Java heap size (-Xmx/-Xms)
#   Decrease number of Java threads
#   Decrease Java thread stack sizes (-Xss)
#   Set larger code cache with -XX:ReservedCodeCacheSize=
#   JVM is running with Unscaled Compressed Oops mode in which the Java heap is
#     placed in the first 4GB address space. The Java Heap base address is the
#     maximum limit for the native heap growth. Please use -XX:HeapBaseMinAddress
#     to set the Java Heap base and to place the Java Heap above 4GB virtual address.
# This output file may be truncated or incomplete.
#
#  Out of Memory Error (./src/hotspot/os/windows/os_windows.cpp:3303), pid=632, tid=3412
#
# JRE version: OpenJDK Runtime Environment (11.0.8+10) (build 11.0.8+10-b944.6842174)
# Java VM: OpenJDK 64-Bit Server VM (11.0.8+10-b944.6842174, mixed mode, tiered, compressed oops, g1 gc, windows-amd64)
# No core dump will be written. Minidumps are not enabled by default on client versions of Windows
#

---------------  S U M M A R Y ------------

Command Line: --add-opens=java.base/java.util=ALL-UNNAMED --add-opens=java.base/java.lang=ALL-UNNAMED --add-opens=java.base/java.lang.invoke=ALL-UNNAMED --add-opens=java.prefs/java.util.prefs=ALL-UNNAMED -Xmx2048m -Dfile.encoding=windows-1252 -Duser.country=US -Duser.language=en -Duser.variant org.gradle.launcher.daemon.bootstrap.GradleDaemon 6.7.1

Host: Celeron(R) Dual-Core CPU       T3500  @ 2.10GHz, 2 cores, 3G,  Windows 10 , 64 bit Build 19041 (10.0.19041.1023)
Time: Mon Jun 21 10:17:46 2021 E. South America Standard Time elapsed time: 44 seconds (0d 0h 0m 44s)

---------------  T H R E A D  ---------------

Current thread (0x000002e5dcf32800):  VMThread "VM Thread" [stack: 0x000000fcf6100000,0x000000fcf6200000] [id=3412]

Stack: [0x000000fcf6100000,0x000000fcf6200000]
[error occurred during error reporting (printing stack bounds), id 0xc0000005, EXCEPTION_ACCESS_VIOLATION (0xc0000005) at pc=0x000002e5c7350dbd]

Native frames: (J=compiled Java code, j=interpreted, Vv=VM code, C=native code)
V  [jvm.dll+0x5de50a]
V  [jvm.dll+0x7122f5]
V  [jvm.dll+0x71384d]
V  [jvm.dll+0x713e65]
V  [jvm.dll+0x713e1b]
V  [jvm.dll+0x5dd958]
V  [jvm.dll+0x5de0f8]
C  [ntdll.dll+0xa217f]
C  [ntdll.dll+0x51454]
C  [ntdll.dll+0xa0cae]
C  0x000002e5c7350dbd

VM_Operation (0x000000fcf91fde00): G1CollectForAllocation, mode: safepoint, requested by thread 0x000002e5dfe2e000


---------------  P R O C E S S  ---------------

Threads class SMR info:
_java_thread_list=0x000002e5ddb70140, length=50, elements={
0x000002e5c39cc800, 0x000002e5dcf37800, 0x000002e5dcf41000, 0x000002e5dcf97000,
0x000002e5dcf98000, 0x000002e5dcf9a800, 0x000002e5dcfa6000, 0x000002e5dcfb3800,
0x000002e5dda0d000, 0x000002e5dda30000, 0x000002e5dd9b6800, 0x000002e5ded8b000,
0x000002e5dea65800, 0x000002e5de80c800, 0x000002e5df2a5800, 0x000002e5dd972000,
0x000002e5df2a6000, 0x000002e5de8ed800, 0x000002e5dd9b0000, 0x000002e5df34a800,
0x000002e5df34a000, 0x000002e5df34b800, 0x000002e5df348800, 0x000002e5df349000,
0x000002e5df34d000, 0x000002e5df347800, 0x000002e5df34c800, 0x000002e5df34e000,
0x000002e5dfe22800, 0x000002e5dfe21800, 0x000002e5dfe23800, 0x000002e5dfe24000,
0x000002e5dfe25000, 0x000002e5dfe1f000, 0x000002e5dfe21000, 0x000002e5dfe25800,
0x000002e5dfe20000, 0x000002e5dfe2b800, 0x000002e5dfe2c800, 0x000002e5dfe26800,
0x000002e5dfe2a800, 0x000002e5dfe28000, 0x000002e5dfe2d000, 0x000002e5dfe27800,
0x000002e5dfe2e000, 0x000002e5dfe29000, 0x000002e5dfe2a000, 0x000002e5dfe5f000,
0x000002e5dfe65800, 0x000002e5dfe64000
}

Java Threads: ( => current thread )
  0x000002e5c39cc800 JavaThread "main" [_thread_blocked, id=6648, stack(0x000000fcf5b00000,0x000000fcf5c00000)]
  0x000002e5dcf37800 JavaThread "Reference Handler" daemon [_thread_blocked, id=5956, stack(0x000000fcf6200000,0x000000fcf6300000)]
  0x000002e5dcf41000 JavaThread "Finalizer" daemon [_thread_blocked, id=216, stack(0x000000fcf6300000,0x000000fcf6400000)]
  0x000002e5dcf97000 JavaThread "Signal Dispatcher" daemon [_thread_blocked, id=272, stack(0x000000fcf6400000,0x000000fcf6500000)]
  0x000002e5dcf98000 JavaThread "Attach Listener" daemon [_thread_blocked, id=3660, stack(0x000000fcf6500000,0x000000fcf6600000)]
  0x000002e5dcf9a800 JavaThread "C2 CompilerThread0" daemon [_thread_blocked, id=3952, stack(0x000000fcf6600000,0x000000fcf6700000)]
  0x000002e5dcfa6000 JavaThread "C1 CompilerThread0" daemon [_thread_blocked, id=6472, stack(0x000000fcf6700000,0x000000fcf6800000)]
  0x000002e5dcfb3800 JavaThread "Sweeper thread" daemon [_thread_blocked, id=2492, stack(0x000000fcf6800000,0x000000fcf6900000)]
  0x000002e5dda0d000 JavaThread "Common-Cleaner" daemon [_thread_blocked, id=7788, stack(0x000000fcf6900000,0x000000fcf6a00000)]
  0x000002e5dda30000 JavaThread "Service Thread" daemon [_thread_blocked, id=1496, stack(0x000000fcf6a00000,0x000000fcf6b00000)]
  0x000002e5dd9b6800 JavaThread "Daemon health stats" [_thread_blocked, id=8056, stack(0x000000fcf6d00000,0x000000fcf6e00000)]
  0x000002e5ded8b000 JavaThread "Incoming local TCP Connector on port 9608" [_thread_in_native, id=5664, stack(0x000000fcf7000000,0x000000fcf7100000)]
  0x000002e5dea65800 JavaThread "Daemon periodic checks" [_thread_blocked, id=6572, stack(0x000000fcf7100000,0x000000fcf7200000)]
  0x000002e5de80c800 JavaThread "Daemon" [_thread_blocked, id=4960, stack(0x000000fcf7200000,0x000000fcf7300000)]
  0x000002e5df2a5800 JavaThread "Handler for socket connection from /127.0.0.1:9608 to /127.0.0.1:9609" [_thread_in_native, id=6932, stack(0x000000fcf7300000,0x000000fcf7400000)]
  0x000002e5dd972000 JavaThread "Cancel handler" [_thread_blocked, id=7764, stack(0x000000fcf7400000,0x000000fcf7500000)]
  0x000002e5df2a6000 JavaThread "Daemon worker" [_thread_blocked, id=380, stack(0x000000fcf7500000,0x000000fcf7600000)]
  0x000002e5de8ed800 JavaThread "Asynchronous log dispatcher for DefaultDaemonConnection: socket connection from /127.0.0.1:9608 to /127.0.0.1:9609" [_thread_blocked, id=7448, stack(0x000000fcf7600000,0x000000fcf7700000)]
  0x000002e5dd9b0000 JavaThread "Stdin handler" [_thread_blocked, id=8, stack(0x000000fcf7700000,0x000000fcf7800000)]
  0x000002e5df34a800 JavaThread "Thread-8" [_thread_blocked, id=5456, stack(0x000000fcf7800000,0x000000fcf7900000)]
  0x000002e5df34a000 JavaThread "Cache worker for file hash cache (C:\Users\felip\.gradle\caches\6.7.1\fileHashes)" [_thread_blocked, id=692, stack(0x000000fcf7900000,0x000000fcf7a00000)]
  0x000002e5df34b800 JavaThread "File lock request listener" [_thread_in_native, id=4912, stack(0x000000fcf7a00000,0x000000fcf7b00000)]
  0x000002e5df348800 JavaThread "Cache worker for journal cache (C:\Users\felip\.gradle\caches\journal-1)" [_thread_blocked, id=3028, stack(0x000000fcf7b00000,0x000000fcf7c00000)]
  0x000002e5df349000 JavaThread "Cache worker for file hash cache (C:\Users\felip\AndroidStudioProjects\TheMovieApp\.gradle\6.7.1\fileHashes)" [_thread_blocked, id=6536, stack(0x000000fcf7c00000,0x000000fcf7d00000)]
  0x000002e5df34d000 JavaThread "jar transforms" [_thread_blocked, id=7988, stack(0x000000fcf7d00000,0x000000fcf7e00000)]
  0x000002e5df347800 JavaThread "jar transforms Thread 2" [_thread_blocked, id=6848, stack(0x000000fcf7e00000,0x000000fcf7f00000)]
  0x000002e5df34c800 JavaThread "jar transforms Thread 3" [_thread_blocked, id=2392, stack(0x000000fcf7f00000,0x000000fcf8000000)]
  0x000002e5df34e000 JavaThread "jar transforms Thread 4" [_thread_blocked, id=3048, stack(0x000000fcf8000000,0x000000fcf8100000)]
  0x000002e5dfe22800 JavaThread "jar transforms Thread 5" [_thread_blocked, id=7956, stack(0x000000fcf8100000,0x000000fcf8200000)]
  0x000002e5dfe21800 JavaThread "jar transforms Thread 6" [_thread_blocked, id=4412, stack(0x000000fcf8200000,0x000000fcf8300000)]
  0x000002e5dfe23800 JavaThread "jar transforms Thread 7" [_thread_blocked, id=4708, stack(0x000000fcf8300000,0x000000fcf8400000)]
  0x000002e5dfe24000 JavaThread "jar transforms Thread 8" [_thread_blocked, id=6560, stack(0x000000fcf8400000,0x000000fcf8500000)]
  0x000002e5dfe25000 JavaThread "jar transforms Thread 9" [_thread_blocked, id=7440, stack(0x000000fcf8500000,0x000000fcf8600000)]
  0x000002e5dfe1f000 JavaThread "jar transforms Thread 10" [_thread_blocked, id=4532, stack(0x000000fcf8600000,0x000000fcf8700000)]
  0x000002e5dfe21000 JavaThread "jar transforms Thread 11" [_thread_blocked, id=6336, stack(0x000000fcf8700000,0x000000fcf8800000)]
  0x000002e5dfe25800 JavaThread "jar transforms Thread 12" [_thread_blocked, id=8168, stack(0x000000fcf8800000,0x000000fcf8900000)]
  0x000002e5dfe20000 JavaThread "jar transforms Thread 13" [_thread_blocked, id=4800, stack(0x000000fcf8900000,0x000000fcf8a00000)]
  0x000002e5dfe2b800 JavaThread "jar transforms Thread 14" [_thread_blocked, id=5112, stack(0x000000fcf8a00000,0x000000fcf8b00000)]
  0x000002e5dfe2c800 JavaThread "jar transforms Thread 15" [_thread_blocked, id=2320, stack(0x000000fcf8b00000,0x000000fcf8c00000)]
  0x000002e5dfe26800 JavaThread "jar transforms Thread 16" [_thread_blocked, id=2952, stack(0x000000fcf8c00000,0x000000fcf8d00000)]
  0x000002e5dfe2a800 JavaThread "jar transforms Thread 17" [_thread_blocked, id=2208, stack(0x000000fcf8d00000,0x000000fcf8e00000)]
  0x000002e5dfe28000 JavaThread "jar transforms Thread 18" [_thread_blocked, id=2384, stack(0x000000fcf8e00000,0x000000fcf8f00000)]
  0x000002e5dfe2d000 JavaThread "jar transforms Thread 19" [_thread_blocked, id=4376, stack(0x000000fcf8f00000,0x000000fcf9000000)]
  0x000002e5dfe27800 JavaThread "jar transforms Thread 20" [_thread_blocked, id=1008, stack(0x000000fcf9000000,0x000000fcf9100000)]
  0x000002e5dfe2e000 JavaThread "jar transforms Thread 21" [_thread_blocked, id=6812, stack(0x000000fcf9100000,0x000000fcf9200000)]
  0x000002e5dfe29000 JavaThread "Cache worker for checksums cache (C:\Users\felip\AndroidStudioProjects\TheMovieApp\.gradle\checksums)" [_thread_blocked, id=7844, stack(0x000000fcf9200000,0x000000fcf9300000)]
  0x000002e5dfe2a000 JavaThread "Cache worker for cache directory md-supplier (C:\Users\felip\.gradle\caches\6.7.1\md-supplier)" [_thread_blocked, id=5084, stack(0x000000fcf9300000,0x000000fcf9400000)]
  0x000002e5dfe5f000 JavaThread "Cache worker for cache directory md-rule (C:\Users\felip\.gradle\caches\6.7.1\md-rule)" [_thread_blocked, id=8084, stack(0x000000fcf9400000,0x000000fcf9500000)]
  0x000002e5dfe65800 JavaThread "Cache worker for execution history cache (C:\Users\felip\.gradle\caches\6.7.1\executionHistory)" [_thread_blocked, id=8160, stack(0x000000fcf9500000,0x000000fcf9600000)]
  0x000002e5dfe64000 JavaThread "Cache worker for file content cache (C:\Users\felip\.gradle\caches\6.7.1\fileContent)" [_thread_blocked, id=7452, stack(0x000000fcf9600000,0x000000fcf9700000)]

Other Threads:
=>0x000002e5dcf32800 VMThread "VM Thread" [stack: 0x000000fcf6100000,0x000000fcf6200000] [id=3412]
  0x000002e5dda30800 WatcherThread [stack: 0x000000fcf6b00000,0x000000fcf6c00000] [id=7652]
  0x000002e5c39e8000 GCTaskThread "GC Thread#0" [stack: 0x000000fcf5c00000,0x000000fcf5d00000] [id=3712]
  0x000002e5ddc14000 GCTaskThread "GC Thread#1" [stack: 0x000000fcf6c00000,0x000000fcf6d00000] [id=6324]
  0x000002e5c3a1a800 ConcurrentGCThread "G1 Main Marker" [stack: 0x000000fcf5d00000,0x000000fcf5e00000] [id=4636]
  0x000002e5c3a1e000 ConcurrentGCThread "G1 Conc#0" [stack: 0x000000fcf5e00000,0x000000fcf5f00000] [id=1144]
  0x000002e5c3a73000 ConcurrentGCThread "G1 Refine#0" [stack: 0x000000fcf5f00000,0x000000fcf6000000] [id=2924]
  0x000002e5c3a74000 ConcurrentGCThread "G1 Young RemSet Sampling" [stack: 0x000000fcf6000000,0x000000fcf6100000] [id=6644]

Threads with active compile tasks:
C2 CompilerThread0  44167 3730       4       org.objectweb.asm.ClassReader::readStackMapFrame (535 bytes)

VM state:at safepoint (normal execution)

VM Mutex/Monitor currently owned by a thread:  ([mutex/lock_event])
[0x000002e5c39cb970] Threads_lock - owner thread: 0x000002e5dcf32800
[0x000002e5c39cbcd0] Heap_lock - owner thread: 0x000002e5dfe2e000

Heap address: 0x0000000080000000, size: 2048 MB, Compressed Oops mode: 32-bit
Narrow klass base: 0x0000000000000000, Narrow klass shift: 3
Compressed class space size: 1073741824 Address: 0x0000000100000000

Heap:
 garbage-first heap   total 129024K, used 45882K [0x0000000080000000, 0x0000000100000000)
  region size 1024K, 2 young (2048K), 2 survivors (2048K)
 Metaspace       used 40462K, capacity 41373K, committed 41596K, reserved 1085440K
  class space    used 5134K, capacity 5500K, committed 5580K, reserved 1048576K
Heap Regions: E=young(eden), S=young(survivor), O=old, HS=humongous(starts), HC=humongous(continues), CS=collection set, F=free, A=archive, TAMS=top-at-mark-start (previous, next)
|   0|0x0000000080000000, 0x0000000080100000, 0x0000000080100000|100%| O|  |TAMS 0x0000000080100000, 0x0000000080100000| Untracked 
|   1|0x0000000080100000, 0x0000000080200000, 0x0000000080200000|100%| O|  |TAMS 0x0000000080200000, 0x0000000080200000| Untracked 
|   2|0x0000000080200000, 0x0000000080300000, 0x0000000080300000|100%| O|  |TAMS 0x0000000080300000, 0x0000000080300000| Untracked 
|   3|0x0000000080300000, 0x0000000080400000, 0x0000000080400000|100%| O|  |TAMS 0x0000000080400000, 0x0000000080400000| Untracked 
|   4|0x0000000080400000, 0x0000000080500000, 0x0000000080500000|100%|HS|  |TAMS 0x0000000080500000, 0x0000000080500000| Complete 
|   5|0x0000000080500000, 0x0000000080600000, 0x0000000080600000|100%|HC|  |TAMS 0x0000000080600000, 0x0000000080600000| Complete 
|   6|0x0000000080600000, 0x0000000080700000, 0x0000000080700000|100%|HC|  |TAMS 0x0000000080700000, 0x0000000080700000| Complete 
|   7|0x0000000080700000, 0x0000000080800000, 0x0000000080800000|100%| O|  |TAMS 0x0000000080800000, 0x0000000080800000| Untracked 
|   8|0x0000000080800000, 0x0000000080900000, 0x0000000080900000|100%| O|  |TAMS 0x0000000080900000, 0x0000000080900000| Untracked 
|   9|0x0000000080900000, 0x0000000080a00000, 0x0000000080a00000|100%| O|  |TAMS 0x0000000080a00000, 0x0000000080a00000| Untracked 
|  10|0x0000000080a00000, 0x0000000080b00000, 0x0000000080b00000|100%| O|  |TAMS 0x0000000080b00000, 0x0000000080b00000| Untracked 
|  11|0x0000000080b00000, 0x0000000080c00000, 0x0000000080c00000|100%| O|  |TAMS 0x0000000080c00000, 0x0000000080c00000| Untracked 
|  12|0x0000000080c00000, 0x0000000080d00000, 0x0000000080d00000|100%| O|  |TAMS 0x0000000080d00000, 0x0000000080d00000| Untracked 
|  13|0x0000000080d00000, 0x0000000080e00000, 0x0000000080e00000|100%| O|  |TAMS 0x0000000080e00000, 0x0000000080e00000| Untracked 
|  14|0x0000000080e00000, 0x0000000080f00000, 0x0000000080f00000|100%| O|  |TAMS 0x0000000080f00000, 0x0000000080f00000| Untracked 
|  15|0x0000000080f00000, 0x0000000081000000, 0x0000000081000000|100%| O|  |TAMS 0x0000000081000000, 0x0000000081000000| Untracked 
|  16|0x0000000081000000, 0x0000000081100000, 0x0000000081100000|100%| O|  |TAMS 0x0000000081100000, 0x0000000081100000| Untracked 
|  17|0x0000000081100000, 0x0000000081200000, 0x0000000081200000|100%|HS|  |TAMS 0x0000000081200000, 0x0000000081200000| Complete 
|  18|0x0000000081200000, 0x0000000081300000, 0x0000000081300000|100%|HC|  |TAMS 0x0000000081300000, 0x0000000081300000| Complete 
|  19|0x0000000081300000, 0x0000000081400000, 0x0000000081400000|100%|HS|  |TAMS 0x0000000081400000, 0x0000000081400000| Complete 
|  20|0x0000000081400000, 0x0000000081500000, 0x0000000081500000|100%|HC|  |TAMS 0x0000000081500000, 0x0000000081500000| Complete 
|  21|0x0000000081500000, 0x0000000081600000, 0x0000000081600000|100%|HC|  |TAMS 0x0000000081600000, 0x0000000081600000| Complete 
|  22|0x0000000081600000, 0x0000000081700000, 0x0000000081700000|100%|HS|  |TAMS 0x0000000081700000, 0x0000000081700000| Complete 
|  23|0x0000000081700000, 0x0000000081800000, 0x0000000081800000|100%|HC|  |TAMS 0x0000000081800000, 0x0000000081800000| Complete 
|  24|0x0000000081800000, 0x0000000081900000, 0x0000000081900000|100%|HC|  |TAMS 0x0000000081900000, 0x0000000081900000| Complete 
|  25|0x0000000081900000, 0x0000000081a00000, 0x0000000081a00000|100%|HC|  |TAMS 0x0000000081a00000, 0x0000000081a00000| Complete 
|  26|0x0000000081a00000, 0x0000000081b00000, 0x0000000081b00000|100%| O|  |TAMS 0x0000000081b00000, 0x0000000081b00000| Untracked 
|  27|0x0000000081b00000, 0x0000000081c00000, 0x0000000081c00000|100%| O|  |TAMS 0x0000000081c00000, 0x0000000081c00000| Untracked 
|  28|0x0000000081c00000, 0x0000000081d00000, 0x0000000081d00000|100%| O|  |TAMS 0x0000000081d00000, 0x0000000081d00000| Untracked 
|  29|0x0000000081d00000, 0x0000000081e00000, 0x0000000081e00000|100%| O|  |TAMS 0x0000000081e00000, 0x0000000081e00000| Untracked 
|  30|0x0000000081e00000, 0x0000000081f00000, 0x0000000081f00000|100%| O|  |TAMS 0x0000000081f00000, 0x0000000081f00000| Untracked 
|  31|0x0000000081f00000, 0x0000000082000000, 0x0000000082000000|100%| O|  |TAMS 0x0000000082000000, 0x0000000082000000| Untracked 
|  32|0x0000000082000000, 0x0000000082100000, 0x0000000082100000|100%| O|  |TAMS 0x0000000082100000, 0x0000000082100000| Untracked 
|  33|0x0000000082100000, 0x0000000082200000, 0x0000000082200000|100%| O|  |TAMS 0x0000000082200000, 0x0000000082200000| Untracked 
|  34|0x0000000082200000, 0x0000000082300000, 0x0000000082300000|100%| O|  |TAMS 0x0000000082300000, 0x0000000082300000| Untracked 
|  35|0x0000000082300000, 0x0000000082400000, 0x0000000082400000|100%| O|  |TAMS 0x0000000082400000, 0x0000000082400000| Untracked 
|  36|0x0000000082400000, 0x0000000082500000, 0x0000000082500000|100%| O|  |TAMS 0x0000000082500000, 0x0000000082500000| Untracked 
|  37|0x0000000082500000, 0x0000000082600000, 0x0000000082600000|100%|HS|  |TAMS 0x0000000082600000, 0x0000000082600000| Complete 
|  38|0x0000000082600000, 0x0000000082700000, 0x0000000082700000|100%|HC|  |TAMS 0x0000000082700000, 0x0000000082700000| Complete 
|  39|0x0000000082700000, 0x0000000082800000, 0x0000000082800000|100%|HC|  |TAMS 0x0000000082800000, 0x0000000082800000| Complete 
|  40|0x0000000082800000, 0x0000000082900000, 0x0000000082900000|100%|HC|  |TAMS 0x0000000082900000, 0x0000000082900000| Complete 
|  41|0x0000000082900000, 0x0000000082a00000, 0x0000000082a00000|100%| O|  |TAMS 0x0000000082a00000, 0x0000000082a00000| Untracked 
|  42|0x0000000082a00000, 0x0000000082b00000, 0x0000000082b00000|100%| O|  |TAMS 0x0000000082b00000, 0x0000000082b00000| Untracked 
|  43|0x0000000082b00000, 0x0000000082b00000, 0x0000000082c00000|  0%| F|  |TAMS 0x0000000082b00000, 0x0000000082b00000| Untracked 
|  44|0x0000000082c00000, 0x0000000082c00000, 0x0000000082d00000|  0%| F|  |TAMS 0x0000000082c00000, 0x0000000082c00000| Untracked 
|  45|0x0000000082d00000, 0x0000000082d00000, 0x0000000082e00000|  0%| F|  |TAMS 0x0000000082d00000, 0x0000000082d00000| Untracked 
|  46|0x0000000082e00000, 0x0000000082e00000, 0x0000000082f00000|  0%| F|  |TAMS 0x0000000082e00000, 0x0000000082e00000| Untracked 
|  47|0x0000000082f00000, 0x0000000082faaa00, 0x0000000083000000| 66%| O|  |TAMS 0x0000000082faaa00, 0x0000000082faaa00| Untracked 
|  48|0x0000000083000000, 0x0000000083000000, 0x0000000083100000|  0%| F|  |TAMS 0x0000000083000000, 0x0000000083000000| Untracked 
|  49|0x0000000083100000, 0x0000000083100000, 0x0000000083200000|  0%| F|  |TAMS 0x0000000083100000, 0x0000000083100000| Untracked 
|  50|0x0000000083200000, 0x0000000083200000, 0x0000000083300000|  0%| F|  |TAMS 0x0000000083200000, 0x0000000083200000| Untracked 
|  51|0x0000000083300000, 0x0000000083300000, 0x0000000083400000|  0%| F|  |TAMS 0x0000000083300000, 0x0000000083300000| Untracked 
|  52|0x0000000083400000, 0x0000000083400000, 0x0000000083500000|  0%| F|  |TAMS 0x0000000083400000, 0x0000000083400000| Untracked 
|  53|0x0000000083500000, 0x0000000083500000, 0x0000000083600000|  0%| F|  |TAMS 0x0000000083500000, 0x0000000083500000| Untracked 
|  54|0x0000000083600000, 0x0000000083600000, 0x0000000083700000|  0%| F|  |TAMS 0x0000000083600000, 0x0000000083600000| Untracked 
|  55|0x0000000083700000, 0x0000000083700000, 0x0000000083800000|  0%| F|  |TAMS 0x0000000083700000, 0x0000000083700000| Untracked 
|  56|0x0000000083800000, 0x0000000083800000, 0x0000000083900000|  0%| F|  |TAMS 0x0000000083800000, 0x0000000083800000| Untracked 
|  57|0x0000000083900000, 0x0000000083900000, 0x0000000083a00000|  0%| F|  |TAMS 0x0000000083900000, 0x0000000083900000| Untracked 
|  58|0x0000000083a00000, 0x0000000083a00000, 0x0000000083b00000|  0%| F|  |TAMS 0x0000000083a00000, 0x0000000083a00000| Untracked 
|  59|0x0000000083b00000, 0x0000000083b00000, 0x0000000083c00000|  0%| F|  |TAMS 0x0000000083b00000, 0x0000000083b00000| Untracked 
|  60|0x0000000083c00000, 0x0000000083c00000, 0x0000000083d00000|  0%| F|  |TAMS 0x0000000083c00000, 0x0000000083c00000| Untracked 
|  61|0x0000000083d00000, 0x0000000083d00000, 0x0000000083e00000|  0%| F|  |TAMS 0x0000000083d00000, 0x0000000083d00000| Untracked 
|  62|0x0000000083e00000, 0x0000000083e00000, 0x0000000083f00000|  0%| F|  |TAMS 0x0000000083e00000, 0x0000000083e00000| Untracked 
|  63|0x0000000083f00000, 0x0000000083f23f80, 0x0000000084000000| 14%| S|CS|TAMS 0x0000000083f00000, 0x0000000083f00000| Complete 
|  64|0x0000000084000000, 0x0000000084100000, 0x0000000084100000|100%| S|CS|TAMS 0x0000000084000000, 0x0000000084000000| Complete 
|  65|0x0000000084100000, 0x0000000084100000, 0x0000000084200000|  0%| F|  |TAMS 0x0000000084100000, 0x0000000084100000| Untracked 
|  66|0x0000000084200000, 0x0000000084200000, 0x0000000084300000|  0%| F|  |TAMS 0x0000000084200000, 0x0000000084200000| Untracked 
|  67|0x0000000084300000, 0x0000000084300000, 0x0000000084400000|  0%| F|  |TAMS 0x0000000084300000, 0x0000000084300000| Untracked 
|  68|0x0000000084400000, 0x0000000084400000, 0x0000000084500000|  0%| F|  |TAMS 0x0000000084400000, 0x0000000084400000| Untracked 
|  69|0x0000000084500000, 0x0000000084500000, 0x0000000084600000|  0%| F|  |TAMS 0x0000000084500000, 0x0000000084500000| Untracked 
|  70|0x0000000084600000, 0x0000000084600000, 0x0000000084700000|  0%| F|  |TAMS 0x0000000084600000, 0x0000000084600000| Untracked 
|  71|0x0000000084700000, 0x0000000084700000, 0x0000000084800000|  0%| F|  |TAMS 0x0000000084700000, 0x0000000084700000| Untracked 
|  72|0x0000000084800000, 0x0000000084800000, 0x0000000084900000|  0%| F|  |TAMS 0x0000000084800000, 0x0000000084800000| Untracked 
|  73|0x0000000084900000, 0x0000000084900000, 0x0000000084a00000|  0%| F|  |TAMS 0x0000000084900000, 0x0000000084900000| Untracked 
|  74|0x0000000084a00000, 0x0000000084a00000, 0x0000000084b00000|  0%| F|  |TAMS 0x0000000084a00000, 0x0000000084a00000| Untracked 
|  75|0x0000000084b00000, 0x0000000084b00000, 0x0000000084c00000|  0%| F|  |TAMS 0x0000000084b00000, 0x0000000084b00000| Untracked 
|  76|0x0000000084c00000, 0x0000000084c00000, 0x0000000084d00000|  0%| F|  |TAMS 0x0000000084c00000, 0x0000000084c00000| Untracked 
|  77|0x0000000084d00000, 0x0000000084d00000, 0x0000000084e00000|  0%| F|  |TAMS 0x0000000084d00000, 0x0000000084d00000| Untracked 
|  78|0x0000000084e00000, 0x0000000084e00000, 0x0000000084f00000|  0%| F|  |TAMS 0x0000000084e00000, 0x0000000084e00000| Untracked 
|  79|0x0000000084f00000, 0x0000000084f00000, 0x0000000085000000|  0%| F|  |TAMS 0x0000000084f00000, 0x0000000084f00000| Untracked 
|  80|0x0000000085000000, 0x0000000085000000, 0x0000000085100000|  0%| F|  |TAMS 0x0000000085000000, 0x0000000085000000| Untracked 
|  81|0x0000000085100000, 0x0000000085100000, 0x0000000085200000|  0%| F|  |TAMS 0x0000000085100000, 0x0000000085100000| Untracked 
|  82|0x0000000085200000, 0x0000000085200000, 0x0000000085300000|  0%| F|  |TAMS 0x0000000085200000, 0x0000000085200000| Untracked 
|  83|0x0000000085300000, 0x0000000085300000, 0x0000000085400000|  0%| F|  |TAMS 0x0000000085300000, 0x0000000085300000| Untracked 
|  84|0x0000000085400000, 0x0000000085400000, 0x0000000085500000|  0%| F|  |TAMS 0x0000000085400000, 0x0000000085400000| Untracked 
|  85|0x0000000085500000, 0x0000000085500000, 0x0000000085600000|  0%| F|  |TAMS 0x0000000085500000, 0x0000000085500000| Untracked 
|  86|0x0000000085600000, 0x0000000085600000, 0x0000000085700000|  0%| F|  |TAMS 0x0000000085600000, 0x0000000085600000| Untracked 
|  87|0x0000000085700000, 0x0000000085700000, 0x0000000085800000|  0%| F|  |TAMS 0x0000000085700000, 0x0000000085700000| Untracked 
|  88|0x0000000085800000, 0x0000000085800000, 0x0000000085900000|  0%| F|  |TAMS 0x0000000085800000, 0x0000000085800000| Untracked 
|  89|0x0000000085900000, 0x0000000085900000, 0x0000000085a00000|  0%| F|  |TAMS 0x0000000085900000, 0x0000000085900000| Untracked 
|  90|0x0000000085a00000, 0x0000000085a00000, 0x0000000085b00000|  0%| F|  |TAMS 0x0000000085a00000, 0x0000000085a00000| Untracked 
|  91|0x0000000085b00000, 0x0000000085b00000, 0x0000000085c00000|  0%| F|  |TAMS 0x0000000085b00000, 0x0000000085b00000| Untracked 
|  92|0x0000000085c00000, 0x0000000085c00000, 0x0000000085d00000|  0%| F|  |TAMS 0x0000000085c00000, 0x0000000085c00000| Untracked 

Card table byte_map: [0x000002e5d6350000,0x000002e5d6750000] _byte_map_base: 0x000002e5d5f50000

Marking Bits (Prev, Next): (CMBitMap*) 0x000002e5c3a11a50, (CMBitMap*) 0x000002e5c3a11a18
 Prev Bits: [0x000002e5d8b50000, 0x000002e5dab50000)
 Next Bits: [0x000002e5d6b50000, 0x000002e5d8b50000)

Polling page: 0x000002e5c19a0000

Metaspace:

Usage:
  Non-class:     35.03 MB capacity,    34.50 MB ( 98%) used,   461.30 KB (  1%) free+waste,    83.94 KB ( <1%) overhead. 
      Class:      5.37 MB capacity,     5.01 MB ( 93%) used,   325.07 KB (  6%) free+waste,    40.69 KB ( <1%) overhead. 
       Both:     40.40 MB capacity,    39.51 MB ( 98%) used,   786.37 KB (  2%) free+waste,   124.63 KB ( <1%) overhead. 

Virtual space:
  Non-class space:       36.00 MB reserved,      35.17 MB ( 98%) committed 
      Class space:        1.00 GB reserved,       5.45 MB ( <1%) committed 
             Both:        1.04 GB reserved,      40.62 MB (  4%) committed 

Chunk freelists:
   Non-Class:  15.00 KB
       Class:  4.00 KB
        Both:  19.00 KB

MaxMetaspaceSize: 17179869184.00 GB
CompressedClassSpaceSize: 1.00 GB

CodeHeap 'non-profiled nmethods': size=120064Kb used=1950Kb max_used=1950Kb free=118113Kb
 bounds [0x000002e5cee10000, 0x000002e5cf080000, 0x000002e5d6350000]
CodeHeap 'profiled nmethods': size=120000Kb used=7951Kb max_used=7951Kb free=112048Kb
 bounds [0x000002e5c78e0000, 0x000002e5c80b0000, 0x000002e5cee10000]
CodeHeap 'non-nmethods': size=5696Kb used=2182Kb max_used=2223Kb free=3513Kb
 bounds [0x000002e5c7350000, 0x000002e5c75c0000, 0x000002e5c78e0000]
 total_blobs=4243 nmethods=3488 adapters=667
 compilation: enabled
              stopped_count=0, restarted_count=0
 full_count=0

Compilation events (20 events):
Event: 42.247 Thread 0x000002e5dcf9a800 nmethod 3719 0x000002e5cefddb90 code [0x000002e5cefddd20, 0x000002e5cefdde78]
Event: 42.248 Thread 0x000002e5dcf9a800 3720       4       org.objectweb.asm.MethodWriter::visitFrame (811 bytes)
Event: 42.276 Thread 0x000002e5dcfa6000 3722       2       java.util.stream.Sink$ChainedReference::cancellationRequested (10 bytes)
Event: 42.277 Thread 0x000002e5dcfa6000 nmethod 3722 0x000002e5c80a2910 code [0x000002e5c80a2ac0, 0x000002e5c80a2be8]
Event: 42.343 Thread 0x000002e5dcfa6000 3723 %     3       java.util.Arrays::binarySearch0 @ 8 (74 bytes)
Event: 42.344 Thread 0x000002e5dcfa6000 nmethod 3723% 0x000002e5c80a2c90 code [0x000002e5c80a2e60, 0x000002e5c80a3158]
Event: 42.344 Thread 0x000002e5dcfa6000 3724       3       java.util.Arrays::binarySearch0 (74 bytes)
Event: 42.345 Thread 0x000002e5dcfa6000 nmethod 3724 0x000002e5c80a3290 code [0x000002e5c80a3460, 0x000002e5c80a36f8]
Event: 42.544 Thread 0x000002e5dcf9a800 nmethod 3720 0x000002e5cefddf10 code [0x000002e5cefde3e0, 0x000002e5cefe15b0]
Event: 42.545 Thread 0x000002e5dcf9a800 3721       4       org.objectweb.asm.AnnotationWriter::visit (959 bytes)
Event: 42.723 Thread 0x000002e5dcfa6000 3727 %     3       org.gradle.internal.file.FilePathUtil::getPathSegments @ 20 (54 bytes)
Event: 42.724 Thread 0x000002e5dcfa6000 nmethod 3727% 0x000002e5c80a3810 code [0x000002e5c80a3a80, 0x000002e5c80a4408]
Event: 42.724 Thread 0x000002e5dcfa6000 3728       3       org.gradle.internal.file.FilePathUtil::getPathSegments (54 bytes)
Event: 42.726 Thread 0x000002e5dcfa6000 nmethod 3728 0x000002e5c80a4790 code [0x000002e5c80a4a40, 0x000002e5c80a56f8]
Event: 42.805 Thread 0x000002e5dcf9a800 nmethod 3721 0x000002e5cefe3f10 code [0x000002e5cefe4300, 0x000002e5cefe7120]
Event: 42.808 Thread 0x000002e5dcf9a800 3729       4       org.objectweb.asm.ClassReader::readCode (5089 bytes)
Event: 43.592 Thread 0x000002e5dcfa6000 3733       2       org.objectweb.asm.ClassReader::readBootstrapMethodsAttribute (134 bytes)
Event: 43.593 Thread 0x000002e5dcfa6000 nmethod 3733 0x000002e5c80a5c10 code [0x000002e5c80a5e40, 0x000002e5c80a64e8]
Event: 43.864 Thread 0x000002e5dcf9a800 nmethod 3729 0x000002e5cefe8e10 code [0x000002e5cefe9640, 0x000002e5ceff0648]
Event: 43.867 Thread 0x000002e5dcf9a800 3730       4       org.objectweb.asm.ClassReader::readStackMapFrame (535 bytes)

GC Heap History (20 events):
Event: 39.396 GC heap after
{Heap after GC invocations=32 (full 0):
 garbage-first heap   total 65536K, used 47145K [0x0000000080000000, 0x0000000100000000)
  region size 1024K, 1 young (1024K), 1 survivors (1024K)
 Metaspace       used 40430K, capacity 41373K, committed 41596K, reserved 1085440K
  class space    used 5131K, capacity 5500K, committed 5580K, reserved 1048576K
}
Event: 39.657 GC heap before
{Heap before GC invocations=33 (full 0):
 garbage-first heap   total 65536K, used 52265K [0x0000000080000000, 0x0000000100000000)
  region size 1024K, 7 young (7168K), 1 survivors (1024K)
 Metaspace       used 40431K, capacity 41373K, committed 41596K, reserved 1085440K
  class space    used 5131K, capacity 5500K, committed 5580K, reserved 1048576K
}
Event: 39.663 GC heap after
{Heap after GC invocations=34 (full 0):
 garbage-first heap   total 65536K, used 48844K [0x0000000080000000, 0x0000000100000000)
  region size 1024K, 1 young (1024K), 1 survivors (1024K)
 Metaspace       used 40431K, capacity 41373K, committed 41596K, reserved 1085440K
  class space    used 5131K, capacity 5500K, committed 5580K, reserved 1048576K
}
Event: 39.714 GC heap before
{Heap before GC invocations=34 (full 0):
 garbage-first heap   total 65536K, used 49868K [0x0000000080000000, 0x0000000100000000)
  region size 1024K, 3 young (3072K), 1 survivors (1024K)
 Metaspace       used 40431K, capacity 41373K, committed 41596K, reserved 1085440K
  class space    used 5131K, capacity 5500K, committed 5580K, reserved 1048576K
}
Event: 39.721 GC heap after
{Heap after GC invocations=35 (full 0):
 garbage-first heap   total 78848K, used 45868K [0x0000000080000000, 0x0000000100000000)
  region size 1024K, 1 young (1024K), 1 survivors (1024K)
 Metaspace       used 40431K, capacity 41373K, committed 41596K, reserved 1085440K
  class space    used 5131K, capacity 5500K, committed 5580K, reserved 1048576K
}
Event: 40.114 GC heap before
{Heap before GC invocations=35 (full 0):
 garbage-first heap   total 78848K, used 59180K [0x0000000080000000, 0x0000000100000000)
  region size 1024K, 14 young (14336K), 1 survivors (1024K)
 Metaspace       used 40432K, capacity 41373K, committed 41596K, reserved 1085440K
  class space    used 5131K, capacity 5500K, committed 5580K, reserved 1048576K
}
Event: 40.119 GC heap after
{Heap after GC invocations=36 (full 0):
 garbage-first heap   total 78848K, used 46429K [0x0000000080000000, 0x0000000100000000)
  region size 1024K, 2 young (2048K), 2 survivors (2048K)
 Metaspace       used 40432K, capacity 41373K, committed 41596K, reserved 1085440K
  class space    used 5131K, capacity 5500K, committed 5580K, reserved 1048576K
}
Event: 40.614 GC heap before
{Heap before GC invocations=37 (full 0):
 garbage-first heap   total 78848K, used 59741K [0x0000000080000000, 0x0000000100000000)
  region size 1024K, 16 young (16384K), 2 survivors (2048K)
 Metaspace       used 40432K, capacity 41373K, committed 41596K, reserved 1085440K
  class space    used 5131K, capacity 5500K, committed 5580K, reserved 1048576K
}
Event: 40.620 GC heap after
{Heap after GC invocations=38 (full 0):
 garbage-first heap   total 78848K, used 46575K [0x0000000080000000, 0x0000000100000000)
  region size 1024K, 1 young (1024K), 1 survivors (1024K)
 Metaspace       used 40432K, capacity 41373K, committed 41596K, reserved 1085440K
  class space    used 5131K, capacity 5500K, committed 5580K, reserved 1048576K
}
Event: 41.000 GC heap before
{Heap before GC invocations=38 (full 0):
 garbage-first heap   total 78848K, used 60911K [0x0000000080000000, 0x0000000100000000)
  region size 1024K, 16 young (16384K), 1 survivors (1024K)
 Metaspace       used 40461K, capacity 41373K, committed 41596K, reserved 1085440K
  class space    used 5134K, capacity 5500K, committed 5580K, reserved 1048576K
}
Event: 41.004 GC heap after
{Heap after GC invocations=39 (full 0):
 garbage-first heap   total 78848K, used 46374K [0x0000000080000000, 0x0000000100000000)
  region size 1024K, 1 young (1024K), 1 survivors (1024K)
 Metaspace       used 40461K, capacity 41373K, committed 41596K, reserved 1085440K
  class space    used 5134K, capacity 5500K, committed 5580K, reserved 1048576K
}
Event: 41.452 GC heap before
{Heap before GC invocations=40 (full 0):
 garbage-first heap   total 78848K, used 61734K [0x0000000080000000, 0x0000000100000000)
  region size 1024K, 16 young (16384K), 1 survivors (1024K)
 Metaspace       used 40461K, capacity 41373K, committed 41596K, reserved 1085440K
  class space    used 5134K, capacity 5500K, committed 5580K, reserved 1048576K
}
Event: 41.484 GC heap after
{Heap after GC invocations=41 (full 0):
 garbage-first heap   total 95232K, used 46114K [0x0000000080000000, 0x0000000100000000)
  region size 1024K, 1 young (1024K), 1 survivors (1024K)
 Metaspace       used 40461K, capacity 41373K, committed 41596K, reserved 1085440K
  class space    used 5134K, capacity 5500K, committed 5580K, reserved 1048576K
}
Event: 41.781 GC heap before
{Heap before GC invocations=41 (full 0):
 garbage-first heap   total 95232K, used 49186K [0x0000000080000000, 0x0000000100000000)
  region size 1024K, 4 young (4096K), 1 survivors (1024K)
 Metaspace       used 40461K, capacity 41373K, committed 41596K, reserved 1085440K
  class space    used 5134K, capacity 5500K, committed 5580K, reserved 1048576K
}
Event: 41.790 GC heap after
{Heap after GC invocations=42 (full 0):
 garbage-first heap   total 95232K, used 45141K [0x0000000080000000, 0x0000000100000000)
  region size 1024K, 1 young (1024K), 1 survivors (1024K)
 Metaspace       used 40461K, capacity 41373K, committed 41596K, reserved 1085440K
  class space    used 5134K, capacity 5500K, committed 5580K, reserved 1048576K
}
Event: 42.490 GC heap before
{Heap before GC invocations=42 (full 0):
 garbage-first heap   total 95232K, used 70741K [0x0000000080000000, 0x0000000100000000)
  region size 1024K, 26 young (26624K), 1 survivors (1024K)
 Metaspace       used 40461K, capacity 41373K, committed 41596K, reserved 1085440K
  class space    used 5134K, capacity 5500K, committed 5580K, reserved 1048576K
}
Event: 42.495 GC heap after
{Heap after GC invocations=43 (full 0):
 garbage-first heap   total 95232K, used 45337K [0x0000000080000000, 0x0000000100000000)
  region size 1024K, 1 young (1024K), 1 survivors (1024K)
 Metaspace       used 40461K, capacity 41373K, committed 41596K, reserved 1085440K
  class space    used 5134K, capacity 5500K, committed 5580K, reserved 1048576K
}
Event: 43.263 GC heap before
{Heap before GC invocations=44 (full 0):
 garbage-first heap   total 95232K, used 71961K [0x0000000080000000, 0x0000000100000000)
  region size 1024K, 27 young (27648K), 1 survivors (1024K)
 Metaspace       used 40461K, capacity 41373K, committed 41596K, reserved 1085440K
  class space    used 5134K, capacity 5500K, committed 5580K, reserved 1048576K
}
Event: 43.267 GC heap after
{Heap after GC invocations=45 (full 0):
 garbage-first heap   total 95232K, used 45583K [0x0000000080000000, 0x0000000100000000)
  region size 1024K, 1 young (1024K), 1 survivors (1024K)
 Metaspace       used 40461K, capacity 41373K, committed 41596K, reserved 1085440K
  class space    used 5134K, capacity 5500K, committed 5580K, reserved 1048576K
}
Event: 43.867 GC heap before
{Heap before GC invocations=45 (full 0):
 garbage-first heap   total 95232K, used 72207K [0x0000000080000000, 0x0000000100000000)
  region size 1024K, 28 young (28672K), 1 survivors (1024K)
 Metaspace       used 40462K, capacity 41373K, committed 41596K, reserved 1085440K
  class space    used 5134K, capacity 5500K, committed 5580K, reserved 1048576K
}

Deoptimization events (20 events):
Event: 43.040 Thread 0x000002e5dfe2e000 DEOPT PACKING pc=0x000002e5c80984de sp=0x000000fcf91fe0d0
Event: 43.040 Thread 0x000002e5dfe2e000 DEOPT UNPACKING pc=0x000002e5c73764bf sp=0x000000fcf91fd740 mode 0
Event: 43.370 Thread 0x000002e5dfe2e000 DEOPT PACKING pc=0x000002e5c80984de sp=0x000000fcf91fe0d0
Event: 43.370 Thread 0x000002e5dfe2e000 DEOPT UNPACKING pc=0x000002e5c73764bf sp=0x000000fcf91fd740 mode 0
Event: 43.392 Thread 0x000002e5dfe2e000 DEOPT PACKING pc=0x000002e5c80984de sp=0x000000fcf91fe0d0
Event: 43.392 Thread 0x000002e5dfe2e000 DEOPT UNPACKING pc=0x000002e5c73764bf sp=0x000000fcf91fd740 mode 0
Event: 43.407 Thread 0x000002e5dfe2e000 DEOPT PACKING pc=0x000002e5c80984de sp=0x000000fcf91fe0d0
Event: 43.407 Thread 0x000002e5dfe2e000 DEOPT UNPACKING pc=0x000002e5c73764bf sp=0x000000fcf91fd740 mode 0
Event: 43.420 Thread 0x000002e5dfe2e000 DEOPT PACKING pc=0x000002e5c80984de sp=0x000000fcf91fe0d0
Event: 43.420 Thread 0x000002e5dfe2e000 DEOPT UNPACKING pc=0x000002e5c73764bf sp=0x000000fcf91fd740 mode 0
Event: 43.432 Thread 0x000002e5dfe2e000 DEOPT PACKING pc=0x000002e5c80984de sp=0x000000fcf91fe0d0
Event: 43.432 Thread 0x000002e5dfe2e000 DEOPT UNPACKING pc=0x000002e5c73764bf sp=0x000000fcf91fd740 mode 0
Event: 43.671 Thread 0x000002e5dfe2e000 DEOPT PACKING pc=0x000002e5c80984de sp=0x000000fcf91fe0d0
Event: 43.671 Thread 0x000002e5dfe2e000 DEOPT UNPACKING pc=0x000002e5c73764bf sp=0x000000fcf91fd740 mode 0
Event: 43.729 Thread 0x000002e5dfe2e000 DEOPT PACKING pc=0x000002e5c80984de sp=0x000000fcf91fe0d0
Event: 43.729 Thread 0x000002e5dfe2e000 DEOPT UNPACKING pc=0x000002e5c73764bf sp=0x000000fcf91fd740 mode 0
Event: 43.768 Thread 0x000002e5dfe2e000 DEOPT PACKING pc=0x000002e5c80984de sp=0x000000fcf91fe0d0
Event: 43.768 Thread 0x000002e5dfe2e000 DEOPT UNPACKING pc=0x000002e5c73764bf sp=0x000000fcf91fd740 mode 0
Event: 43.856 Thread 0x000002e5dfe2e000 DEOPT PACKING pc=0x000002e5c80984de sp=0x000000fcf91fe0d0
Event: 43.856 Thread 0x000002e5dfe2e000 DEOPT UNPACKING pc=0x000002e5c73764bf sp=0x000000fcf91fd740 mode 0

Classes redefined (0 events):
No events

Internal exceptions (20 events):
Event: 34.998 Thread 0x000002e5df2a6000 Exception <a 'java/lang/ClassNotFoundException'{0x0000000083503eb0}: groovy/lang/ClosureCustomizer> (0x0000000083503eb0) thrown at [./src/hotspot/share/classfile/systemDictionary.cpp, line 231]
Event: 35.006 Thread 0x000002e5df2a6000 Exception <a 'java/lang/ClassNotFoundException'{0x0000000083539368}: groovy/lang/Closure$1Customizer> (0x0000000083539368) thrown at [./src/hotspot/share/classfile/systemDictionary.cpp, line 231]
Event: 35.578 Thread 0x000002e5df2a6000 Exception <a 'java/lang/ClassNotFoundException'{0x0000000083b0eee0}: org/gradle/internal/metaobject/ConfigureDelegateBeanInfo> (0x0000000083b0eee0) thrown at [./src/hotspot/share/classfile/systemDictionary.cpp, line 231]
Event: 35.581 Thread 0x000002e5df2a6000 Exception <a 'java/lang/ClassNotFoundException'{0x0000000083b2c4a8}: org/gradle/internal/metaobject/ConfigureDelegateCustomizer> (0x0000000083b2c4a8) thrown at [./src/hotspot/share/classfile/systemDictionary.cpp, line 231]
Event: 35.606 Thread 0x000002e5df2a6000 Exception <a 'java/lang/ClassNotFoundException'{0x0000000083b87f00}: org/gradle/api/internal/initialization/DefaultScriptHandlerBeanInfo> (0x0000000083b87f00) thrown at [./src/hotspot/share/classfile/systemDictionary.cpp, line 231]
Event: 35.607 Thread 0x000002e5df2a6000 Exception <a 'java/lang/ClassNotFoundException'{0x0000000083ba8fe8}: org/gradle/api/internal/initialization/DefaultScriptHandlerCustomizer> (0x0000000083ba8fe8) thrown at [./src/hotspot/share/classfile/systemDictionary.cpp, line 231]
Event: 36.052 Thread 0x000002e5df2a6000 Exception <a 'java/lang/ClassNotFoundException'{0x0000000083fc5318}: org/gradle/api/internal/artifacts/dsl/dependencies/DefaultDependencyHandler_DecoratedBeanInfo> (0x0000000083fc5318) thrown at [./src/hotspot/share/classfile/systemDictionary.cpp, line 231]
Event: 36.057 Thread 0x000002e5df2a6000 Exception <a 'java/lang/ClassNotFoundException'{0x0000000083ff8858}: org/gradle/api/internal/artifacts/dsl/dependencies/DefaultDependencyHandlerBeanInfo> (0x0000000083ff8858) thrown at [./src/hotspot/share/classfile/systemDictionary.cpp, line 231]
Event: 36.060 Thread 0x000002e5df2a6000 Exception <a 'java/lang/ClassNotFoundException'{0x0000000083e2bde0}: org/gradle/api/internal/artifacts/dsl/dependencies/DefaultDependencyHandlerCustomizer> (0x0000000083e2bde0) thrown at [./src/hotspot/share/classfile/systemDictionary.cpp, line 231]
Event: 36.077 Thread 0x000002e5df2a6000 Exception <a 'java/lang/ClassNotFoundException'{0x0000000083e7e138}: org/gradle/api/internal/artifacts/dsl/dependencies/DefaultDependencyHandler_DecoratedCustomizer> (0x0000000083e7e138) thrown at [./src/hotspot/share/classfile/systemDictionary.cpp, line 231]
Event: 36.805 Thread 0x000002e5df2a6000 Exception <a 'java/lang/NoSuchMethodError'{0x0000000083ef64a8}: 'java.lang.Object java.lang.invoke.DirectMethodHandle$Holder.invokeStatic(java.lang.Object, java.lang.Object, java.lang.Object, int)'> (0x0000000083ef64a8) thrown at [./src/hotspot/share/interpreter/linkResolver.cpp, line 773]
Event: 36.806 Thread 0x000002e5df2a6000 Exception <a 'java/lang/NoSuchMethodError'{0x0000000083efaac0}: 'java.lang.Object java.lang.invoke.DirectMethodHandle$Holder.invokeSpecial(java.lang.Object, java.lang.Object, java.lang.Object, java.lang.Object, int)'> (0x0000000083efaac0) thrown at [./src/hotspot/share/interpreter/linkResolver.cpp, line 773]
Event: 36.809 Thread 0x000002e5df2a6000 Exception <a 'java/lang/NoSuchMethodError'{0x0000000083efe9f8}: 'java.lang.Object java.lang.invoke.Invokers$Holder.linkToTargetMethod(java.lang.Object, java.lang.Object, int, java.lang.Object)'> (0x0000000083efe9f8) thrown at [./src/hotspot/share/interpreter/linkResolver.cpp, line 773]
Event: 36.824 Thread 0x000002e5df2a6000 Exception <a 'java/lang/NoSuchMethodError'{0x0000000083d439c0}: 'int java.lang.invoke.DirectMethodHandle$Holder.invokeInterface(java.lang.Object, java.lang.Object)'> (0x0000000083d439c0) thrown at [./src/hotspot/share/interpreter/linkResolver.cpp, line 773]
Event: 36.826 Thread 0x000002e5df2a6000 Exception <a 'java/lang/IncompatibleClassChangeError'{0x0000000083d471f8}: Found class java.lang.Object, but interface was expected> (0x0000000083d471f8) thrown at [./src/hotspot/share/interpreter/linkResolver.cpp, line 839]
Event: 36.915 Thread 0x000002e5df2a6000 Exception <a 'java/lang/NoSuchMethodError'{0x0000000083cb42f0}: 'java.lang.Object java.lang.invoke.Invokers$Holder.linkToTargetMethod(java.lang.Object, int, java.lang.Object)'> (0x0000000083cb42f0) thrown at [./src/hotspot/share/interpreter/linkResolver.cpp, line 773]
Event: 37.087 Thread 0x000002e5df2a6000 Exception <a 'java/lang/NoSuchMethodError'{0x00000000839ebf00}: 'int java.lang.invoke.DirectMethodHandle$Holder.invokeStaticInit(java.lang.Object)'> (0x00000000839ebf00) thrown at [./src/hotspot/share/interpreter/linkResolver.cpp, line 773]
Event: 40.955 Thread 0x000002e5dfe27800 Implicit null exception at 0x000002e5cef51717 to 0x000002e5cef51ed0
Event: 41.148 Thread 0x000002e5dfe27800 Exception <a 'sun/nio/fs/WindowsException'{0x0000000084c37358}> (0x0000000084c37358) thrown at [./src/hotspot/share/prims/jni.cpp, line 615]
Event: 41.152 Thread 0x000002e5dfe27800 Exception <a 'sun/nio/fs/WindowsException'{0x0000000084c37508}> (0x0000000084c37508) thrown at [./src/hotspot/share/prims/jni.cpp, line 615]

Events (20 events):
Event: 41.004 Executing VM operation: G1CollectForAllocation done
Event: 41.088 Executing VM operation: CGC_Operation
Event: 41.103 Executing VM operation: CGC_Operation done
Event: 41.140 Executing VM operation: CGC_Operation
Event: 41.140 Executing VM operation: CGC_Operation done
Event: 41.142 Executing VM operation: RevokeBias
Event: 41.142 Executing VM operation: RevokeBias done
Event: 41.452 Executing VM operation: G1CollectForAllocation
Event: 41.484 Executing VM operation: G1CollectForAllocation done
Event: 41.779 Executing VM operation: G1CollectForAllocation
Event: 41.790 Executing VM operation: G1CollectForAllocation done
Event: 42.490 Executing VM operation: G1CollectForAllocation
Event: 42.495 Executing VM operation: G1CollectForAllocation done
Event: 42.583 Executing VM operation: CGC_Operation
Event: 42.599 Executing VM operation: CGC_Operation done
Event: 42.637 Executing VM operation: CGC_Operation
Event: 42.637 Executing VM operation: CGC_Operation done
Event: 43.262 Executing VM operation: G1CollectForAllocation
Event: 43.267 Executing VM operation: G1CollectForAllocation done
Event: 43.865 Executing VM operation: G1CollectForAllocation


Dynamic libraries:
0x00007ff671750000 - 0x00007ff67175a000 	C:\Users\felip\OneDrive\Desktop\android-studio-ide-202.6987402-windows\android-studio\jre\bin\java.exe
0x00007ffcda6d0000 - 0x00007ffcda8c5000 	C:\Windows\SYSTEM32\ntdll.dll
0x00007ffcc01d0000 - 0x00007ffcc01e2000 	C:\Program Files\Avast Software\Avast\aswhook.dll
0x00007ffcd9ec0000 - 0x00007ffcd9f7d000 	C:\Windows\System32\KERNEL32.DLL
0x00007ffcd7e40000 - 0x00007ffcd8108000 	C:\Windows\System32\KERNELBASE.dll
0x00007ffcd85b0000 - 0x00007ffcd86b0000 	C:\Windows\System32\ucrtbase.dll
0x00007ffccc7e0000 - 0x00007ffccc7f9000 	C:\Users\felip\OneDrive\Desktop\android-studio-ide-202.6987402-windows\android-studio\jre\bin\jli.dll
0x00007ffcd9170000 - 0x00007ffcd9310000 	C:\Windows\System32\USER32.dll
0x00007ffcd86b0000 - 0x00007ffcd86d2000 	C:\Windows\System32\win32u.dll
0x00007ffcda540000 - 0x00007ffcda56a000 	C:\Windows\System32\GDI32.dll
0x00007ffcd81c0000 - 0x00007ffcd82cb000 	C:\Windows\System32\gdi32full.dll
0x00007ffcd8510000 - 0x00007ffcd85ad000 	C:\Windows\System32\msvcp_win.dll
0x00007ffcc1550000 - 0x00007ffcc1567000 	C:\Users\felip\OneDrive\Desktop\android-studio-ide-202.6987402-windows\android-studio\jre\bin\VCRUNTIME140.dll
0x00007ffcc4ad0000 - 0x00007ffcc4d6a000 	C:\Windows\WinSxS\amd64_microsoft.windows.common-controls_6595b64144ccf1df_6.0.19041.1052_none_60b8f8fd71f5e8cb\COMCTL32.dll
0x00007ffcd9310000 - 0x00007ffcd93ae000 	C:\Windows\System32\msvcrt.dll
0x00007ffcd93b0000 - 0x00007ffcd93e0000 	C:\Windows\System32\IMM32.DLL
0x00007ffcae3b0000 - 0x00007ffcae44d000 	C:\Users\felip\OneDrive\Desktop\android-studio-ide-202.6987402-windows\android-studio\jre\bin\msvcp140.dll
0x00007ffc99600000 - 0x00007ffc9a0bc000 	C:\Users\felip\OneDrive\Desktop\android-studio-ide-202.6987402-windows\android-studio\jre\bin\server\jvm.dll
0x00007ffcda1b0000 - 0x00007ffcda25c000 	C:\Windows\System32\ADVAPI32.dll
0x00007ffcd9950000 - 0x00007ffcd99eb000 	C:\Windows\System32\sechost.dll
0x00007ffcda260000 - 0x00007ffcda38b000 	C:\Windows\System32\RPCRT4.dll
0x00007ffcd8e90000 - 0x00007ffcd8e98000 	C:\Windows\System32\PSAPI.DLL
0x00007ffccb0b0000 - 0x00007ffccb0b9000 	C:\Windows\SYSTEM32\WSOCK32.dll
0x00007ffcd8f00000 - 0x00007ffcd8f6b000 	C:\Windows\System32\WS2_32.dll
0x00007ffcc4400000 - 0x00007ffcc4427000 	C:\Windows\SYSTEM32\WINMM.dll
0x00007ffcd1280000 - 0x00007ffcd128a000 	C:\Windows\SYSTEM32\VERSION.dll
0x00007ffcd5c80000 - 0x00007ffcd5c92000 	C:\Windows\SYSTEM32\kernel.appcore.dll
0x00007ffcd2ba0000 - 0x00007ffcd2bb1000 	C:\Users\felip\OneDrive\Desktop\android-studio-ide-202.6987402-windows\android-studio\jre\bin\verify.dll
0x00007ffccf5d0000 - 0x00007ffccf7b4000 	C:\Windows\SYSTEM32\DBGHELP.DLL
0x00007ffccf5a0000 - 0x00007ffccf5cc000 	C:\Windows\SYSTEM32\dbgcore.DLL
0x00007ffcd8320000 - 0x00007ffcd83a3000 	C:\Windows\System32\bcryptPrimitives.dll
0x00007ffccc9d0000 - 0x00007ffccc9f9000 	C:\Users\felip\OneDrive\Desktop\android-studio-ide-202.6987402-windows\android-studio\jre\bin\java.dll
0x00007ffcd3b70000 - 0x00007ffcd3b7b000 	C:\Users\felip\OneDrive\Desktop\android-studio-ide-202.6987402-windows\android-studio\jre\bin\jimage.dll
0x00007ffcd2150000 - 0x00007ffcd2168000 	C:\Users\felip\OneDrive\Desktop\android-studio-ide-202.6987402-windows\android-studio\jre\bin\zip.dll
0x00007ffcd8740000 - 0x00007ffcd8e7f000 	C:\Windows\System32\SHELL32.dll
0x00007ffcd5f60000 - 0x00007ffcd66f0000 	C:\Windows\SYSTEM32\windows.storage.dll
0x00007ffcd93e0000 - 0x00007ffcd9735000 	C:\Windows\System32\combase.dll
0x00007ffcd77b0000 - 0x00007ffcd77dc000 	C:\Windows\SYSTEM32\Wldp.dll
0x00007ffcd9f80000 - 0x00007ffcda02e000 	C:\Windows\System32\SHCORE.dll
0x00007ffcd98f0000 - 0x00007ffcd9945000 	C:\Windows\System32\shlwapi.dll
0x00007ffcd7d50000 - 0x00007ffcd7d6f000 	C:\Windows\SYSTEM32\profapi.dll
0x00007ffccc9b0000 - 0x00007ffccc9ca000 	C:\Users\felip\OneDrive\Desktop\android-studio-ide-202.6987402-windows\android-studio\jre\bin\net.dll
0x00007ffccd010000 - 0x00007ffccd11b000 	C:\Windows\SYSTEM32\WINHTTP.dll
0x00007ffcd7520000 - 0x00007ffcd758a000 	C:\Windows\system32\mswsock.dll
0x00007ffccc020000 - 0x00007ffccc034000 	C:\Users\felip\OneDrive\Desktop\android-studio-ide-202.6987402-windows\android-studio\jre\bin\nio.dll
0x00007ffcba120000 - 0x00007ffcba146000 	C:\Users\felip\.gradle\native\fdc75f09e3144964f2cf3f50f0aa648679c211496f362492102eb8c894070792\windows-amd64\native-platform.dll
0x00007ffc94710000 - 0x00007ffc948a1000 	C:\Users\felip\.gradle\native\12488b8bf47d2d4c9fbf2f6322a914ad602e24e48041cd04a747c6da556b65c4\windows-amd64\native-platform-file-events.dll
0x00007ffcd33d0000 - 0x00007ffcd33da000 	C:\Users\felip\OneDrive\Desktop\android-studio-ide-202.6987402-windows\android-studio\jre\bin\management.dll
0x00007ffcd2f10000 - 0x00007ffcd2f1c000 	C:\Users\felip\OneDrive\Desktop\android-studio-ide-202.6987402-windows\android-studio\jre\bin\management_ext.dll
0x00007ffcd7700000 - 0x00007ffcd7718000 	C:\Windows\SYSTEM32\CRYPTSP.dll
0x00007ffcd6ec0000 - 0x00007ffcd6ef4000 	C:\Windows\system32\rsaenh.dll
0x00007ffcd7e10000 - 0x00007ffcd7e37000 	C:\Windows\System32\bcrypt.dll
0x00007ffcd7d10000 - 0x00007ffcd7d3e000 	C:\Windows\SYSTEM32\USERENV.dll
0x00007ffcd76f0000 - 0x00007ffcd76fc000 	C:\Windows\SYSTEM32\CRYPTBASE.dll
0x00007ffcd7210000 - 0x00007ffcd724b000 	C:\Windows\SYSTEM32\IPHLPAPI.DLL
0x00007ffcd8e80000 - 0x00007ffcd8e88000 	C:\Windows\System32\NSI.dll
0x00007ffccfc30000 - 0x00007ffccfc47000 	C:\Windows\SYSTEM32\dhcpcsvc6.DLL
0x00007ffcd0f60000 - 0x00007ffcd0f7d000 	C:\Windows\SYSTEM32\dhcpcsvc.DLL
0x00007ffcd7250000 - 0x00007ffcd731c000 	C:\Windows\SYSTEM32\DNSAPI.dll
0x00007ffcd1270000 - 0x00007ffcd127b000 	C:\Windows\SYSTEM32\WINNSI.DLL

dbghelp: loaded successfully - version: 4.0.5 - missing functions: none
symbol engine: initialized successfully - sym options: 0x614 - pdb path: .;C:\Users\felip\OneDrive\Desktop\android-studio-ide-202.6987402-windows\android-studio\jre\bin;C:\Windows\SYSTEM32;C:\Program Files\Avast Software\Avast;C:\Windows\WinSxS\amd64_microsoft.windows.common-controls_6595b64144ccf1df_6.0.19041.1052_none_60b8f8fd71f5e8cb;C:\Users\felip\OneDrive\Desktop\android-studio-ide-202.6987402-windows\android-studio\jre\bin\server;C:\Users\felip\.gradle\native\fdc75f09e3144964f2cf3f50f0aa648679c211496f362492102eb8c894070792\windows-amd64;C:\Users\felip\.gradle\native\12488b8bf47d2d4c9fbf2f6322a914ad602e24e48041cd04a747c6da556b65c4\windows-amd64

VM Arguments:
jvm_args: --add-opens=java.base/java.util=ALL-UNNAMED --add-opens=java.base/java.lang=ALL-UNNAMED --add-opens=java.base/java.lang.invoke=ALL-UNNAMED --add-opens=java.prefs/java.util.prefs=ALL-UNNAMED -Xmx2048m -Dfile.encoding=windows-1252 -Duser.country=US -Duser.language=en -Duser.variant 
java_command: org.gradle.launcher.daemon.bootstrap.GradleDaemon 6.7.1
java_class_path (initial): C:\Users\felip\.gradle\wrapper\dists\gradle-6.7.1-bin\bwlcbys1h7rz3272sye1xwiv6\gradle-6.7.1\lib\gradle-launcher-6.7.1.jar
Launcher Type: SUN_STANDARD

[Global flags]
     intx CICompilerCount                          = 2                                         {product} {ergonomic}
     uint ConcGCThreads                            = 1                                         {product} {ergonomic}
     uint G1ConcRefinementThreads                  = 2                                         {product} {ergonomic}
   size_t G1HeapRegionSize                         = 1048576                                   {product} {ergonomic}
    uintx GCDrainStackTargetSize                   = 64                                        {product} {ergonomic}
   size_t InitialHeapSize                          = 67108864                                  {product} {ergonomic}
   size_t MarkStackSize                            = 4194304                                   {product} {ergonomic}
   size_t MaxHeapSize                              = 2147483648                                {product} {command line}
   size_t MaxNewSize                               = 1287651328                                {product} {ergonomic}
   size_t MinHeapDeltaBytes                        = 1048576                                   {product} {ergonomic}
    uintx NonNMethodCodeHeapSize                   = 5825164                                {pd product} {ergonomic}
    uintx NonProfiledCodeHeapSize                  = 122916538                              {pd product} {ergonomic}
    uintx ProfiledCodeHeapSize                     = 122916538                              {pd product} {ergonomic}
    uintx ReservedCodeCacheSize                    = 251658240                              {pd product} {ergonomic}
     bool SegmentedCodeCache                       = true                                      {product} {ergonomic}
     bool UseCompressedClassPointers               = true                                 {lp64_product} {ergonomic}
     bool UseCompressedOops                        = true                                 {lp64_product} {ergonomic}
     bool UseG1GC                                  = true                                      {product} {ergonomic}
     bool UseLargePagesIndividualAllocation        = false                                  {pd product} {ergonomic}

Logging:
Log output configuration:
 #0: stdout all=warning uptime,level,tags
 #1: stderr all=off uptime,level,tags

Environment Variables:
PATH=C:\Program Files\Common Files\Oracle\Java\javapath;C:\Program Files (x86)\Common Files\Oracle\Java\javapath;C:\Windows\system32;C:\Windows;C:\Windows\System32\Wbem;C:\Windows\System32\WindowsPowerShell\v1.0\;C:\Windows\System32\OpenSSH\;C:\ProgramData\chocolatey\bin;C:\Program Files\Docker\Docker\resources\bin;C:\ProgramData\DockerDesktop\version-bin;C:\Program Files (x86)\Yarn\bin\;C:\Program Files\nodejs\;C:\Program Files\Git\cmd;C:\Users\felip\AppData\Local\Microsoft\WindowsApps;C:\Users\felip\AppData\Local\Programs\Microsoft VS Code\bin;C:\Users\felip\AppData\Local\Yarn\bin;C:\Users\felip\AppData\Local\GitHubDesktop\bin;C:\Users\felip\AppData\Roaming\npm
USERNAME=felip
OS=Windows_NT
PROCESSOR_IDENTIFIER=Intel64 Family 6 Model 23 Stepping 10, GenuineIntel



---------------  S Y S T E M  ---------------

OS: Windows 10 , 64 bit Build 19041 (10.0.19041.1023)
OS uptime: 0 days 18:28 hours

CPU:total 2 (initial active 2) (2 cores per cpu, 1 threads per core) family 6 model 23 stepping 10, cmov, cx8, fxsr, mmx, sse, sse2, sse3, ssse3, tsc

Memory: 4k page, system-wide physical 4061M (88M free)
TotalPageFile size 4061M (AvailPageFile size 17M)
current process WorkingSet (physical memory assigned to process): 205M, peak: 224M
current process commit charge ("private bytes"): 251M, peak: 284M

vm_info: OpenJDK 64-Bit Server VM (11.0.8+10-b944.6842174) for windows-amd64 JRE (11.0.8+10-b944.6842174), built on Sep 19 2020 01:11:42 by "builder" with MS VC++ 14.0 (VS2015)

END.
