#
# There is insufficient memory for the Java Runtime Environment to continue.
# Native memory allocation (mmap) failed to map 24117248 bytes for Failed to commit area from 0x0000000087000000 to 0x0000000088700000 of length 24117248.
# Possible reasons:
#   The system is out of physical RAM or swap space
#   The process is running with CompressedOops enabled, and the Java Heap may be blocking the growth of the native heap
# Possible solutions:
#   Reduce memory load on the system
#   Increase physical memory or swap space
#   Check if swap backing store is full
#   Decrease Java heap size (-Xmx/-Xms)
#   Decrease number of Java threads
#   Decrease Java thread stack sizes (-Xss)
#   Set larger code cache with -XX:ReservedCodeCacheSize=
#   JVM is running with Unscaled Compressed Oops mode in which the Java heap is
#     placed in the first 4GB address space. The Java Heap base address is the
#     maximum limit for the native heap growth. Please use -XX:HeapBaseMinAddress
#     to set the Java Heap base and to place the Java Heap above 4GB virtual address.
# This output file may be truncated or incomplete.
#
#  Out of Memory Error (./src/hotspot/os/windows/os_windows.cpp:3303), pid=2744, tid=8700
#
# JRE version: OpenJDK Runtime Environment (11.0.8+10) (build 11.0.8+10-b944.6842174)
# Java VM: OpenJDK 64-Bit Server VM (11.0.8+10-b944.6842174, mixed mode, tiered, compressed oops, g1 gc, windows-amd64)
# No core dump will be written. Minidumps are not enabled by default on client versions of Windows
#

---------------  S U M M A R Y ------------

Command Line: --add-opens=java.base/java.util=ALL-UNNAMED --add-opens=java.base/java.lang=ALL-UNNAMED --add-opens=java.base/java.lang.invoke=ALL-UNNAMED --add-opens=java.base/java.util=ALL-UNNAMED --add-opens=java.prefs/java.util.prefs=ALL-UNNAMED --add-opens=java.prefs/java.util.prefs=ALL-UNNAMED --add-opens=java.base/java.nio.charset=ALL-UNNAMED --add-opens=java.base/java.net=ALL-UNNAMED --add-opens=java.base/java.util.concurrent.atomic=ALL-UNNAMED -Xmx2048m -Dfile.encoding=windows-1252 -Duser.country=US -Duser.language=en -Duser.variant org.gradle.launcher.daemon.bootstrap.GradleDaemon 7.1

Host: Celeron(R) Dual-Core CPU       T3500  @ 2.10GHz, 2 cores, 3G,  Windows 10 , 64 bit Build 19041 (10.0.19041.1023)
Time: Mon Jul 12 14:52:51 2021 E. South America Standard Time elapsed time: 86 seconds (0d 0h 1m 26s)

---------------  T H R E A D  ---------------

Current thread (0x00000192e4399000):  VMThread "VM Thread" [stack: 0x00000069c4200000,0x00000069c4300000] [id=8700]

Stack: [0x00000069c4200000,0x00000069c4300000]
[error occurred during error reporting (printing stack bounds), id 0xc0000005, EXCEPTION_ACCESS_VIOLATION (0xc0000005) at pc=0x00000192ce630dbd]

Native frames: (J=compiled Java code, j=interpreted, Vv=VM code, C=native code)
V  [jvm.dll+0x5de50a]
V  [jvm.dll+0x7122f5]
V  [jvm.dll+0x71384d]
V  [jvm.dll+0x713e65]
V  [jvm.dll+0x713e1b]
V  [jvm.dll+0x5dd958]
V  [jvm.dll+0x5de0f8]
C  [ntdll.dll+0xa217f]
C  [ntdll.dll+0x51454]
C  [ntdll.dll+0xa0cae]
C  0x00000192ce630dbd

VM_Operation (0x00000069c54f5d40): G1CollectForAllocation, mode: safepoint, requested by thread 0x00000192e6291800


---------------  P R O C E S S  ---------------

Threads class SMR info:
_java_thread_list=0x00000192e7f82620, length=54, elements={
0x00000192caca8800, 0x00000192e43a0800, 0x00000192e43ad000, 0x00000192e4401000,
0x00000192e4402000, 0x00000192e4407000, 0x00000192e440e000, 0x00000192e4427800,
0x00000192e4d6b000, 0x00000192e4da4800, 0x00000192e64aa800, 0x00000192e630d800,
0x00000192e6400800, 0x00000192e648c000, 0x00000192e5af4800, 0x00000192e65bf800,
0x00000192e6291800, 0x00000192e62e7800, 0x00000192e5635800, 0x00000192e5909000,
0x00000192e5907800, 0x00000192e5904000, 0x00000192e5908000, 0x00000192e590a000,
0x00000192e5905000, 0x00000192e590a800, 0x00000192e5905800, 0x00000192e5906800,
0x00000192e7f1b800, 0x00000192e7f1d000, 0x00000192e7f1a800, 0x00000192e7f1e000,
0x00000192e7f19000, 0x00000192e7f1f800, 0x00000192e7f1a000, 0x00000192e7f25800,
0x00000192e7f20800, 0x00000192e7f26000, 0x00000192e7f27000, 0x00000192e7f24800,
0x00000192e7f22000, 0x00000192e7f21000, 0x00000192e7f23000, 0x00000192e7f23800,
0x00000192e65c3000, 0x00000192e65c5000, 0x00000192e65c4000, 0x00000192e65c5800,
0x00000192e65c6800, 0x00000192e65c0800, 0x00000192e65c2800, 0x00000192e65c7000,
0x00000192e65c1800, 0x00000192e65c9000
}

Java Threads: ( => current thread )
  0x00000192caca8800 JavaThread "main" [_thread_blocked, id=2308, stack(0x00000069c3c00000,0x00000069c3d00000)]
  0x00000192e43a0800 JavaThread "Reference Handler" daemon [_thread_blocked, id=496, stack(0x00000069c4300000,0x00000069c4400000)]
  0x00000192e43ad000 JavaThread "Finalizer" daemon [_thread_blocked, id=8968, stack(0x00000069c4400000,0x00000069c4500000)]
  0x00000192e4401000 JavaThread "Signal Dispatcher" daemon [_thread_blocked, id=5248, stack(0x00000069c4500000,0x00000069c4600000)]
  0x00000192e4402000 JavaThread "Attach Listener" daemon [_thread_blocked, id=6944, stack(0x00000069c4600000,0x00000069c4700000)]
  0x00000192e4407000 JavaThread "C2 CompilerThread0" daemon [_thread_blocked, id=3360, stack(0x00000069c4700000,0x00000069c4800000)]
  0x00000192e440e000 JavaThread "C1 CompilerThread0" daemon [_thread_blocked, id=9212, stack(0x00000069c4800000,0x00000069c4900000)]
  0x00000192e4427800 JavaThread "Sweeper thread" daemon [_thread_blocked, id=732, stack(0x00000069c4900000,0x00000069c4a00000)]
  0x00000192e4d6b000 JavaThread "Common-Cleaner" daemon [_thread_blocked, id=5496, stack(0x00000069c4a00000,0x00000069c4b00000)]
  0x00000192e4da4800 JavaThread "Service Thread" daemon [_thread_blocked, id=2988, stack(0x00000069c4b00000,0x00000069c4c00000)]
  0x00000192e64aa800 JavaThread "Daemon health stats" [_thread_blocked, id=8136, stack(0x00000069c4e00000,0x00000069c4f00000)]
  0x00000192e630d800 JavaThread "Incoming local TCP Connector on port 4997" [_thread_in_native, id=6676, stack(0x00000069c4f00000,0x00000069c5000000)]
  0x00000192e6400800 JavaThread "Daemon periodic checks" [_thread_blocked, id=4472, stack(0x00000069c5000000,0x00000069c5100000)]
  0x00000192e648c000 JavaThread "Daemon" [_thread_blocked, id=4456, stack(0x00000069c5100000,0x00000069c5200000)]
  0x00000192e5af4800 JavaThread "Handler for socket connection from /127.0.0.1:4997 to /127.0.0.1:4998" [_thread_in_native, id=896, stack(0x00000069c5200000,0x00000069c5300000)]
  0x00000192e65bf800 JavaThread "Cancel handler" [_thread_blocked, id=9132, stack(0x00000069c5300000,0x00000069c5400000)]
  0x00000192e6291800 JavaThread "Daemon worker" [_thread_blocked, id=2228, stack(0x00000069c5400000,0x00000069c5500000)]
  0x00000192e62e7800 JavaThread "Asynchronous log dispatcher for DefaultDaemonConnection: socket connection from /127.0.0.1:4997 to /127.0.0.1:4998" [_thread_blocked, id=7844, stack(0x00000069c5500000,0x00000069c5600000)]
  0x00000192e5635800 JavaThread "Daemon client event forwarder" [_thread_blocked, id=7512, stack(0x00000069c5700000,0x00000069c5800000)]
  0x00000192e5909000 JavaThread "Cache worker for journal cache (C:\Users\felip\.gradle\caches\journal-1)" [_thread_blocked, id=2200, stack(0x00000069c5800000,0x00000069c5900000)]
  0x00000192e5907800 JavaThread "File lock request listener" [_thread_in_native, id=368, stack(0x00000069c5900000,0x00000069c5a00000)]
  0x00000192e5904000 JavaThread "Cache worker for file hash cache (C:\Users\felip\.gradle\caches\7.1\fileHashes)" [_thread_blocked, id=5804, stack(0x00000069c5a00000,0x00000069c5b00000)]
  0x00000192e5908000 JavaThread "Cache worker for file hash cache (C:\Users\felip\AndroidStudioProjects\TheMovieApp\.gradle\7.1\fileHashes)" [_thread_blocked, id=192, stack(0x00000069c5b00000,0x00000069c5c00000)]
  0x00000192e590a000 JavaThread "File watcher server" daemon [_thread_in_native, id=2768, stack(0x00000069c5c00000,0x00000069c5d00000)]
  0x00000192e5905000 JavaThread "File watcher consumer" daemon [_thread_blocked, id=7320, stack(0x00000069c5d00000,0x00000069c5e00000)]
  0x00000192e590a800 JavaThread "jar transforms" [_thread_blocked, id=6516, stack(0x00000069c5e00000,0x00000069c5f00000)]
  0x00000192e5905800 JavaThread "jar transforms Thread 2" [_thread_blocked, id=6736, stack(0x00000069c5f00000,0x00000069c6000000)]
  0x00000192e5906800 JavaThread "Cache worker for checksums cache (C:\Users\felip\AndroidStudioProjects\TheMovieApp\.gradle\checksums)" [_thread_blocked, id=7252, stack(0x00000069c6000000,0x00000069c6100000)]
  0x00000192e7f1b800 JavaThread "Cache worker for cache directory md-supplier (C:\Users\felip\.gradle\caches\7.1\md-supplier)" [_thread_blocked, id=7300, stack(0x00000069c6100000,0x00000069c6200000)]
  0x00000192e7f1d000 JavaThread "Cache worker for cache directory md-rule (C:\Users\felip\.gradle\caches\7.1\md-rule)" [_thread_blocked, id=8300, stack(0x00000069c6200000,0x00000069c6300000)]
  0x00000192e7f1a800 JavaThread "Cache worker for execution history cache (C:\Users\felip\.gradle\caches\7.1\executionHistory)" [_thread_blocked, id=5644, stack(0x00000069c6300000,0x00000069c6400000)]
  0x00000192e7f1e000 JavaThread "Cache worker for file content cache (C:\Users\felip\.gradle\caches\7.1\fileContent)" [_thread_blocked, id=6544, stack(0x00000069c6400000,0x00000069c6500000)]
  0x00000192e7f19000 JavaThread "Cache worker for dependencies-accessors (C:\Users\felip\AndroidStudioProjects\TheMovieApp\.gradle\7.1\dependencies-accessors)" [_thread_blocked, id=1584, stack(0x00000069c6500000,0x00000069c6600000)]
  0x00000192e7f1f800 JavaThread "Cache worker for Build Output Cleanup Cache (C:\Users\felip\AndroidStudioProjects\TheMovieApp\.gradle\buildOutputCleanup)" [_thread_blocked, id=8344, stack(0x00000069c6600000,0x00000069c6700000)]
  0x00000192e7f1a000 JavaThread "Unconstrained build operations" [_thread_blocked, id=8444, stack(0x00000069c6700000,0x00000069c6800000)]
  0x00000192e7f25800 JavaThread "Unconstrained build operations Thread 2" [_thread_blocked, id=6752, stack(0x00000069c6800000,0x00000069c6900000)]
  0x00000192e7f20800 JavaThread "Unconstrained build operations Thread 3" [_thread_blocked, id=5252, stack(0x00000069c6900000,0x00000069c6a00000)]
  0x00000192e7f26000 JavaThread "Unconstrained build operations Thread 4" [_thread_blocked, id=8080, stack(0x00000069c6a00000,0x00000069c6b00000)]
  0x00000192e7f27000 JavaThread "Unconstrained build operations Thread 5" [_thread_blocked, id=9160, stack(0x00000069c6b00000,0x00000069c6c00000)]
  0x00000192e7f24800 JavaThread "Unconstrained build operations Thread 6" [_thread_blocked, id=7520, stack(0x00000069c6c00000,0x00000069c6d00000)]
  0x00000192e7f22000 JavaThread "Unconstrained build operations Thread 7" [_thread_blocked, id=2620, stack(0x00000069c6d00000,0x00000069c6e00000)]
  0x00000192e7f21000 JavaThread "Unconstrained build operations Thread 8" [_thread_blocked, id=5096, stack(0x00000069c6e00000,0x00000069c6f00000)]
  0x00000192e7f23000 JavaThread "Unconstrained build operations Thread 9" [_thread_blocked, id=6564, stack(0x00000069c6f00000,0x00000069c7000000)]
  0x00000192e7f23800 JavaThread "Unconstrained build operations Thread 10" [_thread_blocked, id=8868, stack(0x00000069c7000000,0x00000069c7100000)]
  0x00000192e65c3000 JavaThread "Unconstrained build operations Thread 11" [_thread_blocked, id=2880, stack(0x00000069c7100000,0x00000069c7200000)]
  0x00000192e65c5000 JavaThread "Unconstrained build operations Thread 12" [_thread_blocked, id=6212, stack(0x00000069c7200000,0x00000069c7300000)]
  0x00000192e65c4000 JavaThread "Unconstrained build operations Thread 13" [_thread_blocked, id=8284, stack(0x00000069c7300000,0x00000069c7400000)]
  0x00000192e65c5800 JavaThread "Unconstrained build operations Thread 14" [_thread_blocked, id=4464, stack(0x00000069c7400000,0x00000069c7500000)]
  0x00000192e65c6800 JavaThread "Unconstrained build operations Thread 15" [_thread_blocked, id=8720, stack(0x00000069c7500000,0x00000069c7600000)]
  0x00000192e65c0800 JavaThread "Unconstrained build operations Thread 16" [_thread_blocked, id=7720, stack(0x00000069c7600000,0x00000069c7700000)]
  0x00000192e65c2800 JavaThread "Unconstrained build operations Thread 17" [_thread_blocked, id=7264, stack(0x00000069c7700000,0x00000069c7800000)]
  0x00000192e65c7000 JavaThread "Unconstrained build operations Thread 18" [_thread_blocked, id=6296, stack(0x00000069c7800000,0x00000069c7900000)]
  0x00000192e65c1800 JavaThread "Unconstrained build operations Thread 19" [_thread_blocked, id=1360, stack(0x00000069c7900000,0x00000069c7a00000)]
  0x00000192e65c9000 JavaThread "Unconstrained build operations Thread 20" [_thread_blocked, id=8740, stack(0x00000069c7a00000,0x00000069c7b00000)]

Other Threads:
=>0x00000192e4399000 VMThread "VM Thread" [stack: 0x00000069c4200000,0x00000069c4300000] [id=8700]
  0x00000192e4da5000 WatcherThread [stack: 0x00000069c4c00000,0x00000069c4d00000] [id=3060]
  0x00000192cacc2800 GCTaskThread "GC Thread#0" [stack: 0x00000069c3d00000,0x00000069c3e00000] [id=7344]
  0x00000192e5058800 GCTaskThread "GC Thread#1" [stack: 0x00000069c4d00000,0x00000069c4e00000] [id=5228]
  0x00000192cacf5000 ConcurrentGCThread "G1 Main Marker" [stack: 0x00000069c3e00000,0x00000069c3f00000] [id=8904]
  0x00000192cacf6000 ConcurrentGCThread "G1 Conc#0" [stack: 0x00000069c3f00000,0x00000069c4000000] [id=6004]
  0x00000192cad46000 ConcurrentGCThread "G1 Refine#0" [stack: 0x00000069c4000000,0x00000069c4100000] [id=6716]
  0x00000192cad47000 ConcurrentGCThread "G1 Young RemSet Sampling" [stack: 0x00000069c4100000,0x00000069c4200000] [id=3424]

Threads with active compile tasks:
C2 CompilerThread0  86354 6586 %     4       java.util.TimSort::binarySort @ 32 (223 bytes)

VM state:at safepoint (normal execution)

VM Mutex/Monitor currently owned by a thread:  ([mutex/lock_event])
[0x00000192caca7d00] Threads_lock - owner thread: 0x00000192e4399000
[0x00000192caca77f0] Heap_lock - owner thread: 0x00000192e6291800

Heap address: 0x0000000080000000, size: 2048 MB, Compressed Oops mode: 32-bit
Narrow klass base: 0x0000000000000000, Narrow klass shift: 3
Compressed class space size: 1073741824 Address: 0x0000000100000000

Heap:
 garbage-first heap   total 138240K, used 73674K [0x0000000080000000, 0x0000000100000000)
  region size 1024K, 1 young (1024K), 1 survivors (1024K)
 Metaspace       used 55255K, capacity 57046K, committed 57216K, reserved 1099776K
  class space    used 7102K, capacity 7718K, committed 7808K, reserved 1048576K
Heap Regions: E=young(eden), S=young(survivor), O=old, HS=humongous(starts), HC=humongous(continues), CS=collection set, F=free, A=archive, TAMS=top-at-mark-start (previous, next)
|   0|0x0000000080000000, 0x0000000080100000, 0x0000000080100000|100%| O|  |TAMS 0x0000000080100000, 0x0000000080000000| Untracked 
|   1|0x0000000080100000, 0x0000000080200000, 0x0000000080200000|100%| O|  |TAMS 0x0000000080200000, 0x0000000080100000| Untracked 
|   2|0x0000000080200000, 0x0000000080300000, 0x0000000080300000|100%| O|  |TAMS 0x0000000080300000, 0x0000000080200000| Untracked 
|   3|0x0000000080300000, 0x0000000080400000, 0x0000000080400000|100%| O|  |TAMS 0x0000000080400000, 0x0000000080300000| Untracked 
|   4|0x0000000080400000, 0x0000000080500000, 0x0000000080500000|100%|HS|  |TAMS 0x0000000080500000, 0x0000000080400000| Complete 
|   5|0x0000000080500000, 0x0000000080600000, 0x0000000080600000|100%|HC|  |TAMS 0x0000000080600000, 0x0000000080500000| Complete 
|   6|0x0000000080600000, 0x0000000080700000, 0x0000000080700000|100%|HC|  |TAMS 0x0000000080700000, 0x0000000080600000| Complete 
|   7|0x0000000080700000, 0x0000000080800000, 0x0000000080800000|100%| O|  |TAMS 0x0000000080800000, 0x0000000080700000| Untracked 
|   8|0x0000000080800000, 0x0000000080900000, 0x0000000080900000|100%| O|  |TAMS 0x0000000080900000, 0x0000000080800000| Untracked 
|   9|0x0000000080900000, 0x0000000080a00000, 0x0000000080a00000|100%| O|  |TAMS 0x0000000080a00000, 0x0000000080900000| Untracked 
|  10|0x0000000080a00000, 0x0000000080b00000, 0x0000000080b00000|100%| O|  |TAMS 0x0000000080b00000, 0x0000000080a00000| Untracked 
|  11|0x0000000080b00000, 0x0000000080c00000, 0x0000000080c00000|100%| O|  |TAMS 0x0000000080c00000, 0x0000000080b00000| Untracked 
|  12|0x0000000080c00000, 0x0000000080d00000, 0x0000000080d00000|100%| O|  |TAMS 0x0000000080d00000, 0x0000000080c00000| Untracked 
|  13|0x0000000080d00000, 0x0000000080e00000, 0x0000000080e00000|100%| O|  |TAMS 0x0000000080e00000, 0x0000000080d00000| Untracked 
|  14|0x0000000080e00000, 0x0000000080f00000, 0x0000000080f00000|100%| O|  |TAMS 0x0000000080f00000, 0x0000000080e00000| Untracked 
|  15|0x0000000080f00000, 0x0000000081000000, 0x0000000081000000|100%| O|  |TAMS 0x0000000081000000, 0x0000000080f00000| Untracked 
|  16|0x0000000081000000, 0x0000000081100000, 0x0000000081100000|100%|HS|  |TAMS 0x0000000081100000, 0x0000000081000000| Complete 
|  17|0x0000000081100000, 0x0000000081200000, 0x0000000081200000|100%|HC|  |TAMS 0x0000000081200000, 0x0000000081100000| Complete 
|  18|0x0000000081200000, 0x0000000081300000, 0x0000000081300000|100%|HS|  |TAMS 0x0000000081300000, 0x0000000081200000| Complete 
|  19|0x0000000081300000, 0x0000000081400000, 0x0000000081400000|100%|HC|  |TAMS 0x0000000081400000, 0x0000000081300000| Complete 
|  20|0x0000000081400000, 0x0000000081500000, 0x0000000081500000|100%|HC|  |TAMS 0x0000000081500000, 0x0000000081400000| Complete 
|  21|0x0000000081500000, 0x0000000081600000, 0x0000000081600000|100%|HS|  |TAMS 0x0000000081600000, 0x0000000081500000| Complete 
|  22|0x0000000081600000, 0x0000000081700000, 0x0000000081700000|100%|HC|  |TAMS 0x0000000081700000, 0x0000000081600000| Complete 
|  23|0x0000000081700000, 0x0000000081800000, 0x0000000081800000|100%|HC|  |TAMS 0x0000000081800000, 0x0000000081700000| Complete 
|  24|0x0000000081800000, 0x0000000081900000, 0x0000000081900000|100%|HC|  |TAMS 0x0000000081900000, 0x0000000081800000| Complete 
|  25|0x0000000081900000, 0x0000000081a00000, 0x0000000081a00000|100%| O|  |TAMS 0x0000000081a00000, 0x0000000081900000| Untracked 
|  26|0x0000000081a00000, 0x0000000081b00000, 0x0000000081b00000|100%| O|  |TAMS 0x0000000081b00000, 0x0000000081a00000| Untracked 
|  27|0x0000000081b00000, 0x0000000081c00000, 0x0000000081c00000|100%| O|  |TAMS 0x0000000081c00000, 0x0000000081b00000| Untracked 
|  28|0x0000000081c00000, 0x0000000081d00000, 0x0000000081d00000|100%| O|  |TAMS 0x0000000081d00000, 0x0000000081c00000| Untracked 
|  29|0x0000000081d00000, 0x0000000081e00000, 0x0000000081e00000|100%| O|  |TAMS 0x0000000081e00000, 0x0000000081d00000| Untracked 
|  30|0x0000000081e00000, 0x0000000081f00000, 0x0000000081f00000|100%| O|  |TAMS 0x0000000081f00000, 0x0000000081e00000| Untracked 
|  31|0x0000000081f00000, 0x0000000082000000, 0x0000000082000000|100%| O|  |TAMS 0x0000000082000000, 0x0000000081f00000| Untracked 
|  32|0x0000000082000000, 0x0000000082100000, 0x0000000082100000|100%| O|  |TAMS 0x0000000082100000, 0x0000000082000000| Untracked 
|  33|0x0000000082100000, 0x0000000082200000, 0x0000000082200000|100%| O|  |TAMS 0x0000000082200000, 0x0000000082100000| Untracked 
|  34|0x0000000082200000, 0x0000000082300000, 0x0000000082300000|100%| O|  |TAMS 0x0000000082300000, 0x0000000082200000| Untracked 
|  35|0x0000000082300000, 0x0000000082400000, 0x0000000082400000|100%| O|  |TAMS 0x0000000082400000, 0x0000000082300000| Untracked 
|  36|0x0000000082400000, 0x0000000082500000, 0x0000000082500000|100%| O|  |TAMS 0x0000000082500000, 0x0000000082400000| Untracked 
|  37|0x0000000082500000, 0x0000000082600000, 0x0000000082600000|100%| O|  |TAMS 0x0000000082600000, 0x0000000082500000| Untracked 
|  38|0x0000000082600000, 0x0000000082700000, 0x0000000082700000|100%|HS|  |TAMS 0x0000000082700000, 0x0000000082600000| Complete 
|  39|0x0000000082700000, 0x0000000082800000, 0x0000000082800000|100%|HC|  |TAMS 0x0000000082800000, 0x0000000082700000| Complete 
|  40|0x0000000082800000, 0x0000000082900000, 0x0000000082900000|100%|HC|  |TAMS 0x0000000082900000, 0x0000000082800000| Complete 
|  41|0x0000000082900000, 0x0000000082a00000, 0x0000000082a00000|100%|HC|  |TAMS 0x0000000082a00000, 0x0000000082900000| Complete 
|  42|0x0000000082a00000, 0x0000000082b00000, 0x0000000082b00000|100%|HS|  |TAMS 0x0000000082b00000, 0x0000000082a00000| Complete 
|  43|0x0000000082b00000, 0x0000000082c00000, 0x0000000082c00000|100%|HC|  |TAMS 0x0000000082c00000, 0x0000000082b00000| Complete 
|  44|0x0000000082c00000, 0x0000000082d00000, 0x0000000082d00000|100%|HC|  |TAMS 0x0000000082d00000, 0x0000000082c00000| Complete 
|  45|0x0000000082d00000, 0x0000000082e00000, 0x0000000082e00000|100%| O|  |TAMS 0x0000000082e00000, 0x0000000082d00000| Untracked 
|  46|0x0000000082e00000, 0x0000000082f00000, 0x0000000082f00000|100%| O|  |TAMS 0x0000000082f00000, 0x0000000082e00000| Untracked 
|  47|0x0000000082f00000, 0x0000000083000000, 0x0000000083000000|100%| O|  |TAMS 0x0000000083000000, 0x0000000082f00000| Untracked 
|  48|0x0000000083000000, 0x0000000083100000, 0x0000000083100000|100%| O|  |TAMS 0x0000000083100000, 0x0000000083000000| Untracked 
|  49|0x0000000083100000, 0x0000000083200000, 0x0000000083200000|100%| O|  |TAMS 0x0000000083200000, 0x0000000083100000| Untracked 
|  50|0x0000000083200000, 0x0000000083300000, 0x0000000083300000|100%| O|  |TAMS 0x0000000083300000, 0x0000000083200000| Untracked 
|  51|0x0000000083300000, 0x0000000083400000, 0x0000000083400000|100%| O|  |TAMS 0x0000000083400000, 0x0000000083300000| Untracked 
|  52|0x0000000083400000, 0x0000000083500000, 0x0000000083500000|100%| O|  |TAMS 0x0000000083500000, 0x0000000083400000| Untracked 
|  53|0x0000000083500000, 0x0000000083600000, 0x0000000083600000|100%| O|  |TAMS 0x0000000083600000, 0x0000000083500000| Untracked 
|  54|0x0000000083600000, 0x0000000083700000, 0x0000000083700000|100%|HS|  |TAMS 0x0000000083700000, 0x0000000083600000| Complete 
|  55|0x0000000083700000, 0x0000000083800000, 0x0000000083800000|100%|HS|  |TAMS 0x0000000083800000, 0x0000000083700000| Complete 
|  56|0x0000000083800000, 0x0000000083900000, 0x0000000083900000|100%| O|  |TAMS 0x0000000083900000, 0x0000000083800000| Untracked 
|  57|0x0000000083900000, 0x0000000083900000, 0x0000000083a00000|  0%| F|  |TAMS 0x0000000083900000, 0x0000000083900000| Untracked 
|  58|0x0000000083a00000, 0x0000000083b00000, 0x0000000083b00000|100%| O|  |TAMS 0x0000000083b00000, 0x0000000083a00000| Untracked 
|  59|0x0000000083b00000, 0x0000000083c00000, 0x0000000083c00000|100%|HS|  |TAMS 0x0000000083c00000, 0x0000000083b00000| Complete 
|  60|0x0000000083c00000, 0x0000000083d00000, 0x0000000083d00000|100%|HC|  |TAMS 0x0000000083d00000, 0x0000000083c00000| Complete 
|  61|0x0000000083d00000, 0x0000000083e00000, 0x0000000083e00000|100%|HC|  |TAMS 0x0000000083e00000, 0x0000000083d00000| Complete 
|  62|0x0000000083e00000, 0x0000000083f00000, 0x0000000083f00000|100%|HS|  |TAMS 0x0000000083f00000, 0x0000000083e00000| Complete 
|  63|0x0000000083f00000, 0x0000000084000000, 0x0000000084000000|100%|HC|  |TAMS 0x0000000084000000, 0x0000000083f00000| Complete 
|  64|0x0000000084000000, 0x0000000084100000, 0x0000000084100000|100%| O|  |TAMS 0x0000000084100000, 0x0000000084000000| Untracked 
|  65|0x0000000084100000, 0x0000000084200000, 0x0000000084200000|100%| O|  |TAMS 0x0000000084200000, 0x0000000084100000| Untracked 
|  66|0x0000000084200000, 0x0000000084300000, 0x0000000084300000|100%| O|  |TAMS 0x0000000084300000, 0x0000000084200000| Untracked 
|  67|0x0000000084300000, 0x0000000084400000, 0x0000000084400000|100%| O|  |TAMS 0x0000000084400000, 0x0000000084300000| Untracked 
|  68|0x0000000084400000, 0x0000000084500000, 0x0000000084500000|100%| O|  |TAMS 0x0000000084500000, 0x0000000084400000| Untracked 
|  69|0x0000000084500000, 0x0000000084600000, 0x0000000084600000|100%| O|  |TAMS 0x0000000084600000, 0x0000000084500000| Untracked 
|  70|0x0000000084600000, 0x0000000084700000, 0x0000000084700000|100%| O|  |TAMS 0x0000000084700000, 0x0000000084600000| Untracked 
|  71|0x0000000084700000, 0x0000000084800000, 0x0000000084800000|100%| O|  |TAMS 0x0000000084800000, 0x0000000084700000| Untracked 
|  72|0x0000000084800000, 0x000000008484b800, 0x0000000084900000| 29%| O|  |TAMS 0x000000008484b800, 0x0000000084800000| Untracked 
|  73|0x0000000084900000, 0x0000000084900000, 0x0000000084a00000|  0%| F|  |TAMS 0x0000000084900000, 0x0000000084900000| Untracked 
|  74|0x0000000084a00000, 0x0000000084a00000, 0x0000000084b00000|  0%| F|  |TAMS 0x0000000084a00000, 0x0000000084a00000| Untracked 
|  75|0x0000000084b00000, 0x0000000084b00000, 0x0000000084c00000|  0%| F|  |TAMS 0x0000000084b00000, 0x0000000084b00000| Untracked 
|  76|0x0000000084c00000, 0x0000000084c00000, 0x0000000084d00000|  0%| F|  |TAMS 0x0000000084c00000, 0x0000000084c00000| Untracked 
|  77|0x0000000084d00000, 0x0000000084d00000, 0x0000000084e00000|  0%| F|  |TAMS 0x0000000084d00000, 0x0000000084d00000| Untracked 
|  78|0x0000000084e00000, 0x0000000084e00000, 0x0000000084f00000|  0%| F|  |TAMS 0x0000000084e00000, 0x0000000084e00000| Untracked 
|  79|0x0000000084f00000, 0x0000000084f00000, 0x0000000085000000|  0%| F|  |TAMS 0x0000000084f00000, 0x0000000084f00000| Untracked 
|  80|0x0000000085000000, 0x0000000085000000, 0x0000000085100000|  0%| F|  |TAMS 0x0000000085000000, 0x0000000085000000| Untracked 
|  81|0x0000000085100000, 0x0000000085100000, 0x0000000085200000|  0%| F|  |TAMS 0x0000000085100000, 0x0000000085100000| Untracked 
|  82|0x0000000085200000, 0x0000000085200000, 0x0000000085300000|  0%| F|  |TAMS 0x0000000085200000, 0x0000000085200000| Untracked 
|  83|0x0000000085300000, 0x0000000085300000, 0x0000000085400000|  0%| F|  |TAMS 0x0000000085300000, 0x0000000085300000| Untracked 
|  84|0x0000000085400000, 0x0000000085400000, 0x0000000085500000|  0%| F|  |TAMS 0x0000000085400000, 0x0000000085400000| Untracked 
|  85|0x0000000085500000, 0x0000000085500000, 0x0000000085600000|  0%| F|  |TAMS 0x0000000085500000, 0x0000000085500000| Untracked 
|  86|0x0000000085600000, 0x0000000085600000, 0x0000000085700000|  0%| F|  |TAMS 0x0000000085600000, 0x0000000085600000| Untracked 
|  87|0x0000000085700000, 0x0000000085700000, 0x0000000085800000|  0%| F|  |TAMS 0x0000000085700000, 0x0000000085700000| Untracked 
|  88|0x0000000085800000, 0x0000000085800000, 0x0000000085900000|  0%| F|  |TAMS 0x0000000085800000, 0x0000000085800000| Untracked 
|  89|0x0000000085900000, 0x0000000085900000, 0x0000000085a00000|  0%| F|  |TAMS 0x0000000085900000, 0x0000000085900000| Untracked 
|  90|0x0000000085a00000, 0x0000000085a00000, 0x0000000085b00000|  0%| F|  |TAMS 0x0000000085a00000, 0x0000000085a00000| Untracked 
|  91|0x0000000085b00000, 0x0000000085b00000, 0x0000000085c00000|  0%| F|  |TAMS 0x0000000085b00000, 0x0000000085b00000| Untracked 
|  92|0x0000000085c00000, 0x0000000085c00000, 0x0000000085d00000|  0%| F|  |TAMS 0x0000000085c00000, 0x0000000085c00000| Untracked 
|  93|0x0000000085d00000, 0x0000000085da73e8, 0x0000000085e00000| 65%| S|CS|TAMS 0x0000000085d00000, 0x0000000085d00000| Complete 
|  94|0x0000000085e00000, 0x0000000085e00000, 0x0000000085f00000|  0%| F|  |TAMS 0x0000000085e00000, 0x0000000085e00000| Untracked 
|  95|0x0000000085f00000, 0x0000000085f00000, 0x0000000086000000|  0%| F|  |TAMS 0x0000000085f00000, 0x0000000085f00000| Untracked 
|  96|0x0000000086000000, 0x0000000086000000, 0x0000000086100000|  0%| F|  |TAMS 0x0000000086000000, 0x0000000086000000| Untracked 
|  97|0x0000000086100000, 0x0000000086100000, 0x0000000086200000|  0%| F|  |TAMS 0x0000000086100000, 0x0000000086100000| Untracked 
|  98|0x0000000086200000, 0x0000000086200000, 0x0000000086300000|  0%| F|  |TAMS 0x0000000086200000, 0x0000000086200000| Untracked 
|  99|0x0000000086300000, 0x0000000086300000, 0x0000000086400000|  0%| F|  |TAMS 0x0000000086300000, 0x0000000086300000| Untracked 
| 100|0x0000000086400000, 0x0000000086400000, 0x0000000086500000|  0%| F|  |TAMS 0x0000000086400000, 0x0000000086400000| Untracked 
| 101|0x0000000086500000, 0x0000000086500000, 0x0000000086600000|  0%| F|  |TAMS 0x0000000086500000, 0x0000000086500000| Untracked 
| 102|0x0000000086600000, 0x0000000086600000, 0x0000000086700000|  0%| F|  |TAMS 0x0000000086600000, 0x0000000086600000| Untracked 
| 103|0x0000000086700000, 0x0000000086700000, 0x0000000086800000|  0%| F|  |TAMS 0x0000000086700000, 0x0000000086700000| Untracked 
| 104|0x0000000086800000, 0x0000000086800000, 0x0000000086900000|  0%| F|  |TAMS 0x0000000086800000, 0x0000000086800000| Untracked 
| 105|0x0000000086900000, 0x0000000086900000, 0x0000000086a00000|  0%| F|  |TAMS 0x0000000086900000, 0x0000000086900000| Untracked 
| 106|0x0000000086a00000, 0x0000000086a00000, 0x0000000086b00000|  0%| F|  |TAMS 0x0000000086a00000, 0x0000000086a00000| Untracked 
| 107|0x0000000086b00000, 0x0000000086b00000, 0x0000000086c00000|  0%| F|  |TAMS 0x0000000086b00000, 0x0000000086b00000| Untracked 
| 108|0x0000000086c00000, 0x0000000086c00000, 0x0000000086d00000|  0%| F|  |TAMS 0x0000000086c00000, 0x0000000086c00000| Untracked 
| 109|0x0000000086d00000, 0x0000000086d00000, 0x0000000086e00000|  0%| F|  |TAMS 0x0000000086d00000, 0x0000000086d00000| Untracked 
| 110|0x0000000086e00000, 0x0000000086e00000, 0x0000000086f00000|  0%| F|  |TAMS 0x0000000086e00000, 0x0000000086e00000| Untracked 
| 111|0x0000000086f00000, 0x0000000086f00000, 0x0000000087000000|  0%| F|  |TAMS 0x0000000086f00000, 0x0000000086f00000| Untracked 

Card table byte_map: [0x00000192dda30000,0x00000192dde30000] _byte_map_base: 0x00000192dd630000

Marking Bits (Prev, Next): (CMBitMap*) 0x00000192cacec4c0, (CMBitMap*) 0x00000192cacec488
 Prev Bits: [0x00000192e0230000, 0x00000192e2230000)
 Next Bits: [0x00000192de230000, 0x00000192e0230000)

Polling page: 0x00000192c8e60000

Metaspace:

Usage:
  Non-class:     48.17 MB capacity,    47.02 MB ( 98%) used,     1.00 MB (  2%) free+waste,   149.38 KB ( <1%) overhead. 
      Class:      7.54 MB capacity,     6.94 MB ( 92%) used,   544.59 KB (  7%) free+waste,    70.56 KB ( <1%) overhead. 
       Both:     55.71 MB capacity,    53.96 MB ( 97%) used,     1.53 MB (  3%) free+waste,   219.94 KB ( <1%) overhead. 

Virtual space:
  Non-class space:       50.00 MB reserved,      48.25 MB ( 97%) committed 
      Class space:        1.00 GB reserved,       7.63 MB ( <1%) committed 
             Both:        1.05 GB reserved,      55.88 MB (  5%) committed 

Chunk freelists:
   Non-Class:  16.00 KB
       Class:  26.00 KB
        Both:  42.00 KB

MaxMetaspaceSize: 17179869184.00 GB
CompressedClassSpaceSize: 1.00 GB

CodeHeap 'non-profiled nmethods': size=120064Kb used=3479Kb max_used=3479Kb free=116584Kb
 bounds [0x00000192d60f0000, 0x00000192d6460000, 0x00000192dd630000]
CodeHeap 'profiled nmethods': size=120000Kb used=13507Kb max_used=13507Kb free=106492Kb
 bounds [0x00000192cebc0000, 0x00000192cf900000, 0x00000192d60f0000]
CodeHeap 'non-nmethods': size=5696Kb used=2221Kb max_used=2256Kb free=3474Kb
 bounds [0x00000192ce630000, 0x00000192ce8a0000, 0x00000192cebc0000]
 total_blobs=7134 nmethods=6320 adapters=726
 compilation: enabled
              stopped_count=0, restarted_count=0
 full_count=0

Compilation events (20 events):
Event: 85.992 Thread 0x00000192e440e000 6596       2       java.lang.invoke.VarHandleObjects$Array::runtimeTypeCheck (26 bytes)
Event: 85.993 Thread 0x00000192e440e000 nmethod 6596 0x00000192cf8eee10 code [0x00000192cf8ef040, 0x00000192cf8ef4b8]
Event: 86.001 Thread 0x00000192e440e000 6597       2       groovyjarjarantlr4.v4.runtime.Parser::getCurrentToken (11 bytes)
Event: 86.002 Thread 0x00000192e440e000 nmethod 6597 0x00000192cf8ef810 code [0x00000192cf8ef9c0, 0x00000192cf8efae8]
Event: 86.002 Thread 0x00000192e440e000 6598       2       groovyjarjarantlr4.v4.runtime.ParserRuleContext::<init> (5 bytes)
Event: 86.002 Thread 0x00000192e440e000 nmethod 6598 0x00000192cf8efb90 code [0x00000192cf8efd40, 0x00000192cf8efe38]
Event: 86.002 Thread 0x00000192e440e000 6599       2       org.apache.groovy.parser.antlr4.GroovyParser$GroovyParserRuleContext::<init> (10 bytes)
Event: 86.003 Thread 0x00000192e440e000 nmethod 6599 0x00000192cf8eff10 code [0x00000192cf8f00c0, 0x00000192cf8f01f8]
Event: 86.003 Thread 0x00000192e440e000 6600       2       groovyjarjarantlr4.v4.runtime.ParserRuleContext::copyFrom (104 bytes)
Event: 86.004 Thread 0x00000192e440e000 nmethod 6600 0x00000192cf8f0290 code [0x00000192cf8f04c0, 0x00000192cf8f0aa8]
Event: 86.007 Thread 0x00000192e440e000 6601   !   2       java.util.concurrent.ConcurrentHashMap::putVal (432 bytes)
Event: 86.010 Thread 0x00000192e440e000 nmethod 6601 0x00000192cf8f0c90 code [0x00000192cf8f0f40, 0x00000192cf8f2098]
Event: 86.014 Thread 0x00000192e440e000 6603       2       groovyjarjarantlr4.v4.runtime.atn.ParserATNSimulator::actionTransition (10 bytes)
Event: 86.015 Thread 0x00000192e440e000 nmethod 6603 0x00000192cf8f2910 code [0x00000192cf8f2ae0, 0x00000192cf8f2c88]
Event: 86.055 Thread 0x00000192e440e000 6604       2       groovyjarjarantlr4.v4.runtime.atn.ATNConfigSet::equals (66 bytes)
Event: 86.056 Thread 0x00000192e440e000 nmethod 6604 0x00000192cf8f2e10 code [0x00000192cf8f2fe0, 0x00000192cf8f3278]
Event: 86.067 Thread 0x00000192e4407000 nmethod 6524 0x00000192d6452a10 code [0x00000192d6452d20, 0x00000192d64548d0]
Event: 86.067 Thread 0x00000192e4407000 6538       4       java.util.HashMap::put (13 bytes)
Event: 86.070 Thread 0x00000192e4407000 nmethod 6538 0x00000192d6455b90 code [0x00000192d6455d40, 0x00000192d6455e68]
Event: 86.070 Thread 0x00000192e4407000 6586 %     4       java.util.TimSort::binarySort @ 32 (223 bytes)

GC Heap History (20 events):
Event: 74.336 GC heap after
{Heap after GC invocations=81 (full 0):
 garbage-first heap   total 114688K, used 58179K [0x0000000080000000, 0x0000000100000000)
  region size 1024K, 1 young (1024K), 1 survivors (1024K)
 Metaspace       used 49901K, capacity 51410K, committed 51712K, reserved 1093632K
  class space    used 6347K, capacity 6846K, committed 6912K, reserved 1048576K
}
Event: 75.384 GC heap before
{Heap before GC invocations=81 (full 0):
 garbage-first heap   total 114688K, used 97091K [0x0000000080000000, 0x0000000100000000)
  region size 1024K, 39 young (39936K), 1 survivors (1024K)
 Metaspace       used 49902K, capacity 51410K, committed 51712K, reserved 1093632K
  class space    used 6347K, capacity 6846K, committed 6912K, reserved 1048576K
}
Event: 75.386 GC heap after
{Heap after GC invocations=82 (full 0):
 garbage-first heap   total 114688K, used 57502K [0x0000000080000000, 0x0000000100000000)
  region size 1024K, 1 young (1024K), 1 survivors (1024K)
 Metaspace       used 49902K, capacity 51410K, committed 51712K, reserved 1093632K
  class space    used 6347K, capacity 6846K, committed 6912K, reserved 1048576K
}
Event: 76.944 GC heap before
{Heap before GC invocations=83 (full 0):
 garbage-first heap   total 114688K, used 97438K [0x0000000080000000, 0x0000000100000000)
  region size 1024K, 40 young (40960K), 1 survivors (1024K)
 Metaspace       used 49902K, capacity 51410K, committed 51712K, reserved 1093632K
  class space    used 6347K, capacity 6846K, committed 6912K, reserved 1048576K
}
Event: 76.947 GC heap after
{Heap after GC invocations=84 (full 0):
 garbage-first heap   total 114688K, used 57424K [0x0000000080000000, 0x0000000100000000)
  region size 1024K, 1 young (1024K), 1 survivors (1024K)
 Metaspace       used 49902K, capacity 51410K, committed 51712K, reserved 1093632K
  class space    used 6347K, capacity 6846K, committed 6912K, reserved 1048576K
}
Event: 78.212 GC heap before
{Heap before GC invocations=84 (full 0):
 garbage-first heap   total 114688K, used 97360K [0x0000000080000000, 0x0000000100000000)
  region size 1024K, 40 young (40960K), 1 survivors (1024K)
 Metaspace       used 49902K, capacity 51410K, committed 51712K, reserved 1093632K
  class space    used 6347K, capacity 6846K, committed 6912K, reserved 1048576K
}
Event: 78.214 GC heap after
{Heap after GC invocations=85 (full 0):
 garbage-first heap   total 114688K, used 57378K [0x0000000080000000, 0x0000000100000000)
  region size 1024K, 1 young (1024K), 1 survivors (1024K)
 Metaspace       used 49902K, capacity 51410K, committed 51712K, reserved 1093632K
  class space    used 6347K, capacity 6846K, committed 6912K, reserved 1048576K
}
Event: 79.942 GC heap before
{Heap before GC invocations=86 (full 0):
 garbage-first heap   total 114688K, used 87074K [0x0000000080000000, 0x0000000100000000)
  region size 1024K, 31 young (31744K), 1 survivors (1024K)
 Metaspace       used 50175K, capacity 51703K, committed 51840K, reserved 1093632K
  class space    used 6384K, capacity 6924K, committed 7040K, reserved 1048576K
}
Event: 79.948 GC heap after
{Heap after GC invocations=87 (full 0):
 garbage-first heap   total 114688K, used 58013K [0x0000000080000000, 0x0000000100000000)
  region size 1024K, 1 young (1024K), 1 survivors (1024K)
 Metaspace       used 50175K, capacity 51703K, committed 51840K, reserved 1093632K
  class space    used 6384K, capacity 6924K, committed 7040K, reserved 1048576K
}
Event: 80.496 GC heap before
{Heap before GC invocations=88 (full 0):
 garbage-first heap   total 114688K, used 62109K [0x0000000080000000, 0x0000000100000000)
  region size 1024K, 4 young (4096K), 1 survivors (1024K)
 Metaspace       used 50185K, capacity 51703K, committed 51840K, reserved 1093632K
  class space    used 6384K, capacity 6924K, committed 7040K, reserved 1048576K
}
Event: 80.503 GC heap after
{Heap after GC invocations=89 (full 0):
 garbage-first heap   total 114688K, used 62293K [0x0000000080000000, 0x0000000100000000)
  region size 1024K, 3 young (3072K), 3 survivors (3072K)
 Metaspace       used 50185K, capacity 51703K, committed 51840K, reserved 1093632K
  class space    used 6384K, capacity 6924K, committed 7040K, reserved 1048576K
}
Event: 82.352 GC heap before
{Heap before GC invocations=90 (full 0):
 garbage-first heap   total 114688K, used 88917K [0x0000000080000000, 0x0000000100000000)
  region size 1024K, 25 young (25600K), 3 survivors (3072K)
 Metaspace       used 52685K, capacity 54170K, committed 54528K, reserved 1095680K
  class space    used 6811K, capacity 7319K, committed 7424K, reserved 1048576K
}
Event: 82.376 GC heap after
{Heap after GC invocations=91 (full 0):
 garbage-first heap   total 114688K, used 71969K [0x0000000080000000, 0x0000000100000000)
  region size 1024K, 4 young (4096K), 4 survivors (4096K)
 Metaspace       used 52685K, capacity 54170K, committed 54528K, reserved 1095680K
  class space    used 6811K, capacity 7319K, committed 7424K, reserved 1048576K
}
Event: 83.519 GC heap before
{Heap before GC invocations=91 (full 0):
 garbage-first heap   total 114688K, used 89377K [0x0000000080000000, 0x0000000100000000)
  region size 1024K, 21 young (21504K), 4 survivors (4096K)
 Metaspace       used 53480K, capacity 55044K, committed 55296K, reserved 1097728K
  class space    used 6892K, capacity 7419K, committed 7424K, reserved 1048576K
}
Event: 83.535 GC heap after
{Heap after GC invocations=92 (full 0):
 garbage-first heap   total 114688K, used 72805K [0x0000000080000000, 0x0000000100000000)
  region size 1024K, 1 young (1024K), 1 survivors (1024K)
 Metaspace       used 53480K, capacity 55044K, committed 55296K, reserved 1097728K
  class space    used 6892K, capacity 7419K, committed 7424K, reserved 1048576K
}
Event: 85.321 GC heap before
{Heap before GC invocations=93 (full 0):
 garbage-first heap   total 114688K, used 90213K [0x0000000080000000, 0x0000000100000000)
  region size 1024K, 18 young (18432K), 1 survivors (1024K)
 Metaspace       used 55214K, capacity 56982K, committed 57216K, reserved 1099776K
  class space    used 7102K, capacity 7718K, committed 7808K, reserved 1048576K
}
Event: 85.334 GC heap after
{Heap after GC invocations=94 (full 0):
 garbage-first heap   total 114688K, used 74319K [0x0000000080000000, 0x0000000100000000)
  region size 1024K, 3 young (3072K), 3 survivors (3072K)
 Metaspace       used 55214K, capacity 56982K, committed 57216K, reserved 1099776K
  class space    used 7102K, capacity 7718K, committed 7808K, reserved 1048576K
}
Event: 85.642 GC heap before
{Heap before GC invocations=94 (full 0):
 garbage-first heap   total 114688K, used 91727K [0x0000000080000000, 0x0000000100000000)
  region size 1024K, 20 young (20480K), 3 survivors (3072K)
 Metaspace       used 55238K, capacity 56982K, committed 57216K, reserved 1099776K
  class space    used 7102K, capacity 7718K, committed 7808K, reserved 1048576K
}
Event: 85.655 GC heap after
{Heap after GC invocations=95 (full 0):
 garbage-first heap   total 114688K, used 74618K [0x0000000080000000, 0x0000000100000000)
  region size 1024K, 1 young (1024K), 1 survivors (1024K)
 Metaspace       used 55238K, capacity 56982K, committed 57216K, reserved 1099776K
  class space    used 7102K, capacity 7718K, committed 7808K, reserved 1048576K
}
Event: 86.079 GC heap before
{Heap before GC invocations=96 (full 0):
 garbage-first heap   total 114688K, used 91002K [0x0000000080000000, 0x0000000100000000)
  region size 1024K, 18 young (18432K), 1 survivors (1024K)
 Metaspace       used 55255K, capacity 57046K, committed 57216K, reserved 1099776K
  class space    used 7102K, capacity 7718K, committed 7808K, reserved 1048576K
}

Deoptimization events (20 events):
Event: 85.357 Thread 0x00000192e6291800 DEOPT PACKING pc=0x00000192cf7a2c62 sp=0x00000069c54f8230
Event: 85.358 Thread 0x00000192e6291800 DEOPT UNPACKING pc=0x00000192ce6564bf sp=0x00000069c54f7748 mode 0
Event: 85.394 Thread 0x00000192e6291800 DEOPT PACKING pc=0x00000192cf78fdd2 sp=0x00000069c54f7f80
Event: 85.394 Thread 0x00000192e6291800 DEOPT UNPACKING pc=0x00000192ce6564bf sp=0x00000069c54f74d8 mode 0
Event: 85.404 Thread 0x00000192e6291800 DEOPT PACKING pc=0x00000192cf7584ce sp=0x00000069c54f82b0
Event: 85.404 Thread 0x00000192e6291800 DEOPT UNPACKING pc=0x00000192ce6564bf sp=0x00000069c54f7720 mode 0
Event: 85.481 Thread 0x00000192e6291800 DEOPT PACKING pc=0x00000192cf788c3c sp=0x00000069c54f7b10
Event: 85.481 Thread 0x00000192e6291800 DEOPT UNPACKING pc=0x00000192ce6564bf sp=0x00000069c54f7000 mode 0
Event: 85.641 Thread 0x00000192e6291800 Uncommon trap: trap_request=0xffffffde fr.pc=0x00000192d6446b64 relative=0x00000000000010a4
Event: 85.641 Thread 0x00000192e6291800 Uncommon trap: reason=class_check action=maybe_recompile pc=0x00000192d6446b64 method=java.util.concurrent.ConcurrentHashMap.putVal(Ljava/lang/Object;Ljava/lang/Object;Z)Ljava/lang/Object; @ 159 c2
Event: 85.641 Thread 0x00000192e6291800 DEOPT PACKING pc=0x00000192d6446b64 sp=0x00000069c54f6cf0
Event: 85.641 Thread 0x00000192e6291800 DEOPT UNPACKING pc=0x00000192ce6566a9 sp=0x00000069c54f6c70 mode 2
Event: 85.901 Thread 0x00000192e6291800 Uncommon trap: trap_request=0xffffffde fr.pc=0x00000192d6446b64 relative=0x00000000000010a4
Event: 85.901 Thread 0x00000192e6291800 Uncommon trap: reason=class_check action=maybe_recompile pc=0x00000192d6446b64 method=java.util.concurrent.ConcurrentHashMap.putVal(Ljava/lang/Object;Ljava/lang/Object;Z)Ljava/lang/Object; @ 159 c2
Event: 85.901 Thread 0x00000192e6291800 DEOPT PACKING pc=0x00000192d6446b64 sp=0x00000069c54f7000
Event: 85.901 Thread 0x00000192e6291800 DEOPT UNPACKING pc=0x00000192ce6566a9 sp=0x00000069c54f6f80 mode 2
Event: 85.926 Thread 0x00000192e6291800 DEOPT PACKING pc=0x00000192cf741800 sp=0x00000069c54f6b90
Event: 85.926 Thread 0x00000192e6291800 DEOPT UNPACKING pc=0x00000192ce6564bf sp=0x00000069c54f6158 mode 0
Event: 85.934 Thread 0x00000192e6291800 DEOPT PACKING pc=0x00000192cf7ab8bb sp=0x00000069c54f6c50
Event: 85.934 Thread 0x00000192e6291800 DEOPT UNPACKING pc=0x00000192ce6564bf sp=0x00000069c54f6138 mode 0

Classes redefined (0 events):
No events

Internal exceptions (20 events):
Event: 80.921 Thread 0x00000192e6291800 Implicit null exception at 0x00000192d638129d to 0x00000192d6381454
Event: 82.789 Thread 0x00000192e6291800 Exception <a 'java/lang/NoSuchMethodError'{0x00000000864f3868}: 'java.lang.Object java.lang.invoke.DirectMethodHandle$Holder.invokeVirtual(java.lang.Object, java.lang.Object, java.lang.Object)'> (0x00000000864f3868) thrown at [./src/hotspot/share/interpreter/linkResolver.cpp, line 773]
Event: 82.924 Thread 0x00000192e6291800 Exception <a 'java/lang/NoSuchMethodError'{0x00000000863cc118}: 'void java.lang.invoke.DirectMethodHandle$Holder.invokeSpecialIFC(java.lang.Object, java.lang.Object, java.lang.Object)'> (0x00000000863cc118) thrown at [./src/hotspot/share/interpreter/linkResolver.cpp, line 773]
Event: 83.733 Thread 0x00000192e6291800 Exception <a 'java/lang/NoSuchMethodError'{0x0000000086fdeae0}: 'int java.lang.invoke.DirectMethodHandle$Holder.invokeStatic(java.lang.Object, int, java.lang.Object, java.lang.Object)'> (0x0000000086fdeae0) thrown at [./src/hotspot/share/interpreter/linkResolver.cpp, line 773]
Event: 84.724 Thread 0x00000192e590a800 Exception <a 'sun/nio/fs/WindowsException'{0x0000000086810008}> (0x0000000086810008) thrown at [./src/hotspot/share/prims/jni.cpp, line 615]
Event: 84.833 Thread 0x00000192e590a800 Exception <a 'sun/nio/fs/WindowsException'{0x0000000086714f08}> (0x0000000086714f08) thrown at [./src/hotspot/share/prims/jni.cpp, line 615]
Event: 84.837 Thread 0x00000192e590a800 Exception <a 'sun/nio/fs/WindowsException'{0x0000000086715070}> (0x0000000086715070) thrown at [./src/hotspot/share/prims/jni.cpp, line 615]
Event: 84.860 Thread 0x00000192e6291800 Exception <a 'java/lang/ClassNotFoundException'{0x0000000086785268}: build_a4g9qblqfpbxt7v5gjr2tahqvBeanInfo> (0x0000000086785268) thrown at [./src/hotspot/share/classfile/systemDictionary.cpp, line 231]
Event: 84.861 Thread 0x00000192e6291800 Exception <a 'java/lang/ClassNotFoundException'{0x00000000867901c0}: build_a4g9qblqfpbxt7v5gjr2tahqvCustomizer> (0x00000000867901c0) thrown at [./src/hotspot/share/classfile/systemDictionary.cpp, line 231]
Event: 85.076 Thread 0x00000192e6291800 Exception <a 'java/lang/ClassNotFoundException'{0x00000000865dfdf0}: org/gradle/api/tasks/Delete_DecoratedBeanInfo> (0x00000000865dfdf0) thrown at [./src/hotspot/share/classfile/systemDictionary.cpp, line 231]
Event: 85.079 Thread 0x00000192e6291800 Exception <a 'java/lang/ClassNotFoundException'{0x00000000864085e0}: org/gradle/api/tasks/DeleteBeanInfo> (0x00000000864085e0) thrown at [./src/hotspot/share/classfile/systemDictionary.cpp, line 231]
Event: 85.081 Thread 0x00000192e6291800 Exception <a 'java/lang/ClassNotFoundException'{0x0000000086433610}: org/gradle/api/internal/ConventionTaskBeanInfo> (0x0000000086433610) thrown at [./src/hotspot/share/classfile/systemDictionary.cpp, line 231]
Event: 85.084 Thread 0x00000192e6291800 Exception <a 'java/lang/ClassNotFoundException'{0x000000008645b2b8}: org/gradle/api/DefaultTaskBeanInfo> (0x000000008645b2b8) thrown at [./src/hotspot/share/classfile/systemDictionary.cpp, line 231]
Event: 85.086 Thread 0x00000192e6291800 Exception <a 'java/lang/ClassNotFoundException'{0x0000000086487048}: org/gradle/api/internal/AbstractTaskBeanInfo> (0x0000000086487048) thrown at [./src/hotspot/share/classfile/systemDictionary.cpp, line 231]
Event: 85.088 Thread 0x00000192e6291800 Exception <a 'java/lang/ClassNotFoundException'{0x00000000864b3298}: org/gradle/api/internal/AbstractTaskCustomizer> (0x00000000864b3298) thrown at [./src/hotspot/share/classfile/systemDictionary.cpp, line 231]
Event: 85.098 Thread 0x00000192e6291800 Exception <a 'java/lang/ClassNotFoundException'{0x00000000863241e0}: org/gradle/api/DefaultTaskCustomizer> (0x00000000863241e0) thrown at [./src/hotspot/share/classfile/systemDictionary.cpp, line 231]
Event: 85.110 Thread 0x00000192e6291800 Exception <a 'java/lang/ClassNotFoundException'{0x00000000863a4010}: org/gradle/api/internal/ConventionTaskCustomizer> (0x00000000863a4010) thrown at [./src/hotspot/share/classfile/systemDictionary.cpp, line 231]
Event: 85.114 Thread 0x00000192e6291800 Exception <a 'java/lang/ClassNotFoundException'{0x00000000863db028}: org/gradle/api/tasks/DeleteCustomizer> (0x00000000863db028) thrown at [./src/hotspot/share/classfile/systemDictionary.cpp, line 231]
Event: 85.118 Thread 0x00000192e6291800 Exception <a 'java/lang/ClassNotFoundException'{0x0000000086219620}: org/gradle/api/tasks/Delete_DecoratedCustomizer> (0x0000000086219620) thrown at [./src/hotspot/share/classfile/systemDictionary.cpp, line 231]
Event: 85.241 Thread 0x00000192e6291800 Implicit null exception at 0x00000192d64161a8 to 0x00000192d64185f4

Events (20 events):
Event: 85.145 loading class org/gradle/configuration/project/ConfigureProjectBuildOperationType$Result done
Event: 85.146 loading class org/gradle/configuration/project/ConfigureProjectBuildOperationType$1
Event: 85.146 loading class org/gradle/configuration/project/ConfigureProjectBuildOperationType$1 done
Event: 85.258 loading class org/apache/groovy/parser/antlr4/AstBuilder$1
Event: 85.258 loading class org/apache/groovy/parser/antlr4/AstBuilder$1 done
Event: 85.259 loading class groovyjarjarantlr4/v4/runtime/misc/Args
Event: 85.259 loading class groovyjarjarantlr4/v4/runtime/misc/Args done
Event: 85.260 loading class groovyjarjarantlr4/v4/runtime/ProxyParserErrorListener
Event: 85.260 loading class groovyjarjarantlr4/v4/runtime/ProxyParserErrorListener done
Event: 85.261 loading class groovyjarjarantlr4/v4/runtime/ProxyErrorListener
Event: 85.261 loading class groovyjarjarantlr4/v4/runtime/ProxyErrorListener done
Event: 85.320 Executing VM operation: G1CollectForAllocation
Event: 85.334 Executing VM operation: G1CollectForAllocation done
Event: 85.642 Executing VM operation: G1CollectForAllocation
Event: 85.655 Executing VM operation: G1CollectForAllocation done
Event: 85.800 Executing VM operation: CGC_Operation
Event: 85.821 Executing VM operation: CGC_Operation done
Event: 85.890 Executing VM operation: CGC_Operation
Event: 85.891 Executing VM operation: CGC_Operation done
Event: 86.079 Executing VM operation: G1CollectForAllocation


Dynamic libraries:
0x00007ff618170000 - 0x00007ff61817a000 	C:\Users\felip\OneDrive\Desktop\android-studio-ide-202.6987402-windows\android-studio\jre\bin\java.exe
0x00007ffb762b0000 - 0x00007ffb764a5000 	C:\Windows\SYSTEM32\ntdll.dll
0x00007ffb759b0000 - 0x00007ffb75a6d000 	C:\Windows\System32\KERNEL32.DLL
0x00007ffb73e10000 - 0x00007ffb740d9000 	C:\Windows\System32\KERNELBASE.dll
0x00007ffb73c60000 - 0x00007ffb73d60000 	C:\Windows\System32\ucrtbase.dll
0x00007ffb4ed90000 - 0x00007ffb4eda7000 	C:\Users\felip\OneDrive\Desktop\android-studio-ide-202.6987402-windows\android-studio\jre\bin\VCRUNTIME140.dll
0x00007ffb65150000 - 0x00007ffb65169000 	C:\Users\felip\OneDrive\Desktop\android-studio-ide-202.6987402-windows\android-studio\jre\bin\jli.dll
0x00007ffb74530000 - 0x00007ffb746d0000 	C:\Windows\System32\USER32.dll
0x00007ffb740e0000 - 0x00007ffb74102000 	C:\Windows\System32\win32u.dll
0x00007ffb62750000 - 0x00007ffb629ea000 	C:\Windows\WinSxS\amd64_microsoft.windows.common-controls_6595b64144ccf1df_6.0.19041.1083_none_60bbe31371f34e71\COMCTL32.dll
0x00007ffb74390000 - 0x00007ffb743ba000 	C:\Windows\System32\GDI32.dll
0x00007ffb74b80000 - 0x00007ffb74c1e000 	C:\Windows\System32\msvcrt.dll
0x00007ffb73ac0000 - 0x00007ffb73bcb000 	C:\Windows\System32\gdi32full.dll
0x00007ffb73a20000 - 0x00007ffb73abd000 	C:\Windows\System32\msvcp_win.dll
0x00007ffb74500000 - 0x00007ffb74530000 	C:\Windows\System32\IMM32.DLL
0x00007ffb4e050000 - 0x00007ffb4e0ed000 	C:\Users\felip\OneDrive\Desktop\android-studio-ide-202.6987402-windows\android-studio\jre\bin\msvcp140.dll
0x00007ffb3c010000 - 0x00007ffb3cacc000 	C:\Users\felip\OneDrive\Desktop\android-studio-ide-202.6987402-windows\android-studio\jre\bin\server\jvm.dll
0x00007ffb75020000 - 0x00007ffb750cc000 	C:\Windows\System32\ADVAPI32.dll
0x00007ffb74f80000 - 0x00007ffb7501b000 	C:\Windows\System32\sechost.dll
0x00007ffb743c0000 - 0x00007ffb744ea000 	C:\Windows\System32\RPCRT4.dll
0x00007ffb748b0000 - 0x00007ffb748b8000 	C:\Windows\System32\PSAPI.DLL
0x00007ffb6b290000 - 0x00007ffb6b299000 	C:\Windows\SYSTEM32\WSOCK32.dll
0x00007ffb68f10000 - 0x00007ffb68f37000 	C:\Windows\SYSTEM32\WINMM.dll
0x00007ffb6e390000 - 0x00007ffb6e39a000 	C:\Windows\SYSTEM32\VERSION.dll
0x00007ffb74320000 - 0x00007ffb7438b000 	C:\Windows\System32\WS2_32.dll
0x00007ffb71840000 - 0x00007ffb71852000 	C:\Windows\SYSTEM32\kernel.appcore.dll
0x00007ffb65f60000 - 0x00007ffb65f71000 	C:\Users\felip\OneDrive\Desktop\android-studio-ide-202.6987402-windows\android-studio\jre\bin\verify.dll
0x00007ffb6dff0000 - 0x00007ffb6e1d4000 	C:\Windows\SYSTEM32\DBGHELP.DLL
0x00007ffb6ddc0000 - 0x00007ffb6ddec000 	C:\Windows\SYSTEM32\dbgcore.DLL
0x00007ffb73bd0000 - 0x00007ffb73c53000 	C:\Windows\System32\bcryptPrimitives.dll
0x00007ffb65e60000 - 0x00007ffb65e89000 	C:\Users\felip\OneDrive\Desktop\android-studio-ide-202.6987402-windows\android-studio\jre\bin\java.dll
0x00007ffb65f50000 - 0x00007ffb65f5b000 	C:\Users\felip\OneDrive\Desktop\android-studio-ide-202.6987402-windows\android-studio\jre\bin\jimage.dll
0x00007ffb61bb0000 - 0x00007ffb61bc8000 	C:\Users\felip\OneDrive\Desktop\android-studio-ide-202.6987402-windows\android-studio\jre\bin\zip.dll
0x00007ffb75b30000 - 0x00007ffb7626f000 	C:\Windows\System32\SHELL32.dll
0x00007ffb71b20000 - 0x00007ffb722b1000 	C:\Windows\SYSTEM32\windows.storage.dll
0x00007ffb750d0000 - 0x00007ffb75425000 	C:\Windows\System32\combase.dll
0x00007ffb73390000 - 0x00007ffb733bc000 	C:\Windows\SYSTEM32\Wldp.dll
0x00007ffb749f0000 - 0x00007ffb74a9e000 	C:\Windows\System32\SHCORE.dll
0x00007ffb75ad0000 - 0x00007ffb75b25000 	C:\Windows\System32\shlwapi.dll
0x00007ffb73930000 - 0x00007ffb7394f000 	C:\Windows\SYSTEM32\profapi.dll
0x00007ffb54750000 - 0x00007ffb5476a000 	C:\Users\felip\OneDrive\Desktop\android-studio-ide-202.6987402-windows\android-studio\jre\bin\net.dll
0x00007ffb6bc30000 - 0x00007ffb6bd3a000 	C:\Windows\SYSTEM32\WINHTTP.dll
0x00007ffb730f0000 - 0x00007ffb7315a000 	C:\Windows\system32\mswsock.dll
0x00007ffb52b90000 - 0x00007ffb52ba4000 	C:\Users\felip\OneDrive\Desktop\android-studio-ide-202.6987402-windows\android-studio\jre\bin\nio.dll
0x00007ffb66740000 - 0x00007ffb66767000 	C:\Users\felip\.gradle\native\8bec1ad78214c89d9ad589b4d07fe93259594b29d510b10fafb7a158f7737e5d\windows-amd64\native-platform.dll
0x00007ffb48dd0000 - 0x00007ffb48f0d000 	C:\Users\felip\.gradle\native\53dbd7edfb1c66fb8903c78663c9afc45aea4f116125fa6feffd364cf09443e8\windows-amd64\native-platform-file-events.dll
0x00007ffb65f40000 - 0x00007ffb65f4a000 	C:\Users\felip\OneDrive\Desktop\android-studio-ide-202.6987402-windows\android-studio\jre\bin\management.dll
0x00007ffb65e50000 - 0x00007ffb65e5c000 	C:\Users\felip\OneDrive\Desktop\android-studio-ide-202.6987402-windows\android-studio\jre\bin\management_ext.dll
0x00007ffb732e0000 - 0x00007ffb732f8000 	C:\Windows\SYSTEM32\CRYPTSP.dll
0x00007ffb72a90000 - 0x00007ffb72ac4000 	C:\Windows\system32\rsaenh.dll
0x00007ffb739f0000 - 0x00007ffb73a17000 	C:\Windows\System32\bcrypt.dll
0x00007ffb738f0000 - 0x00007ffb7391e000 	C:\Windows\SYSTEM32\USERENV.dll
0x00007ffb732d0000 - 0x00007ffb732dc000 	C:\Windows\SYSTEM32\CRYPTBASE.dll
0x00007ffb72de0000 - 0x00007ffb72e1b000 	C:\Windows\SYSTEM32\IPHLPAPI.DLL
0x00007ffb744f0000 - 0x00007ffb744f8000 	C:\Windows\System32\NSI.dll
0x00007ffb6dfb0000 - 0x00007ffb6dfc7000 	C:\Windows\SYSTEM32\dhcpcsvc6.DLL
0x00007ffb6e2f0000 - 0x00007ffb6e30d000 	C:\Windows\SYSTEM32\dhcpcsvc.DLL
0x00007ffb72e20000 - 0x00007ffb72eec000 	C:\Windows\SYSTEM32\DNSAPI.dll

dbghelp: loaded successfully - version: 4.0.5 - missing functions: none
symbol engine: initialized successfully - sym options: 0x614 - pdb path: .;C:\Users\felip\OneDrive\Desktop\android-studio-ide-202.6987402-windows\android-studio\jre\bin;C:\Windows\SYSTEM32;C:\Windows\WinSxS\amd64_microsoft.windows.common-controls_6595b64144ccf1df_6.0.19041.1083_none_60bbe31371f34e71;C:\Users\felip\OneDrive\Desktop\android-studio-ide-202.6987402-windows\android-studio\jre\bin\server;C:\Users\felip\.gradle\native\8bec1ad78214c89d9ad589b4d07fe93259594b29d510b10fafb7a158f7737e5d\windows-amd64;C:\Users\felip\.gradle\native\53dbd7edfb1c66fb8903c78663c9afc45aea4f116125fa6feffd364cf09443e8\windows-amd64

VM Arguments:
jvm_args: --add-opens=java.base/java.util=ALL-UNNAMED --add-opens=java.base/java.lang=ALL-UNNAMED --add-opens=java.base/java.lang.invoke=ALL-UNNAMED --add-opens=java.base/java.util=ALL-UNNAMED --add-opens=java.prefs/java.util.prefs=ALL-UNNAMED --add-opens=java.prefs/java.util.prefs=ALL-UNNAMED --add-opens=java.base/java.nio.charset=ALL-UNNAMED --add-opens=java.base/java.net=ALL-UNNAMED --add-opens=java.base/java.util.concurrent.atomic=ALL-UNNAMED -Xmx2048m -Dfile.encoding=windows-1252 -Duser.country=US -Duser.language=en -Duser.variant 
java_command: org.gradle.launcher.daemon.bootstrap.GradleDaemon 7.1
java_class_path (initial): C:\Users\felip\Downloads\gradle-7.1\lib\gradle-launcher-7.1.jar
Launcher Type: SUN_STANDARD

[Global flags]
     intx CICompilerCount                          = 2                                         {product} {ergonomic}
     uint ConcGCThreads                            = 1                                         {product} {ergonomic}
     uint G1ConcRefinementThreads                  = 2                                         {product} {ergonomic}
   size_t G1HeapRegionSize                         = 1048576                                   {product} {ergonomic}
    uintx GCDrainStackTargetSize                   = 64                                        {product} {ergonomic}
   size_t InitialHeapSize                          = 67108864                                  {product} {ergonomic}
   size_t MarkStackSize                            = 4194304                                   {product} {ergonomic}
   size_t MaxHeapSize                              = 2147483648                                {product} {command line}
   size_t MaxNewSize                               = 1287651328                                {product} {ergonomic}
   size_t MinHeapDeltaBytes                        = 1048576                                   {product} {ergonomic}
    uintx NonNMethodCodeHeapSize                   = 5825164                                {pd product} {ergonomic}
    uintx NonProfiledCodeHeapSize                  = 122916538                              {pd product} {ergonomic}
    uintx ProfiledCodeHeapSize                     = 122916538                              {pd product} {ergonomic}
    uintx ReservedCodeCacheSize                    = 251658240                              {pd product} {ergonomic}
     bool SegmentedCodeCache                       = true                                      {product} {ergonomic}
     bool UseCompressedClassPointers               = true                                 {lp64_product} {ergonomic}
     bool UseCompressedOops                        = true                                 {lp64_product} {ergonomic}
     bool UseG1GC                                  = true                                      {product} {ergonomic}
     bool UseLargePagesIndividualAllocation        = false                                  {pd product} {ergonomic}

Logging:
Log output configuration:
 #0: stdout all=warning uptime,level,tags
 #1: stderr all=off uptime,level,tags

Environment Variables:
PATH=C:\Program Files\Common Files\Oracle\Java\javapath;C:\Program Files (x86)\Common Files\Oracle\Java\javapath;C:\Windows\system32;C:\Windows;C:\Windows\System32\Wbem;C:\Windows\System32\WindowsPowerShell\v1.0\;C:\Windows\System32\OpenSSH\;C:\ProgramData\chocolatey\bin;C:\Program Files (x86)\Yarn\bin\;C:\Program Files\nodejs\;C:\Program Files\Git\cmd;C:\Users\felip\AppData\Local\Microsoft\WindowsApps;C:\Users\felip\AppData\Local\Programs\Microsoft VS Code\bin;C:\Users\felip\AppData\Local\Yarn\bin;C:\Users\felip\AppData\Local\GitHubDesktop\bin;C:\Users\felip\AppData\Roaming\npm
USERNAME=felip
OS=Windows_NT
PROCESSOR_IDENTIFIER=Intel64 Family 6 Model 23 Stepping 10, GenuineIntel



---------------  S Y S T E M  ---------------

OS: Windows 10 , 64 bit Build 19041 (10.0.19041.1023)
OS uptime: 2 days 19:47 hours

CPU:total 2 (initial active 2) (2 cores per cpu, 1 threads per core) family 6 model 23 stepping 10, cmov, cx8, fxsr, mmx, sse, sse2, sse3, ssse3, tsc

Memory: 4k page, system-wide physical 4061M (87M free)
TotalPageFile size 4061M (AvailPageFile size 27M)
current process WorkingSet (physical memory assigned to process): 237M, peak: 267M
current process commit charge ("private bytes"): 312M, peak: 335M

vm_info: OpenJDK 64-Bit Server VM (11.0.8+10-b944.6842174) for windows-amd64 JRE (11.0.8+10-b944.6842174), built on Sep 19 2020 01:11:42 by "builder" with MS VC++ 14.0 (VS2015)

END.
