#
# There is insufficient memory for the Java Runtime Environment to continue.
# Native memory allocation (malloc) failed to allocate 88656 bytes for Chunk::new
# Possible reasons:
#   The system is out of physical RAM or swap space
#   The process is running with CompressedOops enabled, and the Java Heap may be blocking the growth of the native heap
# Possible solutions:
#   Reduce memory load on the system
#   Increase physical memory or swap space
#   Check if swap backing store is full
#   Decrease Java heap size (-Xmx/-Xms)
#   Decrease number of Java threads
#   Decrease Java thread stack sizes (-Xss)
#   Set larger code cache with -XX:ReservedCodeCacheSize=
#   JVM is running with Unscaled Compressed Oops mode in which the Java heap is
#     placed in the first 4GB address space. The Java Heap base address is the
#     maximum limit for the native heap growth. Please use -XX:HeapBaseMinAddress
#     to set the Java Heap base and to place the Java Heap above 4GB virtual address.
# This output file may be truncated or incomplete.
#
#  Out of Memory Error (./src/hotspot/share/memory/arena.cpp:197), pid=2600, tid=4460
#
# JRE version: OpenJDK Runtime Environment (11.0.8+10) (build 11.0.8+10-b944.6842174)
# Java VM: OpenJDK 64-Bit Server VM (11.0.8+10-b944.6842174, mixed mode, tiered, compressed oops, g1 gc, windows-amd64)
# No core dump will be written. Minidumps are not enabled by default on client versions of Windows
#

---------------  S U M M A R Y ------------

Command Line: --add-opens=java.base/java.util=ALL-UNNAMED --add-opens=java.base/java.lang=ALL-UNNAMED --add-opens=java.base/java.lang.invoke=ALL-UNNAMED --add-opens=java.prefs/java.util.prefs=ALL-UNNAMED -Xmx2048m -Dfile.encoding=windows-1252 -Duser.country=US -Duser.language=en -Duser.variant org.gradle.launcher.daemon.bootstrap.GradleDaemon 6.7.1

Host: Celeron(R) Dual-Core CPU       T3500  @ 2.10GHz, 2 cores, 3G,  Windows 10 , 64 bit Build 19041 (10.0.19041.1023)
Time: Tue Jul  6 09:14:57 2021 E. South America Standard Time elapsed time: 241 seconds (0d 0h 4m 1s)

---------------  T H R E A D  ---------------

Current thread (0x0000021aa9d94800):  JavaThread "C2 CompilerThread0" daemon [_thread_in_native, id=4460, stack(0x000000c00c200000,0x000000c00c300000)]


Current CompileTask:
C2: 241057 4216       4       com.google.common.collect.AbstractIterator::hasNext (65 bytes)

Stack: [0x000000c00c200000,0x000000c00c300000]
Native frames: (J=compiled Java code, j=interpreted, Vv=VM code, C=native code)
V  [jvm.dll+0x5de50a]
V  [jvm.dll+0x7122f5]
V  [jvm.dll+0x71384d]
V  [jvm.dll+0x713f03]
V  [jvm.dll+0x23e728]
V  [jvm.dll+0xb899c]
V  [jvm.dll+0xb8e9c]
V  [jvm.dll+0x35020b]
V  [jvm.dll+0x193cbc]
V  [jvm.dll+0x1f780e]
V  [jvm.dll+0x1f68d4]
V  [jvm.dll+0x17f32c]
V  [jvm.dll+0x205047]
V  [jvm.dll+0x203891]
V  [jvm.dll+0x6dad3f]
V  [jvm.dll+0x6d3895]
V  [jvm.dll+0x5dd4a6]
C  [ucrtbase.dll+0x21bb2]
C  [KERNEL32.DLL+0x17034]
C  [ntdll.dll+0x52651]


---------------  P R O C E S S  ---------------

Threads class SMR info:
_java_thread_list=0x0000021aacae20e0, length=37, elements={
0x0000021a8deac800, 0x0000021aa93f4800, 0x0000021aa93fe800, 0x0000021aa9d90800,
0x0000021aa9d92000, 0x0000021aa9d94800, 0x0000021aa9455800, 0x0000021aa9473800,
0x0000021aa9ed7000, 0x0000021aa9eeb000, 0x0000021aa9fa1000, 0x0000021aaaed7800,
0x0000021aaa95f000, 0x0000021aaacca000, 0x0000021aaaf5e000, 0x0000021aaad5f800,
0x0000021aaaf76000, 0x0000021aab32f000, 0x0000021aab4ba800, 0x0000021aab31e000,
0x0000021aab31b800, 0x0000021aab31a000, 0x0000021aab318800, 0x0000021aaa72e800,
0x0000021aaa733800, 0x0000021aaa72f000, 0x0000021aaa72d800, 0x0000021aaa735800,
0x0000021aaa734000, 0x0000021aaa739000, 0x0000021aaa735000, 0x0000021aaa736800,
0x0000021aaa730000, 0x0000021aaa731000, 0x0000021aaa72c000, 0x0000021aaa72b000,
0x0000021aaa732800
}

Java Threads: ( => current thread )
  0x0000021a8deac800 JavaThread "main" [_thread_blocked, id=1088, stack(0x000000c00b700000,0x000000c00b800000)]
  0x0000021aa93f4800 JavaThread "Reference Handler" daemon [_thread_blocked, id=1420, stack(0x000000c00be00000,0x000000c00bf00000)]
  0x0000021aa93fe800 JavaThread "Finalizer" daemon [_thread_blocked, id=6564, stack(0x000000c00bf00000,0x000000c00c000000)]
  0x0000021aa9d90800 JavaThread "Signal Dispatcher" daemon [_thread_blocked, id=8144, stack(0x000000c00c000000,0x000000c00c100000)]
  0x0000021aa9d92000 JavaThread "Attach Listener" daemon [_thread_blocked, id=2760, stack(0x000000c00c100000,0x000000c00c200000)]
=>0x0000021aa9d94800 JavaThread "C2 CompilerThread0" daemon [_thread_in_native, id=4460, stack(0x000000c00c200000,0x000000c00c300000)]
  0x0000021aa9455800 JavaThread "C1 CompilerThread0" daemon [_thread_blocked, id=6168, stack(0x000000c00c300000,0x000000c00c400000)]
  0x0000021aa9473800 JavaThread "Sweeper thread" daemon [_thread_blocked, id=5316, stack(0x000000c00c400000,0x000000c00c500000)]
  0x0000021aa9ed7000 JavaThread "Common-Cleaner" daemon [_thread_blocked, id=7428, stack(0x000000c00c500000,0x000000c00c600000)]
  0x0000021aa9eeb000 JavaThread "Service Thread" daemon [_thread_blocked, id=3340, stack(0x000000c00c600000,0x000000c00c700000)]
  0x0000021aa9fa1000 JavaThread "Daemon health stats" [_thread_blocked, id=7212, stack(0x000000c00c900000,0x000000c00ca00000)]
  0x0000021aaaed7800 JavaThread "Incoming local TCP Connector on port 9792" [_thread_in_native, id=1948, stack(0x000000c00cc00000,0x000000c00cd00000)]
  0x0000021aaa95f000 JavaThread "Daemon periodic checks" [_thread_blocked, id=7036, stack(0x000000c00cd00000,0x000000c00ce00000)]
  0x0000021aaacca000 JavaThread "Daemon" [_thread_blocked, id=6120, stack(0x000000c00ce00000,0x000000c00cf00000)]
  0x0000021aaaf5e000 JavaThread "Handler for socket connection from /127.0.0.1:9792 to /127.0.0.1:9793" [_thread_in_native, id=5652, stack(0x000000c00cf00000,0x000000c00d000000)]
  0x0000021aaad5f800 JavaThread "Cancel handler" [_thread_blocked, id=3876, stack(0x000000c00d000000,0x000000c00d100000)]
  0x0000021aaaf76000 JavaThread "Daemon worker" [_thread_in_vm, id=6492, stack(0x000000c00d100000,0x000000c00d200000)]
  0x0000021aab32f000 JavaThread "Asynchronous log dispatcher for DefaultDaemonConnection: socket connection from /127.0.0.1:9792 to /127.0.0.1:9793" [_thread_in_vm, id=7564, stack(0x000000c00d200000,0x000000c00d300000)]
  0x0000021aab4ba800 JavaThread "Thread-8" [_thread_blocked, id=7260, stack(0x000000c00d400000,0x000000c00d500000)]
  0x0000021aab31e000 JavaThread "Cache worker for file hash cache (C:\Users\felip\.gradle\caches\6.7.1\fileHashes)" [_thread_blocked, id=7240, stack(0x000000c00d500000,0x000000c00d600000)]
  0x0000021aab31b800 JavaThread "File lock request listener" [_thread_in_native, id=3168, stack(0x000000c00d600000,0x000000c00d700000)]
  0x0000021aab31a000 JavaThread "Cache worker for journal cache (C:\Users\felip\.gradle\caches\journal-1)" [_thread_blocked, id=1868, stack(0x000000c00d700000,0x000000c00d800000)]
  0x0000021aab318800 JavaThread "Cache worker for file hash cache (C:\Users\felip\AndroidStudioProjects\TheMovieApp\.gradle\6.7.1\fileHashes)" [_thread_blocked, id=6624, stack(0x000000c00d800000,0x000000c00d900000)]
  0x0000021aaa72e800 JavaThread "jar transforms Thread 13" [_thread_blocked, id=6080, stack(0x000000c00e500000,0x000000c00e600000)]
  0x0000021aaa733800 JavaThread "jar transforms Thread 14" [_thread_blocked, id=2964, stack(0x000000c00e600000,0x000000c00e700000)]
  0x0000021aaa72f000 JavaThread "jar transforms Thread 15" [_thread_blocked, id=2240, stack(0x000000c00e700000,0x000000c00e800000)]
  0x0000021aaa72d800 JavaThread "jar transforms Thread 16" [_thread_blocked, id=3840, stack(0x000000c00e800000,0x000000c00e900000)]
  0x0000021aaa735800 JavaThread "jar transforms Thread 17" [_thread_blocked, id=7180, stack(0x000000c00e900000,0x000000c00ea00000)]
  0x0000021aaa734000 JavaThread "jar transforms Thread 18" [_thread_blocked, id=6056, stack(0x000000c00ea00000,0x000000c00eb00000)]
  0x0000021aaa739000 JavaThread "jar transforms Thread 19" [_thread_blocked, id=7512, stack(0x000000c00eb00000,0x000000c00ec00000)]
  0x0000021aaa735000 JavaThread "jar transforms Thread 20" [_thread_blocked, id=6444, stack(0x000000c00ec00000,0x000000c00ed00000)]
  0x0000021aaa736800 JavaThread "jar transforms Thread 21" [_thread_blocked, id=6392, stack(0x000000c00ed00000,0x000000c00ee00000)]
  0x0000021aaa730000 JavaThread "Cache worker for checksums cache (C:\Users\felip\AndroidStudioProjects\TheMovieApp\.gradle\checksums)" [_thread_blocked, id=4452, stack(0x000000c00cb00000,0x000000c00cc00000)]
  0x0000021aaa731000 JavaThread "Cache worker for cache directory md-supplier (C:\Users\felip\.gradle\caches\6.7.1\md-supplier)" [_thread_blocked, id=5116, stack(0x000000c00d300000,0x000000c00d400000)]
  0x0000021aaa72c000 JavaThread "Cache worker for cache directory md-rule (C:\Users\felip\.gradle\caches\6.7.1\md-rule)" [_thread_blocked, id=4288, stack(0x000000c00d900000,0x000000c00da00000)]
  0x0000021aaa72b000 JavaThread "Cache worker for execution history cache (C:\Users\felip\.gradle\caches\6.7.1\executionHistory)" [_thread_blocked, id=5564, stack(0x000000c00ca00000,0x000000c00cb00000)]
  0x0000021aaa732800 JavaThread "Cache worker for file content cache (C:\Users\felip\.gradle\caches\6.7.1\fileContent)" [_thread_blocked, id=7596, stack(0x000000c00da00000,0x000000c00db00000)]

Other Threads:
  0x0000021aa93ef800 VMThread "VM Thread" [stack: 0x000000c00bd00000,0x000000c00be00000] [id=6816]
  0x0000021aa9eec000 WatcherThread [stack: 0x000000c00c700000,0x000000c00c800000] [id=6528]
  0x0000021a8dec8000 GCTaskThread "GC Thread#0" [stack: 0x000000c00b800000,0x000000c00b900000] [id=5188]
  0x0000021aaa08e000 GCTaskThread "GC Thread#1" [stack: 0x000000c00c800000,0x000000c00c900000] [id=6276]
  0x0000021a8defa800 ConcurrentGCThread "G1 Main Marker" [stack: 0x000000c00b900000,0x000000c00ba00000] [id=3384]
  0x0000021a8defe800 ConcurrentGCThread "G1 Conc#0" [stack: 0x000000c00ba00000,0x000000c00bb00000] [id=468]
  0x0000021a8df4e800 ConcurrentGCThread "G1 Refine#0" [stack: 0x000000c00bb00000,0x000000c00bc00000] [id=4332]
  0x0000021a8df4f800 ConcurrentGCThread "G1 Young RemSet Sampling" [stack: 0x000000c00bc00000,0x000000c00bd00000] [id=1668]

Threads with active compile tasks:
C2 CompilerThread0 241622 4216       4       com.google.common.collect.AbstractIterator::hasNext (65 bytes)

VM state:not at safepoint (normal execution)

VM Mutex/Monitor currently owned by a thread: None

OutOfMemory and StackOverflow Exception counts:
OutOfMemoryError java_heap_errors=1
LinkageErrors=104

Heap address: 0x0000000080000000, size: 2048 MB, Compressed Oops mode: 32-bit
Narrow klass base: 0x0000000000000000, Narrow klass shift: 3
Compressed class space size: 1073741824 Address: 0x0000000100000000

Heap:
 garbage-first heap   total 138240K, used 84373K [0x0000000080000000, 0x0000000100000000)
  region size 1024K, 34 young (34816K), 6 survivors (6144K)
 Metaspace       used 40800K, capacity 41773K, committed 41904K, reserved 1085440K
  class space    used 5174K, capacity 5547K, committed 5632K, reserved 1048576K
Heap Regions: E=young(eden), S=young(survivor), O=old, HS=humongous(starts), HC=humongous(continues), CS=collection set, F=free, A=archive, TAMS=top-at-mark-start (previous, next)
|   0|0x0000000080000000, 0x0000000080100000, 0x0000000080100000|100%| O|  |TAMS 0x0000000080100000, 0x0000000080000000| Untracked 
|   1|0x0000000080100000, 0x0000000080200000, 0x0000000080200000|100%| O|  |TAMS 0x0000000080200000, 0x0000000080100000| Untracked 
|   2|0x0000000080200000, 0x0000000080300000, 0x0000000080300000|100%| O|  |TAMS 0x0000000080300000, 0x0000000080200000| Untracked 
|   3|0x0000000080300000, 0x0000000080400000, 0x0000000080400000|100%| O|  |TAMS 0x0000000080400000, 0x0000000080300000| Untracked 
|   4|0x0000000080400000, 0x0000000080500000, 0x0000000080500000|100%|HS|  |TAMS 0x0000000080500000, 0x0000000080400000| Complete 
|   5|0x0000000080500000, 0x0000000080600000, 0x0000000080600000|100%|HC|  |TAMS 0x0000000080600000, 0x0000000080500000| Complete 
|   6|0x0000000080600000, 0x0000000080700000, 0x0000000080700000|100%|HC|  |TAMS 0x0000000080700000, 0x0000000080600000| Complete 
|   7|0x0000000080700000, 0x0000000080800000, 0x0000000080800000|100%| O|  |TAMS 0x0000000080800000, 0x0000000080700000| Untracked 
|   8|0x0000000080800000, 0x0000000080900000, 0x0000000080900000|100%| O|  |TAMS 0x0000000080900000, 0x0000000080800000| Untracked 
|   9|0x0000000080900000, 0x0000000080a00000, 0x0000000080a00000|100%| O|  |TAMS 0x0000000080a00000, 0x0000000080900000| Untracked 
|  10|0x0000000080a00000, 0x0000000080b00000, 0x0000000080b00000|100%| O|  |TAMS 0x0000000080b00000, 0x0000000080a00000| Untracked 
|  11|0x0000000080b00000, 0x0000000080c00000, 0x0000000080c00000|100%| O|  |TAMS 0x0000000080c00000, 0x0000000080b00000| Untracked 
|  12|0x0000000080c00000, 0x0000000080d00000, 0x0000000080d00000|100%| O|  |TAMS 0x0000000080d00000, 0x0000000080c00000| Untracked 
|  13|0x0000000080d00000, 0x0000000080e00000, 0x0000000080e00000|100%| O|  |TAMS 0x0000000080e00000, 0x0000000080d00000| Untracked 
|  14|0x0000000080e00000, 0x0000000080f00000, 0x0000000080f00000|100%| O|  |TAMS 0x0000000080f00000, 0x0000000080e00000| Untracked 
|  15|0x0000000080f00000, 0x0000000081000000, 0x0000000081000000|100%| O|  |TAMS 0x0000000081000000, 0x0000000080f00000| Untracked 
|  16|0x0000000081000000, 0x0000000081100000, 0x0000000081100000|100%| O|  |TAMS 0x0000000081100000, 0x0000000081000000| Untracked 
|  17|0x0000000081100000, 0x0000000081200000, 0x0000000081200000|100%|HS|  |TAMS 0x0000000081200000, 0x0000000081100000| Complete 
|  18|0x0000000081200000, 0x0000000081300000, 0x0000000081300000|100%|HC|  |TAMS 0x0000000081300000, 0x0000000081200000| Complete 
|  19|0x0000000081300000, 0x0000000081400000, 0x0000000081400000|100%|HS|  |TAMS 0x0000000081400000, 0x0000000081300000| Complete 
|  20|0x0000000081400000, 0x0000000081500000, 0x0000000081500000|100%|HC|  |TAMS 0x0000000081500000, 0x0000000081400000| Complete 
|  21|0x0000000081500000, 0x0000000081600000, 0x0000000081600000|100%|HC|  |TAMS 0x0000000081600000, 0x0000000081500000| Complete 
|  22|0x0000000081600000, 0x0000000081700000, 0x0000000081700000|100%|HS|  |TAMS 0x0000000081700000, 0x0000000081600000| Complete 
|  23|0x0000000081700000, 0x0000000081800000, 0x0000000081800000|100%|HC|  |TAMS 0x0000000081800000, 0x0000000081700000| Complete 
|  24|0x0000000081800000, 0x0000000081900000, 0x0000000081900000|100%|HC|  |TAMS 0x0000000081900000, 0x0000000081800000| Complete 
|  25|0x0000000081900000, 0x0000000081a00000, 0x0000000081a00000|100%|HC|  |TAMS 0x0000000081a00000, 0x0000000081900000| Complete 
|  26|0x0000000081a00000, 0x0000000081b00000, 0x0000000081b00000|100%| O|  |TAMS 0x0000000081b00000, 0x0000000081a00000| Untracked 
|  27|0x0000000081b00000, 0x0000000081c00000, 0x0000000081c00000|100%| O|  |TAMS 0x0000000081c00000, 0x0000000081b00000| Untracked 
|  28|0x0000000081c00000, 0x0000000081d00000, 0x0000000081d00000|100%| O|  |TAMS 0x0000000081d00000, 0x0000000081c00000| Untracked 
|  29|0x0000000081d00000, 0x0000000081e00000, 0x0000000081e00000|100%| O|  |TAMS 0x0000000081e00000, 0x0000000081d00000| Untracked 
|  30|0x0000000081e00000, 0x0000000081f00000, 0x0000000081f00000|100%| O|  |TAMS 0x0000000081f00000, 0x0000000081e00000| Untracked 
|  31|0x0000000081f00000, 0x0000000082000000, 0x0000000082000000|100%| O|  |TAMS 0x0000000082000000, 0x0000000081f00000| Untracked 
|  32|0x0000000082000000, 0x0000000082100000, 0x0000000082100000|100%| O|  |TAMS 0x0000000082100000, 0x0000000082000000| Untracked 
|  33|0x0000000082100000, 0x0000000082200000, 0x0000000082200000|100%| O|  |TAMS 0x0000000082200000, 0x0000000082100000| Untracked 
|  34|0x0000000082200000, 0x0000000082300000, 0x0000000082300000|100%| O|  |TAMS 0x0000000082300000, 0x0000000082200000| Untracked 
|  35|0x0000000082300000, 0x0000000082400000, 0x0000000082400000|100%| O|  |TAMS 0x0000000082400000, 0x0000000082300000| Untracked 
|  36|0x0000000082400000, 0x0000000082500000, 0x0000000082500000|100%| O|  |TAMS 0x0000000082500000, 0x0000000082400000| Untracked 
|  37|0x0000000082500000, 0x0000000082500000, 0x0000000082600000|  0%| F|  |TAMS 0x0000000082500000, 0x0000000082500000| Untracked 
|  38|0x0000000082600000, 0x0000000082600000, 0x0000000082700000|  0%| F|  |TAMS 0x0000000082600000, 0x0000000082600000| Untracked 
|  39|0x0000000082700000, 0x0000000082700000, 0x0000000082800000|  0%| F|  |TAMS 0x0000000082700000, 0x0000000082700000| Untracked 
|  40|0x0000000082800000, 0x0000000082800000, 0x0000000082900000|  0%| F|  |TAMS 0x0000000082800000, 0x0000000082800000| Untracked 
|  41|0x0000000082900000, 0x0000000082a00000, 0x0000000082a00000|100%| O|  |TAMS 0x0000000082a00000, 0x0000000082900000| Untracked 
|  42|0x0000000082a00000, 0x0000000082b00000, 0x0000000082b00000|100%| O|  |TAMS 0x0000000082b00000, 0x0000000082a00000| Untracked 
|  43|0x0000000082b00000, 0x0000000082c00000, 0x0000000082c00000|100%| O|  |TAMS 0x0000000082c00000, 0x0000000082b00000| Untracked 
|  44|0x0000000082c00000, 0x0000000082d00000, 0x0000000082d00000|100%| O|  |TAMS 0x0000000082d00000, 0x0000000082c00000| Untracked 
|  45|0x0000000082d00000, 0x0000000082e00000, 0x0000000082e00000|100%| O|  |TAMS 0x0000000082e00000, 0x0000000082d00000| Untracked 
|  46|0x0000000082e00000, 0x0000000082f00000, 0x0000000082f00000|100%| O|  |TAMS 0x0000000082f00000, 0x0000000082e00000| Untracked 
|  47|0x0000000082f00000, 0x0000000083000000, 0x0000000083000000|100%| O|  |TAMS 0x0000000083000000, 0x0000000082f00000| Untracked 
|  48|0x0000000083000000, 0x0000000083100000, 0x0000000083100000|100%| O|  |TAMS 0x0000000083097a00, 0x0000000083000000| Untracked 
|  49|0x0000000083100000, 0x0000000083165400, 0x0000000083200000| 39%| O|  |TAMS 0x0000000083100000, 0x0000000083100000| Untracked 
|  50|0x0000000083200000, 0x0000000083300000, 0x0000000083300000|100%|HS|  |TAMS 0x0000000083200000, 0x0000000083200000| Complete 
|  51|0x0000000083300000, 0x0000000083400000, 0x0000000083400000|100%|HC|  |TAMS 0x0000000083300000, 0x0000000083300000| Complete 
|  52|0x0000000083400000, 0x0000000083500000, 0x0000000083500000|100%|HC|  |TAMS 0x0000000083400000, 0x0000000083400000| Complete 
|  53|0x0000000083500000, 0x0000000083600000, 0x0000000083600000|100%|HC|  |TAMS 0x0000000083500000, 0x0000000083500000| Complete 
|  54|0x0000000083600000, 0x0000000083600000, 0x0000000083700000|  0%| F|  |TAMS 0x0000000083600000, 0x0000000083600000| Untracked 
|  55|0x0000000083700000, 0x0000000083700000, 0x0000000083800000|  0%| F|  |TAMS 0x0000000083700000, 0x0000000083700000| Untracked 
|  56|0x0000000083800000, 0x0000000083800000, 0x0000000083900000|  0%| F|  |TAMS 0x0000000083800000, 0x0000000083800000| Untracked 
|  57|0x0000000083900000, 0x0000000083900000, 0x0000000083a00000|  0%| F|  |TAMS 0x0000000083900000, 0x0000000083900000| Untracked 
|  58|0x0000000083a00000, 0x0000000083a00000, 0x0000000083b00000|  0%| F|  |TAMS 0x0000000083a00000, 0x0000000083a00000| Untracked 
|  59|0x0000000083b00000, 0x0000000083b00000, 0x0000000083c00000|  0%| F|  |TAMS 0x0000000083b00000, 0x0000000083b00000| Untracked 
|  60|0x0000000083c00000, 0x0000000083c00000, 0x0000000083d00000|  0%| F|  |TAMS 0x0000000083c00000, 0x0000000083c00000| Untracked 
|  61|0x0000000083d00000, 0x0000000083d00000, 0x0000000083e00000|  0%| F|  |TAMS 0x0000000083d00000, 0x0000000083d00000| Untracked 
|  62|0x0000000083e00000, 0x0000000083e00000, 0x0000000083f00000|  0%| F|  |TAMS 0x0000000083e00000, 0x0000000083e00000| Untracked 
|  63|0x0000000083f00000, 0x0000000083f00000, 0x0000000084000000|  0%| F|  |TAMS 0x0000000083f00000, 0x0000000083f00000| Untracked 
|  64|0x0000000084000000, 0x0000000084000000, 0x0000000084100000|  0%| F|  |TAMS 0x0000000084000000, 0x0000000084000000| Untracked 
|  65|0x0000000084100000, 0x0000000084100000, 0x0000000084200000|  0%| F|  |TAMS 0x0000000084100000, 0x0000000084100000| Untracked 
|  66|0x0000000084200000, 0x0000000084200000, 0x0000000084300000|  0%| F|  |TAMS 0x0000000084200000, 0x0000000084200000| Untracked 
|  67|0x0000000084300000, 0x0000000084300000, 0x0000000084400000|  0%| F|  |TAMS 0x0000000084300000, 0x0000000084300000| Untracked 
|  68|0x0000000084400000, 0x0000000084400000, 0x0000000084500000|  0%| F|  |TAMS 0x0000000084400000, 0x0000000084400000| Untracked 
|  69|0x0000000084500000, 0x0000000084500000, 0x0000000084600000|  0%| F|  |TAMS 0x0000000084500000, 0x0000000084500000| Untracked 
|  70|0x0000000084600000, 0x0000000084600000, 0x0000000084700000|  0%| F|  |TAMS 0x0000000084600000, 0x0000000084600000| Untracked 
|  71|0x0000000084700000, 0x0000000084700000, 0x0000000084800000|  0%| F|  |TAMS 0x0000000084700000, 0x0000000084700000| Untracked 
|  72|0x0000000084800000, 0x0000000084800000, 0x0000000084900000|  0%| F|  |TAMS 0x0000000084800000, 0x0000000084800000| Untracked 
|  73|0x0000000084900000, 0x0000000084900000, 0x0000000084a00000|  0%| F|  |TAMS 0x0000000084900000, 0x0000000084900000| Untracked 
|  74|0x0000000084a00000, 0x0000000084a00000, 0x0000000084b00000|  0%| F|  |TAMS 0x0000000084a00000, 0x0000000084a00000| Untracked 
|  75|0x0000000084b00000, 0x0000000084b00000, 0x0000000084c00000|  0%| F|  |TAMS 0x0000000084b00000, 0x0000000084b00000| Untracked 
|  76|0x0000000084c00000, 0x0000000084c00000, 0x0000000084d00000|  0%| F|  |TAMS 0x0000000084c00000, 0x0000000084c00000| Untracked 
|  77|0x0000000084d00000, 0x0000000084d00000, 0x0000000084e00000|  0%| F|  |TAMS 0x0000000084d00000, 0x0000000084d00000| Untracked 
|  78|0x0000000084e00000, 0x0000000084e00000, 0x0000000084f00000|  0%| F|  |TAMS 0x0000000084e00000, 0x0000000084e00000| Untracked 
|  79|0x0000000084f00000, 0x0000000084f00000, 0x0000000085000000|  0%| F|  |TAMS 0x0000000084f00000, 0x0000000084f00000| Untracked 
|  80|0x0000000085000000, 0x0000000085000000, 0x0000000085100000|  0%| F|  |TAMS 0x0000000085000000, 0x0000000085000000| Untracked 
|  81|0x0000000085100000, 0x0000000085100000, 0x0000000085200000|  0%| F|  |TAMS 0x0000000085100000, 0x0000000085100000| Untracked 
|  82|0x0000000085200000, 0x0000000085200000, 0x0000000085300000|  0%| F|  |TAMS 0x0000000085200000, 0x0000000085200000| Untracked 
|  83|0x0000000085300000, 0x0000000085300000, 0x0000000085400000|  0%| F|  |TAMS 0x0000000085300000, 0x0000000085300000| Untracked 
|  84|0x0000000085400000, 0x0000000085500000, 0x0000000085500000|100%| S|CS|TAMS 0x0000000085400000, 0x0000000085400000| Complete 
|  85|0x0000000085500000, 0x0000000085600000, 0x0000000085600000|100%| S|CS|TAMS 0x0000000085500000, 0x0000000085500000| Complete 
|  86|0x0000000085600000, 0x0000000085700000, 0x0000000085700000|100%| S|CS|TAMS 0x0000000085600000, 0x0000000085600000| Complete 
|  87|0x0000000085700000, 0x0000000085800000, 0x0000000085800000|100%| S|CS|TAMS 0x0000000085700000, 0x0000000085700000| Complete 
|  88|0x0000000085800000, 0x0000000085900000, 0x0000000085900000|100%| S|CS|TAMS 0x0000000085800000, 0x0000000085800000| Complete 
|  89|0x0000000085900000, 0x0000000085a00000, 0x0000000085a00000|100%| S|CS|TAMS 0x0000000085900000, 0x0000000085900000| Complete 
|  90|0x0000000085a00000, 0x0000000085a00000, 0x0000000085b00000|  0%| F|  |TAMS 0x0000000085a00000, 0x0000000085a00000| Untracked 
|  91|0x0000000085b00000, 0x0000000085b00000, 0x0000000085c00000|  0%| F|  |TAMS 0x0000000085b00000, 0x0000000085b00000| Untracked 
|  92|0x0000000085c00000, 0x0000000085c00000, 0x0000000085d00000|  0%| F|  |TAMS 0x0000000085c00000, 0x0000000085c00000| Untracked 
|  93|0x0000000085d00000, 0x0000000085d00000, 0x0000000085e00000|  0%| F|  |TAMS 0x0000000085d00000, 0x0000000085d00000| Untracked 
|  94|0x0000000085e00000, 0x0000000085e00000, 0x0000000085f00000|  0%| F|  |TAMS 0x0000000085e00000, 0x0000000085e00000| Untracked 
|  95|0x0000000085f00000, 0x0000000085f00000, 0x0000000086000000|  0%| F|  |TAMS 0x0000000085f00000, 0x0000000085f00000| Untracked 
|  96|0x0000000086000000, 0x0000000086000000, 0x0000000086100000|  0%| F|  |TAMS 0x0000000086000000, 0x0000000086000000| Untracked 
|  97|0x0000000086100000, 0x0000000086100000, 0x0000000086200000|  0%| F|  |TAMS 0x0000000086100000, 0x0000000086100000| Untracked 
|  98|0x0000000086200000, 0x0000000086200000, 0x0000000086300000|  0%| F|  |TAMS 0x0000000086200000, 0x0000000086200000| Untracked 
|  99|0x0000000086300000, 0x0000000086300000, 0x0000000086400000|  0%| F|  |TAMS 0x0000000086300000, 0x0000000086300000| Untracked 
| 100|0x0000000086400000, 0x0000000086400000, 0x0000000086500000|  0%| F|  |TAMS 0x0000000086400000, 0x0000000086400000| Untracked 
| 101|0x0000000086500000, 0x0000000086500000, 0x0000000086600000|  0%| F|  |TAMS 0x0000000086500000, 0x0000000086500000| Untracked 
| 102|0x0000000086600000, 0x0000000086600000, 0x0000000086700000|  0%| F|  |TAMS 0x0000000086600000, 0x0000000086600000| Untracked 
| 103|0x0000000086700000, 0x0000000086700000, 0x0000000086800000|  0%| F|  |TAMS 0x0000000086700000, 0x0000000086700000| Untracked 
| 104|0x0000000086800000, 0x0000000086800000, 0x0000000086900000|  0%| F|  |TAMS 0x0000000086800000, 0x0000000086800000| Untracked 
| 105|0x0000000086900000, 0x0000000086900000, 0x0000000086a00000|  0%| F|  |TAMS 0x0000000086900000, 0x0000000086900000| Untracked 
| 106|0x0000000086a00000, 0x0000000086a00000, 0x0000000086b00000|  0%| F|  |TAMS 0x0000000086a00000, 0x0000000086a00000| Untracked 
| 107|0x0000000086b00000, 0x0000000086b12cb8, 0x0000000086c00000|  7%| E|  |TAMS 0x0000000086b00000, 0x0000000086b00000| Complete 
| 108|0x0000000086c00000, 0x0000000086d00000, 0x0000000086d00000|100%| E|CS|TAMS 0x0000000086c00000, 0x0000000086c00000| Complete 
| 109|0x0000000086d00000, 0x0000000086e00000, 0x0000000086e00000|100%| E|CS|TAMS 0x0000000086d00000, 0x0000000086d00000| Complete 
| 110|0x0000000086e00000, 0x0000000086f00000, 0x0000000086f00000|100%| E|CS|TAMS 0x0000000086e00000, 0x0000000086e00000| Complete 
| 111|0x0000000086f00000, 0x0000000087000000, 0x0000000087000000|100%| E|CS|TAMS 0x0000000086f00000, 0x0000000086f00000| Complete 
| 112|0x0000000087000000, 0x0000000087100000, 0x0000000087100000|100%| E|CS|TAMS 0x0000000087000000, 0x0000000087000000| Complete 
| 113|0x0000000087100000, 0x0000000087200000, 0x0000000087200000|100%| E|CS|TAMS 0x0000000087100000, 0x0000000087100000| Complete 
| 114|0x0000000087200000, 0x0000000087300000, 0x0000000087300000|100%| E|CS|TAMS 0x0000000087200000, 0x0000000087200000| Complete 
| 115|0x0000000087300000, 0x0000000087400000, 0x0000000087400000|100%| E|CS|TAMS 0x0000000087300000, 0x0000000087300000| Complete 
| 116|0x0000000087400000, 0x0000000087500000, 0x0000000087500000|100%| E|CS|TAMS 0x0000000087400000, 0x0000000087400000| Complete 
| 117|0x0000000087500000, 0x0000000087600000, 0x0000000087600000|100%| E|CS|TAMS 0x0000000087500000, 0x0000000087500000| Complete 
| 118|0x0000000087600000, 0x0000000087700000, 0x0000000087700000|100%| E|CS|TAMS 0x0000000087600000, 0x0000000087600000| Complete 
| 119|0x0000000087700000, 0x0000000087800000, 0x0000000087800000|100%| E|CS|TAMS 0x0000000087700000, 0x0000000087700000| Complete 
| 120|0x0000000087800000, 0x0000000087900000, 0x0000000087900000|100%| E|CS|TAMS 0x0000000087800000, 0x0000000087800000| Complete 
| 121|0x0000000087900000, 0x0000000087a00000, 0x0000000087a00000|100%| E|CS|TAMS 0x0000000087900000, 0x0000000087900000| Complete 
| 122|0x0000000087a00000, 0x0000000087b00000, 0x0000000087b00000|100%| E|CS|TAMS 0x0000000087a00000, 0x0000000087a00000| Complete 
| 123|0x0000000087b00000, 0x0000000087c00000, 0x0000000087c00000|100%| E|CS|TAMS 0x0000000087b00000, 0x0000000087b00000| Complete 
| 124|0x0000000087c00000, 0x0000000087d00000, 0x0000000087d00000|100%| E|CS|TAMS 0x0000000087c00000, 0x0000000087c00000| Complete 
| 125|0x0000000087d00000, 0x0000000087e00000, 0x0000000087e00000|100%| E|CS|TAMS 0x0000000087d00000, 0x0000000087d00000| Complete 
| 126|0x0000000087e00000, 0x0000000087f00000, 0x0000000087f00000|100%| E|CS|TAMS 0x0000000087e00000, 0x0000000087e00000| Complete 
| 127|0x0000000087f00000, 0x0000000088000000, 0x0000000088000000|100%| E|CS|TAMS 0x0000000087f00000, 0x0000000087f00000| Complete 
| 128|0x0000000088000000, 0x0000000088100000, 0x0000000088100000|100%| E|CS|TAMS 0x0000000088000000, 0x0000000088000000| Complete 
| 129|0x0000000088100000, 0x0000000088200000, 0x0000000088200000|100%| E|CS|TAMS 0x0000000088100000, 0x0000000088100000| Complete 
| 130|0x0000000088200000, 0x0000000088300000, 0x0000000088300000|100%| E|CS|TAMS 0x0000000088200000, 0x0000000088200000| Complete 
| 131|0x0000000088300000, 0x0000000088400000, 0x0000000088400000|100%| E|CS|TAMS 0x0000000088300000, 0x0000000088300000| Complete 
| 132|0x0000000088400000, 0x0000000088500000, 0x0000000088500000|100%| E|CS|TAMS 0x0000000088400000, 0x0000000088400000| Complete 
| 133|0x0000000088500000, 0x0000000088600000, 0x0000000088600000|100%| E|CS|TAMS 0x0000000088500000, 0x0000000088500000| Complete 
| 134|0x0000000088600000, 0x0000000088700000, 0x0000000088700000|100%| E|CS|TAMS 0x0000000088600000, 0x0000000088600000| Complete 

Card table byte_map: [0x0000021aa2810000,0x0000021aa2c10000] _byte_map_base: 0x0000021aa2410000

Marking Bits (Prev, Next): (CMBitMap*) 0x0000021a8def1a50, (CMBitMap*) 0x0000021a8def1a18
 Prev Bits: [0x0000021aa5010000, 0x0000021aa7010000)
 Next Bits: [0x0000021aa3010000, 0x0000021aa5010000)

Polling page: 0x0000021a8df90000

Metaspace:

Usage:
  Non-class:     35.38 MB capacity,    34.79 MB ( 98%) used,   513.38 KB (  1%) free+waste,    86.13 KB ( <1%) overhead. 
      Class:      5.42 MB capacity,     5.05 MB ( 93%) used,   331.24 KB (  6%) free+waste,    41.69 KB ( <1%) overhead. 
       Both:     40.79 MB capacity,    39.84 MB ( 98%) used,   844.63 KB (  2%) free+waste,   127.81 KB ( <1%) overhead. 

Virtual space:
  Non-class space:       36.00 MB reserved,      35.42 MB ( 98%) committed 
      Class space:        1.00 GB reserved,       5.50 MB ( <1%) committed 
             Both:        1.04 GB reserved,      40.92 MB (  4%) committed 

Chunk freelists:
   Non-Class:  46.00 KB
       Class:  21.00 KB
        Both:  67.00 KB

MaxMetaspaceSize: 17179869184.00 GB
CompressedClassSpaceSize: 1.00 GB

CodeHeap 'non-profiled nmethods': size=120064Kb used=3205Kb max_used=3205Kb free=116859Kb
 bounds [0x0000021a9aac0000, 0x0000021a9adf0000, 0x0000021aa2000000]
CodeHeap 'profiled nmethods': size=120000Kb used=8359Kb max_used=8359Kb free=111640Kb
 bounds [0x0000021a93590000, 0x0000021a93dc0000, 0x0000021a9aac0000]
CodeHeap 'non-nmethods': size=5696Kb used=2186Kb max_used=2235Kb free=3509Kb
 bounds [0x0000021a93000000, 0x0000021a93270000, 0x0000021a93590000]
 total_blobs=4643 nmethods=3887 adapters=667
 compilation: enabled
              stopped_count=0, restarted_count=0
 full_count=0

Compilation events (20 events):
Event: 240.796 Thread 0x0000021aa9d94800 nmethod 4215 0x0000021a9addd710 code [0x0000021a9addd8a0, 0x0000021a9addd938]
Event: 240.808 Thread 0x0000021aa9d94800 4216       4       com.google.common.collect.AbstractIterator::hasNext (65 bytes)
Event: 240.830 Thread 0x0000021aa9455800 4217       3       java.util.AbstractCollection::toArray (144 bytes)
Event: 240.832 Thread 0x0000021aa9455800 nmethod 4217 0x0000021a93da3290 code [0x0000021a93da3560, 0x0000021a93da4678]
Event: 240.832 Thread 0x0000021aa9455800 4218       3       java.util.WeakHashMap$HashIterator::hasNext (95 bytes)
Event: 240.833 Thread 0x0000021aa9455800 nmethod 4218 0x0000021a93da4a90 code [0x0000021a93da4c80, 0x0000021a93da51d8]
Event: 240.833 Thread 0x0000021aa9455800 4221       3       java.util.WeakHashMap$Entry::getKey (8 bytes)
Event: 240.833 Thread 0x0000021aa9455800 nmethod 4221 0x0000021a93da5390 code [0x0000021a93da5540, 0x0000021a93da57b8]
Event: 240.833 Thread 0x0000021aa9455800 4222       3       java.util.WeakHashMap::unmaskNull (13 bytes)
Event: 240.833 Thread 0x0000021aa9455800 nmethod 4222 0x0000021a93da5890 code [0x0000021a93da5a40, 0x0000021a93da5b78]
Event: 240.833 Thread 0x0000021aa9455800 4219       3       java.util.WeakHashMap$KeyIterator::next (8 bytes)
Event: 240.834 Thread 0x0000021aa9455800 nmethod 4219 0x0000021a93da5c10 code [0x0000021a93da5de0, 0x0000021a93da6168]
Event: 240.834 Thread 0x0000021aa9455800 4224   !   3       java.util.zip.ZipFile$CleanableResource::releaseInflater (53 bytes)
Event: 240.835 Thread 0x0000021aa9455800 nmethod 4224 0x0000021a93da6290 code [0x0000021a93da6480, 0x0000021a93da6928]
Event: 240.835 Thread 0x0000021aa9455800 4220       3       java.util.WeakHashMap$HashIterator::nextEntry (81 bytes)
Event: 240.835 Thread 0x0000021aa9455800 nmethod 4220 0x0000021a93da6b10 code [0x0000021a93da6d20, 0x0000021a93da7288]
Event: 240.835 Thread 0x0000021aa9455800 4223   !   3       java.util.zip.Inflater::end (37 bytes)
Event: 240.836 Thread 0x0000021aa9455800 nmethod 4223 0x0000021a93da7410 code [0x0000021a93da75e0, 0x0000021a93da7a48]
Event: 240.849 Thread 0x0000021aa9455800 4226   !   3       java.util.zip.ZipFile$CleanableResource::run (251 bytes)
Event: 240.852 Thread 0x0000021aa9455800 nmethod 4226 0x0000021a93da7c10 code [0x0000021a93da7ee0, 0x0000021a93da9158]

GC Heap History (20 events):
Event: 228.450 GC heap before
{Heap before GC invocations=62 (full 0):
 garbage-first heap   total 114688K, used 85460K [0x0000000080000000, 0x0000000100000000)
  region size 1024K, 35 young (35840K), 1 survivors (1024K)
 Metaspace       used 40475K, capacity 41443K, committed 41520K, reserved 1085440K
  class space    used 5131K, capacity 5500K, committed 5504K, reserved 1048576K
}
Event: 228.457 GC heap after
{Heap after GC invocations=63 (full 0):
 garbage-first heap   total 114688K, used 51253K [0x0000000080000000, 0x0000000100000000)
  region size 1024K, 2 young (2048K), 2 survivors (2048K)
 Metaspace       used 40475K, capacity 41443K, committed 41520K, reserved 1085440K
  class space    used 5131K, capacity 5500K, committed 5504K, reserved 1048576K
}
Event: 228.953 GC heap before
{Heap before GC invocations=63 (full 0):
 garbage-first heap   total 114688K, used 87093K [0x0000000080000000, 0x0000000100000000)
  region size 1024K, 37 young (37888K), 2 survivors (2048K)
 Metaspace       used 40475K, capacity 41443K, committed 41520K, reserved 1085440K
  class space    used 5131K, capacity 5500K, committed 5504K, reserved 1048576K
}
Event: 228.961 GC heap after
{Heap after GC invocations=64 (full 0):
 garbage-first heap   total 114688K, used 51610K [0x0000000080000000, 0x0000000100000000)
  region size 1024K, 2 young (2048K), 2 survivors (2048K)
 Metaspace       used 40475K, capacity 41443K, committed 41520K, reserved 1085440K
  class space    used 5131K, capacity 5500K, committed 5504K, reserved 1048576K
}
Event: 229.645 GC heap before
{Heap before GC invocations=64 (full 0):
 garbage-first heap   total 114688K, used 88474K [0x0000000080000000, 0x0000000100000000)
  region size 1024K, 38 young (38912K), 2 survivors (2048K)
 Metaspace       used 40475K, capacity 41443K, committed 41520K, reserved 1085440K
  class space    used 5131K, capacity 5500K, committed 5504K, reserved 1048576K
}
Event: 229.653 GC heap after
{Heap after GC invocations=65 (full 0):
 garbage-first heap   total 114688K, used 51943K [0x0000000080000000, 0x0000000100000000)
  region size 1024K, 3 young (3072K), 3 survivors (3072K)
 Metaspace       used 40475K, capacity 41443K, committed 41520K, reserved 1085440K
  class space    used 5131K, capacity 5500K, committed 5504K, reserved 1048576K
}
Event: 230.073 GC heap before
{Heap before GC invocations=65 (full 0):
 garbage-first heap   total 114688K, used 88807K [0x0000000080000000, 0x0000000100000000)
  region size 1024K, 39 young (39936K), 3 survivors (3072K)
 Metaspace       used 40475K, capacity 41443K, committed 41520K, reserved 1085440K
  class space    used 5131K, capacity 5500K, committed 5504K, reserved 1048576K
}
Event: 230.083 GC heap after
{Heap after GC invocations=66 (full 0):
 garbage-first heap   total 114688K, used 52143K [0x0000000080000000, 0x0000000100000000)
  region size 1024K, 3 young (3072K), 3 survivors (3072K)
 Metaspace       used 40475K, capacity 41443K, committed 41520K, reserved 1085440K
  class space    used 5131K, capacity 5500K, committed 5504K, reserved 1048576K
}
Event: 230.490 GC heap before
{Heap before GC invocations=66 (full 0):
 garbage-first heap   total 114688K, used 90031K [0x0000000080000000, 0x0000000100000000)
  region size 1024K, 40 young (40960K), 3 survivors (3072K)
 Metaspace       used 40476K, capacity 41443K, committed 41520K, reserved 1085440K
  class space    used 5131K, capacity 5500K, committed 5504K, reserved 1048576K
}
Event: 230.501 GC heap after
{Heap after GC invocations=67 (full 0):
 garbage-first heap   total 114688K, used 52601K [0x0000000080000000, 0x0000000100000000)
  region size 1024K, 3 young (3072K), 3 survivors (3072K)
 Metaspace       used 40476K, capacity 41443K, committed 41520K, reserved 1085440K
  class space    used 5131K, capacity 5500K, committed 5504K, reserved 1048576K
}
Event: 231.133 GC heap before
{Heap before GC invocations=67 (full 0):
 garbage-first heap   total 114688K, used 91513K [0x0000000080000000, 0x0000000100000000)
  region size 1024K, 41 young (41984K), 3 survivors (3072K)
 Metaspace       used 40476K, capacity 41443K, committed 41520K, reserved 1085440K
  class space    used 5131K, capacity 5500K, committed 5504K, reserved 1048576K
}
Event: 231.145 GC heap after
{Heap after GC invocations=68 (full 0):
 garbage-first heap   total 114688K, used 53058K [0x0000000080000000, 0x0000000100000000)
  region size 1024K, 4 young (4096K), 4 survivors (4096K)
 Metaspace       used 40476K, capacity 41443K, committed 41520K, reserved 1085440K
  class space    used 5131K, capacity 5500K, committed 5504K, reserved 1048576K
}
Event: 231.593 GC heap before
{Heap before GC invocations=68 (full 0):
 garbage-first heap   total 114688K, used 91970K [0x0000000080000000, 0x0000000100000000)
  region size 1024K, 42 young (43008K), 4 survivors (4096K)
 Metaspace       used 40477K, capacity 41443K, committed 41520K, reserved 1085440K
  class space    used 5131K, capacity 5500K, committed 5504K, reserved 1048576K
}
Event: 231.605 GC heap after
{Heap after GC invocations=69 (full 0):
 garbage-first heap   total 114688K, used 53097K [0x0000000080000000, 0x0000000100000000)
  region size 1024K, 3 young (3072K), 3 survivors (3072K)
 Metaspace       used 40477K, capacity 41443K, committed 41520K, reserved 1085440K
  class space    used 5131K, capacity 5500K, committed 5504K, reserved 1048576K
}
Event: 233.443 GC heap before
{Heap before GC invocations=69 (full 0):
 garbage-first heap   total 114688K, used 93033K [0x0000000080000000, 0x0000000100000000)
  region size 1024K, 42 young (43008K), 3 survivors (3072K)
 Metaspace       used 40478K, capacity 41443K, committed 41520K, reserved 1085440K
  class space    used 5131K, capacity 5500K, committed 5504K, reserved 1048576K
}
Event: 233.455 GC heap after
{Heap after GC invocations=70 (full 0):
 garbage-first heap   total 114688K, used 53652K [0x0000000080000000, 0x0000000100000000)
  region size 1024K, 4 young (4096K), 4 survivors (4096K)
 Metaspace       used 40478K, capacity 41443K, committed 41520K, reserved 1085440K
  class space    used 5131K, capacity 5500K, committed 5504K, reserved 1048576K
}
Event: 234.226 GC heap before
{Heap before GC invocations=70 (full 0):
 garbage-first heap   total 114688K, used 93588K [0x0000000080000000, 0x0000000100000000)
  region size 1024K, 43 young (44032K), 4 survivors (4096K)
 Metaspace       used 40478K, capacity 41443K, committed 41520K, reserved 1085440K
  class space    used 5131K, capacity 5500K, committed 5504K, reserved 1048576K
}
Event: 234.242 GC heap after
{Heap after GC invocations=71 (full 0):
 garbage-first heap   total 138240K, used 54258K [0x0000000080000000, 0x0000000100000000)
  region size 1024K, 4 young (4096K), 4 survivors (4096K)
 Metaspace       used 40478K, capacity 41443K, committed 41520K, reserved 1085440K
  class space    used 5131K, capacity 5500K, committed 5504K, reserved 1048576K
}
Event: 240.565 GC heap before
{Heap before GC invocations=71 (full 0):
 garbage-first heap   total 138240K, used 103410K [0x0000000080000000, 0x0000000100000000)
  region size 1024K, 49 young (50176K), 4 survivors (4096K)
 Metaspace       used 40624K, capacity 41605K, committed 41904K, reserved 1085440K
  class space    used 5152K, capacity 5512K, committed 5632K, reserved 1048576K
}
Event: 240.576 GC heap after
{Heap after GC invocations=72 (full 0):
 garbage-first heap   total 138240K, used 56725K [0x0000000080000000, 0x0000000100000000)
  region size 1024K, 6 young (6144K), 6 survivors (6144K)
 Metaspace       used 40624K, capacity 41605K, committed 41904K, reserved 1085440K
  class space    used 5152K, capacity 5512K, committed 5632K, reserved 1048576K
}

Deoptimization events (20 events):
Event: 230.833 Thread 0x0000021aaa735800 DEOPT PACKING pc=0x0000021a9adc1b94 sp=0x000000c00e9fe7c0
Event: 230.833 Thread 0x0000021aaa735800 DEOPT UNPACKING pc=0x0000021a930266a9 sp=0x000000c00e9fe648 mode 2
Event: 230.834 Thread 0x0000021aaa735800 Uncommon trap: trap_request=0xffffff4d fr.pc=0x0000021a9ad82260 relative=0x00000000000004a0
Event: 230.834 Thread 0x0000021aaa735800 Uncommon trap: reason=unstable_if action=reinterpret pc=0x0000021a9ad82260 method=java.lang.String.contains(Ljava/lang/CharSequence;)Z @ 10 c2
Event: 230.834 Thread 0x0000021aaa735800 DEOPT PACKING pc=0x0000021a9ad82260 sp=0x000000c00e9fe720
Event: 230.834 Thread 0x0000021aaa735800 DEOPT UNPACKING pc=0x0000021a930266a9 sp=0x000000c00e9fe630 mode 2
Event: 234.587 Thread 0x0000021aaa735800 Uncommon trap: trap_request=0xffffff4d fr.pc=0x0000021a9ac49320 relative=0x0000000000001180
Event: 234.587 Thread 0x0000021aaa735800 Uncommon trap: reason=unstable_if action=reinterpret pc=0x0000021a9ac49320 method=java.util.zip.ZipFile$ZipEntryIterator.hasNext()Z @ 8 c2
Event: 234.587 Thread 0x0000021aaa735800 DEOPT PACKING pc=0x0000021a9ac49320 sp=0x000000c00e9fe8e0
Event: 234.587 Thread 0x0000021aaa735800 DEOPT UNPACKING pc=0x0000021a930266a9 sp=0x000000c00e9fe708 mode 2
Event: 234.614 Thread 0x0000021aaa735800 Uncommon trap: trap_request=0xffffff4d fr.pc=0x0000021a9ab31cf8 relative=0x00000000000002b8
Event: 234.615 Thread 0x0000021aaa735800 Uncommon trap: reason=unstable_if action=reinterpret pc=0x0000021a9ab31cf8 method=java.io.BufferedOutputStream.write([BII)V @ 6 c2
Event: 234.615 Thread 0x0000021aaa735800 DEOPT PACKING pc=0x0000021a9ab31cf8 sp=0x000000c00e9fe970
Event: 234.615 Thread 0x0000021aaa735800 DEOPT UNPACKING pc=0x0000021a930266a9 sp=0x000000c00e9fe918 mode 2
Event: 240.381 Thread 0x0000021aaaf76000 DEOPT PACKING pc=0x0000021a93a358aa sp=0x000000c00d1f9b20
Event: 240.381 Thread 0x0000021aaaf76000 DEOPT UNPACKING pc=0x0000021a930264bf sp=0x000000c00d1f9110 mode 0
Event: 240.833 Thread 0x0000021aaaf76000 Uncommon trap: trap_request=0xffffff4d fr.pc=0x0000021a9addb820 relative=0x00000000000007c0
Event: 240.833 Thread 0x0000021aaaf76000 Uncommon trap: reason=unstable_if action=reinterpret pc=0x0000021a9addb820 method=java.util.zip.ZipFile$CleanableResource.releaseInflater(Ljava/util/zip/Inflater;)V @ 6 c2
Event: 240.833 Thread 0x0000021aaaf76000 DEOPT PACKING pc=0x0000021a9addb820 sp=0x000000c00d1f9f90
Event: 240.833 Thread 0x0000021aaaf76000 DEOPT UNPACKING pc=0x0000021a930266a9 sp=0x000000c00d1f9f58 mode 2

Classes redefined (0 events):
No events

Internal exceptions (20 events):
Event: 205.085 Thread 0x0000021aaaf76000 Exception <a 'java/lang/ClassNotFoundException'{0x0000000083b0ea70}: org/gradle/internal/metaobject/ConfigureDelegateBeanInfo> (0x0000000083b0ea70) thrown at [./src/hotspot/share/classfile/systemDictionary.cpp, line 231]
Event: 205.087 Thread 0x0000021aaaf76000 Exception <a 'java/lang/ClassNotFoundException'{0x0000000083b2c290}: org/gradle/internal/metaobject/ConfigureDelegateCustomizer> (0x0000000083b2c290) thrown at [./src/hotspot/share/classfile/systemDictionary.cpp, line 231]
Event: 205.106 Thread 0x0000021aaaf76000 Exception <a 'java/lang/ClassNotFoundException'{0x0000000083b88668}: org/gradle/api/internal/initialization/DefaultScriptHandlerBeanInfo> (0x0000000083b88668) thrown at [./src/hotspot/share/classfile/systemDictionary.cpp, line 231]
Event: 205.108 Thread 0x0000021aaaf76000 Exception <a 'java/lang/ClassNotFoundException'{0x0000000083ba9740}: org/gradle/api/internal/initialization/DefaultScriptHandlerCustomizer> (0x0000000083ba9740) thrown at [./src/hotspot/share/classfile/systemDictionary.cpp, line 231]
Event: 205.537 Thread 0x0000021aaaf76000 Exception <a 'java/lang/ClassNotFoundException'{0x0000000083dc6c40}: org/gradle/api/internal/artifacts/dsl/dependencies/DefaultDependencyHandler_DecoratedBeanInfo> (0x0000000083dc6c40) thrown at [./src/hotspot/share/classfile/systemDictionary.cpp, line 231]
Event: 205.539 Thread 0x0000021aaaf76000 Exception <a 'java/lang/ClassNotFoundException'{0x0000000083dfa168}: org/gradle/api/internal/artifacts/dsl/dependencies/DefaultDependencyHandlerBeanInfo> (0x0000000083dfa168) thrown at [./src/hotspot/share/classfile/systemDictionary.cpp, line 231]
Event: 205.543 Thread 0x0000021aaaf76000 Exception <a 'java/lang/ClassNotFoundException'{0x0000000083c2d760}: org/gradle/api/internal/artifacts/dsl/dependencies/DefaultDependencyHandlerCustomizer> (0x0000000083c2d760) thrown at [./src/hotspot/share/classfile/systemDictionary.cpp, line 231]
Event: 205.564 Thread 0x0000021aaaf76000 Exception <a 'java/lang/ClassNotFoundException'{0x0000000083c7faa8}: org/gradle/api/internal/artifacts/dsl/dependencies/DefaultDependencyHandler_DecoratedCustomizer> (0x0000000083c7faa8) thrown at [./src/hotspot/share/classfile/systemDictionary.cpp, line 231]
Event: 206.604 Thread 0x0000021aaaf76000 Exception <a 'java/lang/NoSuchMethodError'{0x0000000083bfa428}: 'java.lang.Object java.lang.invoke.DirectMethodHandle$Holder.invokeStatic(java.lang.Object, java.lang.Object, java.lang.Object, int)'> (0x0000000083bfa428) thrown at [./src/hotspot/share/interpreter/linkResolver.cpp, line 773]
Event: 206.605 Thread 0x0000021aaaf76000 Exception <a 'java/lang/NoSuchMethodError'{0x0000000083bfea40}: 'java.lang.Object java.lang.invoke.DirectMethodHandle$Holder.invokeSpecial(java.lang.Object, java.lang.Object, java.lang.Object, java.lang.Object, int)'> (0x0000000083bfea40) thrown at [./src/hotspot/share/interpreter/linkResolver.cpp, line 773]
Event: 206.606 Thread 0x0000021aaaf76000 Exception <a 'java/lang/NoSuchMethodError'{0x0000000083a02f40}: 'java.lang.Object java.lang.invoke.Invokers$Holder.linkToTargetMethod(java.lang.Object, java.lang.Object, int, java.lang.Object)'> (0x0000000083a02f40) thrown at [./src/hotspot/share/interpreter/linkResolver.cpp, line 773]
Event: 206.620 Thread 0x0000021aaaf76000 Exception <a 'java/lang/NoSuchMethodError'{0x0000000083a47898}: 'int java.lang.invoke.DirectMethodHandle$Holder.invokeInterface(java.lang.Object, java.lang.Object)'> (0x0000000083a47898) thrown at [./src/hotspot/share/interpreter/linkResolver.cpp, line 773]
Event: 206.621 Thread 0x0000021aaaf76000 Exception <a 'java/lang/IncompatibleClassChangeError'{0x0000000083a4b0d0}: Found class java.lang.Object, but interface was expected> (0x0000000083a4b0d0) thrown at [./src/hotspot/share/interpreter/linkResolver.cpp, line 839]
Event: 206.711 Thread 0x0000021aaaf76000 Exception <a 'java/lang/NoSuchMethodError'{0x00000000839bc4d8}: 'java.lang.Object java.lang.invoke.Invokers$Holder.linkToTargetMethod(java.lang.Object, int, java.lang.Object)'> (0x00000000839bc4d8) thrown at [./src/hotspot/share/interpreter/linkResolver.cpp, line 773]
Event: 206.830 Thread 0x0000021aaaf76000 Exception <a 'java/lang/NoSuchMethodError'{0x00000000836f5638}: 'int java.lang.invoke.DirectMethodHandle$Holder.invokeStaticInit(java.lang.Object)'> (0x00000000836f5638) thrown at [./src/hotspot/share/interpreter/linkResolver.cpp, line 773]
Event: 234.832 Thread 0x0000021aaa735800 Exception <a 'sun/nio/fs/WindowsException'{0x00000000867b2e10}> (0x00000000867b2e10) thrown at [./src/hotspot/share/prims/jni.cpp, line 615]
Event: 234.949 Thread 0x0000021aaa735800 Exception <a 'sun/nio/fs/WindowsException'{0x00000000867b2f90}> (0x00000000867b2f90) thrown at [./src/hotspot/share/prims/jni.cpp, line 615]
Event: 240.397 Thread 0x0000021aaaf76000 Exception <a 'java/lang/NoSuchMethodError'{0x00000000866fe4d0}: 'void java.lang.invoke.DirectMethodHandle$Holder.invokeStatic(java.lang.Object, java.lang.Object, java.lang.Object, java.lang.Object, java.lang.Object)'> (0x00000000866fe4d0) thrown at [./src/hotspot/share/interpreter/linkResolver.cpp, line 773]
Event: 240.828 Thread 0x0000021aaaf76000 Exception <a 'java/lang/OutOfMemoryError'{0x0000000086ddb1f8}> (0x0000000086ddb1f8) thrown at [./src/hotspot/share/prims/jni.cpp, line 636]
Event: 240.833 Thread 0x0000021aaaf76000 Implicit null exception at 0x0000021a9addb09d to 0x0000021a9addb810

Events (20 events):
Event: 240.409 loading class java/util/stream/SortedOps done
Event: 240.409 loading class java/util/stream/SortedOps$OfRef
Event: 240.409 loading class java/util/stream/ReferencePipeline$StatefulOp
Event: 240.410 loading class java/util/stream/ReferencePipeline$StatefulOp done
Event: 240.410 loading class java/util/stream/SortedOps$OfRef done
Event: 240.410 Executing VM operation: Deoptimize
Event: 240.411 Executing VM operation: Deoptimize done
Event: 240.411 loading class java/util/stream/SortedOps$RefSortingSink
Event: 240.411 loading class java/util/stream/SortedOps$AbstractRefSortingSink
Event: 240.411 loading class java/util/stream/SortedOps$AbstractRefSortingSink done
Event: 240.411 loading class java/util/stream/SortedOps$RefSortingSink done
Event: 240.564 Executing VM operation: G1CollectForAllocation
Event: 240.576 Executing VM operation: G1CollectForAllocation done
Event: 240.828 loading class java/util/zip/DataFormatException
Event: 240.828 loading class java/util/zip/DataFormatException done
Event: 240.828 loading class java/util/WeakHashMap$KeyIterator
Event: 240.828 loading class java/util/WeakHashMap$HashIterator
Event: 240.829 loading class java/util/WeakHashMap$HashIterator done
Event: 240.829 loading class java/util/WeakHashMap$KeyIterator done
Event: 240.838 Loaded shared library C:\Users\felip\OneDrive\Desktop\android-studio-ide-202.6987402-windows\android-studio\jre\bin\zip.dll


Dynamic libraries:
0x00007ff67c040000 - 0x00007ff67c04a000 	C:\Users\felip\OneDrive\Desktop\android-studio-ide-202.6987402-windows\android-studio\jre\bin\java.exe
0x00007fffa3410000 - 0x00007fffa3605000 	C:\Windows\SYSTEM32\ntdll.dll
0x00007fff90200000 - 0x00007fff90212000 	C:\Program Files\Avast Software\Avast\aswhook.dll
0x00007fffa3140000 - 0x00007fffa31fd000 	C:\Windows\System32\KERNEL32.DLL
0x00007fffa0ee0000 - 0x00007fffa11a8000 	C:\Windows\System32\KERNELBASE.dll
0x00007fffa0de0000 - 0x00007fffa0ee0000 	C:\Windows\System32\ucrtbase.dll
0x00007fff9ba60000 - 0x00007fff9ba79000 	C:\Users\felip\OneDrive\Desktop\android-studio-ide-202.6987402-windows\android-studio\jre\bin\jli.dll
0x00007fffa1680000 - 0x00007fffa1820000 	C:\Windows\System32\USER32.dll
0x00007fffa0b50000 - 0x00007fffa0b72000 	C:\Windows\System32\win32u.dll
0x00007fffa1a20000 - 0x00007fffa1a4a000 	C:\Windows\System32\GDI32.dll
0x00007fffa11b0000 - 0x00007fffa12bb000 	C:\Windows\System32\gdi32full.dll
0x00007fffa0c60000 - 0x00007fffa0cfd000 	C:\Windows\System32\msvcp_win.dll
0x00007fff96330000 - 0x00007fff96347000 	C:\Users\felip\OneDrive\Desktop\android-studio-ide-202.6987402-windows\android-studio\jre\bin\VCRUNTIME140.dll
0x00007fff8d6a0000 - 0x00007fff8d93a000 	C:\Windows\WinSxS\amd64_microsoft.windows.common-controls_6595b64144ccf1df_6.0.19041.1052_none_60b8f8fd71f5e8cb\COMCTL32.dll
0x00007fffa2630000 - 0x00007fffa26ce000 	C:\Windows\System32\msvcrt.dll
0x00007fffa3110000 - 0x00007fffa3140000 	C:\Windows\System32\IMM32.DLL
0x00007fff81570000 - 0x00007fff8160d000 	C:\Users\felip\OneDrive\Desktop\android-studio-ide-202.6987402-windows\android-studio\jre\bin\msvcp140.dll
0x00007fff647b0000 - 0x00007fff6526c000 	C:\Users\felip\OneDrive\Desktop\android-studio-ide-202.6987402-windows\android-studio\jre\bin\server\jvm.dll
0x00007fffa14e0000 - 0x00007fffa158c000 	C:\Windows\System32\ADVAPI32.dll
0x00007fffa2590000 - 0x00007fffa262b000 	C:\Windows\System32\sechost.dll
0x00007fffa1880000 - 0x00007fffa19ab000 	C:\Windows\System32\RPCRT4.dll
0x00007fffa3100000 - 0x00007fffa3108000 	C:\Windows\System32\PSAPI.DLL
0x00007fff941a0000 - 0x00007fff941a9000 	C:\Windows\SYSTEM32\WSOCK32.dll
0x00007fffa19b0000 - 0x00007fffa1a1b000 	C:\Windows\System32\WS2_32.dll
0x00007fff8d4d0000 - 0x00007fff8d4f7000 	C:\Windows\SYSTEM32\WINMM.dll
0x00007fff99ec0000 - 0x00007fff99eca000 	C:\Windows\SYSTEM32\VERSION.dll
0x00007fff9e9c0000 - 0x00007fff9e9d2000 	C:\Windows\SYSTEM32\kernel.appcore.dll
0x00007fff952c0000 - 0x00007fff952d1000 	C:\Users\felip\OneDrive\Desktop\android-studio-ide-202.6987402-windows\android-studio\jre\bin\verify.dll
0x00007fff98510000 - 0x00007fff986f4000 	C:\Windows\SYSTEM32\DBGHELP.DLL
0x00007fff98180000 - 0x00007fff981ac000 	C:\Windows\SYSTEM32\dbgcore.DLL
0x00007fffa0bd0000 - 0x00007fffa0c53000 	C:\Windows\System32\bcryptPrimitives.dll
0x00007fff930c0000 - 0x00007fff930e9000 	C:\Users\felip\OneDrive\Desktop\android-studio-ide-202.6987402-windows\android-studio\jre\bin\java.dll
0x00007fff9e430000 - 0x00007fff9e43b000 	C:\Users\felip\OneDrive\Desktop\android-studio-ide-202.6987402-windows\android-studio\jre\bin\jimage.dll
0x00007fff8a1c0000 - 0x00007fff8a1d8000 	C:\Users\felip\OneDrive\Desktop\android-studio-ide-202.6987402-windows\android-studio\jre\bin\zip.dll
0x00007fffa29c0000 - 0x00007fffa30ff000 	C:\Windows\System32\SHELL32.dll
0x00007fff9eca0000 - 0x00007fff9f430000 	C:\Windows\SYSTEM32\windows.storage.dll
0x00007fffa1b80000 - 0x00007fffa1ed5000 	C:\Windows\System32\combase.dll
0x00007fffa04f0000 - 0x00007fffa051c000 	C:\Windows\SYSTEM32\Wldp.dll
0x00007fffa2900000 - 0x00007fffa29ae000 	C:\Windows\System32\SHCORE.dll
0x00007fffa1620000 - 0x00007fffa1675000 	C:\Windows\System32\shlwapi.dll
0x00007fffa0a90000 - 0x00007fffa0aaf000 	C:\Windows\SYSTEM32\profapi.dll
0x00007fff8a1a0000 - 0x00007fff8a1ba000 	C:\Users\felip\OneDrive\Desktop\android-studio-ide-202.6987402-windows\android-studio\jre\bin\net.dll
0x00007fff95fb0000 - 0x00007fff960bb000 	C:\Windows\SYSTEM32\WINHTTP.dll
0x00007fffa0260000 - 0x00007fffa02ca000 	C:\Windows\system32\mswsock.dll
0x00007fff8a180000 - 0x00007fff8a194000 	C:\Users\felip\OneDrive\Desktop\android-studio-ide-202.6987402-windows\android-studio\jre\bin\nio.dll
0x00007fff96350000 - 0x00007fff96376000 	C:\Users\felip\.gradle\native\fdc75f09e3144964f2cf3f50f0aa648679c211496f362492102eb8c894070792\windows-amd64\native-platform.dll
0x00007fff794f0000 - 0x00007fff79681000 	C:\Users\felip\.gradle\native\12488b8bf47d2d4c9fbf2f6322a914ad602e24e48041cd04a747c6da556b65c4\windows-amd64\native-platform-file-events.dll
0x00007fff99350000 - 0x00007fff9935a000 	C:\Users\felip\OneDrive\Desktop\android-studio-ide-202.6987402-windows\android-studio\jre\bin\management.dll
0x00007fff98d70000 - 0x00007fff98d7c000 	C:\Users\felip\OneDrive\Desktop\android-studio-ide-202.6987402-windows\android-studio\jre\bin\management_ext.dll
0x00007fffa0440000 - 0x00007fffa0458000 	C:\Windows\SYSTEM32\CRYPTSP.dll
0x00007fff9fc00000 - 0x00007fff9fc34000 	C:\Windows\system32\rsaenh.dll
0x00007fffa0db0000 - 0x00007fffa0dd7000 	C:\Windows\System32\bcrypt.dll
0x00007fffa0a50000 - 0x00007fffa0a7e000 	C:\Windows\SYSTEM32\USERENV.dll
0x00007fffa0430000 - 0x00007fffa043c000 	C:\Windows\SYSTEM32\CRYPTBASE.dll
0x00007fff9ff50000 - 0x00007fff9ff8b000 	C:\Windows\SYSTEM32\IPHLPAPI.DLL
0x00007fffa29b0000 - 0x00007fffa29b8000 	C:\Windows\System32\NSI.dll
0x00007fff99c30000 - 0x00007fff99c47000 	C:\Windows\SYSTEM32\dhcpcsvc6.DLL
0x00007fff99f60000 - 0x00007fff99f7d000 	C:\Windows\SYSTEM32\dhcpcsvc.DLL
0x00007fff9ff90000 - 0x00007fffa005c000 	C:\Windows\SYSTEM32\DNSAPI.dll
0x00007fff9a350000 - 0x00007fff9a35b000 	C:\Windows\SYSTEM32\WINNSI.DLL

dbghelp: loaded successfully - version: 4.0.5 - missing functions: none
symbol engine: initialized successfully - sym options: 0x614 - pdb path: .;C:\Users\felip\OneDrive\Desktop\android-studio-ide-202.6987402-windows\android-studio\jre\bin;C:\Windows\SYSTEM32;C:\Program Files\Avast Software\Avast;C:\Windows\WinSxS\amd64_microsoft.windows.common-controls_6595b64144ccf1df_6.0.19041.1052_none_60b8f8fd71f5e8cb;C:\Users\felip\OneDrive\Desktop\android-studio-ide-202.6987402-windows\android-studio\jre\bin\server;C:\Users\felip\.gradle\native\fdc75f09e3144964f2cf3f50f0aa648679c211496f362492102eb8c894070792\windows-amd64;C:\Users\felip\.gradle\native\12488b8bf47d2d4c9fbf2f6322a914ad602e24e48041cd04a747c6da556b65c4\windows-amd64

VM Arguments:
jvm_args: --add-opens=java.base/java.util=ALL-UNNAMED --add-opens=java.base/java.lang=ALL-UNNAMED --add-opens=java.base/java.lang.invoke=ALL-UNNAMED --add-opens=java.prefs/java.util.prefs=ALL-UNNAMED -Xmx2048m -Dfile.encoding=windows-1252 -Duser.country=US -Duser.language=en -Duser.variant 
java_command: org.gradle.launcher.daemon.bootstrap.GradleDaemon 6.7.1
java_class_path (initial): C:\Users\felip\.gradle\wrapper\dists\gradle-6.7.1-bin\bwlcbys1h7rz3272sye1xwiv6\gradle-6.7.1\lib\gradle-launcher-6.7.1.jar
Launcher Type: SUN_STANDARD

[Global flags]
     intx CICompilerCount                          = 2                                         {product} {ergonomic}
     uint ConcGCThreads                            = 1                                         {product} {ergonomic}
     uint G1ConcRefinementThreads                  = 2                                         {product} {ergonomic}
   size_t G1HeapRegionSize                         = 1048576                                   {product} {ergonomic}
    uintx GCDrainStackTargetSize                   = 64                                        {product} {ergonomic}
   size_t InitialHeapSize                          = 67108864                                  {product} {ergonomic}
   size_t MarkStackSize                            = 4194304                                   {product} {ergonomic}
   size_t MaxHeapSize                              = 2147483648                                {product} {command line}
   size_t MaxNewSize                               = 1287651328                                {product} {ergonomic}
   size_t MinHeapDeltaBytes                        = 1048576                                   {product} {ergonomic}
    uintx NonNMethodCodeHeapSize                   = 5825164                                {pd product} {ergonomic}
    uintx NonProfiledCodeHeapSize                  = 122916538                              {pd product} {ergonomic}
    uintx ProfiledCodeHeapSize                     = 122916538                              {pd product} {ergonomic}
    uintx ReservedCodeCacheSize                    = 251658240                              {pd product} {ergonomic}
     bool SegmentedCodeCache                       = true                                      {product} {ergonomic}
     bool UseCompressedClassPointers               = true                                 {lp64_product} {ergonomic}
     bool UseCompressedOops                        = true                                 {lp64_product} {ergonomic}
     bool UseG1GC                                  = true                                      {product} {ergonomic}
     bool UseLargePagesIndividualAllocation        = false                                  {pd product} {ergonomic}

Logging:
Log output configuration:
 #0: stdout all=warning uptime,level,tags
 #1: stderr all=off uptime,level,tags

Environment Variables:
PATH=C:\Program Files\Common Files\Oracle\Java\javapath;C:\Program Files (x86)\Common Files\Oracle\Java\javapath;C:\Windows\system32;C:\Windows;C:\Windows\System32\Wbem;C:\Windows\System32\WindowsPowerShell\v1.0\;C:\Windows\System32\OpenSSH\;C:\ProgramData\chocolatey\bin;C:\Program Files\Docker\Docker\resources\bin;C:\ProgramData\DockerDesktop\version-bin;C:\Program Files (x86)\Yarn\bin\;C:\Program Files\nodejs\;C:\Program Files\Git\cmd;C:\Users\felip\AppData\Local\Microsoft\WindowsApps;C:\Users\felip\AppData\Local\Programs\Microsoft VS Code\bin;C:\Users\felip\AppData\Local\Yarn\bin;C:\Users\felip\AppData\Local\GitHubDesktop\bin;C:\Users\felip\AppData\Roaming\npm
USERNAME=felip
OS=Windows_NT
PROCESSOR_IDENTIFIER=Intel64 Family 6 Model 23 Stepping 10, GenuineIntel



---------------  S Y S T E M  ---------------

OS: Windows 10 , 64 bit Build 19041 (10.0.19041.1023)
OS uptime: 1 days 2:32 hours

CPU:total 2 (initial active 2) (2 cores per cpu, 1 threads per core) family 6 model 23 stepping 10, cmov, cx8, fxsr, mmx, sse, sse2, sse3, ssse3, tsc

Memory: 4k page, system-wide physical 4061M (130M free)
TotalPageFile size 4061M (AvailPageFile size 79M)
current process WorkingSet (physical memory assigned to process): 248M, peak: 273M
current process commit charge ("private bytes"): 282M, peak: 354M

vm_info: OpenJDK 64-Bit Server VM (11.0.8+10-b944.6842174) for windows-amd64 JRE (11.0.8+10-b944.6842174), built on Sep 19 2020 01:11:42 by "builder" with MS VC++ 14.0 (VS2015)

END.
