#
# There is insufficient memory for the Java Runtime Environment to continue.
# Native memory allocation (mmap) failed to map 49283072 bytes for Failed to commit area from 0x000000008ea00000 to 0x0000000091900000 of length 49283072.
# Possible reasons:
#   The system is out of physical RAM or swap space
#   The process is running with CompressedOops enabled, and the Java Heap may be blocking the growth of the native heap
# Possible solutions:
#   Reduce memory load on the system
#   Increase physical memory or swap space
#   Check if swap backing store is full
#   Decrease Java heap size (-Xmx/-Xms)
#   Decrease number of Java threads
#   Decrease Java thread stack sizes (-Xss)
#   Set larger code cache with -XX:ReservedCodeCacheSize=
#   JVM is running with Unscaled Compressed Oops mode in which the Java heap is
#     placed in the first 4GB address space. The Java Heap base address is the
#     maximum limit for the native heap growth. Please use -XX:HeapBaseMinAddress
#     to set the Java Heap base and to place the Java Heap above 4GB virtual address.
# This output file may be truncated or incomplete.
#
#  Out of Memory Error (./src/hotspot/os/windows/os_windows.cpp:3303), pid=8404, tid=6464
#
# JRE version: OpenJDK Runtime Environment (11.0.8+10) (build 11.0.8+10-b944.6842174)
# Java VM: OpenJDK 64-Bit Server VM (11.0.8+10-b944.6842174, mixed mode, tiered, compressed oops, g1 gc, windows-amd64)
# No core dump will be written. Minidumps are not enabled by default on client versions of Windows
#

---------------  S U M M A R Y ------------

Command Line: --add-opens=java.base/java.util=ALL-UNNAMED --add-opens=java.base/java.lang=ALL-UNNAMED --add-opens=java.base/java.lang.invoke=ALL-UNNAMED --add-opens=java.prefs/java.util.prefs=ALL-UNNAMED -Xmx2048m -Dfile.encoding=windows-1252 -Duser.country=US -Duser.language=en -Duser.variant org.gradle.launcher.daemon.bootstrap.GradleDaemon 6.7.1

Host: Celeron(R) Dual-Core CPU       T3500  @ 2.10GHz, 2 cores, 3G,  Windows 10 , 64 bit Build 19041 (10.0.19041.1023)
Time: Wed Jun 23 14:44:02 2021 E. South America Standard Time elapsed time: 177 seconds (0d 0h 2m 57s)

---------------  T H R E A D  ---------------

Current thread (0x00000289c0e20000):  VMThread "VM Thread" [stack: 0x000000e15d300000,0x000000e15d400000] [id=6464]

Stack: [0x000000e15d300000,0x000000e15d400000]
[error occurred during error reporting (printing stack bounds), id 0xc0000005, EXCEPTION_ACCESS_VIOLATION (0xc0000005) at pc=0x00000289ab230dbd]

Native frames: (J=compiled Java code, j=interpreted, Vv=VM code, C=native code)
V  [jvm.dll+0x5de50a]
V  [jvm.dll+0x7122f5]
V  [jvm.dll+0x71384d]
V  [jvm.dll+0x713e65]
V  [jvm.dll+0x713e1b]
V  [jvm.dll+0x5dd958]
V  [jvm.dll+0x5de0f8]
C  [ntdll.dll+0xa217f]
C  [ntdll.dll+0x51454]
C  [ntdll.dll+0xa0cae]
C  0x00000289ab230dbd

VM_Operation (0x000000e15f6f92f0): G1CollectForAllocation, mode: safepoint, requested by thread 0x00000289c2df9800


---------------  P R O C E S S  ---------------

Threads class SMR info:
_java_thread_list=0x00000289c8061dc0, length=41, elements={
0x00000289a78ac800, 0x00000289c0e25000, 0x00000289c0e2f000, 0x00000289c0e83000,
0x00000289c0e84000, 0x00000289c0e86800, 0x00000289c0e91000, 0x00000289c17c1000,
0x00000289c18f4000, 0x00000289c1920800, 0x00000289c333a800, 0x00000289c1d31800,
0x00000289c1a72800, 0x00000289c191d800, 0x00000289c1a81800, 0x00000289c191e000,
0x00000289c2796000, 0x00000289c2799000, 0x00000289c328c800, 0x00000289c329a800,
0x00000289c32a1000, 0x00000289c329d000, 0x00000289c329c000, 0x00000289c329b800,
0x00000289c329e000, 0x00000289c329f800, 0x00000289c329e800, 0x00000289c2df6000,
0x00000289c2df3800, 0x00000289c2df9800, 0x00000289c2dfa800, 0x00000289c508c000,
0x00000289c5086000, 0x00000289c508c800, 0x00000289c5089800, 0x00000289c508d800,
0x00000289c65a1800, 0x00000289c65a1000, 0x00000289c65a4000, 0x00000289c65aa800,
0x00000289c65a7800
}

Java Threads: ( => current thread )
  0x00000289a78ac800 JavaThread "main" [_thread_blocked, id=8196, stack(0x000000e15cd00000,0x000000e15ce00000)]
  0x00000289c0e25000 JavaThread "Reference Handler" daemon [_thread_blocked, id=8328, stack(0x000000e15d400000,0x000000e15d500000)]
  0x00000289c0e2f000 JavaThread "Finalizer" daemon [_thread_blocked, id=8716, stack(0x000000e15d500000,0x000000e15d600000)]
  0x00000289c0e83000 JavaThread "Signal Dispatcher" daemon [_thread_blocked, id=8912, stack(0x000000e15d600000,0x000000e15d700000)]
  0x00000289c0e84000 JavaThread "Attach Listener" daemon [_thread_blocked, id=1092, stack(0x000000e15d700000,0x000000e15d800000)]
  0x00000289c0e86800 JavaThread "C2 CompilerThread0" daemon [_thread_blocked, id=1556, stack(0x000000e15d800000,0x000000e15d900000)]
  0x00000289c0e91000 JavaThread "C1 CompilerThread0" daemon [_thread_blocked, id=3136, stack(0x000000e15d900000,0x000000e15da00000)]
  0x00000289c17c1000 JavaThread "Sweeper thread" daemon [_thread_blocked, id=9068, stack(0x000000e15da00000,0x000000e15db00000)]
  0x00000289c18f4000 JavaThread "Common-Cleaner" daemon [_thread_blocked, id=8764, stack(0x000000e15db00000,0x000000e15dc00000)]
  0x00000289c1920800 JavaThread "Service Thread" daemon [_thread_blocked, id=5796, stack(0x000000e15dc00000,0x000000e15dd00000)]
  0x00000289c333a800 JavaThread "Daemon health stats" [_thread_blocked, id=6172, stack(0x000000e15df00000,0x000000e15e000000)]
  0x00000289c1d31800 JavaThread "Incoming local TCP Connector on port 9583" [_thread_in_native, id=7328, stack(0x000000e15e200000,0x000000e15e300000)]
  0x00000289c1a72800 JavaThread "Daemon periodic checks" [_thread_blocked, id=8888, stack(0x000000e15e300000,0x000000e15e400000)]
  0x00000289c191d800 JavaThread "Daemon" [_thread_blocked, id=5048, stack(0x000000e15e400000,0x000000e15e500000)]
  0x00000289c1a81800 JavaThread "Handler for socket connection from /127.0.0.1:9583 to /127.0.0.1:9584" [_thread_in_native, id=5200, stack(0x000000e15e500000,0x000000e15e600000)]
  0x00000289c191e000 JavaThread "Cancel handler" [_thread_blocked, id=1020, stack(0x000000e15e600000,0x000000e15e700000)]
  0x00000289c2796000 JavaThread "Daemon worker" [_thread_blocked, id=7248, stack(0x000000e15e700000,0x000000e15e800000)]
  0x00000289c2799000 JavaThread "Asynchronous log dispatcher for DefaultDaemonConnection: socket connection from /127.0.0.1:9583 to /127.0.0.1:9584" [_thread_blocked, id=1616, stack(0x000000e15e800000,0x000000e15e900000)]
  0x00000289c328c800 JavaThread "Thread-8" [_thread_blocked, id=3432, stack(0x000000e15ea00000,0x000000e15eb00000)]
  0x00000289c329a800 JavaThread "Cache worker for file hash cache (C:\Users\felip\.gradle\caches\6.7.1\fileHashes)" [_thread_blocked, id=7624, stack(0x000000e15eb00000,0x000000e15ec00000)]
  0x00000289c32a1000 JavaThread "File lock request listener" [_thread_in_native, id=1628, stack(0x000000e15ec00000,0x000000e15ed00000)]
  0x00000289c329d000 JavaThread "Cache worker for journal cache (C:\Users\felip\.gradle\caches\journal-1)" [_thread_blocked, id=7324, stack(0x000000e15ed00000,0x000000e15ee00000)]
  0x00000289c329c000 JavaThread "Cache worker for file hash cache (C:\Users\felip\AndroidStudioProjects\TheMovieApp\.gradle\6.7.1\fileHashes)" [_thread_blocked, id=9192, stack(0x000000e15ee00000,0x000000e15ef00000)]
  0x00000289c329b800 JavaThread "Cache worker for checksums cache (C:\Users\felip\AndroidStudioProjects\TheMovieApp\.gradle\checksums)" [_thread_blocked, id=4492, stack(0x000000e15ef00000,0x000000e15f000000)]
  0x00000289c329e000 JavaThread "Cache worker for cache directory md-supplier (C:\Users\felip\.gradle\caches\6.7.1\md-supplier)" [_thread_blocked, id=988, stack(0x000000e15f000000,0x000000e15f100000)]
  0x00000289c329f800 JavaThread "Cache worker for cache directory md-rule (C:\Users\felip\.gradle\caches\6.7.1\md-rule)" [_thread_blocked, id=7720, stack(0x000000e15f100000,0x000000e15f200000)]
  0x00000289c329e800 JavaThread "Cache worker for execution history cache (C:\Users\felip\.gradle\caches\6.7.1\executionHistory)" [_thread_blocked, id=6772, stack(0x000000e15f200000,0x000000e15f300000)]
  0x00000289c2df6000 JavaThread "Cache worker for file content cache (C:\Users\felip\.gradle\caches\6.7.1\fileContent)" [_thread_blocked, id=688, stack(0x000000e15f400000,0x000000e15f500000)]
  0x00000289c2df3800 JavaThread "Cache worker for Build Output Cleanup Cache (C:\Users\felip\AndroidStudioProjects\TheMovieApp\.gradle\buildOutputCleanup)" [_thread_blocked, id=2760, stack(0x000000e15f500000,0x000000e15f600000)]
  0x00000289c2df9800 JavaThread "Build operations" [_thread_blocked, id=3752, stack(0x000000e15f600000,0x000000e15f700000)]
  0x00000289c2dfa800 JavaThread "Build operations Thread 2" [_thread_blocked, id=8288, stack(0x000000e15f700000,0x000000e15f800000)]
  0x00000289c508c000 JavaThread "Memory manager" [_thread_blocked, id=8376, stack(0x000000e166e00000,0x000000e166f00000)]
  0x00000289c5086000 JavaThread "build event listener" [_thread_blocked, id=8944, stack(0x000000e166f00000,0x000000e167000000)]
  0x00000289c508c800 JavaThread "build event listener" [_thread_blocked, id=3332, stack(0x000000e167000000,0x000000e167100000)]
  0x00000289c5089800 JavaThread "Execution worker for ':'" [_thread_blocked, id=6528, stack(0x000000e167100000,0x000000e167200000)]
  0x00000289c508d800 JavaThread "Cache worker for execution history cache (C:\Users\felip\AndroidStudioProjects\TheMovieApp\.gradle\6.7.1\executionHistory)" [_thread_blocked, id=5308, stack(0x000000e167200000,0x000000e167300000)]
  0x00000289c65a1800 JavaThread "WorkerExecutor Queue" [_thread_blocked, id=2836, stack(0x000000e15e900000,0x000000e15ea00000)]
  0x00000289c65a1000 JavaThread "WorkerExecutor Queue Thread 2" [_thread_blocked, id=6268, stack(0x000000e15f300000,0x000000e15f400000)]
  0x00000289c65a4000 JavaThread "pool-4-thread-1" [_thread_blocked, id=4272, stack(0x000000e15f800000,0x000000e15f900000)]
  0x00000289c65aa800 JavaThread "stderr" [_thread_in_native, id=5656, stack(0x000000e15f900000,0x000000e15fa00000)]
  0x00000289c65a7800 JavaThread "stdout" [_thread_in_native, id=6036, stack(0x000000e15fa00000,0x000000e15fb00000)]

Other Threads:
=>0x00000289c0e20000 VMThread "VM Thread" [stack: 0x000000e15d300000,0x000000e15d400000] [id=6464]
  0x00000289c1922000 WatcherThread [stack: 0x000000e15dd00000,0x000000e15de00000] [id=6248]
  0x00000289a78c8000 GCTaskThread "GC Thread#0" [stack: 0x000000e15ce00000,0x000000e15cf00000] [id=480]
  0x00000289c1a2c000 GCTaskThread "GC Thread#1" [stack: 0x000000e15de00000,0x000000e15df00000] [id=5640]
  0x00000289a78f9800 ConcurrentGCThread "G1 Main Marker" [stack: 0x000000e15cf00000,0x000000e15d000000] [id=3668]
  0x00000289a78fb000 ConcurrentGCThread "G1 Conc#0" [stack: 0x000000e15d000000,0x000000e15d100000] [id=7472]
  0x00000289a794c800 ConcurrentGCThread "G1 Refine#0" [stack: 0x000000e15d100000,0x000000e15d200000] [id=5484]
  0x00000289a794f000 ConcurrentGCThread "G1 Young RemSet Sampling" [stack: 0x000000e15d200000,0x000000e15d300000] [id=8876]

Threads with active compile tasks:
C2 CompilerThread0 178054 17600 %     4       com.android.tools.r8.ir.regalloc.a::a @ 2162 (4001 bytes)

VM state:at safepoint (normal execution)

VM Mutex/Monitor currently owned by a thread:  ([mutex/lock_event])
[0x00000289a78ab6a0] Threads_lock - owner thread: 0x00000289c0e20000
[0x00000289a78ab970] Heap_lock - owner thread: 0x00000289c2df9800

Heap address: 0x0000000080000000, size: 2048 MB, Compressed Oops mode: 32-bit
Narrow klass base: 0x0000000000000000, Narrow klass shift: 3
Compressed class space size: 1073741824 Address: 0x0000000100000000

Heap:
 garbage-first heap   total 287744K, used 145082K [0x0000000080000000, 0x0000000100000000)
  region size 1024K, 5 young (5120K), 5 survivors (5120K)
 Metaspace       used 109525K, capacity 112077K, committed 112384K, reserved 1146880K
  class space    used 13551K, capacity 14540K, committed 14592K, reserved 1048576K
Heap Regions: E=young(eden), S=young(survivor), O=old, HS=humongous(starts), HC=humongous(continues), CS=collection set, F=free, A=archive, TAMS=top-at-mark-start (previous, next)
|   0|0x0000000080000000, 0x0000000080100000, 0x0000000080100000|100%| O|  |TAMS 0x0000000080100000, 0x0000000080000000| Untracked 
|   1|0x0000000080100000, 0x0000000080200000, 0x0000000080200000|100%| O|  |TAMS 0x0000000080200000, 0x0000000080100000| Untracked 
|   2|0x0000000080200000, 0x0000000080300000, 0x0000000080300000|100%| O|  |TAMS 0x0000000080300000, 0x0000000080200000| Untracked 
|   3|0x0000000080300000, 0x0000000080400000, 0x0000000080400000|100%| O|  |TAMS 0x0000000080400000, 0x0000000080300000| Untracked 
|   4|0x0000000080400000, 0x0000000080500000, 0x0000000080500000|100%|HS|  |TAMS 0x0000000080500000, 0x0000000080400000| Complete 
|   5|0x0000000080500000, 0x0000000080600000, 0x0000000080600000|100%|HC|  |TAMS 0x0000000080600000, 0x0000000080500000| Complete 
|   6|0x0000000080600000, 0x0000000080700000, 0x0000000080700000|100%|HC|  |TAMS 0x0000000080700000, 0x0000000080600000| Complete 
|   7|0x0000000080700000, 0x0000000080800000, 0x0000000080800000|100%| O|  |TAMS 0x0000000080800000, 0x0000000080700000| Untracked 
|   8|0x0000000080800000, 0x0000000080900000, 0x0000000080900000|100%| O|  |TAMS 0x0000000080900000, 0x0000000080800000| Untracked 
|   9|0x0000000080900000, 0x0000000080a00000, 0x0000000080a00000|100%| O|  |TAMS 0x0000000080a00000, 0x0000000080900000| Untracked 
|  10|0x0000000080a00000, 0x0000000080b00000, 0x0000000080b00000|100%| O|  |TAMS 0x0000000080b00000, 0x0000000080a00000| Untracked 
|  11|0x0000000080b00000, 0x0000000080c00000, 0x0000000080c00000|100%| O|  |TAMS 0x0000000080c00000, 0x0000000080b00000| Untracked 
|  12|0x0000000080c00000, 0x0000000080d00000, 0x0000000080d00000|100%| O|  |TAMS 0x0000000080d00000, 0x0000000080c00000| Untracked 
|  13|0x0000000080d00000, 0x0000000080e00000, 0x0000000080e00000|100%| O|  |TAMS 0x0000000080e00000, 0x0000000080d00000| Untracked 
|  14|0x0000000080e00000, 0x0000000080f00000, 0x0000000080f00000|100%| O|  |TAMS 0x0000000080f00000, 0x0000000080e00000| Untracked 
|  15|0x0000000080f00000, 0x0000000081000000, 0x0000000081000000|100%| O|  |TAMS 0x0000000081000000, 0x0000000080f00000| Untracked 
|  16|0x0000000081000000, 0x0000000081100000, 0x0000000081100000|100%| O|  |TAMS 0x0000000081100000, 0x0000000081000000| Untracked 
|  17|0x0000000081100000, 0x0000000081200000, 0x0000000081200000|100%| O|  |TAMS 0x0000000081200000, 0x0000000081100000| Untracked 
|  18|0x0000000081200000, 0x0000000081300000, 0x0000000081300000|100%| O|  |TAMS 0x0000000081300000, 0x0000000081200000| Untracked 
|  19|0x0000000081300000, 0x0000000081400000, 0x0000000081400000|100%| O|  |TAMS 0x0000000081400000, 0x0000000081300000| Untracked 
|  20|0x0000000081400000, 0x0000000081500000, 0x0000000081500000|100%| O|  |TAMS 0x0000000081500000, 0x0000000081400000| Untracked 
|  21|0x0000000081500000, 0x0000000081600000, 0x0000000081600000|100%| O|  |TAMS 0x0000000081600000, 0x0000000081500000| Untracked 
|  22|0x0000000081600000, 0x0000000081700000, 0x0000000081700000|100%| O|  |TAMS 0x0000000081700000, 0x0000000081600000| Untracked 
|  23|0x0000000081700000, 0x0000000081800000, 0x0000000081800000|100%| O|  |TAMS 0x0000000081800000, 0x0000000081700000| Untracked 
|  24|0x0000000081800000, 0x0000000081900000, 0x0000000081900000|100%| O|  |TAMS 0x0000000081900000, 0x0000000081800000| Untracked 
|  25|0x0000000081900000, 0x0000000081a00000, 0x0000000081a00000|100%| O|  |TAMS 0x0000000081a00000, 0x0000000081900000| Untracked 
|  26|0x0000000081a00000, 0x0000000081b00000, 0x0000000081b00000|100%| O|  |TAMS 0x0000000081b00000, 0x0000000081a00000| Untracked 
|  27|0x0000000081b00000, 0x0000000081c00000, 0x0000000081c00000|100%|HS|  |TAMS 0x0000000081c00000, 0x0000000081b00000| Complete 
|  28|0x0000000081c00000, 0x0000000081d00000, 0x0000000081d00000|100%|HS|  |TAMS 0x0000000081d00000, 0x0000000081c00000| Complete 
|  29|0x0000000081d00000, 0x0000000081e00000, 0x0000000081e00000|100%| O|  |TAMS 0x0000000081e00000, 0x0000000081d00000| Untracked 
|  30|0x0000000081e00000, 0x0000000081f00000, 0x0000000081f00000|100%| O|  |TAMS 0x0000000081f00000, 0x0000000081e00000| Untracked 
|  31|0x0000000081f00000, 0x0000000082000000, 0x0000000082000000|100%| O|  |TAMS 0x0000000082000000, 0x0000000081f00000| Untracked 
|  32|0x0000000082000000, 0x0000000082100000, 0x0000000082100000|100%| O|  |TAMS 0x0000000082100000, 0x0000000082000000| Untracked 
|  33|0x0000000082100000, 0x0000000082200000, 0x0000000082200000|100%| O|  |TAMS 0x0000000082200000, 0x0000000082100000| Untracked 
|  34|0x0000000082200000, 0x0000000082300000, 0x0000000082300000|100%| O|  |TAMS 0x0000000082300000, 0x0000000082200000| Untracked 
|  35|0x0000000082300000, 0x0000000082400000, 0x0000000082400000|100%| O|  |TAMS 0x0000000082400000, 0x0000000082300000| Untracked 
|  36|0x0000000082400000, 0x0000000082500000, 0x0000000082500000|100%| O|  |TAMS 0x0000000082500000, 0x0000000082400000| Untracked 
|  37|0x0000000082500000, 0x0000000082600000, 0x0000000082600000|100%|HS|  |TAMS 0x0000000082600000, 0x0000000082500000| Complete 
|  38|0x0000000082600000, 0x0000000082700000, 0x0000000082700000|100%|HC|  |TAMS 0x0000000082700000, 0x0000000082600000| Complete 
|  39|0x0000000082700000, 0x0000000082800000, 0x0000000082800000|100%|HC|  |TAMS 0x0000000082800000, 0x0000000082700000| Complete 
|  40|0x0000000082800000, 0x0000000082900000, 0x0000000082900000|100%|HS|  |TAMS 0x0000000082900000, 0x0000000082800000| Complete 
|  41|0x0000000082900000, 0x0000000082a00000, 0x0000000082a00000|100%|HC|  |TAMS 0x0000000082a00000, 0x0000000082900000| Complete 
|  42|0x0000000082a00000, 0x0000000082b00000, 0x0000000082b00000|100%| O|  |TAMS 0x0000000082b00000, 0x0000000082a00000| Untracked 
|  43|0x0000000082b00000, 0x0000000082c00000, 0x0000000082c00000|100%| O|  |TAMS 0x0000000082c00000, 0x0000000082b00000| Untracked 
|  44|0x0000000082c00000, 0x0000000082d00000, 0x0000000082d00000|100%| O|  |TAMS 0x0000000082d00000, 0x0000000082c00000| Untracked 
|  45|0x0000000082d00000, 0x0000000082e00000, 0x0000000082e00000|100%| O|  |TAMS 0x0000000082e00000, 0x0000000082d00000| Untracked 
|  46|0x0000000082e00000, 0x0000000082f00000, 0x0000000082f00000|100%| O|  |TAMS 0x0000000082f00000, 0x0000000082e00000| Untracked 
|  47|0x0000000082f00000, 0x0000000083000000, 0x0000000083000000|100%| O|  |TAMS 0x0000000083000000, 0x0000000082f00000| Untracked 
|  48|0x0000000083000000, 0x0000000083100000, 0x0000000083100000|100%| O|  |TAMS 0x0000000083100000, 0x0000000083000000| Untracked 
|  49|0x0000000083100000, 0x0000000083200000, 0x0000000083200000|100%| O|  |TAMS 0x0000000083200000, 0x0000000083100000| Untracked 
|  50|0x0000000083200000, 0x0000000083300000, 0x0000000083300000|100%| O|  |TAMS 0x0000000083300000, 0x0000000083200000| Untracked 
|  51|0x0000000083300000, 0x0000000083400000, 0x0000000083400000|100%| O|  |TAMS 0x0000000083400000, 0x0000000083300000| Untracked 
|  52|0x0000000083400000, 0x0000000083500000, 0x0000000083500000|100%| O|  |TAMS 0x0000000083500000, 0x0000000083400000| Untracked 
|  53|0x0000000083500000, 0x0000000083600000, 0x0000000083600000|100%| O|  |TAMS 0x0000000083600000, 0x0000000083500000| Untracked 
|  54|0x0000000083600000, 0x0000000083700000, 0x0000000083700000|100%| O|  |TAMS 0x0000000083700000, 0x0000000083600000| Untracked 
|  55|0x0000000083700000, 0x0000000083800000, 0x0000000083800000|100%| O|  |TAMS 0x0000000083800000, 0x0000000083700000| Untracked 
|  56|0x0000000083800000, 0x0000000083900000, 0x0000000083900000|100%| O|  |TAMS 0x0000000083900000, 0x0000000083800000| Untracked 
|  57|0x0000000083900000, 0x0000000083a00000, 0x0000000083a00000|100%| O|  |TAMS 0x0000000083a00000, 0x0000000083900000| Untracked 
|  58|0x0000000083a00000, 0x0000000083b00000, 0x0000000083b00000|100%| O|  |TAMS 0x0000000083b00000, 0x0000000083a00000| Untracked 
|  59|0x0000000083b00000, 0x0000000083c00000, 0x0000000083c00000|100%| O|  |TAMS 0x0000000083c00000, 0x0000000083b00000| Untracked 
|  60|0x0000000083c00000, 0x0000000083d00000, 0x0000000083d00000|100%| O|  |TAMS 0x0000000083d00000, 0x0000000083c00000| Untracked 
|  61|0x0000000083d00000, 0x0000000083e00000, 0x0000000083e00000|100%| O|  |TAMS 0x0000000083e00000, 0x0000000083d00000| Untracked 
|  62|0x0000000083e00000, 0x0000000083f00000, 0x0000000083f00000|100%| O|  |TAMS 0x0000000083f00000, 0x0000000083e00000| Untracked 
|  63|0x0000000083f00000, 0x0000000084000000, 0x0000000084000000|100%| O|  |TAMS 0x0000000083f00000, 0x0000000083f00000| Untracked 
|  64|0x0000000084000000, 0x0000000084100000, 0x0000000084100000|100%| O|  |TAMS 0x0000000084100000, 0x0000000084000000| Untracked 
|  65|0x0000000084100000, 0x0000000084200000, 0x0000000084200000|100%| O|  |TAMS 0x0000000084200000, 0x0000000084100000| Untracked 
|  66|0x0000000084200000, 0x0000000084300000, 0x0000000084300000|100%| O|  |TAMS 0x0000000084300000, 0x0000000084200000| Untracked 
|  67|0x0000000084300000, 0x0000000084400000, 0x0000000084400000|100%| O|  |TAMS 0x0000000084400000, 0x0000000084300000| Untracked 
|  68|0x0000000084400000, 0x0000000084500000, 0x0000000084500000|100%| O|  |TAMS 0x0000000084500000, 0x0000000084400000| Untracked 
|  69|0x0000000084500000, 0x0000000084600000, 0x0000000084600000|100%| O|  |TAMS 0x0000000084600000, 0x0000000084500000| Untracked 
|  70|0x0000000084600000, 0x0000000084700000, 0x0000000084700000|100%| O|  |TAMS 0x0000000084700000, 0x0000000084600000| Untracked 
|  71|0x0000000084700000, 0x0000000084800000, 0x0000000084800000|100%| O|  |TAMS 0x0000000084800000, 0x0000000084700000| Untracked 
|  72|0x0000000084800000, 0x0000000084900000, 0x0000000084900000|100%| O|  |TAMS 0x0000000084900000, 0x0000000084800000| Untracked 
|  73|0x0000000084900000, 0x0000000084a00000, 0x0000000084a00000|100%| O|  |TAMS 0x0000000084a00000, 0x0000000084900000| Untracked 
|  74|0x0000000084a00000, 0x0000000084b00000, 0x0000000084b00000|100%| O|  |TAMS 0x0000000084b00000, 0x0000000084a00000| Untracked 
|  75|0x0000000084b00000, 0x0000000084c00000, 0x0000000084c00000|100%| O|  |TAMS 0x0000000084c00000, 0x0000000084b00000| Untracked 
|  76|0x0000000084c00000, 0x0000000084d00000, 0x0000000084d00000|100%| O|  |TAMS 0x0000000084c00000, 0x0000000084c00000| Untracked 
|  77|0x0000000084d00000, 0x0000000084e00000, 0x0000000084e00000|100%| O|  |TAMS 0x0000000084d00000, 0x0000000084d00000| Untracked 
|  78|0x0000000084e00000, 0x0000000084f00000, 0x0000000084f00000|100%| O|  |TAMS 0x0000000084f00000, 0x0000000084e00000| Untracked 
|  79|0x0000000084f00000, 0x0000000085000000, 0x0000000085000000|100%| O|  |TAMS 0x0000000085000000, 0x0000000084f00000| Untracked 
|  80|0x0000000085000000, 0x0000000085100000, 0x0000000085100000|100%| O|  |TAMS 0x0000000085000000, 0x0000000085000000| Untracked 
|  81|0x0000000085100000, 0x0000000085200000, 0x0000000085200000|100%| O|  |TAMS 0x0000000085100000, 0x0000000085100000| Untracked 
|  82|0x0000000085200000, 0x0000000085300000, 0x0000000085300000|100%| O|  |TAMS 0x0000000085200000, 0x0000000085200000| Untracked 
|  83|0x0000000085300000, 0x0000000085400000, 0x0000000085400000|100%| O|  |TAMS 0x0000000085400000, 0x0000000085300000| Untracked 
|  84|0x0000000085400000, 0x0000000085500000, 0x0000000085500000|100%| O|  |TAMS 0x0000000085400000, 0x0000000085400000| Untracked 
|  85|0x0000000085500000, 0x0000000085600000, 0x0000000085600000|100%| O|  |TAMS 0x0000000085500000, 0x0000000085500000| Untracked 
|  86|0x0000000085600000, 0x0000000085700000, 0x0000000085700000|100%| O|  |TAMS 0x0000000085600000, 0x0000000085600000| Untracked 
|  87|0x0000000085700000, 0x0000000085800000, 0x0000000085800000|100%| O|  |TAMS 0x0000000085700000, 0x0000000085700000| Untracked 
|  88|0x0000000085800000, 0x0000000085900000, 0x0000000085900000|100%| O|  |TAMS 0x0000000085800000, 0x0000000085800000| Untracked 
|  89|0x0000000085900000, 0x0000000085a00000, 0x0000000085a00000|100%| O|  |TAMS 0x0000000085900000, 0x0000000085900000| Untracked 
|  90|0x0000000085a00000, 0x0000000085b00000, 0x0000000085b00000|100%| O|  |TAMS 0x0000000085a00000, 0x0000000085a00000| Untracked 
|  91|0x0000000085b00000, 0x0000000085c00000, 0x0000000085c00000|100%| O|  |TAMS 0x0000000085b00000, 0x0000000085b00000| Untracked 
|  92|0x0000000085c00000, 0x0000000085d00000, 0x0000000085d00000|100%| O|  |TAMS 0x0000000085c00000, 0x0000000085c00000| Untracked 
|  93|0x0000000085d00000, 0x0000000085e00000, 0x0000000085e00000|100%| O|  |TAMS 0x0000000085d00000, 0x0000000085d00000| Untracked 
|  94|0x0000000085e00000, 0x0000000085f00000, 0x0000000085f00000|100%| O|  |TAMS 0x0000000085e00000, 0x0000000085e00000| Untracked 
|  95|0x0000000085f00000, 0x0000000086000000, 0x0000000086000000|100%| O|  |TAMS 0x0000000086000000, 0x0000000085f00000| Untracked 
|  96|0x0000000086000000, 0x0000000086100000, 0x0000000086100000|100%| O|  |TAMS 0x0000000086000000, 0x0000000086000000| Untracked 
|  97|0x0000000086100000, 0x0000000086200000, 0x0000000086200000|100%|HS|  |TAMS 0x0000000086100000, 0x0000000086100000| Complete 
|  98|0x0000000086200000, 0x0000000086300000, 0x0000000086300000|100%|HC|  |TAMS 0x0000000086200000, 0x0000000086200000| Complete 
|  99|0x0000000086300000, 0x0000000086400000, 0x0000000086400000|100%| O|  |TAMS 0x0000000086300000, 0x0000000086300000| Untracked 
| 100|0x0000000086400000, 0x0000000086500000, 0x0000000086500000|100%| O|  |TAMS 0x0000000086500000, 0x0000000086400000| Untracked 
| 101|0x0000000086500000, 0x0000000086600000, 0x0000000086600000|100%| O|  |TAMS 0x0000000086500000, 0x0000000086500000| Untracked 
| 102|0x0000000086600000, 0x0000000086700000, 0x0000000086700000|100%| O|  |TAMS 0x0000000086600000, 0x0000000086600000| Untracked 
| 103|0x0000000086700000, 0x0000000086800000, 0x0000000086800000|100%| O|  |TAMS 0x0000000086700000, 0x0000000086700000| Untracked 
| 104|0x0000000086800000, 0x0000000086900000, 0x0000000086900000|100%| O|  |TAMS 0x0000000086900000, 0x0000000086800000| Untracked 
| 105|0x0000000086900000, 0x0000000086a00000, 0x0000000086a00000|100%| O|  |TAMS 0x0000000086952000, 0x0000000086900000| Untracked 
| 106|0x0000000086a00000, 0x0000000086b00000, 0x0000000086b00000|100%| O|  |TAMS 0x0000000086a00000, 0x0000000086a00000| Untracked 
| 107|0x0000000086b00000, 0x0000000086c00000, 0x0000000086c00000|100%| O|  |TAMS 0x0000000086b00000, 0x0000000086b00000| Untracked 
| 108|0x0000000086c00000, 0x0000000086d00000, 0x0000000086d00000|100%| O|  |TAMS 0x0000000086c00000, 0x0000000086c00000| Untracked 
| 109|0x0000000086d00000, 0x0000000086e00000, 0x0000000086e00000|100%| O|  |TAMS 0x0000000086d00000, 0x0000000086d00000| Untracked 
| 110|0x0000000086e00000, 0x0000000086f00000, 0x0000000086f00000|100%| O|  |TAMS 0x0000000086e00000, 0x0000000086e00000| Untracked 
| 111|0x0000000086f00000, 0x0000000087000000, 0x0000000087000000|100%| O|  |TAMS 0x0000000086f00000, 0x0000000086f00000| Untracked 
| 112|0x0000000087000000, 0x0000000087100000, 0x0000000087100000|100%| O|  |TAMS 0x0000000087000000, 0x0000000087000000| Untracked 
| 113|0x0000000087100000, 0x0000000087200000, 0x0000000087200000|100%| O|  |TAMS 0x0000000087100000, 0x0000000087100000| Untracked 
| 114|0x0000000087200000, 0x0000000087300000, 0x0000000087300000|100%| O|  |TAMS 0x0000000087200000, 0x0000000087200000| Untracked 
| 115|0x0000000087300000, 0x0000000087400000, 0x0000000087400000|100%| O|  |TAMS 0x0000000087300000, 0x0000000087300000| Untracked 
| 116|0x0000000087400000, 0x0000000087500000, 0x0000000087500000|100%| O|  |TAMS 0x0000000087400000, 0x0000000087400000| Untracked 
| 117|0x0000000087500000, 0x0000000087600000, 0x0000000087600000|100%| O|  |TAMS 0x0000000087500000, 0x0000000087500000| Untracked 
| 118|0x0000000087600000, 0x0000000087700000, 0x0000000087700000|100%| O|  |TAMS 0x0000000087600000, 0x0000000087600000| Untracked 
| 119|0x0000000087700000, 0x0000000087800000, 0x0000000087800000|100%| O|  |TAMS 0x0000000087700000, 0x0000000087700000| Untracked 
| 120|0x0000000087800000, 0x0000000087900000, 0x0000000087900000|100%| O|  |TAMS 0x0000000087800000, 0x0000000087800000| Untracked 
| 121|0x0000000087900000, 0x0000000087a00000, 0x0000000087a00000|100%| O|  |TAMS 0x0000000087900000, 0x0000000087900000| Untracked 
| 122|0x0000000087a00000, 0x0000000087b00000, 0x0000000087b00000|100%| O|  |TAMS 0x0000000087a00000, 0x0000000087a00000| Untracked 
| 123|0x0000000087b00000, 0x0000000087c00000, 0x0000000087c00000|100%| O|  |TAMS 0x0000000087b00000, 0x0000000087b00000| Untracked 
| 124|0x0000000087c00000, 0x0000000087d00000, 0x0000000087d00000|100%| O|  |TAMS 0x0000000087c00000, 0x0000000087c00000| Untracked 
| 125|0x0000000087d00000, 0x0000000087e00000, 0x0000000087e00000|100%| O|  |TAMS 0x0000000087d00000, 0x0000000087d00000| Untracked 
| 126|0x0000000087e00000, 0x0000000087f00000, 0x0000000087f00000|100%| O|  |TAMS 0x0000000087e00000, 0x0000000087e00000| Untracked 
| 127|0x0000000087f00000, 0x0000000088000000, 0x0000000088000000|100%| O|  |TAMS 0x0000000087f00000, 0x0000000087f00000| Untracked 
| 128|0x0000000088000000, 0x0000000088100000, 0x0000000088100000|100%| O|  |TAMS 0x0000000088000000, 0x0000000088000000| Untracked 
| 129|0x0000000088100000, 0x0000000088200000, 0x0000000088200000|100%| O|  |TAMS 0x0000000088100000, 0x0000000088100000| Untracked 
| 130|0x0000000088200000, 0x0000000088300000, 0x0000000088300000|100%| O|  |TAMS 0x0000000088200000, 0x0000000088200000| Untracked 
| 131|0x0000000088300000, 0x0000000088400000, 0x0000000088400000|100%| O|  |TAMS 0x0000000088300000, 0x0000000088300000| Untracked 
| 132|0x0000000088400000, 0x0000000088500000, 0x0000000088500000|100%| O|  |TAMS 0x0000000088400000, 0x0000000088400000| Untracked 
| 133|0x0000000088500000, 0x0000000088600000, 0x0000000088600000|100%| O|  |TAMS 0x0000000088500000, 0x0000000088500000| Untracked 
| 134|0x0000000088600000, 0x0000000088700000, 0x0000000088700000|100%| O|  |TAMS 0x0000000088600000, 0x0000000088600000| Untracked 
| 135|0x0000000088700000, 0x0000000088800000, 0x0000000088800000|100%| O|  |TAMS 0x0000000088700000, 0x0000000088700000| Untracked 
| 136|0x0000000088800000, 0x0000000088900000, 0x0000000088900000|100%| O|  |TAMS 0x0000000088800000, 0x0000000088800000| Untracked 
| 137|0x0000000088900000, 0x0000000088900000, 0x0000000088a00000|  0%| F|  |TAMS 0x0000000088900000, 0x0000000088900000| Untracked 
| 138|0x0000000088a00000, 0x0000000088a3ce00, 0x0000000088b00000| 23%| O|  |TAMS 0x0000000088a00000, 0x0000000088a00000| Untracked 
| 139|0x0000000088b00000, 0x0000000088b00000, 0x0000000088c00000|  0%| F|  |TAMS 0x0000000088b00000, 0x0000000088b00000| Untracked 
| 140|0x0000000088c00000, 0x0000000088c00000, 0x0000000088d00000|  0%| F|  |TAMS 0x0000000088c00000, 0x0000000088c00000| Untracked 
| 141|0x0000000088d00000, 0x0000000088d00000, 0x0000000088e00000|  0%| F|  |TAMS 0x0000000088d00000, 0x0000000088d00000| Untracked 
| 142|0x0000000088e00000, 0x0000000088e00000, 0x0000000088f00000|  0%| F|  |TAMS 0x0000000088e00000, 0x0000000088e00000| Untracked 
| 143|0x0000000088f00000, 0x0000000088f00000, 0x0000000089000000|  0%| F|  |TAMS 0x0000000088f00000, 0x0000000088f00000| Untracked 
| 144|0x0000000089000000, 0x0000000089000000, 0x0000000089100000|  0%| F|  |TAMS 0x0000000089000000, 0x0000000089000000| Untracked 
| 145|0x0000000089100000, 0x0000000089100000, 0x0000000089200000|  0%| F|  |TAMS 0x0000000089100000, 0x0000000089100000| Untracked 
| 146|0x0000000089200000, 0x0000000089200000, 0x0000000089300000|  0%| F|  |TAMS 0x0000000089200000, 0x0000000089200000| Untracked 
| 147|0x0000000089300000, 0x0000000089300000, 0x0000000089400000|  0%| F|  |TAMS 0x0000000089300000, 0x0000000089300000| Untracked 
| 148|0x0000000089400000, 0x0000000089400000, 0x0000000089500000|  0%| F|  |TAMS 0x0000000089400000, 0x0000000089400000| Untracked 
| 149|0x0000000089500000, 0x0000000089500000, 0x0000000089600000|  0%| F|  |TAMS 0x0000000089500000, 0x0000000089500000| Untracked 
| 150|0x0000000089600000, 0x0000000089600000, 0x0000000089700000|  0%| F|  |TAMS 0x0000000089600000, 0x0000000089600000| Untracked 
| 151|0x0000000089700000, 0x0000000089700000, 0x0000000089800000|  0%| F|  |TAMS 0x0000000089700000, 0x0000000089700000| Untracked 
| 152|0x0000000089800000, 0x0000000089800000, 0x0000000089900000|  0%| F|  |TAMS 0x0000000089800000, 0x0000000089800000| Untracked 
| 153|0x0000000089900000, 0x0000000089900000, 0x0000000089a00000|  0%| F|  |TAMS 0x0000000089900000, 0x0000000089900000| Untracked 
| 154|0x0000000089a00000, 0x0000000089a00000, 0x0000000089b00000|  0%| F|  |TAMS 0x0000000089a00000, 0x0000000089a00000| Untracked 
| 155|0x0000000089b00000, 0x0000000089b00000, 0x0000000089c00000|  0%| F|  |TAMS 0x0000000089b00000, 0x0000000089b00000| Untracked 
| 156|0x0000000089c00000, 0x0000000089c00000, 0x0000000089d00000|  0%| F|  |TAMS 0x0000000089c00000, 0x0000000089c00000| Untracked 
| 157|0x0000000089d00000, 0x0000000089d00000, 0x0000000089e00000|  0%| F|  |TAMS 0x0000000089d00000, 0x0000000089d00000| Untracked 
| 158|0x0000000089e00000, 0x0000000089e00000, 0x0000000089f00000|  0%| F|  |TAMS 0x0000000089e00000, 0x0000000089e00000| Untracked 
| 159|0x0000000089f00000, 0x0000000089f00000, 0x000000008a000000|  0%| F|  |TAMS 0x0000000089f00000, 0x0000000089f00000| Untracked 
| 160|0x000000008a000000, 0x000000008a000000, 0x000000008a100000|  0%| F|  |TAMS 0x000000008a000000, 0x000000008a000000| Untracked 
| 161|0x000000008a100000, 0x000000008a100000, 0x000000008a200000|  0%| F|  |TAMS 0x000000008a100000, 0x000000008a100000| Untracked 
| 162|0x000000008a200000, 0x000000008a200000, 0x000000008a300000|  0%| F|  |TAMS 0x000000008a200000, 0x000000008a200000| Untracked 
| 163|0x000000008a300000, 0x000000008a300000, 0x000000008a400000|  0%| F|  |TAMS 0x000000008a300000, 0x000000008a300000| Untracked 
| 164|0x000000008a400000, 0x000000008a400000, 0x000000008a500000|  0%| F|  |TAMS 0x000000008a400000, 0x000000008a400000| Untracked 
| 165|0x000000008a500000, 0x000000008a500000, 0x000000008a600000|  0%| F|  |TAMS 0x000000008a500000, 0x000000008a500000| Untracked 
| 166|0x000000008a600000, 0x000000008a600000, 0x000000008a700000|  0%| F|  |TAMS 0x000000008a600000, 0x000000008a600000| Untracked 
| 167|0x000000008a700000, 0x000000008a700000, 0x000000008a800000|  0%| F|  |TAMS 0x000000008a700000, 0x000000008a700000| Untracked 
| 168|0x000000008a800000, 0x000000008a800000, 0x000000008a900000|  0%| F|  |TAMS 0x000000008a800000, 0x000000008a800000| Untracked 
| 169|0x000000008a900000, 0x000000008a971de0, 0x000000008aa00000| 44%| S|CS|TAMS 0x000000008a900000, 0x000000008a900000| Complete 
| 170|0x000000008aa00000, 0x000000008ab00000, 0x000000008ab00000|100%| S|CS|TAMS 0x000000008aa00000, 0x000000008aa00000| Complete 
| 171|0x000000008ab00000, 0x000000008ab00000, 0x000000008ac00000|  0%| F|  |TAMS 0x000000008ab00000, 0x000000008ab00000| Untracked 
| 172|0x000000008ac00000, 0x000000008ac00000, 0x000000008ad00000|  0%| F|  |TAMS 0x000000008ac00000, 0x000000008ac00000| Untracked 
| 173|0x000000008ad00000, 0x000000008ae00000, 0x000000008ae00000|100%| S|CS|TAMS 0x000000008ad00000, 0x000000008ad00000| Complete 
| 174|0x000000008ae00000, 0x000000008af00000, 0x000000008af00000|100%| S|CS|TAMS 0x000000008ae00000, 0x000000008ae00000| Complete 
| 175|0x000000008af00000, 0x000000008b000000, 0x000000008b000000|100%| S|CS|TAMS 0x000000008af00000, 0x000000008af00000| Complete 
| 176|0x000000008b000000, 0x000000008b000000, 0x000000008b100000|  0%| F|  |TAMS 0x000000008b000000, 0x000000008b000000| Untracked 
| 177|0x000000008b100000, 0x000000008b100000, 0x000000008b200000|  0%| F|  |TAMS 0x000000008b100000, 0x000000008b100000| Untracked 
| 178|0x000000008b200000, 0x000000008b200000, 0x000000008b300000|  0%| F|  |TAMS 0x000000008b200000, 0x000000008b200000| Untracked 
| 179|0x000000008b300000, 0x000000008b300000, 0x000000008b400000|  0%| F|  |TAMS 0x000000008b300000, 0x000000008b300000| Untracked 
| 180|0x000000008b400000, 0x000000008b400000, 0x000000008b500000|  0%| F|  |TAMS 0x000000008b400000, 0x000000008b400000| Untracked 
| 181|0x000000008b500000, 0x000000008b500000, 0x000000008b600000|  0%| F|  |TAMS 0x000000008b500000, 0x000000008b500000| Untracked 
| 182|0x000000008b600000, 0x000000008b600000, 0x000000008b700000|  0%| F|  |TAMS 0x000000008b600000, 0x000000008b600000| Untracked 
| 183|0x000000008b700000, 0x000000008b700000, 0x000000008b800000|  0%| F|  |TAMS 0x000000008b700000, 0x000000008b700000| Untracked 
| 184|0x000000008b800000, 0x000000008b800000, 0x000000008b900000|  0%| F|  |TAMS 0x000000008b800000, 0x000000008b800000| Untracked 
| 185|0x000000008b900000, 0x000000008b900000, 0x000000008ba00000|  0%| F|  |TAMS 0x000000008b900000, 0x000000008b900000| Untracked 
| 186|0x000000008ba00000, 0x000000008ba00000, 0x000000008bb00000|  0%| F|  |TAMS 0x000000008ba00000, 0x000000008ba00000| Untracked 
| 187|0x000000008bb00000, 0x000000008bb00000, 0x000000008bc00000|  0%| F|  |TAMS 0x000000008bb00000, 0x000000008bb00000| Untracked 
| 188|0x000000008bc00000, 0x000000008bc00000, 0x000000008bd00000|  0%| F|  |TAMS 0x000000008bc00000, 0x000000008bc00000| Untracked 
| 189|0x000000008bd00000, 0x000000008bd00000, 0x000000008be00000|  0%| F|  |TAMS 0x000000008bd00000, 0x000000008bd00000| Untracked 
| 190|0x000000008be00000, 0x000000008be00000, 0x000000008bf00000|  0%| F|  |TAMS 0x000000008be00000, 0x000000008be00000| Untracked 
| 191|0x000000008bf00000, 0x000000008bf00000, 0x000000008c000000|  0%| F|  |TAMS 0x000000008bf00000, 0x000000008bf00000| Untracked 
| 192|0x000000008c000000, 0x000000008c000000, 0x000000008c100000|  0%| F|  |TAMS 0x000000008c000000, 0x000000008c000000| Untracked 
| 193|0x000000008c100000, 0x000000008c100000, 0x000000008c200000|  0%| F|  |TAMS 0x000000008c100000, 0x000000008c100000| Untracked 
| 194|0x000000008c200000, 0x000000008c200000, 0x000000008c300000|  0%| F|  |TAMS 0x000000008c200000, 0x000000008c200000| Untracked 
| 195|0x000000008c300000, 0x000000008c300000, 0x000000008c400000|  0%| F|  |TAMS 0x000000008c300000, 0x000000008c300000| Untracked 
| 196|0x000000008c400000, 0x000000008c400000, 0x000000008c500000|  0%| F|  |TAMS 0x000000008c400000, 0x000000008c400000| Untracked 
| 197|0x000000008c500000, 0x000000008c500000, 0x000000008c600000|  0%| F|  |TAMS 0x000000008c500000, 0x000000008c500000| Untracked 
| 198|0x000000008c600000, 0x000000008c600000, 0x000000008c700000|  0%| F|  |TAMS 0x000000008c600000, 0x000000008c600000| Untracked 
| 199|0x000000008c700000, 0x000000008c700000, 0x000000008c800000|  0%| F|  |TAMS 0x000000008c700000, 0x000000008c700000| Untracked 
| 200|0x000000008c800000, 0x000000008c800000, 0x000000008c900000|  0%| F|  |TAMS 0x000000008c800000, 0x000000008c800000| Untracked 
| 201|0x000000008c900000, 0x000000008c900000, 0x000000008ca00000|  0%| F|  |TAMS 0x000000008c900000, 0x000000008c900000| Untracked 
| 202|0x000000008ca00000, 0x000000008ca00000, 0x000000008cb00000|  0%| F|  |TAMS 0x000000008ca00000, 0x000000008ca00000| Untracked 
| 203|0x000000008cb00000, 0x000000008cb00000, 0x000000008cc00000|  0%| F|  |TAMS 0x000000008cb00000, 0x000000008cb00000| Untracked 
| 204|0x000000008cc00000, 0x000000008cc00000, 0x000000008cd00000|  0%| F|  |TAMS 0x000000008cc00000, 0x000000008cc00000| Untracked 
| 205|0x000000008cd00000, 0x000000008cd00000, 0x000000008ce00000|  0%| F|  |TAMS 0x000000008cd00000, 0x000000008cd00000| Untracked 
| 206|0x000000008ce00000, 0x000000008ce00000, 0x000000008cf00000|  0%| F|  |TAMS 0x000000008ce00000, 0x000000008ce00000| Untracked 
| 207|0x000000008cf00000, 0x000000008cf00000, 0x000000008d000000|  0%| F|  |TAMS 0x000000008cf00000, 0x000000008cf00000| Untracked 
| 208|0x000000008d000000, 0x000000008d000000, 0x000000008d100000|  0%| F|  |TAMS 0x000000008d000000, 0x000000008d000000| Untracked 
| 209|0x000000008d100000, 0x000000008d100000, 0x000000008d200000|  0%| F|  |TAMS 0x000000008d100000, 0x000000008d100000| Untracked 
| 210|0x000000008d200000, 0x000000008d200000, 0x000000008d300000|  0%| F|  |TAMS 0x000000008d200000, 0x000000008d200000| Untracked 
| 211|0x000000008d300000, 0x000000008d300000, 0x000000008d400000|  0%| F|  |TAMS 0x000000008d300000, 0x000000008d300000| Untracked 
| 212|0x000000008d400000, 0x000000008d400000, 0x000000008d500000|  0%| F|  |TAMS 0x000000008d400000, 0x000000008d400000| Untracked 
| 213|0x000000008d500000, 0x000000008d500000, 0x000000008d600000|  0%| F|  |TAMS 0x000000008d500000, 0x000000008d500000| Untracked 
| 214|0x000000008d600000, 0x000000008d600000, 0x000000008d700000|  0%| F|  |TAMS 0x000000008d600000, 0x000000008d600000| Untracked 
| 215|0x000000008d700000, 0x000000008d700000, 0x000000008d800000|  0%| F|  |TAMS 0x000000008d700000, 0x000000008d700000| Untracked 
| 216|0x000000008d800000, 0x000000008d800000, 0x000000008d900000|  0%| F|  |TAMS 0x000000008d800000, 0x000000008d800000| Untracked 
| 217|0x000000008d900000, 0x000000008d900000, 0x000000008da00000|  0%| F|  |TAMS 0x000000008d900000, 0x000000008d900000| Untracked 
| 218|0x000000008da00000, 0x000000008da00000, 0x000000008db00000|  0%| F|  |TAMS 0x000000008da00000, 0x000000008da00000| Untracked 
| 219|0x000000008db00000, 0x000000008db00000, 0x000000008dc00000|  0%| F|  |TAMS 0x000000008db00000, 0x000000008db00000| Untracked 
| 220|0x000000008dc00000, 0x000000008dc00000, 0x000000008dd00000|  0%| F|  |TAMS 0x000000008dc00000, 0x000000008dc00000| Untracked 
| 221|0x000000008dd00000, 0x000000008dd00000, 0x000000008de00000|  0%| F|  |TAMS 0x000000008dd00000, 0x000000008dd00000| Untracked 
| 222|0x000000008de00000, 0x000000008de00000, 0x000000008df00000|  0%| F|  |TAMS 0x000000008de00000, 0x000000008de00000| Untracked 
| 223|0x000000008df00000, 0x000000008df00000, 0x000000008e000000|  0%| F|  |TAMS 0x000000008df00000, 0x000000008df00000| Untracked 
| 224|0x000000008e000000, 0x000000008e000000, 0x000000008e100000|  0%| F|  |TAMS 0x000000008e000000, 0x000000008e000000| Untracked 
| 225|0x000000008e100000, 0x000000008e100000, 0x000000008e200000|  0%| F|  |TAMS 0x000000008e100000, 0x000000008e100000| Untracked 
| 226|0x000000008e200000, 0x000000008e200000, 0x000000008e300000|  0%| F|  |TAMS 0x000000008e200000, 0x000000008e200000| Untracked 
| 227|0x000000008e300000, 0x000000008e300000, 0x000000008e400000|  0%| F|  |TAMS 0x000000008e300000, 0x000000008e300000| Untracked 
| 228|0x000000008e400000, 0x000000008e400000, 0x000000008e500000|  0%| F|  |TAMS 0x000000008e400000, 0x000000008e400000| Untracked 
| 229|0x000000008e500000, 0x000000008e500000, 0x000000008e600000|  0%| F|  |TAMS 0x000000008e500000, 0x000000008e500000| Untracked 
| 230|0x000000008e600000, 0x000000008e600000, 0x000000008e700000|  0%| F|  |TAMS 0x000000008e600000, 0x000000008e600000| Untracked 
| 231|0x000000008e700000, 0x000000008e700000, 0x000000008e800000|  0%| F|  |TAMS 0x000000008e700000, 0x000000008e700000| Untracked 
| 232|0x000000008e800000, 0x000000008e800000, 0x000000008e900000|  0%| F|  |TAMS 0x000000008e800000, 0x000000008e800000| Untracked 
| 233|0x000000008e900000, 0x000000008e900000, 0x000000008ea00000|  0%| F|  |TAMS 0x000000008e900000, 0x000000008e900000| Untracked 

Card table byte_map: [0x00000289ba230000,0x00000289ba630000] _byte_map_base: 0x00000289b9e30000

Marking Bits (Prev, Next): (CMBitMap*) 0x00000289a78f0e50, (CMBitMap*) 0x00000289a78f0e18
 Prev Bits: [0x00000289bca30000, 0x00000289bea30000)
 Next Bits: [0x00000289baa30000, 0x00000289bca30000)

Polling page: 0x00000289a5890000

Metaspace:

Usage:
  Non-class:     95.25 MB capacity,    93.72 MB ( 98%) used,     1.23 MB (  1%) free+waste,   307.38 KB ( <1%) overhead. 
      Class:     14.20 MB capacity,    13.23 MB ( 93%) used,   854.14 KB (  6%) free+waste,   134.19 KB ( <1%) overhead. 
       Both:    109.45 MB capacity,   106.96 MB ( 98%) used,     2.06 MB (  2%) free+waste,   441.56 KB ( <1%) overhead. 

Virtual space:
  Non-class space:       96.00 MB reserved,      95.50 MB (>99%) committed 
      Class space:        1.00 GB reserved,      14.25 MB (  1%) committed 
             Both:        1.09 GB reserved,     109.75 MB ( 10%) committed 

Chunk freelists:
   Non-Class:  0 bytes
       Class:  0 bytes
        Both:  0 bytes

MaxMetaspaceSize: 17179869184.00 GB
CompressedClassSpaceSize: 1.00 GB

CodeHeap 'non-profiled nmethods': size=120064Kb used=10665Kb max_used=10665Kb free=109398Kb
 bounds [0x00000289b2cf0000, 0x00000289b3760000, 0x00000289ba230000]
CodeHeap 'profiled nmethods': size=120000Kb used=40564Kb max_used=40564Kb free=79435Kb
 bounds [0x00000289ab7c0000, 0x00000289adf70000, 0x00000289b2cf0000]
CodeHeap 'non-nmethods': size=5696Kb used=2299Kb max_used=2355Kb free=3396Kb
 bounds [0x00000289ab230000, 0x00000289ab4a0000, 0x00000289ab7c0000]
 total_blobs=17929 nmethods=17006 adapters=832
 compilation: enabled
              stopped_count=0, restarted_count=0
 full_count=0

Compilation events (20 events):
Event: 176.659 Thread 0x00000289c0e91000 17951       2       com.android.tools.r8.graph.t::G (23 bytes)
Event: 176.659 Thread 0x00000289c0e91000 nmethod 17951 0x00000289adf63f90 code [0x00000289adf64140, 0x00000289adf64278]
Event: 176.659 Thread 0x00000289c0e91000 17952       2       com.android.tools.r8.dex.t::c (54 bytes)
Event: 176.660 Thread 0x00000289c0e91000 nmethod 17952 0x00000289adf64310 code [0x00000289adf644e0, 0x00000289adf64688]
Event: 176.660 Thread 0x00000289c0e91000 17953       2       com.android.tools.r8.dex.t::b (10 bytes)
Event: 176.660 Thread 0x00000289c0e91000 nmethod 17953 0x00000289adf64790 code [0x00000289adf64940, 0x00000289adf64a48]
Event: 176.660 Thread 0x00000289c0e91000 17954       2       com.android.tools.r8.graph.C1::a (15 bytes)
Event: 176.661 Thread 0x00000289c0e91000 nmethod 17954 0x00000289adf64b10 code [0x00000289adf64cc0, 0x00000289adf64ef8]
Event: 176.836 Thread 0x00000289c0e91000 17955       2       org.gradle.cache.internal.btree.BlockPointer::start (4 bytes)
Event: 176.836 Thread 0x00000289c0e91000 nmethod 17955 0x00000289abb71690 code [0x00000289abb71840, 0x00000289abb71918]
Event: 176.845 Thread 0x00000289c0e91000 17956       2       org.gradle.internal.io.StreamByteBuffer::allocateSpace (73 bytes)
Event: 176.846 Thread 0x00000289c0e91000 nmethod 17956 0x00000289adf65010 code [0x00000289adf651e0, 0x00000289adf65548]
Event: 176.913 Thread 0x00000289c0e91000 17957       2       org.gradle.internal.execution.history.impl.DefaultBeforeExecutionState::<init> (24 bytes)
Event: 176.913 Thread 0x00000289c0e91000 nmethod 17957 0x00000289adf65710 code [0x00000289adf658e0, 0x00000289adf65c78]
Event: 177.118 Thread 0x00000289c0e91000 17958       1       com.android.tools.r8.v.b.V0::K1 (2 bytes)
Event: 177.119 Thread 0x00000289c0e91000 nmethod 17958 0x00000289b375b190 code [0x00000289b375b340, 0x00000289b375b3f8]
Event: 177.175 Thread 0x00000289c0e91000 17959       2       com.android.tools.r8.r.o.Q::<init> (118 bytes)
Event: 177.175 Thread 0x00000289c0e91000 nmethod 17959 0x00000289adf65d10 code [0x00000289adf65ec0, 0x00000289adf66058]
Event: 177.195 Thread 0x00000289c0e91000 17960       2       com.android.tools.r8.v.b.t1::<init> (7 bytes)
Event: 177.195 Thread 0x00000289c0e91000 nmethod 17960 0x00000289adf66110 code [0x00000289adf662c0, 0x00000289adf663c8]

GC Heap History (20 events):
Event: 164.213 GC heap after
{Heap after GC invocations=97 (full 0):
 garbage-first heap   total 199680K, used 131275K [0x0000000080000000, 0x0000000100000000)
  region size 1024K, 4 young (4096K), 4 survivors (4096K)
 Metaspace       used 108806K, capacity 111209K, committed 111488K, reserved 1146880K
  class space    used 13476K, capacity 14421K, committed 14464K, reserved 1048576K
}
Event: 165.245 GC heap before
{Heap before GC invocations=97 (full 0):
 garbage-first heap   total 199680K, used 170187K [0x0000000080000000, 0x0000000100000000)
  region size 1024K, 42 young (43008K), 4 survivors (4096K)
 Metaspace       used 108919K, capacity 111342K, committed 111488K, reserved 1146880K
  class space    used 13488K, capacity 14422K, committed 14464K, reserved 1048576K
}
Event: 165.269 GC heap after
{Heap after GC invocations=98 (full 0):
 garbage-first heap   total 199680K, used 132890K [0x0000000080000000, 0x0000000100000000)
  region size 1024K, 5 young (5120K), 5 survivors (5120K)
 Metaspace       used 108919K, capacity 111342K, committed 111488K, reserved 1146880K
  class space    used 13488K, capacity 14422K, committed 14464K, reserved 1048576K
}
Event: 166.258 GC heap before
{Heap before GC invocations=98 (full 0):
 garbage-first heap   total 199680K, used 170778K [0x0000000080000000, 0x0000000100000000)
  region size 1024K, 43 young (44032K), 5 survivors (5120K)
 Metaspace       used 108996K, capacity 111464K, committed 111488K, reserved 1146880K
  class space    used 13499K, capacity 14459K, committed 14464K, reserved 1048576K
}
Event: 166.292 GC heap after
{Heap after GC invocations=99 (full 0):
 garbage-first heap   total 199680K, used 135278K [0x0000000080000000, 0x0000000100000000)
  region size 1024K, 5 young (5120K), 5 survivors (5120K)
 Metaspace       used 108996K, capacity 111464K, committed 111488K, reserved 1146880K
  class space    used 13499K, capacity 14459K, committed 14464K, reserved 1048576K
}
Event: 167.022 GC heap before
{Heap before GC invocations=99 (full 0):
 garbage-first heap   total 199680K, used 171118K [0x0000000080000000, 0x0000000100000000)
  region size 1024K, 40 young (40960K), 5 survivors (5120K)
 Metaspace       used 109010K, capacity 111466K, committed 111488K, reserved 1146880K
  class space    used 13499K, capacity 14459K, committed 14464K, reserved 1048576K
}
Event: 167.041 GC heap after
{Heap after GC invocations=100 (full 0):
 garbage-first heap   total 199680K, used 134846K [0x0000000080000000, 0x0000000100000000)
  region size 1024K, 2 young (2048K), 2 survivors (2048K)
 Metaspace       used 109010K, capacity 111466K, committed 111488K, reserved 1146880K
  class space    used 13499K, capacity 14459K, committed 14464K, reserved 1048576K
}
Event: 167.598 GC heap before
{Heap before GC invocations=100 (full 0):
 garbage-first heap   total 199680K, used 171710K [0x0000000080000000, 0x0000000100000000)
  region size 1024K, 38 young (38912K), 2 survivors (2048K)
 Metaspace       used 109021K, capacity 111468K, committed 111488K, reserved 1146880K
  class space    used 13499K, capacity 14459K, committed 14464K, reserved 1048576K
}
Event: 167.629 GC heap after
{Heap after GC invocations=101 (full 0):
 garbage-first heap   total 239616K, used 140131K [0x0000000080000000, 0x0000000100000000)
  region size 1024K, 5 young (5120K), 5 survivors (5120K)
 Metaspace       used 109021K, capacity 111468K, committed 111488K, reserved 1146880K
  class space    used 13499K, capacity 14459K, committed 14464K, reserved 1048576K
}
Event: 169.989 GC heap before
{Heap before GC invocations=101 (full 0):
 garbage-first heap   total 239616K, used 190307K [0x0000000080000000, 0x0000000100000000)
  region size 1024K, 54 young (55296K), 5 survivors (5120K)
 Metaspace       used 109075K, capacity 111565K, committed 111872K, reserved 1146880K
  class space    used 13509K, capacity 14491K, committed 14592K, reserved 1048576K
}
Event: 170.018 GC heap after
{Heap after GC invocations=102 (full 0):
 garbage-first heap   total 239616K, used 141356K [0x0000000080000000, 0x0000000100000000)
  region size 1024K, 2 young (2048K), 2 survivors (2048K)
 Metaspace       used 109075K, capacity 111565K, committed 111872K, reserved 1146880K
  class space    used 13509K, capacity 14491K, committed 14592K, reserved 1048576K
}
Event: 171.883 GC heap before
{Heap before GC invocations=102 (full 0):
 garbage-first heap   total 239616K, used 191532K [0x0000000080000000, 0x0000000100000000)
  region size 1024K, 52 young (53248K), 2 survivors (2048K)
 Metaspace       used 109095K, capacity 111630K, committed 111872K, reserved 1146880K
  class space    used 13509K, capacity 14491K, committed 14592K, reserved 1048576K
}
Event: 171.901 GC heap after
{Heap after GC invocations=103 (full 0):
 garbage-first heap   total 239616K, used 141929K [0x0000000080000000, 0x0000000100000000)
  region size 1024K, 3 young (3072K), 3 survivors (3072K)
 Metaspace       used 109095K, capacity 111630K, committed 111872K, reserved 1146880K
  class space    used 13509K, capacity 14491K, committed 14592K, reserved 1048576K
}
Event: 173.256 GC heap before
{Heap before GC invocations=103 (full 0):
 garbage-first heap   total 239616K, used 194153K [0x0000000080000000, 0x0000000100000000)
  region size 1024K, 54 young (55296K), 3 survivors (3072K)
 Metaspace       used 109100K, capacity 111632K, committed 111872K, reserved 1146880K
  class space    used 13509K, capacity 14491K, committed 14592K, reserved 1048576K
}
Event: 173.276 GC heap after
{Heap after GC invocations=104 (full 0):
 garbage-first heap   total 239616K, used 142983K [0x0000000080000000, 0x0000000100000000)
  region size 1024K, 4 young (4096K), 4 survivors (4096K)
 Metaspace       used 109100K, capacity 111632K, committed 111872K, reserved 1146880K
  class space    used 13509K, capacity 14491K, committed 14592K, reserved 1048576K
}
Event: 174.295 GC heap before
{Heap before GC invocations=104 (full 0):
 garbage-first heap   total 239616K, used 196231K [0x0000000080000000, 0x0000000100000000)
  region size 1024K, 56 young (57344K), 4 survivors (4096K)
 Metaspace       used 109126K, capacity 111697K, committed 111872K, reserved 1146880K
  class space    used 13509K, capacity 14491K, committed 14592K, reserved 1048576K
}
Event: 174.320 GC heap after
{Heap after GC invocations=105 (full 0):
 garbage-first heap   total 239616K, used 143854K [0x0000000080000000, 0x0000000100000000)
  region size 1024K, 5 young (5120K), 5 survivors (5120K)
 Metaspace       used 109126K, capacity 111697K, committed 111872K, reserved 1146880K
  class space    used 13509K, capacity 14491K, committed 14592K, reserved 1048576K
}
Event: 175.467 GC heap before
{Heap before GC invocations=105 (full 0):
 garbage-first heap   total 239616K, used 197102K [0x0000000080000000, 0x0000000100000000)
  region size 1024K, 58 young (59392K), 5 survivors (5120K)
 Metaspace       used 109132K, capacity 111697K, committed 111872K, reserved 1146880K
  class space    used 13509K, capacity 14491K, committed 14592K, reserved 1048576K
}
Event: 175.494 GC heap after
{Heap after GC invocations=106 (full 0):
 garbage-first heap   total 239616K, used 144576K [0x0000000080000000, 0x0000000100000000)
  region size 1024K, 5 young (5120K), 5 survivors (5120K)
 Metaspace       used 109132K, capacity 111697K, committed 111872K, reserved 1146880K
  class space    used 13509K, capacity 14491K, committed 14592K, reserved 1048576K
}
Event: 177.235 GC heap before
{Heap before GC invocations=106 (full 0):
 garbage-first heap   total 239616K, used 201920K [0x0000000080000000, 0x0000000100000000)
  region size 1024K, 60 young (61440K), 5 survivors (5120K)
 Metaspace       used 109525K, capacity 112077K, committed 112384K, reserved 1146880K
  class space    used 13551K, capacity 14540K, committed 14592K, reserved 1048576K
}

Deoptimization events (20 events):
Event: 176.012 Thread 0x00000289c2dfa800 DEOPT PACKING pc=0x00000289b2d98e1c sp=0x000000e15f7fb170
Event: 176.012 Thread 0x00000289c2dfa800 DEOPT UNPACKING pc=0x00000289ab2566a9 sp=0x000000e15f7fb138 mode 2
Event: 176.013 Thread 0x00000289c2dfa800 Uncommon trap: trap_request=0xffffffc6 fr.pc=0x00000289b30fab04 relative=0x0000000000000224
Event: 176.013 Thread 0x00000289c2dfa800 Uncommon trap: reason=bimorphic_or_optimized_type_check action=maybe_recompile pc=0x00000289b30fab04 method=java.util.Comparator.lambda$comparing$77a9974f$1(Ljava/util/function/Function;Ljava/lang/Object;Ljava/lang/Object;)I @ 17 c2
Event: 176.013 Thread 0x00000289c2dfa800 DEOPT PACKING pc=0x00000289b30fab04 sp=0x000000e15f7fb1a0
Event: 176.013 Thread 0x00000289c2dfa800 DEOPT UNPACKING pc=0x00000289ab2566a9 sp=0x000000e15f7fb0b0 mode 2
Event: 176.093 Thread 0x00000289c2dfa800 DEOPT PACKING pc=0x00000289adefa1e2 sp=0x000000e15f7fad10
Event: 176.093 Thread 0x00000289c2dfa800 DEOPT UNPACKING pc=0x00000289ab2564bf sp=0x000000e15f7fa1d0 mode 0
Event: 176.228 Thread 0x00000289c2dfa800 DEOPT PACKING pc=0x00000289abab6a48 sp=0x000000e15f7faef0
Event: 176.228 Thread 0x00000289c2dfa800 DEOPT UNPACKING pc=0x00000289ab2564bf sp=0x000000e15f7fa430 mode 0
Event: 176.325 Thread 0x00000289c2dfa800 DEOPT PACKING pc=0x00000289abae8db8 sp=0x000000e15f7fb210
Event: 176.325 Thread 0x00000289c2dfa800 DEOPT UNPACKING pc=0x00000289ab2564bf sp=0x000000e15f7fa730 mode 0
Event: 176.368 Thread 0x00000289c2df9800 DEOPT PACKING pc=0x00000289adc02217 sp=0x000000e15f6f9c30
Event: 176.368 Thread 0x00000289c2df9800 DEOPT UNPACKING pc=0x00000289ab2564bf sp=0x000000e15f6f90d0 mode 0
Event: 176.464 Thread 0x00000289c2dfa800 DEOPT PACKING pc=0x00000289addb8f3b sp=0x000000e15f7fadf0
Event: 176.464 Thread 0x00000289c2dfa800 DEOPT UNPACKING pc=0x00000289ab2564bf sp=0x000000e15f7fa2d8 mode 0
Event: 176.608 Thread 0x00000289c2dfa800 Uncommon trap: trap_request=0xffffff4d fr.pc=0x00000289b363d284 relative=0x0000000000000064
Event: 176.608 Thread 0x00000289c2dfa800 Uncommon trap: reason=unstable_if action=reinterpret pc=0x00000289b363d284 method=com.android.tools.r8.dex.m.c(I)V @ 8 c2
Event: 176.608 Thread 0x00000289c2dfa800 DEOPT PACKING pc=0x00000289b363d284 sp=0x000000e15f7faba0
Event: 176.608 Thread 0x00000289c2dfa800 DEOPT UNPACKING pc=0x00000289ab2566a9 sp=0x000000e15f7fab18 mode 2

Classes redefined (0 events):
No events

Internal exceptions (20 events):
Event: 145.312 Thread 0x00000289c2df9800 Exception <a 'sun/nio/fs/WindowsException'{0x000000008bd383b0}> (0x000000008bd383b0) thrown at [./src/hotspot/share/prims/jni.cpp, line 615]
Event: 146.429 Thread 0x00000289c2df9800 Exception <a 'java/lang/NoSuchMethodError'{0x000000008b0e18c8}: 'java.lang.Object java.lang.invoke.DirectMethodHandle$Holder.invokeInterface(java.lang.Object, java.lang.Object, int)'> (0x000000008b0e18c8) thrown at [./src/hotspot/share/interpreter/linkResolver.cpp, line 773]
Event: 148.107 Thread 0x00000289c2df9800 Exception <a 'sun/nio/fs/WindowsException'{0x000000008a565528}> (0x000000008a565528) thrown at [./src/hotspot/share/prims/jni.cpp, line 615]
Event: 148.352 Thread 0x00000289c2df9800 Exception <a 'sun/nio/fs/WindowsException'{0x000000008a00e8e0}> (0x000000008a00e8e0) thrown at [./src/hotspot/share/prims/jni.cpp, line 615]
Event: 148.444 Thread 0x00000289c2df9800 Exception <a 'sun/nio/fs/WindowsException'{0x0000000089cfa860}> (0x0000000089cfa860) thrown at [./src/hotspot/share/prims/jni.cpp, line 615]
Event: 148.927 Thread 0x00000289c2df9800 Exception <a 'sun/nio/fs/WindowsException'{0x000000008951a8a0}> (0x000000008951a8a0) thrown at [./src/hotspot/share/prims/jni.cpp, line 615]
Event: 150.705 Thread 0x00000289c2df9800 Exception <a 'sun/nio/fs/WindowsException'{0x000000008b7e7650}> (0x000000008b7e7650) thrown at [./src/hotspot/share/prims/jni.cpp, line 615]
Event: 150.879 Thread 0x00000289c2df9800 Exception <a 'sun/nio/fs/WindowsException'{0x000000008b2aa650}> (0x000000008b2aa650) thrown at [./src/hotspot/share/prims/jni.cpp, line 615]
Event: 151.088 Thread 0x00000289c2df9800 Exception <a 'sun/nio/fs/WindowsException'{0x000000008accd8a8}> (0x000000008accd8a8) thrown at [./src/hotspot/share/prims/jni.cpp, line 615]
Event: 152.657 Thread 0x00000289c2df9800 Exception <a 'sun/nio/fs/WindowsException'{0x000000008c2f0a38}> (0x000000008c2f0a38) thrown at [./src/hotspot/share/prims/jni.cpp, line 615]
Event: 160.453 Thread 0x00000289c2df9800 Exception <a 'java/lang/NoSuchMethodError'{0x000000008b6e93b8}: 'int java.lang.invoke.DirectMethodHandle$Holder.invokeInterface(java.lang.Object, java.lang.Object, int)'> (0x000000008b6e93b8) thrown at [./src/hotspot/share/interpreter/linkResolver.cpp, line 773]
Event: 160.895 Thread 0x00000289c2df9800 Implicit null exception at 0x00000289b36b3b74 to 0x00000289b36b8340
Event: 162.321 Thread 0x00000289c65a1000 Exception <a 'sun/nio/fs/WindowsException'{0x000000008b90a478}> (0x000000008b90a478) thrown at [./src/hotspot/share/prims/jni.cpp, line 615]
Event: 162.322 Thread 0x00000289c65a1000 Exception <a 'sun/nio/fs/WindowsException'{0x000000008b90a750}> (0x000000008b90a750) thrown at [./src/hotspot/share/prims/jni.cpp, line 615]
Event: 165.578 Thread 0x00000289c328c800 Exception <a 'java/lang/NoSuchMethodError'{0x000000008b6bd7c0}: <clinit>> (0x000000008b6bd7c0) thrown at [./src/hotspot/share/prims/jni.cpp, line 1362]
Event: 165.581 Thread 0x00000289c328c800 Exception <a 'java/lang/NoSuchMethodError'{0x000000008b6d0c98}: <clinit>> (0x000000008b6d0c98) thrown at [./src/hotspot/share/prims/jni.cpp, line 1362]
Event: 165.949 Thread 0x00000289c2dfa800 Exception <a 'sun/nio/fs/WindowsException'{0x000000008a81de98}> (0x000000008a81de98) thrown at [./src/hotspot/share/prims/jni.cpp, line 615]
Event: 166.175 Thread 0x00000289c2dfa800 Exception <a 'sun/nio/fs/WindowsException'{0x000000008a17c968}> (0x000000008a17c968) thrown at [./src/hotspot/share/prims/jni.cpp, line 615]
Event: 167.283 Thread 0x00000289c2dfa800 Exception <a 'sun/nio/fs/WindowsException'{0x000000008b31d000}> (0x000000008b31d000) thrown at [./src/hotspot/share/prims/jni.cpp, line 615]
Event: 176.666 Thread 0x00000289c2dfa800 Exception <a 'sun/nio/fs/WindowsException'{0x000000008c2c8a60}> (0x000000008c2c8a60) thrown at [./src/hotspot/share/prims/jni.cpp, line 615]

Events (20 events):
Event: 176.364 loading class com/android/tools/r8/graph/S$j done
Event: 176.402 loading class com/android/tools/r8/graph/q0
Event: 176.402 loading class com/android/tools/r8/graph/q0 done
Event: 176.402 loading class com/android/tools/r8/graph/q0
Event: 176.402 loading class com/android/tools/r8/graph/q0 done
Event: 176.403 loading class com/android/tools/r8/graph/S$j
Event: 176.403 loading class com/android/tools/r8/graph/S$j done
Event: 176.403 loading class com/android/tools/r8/graph/S$j
Event: 176.403 loading class com/android/tools/r8/graph/S$j done
Event: 176.404 loading class com/android/tools/r8/graph/r0
Event: 176.404 loading class com/android/tools/r8/graph/r0 done
Event: 176.404 loading class com/android/tools/r8/graph/r0
Event: 176.404 loading class com/android/tools/r8/graph/r0 done
Event: 176.405 loading class com/android/tools/r8/graph/S$j
Event: 176.405 loading class com/android/tools/r8/graph/S$j done
Event: 176.614 loading class com/android/tools/r8/graph/v1
Event: 176.614 loading class com/android/tools/r8/graph/v1 done
Event: 176.615 loading class com/android/tools/r8/graph/v1
Event: 176.615 loading class com/android/tools/r8/graph/v1 done
Event: 177.235 Executing VM operation: G1CollectForAllocation


Dynamic libraries:
0x00007ff71e510000 - 0x00007ff71e51a000 	C:\Users\felip\OneDrive\Desktop\android-studio-ide-202.6987402-windows\android-studio\jre\bin\java.exe
0x00007ffa84f50000 - 0x00007ffa85145000 	C:\Windows\SYSTEM32\ntdll.dll
0x00007ffa6b250000 - 0x00007ffa6b262000 	C:\Program Files\Avast Software\Avast\aswhook.dll
0x00007ffa83b50000 - 0x00007ffa83c0d000 	C:\Windows\System32\KERNEL32.DLL
0x00007ffa829c0000 - 0x00007ffa82c88000 	C:\Windows\System32\KERNELBASE.dll
0x00007ffa82dc0000 - 0x00007ffa82ec0000 	C:\Windows\System32\ucrtbase.dll
0x00007ffa7b380000 - 0x00007ffa7b399000 	C:\Users\felip\OneDrive\Desktop\android-studio-ide-202.6987402-windows\android-studio\jre\bin\jli.dll
0x00007ffa830a0000 - 0x00007ffa83240000 	C:\Windows\System32\USER32.dll
0x00007ffa82ce0000 - 0x00007ffa82d02000 	C:\Windows\System32\win32u.dll
0x00007ffa84e40000 - 0x00007ffa84e6a000 	C:\Windows\System32\GDI32.dll
0x00007ffa82820000 - 0x00007ffa8292b000 	C:\Windows\System32\gdi32full.dll
0x00007ffa82ec0000 - 0x00007ffa82f5d000 	C:\Windows\System32\msvcp_win.dll
0x00007ffa74f50000 - 0x00007ffa74f67000 	C:\Users\felip\OneDrive\Desktop\android-studio-ide-202.6987402-windows\android-studio\jre\bin\VCRUNTIME140.dll
0x00007ffa6f5d0000 - 0x00007ffa6f86a000 	C:\Windows\WinSxS\amd64_microsoft.windows.common-controls_6595b64144ccf1df_6.0.19041.1052_none_60b8f8fd71f5e8cb\COMCTL32.dll
0x00007ffa834e0000 - 0x00007ffa8357e000 	C:\Windows\System32\msvcrt.dll
0x00007ffa83b20000 - 0x00007ffa83b50000 	C:\Windows\System32\IMM32.DLL
0x00007ffa5d0c0000 - 0x00007ffa5d15d000 	C:\Users\felip\OneDrive\Desktop\android-studio-ide-202.6987402-windows\android-studio\jre\bin\msvcp140.dll
0x00007ffa4cb30000 - 0x00007ffa4d5ec000 	C:\Users\felip\OneDrive\Desktop\android-studio-ide-202.6987402-windows\android-studio\jre\bin\server\jvm.dll
0x00007ffa82fe0000 - 0x00007ffa8308c000 	C:\Windows\System32\ADVAPI32.dll
0x00007ffa83240000 - 0x00007ffa832db000 	C:\Windows\System32\sechost.dll
0x00007ffa83580000 - 0x00007ffa836ab000 	C:\Windows\System32\RPCRT4.dll
0x00007ffa84e30000 - 0x00007ffa84e38000 	C:\Windows\System32\PSAPI.DLL
0x00007ffa75ca0000 - 0x00007ffa75ca9000 	C:\Windows\SYSTEM32\WSOCK32.dll
0x00007ffa83cc0000 - 0x00007ffa83d2b000 	C:\Windows\System32\WS2_32.dll
0x00007ffa6d5c0000 - 0x00007ffa6d5e7000 	C:\Windows\SYSTEM32\WINMM.dll
0x00007ffa7c100000 - 0x00007ffa7c10a000 	C:\Windows\SYSTEM32\VERSION.dll
0x00007ffa80500000 - 0x00007ffa80512000 	C:\Windows\SYSTEM32\kernel.appcore.dll
0x00007ffa7d6b0000 - 0x00007ffa7d6c1000 	C:\Users\felip\OneDrive\Desktop\android-studio-ide-202.6987402-windows\android-studio\jre\bin\verify.dll
0x00007ffa79b50000 - 0x00007ffa79d34000 	C:\Windows\SYSTEM32\DBGHELP.DLL
0x00007ffa7a060000 - 0x00007ffa7a08c000 	C:\Windows\SYSTEM32\dbgcore.DLL
0x00007ffa82930000 - 0x00007ffa829b3000 	C:\Windows\System32\bcryptPrimitives.dll
0x00007ffa7d620000 - 0x00007ffa7d649000 	C:\Users\felip\OneDrive\Desktop\android-studio-ide-202.6987402-windows\android-studio\jre\bin\java.dll
0x00007ffa80100000 - 0x00007ffa8010b000 	C:\Users\felip\OneDrive\Desktop\android-studio-ide-202.6987402-windows\android-studio\jre\bin\jimage.dll
0x00007ffa7d600000 - 0x00007ffa7d618000 	C:\Users\felip\OneDrive\Desktop\android-studio-ide-202.6987402-windows\android-studio\jre\bin\zip.dll
0x00007ffa84010000 - 0x00007ffa8474f000 	C:\Windows\System32\SHELL32.dll
0x00007ffa807e0000 - 0x00007ffa80f70000 	C:\Windows\SYSTEM32\windows.storage.dll
0x00007ffa84a70000 - 0x00007ffa84dc5000 	C:\Windows\System32\combase.dll
0x00007ffa82030000 - 0x00007ffa8205c000 	C:\Windows\SYSTEM32\Wldp.dll
0x00007ffa83f60000 - 0x00007ffa8400e000 	C:\Windows\System32\SHCORE.dll
0x00007ffa84dd0000 - 0x00007ffa84e25000 	C:\Windows\System32\shlwapi.dll
0x00007ffa825d0000 - 0x00007ffa825ef000 	C:\Windows\SYSTEM32\profapi.dll
0x00007ffa7d5c0000 - 0x00007ffa7d5da000 	C:\Users\felip\OneDrive\Desktop\android-studio-ide-202.6987402-windows\android-studio\jre\bin\net.dll
0x00007ffa77e00000 - 0x00007ffa77f0b000 	C:\Windows\SYSTEM32\WINHTTP.dll
0x00007ffa81da0000 - 0x00007ffa81e0a000 	C:\Windows\system32\mswsock.dll
0x00007ffa7d5a0000 - 0x00007ffa7d5b4000 	C:\Users\felip\OneDrive\Desktop\android-studio-ide-202.6987402-windows\android-studio\jre\bin\nio.dll
0x00007ffa72510000 - 0x00007ffa72536000 	C:\Users\felip\.gradle\native\fdc75f09e3144964f2cf3f50f0aa648679c211496f362492102eb8c894070792\windows-amd64\native-platform.dll
0x00007ffa4dc80000 - 0x00007ffa4de11000 	C:\Users\felip\.gradle\native\12488b8bf47d2d4c9fbf2f6322a914ad602e24e48041cd04a747c6da556b65c4\windows-amd64\native-platform-file-events.dll
0x00007ffa7d590000 - 0x00007ffa7d59a000 	C:\Users\felip\OneDrive\Desktop\android-studio-ide-202.6987402-windows\android-studio\jre\bin\management.dll
0x00007ffa7ce40000 - 0x00007ffa7ce4c000 	C:\Users\felip\OneDrive\Desktop\android-studio-ide-202.6987402-windows\android-studio\jre\bin\management_ext.dll
0x00007ffa81f80000 - 0x00007ffa81f98000 	C:\Windows\SYSTEM32\CRYPTSP.dll
0x00007ffa81740000 - 0x00007ffa81774000 	C:\Windows\system32\rsaenh.dll
0x00007ffa82690000 - 0x00007ffa826b7000 	C:\Windows\System32\bcrypt.dll
0x00007ffa82590000 - 0x00007ffa825be000 	C:\Windows\SYSTEM32\USERENV.dll
0x00007ffa81f70000 - 0x00007ffa81f7c000 	C:\Windows\SYSTEM32\CRYPTBASE.dll
0x00007ffa81a90000 - 0x00007ffa81acb000 	C:\Windows\SYSTEM32\IPHLPAPI.DLL
0x00007ffa84f00000 - 0x00007ffa84f08000 	C:\Windows\System32\NSI.dll
0x00007ffa7b5d0000 - 0x00007ffa7b5e7000 	C:\Windows\SYSTEM32\dhcpcsvc6.DLL
0x00007ffa7b890000 - 0x00007ffa7b8ad000 	C:\Windows\SYSTEM32\dhcpcsvc.DLL
0x00007ffa81ad0000 - 0x00007ffa81b9c000 	C:\Windows\SYSTEM32\DNSAPI.dll
0x00007ffa7c1e0000 - 0x00007ffa7c1eb000 	C:\Windows\SYSTEM32\WINNSI.DLL

dbghelp: loaded successfully - version: 4.0.5 - missing functions: none
symbol engine: initialized successfully - sym options: 0x614 - pdb path: .;C:\Users\felip\OneDrive\Desktop\android-studio-ide-202.6987402-windows\android-studio\jre\bin;C:\Windows\SYSTEM32;C:\Program Files\Avast Software\Avast;C:\Windows\WinSxS\amd64_microsoft.windows.common-controls_6595b64144ccf1df_6.0.19041.1052_none_60b8f8fd71f5e8cb;C:\Users\felip\OneDrive\Desktop\android-studio-ide-202.6987402-windows\android-studio\jre\bin\server;C:\Users\felip\.gradle\native\fdc75f09e3144964f2cf3f50f0aa648679c211496f362492102eb8c894070792\windows-amd64;C:\Users\felip\.gradle\native\12488b8bf47d2d4c9fbf2f6322a914ad602e24e48041cd04a747c6da556b65c4\windows-amd64

VM Arguments:
jvm_args: --add-opens=java.base/java.util=ALL-UNNAMED --add-opens=java.base/java.lang=ALL-UNNAMED --add-opens=java.base/java.lang.invoke=ALL-UNNAMED --add-opens=java.prefs/java.util.prefs=ALL-UNNAMED -Xmx2048m -Dfile.encoding=windows-1252 -Duser.country=US -Duser.language=en -Duser.variant 
java_command: org.gradle.launcher.daemon.bootstrap.GradleDaemon 6.7.1
java_class_path (initial): C:\Users\felip\.gradle\wrapper\dists\gradle-6.7.1-bin\bwlcbys1h7rz3272sye1xwiv6\gradle-6.7.1\lib\gradle-launcher-6.7.1.jar
Launcher Type: SUN_STANDARD

[Global flags]
     intx CICompilerCount                          = 2                                         {product} {ergonomic}
     uint ConcGCThreads                            = 1                                         {product} {ergonomic}
     uint G1ConcRefinementThreads                  = 2                                         {product} {ergonomic}
   size_t G1HeapRegionSize                         = 1048576                                   {product} {ergonomic}
    uintx GCDrainStackTargetSize                   = 64                                        {product} {ergonomic}
   size_t InitialHeapSize                          = 67108864                                  {product} {ergonomic}
   size_t MarkStackSize                            = 4194304                                   {product} {ergonomic}
   size_t MaxHeapSize                              = 2147483648                                {product} {command line}
   size_t MaxNewSize                               = 1287651328                                {product} {ergonomic}
   size_t MinHeapDeltaBytes                        = 1048576                                   {product} {ergonomic}
    uintx NonNMethodCodeHeapSize                   = 5825164                                {pd product} {ergonomic}
    uintx NonProfiledCodeHeapSize                  = 122916538                              {pd product} {ergonomic}
    uintx ProfiledCodeHeapSize                     = 122916538                              {pd product} {ergonomic}
    uintx ReservedCodeCacheSize                    = 251658240                              {pd product} {ergonomic}
     bool SegmentedCodeCache                       = true                                      {product} {ergonomic}
     bool UseCompressedClassPointers               = true                                 {lp64_product} {ergonomic}
     bool UseCompressedOops                        = true                                 {lp64_product} {ergonomic}
     bool UseG1GC                                  = true                                      {product} {ergonomic}
     bool UseLargePagesIndividualAllocation        = false                                  {pd product} {ergonomic}

Logging:
Log output configuration:
 #0: stdout all=warning uptime,level,tags
 #1: stderr all=off uptime,level,tags

Environment Variables:
PATH=C:\Program Files\Common Files\Oracle\Java\javapath;C:\Program Files (x86)\Common Files\Oracle\Java\javapath;C:\Windows\system32;C:\Windows;C:\Windows\System32\Wbem;C:\Windows\System32\WindowsPowerShell\v1.0\;C:\Windows\System32\OpenSSH\;C:\ProgramData\chocolatey\bin;C:\Program Files\Docker\Docker\resources\bin;C:\ProgramData\DockerDesktop\version-bin;C:\Program Files (x86)\Yarn\bin\;C:\Program Files\nodejs\;C:\Program Files\Git\cmd;C:\Users\felip\AppData\Local\Microsoft\WindowsApps;C:\Users\felip\AppData\Local\Programs\Microsoft VS Code\bin;C:\Users\felip\AppData\Local\Yarn\bin;C:\Users\felip\AppData\Local\GitHubDesktop\bin;C:\Users\felip\AppData\Roaming\npm
USERNAME=felip
OS=Windows_NT
PROCESSOR_IDENTIFIER=Intel64 Family 6 Model 23 Stepping 10, GenuineIntel



---------------  S Y S T E M  ---------------

OS: Windows 10 , 64 bit Build 19041 (10.0.19041.1023)
OS uptime: 1 days 15:59 hours

CPU:total 2 (initial active 2) (2 cores per cpu, 1 threads per core) family 6 model 23 stepping 10, cmov, cx8, fxsr, mmx, sse, sse2, sse3, ssse3, tsc

Memory: 4k page, system-wide physical 4061M (72M free)
TotalPageFile size 4061M (AvailPageFile size 44M)
current process WorkingSet (physical memory assigned to process): 436M, peak: 502M
current process commit charge ("private bytes"): 615M, peak: 662M

vm_info: OpenJDK 64-Bit Server VM (11.0.8+10-b944.6842174) for windows-amd64 JRE (11.0.8+10-b944.6842174), built on Sep 19 2020 01:11:42 by "builder" with MS VC++ 14.0 (VS2015)

END.
