#
# There is insufficient memory for the Java Runtime Environment to continue.
# Native memory allocation (mmap) failed to map 48234496 bytes for Failed to commit area from 0x0000000088700000 to 0x000000008b500000 of length 48234496.
# Possible reasons:
#   The system is out of physical RAM or swap space
#   The process is running with CompressedOops enabled, and the Java Heap may be blocking the growth of the native heap
# Possible solutions:
#   Reduce memory load on the system
#   Increase physical memory or swap space
#   Check if swap backing store is full
#   Decrease Java heap size (-Xmx/-Xms)
#   Decrease number of Java threads
#   Decrease Java thread stack sizes (-Xss)
#   Set larger code cache with -XX:ReservedCodeCacheSize=
#   JVM is running with Unscaled Compressed Oops mode in which the Java heap is
#     placed in the first 4GB address space. The Java Heap base address is the
#     maximum limit for the native heap growth. Please use -XX:HeapBaseMinAddress
#     to set the Java Heap base and to place the Java Heap above 4GB virtual address.
# This output file may be truncated or incomplete.
#
#  Out of Memory Error (./src/hotspot/os/windows/os_windows.cpp:3303), pid=6192, tid=488
#
# JRE version: OpenJDK Runtime Environment (11.0.8+10) (build 11.0.8+10-b944.6842174)
# Java VM: OpenJDK 64-Bit Server VM (11.0.8+10-b944.6842174, mixed mode, tiered, compressed oops, g1 gc, windows-amd64)
# No core dump will be written. Minidumps are not enabled by default on client versions of Windows
#

---------------  S U M M A R Y ------------

Command Line: --add-opens=java.base/java.util=ALL-UNNAMED --add-opens=java.base/java.lang=ALL-UNNAMED --add-opens=java.base/java.lang.invoke=ALL-UNNAMED --add-opens=java.prefs/java.util.prefs=ALL-UNNAMED -Xmx2048m -Dfile.encoding=windows-1252 -Duser.country=US -Duser.language=en -Duser.variant org.gradle.launcher.daemon.bootstrap.GradleDaemon 6.7.1

Host: Celeron(R) Dual-Core CPU       T3500  @ 2.10GHz, 2 cores, 3G,  Windows 10 , 64 bit Build 19041 (10.0.19041.1023)
Time: Thu Jun 24 15:23:13 2021 E. South America Standard Time elapsed time: 79 seconds (0d 0h 1m 19s)

---------------  T H R E A D  ---------------

Current thread (0x00000252fe9e2000):  VMThread "VM Thread" [stack: 0x000000f7ffb00000,0x000000f7ffc00000] [id=488]

Stack: [0x000000f7ffb00000,0x000000f7ffc00000]
[error occurred during error reporting (printing stack bounds), id 0xc0000005, EXCEPTION_ACCESS_VIOLATION (0xc0000005) at pc=0x0000025280000dbd]

Native frames: (J=compiled Java code, j=interpreted, Vv=VM code, C=native code)
V  [jvm.dll+0x5de50a]
V  [jvm.dll+0x7122f5]
V  [jvm.dll+0x71384d]
V  [jvm.dll+0x713e65]
V  [jvm.dll+0x713e1b]
V  [jvm.dll+0x5dd958]
V  [jvm.dll+0x5de0f8]
C  [ntdll.dll+0xa217f]
C  [ntdll.dll+0x51454]
C  [ntdll.dll+0xa0cae]
C  0x0000025280000dbd

VM_Operation (0x000000f780ff8810): G1CollectForAllocation, mode: safepoint, requested by thread 0x00000252959f5000


---------------  P R O C E S S  ---------------

Threads class SMR info:
_java_thread_list=0x0000025298dfd730, length=151, elements={
0x00000252fa2ec800, 0x00000252fe9e5800, 0x00000252fe9ef000, 0x00000252ff270800,
0x00000252ff272000, 0x00000252ff274800, 0x00000252ff27e800, 0x00000252fea66800,
0x00000252ff3af800, 0x00000252ff3de800, 0x0000025295c31000, 0x00000252ffd05800,
0x00000252ffe07000, 0x00000252ff52d000, 0x00000252ff3da800, 0x00000252ff3db000,
0x00000252959f5000, 0x0000025295508800, 0x00000252957d3800, 0x00000252ff5bd800,
0x00000252ff5c0000, 0x00000252ff5be800, 0x00000252ff5bd000, 0x00000252ff5ba800,
0x00000252ff5bf000, 0x00000252ff5bc000, 0x00000252ff5c1000, 0x00000252ff5bb000,
0x0000025297c60800, 0x0000025297c61000, 0x0000025297c5b800, 0x0000025297c62000,
0x0000025297c5c800, 0x0000025297c5e800, 0x0000025297c63000, 0x0000025297c5f800,
0x0000025297c5d000, 0x0000025297c63800, 0x0000025297c5e000, 0x0000025297c6a000,
0x0000025297c66000, 0x0000025297c68800, 0x0000025297c67000, 0x0000025297c69800,
0x0000025297c64800, 0x0000025297c67800, 0x0000025297c65800, 0x000002529733c800,
0x000002529733b800, 0x000002529733a000, 0x000002529733d800, 0x0000025297340800,
0x000002529733e000, 0x000002529733f000, 0x00000252971cf000, 0x00000252971cd800,
0x00000252971ca800, 0x00000252971cc800, 0x00000252971ce800, 0x00000252971d0000,
0x00000252971d1000, 0x00000252971cc000, 0x00000252971cb000, 0x00000252971d1800,
0x00000252971d8000, 0x00000252971d5000, 0x00000252971d5800, 0x00000252971d6800,
0x00000252971d7800, 0x00000252971d2800, 0x00000252971d9000, 0x00000252971d3800,
0x00000252971d4000, 0x000002529a1c1000, 0x000002529a1c2800, 0x000002529a1c2000,
0x000002529a1c0000, 0x000002529a1c7000, 0x000002529a1c7800, 0x000002529a1c8800,
0x000002529a1c9000, 0x000002529a1c3800, 0x000002529a1c5000, 0x000002529a1ca000,
0x000002529a1c4800, 0x000002529a1c6000, 0x000002529a1cf000, 0x000002529a1cb000,
0x000002529a1cb800, 0x000002529a1cc800, 0x000002529a1cd800, 0x000002529a1ce000,
0x000002529a184800, 0x000002529a182800, 0x000002529a183800, 0x000002529a186000,
0x000002529a181000, 0x000002529a185000, 0x000002529a180800, 0x000002529a187000,
0x000002529a187800, 0x000002529a182000, 0x000002529a18a000, 0x000002529a18b000,
0x000002529a18b800, 0x000002529a18c800, 0x000002529a18d800, 0x000002529a188800,
0x000002529a18e000, 0x000002529a18f000, 0x000002529a189800, 0x0000025298727800,
0x0000025298728000, 0x0000025298723000, 0x0000025298725000, 0x0000025298729000,
0x0000025298729800, 0x0000025298724000, 0x000002529872a800, 0x0000025298726800,
0x000002529872b800, 0x0000025298725800, 0x000002529872c000, 0x0000025298731000,
0x000002529872e000, 0x000002529872d000, 0x000002529872e800, 0x000002529872f800,
0x0000025298730000, 0x0000025298732000, 0x0000025297e37000, 0x0000025297e38000,
0x0000025297e32000, 0x0000025297e33000, 0x0000025297e35800, 0x0000025297e34800,
0x0000025297e34000, 0x0000025297e3b000, 0x0000025297e38800, 0x0000025297e39800,
0x0000025297e36000, 0x0000025297e3c000, 0x0000025297e3a800, 0x0000025297e41000,
0x0000025297e3d000, 0x0000025297e3d800, 0x0000025297e3e800, 0x0000025297e3f000,
0x0000025297e40000, 0x0000025298898000, 0x000002529889c800
}

Java Threads: ( => current thread )
  0x00000252fa2ec800 JavaThread "main" [_thread_blocked, id=1764, stack(0x000000f7ff500000,0x000000f7ff600000)]
  0x00000252fe9e5800 JavaThread "Reference Handler" daemon [_thread_blocked, id=4400, stack(0x000000f7ffc00000,0x000000f7ffd00000)]
  0x00000252fe9ef000 JavaThread "Finalizer" daemon [_thread_blocked, id=6928, stack(0x000000f7ffd00000,0x000000f7ffe00000)]
  0x00000252ff270800 JavaThread "Signal Dispatcher" daemon [_thread_blocked, id=6752, stack(0x000000f7ffe00000,0x000000f7fff00000)]
  0x00000252ff272000 JavaThread "Attach Listener" daemon [_thread_blocked, id=640, stack(0x000000f7fff00000,0x000000f800000000)]
  0x00000252ff274800 JavaThread "C2 CompilerThread0" daemon [_thread_blocked, id=7144, stack(0x000000f780000000,0x000000f780100000)]
  0x00000252ff27e800 JavaThread "C1 CompilerThread0" daemon [_thread_blocked, id=5792, stack(0x000000f780100000,0x000000f780200000)]
  0x00000252fea66800 JavaThread "Sweeper thread" daemon [_thread_blocked, id=4652, stack(0x000000f780200000,0x000000f780300000)]
  0x00000252ff3af800 JavaThread "Common-Cleaner" daemon [_thread_blocked, id=6716, stack(0x000000f780300000,0x000000f780400000)]
  0x00000252ff3de800 JavaThread "Service Thread" daemon [_thread_blocked, id=1684, stack(0x000000f780400000,0x000000f780500000)]
  0x0000025295c31000 JavaThread "Daemon health stats" [_thread_blocked, id=6428, stack(0x000000f780700000,0x000000f780800000)]
  0x00000252ffd05800 JavaThread "Incoming local TCP Connector on port 11652" [_thread_in_native, id=4432, stack(0x000000f780a00000,0x000000f780b00000)]
  0x00000252ffe07000 JavaThread "Daemon periodic checks" [_thread_blocked, id=1532, stack(0x000000f780b00000,0x000000f780c00000)]
  0x00000252ff52d000 JavaThread "Daemon" [_thread_blocked, id=5704, stack(0x000000f780c00000,0x000000f780d00000)]
  0x00000252ff3da800 JavaThread "Handler for socket connection from /127.0.0.1:11652 to /127.0.0.1:11653" [_thread_in_native, id=5984, stack(0x000000f780d00000,0x000000f780e00000)]
  0x00000252ff3db000 JavaThread "Cancel handler" [_thread_blocked, id=6168, stack(0x000000f780e00000,0x000000f780f00000)]
  0x00000252959f5000 JavaThread "Daemon worker" [_thread_blocked, id=2460, stack(0x000000f780f00000,0x000000f781000000)]
  0x0000025295508800 JavaThread "Asynchronous log dispatcher for DefaultDaemonConnection: socket connection from /127.0.0.1:11652 to /127.0.0.1:11653" [_thread_blocked, id=768, stack(0x000000f781000000,0x000000f781100000)]
  0x00000252957d3800 JavaThread "Thread-8" [_thread_blocked, id=1748, stack(0x000000f781200000,0x000000f781300000)]
  0x00000252ff5bd800 JavaThread "Cache worker for file hash cache (C:\Users\felip\.gradle\caches\6.7.1\fileHashes)" [_thread_blocked, id=3324, stack(0x000000f781300000,0x000000f781400000)]
  0x00000252ff5c0000 JavaThread "File lock request listener" [_thread_in_native, id=6732, stack(0x000000f781400000,0x000000f781500000)]
  0x00000252ff5be800 JavaThread "Cache worker for journal cache (C:\Users\felip\.gradle\caches\journal-1)" [_thread_blocked, id=4736, stack(0x000000f781500000,0x000000f781600000)]
  0x00000252ff5bd000 JavaThread "Cache worker for file hash cache (C:\Users\felip\AndroidStudioProjects\TheMovieApp\.gradle\6.7.1\fileHashes)" [_thread_blocked, id=2480, stack(0x000000f781600000,0x000000f781700000)]
  0x00000252ff5ba800 JavaThread "jar transforms" [_thread_blocked, id=2512, stack(0x000000f781700000,0x000000f781800000)]
  0x00000252ff5bf000 JavaThread "jar transforms Thread 2" [_thread_blocked, id=5712, stack(0x000000f781800000,0x000000f781900000)]
  0x00000252ff5bc000 JavaThread "jar transforms Thread 3" [_thread_blocked, id=6376, stack(0x000000f781900000,0x000000f781a00000)]
  0x00000252ff5c1000 JavaThread "jar transforms Thread 4" [_thread_blocked, id=5696, stack(0x000000f781a00000,0x000000f781b00000)]
  0x00000252ff5bb000 JavaThread "jar transforms Thread 5" [_thread_blocked, id=6016, stack(0x000000f781b00000,0x000000f781c00000)]
  0x0000025297c60800 JavaThread "jar transforms Thread 6" [_thread_blocked, id=7088, stack(0x000000f781c00000,0x000000f781d00000)]
  0x0000025297c61000 JavaThread "jar transforms Thread 7" [_thread_blocked, id=3716, stack(0x000000f781d00000,0x000000f781e00000)]
  0x0000025297c5b800 JavaThread "jar transforms Thread 8" [_thread_blocked, id=5156, stack(0x000000f781e00000,0x000000f781f00000)]
  0x0000025297c62000 JavaThread "jar transforms Thread 9" [_thread_blocked, id=6996, stack(0x000000f781f00000,0x000000f782000000)]
  0x0000025297c5c800 JavaThread "jar transforms Thread 10" [_thread_blocked, id=3612, stack(0x000000f782000000,0x000000f782100000)]
  0x0000025297c5e800 JavaThread "jar transforms Thread 11" [_thread_blocked, id=3712, stack(0x000000f782100000,0x000000f782200000)]
  0x0000025297c63000 JavaThread "jar transforms Thread 12" [_thread_blocked, id=4740, stack(0x000000f782200000,0x000000f782300000)]
  0x0000025297c5f800 JavaThread "jar transforms Thread 13" [_thread_blocked, id=504, stack(0x000000f782300000,0x000000f782400000)]
  0x0000025297c5d000 JavaThread "jar transforms Thread 14" [_thread_blocked, id=5028, stack(0x000000f782400000,0x000000f782500000)]
  0x0000025297c63800 JavaThread "jar transforms Thread 15" [_thread_blocked, id=6196, stack(0x000000f782500000,0x000000f782600000)]
  0x0000025297c5e000 JavaThread "jar transforms Thread 16" [_thread_blocked, id=4380, stack(0x000000f782600000,0x000000f782700000)]
  0x0000025297c6a000 JavaThread "jar transforms Thread 17" [_thread_blocked, id=5296, stack(0x000000f782700000,0x000000f782800000)]
  0x0000025297c66000 JavaThread "jar transforms Thread 18" [_thread_blocked, id=2116, stack(0x000000f782800000,0x000000f782900000)]
  0x0000025297c68800 JavaThread "jar transforms Thread 19" [_thread_blocked, id=6580, stack(0x000000f782900000,0x000000f782a00000)]
  0x0000025297c67000 JavaThread "jar transforms Thread 20" [_thread_blocked, id=4120, stack(0x000000f782a00000,0x000000f782b00000)]
  0x0000025297c69800 JavaThread "jar transforms Thread 21" [_thread_blocked, id=5708, stack(0x000000f782b00000,0x000000f782c00000)]
  0x0000025297c64800 JavaThread "Cache worker for checksums cache (C:\Users\felip\AndroidStudioProjects\TheMovieApp\.gradle\checksums)" [_thread_blocked, id=6536, stack(0x000000f782c00000,0x000000f782d00000)]
  0x0000025297c67800 JavaThread "Cache worker for cache directory md-supplier (C:\Users\felip\.gradle\caches\6.7.1\md-supplier)" [_thread_blocked, id=5860, stack(0x000000f782d00000,0x000000f782e00000)]
  0x0000025297c65800 JavaThread "Cache worker for cache directory md-rule (C:\Users\felip\.gradle\caches\6.7.1\md-rule)" [_thread_blocked, id=5124, stack(0x000000f782e00000,0x000000f782f00000)]
  0x000002529733c800 JavaThread "Cache worker for execution history cache (C:\Users\felip\.gradle\caches\6.7.1\executionHistory)" [_thread_blocked, id=5664, stack(0x000000f782f00000,0x000000f783000000)]
  0x000002529733b800 JavaThread "Cache worker for file content cache (C:\Users\felip\.gradle\caches\6.7.1\fileContent)" [_thread_blocked, id=6132, stack(0x000000f783000000,0x000000f783100000)]
  0x000002529733a000 JavaThread "Cache worker for Build Output Cleanup Cache (C:\Users\felip\AndroidStudioProjects\TheMovieApp\.gradle\buildOutputCleanup)" [_thread_blocked, id=776, stack(0x000000f783100000,0x000000f783200000)]
  0x000002529733d800 JavaThread "Build operations" [_thread_blocked, id=2028, stack(0x000000f783200000,0x000000f783300000)]
  0x0000025297340800 JavaThread "Build operations Thread 2" [_thread_blocked, id=6264, stack(0x000000f783300000,0x000000f783400000)]
  0x000002529733e000 JavaThread "jar transforms Thread 22" [_thread_blocked, id=3284, stack(0x000000f783400000,0x000000f783500000)]
  0x000002529733f000 JavaThread "jar transforms Thread 23" [_thread_blocked, id=1972, stack(0x000000f783500000,0x000000f783600000)]
  0x00000252971cf000 JavaThread "jar transforms Thread 24" [_thread_blocked, id=6524, stack(0x000000f783600000,0x000000f783700000)]
  0x00000252971cd800 JavaThread "jar transforms Thread 25" [_thread_blocked, id=1600, stack(0x000000f783700000,0x000000f783800000)]
  0x00000252971ca800 JavaThread "jar transforms Thread 26" [_thread_blocked, id=1496, stack(0x000000f783800000,0x000000f783900000)]
  0x00000252971cc800 JavaThread "jar transforms Thread 27" [_thread_blocked, id=7156, stack(0x000000f783900000,0x000000f783a00000)]
  0x00000252971ce800 JavaThread "jar transforms Thread 28" [_thread_blocked, id=3108, stack(0x000000f783a00000,0x000000f783b00000)]
  0x00000252971d0000 JavaThread "jar transforms Thread 29" [_thread_blocked, id=2096, stack(0x000000f783b00000,0x000000f783c00000)]
  0x00000252971d1000 JavaThread "jar transforms Thread 30" [_thread_blocked, id=5604, stack(0x000000f783c00000,0x000000f783d00000)]
  0x00000252971cc000 JavaThread "jar transforms Thread 31" [_thread_blocked, id=5608, stack(0x000000f783d00000,0x000000f783e00000)]
  0x00000252971cb000 JavaThread "jar transforms Thread 32" [_thread_blocked, id=5356, stack(0x000000f783e00000,0x000000f783f00000)]
  0x00000252971d1800 JavaThread "jar transforms Thread 33" [_thread_blocked, id=4716, stack(0x000000f783f00000,0x000000f784000000)]
  0x00000252971d8000 JavaThread "jar transforms Thread 34" [_thread_blocked, id=1752, stack(0x000000f784000000,0x000000f784100000)]
  0x00000252971d5000 JavaThread "jar transforms Thread 35" [_thread_blocked, id=5916, stack(0x000000f784100000,0x000000f784200000)]
  0x00000252971d5800 JavaThread "jar transforms Thread 36" [_thread_blocked, id=3076, stack(0x000000f784200000,0x000000f784300000)]
  0x00000252971d6800 JavaThread "jar transforms Thread 37" [_thread_blocked, id=5656, stack(0x000000f784300000,0x000000f784400000)]
  0x00000252971d7800 JavaThread "jar transforms Thread 38" [_thread_blocked, id=6384, stack(0x000000f784400000,0x000000f784500000)]
  0x00000252971d2800 JavaThread "jar transforms Thread 39" [_thread_blocked, id=4972, stack(0x000000f784500000,0x000000f784600000)]
  0x00000252971d9000 JavaThread "jar transforms Thread 40" [_thread_blocked, id=3200, stack(0x000000f784600000,0x000000f784700000)]
  0x00000252971d3800 JavaThread "jar transforms Thread 41" [_thread_blocked, id=6080, stack(0x000000f784700000,0x000000f784800000)]
  0x00000252971d4000 JavaThread "jar transforms Thread 42" [_thread_blocked, id=2976, stack(0x000000f784800000,0x000000f784900000)]
  0x000002529a1c1000 JavaThread "jar transforms Thread 43" [_thread_blocked, id=1648, stack(0x000000f784900000,0x000000f784a00000)]
  0x000002529a1c2800 JavaThread "jar transforms Thread 44" [_thread_blocked, id=4840, stack(0x000000f784a00000,0x000000f784b00000)]
  0x000002529a1c2000 JavaThread "jar transforms Thread 45" [_thread_blocked, id=3552, stack(0x000000f784b00000,0x000000f784c00000)]
  0x000002529a1c0000 JavaThread "jar transforms Thread 46" [_thread_blocked, id=2508, stack(0x000000f784c00000,0x000000f784d00000)]
  0x000002529a1c7000 JavaThread "jar transforms Thread 47" [_thread_blocked, id=4140, stack(0x000000f784d00000,0x000000f784e00000)]
  0x000002529a1c7800 JavaThread "jar transforms Thread 48" [_thread_blocked, id=1896, stack(0x000000f784e00000,0x000000f784f00000)]
  0x000002529a1c8800 JavaThread "jar transforms Thread 49" [_thread_blocked, id=1248, stack(0x000000f784f00000,0x000000f785000000)]
  0x000002529a1c9000 JavaThread "jar transforms Thread 50" [_thread_blocked, id=2024, stack(0x000000f785000000,0x000000f785100000)]
  0x000002529a1c3800 JavaThread "jar transforms Thread 51" [_thread_blocked, id=6680, stack(0x000000f785100000,0x000000f785200000)]
  0x000002529a1c5000 JavaThread "jar transforms Thread 52" [_thread_blocked, id=6412, stack(0x000000f785200000,0x000000f785300000)]
  0x000002529a1ca000 JavaThread "jar transforms Thread 53" [_thread_blocked, id=1852, stack(0x000000f785300000,0x000000f785400000)]
  0x000002529a1c4800 JavaThread "jar transforms Thread 54" [_thread_blocked, id=6348, stack(0x000000f785400000,0x000000f785500000)]
  0x000002529a1c6000 JavaThread "jar transforms Thread 55" [_thread_blocked, id=7048, stack(0x000000f785500000,0x000000f785600000)]
  0x000002529a1cf000 JavaThread "jar transforms Thread 56" [_thread_blocked, id=4940, stack(0x000000f785600000,0x000000f785700000)]
  0x000002529a1cb000 JavaThread "jar transforms Thread 57" [_thread_blocked, id=5812, stack(0x000000f785700000,0x000000f785800000)]
  0x000002529a1cb800 JavaThread "jar transforms Thread 58" [_thread_blocked, id=6112, stack(0x000000f785800000,0x000000f785900000)]
  0x000002529a1cc800 JavaThread "jar transforms Thread 59" [_thread_blocked, id=5852, stack(0x000000f785900000,0x000000f785a00000)]
  0x000002529a1cd800 JavaThread "jar transforms Thread 60" [_thread_blocked, id=4236, stack(0x000000f785a00000,0x000000f785b00000)]
  0x000002529a1ce000 JavaThread "jar transforms Thread 61" [_thread_blocked, id=3592, stack(0x000000f785b00000,0x000000f785c00000)]
  0x000002529a184800 JavaThread "jar transforms Thread 62" [_thread_blocked, id=3084, stack(0x000000f785c00000,0x000000f785d00000)]
  0x000002529a182800 JavaThread "jar transforms Thread 63" [_thread_blocked, id=2548, stack(0x000000f785d00000,0x000000f785e00000)]
  0x000002529a183800 JavaThread "jar transforms Thread 64" [_thread_blocked, id=6624, stack(0x000000f785e00000,0x000000f785f00000)]
  0x000002529a186000 JavaThread "jar transforms Thread 65" [_thread_blocked, id=6792, stack(0x000000f785f00000,0x000000f786000000)]
  0x000002529a181000 JavaThread "jar transforms Thread 66" [_thread_blocked, id=2140, stack(0x000000f786000000,0x000000f786100000)]
  0x000002529a185000 JavaThread "jar transforms Thread 67" [_thread_blocked, id=4440, stack(0x000000f786100000,0x000000f786200000)]
  0x000002529a180800 JavaThread "jar transforms Thread 68" [_thread_blocked, id=4072, stack(0x000000f786200000,0x000000f786300000)]
  0x000002529a187000 JavaThread "jar transforms Thread 69" [_thread_blocked, id=1256, stack(0x000000f786300000,0x000000f786400000)]
  0x000002529a187800 JavaThread "jar transforms Thread 70" [_thread_blocked, id=2544, stack(0x000000f786400000,0x000000f786500000)]
  0x000002529a182000 JavaThread "jar transforms Thread 71" [_thread_blocked, id=4092, stack(0x000000f786500000,0x000000f786600000)]
  0x000002529a18a000 JavaThread "jar transforms Thread 72" [_thread_blocked, id=6324, stack(0x000000f786600000,0x000000f786700000)]
  0x000002529a18b000 JavaThread "jar transforms Thread 73" [_thread_blocked, id=3608, stack(0x000000f786700000,0x000000f786800000)]
  0x000002529a18b800 JavaThread "jar transforms Thread 74" [_thread_blocked, id=5776, stack(0x000000f786800000,0x000000f786900000)]
  0x000002529a18c800 JavaThread "jar transforms Thread 75" [_thread_blocked, id=912, stack(0x000000f786900000,0x000000f786a00000)]
  0x000002529a18d800 JavaThread "jar transforms Thread 76" [_thread_blocked, id=4988, stack(0x000000f786a00000,0x000000f786b00000)]
  0x000002529a188800 JavaThread "jar transforms Thread 77" [_thread_blocked, id=6500, stack(0x000000f786b00000,0x000000f786c00000)]
  0x000002529a18e000 JavaThread "jar transforms Thread 78" [_thread_blocked, id=2260, stack(0x000000f786c00000,0x000000f786d00000)]
  0x000002529a18f000 JavaThread "jar transforms Thread 79" [_thread_blocked, id=2468, stack(0x000000f786d00000,0x000000f786e00000)]
  0x000002529a189800 JavaThread "jar transforms Thread 80" [_thread_blocked, id=3492, stack(0x000000f786e00000,0x000000f786f00000)]
  0x0000025298727800 JavaThread "jar transforms Thread 81" [_thread_blocked, id=4956, stack(0x000000f786f00000,0x000000f787000000)]
  0x0000025298728000 JavaThread "jar transforms Thread 82" [_thread_blocked, id=5920, stack(0x000000f787000000,0x000000f787100000)]
  0x0000025298723000 JavaThread "jar transforms Thread 83" [_thread_blocked, id=6668, stack(0x000000f787100000,0x000000f787200000)]
  0x0000025298725000 JavaThread "jar transforms Thread 84" [_thread_blocked, id=6408, stack(0x000000f787200000,0x000000f787300000)]
  0x0000025298729000 JavaThread "jar transforms Thread 85" [_thread_blocked, id=6108, stack(0x000000f787300000,0x000000f787400000)]
  0x0000025298729800 JavaThread "jar transforms Thread 86" [_thread_blocked, id=2032, stack(0x000000f787400000,0x000000f787500000)]
  0x0000025298724000 JavaThread "jar transforms Thread 87" [_thread_blocked, id=1076, stack(0x000000f787500000,0x000000f787600000)]
  0x000002529872a800 JavaThread "jar transforms Thread 88" [_thread_blocked, id=3080, stack(0x000000f787600000,0x000000f787700000)]
  0x0000025298726800 JavaThread "jar transforms Thread 89" [_thread_blocked, id=5820, stack(0x000000f787700000,0x000000f787800000)]
  0x000002529872b800 JavaThread "jar transforms Thread 90" [_thread_blocked, id=5188, stack(0x000000f787800000,0x000000f787900000)]
  0x0000025298725800 JavaThread "jar transforms Thread 91" [_thread_blocked, id=2892, stack(0x000000f787900000,0x000000f787a00000)]
  0x000002529872c000 JavaThread "jar transforms Thread 92" [_thread_blocked, id=5284, stack(0x000000f787a00000,0x000000f787b00000)]
  0x0000025298731000 JavaThread "jar transforms Thread 93" [_thread_blocked, id=5320, stack(0x000000f787b00000,0x000000f787c00000)]
  0x000002529872e000 JavaThread "jar transforms Thread 94" [_thread_blocked, id=6388, stack(0x000000f787c00000,0x000000f787d00000)]
  0x000002529872d000 JavaThread "jar transforms Thread 95" [_thread_blocked, id=6184, stack(0x000000f787d00000,0x000000f787e00000)]
  0x000002529872e800 JavaThread "jar transforms Thread 96" [_thread_blocked, id=2476, stack(0x000000f787e00000,0x000000f787f00000)]
  0x000002529872f800 JavaThread "jar transforms Thread 97" [_thread_blocked, id=1456, stack(0x000000f787f00000,0x000000f788000000)]
  0x0000025298730000 JavaThread "jar transforms Thread 98" [_thread_blocked, id=2104, stack(0x000000f788000000,0x000000f788100000)]
  0x0000025298732000 JavaThread "jar transforms Thread 99" [_thread_blocked, id=5624, stack(0x000000f788100000,0x000000f788200000)]
  0x0000025297e37000 JavaThread "jar transforms Thread 100" [_thread_blocked, id=6076, stack(0x000000f788200000,0x000000f788300000)]
  0x0000025297e38000 JavaThread "jar transforms Thread 101" [_thread_blocked, id=656, stack(0x000000f788300000,0x000000f788400000)]
  0x0000025297e32000 JavaThread "jar transforms Thread 102" [_thread_blocked, id=2144, stack(0x000000f788400000,0x000000f788500000)]
  0x0000025297e33000 JavaThread "jar transforms Thread 103" [_thread_blocked, id=6312, stack(0x000000f788500000,0x000000f788600000)]
  0x0000025297e35800 JavaThread "jar transforms Thread 104" [_thread_blocked, id=4480, stack(0x000000f788600000,0x000000f788700000)]
  0x0000025297e34800 JavaThread "jar transforms Thread 105" [_thread_blocked, id=5148, stack(0x000000f788700000,0x000000f788800000)]
  0x0000025297e34000 JavaThread "jar transforms Thread 106" [_thread_blocked, id=3640, stack(0x000000f788800000,0x000000f788900000)]
  0x0000025297e3b000 JavaThread "jar transforms Thread 107" [_thread_blocked, id=3844, stack(0x000000f788900000,0x000000f788a00000)]
  0x0000025297e38800 JavaThread "jar transforms Thread 108" [_thread_blocked, id=2120, stack(0x000000f788a00000,0x000000f788b00000)]
  0x0000025297e39800 JavaThread "jar transforms Thread 109" [_thread_blocked, id=4852, stack(0x000000f788b00000,0x000000f788c00000)]
  0x0000025297e36000 JavaThread "jar transforms Thread 110" [_thread_blocked, id=3064, stack(0x000000f788c00000,0x000000f788d00000)]
  0x0000025297e3c000 JavaThread "jar transforms Thread 111" [_thread_blocked, id=1776, stack(0x000000f788d00000,0x000000f788e00000)]
  0x0000025297e3a800 JavaThread "jar transforms Thread 112" [_thread_blocked, id=4128, stack(0x000000f788e00000,0x000000f788f00000)]
  0x0000025297e41000 JavaThread "jar transforms Thread 113" [_thread_blocked, id=6288, stack(0x000000f788f00000,0x000000f789000000)]
  0x0000025297e3d000 JavaThread "jar transforms Thread 114" [_thread_blocked, id=884, stack(0x000000f789000000,0x000000f789100000)]
  0x0000025297e3d800 JavaThread "jar transforms Thread 115" [_thread_blocked, id=396, stack(0x000000f789100000,0x000000f789200000)]
  0x0000025297e3e800 JavaThread "jar transforms Thread 116" [_thread_blocked, id=944, stack(0x000000f789200000,0x000000f789300000)]
  0x0000025297e3f000 JavaThread "jar transforms Thread 117" [_thread_blocked, id=2396, stack(0x000000f789300000,0x000000f789400000)]
  0x0000025297e40000 JavaThread "jar transforms Thread 118" [_thread_blocked, id=6092, stack(0x000000f789400000,0x000000f789500000)]
  0x0000025298898000 JavaThread "jar transforms Thread 119" [_thread_blocked, id=5728, stack(0x000000f789500000,0x000000f789600000)]
  0x000002529889c800 JavaThread "Memory manager" [_thread_blocked, id=5936, stack(0x000000f789600000,0x000000f789700000)]

Other Threads:
=>0x00000252fe9e2000 VMThread "VM Thread" [stack: 0x000000f7ffb00000,0x000000f7ffc00000] [id=488]
  0x00000252ff3e1800 WatcherThread [stack: 0x000000f780500000,0x000000f780600000] [id=3044]
  0x00000252fa307800 GCTaskThread "GC Thread#0" [stack: 0x000000f7ff600000,0x000000f7ff700000] [id=5732]
  0x00000252ff600800 GCTaskThread "GC Thread#1" [stack: 0x000000f780600000,0x000000f780700000] [id=5472]
  0x00000252fa33a000 ConcurrentGCThread "G1 Main Marker" [stack: 0x000000f7ff700000,0x000000f7ff800000] [id=5036]
  0x00000252fa33e000 ConcurrentGCThread "G1 Conc#0" [stack: 0x000000f7ff800000,0x000000f7ff900000] [id=6488]
  0x00000252fa38e000 ConcurrentGCThread "G1 Refine#0" [stack: 0x000000f7ff900000,0x000000f7ffa00000] [id=5424]
  0x00000252fa38f000 ConcurrentGCThread "G1 Young RemSet Sampling" [stack: 0x000000f7ffa00000,0x000000f7ffb00000] [id=6460]

Threads with active compile tasks:
C2 CompilerThread0  80017 7300  s    4       java.io.DataOutputStream::write (16 bytes)

VM state:at safepoint (normal execution)

VM Mutex/Monitor currently owned by a thread:  ([mutex/lock_event])
[0x00000252fa2eadf0] Threads_lock - owner thread: 0x00000252fe9e2000
[0x00000252fa2eb660] Heap_lock - owner thread: 0x00000252959f5000

Heap address: 0x0000000080000000, size: 2048 MB, Compressed Oops mode: 32-bit
Narrow klass base: 0x0000000000000000, Narrow klass shift: 3
Compressed class space size: 1073741824 Address: 0x0000000100000000

Heap:
 garbage-first heap   total 185344K, used 86974K [0x0000000080000000, 0x0000000100000000)
  region size 1024K, 3 young (3072K), 3 survivors (3072K)
 Metaspace       used 75104K, capacity 76911K, committed 77180K, reserved 1116160K
  class space    used 9602K, capacity 10224K, committed 10240K, reserved 1048576K
Heap Regions: E=young(eden), S=young(survivor), O=old, HS=humongous(starts), HC=humongous(continues), CS=collection set, F=free, A=archive, TAMS=top-at-mark-start (previous, next)
|   0|0x0000000080000000, 0x0000000080100000, 0x0000000080100000|100%| O|  |TAMS 0x0000000080100000, 0x0000000080000000| Untracked 
|   1|0x0000000080100000, 0x0000000080200000, 0x0000000080200000|100%| O|  |TAMS 0x0000000080200000, 0x0000000080100000| Untracked 
|   2|0x0000000080200000, 0x0000000080300000, 0x0000000080300000|100%| O|  |TAMS 0x0000000080300000, 0x0000000080200000| Untracked 
|   3|0x0000000080300000, 0x0000000080400000, 0x0000000080400000|100%| O|  |TAMS 0x0000000080400000, 0x0000000080300000| Untracked 
|   4|0x0000000080400000, 0x0000000080500000, 0x0000000080500000|100%|HS|  |TAMS 0x0000000080500000, 0x0000000080400000| Complete 
|   5|0x0000000080500000, 0x0000000080600000, 0x0000000080600000|100%|HC|  |TAMS 0x0000000080600000, 0x0000000080500000| Complete 
|   6|0x0000000080600000, 0x0000000080700000, 0x0000000080700000|100%|HC|  |TAMS 0x0000000080700000, 0x0000000080600000| Complete 
|   7|0x0000000080700000, 0x0000000080800000, 0x0000000080800000|100%| O|  |TAMS 0x0000000080800000, 0x0000000080700000| Untracked 
|   8|0x0000000080800000, 0x0000000080900000, 0x0000000080900000|100%| O|  |TAMS 0x0000000080900000, 0x0000000080800000| Untracked 
|   9|0x0000000080900000, 0x0000000080a00000, 0x0000000080a00000|100%| O|  |TAMS 0x0000000080a00000, 0x0000000080900000| Untracked 
|  10|0x0000000080a00000, 0x0000000080b00000, 0x0000000080b00000|100%| O|  |TAMS 0x0000000080b00000, 0x0000000080a00000| Untracked 
|  11|0x0000000080b00000, 0x0000000080c00000, 0x0000000080c00000|100%| O|  |TAMS 0x0000000080c00000, 0x0000000080b00000| Untracked 
|  12|0x0000000080c00000, 0x0000000080d00000, 0x0000000080d00000|100%| O|  |TAMS 0x0000000080d00000, 0x0000000080c00000| Untracked 
|  13|0x0000000080d00000, 0x0000000080e00000, 0x0000000080e00000|100%| O|  |TAMS 0x0000000080e00000, 0x0000000080d00000| Untracked 
|  14|0x0000000080e00000, 0x0000000080f00000, 0x0000000080f00000|100%| O|  |TAMS 0x0000000080f00000, 0x0000000080e00000| Untracked 
|  15|0x0000000080f00000, 0x0000000081000000, 0x0000000081000000|100%| O|  |TAMS 0x0000000081000000, 0x0000000080f00000| Untracked 
|  16|0x0000000081000000, 0x0000000081100000, 0x0000000081100000|100%|HS|  |TAMS 0x0000000081100000, 0x0000000081000000| Complete 
|  17|0x0000000081100000, 0x0000000081200000, 0x0000000081200000|100%|HC|  |TAMS 0x0000000081200000, 0x0000000081100000| Complete 
|  18|0x0000000081200000, 0x0000000081300000, 0x0000000081300000|100%|HS|  |TAMS 0x0000000081300000, 0x0000000081200000| Complete 
|  19|0x0000000081300000, 0x0000000081400000, 0x0000000081400000|100%|HC|  |TAMS 0x0000000081400000, 0x0000000081300000| Complete 
|  20|0x0000000081400000, 0x0000000081500000, 0x0000000081500000|100%|HC|  |TAMS 0x0000000081500000, 0x0000000081400000| Complete 
|  21|0x0000000081500000, 0x0000000081600000, 0x0000000081600000|100%|HS|  |TAMS 0x0000000081600000, 0x0000000081500000| Complete 
|  22|0x0000000081600000, 0x0000000081700000, 0x0000000081700000|100%|HC|  |TAMS 0x0000000081700000, 0x0000000081600000| Complete 
|  23|0x0000000081700000, 0x0000000081800000, 0x0000000081800000|100%|HC|  |TAMS 0x0000000081800000, 0x0000000081700000| Complete 
|  24|0x0000000081800000, 0x0000000081900000, 0x0000000081900000|100%|HC|  |TAMS 0x0000000081900000, 0x0000000081800000| Complete 
|  25|0x0000000081900000, 0x0000000081a00000, 0x0000000081a00000|100%| O|  |TAMS 0x0000000081a00000, 0x0000000081900000| Untracked 
|  26|0x0000000081a00000, 0x0000000081b00000, 0x0000000081b00000|100%| O|  |TAMS 0x0000000081b00000, 0x0000000081a00000| Untracked 
|  27|0x0000000081b00000, 0x0000000081c00000, 0x0000000081c00000|100%| O|  |TAMS 0x0000000081c00000, 0x0000000081b00000| Untracked 
|  28|0x0000000081c00000, 0x0000000081d00000, 0x0000000081d00000|100%| O|  |TAMS 0x0000000081d00000, 0x0000000081c00000| Untracked 
|  29|0x0000000081d00000, 0x0000000081e00000, 0x0000000081e00000|100%| O|  |TAMS 0x0000000081e00000, 0x0000000081d00000| Untracked 
|  30|0x0000000081e00000, 0x0000000081f00000, 0x0000000081f00000|100%| O|  |TAMS 0x0000000081f00000, 0x0000000081e00000| Untracked 
|  31|0x0000000081f00000, 0x0000000082000000, 0x0000000082000000|100%| O|  |TAMS 0x0000000082000000, 0x0000000081f00000| Untracked 
|  32|0x0000000082000000, 0x0000000082100000, 0x0000000082100000|100%| O|  |TAMS 0x0000000082100000, 0x0000000082000000| Untracked 
|  33|0x0000000082100000, 0x0000000082200000, 0x0000000082200000|100%| O|  |TAMS 0x0000000082200000, 0x0000000082100000| Untracked 
|  34|0x0000000082200000, 0x0000000082300000, 0x0000000082300000|100%| O|  |TAMS 0x0000000082300000, 0x0000000082200000| Untracked 
|  35|0x0000000082300000, 0x0000000082400000, 0x0000000082400000|100%| O|  |TAMS 0x0000000082400000, 0x0000000082300000| Untracked 
|  36|0x0000000082400000, 0x0000000082500000, 0x0000000082500000|100%|HS|  |TAMS 0x0000000082500000, 0x0000000082400000| Complete 
|  37|0x0000000082500000, 0x0000000082600000, 0x0000000082600000|100%|HC|  |TAMS 0x0000000082600000, 0x0000000082500000| Complete 
|  38|0x0000000082600000, 0x0000000082700000, 0x0000000082700000|100%|HC|  |TAMS 0x0000000082700000, 0x0000000082600000| Complete 
|  39|0x0000000082700000, 0x0000000082800000, 0x0000000082800000|100%|HC|  |TAMS 0x0000000082800000, 0x0000000082700000| Complete 
|  40|0x0000000082800000, 0x0000000082900000, 0x0000000082900000|100%|HS|  |TAMS 0x0000000082900000, 0x0000000082800000| Complete 
|  41|0x0000000082900000, 0x0000000082a00000, 0x0000000082a00000|100%|HC|  |TAMS 0x0000000082a00000, 0x0000000082900000| Complete 
|  42|0x0000000082a00000, 0x0000000082b00000, 0x0000000082b00000|100%|HC|  |TAMS 0x0000000082b00000, 0x0000000082a00000| Complete 
|  43|0x0000000082b00000, 0x0000000082c00000, 0x0000000082c00000|100%| O|  |TAMS 0x0000000082c00000, 0x0000000082b00000| Untracked 
|  44|0x0000000082c00000, 0x0000000082d00000, 0x0000000082d00000|100%| O|  |TAMS 0x0000000082d00000, 0x0000000082c00000| Untracked 
|  45|0x0000000082d00000, 0x0000000082e00000, 0x0000000082e00000|100%| O|  |TAMS 0x0000000082e00000, 0x0000000082d00000| Untracked 
|  46|0x0000000082e00000, 0x0000000082f00000, 0x0000000082f00000|100%| O|  |TAMS 0x0000000082f00000, 0x0000000082e00000| Untracked 
|  47|0x0000000082f00000, 0x0000000083000000, 0x0000000083000000|100%| O|  |TAMS 0x0000000083000000, 0x0000000082f00000| Untracked 
|  48|0x0000000083000000, 0x0000000083100000, 0x0000000083100000|100%| O|  |TAMS 0x0000000083100000, 0x0000000083000000| Untracked 
|  49|0x0000000083100000, 0x0000000083200000, 0x0000000083200000|100%| O|  |TAMS 0x0000000083200000, 0x0000000083100000| Untracked 
|  50|0x0000000083200000, 0x0000000083300000, 0x0000000083300000|100%| O|  |TAMS 0x0000000083300000, 0x0000000083200000| Untracked 
|  51|0x0000000083300000, 0x0000000083400000, 0x0000000083400000|100%| O|  |TAMS 0x0000000083400000, 0x0000000083300000| Untracked 
|  52|0x0000000083400000, 0x0000000083500000, 0x0000000083500000|100%| O|  |TAMS 0x0000000083500000, 0x0000000083400000| Untracked 
|  53|0x0000000083500000, 0x0000000083600000, 0x0000000083600000|100%| O|  |TAMS 0x0000000083600000, 0x0000000083500000| Untracked 
|  54|0x0000000083600000, 0x0000000083700000, 0x0000000083700000|100%| O|  |TAMS 0x0000000083700000, 0x0000000083600000| Untracked 
|  55|0x0000000083700000, 0x0000000083800000, 0x0000000083800000|100%| O|  |TAMS 0x0000000083800000, 0x0000000083700000| Untracked 
|  56|0x0000000083800000, 0x0000000083900000, 0x0000000083900000|100%| O|  |TAMS 0x0000000083900000, 0x0000000083800000| Untracked 
|  57|0x0000000083900000, 0x0000000083a00000, 0x0000000083a00000|100%|HS|  |TAMS 0x0000000083a00000, 0x0000000083900000| Complete 
|  58|0x0000000083a00000, 0x0000000083b00000, 0x0000000083b00000|100%|HS|  |TAMS 0x0000000083b00000, 0x0000000083a00000| Complete 
|  59|0x0000000083b00000, 0x0000000083c00000, 0x0000000083c00000|100%| O|  |TAMS 0x0000000083c00000, 0x0000000083b00000| Untracked 
|  60|0x0000000083c00000, 0x0000000083d00000, 0x0000000083d00000|100%|HS|  |TAMS 0x0000000083d00000, 0x0000000083c00000| Complete 
|  61|0x0000000083d00000, 0x0000000083e00000, 0x0000000083e00000|100%|HC|  |TAMS 0x0000000083e00000, 0x0000000083d00000| Complete 
|  62|0x0000000083e00000, 0x0000000083f00000, 0x0000000083f00000|100%|HC|  |TAMS 0x0000000083f00000, 0x0000000083e00000| Complete 
|  63|0x0000000083f00000, 0x0000000084000000, 0x0000000084000000|100%| O|  |TAMS 0x0000000084000000, 0x0000000083f00000| Untracked 
|  64|0x0000000084000000, 0x0000000084100000, 0x0000000084100000|100%| O|  |TAMS 0x0000000084100000, 0x0000000084000000| Untracked 
|  65|0x0000000084100000, 0x0000000084200000, 0x0000000084200000|100%|HS|  |TAMS 0x0000000084200000, 0x0000000084100000| Complete 
|  66|0x0000000084200000, 0x0000000084300000, 0x0000000084300000|100%|HC|  |TAMS 0x0000000084300000, 0x0000000084200000| Complete 
|  67|0x0000000084300000, 0x0000000084400000, 0x0000000084400000|100%| O|  |TAMS 0x0000000084400000, 0x0000000084300000| Untracked 
|  68|0x0000000084400000, 0x0000000084500000, 0x0000000084500000|100%| O|  |TAMS 0x0000000084500000, 0x0000000084400000| Untracked 
|  69|0x0000000084500000, 0x0000000084600000, 0x0000000084600000|100%| O|  |TAMS 0x0000000084600000, 0x0000000084500000| Untracked 
|  70|0x0000000084600000, 0x0000000084700000, 0x0000000084700000|100%| O|  |TAMS 0x0000000084700000, 0x0000000084600000| Untracked 
|  71|0x0000000084700000, 0x0000000084800000, 0x0000000084800000|100%| O|  |TAMS 0x0000000084800000, 0x0000000084700000| Untracked 
|  72|0x0000000084800000, 0x0000000084900000, 0x0000000084900000|100%| O|  |TAMS 0x0000000084900000, 0x0000000084800000| Untracked 
|  73|0x0000000084900000, 0x0000000084a00000, 0x0000000084a00000|100%| O|  |TAMS 0x0000000084a00000, 0x0000000084900000| Untracked 
|  74|0x0000000084a00000, 0x0000000084b00000, 0x0000000084b00000|100%| O|  |TAMS 0x0000000084b00000, 0x0000000084a00000| Untracked 
|  75|0x0000000084b00000, 0x0000000084c00000, 0x0000000084c00000|100%| O|  |TAMS 0x0000000084c00000, 0x0000000084b00000| Untracked 
|  76|0x0000000084c00000, 0x0000000084d00000, 0x0000000084d00000|100%| O|  |TAMS 0x0000000084d00000, 0x0000000084c00000| Untracked 
|  77|0x0000000084d00000, 0x0000000084e00000, 0x0000000084e00000|100%| O|  |TAMS 0x0000000084e00000, 0x0000000084d00000| Untracked 
|  78|0x0000000084e00000, 0x0000000084f00000, 0x0000000084f00000|100%| O|  |TAMS 0x0000000084f00000, 0x0000000084e00000| Untracked 
|  79|0x0000000084f00000, 0x0000000085000000, 0x0000000085000000|100%| O|  |TAMS 0x0000000085000000, 0x0000000084f00000| Untracked 
|  80|0x0000000085000000, 0x0000000085100000, 0x0000000085100000|100%| O|  |TAMS 0x0000000085100000, 0x0000000085000000| Untracked 
|  81|0x0000000085100000, 0x0000000085200000, 0x0000000085200000|100%| O|  |TAMS 0x0000000085137a00, 0x0000000085100000| Untracked 
|  82|0x0000000085200000, 0x0000000085244000, 0x0000000085300000| 26%| O|  |TAMS 0x0000000085200000, 0x0000000085200000| Untracked 
|  83|0x0000000085300000, 0x0000000085300000, 0x0000000085400000|  0%| F|  |TAMS 0x0000000085300000, 0x0000000085300000| Untracked 
|  84|0x0000000085400000, 0x0000000085400000, 0x0000000085500000|  0%| F|  |TAMS 0x0000000085400000, 0x0000000085400000| Untracked 
|  85|0x0000000085500000, 0x0000000085500000, 0x0000000085600000|  0%| F|  |TAMS 0x0000000085500000, 0x0000000085500000| Untracked 
|  86|0x0000000085600000, 0x0000000085600000, 0x0000000085700000|  0%| F|  |TAMS 0x0000000085600000, 0x0000000085600000| Untracked 
|  87|0x0000000085700000, 0x0000000085700000, 0x0000000085800000|  0%| F|  |TAMS 0x0000000085700000, 0x0000000085700000| Untracked 
|  88|0x0000000085800000, 0x0000000085800000, 0x0000000085900000|  0%| F|  |TAMS 0x0000000085800000, 0x0000000085800000| Untracked 
|  89|0x0000000085900000, 0x0000000085900000, 0x0000000085a00000|  0%| F|  |TAMS 0x0000000085900000, 0x0000000085900000| Untracked 
|  90|0x0000000085a00000, 0x0000000085a00000, 0x0000000085b00000|  0%| F|  |TAMS 0x0000000085a00000, 0x0000000085a00000| Untracked 
|  91|0x0000000085b00000, 0x0000000085b00000, 0x0000000085c00000|  0%| F|  |TAMS 0x0000000085b00000, 0x0000000085b00000| Untracked 
|  92|0x0000000085c00000, 0x0000000085c00000, 0x0000000085d00000|  0%| F|  |TAMS 0x0000000085c00000, 0x0000000085c00000| Untracked 
|  93|0x0000000085d00000, 0x0000000085d00000, 0x0000000085e00000|  0%| F|  |TAMS 0x0000000085d00000, 0x0000000085d00000| Untracked 
|  94|0x0000000085e00000, 0x0000000085e00000, 0x0000000085f00000|  0%| F|  |TAMS 0x0000000085e00000, 0x0000000085e00000| Untracked 
|  95|0x0000000085f00000, 0x0000000085f00000, 0x0000000086000000|  0%| F|  |TAMS 0x0000000085f00000, 0x0000000085f00000| Untracked 
|  96|0x0000000086000000, 0x0000000086000000, 0x0000000086100000|  0%| F|  |TAMS 0x0000000086000000, 0x0000000086000000| Untracked 
|  97|0x0000000086100000, 0x0000000086100000, 0x0000000086200000|  0%| F|  |TAMS 0x0000000086100000, 0x0000000086100000| Untracked 
|  98|0x0000000086200000, 0x0000000086200000, 0x0000000086300000|  0%| F|  |TAMS 0x0000000086200000, 0x0000000086200000| Untracked 
|  99|0x0000000086300000, 0x0000000086300000, 0x0000000086400000|  0%| F|  |TAMS 0x0000000086300000, 0x0000000086300000| Untracked 
| 100|0x0000000086400000, 0x0000000086400000, 0x0000000086500000|  0%| F|  |TAMS 0x0000000086400000, 0x0000000086400000| Untracked 
| 101|0x0000000086500000, 0x0000000086500000, 0x0000000086600000|  0%| F|  |TAMS 0x0000000086500000, 0x0000000086500000| Untracked 
| 102|0x0000000086600000, 0x0000000086600000, 0x0000000086700000|  0%| F|  |TAMS 0x0000000086600000, 0x0000000086600000| Untracked 
| 103|0x0000000086700000, 0x0000000086700000, 0x0000000086800000|  0%| F|  |TAMS 0x0000000086700000, 0x0000000086700000| Untracked 
| 104|0x0000000086800000, 0x0000000086800000, 0x0000000086900000|  0%| F|  |TAMS 0x0000000086800000, 0x0000000086800000| Untracked 
| 105|0x0000000086900000, 0x0000000086900000, 0x0000000086a00000|  0%| F|  |TAMS 0x0000000086900000, 0x0000000086900000| Untracked 
| 106|0x0000000086a00000, 0x0000000086a00000, 0x0000000086b00000|  0%| F|  |TAMS 0x0000000086a00000, 0x0000000086a00000| Untracked 
| 107|0x0000000086b00000, 0x0000000086babbe8, 0x0000000086c00000| 67%| S|CS|TAMS 0x0000000086b00000, 0x0000000086b00000| Complete 
| 108|0x0000000086c00000, 0x0000000086c00000, 0x0000000086d00000|  0%| F|  |TAMS 0x0000000086c00000, 0x0000000086c00000| Untracked 
| 109|0x0000000086d00000, 0x0000000086d00000, 0x0000000086e00000|  0%| F|  |TAMS 0x0000000086d00000, 0x0000000086d00000| Untracked 
| 110|0x0000000086e00000, 0x0000000086e00000, 0x0000000086f00000|  0%| F|  |TAMS 0x0000000086e00000, 0x0000000086e00000| Untracked 
| 111|0x0000000086f00000, 0x0000000087000000, 0x0000000087000000|100%| S|CS|TAMS 0x0000000086f00000, 0x0000000086f00000| Complete 
| 112|0x0000000087000000, 0x0000000087100000, 0x0000000087100000|100%| S|CS|TAMS 0x0000000087000000, 0x0000000087000000| Complete 
| 113|0x0000000087100000, 0x0000000087100000, 0x0000000087200000|  0%| F|  |TAMS 0x0000000087100000, 0x0000000087100000| Untracked 
| 114|0x0000000087200000, 0x0000000087200000, 0x0000000087300000|  0%| F|  |TAMS 0x0000000087200000, 0x0000000087200000| Untracked 
| 115|0x0000000087300000, 0x0000000087300000, 0x0000000087400000|  0%| F|  |TAMS 0x0000000087300000, 0x0000000087300000| Untracked 
| 116|0x0000000087400000, 0x0000000087400000, 0x0000000087500000|  0%| F|  |TAMS 0x0000000087400000, 0x0000000087400000| Untracked 
| 117|0x0000000087500000, 0x0000000087500000, 0x0000000087600000|  0%| F|  |TAMS 0x0000000087500000, 0x0000000087500000| Untracked 
| 118|0x0000000087600000, 0x0000000087600000, 0x0000000087700000|  0%| F|  |TAMS 0x0000000087600000, 0x0000000087600000| Untracked 
| 119|0x0000000087700000, 0x0000000087700000, 0x0000000087800000|  0%| F|  |TAMS 0x0000000087700000, 0x0000000087700000| Untracked 
| 120|0x0000000087800000, 0x0000000087800000, 0x0000000087900000|  0%| F|  |TAMS 0x0000000087800000, 0x0000000087800000| Untracked 
| 121|0x0000000087900000, 0x0000000087900000, 0x0000000087a00000|  0%| F|  |TAMS 0x0000000087900000, 0x0000000087900000| Untracked 
| 122|0x0000000087a00000, 0x0000000087a00000, 0x0000000087b00000|  0%| F|  |TAMS 0x0000000087a00000, 0x0000000087a00000| Untracked 
| 123|0x0000000087b00000, 0x0000000087b00000, 0x0000000087c00000|  0%| F|  |TAMS 0x0000000087b00000, 0x0000000087b00000| Untracked 
| 124|0x0000000087c00000, 0x0000000087c00000, 0x0000000087d00000|  0%| F|  |TAMS 0x0000000087c00000, 0x0000000087c00000| Untracked 
| 125|0x0000000087d00000, 0x0000000087d00000, 0x0000000087e00000|  0%| F|  |TAMS 0x0000000087d00000, 0x0000000087d00000| Untracked 
| 126|0x0000000087e00000, 0x0000000087e00000, 0x0000000087f00000|  0%| F|  |TAMS 0x0000000087e00000, 0x0000000087e00000| Untracked 
| 127|0x0000000087f00000, 0x0000000087f00000, 0x0000000088000000|  0%| F|  |TAMS 0x0000000087f00000, 0x0000000087f00000| Untracked 
| 128|0x0000000088000000, 0x0000000088000000, 0x0000000088100000|  0%| F|  |TAMS 0x0000000088000000, 0x0000000088000000| Untracked 
| 129|0x0000000088100000, 0x0000000088100000, 0x0000000088200000|  0%| F|  |TAMS 0x0000000088100000, 0x0000000088100000| Untracked 
| 130|0x0000000088200000, 0x0000000088200000, 0x0000000088300000|  0%| F|  |TAMS 0x0000000088200000, 0x0000000088200000| Untracked 
| 131|0x0000000088300000, 0x0000000088300000, 0x0000000088400000|  0%| F|  |TAMS 0x0000000088300000, 0x0000000088300000| Untracked 
| 132|0x0000000088400000, 0x0000000088400000, 0x0000000088500000|  0%| F|  |TAMS 0x0000000088400000, 0x0000000088400000| Untracked 
| 133|0x0000000088500000, 0x0000000088500000, 0x0000000088600000|  0%| F|  |TAMS 0x0000000088500000, 0x0000000088500000| Untracked 
| 134|0x0000000088600000, 0x0000000088600000, 0x0000000088700000|  0%| F|  |TAMS 0x0000000088600000, 0x0000000088600000| Untracked 

Card table byte_map: [0x00000252fe070000,0x00000252fe470000] _byte_map_base: 0x00000252fdc70000

Marking Bits (Prev, Next): (CMBitMap*) 0x00000252fa3311a8, (CMBitMap*) 0x00000252fa3311e0
 Prev Bits: [0x000002528f000000, 0x0000025291000000)
 Next Bits: [0x0000025291000000, 0x0000025293000000)

Polling page: 0x00000252f9ad0000

Metaspace:

Usage:
  Non-class:     65.12 MB capacity,    63.97 MB ( 98%) used,  1022.55 KB (  2%) free+waste,   162.56 KB ( <1%) overhead. 
      Class:      9.98 MB capacity,     9.38 MB ( 94%) used,   545.87 KB (  5%) free+waste,    75.56 KB ( <1%) overhead. 
       Both:     75.11 MB capacity,    73.34 MB ( 98%) used,     1.53 MB (  2%) free+waste,   238.13 KB ( <1%) overhead. 

Virtual space:
  Non-class space:       66.00 MB reserved,      65.37 MB (>99%) committed 
      Class space:        1.00 GB reserved,      10.00 MB ( <1%) committed 
             Both:        1.06 GB reserved,      75.37 MB (  7%) committed 

Chunk freelists:
   Non-Class:  61.00 KB
       Class:  16.00 KB
        Both:  77.00 KB

MaxMetaspaceSize: 17179869184.00 GB
CompressedClassSpaceSize: 1.00 GB

CodeHeap 'non-profiled nmethods': size=120064Kb used=4174Kb max_used=4174Kb free=115889Kb
 bounds [0x0000025287ac0000, 0x0000025287ee0000, 0x000002528f000000]
CodeHeap 'profiled nmethods': size=120000Kb used=16272Kb max_used=16272Kb free=103727Kb
 bounds [0x0000025280590000, 0x0000025281580000, 0x0000025287ac0000]
CodeHeap 'non-nmethods': size=5696Kb used=2252Kb max_used=2291Kb free=3443Kb
 bounds [0x0000025280000000, 0x0000025280270000, 0x0000025280590000]
 total_blobs=7899 nmethods=7042 adapters=768
 compilation: enabled
              stopped_count=0, restarted_count=0
 full_count=0

Compilation events (20 events):
Event: 79.040 Thread 0x00000252ff27e800 7293       3       org.gradle.api.internal.project.DefaultProject::getExtensions (5 bytes)
Event: 79.041 Thread 0x00000252ff27e800 nmethod 7293 0x0000025281575f10 code [0x00000252815760e0, 0x0000025281576538]
Event: 79.104 Thread 0x00000252ff274800 nmethod 7280 0x0000025287ec5410 code [0x0000025287ec5b00, 0x0000025287ecc7e0]
Event: 79.105 Thread 0x00000252ff274800 7282       4       org.objectweb.asm.ClassReader::readInt (52 bytes)
Event: 79.107 Thread 0x00000252ff274800 nmethod 7282 0x0000025287ecf510 code [0x0000025287ecf6a0, 0x0000025287ecf798]
Event: 79.107 Thread 0x00000252ff274800 7281       4       groovy.lang.MetaClassImpl::makeReplacementMetaProperty (241 bytes)
Event: 79.185 Thread 0x00000252ff274800 nmethod 7281 0x0000025287ecf890 code [0x0000025287ecfac0, 0x0000025287ed0fc0]
Event: 79.208 Thread 0x00000252ff27e800 7294       1       sun.reflect.generics.tree.FormalTypeParameter::getName (5 bytes)
Event: 79.208 Thread 0x00000252ff27e800 nmethod 7294 0x0000025287ed1510 code [0x0000025287ed16c0, 0x0000025287ed1778]
Event: 79.208 Thread 0x00000252ff27e800 7295       1       sun.reflect.generics.tree.FormalTypeParameter::getBounds (5 bytes)
Event: 79.208 Thread 0x00000252ff27e800 nmethod 7295 0x0000025287ed1810 code [0x0000025287ed19c0, 0x0000025287ed1a78]
Event: 79.208 Thread 0x00000252ff27e800 7296       1       sun.reflect.generics.factory.CoreReflectionFactory::getDecl (5 bytes)
Event: 79.209 Thread 0x00000252ff27e800 nmethod 7296 0x0000025287ed1b10 code [0x0000025287ed1cc0, 0x0000025287ed1d78]
Event: 79.256 Thread 0x00000252ff274800 7297       4       java.lang.reflect.Method::getTypeParameters (20 bytes)
Event: 79.278 Thread 0x00000252ff27e800 7298       3       org.codehaus.groovy.reflection.ClassInfo::getMetaClassForClass (27 bytes)
Event: 79.279 Thread 0x00000252ff27e800 nmethod 7298 0x0000025281576690 code [0x00000252815768c0, 0x0000025281577148]
Event: 79.286 Thread 0x00000252ff27e800 7299       1       org.gradle.internal.logging.events.ProgressStartEvent::getProgressOperationId (5 bytes)
Event: 79.286 Thread 0x00000252ff27e800 nmethod 7299 0x0000025287ed1e10 code [0x0000025287ed1fc0, 0x0000025287ed2078]
Event: 79.308 Thread 0x00000252ff274800 nmethod 7297 0x0000025287ed2110 code [0x0000025287ed2360, 0x0000025287ed32e0]
Event: 79.368 Thread 0x00000252ff274800 7300  s    4       java.io.DataOutputStream::write (16 bytes)

GC Heap History (20 events):
Event: 61.497 GC heap after
{Heap after GC invocations=65 (full 0):
 garbage-first heap   total 95232K, used 75287K [0x0000000080000000, 0x0000000100000000)
  region size 1024K, 1 young (1024K), 1 survivors (1024K)
 Metaspace       used 61772K, capacity 63478K, committed 63612K, reserved 1103872K
  class space    used 7709K, capacity 8323K, committed 8448K, reserved 1048576K
}
Event: 61.595 GC heap before
{Heap before GC invocations=65 (full 0):
 garbage-first heap   total 95232K, used 79383K [0x0000000080000000, 0x0000000100000000)
  region size 1024K, 6 young (6144K), 1 survivors (1024K)
 Metaspace       used 61809K, capacity 63481K, committed 63612K, reserved 1103872K
  class space    used 7714K, capacity 8324K, committed 8448K, reserved 1048576K
}
Event: 61.607 GC heap after
{Heap after GC invocations=66 (full 0):
 garbage-first heap   total 114688K, used 76322K [0x0000000080000000, 0x0000000100000000)
  region size 1024K, 1 young (1024K), 1 survivors (1024K)
 Metaspace       used 61809K, capacity 63481K, committed 63612K, reserved 1103872K
  class space    used 7714K, capacity 8324K, committed 8448K, reserved 1048576K
}
Event: 63.057 GC heap before
{Heap before GC invocations=67 (full 0):
 garbage-first heap   total 114688K, used 87586K [0x0000000080000000, 0x0000000100000000)
  region size 1024K, 12 young (12288K), 1 survivors (1024K)
 Metaspace       used 63002K, capacity 64699K, committed 65020K, reserved 1105920K
  class space    used 7869K, capacity 8489K, committed 8576K, reserved 1048576K
}
Event: 63.068 GC heap after
{Heap after GC invocations=68 (full 0):
 garbage-first heap   total 114688K, used 77103K [0x0000000080000000, 0x0000000100000000)
  region size 1024K, 2 young (2048K), 2 survivors (2048K)
 Metaspace       used 63002K, capacity 64699K, committed 65020K, reserved 1105920K
  class space    used 7869K, capacity 8489K, committed 8576K, reserved 1048576K
}
Event: 64.007 GC heap before
{Heap before GC invocations=68 (full 0):
 garbage-first heap   total 114688K, used 87343K [0x0000000080000000, 0x0000000100000000)
  region size 1024K, 13 young (13312K), 2 survivors (2048K)
 Metaspace       used 64082K, capacity 65797K, committed 65916K, reserved 1105920K
  class space    used 7988K, capacity 8597K, committed 8704K, reserved 1048576K
}
Event: 64.023 GC heap after
{Heap after GC invocations=69 (full 0):
 garbage-first heap   total 114688K, used 78265K [0x0000000080000000, 0x0000000100000000)
  region size 1024K, 2 young (2048K), 2 survivors (2048K)
 Metaspace       used 64082K, capacity 65797K, committed 65916K, reserved 1105920K
  class space    used 7988K, capacity 8597K, committed 8704K, reserved 1048576K
}
Event: 65.345 GC heap before
{Heap before GC invocations=70 (full 0):
 garbage-first heap   total 114688K, used 91577K [0x0000000080000000, 0x0000000100000000)
  region size 1024K, 14 young (14336K), 2 survivors (2048K)
 Metaspace       used 65595K, capacity 67254K, committed 67324K, reserved 1107968K
  class space    used 8162K, capacity 8780K, committed 8832K, reserved 1048576K
}
Event: 65.357 GC heap after
{Heap after GC invocations=71 (full 0):
 garbage-first heap   total 114688K, used 78524K [0x0000000080000000, 0x0000000100000000)
  region size 1024K, 1 young (1024K), 1 survivors (1024K)
 Metaspace       used 65595K, capacity 67254K, committed 67324K, reserved 1107968K
  class space    used 8162K, capacity 8780K, committed 8832K, reserved 1048576K
}
Event: 66.783 GC heap before
{Heap before GC invocations=71 (full 0):
 garbage-first heap   total 114688K, used 90812K [0x0000000080000000, 0x0000000100000000)
  region size 1024K, 13 young (13312K), 1 survivors (1024K)
 Metaspace       used 66777K, capacity 68595K, committed 68732K, reserved 1110016K
  class space    used 8318K, capacity 8950K, committed 8960K, reserved 1048576K
}
Event: 66.793 GC heap after
{Heap after GC invocations=72 (full 0):
 garbage-first heap   total 138240K, used 78924K [0x0000000080000000, 0x0000000100000000)
  region size 1024K, 1 young (1024K), 1 survivors (1024K)
 Metaspace       used 66777K, capacity 68595K, committed 68732K, reserved 1110016K
  class space    used 8318K, capacity 8950K, committed 8960K, reserved 1048576K
}
Event: 67.975 GC heap before
{Heap before GC invocations=73 (full 0):
 garbage-first heap   total 138240K, used 100428K [0x0000000080000000, 0x0000000100000000)
  region size 1024K, 22 young (22528K), 1 survivors (1024K)
 Metaspace       used 67371K, capacity 69281K, committed 69372K, reserved 1110016K
  class space    used 8401K, capacity 9052K, committed 9088K, reserved 1048576K
}
Event: 67.995 GC heap after
{Heap after GC invocations=74 (full 0):
 garbage-first heap   total 138240K, used 80915K [0x0000000080000000, 0x0000000100000000)
  region size 1024K, 3 young (3072K), 3 survivors (3072K)
 Metaspace       used 67371K, capacity 69281K, committed 69372K, reserved 1110016K
  class space    used 8401K, capacity 9052K, committed 9088K, reserved 1048576K
}
Event: 69.124 GC heap before
{Heap before GC invocations=74 (full 0):
 garbage-first heap   total 138240K, used 102419K [0x0000000080000000, 0x0000000100000000)
  region size 1024K, 24 young (24576K), 3 survivors (3072K)
 Metaspace       used 68549K, capacity 70346K, committed 70524K, reserved 1110016K
  class space    used 8521K, capacity 9150K, committed 9216K, reserved 1048576K
}
Event: 69.148 GC heap after
{Heap after GC invocations=75 (full 0):
 garbage-first heap   total 138240K, used 83410K [0x0000000080000000, 0x0000000100000000)
  region size 1024K, 3 young (3072K), 3 survivors (3072K)
 Metaspace       used 68549K, capacity 70346K, committed 70524K, reserved 1110016K
  class space    used 8521K, capacity 9150K, committed 9216K, reserved 1048576K
}
Event: 72.865 GC heap before
{Heap before GC invocations=76 (full 0):
 garbage-first heap   total 138240K, used 104914K [0x0000000080000000, 0x0000000100000000)
  region size 1024K, 24 young (24576K), 3 survivors (3072K)
 Metaspace       used 71258K, capacity 73112K, committed 73340K, reserved 1114112K
  class space    used 9039K, capacity 9668K, committed 9728K, reserved 1048576K
}
Event: 72.999 GC heap after
{Heap after GC invocations=77 (full 0):
 garbage-first heap   total 138240K, used 84413K [0x0000000080000000, 0x0000000100000000)
  region size 1024K, 2 young (2048K), 2 survivors (2048K)
 Metaspace       used 71258K, capacity 73112K, committed 73340K, reserved 1114112K
  class space    used 9039K, capacity 9668K, committed 9728K, reserved 1048576K
}
Event: 76.035 GC heap before
{Heap before GC invocations=77 (full 0):
 garbage-first heap   total 138240K, used 106941K [0x0000000080000000, 0x0000000100000000)
  region size 1024K, 24 young (24576K), 2 survivors (2048K)
 Metaspace       used 73518K, capacity 75319K, committed 75516K, reserved 1114112K
  class space    used 9353K, capacity 9992K, committed 10112K, reserved 1048576K
}
Event: 76.095 GC heap after
{Heap after GC invocations=78 (full 0):
 garbage-first heap   total 138240K, used 86019K [0x0000000080000000, 0x0000000100000000)
  region size 1024K, 3 young (3072K), 3 survivors (3072K)
 Metaspace       used 73518K, capacity 75319K, committed 75516K, reserved 1114112K
  class space    used 9353K, capacity 9992K, committed 10112K, reserved 1048576K
}
Event: 79.373 GC heap before
{Heap before GC invocations=79 (full 0):
 garbage-first heap   total 138240K, used 108547K [0x0000000080000000, 0x0000000100000000)
  region size 1024K, 25 young (25600K), 3 survivors (3072K)
 Metaspace       used 75104K, capacity 76911K, committed 77180K, reserved 1116160K
  class space    used 9602K, capacity 10224K, committed 10240K, reserved 1048576K
}

Deoptimization events (20 events):
Event: 76.330 Thread 0x00000252959f5000 Uncommon trap: trap_request=0xffffff4d fr.pc=0x0000025287d56f34 relative=0x00000000000005d4
Event: 76.330 Thread 0x00000252959f5000 Uncommon trap: reason=unstable_if action=reinterpret pc=0x0000025287d56f34 method=java.lang.String.regionMatches(ZILjava/lang/String;II)Z @ 52 c2
Event: 76.330 Thread 0x00000252959f5000 DEOPT PACKING pc=0x0000025287d56f34 sp=0x000000f780ff93d0
Event: 76.330 Thread 0x00000252959f5000 DEOPT UNPACKING pc=0x00000252800266a9 sp=0x000000f780ff9380 mode 2
Event: 76.442 Thread 0x00000252959f5000 Uncommon trap: trap_request=0xffffffbe fr.pc=0x0000025287eb39d0 relative=0x0000000000000a30
Event: 76.442 Thread 0x00000252959f5000 Uncommon trap: reason=profile_predicate action=maybe_recompile pc=0x0000025287eb39d0 method=com.google.common.collect.ImmutableSet.construct(I[Ljava/lang/Object;)Lcom/google/common/collect/ImmutableSet; @ 68 c2
Event: 76.442 Thread 0x00000252959f5000 DEOPT PACKING pc=0x0000025287eb39d0 sp=0x000000f780ff95a0
Event: 76.442 Thread 0x00000252959f5000 DEOPT UNPACKING pc=0x00000252800266a9 sp=0x000000f780ff9540 mode 2
Event: 76.476 Thread 0x00000252959f5000 DEOPT PACKING pc=0x0000025281440824 sp=0x000000f780ff9570
Event: 76.476 Thread 0x00000252959f5000 DEOPT UNPACKING pc=0x00000252800264bf sp=0x000000f780ff8aa0 mode 0
Event: 77.428 Thread 0x00000252959f5000 Uncommon trap: trap_request=0xffffff7e fr.pc=0x0000025287eb6938 relative=0x0000000000000078
Event: 77.428 Thread 0x00000252959f5000 Uncommon trap: reason=predicate action=maybe_recompile pc=0x0000025287eb6938 method=java.util.ComparableTimSort.binarySort([Ljava/lang/Object;III)V @ 34 c2
Event: 77.428 Thread 0x00000252959f5000 DEOPT PACKING pc=0x0000025287eb6938 sp=0x000000f780ff9a90
Event: 77.428 Thread 0x00000252959f5000 DEOPT UNPACKING pc=0x00000252800266a9 sp=0x000000f780ff9a38 mode 2
Event: 78.450 Thread 0x00000252959f5000 Uncommon trap: trap_request=0xffffff4d fr.pc=0x0000025287df111c relative=0x00000000000019bc
Event: 78.450 Thread 0x00000252959f5000 Uncommon trap: reason=unstable_if action=reinterpret pc=0x0000025287df111c method=org.codehaus.groovy.reflection.CachedMethod.compareToMethod(Ljava/lang/reflect/Method;)I @ 71 c2
Event: 78.450 Thread 0x00000252959f5000 DEOPT PACKING pc=0x0000025287df111c sp=0x000000f780ff9a50
Event: 78.450 Thread 0x00000252959f5000 DEOPT UNPACKING pc=0x00000252800266a9 sp=0x000000f780ff98b8 mode 2
Event: 78.714 Thread 0x00000252959f5000 DEOPT PACKING pc=0x000002528118def1 sp=0x000000f780ff7590
Event: 78.714 Thread 0x00000252959f5000 DEOPT UNPACKING pc=0x00000252800264bf sp=0x000000f780ff6a88 mode 0

Classes redefined (0 events):
No events

Internal exceptions (20 events):
Event: 74.632 Thread 0x00000252959f5000 Exception <a 'java/lang/ClassNotFoundException'{0x0000000087996bb8}: com/android/build/gradle/internal/api/ApkVariantOutputImpl_DecoratedBeanInfo> (0x0000000087996bb8) thrown at [./src/hotspot/share/classfile/systemDictionary.cpp, line 231]
Event: 74.642 Thread 0x00000252959f5000 Exception <a 'java/lang/ClassNotFoundException'{0x00000000879adf30}: com/android/build/gradle/internal/api/ApkVariantOutputImplBeanInfo> (0x00000000879adf30) thrown at [./src/hotspot/share/classfile/systemDictionary.cpp, line 231]
Event: 74.644 Thread 0x00000252959f5000 Exception <a 'java/lang/ClassNotFoundException'{0x00000000879c5990}: com/android/build/gradle/internal/api/BaseVariantOutputImplBeanInfo> (0x00000000879c5990) thrown at [./src/hotspot/share/classfile/systemDictionary.cpp, line 231]
Event: 74.647 Thread 0x00000252959f5000 Exception <a 'java/lang/ClassNotFoundException'{0x00000000879dd418}: com/android/build/gradle/internal/api/BaseVariantOutputImplCustomizer> (0x00000000879dd418) thrown at [./src/hotspot/share/classfile/systemDictionary.cpp, line 231]
Event: 74.650 Thread 0x00000252959f5000 Exception <a 'java/lang/ClassNotFoundException'{0x0000000087807d48}: com/android/build/gradle/internal/api/ApkVariantOutputImplCustomizer> (0x0000000087807d48) thrown at [./src/hotspot/share/classfile/systemDictionary.cpp, line 231]
Event: 74.653 Thread 0x00000252959f5000 Exception <a 'java/lang/ClassNotFoundException'{0x000000008782dfe8}: com/android/build/gradle/internal/api/ApkVariantOutputImpl_DecoratedCustomizer> (0x000000008782dfe8) thrown at [./src/hotspot/share/classfile/systemDictionary.cpp, line 231]
Event: 74.901 Thread 0x00000252959f5000 Exception <a 'java/lang/ClassNotFoundException'{0x0000000087795058}: com/android/build/gradle/internal/api/ReadOnlyBuildTypeBeanInfo> (0x0000000087795058) thrown at [./src/hotspot/share/classfile/systemDictionary.cpp, line 231]
Event: 74.903 Thread 0x00000252959f5000 Exception <a 'java/lang/ClassNotFoundException'{0x00000000877abc70}: com/android/build/gradle/internal/api/ReadOnlyBaseConfigBeanInfo> (0x00000000877abc70) thrown at [./src/hotspot/share/classfile/systemDictionary.cpp, line 231]
Event: 74.904 Thread 0x00000252959f5000 Exception <a 'java/lang/ClassNotFoundException'{0x00000000877c2fb0}: com/android/build/gradle/internal/api/ReadOnlyBaseConfigCustomizer> (0x00000000877c2fb0) thrown at [./src/hotspot/share/classfile/systemDictionary.cpp, line 231]
Event: 74.907 Thread 0x00000252959f5000 Exception <a 'java/lang/ClassNotFoundException'{0x00000000877ea5f8}: com/android/build/gradle/internal/api/ReadOnlyBuildTypeCustomizer> (0x00000000877ea5f8) thrown at [./src/hotspot/share/classfile/systemDictionary.cpp, line 231]
Event: 76.960 Thread 0x00000252959f5000 Exception <a 'java/lang/ClassNotFoundException'{0x0000000087febcc8}: org/jetbrains/plugins/gradle/model/web/WebConfigurationBeanInfo> (0x0000000087febcc8) thrown at [./src/hotspot/share/classfile/systemDictionary.cpp, line 231]
Event: 76.961 Thread 0x00000252959f5000 Exception <a 'java/lang/ClassNotFoundException'{0x0000000087ffa848}: org/jetbrains/plugins/gradle/model/web/WebConfigurationCustomizer> (0x0000000087ffa848) thrown at [./src/hotspot/share/classfile/systemDictionary.cpp, line 231]
Event: 76.963 Thread 0x00000252959f5000 Exception <a 'java/lang/SecurityException'{0x0000000087e0c210}> (0x0000000087e0c210) thrown at [./src/hotspot/share/prims/jvm.cpp, line 1301]
Event: 76.980 Thread 0x00000252959f5000 Exception <a 'java/lang/ClassNotFoundException'{0x0000000087e20da8}: java/lang/ClassBeanInfo> (0x0000000087e20da8) thrown at [./src/hotspot/share/classfile/systemDictionary.cpp, line 231]
Event: 76.981 Thread 0x00000252959f5000 Exception <a 'java/lang/ClassNotFoundException'{0x0000000087e280a8}: java/lang/ClassCustomizer> (0x0000000087e280a8) thrown at [./src/hotspot/share/classfile/systemDictionary.cpp, line 231]
Event: 77.430 Thread 0x00000252959f5000 Exception <a 'java/lang/ClassNotFoundException'{0x0000000087ea1478}: org/jetbrains/plugins/gradle/model/scala/ScalaModelBeanInfo> (0x0000000087ea1478) thrown at [./src/hotspot/share/classfile/systemDictionary.cpp, line 231]
Event: 77.432 Thread 0x00000252959f5000 Exception <a 'java/lang/ClassNotFoundException'{0x0000000087eaff18}: org/jetbrains/plugins/gradle/model/scala/ScalaModelCustomizer> (0x0000000087eaff18) thrown at [./src/hotspot/share/classfile/systemDictionary.cpp, line 231]
Event: 78.212 Thread 0x00000252959f5000 Exception <a 'java/lang/ClassNotFoundException'{0x0000000087d98f28}: java/lang/StringBeanInfo> (0x0000000087d98f28) thrown at [./src/hotspot/share/classfile/systemDictionary.cpp, line 231]
Event: 78.228 Thread 0x00000252959f5000 Exception <a 'java/lang/ClassNotFoundException'{0x0000000087da0548}: java/lang/StringCustomizer> (0x0000000087da0548) thrown at [./src/hotspot/share/classfile/systemDictionary.cpp, line 231]
Event: 79.095 Thread 0x00000252959f5000 Exception <a 'java/lang/NoSuchMethodError'{0x0000000087342578}: 'java.lang.Object java.lang.invoke.Invokers$Holder.linkToTargetMethod(java.lang.Object, java.lang.Object, java.lang.Object, java.lang.Object, java.lang.Object, java.lang.Object, java.lang.Object)'> (0x0000000087342578) thrown at [./src/hotspot/share/interpreter/linkResolver.cpp, line 773]

Events (20 events):
Event: 79.273 loading class org/gradle/tooling/internal/adapter/ProtocolToModelAdapter$AdaptingMethodInvoker done
Event: 79.279 loading class org/gradle/plugins/ide/internal/tooling/model/DefaultGradleBuild
Event: 79.279 loading class org/gradle/plugins/ide/internal/tooling/model/DefaultGradleBuild done
Event: 79.283 loading class org/gradle/tooling/internal/adapter/ProtocolToModelAdapter$BeanMixInMethodInvoker
Event: 79.283 loading class org/gradle/tooling/internal/adapter/ProtocolToModelAdapter$BeanMixInMethodInvoker done
Event: 79.289 loading class org/jetbrains/plugins/gradle/tooling/serialization/SerializationService
Event: 79.289 loading class org/jetbrains/plugins/gradle/tooling/serialization/SerializationService done
Event: 79.319 loading class org/jetbrains/plugins/gradle/model/ProjectImportAction$DefaultBuild
Event: 79.319 loading class org/jetbrains/plugins/gradle/model/ProjectImportAction$DefaultBuild done
Event: 79.320 loading class org/gradle/tooling/internal/adapter/MethodInvocation
Event: 79.320 loading class org/gradle/tooling/internal/adapter/MethodInvocation done
Event: 79.322 loading class org/gradle/tooling/internal/adapter/ProtocolToModelAdapter$MethodInvocationCache$MethodInvocationKey
Event: 79.322 loading class org/gradle/tooling/internal/adapter/ProtocolToModelAdapter$MethodInvocationCache$MethodInvocationKey done
Event: 79.323 loading class org/gradle/internal/impldep/com/google/common/base/Optional
Event: 79.323 loading class org/gradle/internal/impldep/com/google/common/base/Optional done
Event: 79.345 loading class org/gradle/internal/impldep/com/google/common/base/Present
Event: 79.346 loading class org/gradle/internal/impldep/com/google/common/base/Present done
Event: 79.347 loading class org/gradle/internal/Cast
Event: 79.347 loading class org/gradle/internal/Cast done
Event: 79.372 Executing VM operation: G1CollectForAllocation


Dynamic libraries:
0x00007ff77eb30000 - 0x00007ff77eb3a000 	C:\Users\felip\OneDrive\Desktop\android-studio-ide-202.6987402-windows\android-studio\jre\bin\java.exe
0x00007ffbb9430000 - 0x00007ffbb9625000 	C:\Windows\SYSTEM32\ntdll.dll
0x00007ffbb2670000 - 0x00007ffbb2682000 	C:\Program Files\Avast Software\Avast\aswhook.dll
0x00007ffbb79a0000 - 0x00007ffbb7a5d000 	C:\Windows\System32\KERNEL32.DLL
0x00007ffbb6fa0000 - 0x00007ffbb7268000 	C:\Windows\System32\KERNELBASE.dll
0x00007ffbb6ba0000 - 0x00007ffbb6ca0000 	C:\Windows\System32\ucrtbase.dll
0x00007ffbb1b20000 - 0x00007ffbb1b39000 	C:\Users\felip\OneDrive\Desktop\android-studio-ide-202.6987402-windows\android-studio\jre\bin\jli.dll
0x00007ffbb8780000 - 0x00007ffbb8920000 	C:\Windows\System32\USER32.dll
0x00007ffbb6b70000 - 0x00007ffbb6b92000 	C:\Windows\System32\win32u.dll
0x00007ffbb7690000 - 0x00007ffbb76ba000 	C:\Windows\System32\GDI32.dll
0x00007ffbb6e90000 - 0x00007ffbb6f9b000 	C:\Windows\System32\gdi32full.dll
0x00007ffbb7400000 - 0x00007ffbb749d000 	C:\Windows\System32\msvcp_win.dll
0x00007ffbaf230000 - 0x00007ffbaf247000 	C:\Users\felip\OneDrive\Desktop\android-studio-ide-202.6987402-windows\android-studio\jre\bin\VCRUNTIME140.dll
0x00007ffba6c10000 - 0x00007ffba6eaa000 	C:\Windows\WinSxS\amd64_microsoft.windows.common-controls_6595b64144ccf1df_6.0.19041.1052_none_60b8f8fd71f5e8cb\COMCTL32.dll
0x00007ffbb84d0000 - 0x00007ffbb856e000 	C:\Windows\System32\msvcrt.dll
0x00007ffbb8c80000 - 0x00007ffbb8cb0000 	C:\Windows\System32\IMM32.DLL
0x00007ffbaf190000 - 0x00007ffbaf22d000 	C:\Users\felip\OneDrive\Desktop\android-studio-ide-202.6987402-windows\android-studio\jre\bin\msvcp140.dll
0x00007ffb749f0000 - 0x00007ffb754ac000 	C:\Users\felip\OneDrive\Desktop\android-studio-ide-202.6987402-windows\android-studio\jre\bin\server\jvm.dll
0x00007ffbb7d10000 - 0x00007ffbb7dbc000 	C:\Windows\System32\ADVAPI32.dll
0x00007ffbb8620000 - 0x00007ffbb86bb000 	C:\Windows\System32\sechost.dll
0x00007ffbb7b30000 - 0x00007ffbb7c5b000 	C:\Windows\System32\RPCRT4.dll
0x00007ffbb7f20000 - 0x00007ffbb7f28000 	C:\Windows\System32\PSAPI.DLL
0x00007ffba9ff0000 - 0x00007ffba9ff9000 	C:\Windows\SYSTEM32\WSOCK32.dll
0x00007ffbb8400000 - 0x00007ffbb846b000 	C:\Windows\System32\WS2_32.dll
0x00007ffba1350000 - 0x00007ffba1377000 	C:\Windows\SYSTEM32\WINMM.dll
0x00007ffbb0c00000 - 0x00007ffbb0c0a000 	C:\Windows\SYSTEM32\VERSION.dll
0x00007ffbb49e0000 - 0x00007ffbb49f2000 	C:\Windows\SYSTEM32\kernel.appcore.dll
0x00007ffbb44b0000 - 0x00007ffbb44c1000 	C:\Users\felip\OneDrive\Desktop\android-studio-ide-202.6987402-windows\android-studio\jre\bin\verify.dll
0x00007ffbae180000 - 0x00007ffbae364000 	C:\Windows\SYSTEM32\DBGHELP.DLL
0x00007ffbae3e0000 - 0x00007ffbae40c000 	C:\Windows\SYSTEM32\dbgcore.DLL
0x00007ffbb6e00000 - 0x00007ffbb6e83000 	C:\Windows\System32\bcryptPrimitives.dll
0x00007ffbaf570000 - 0x00007ffbaf599000 	C:\Users\felip\OneDrive\Desktop\android-studio-ide-202.6987402-windows\android-studio\jre\bin\java.dll
0x00007ffbb28d0000 - 0x00007ffbb28db000 	C:\Users\felip\OneDrive\Desktop\android-studio-ide-202.6987402-windows\android-studio\jre\bin\jimage.dll
0x00007ffbb1de0000 - 0x00007ffbb1df8000 	C:\Users\felip\OneDrive\Desktop\android-studio-ide-202.6987402-windows\android-studio\jre\bin\zip.dll
0x00007ffbb8cb0000 - 0x00007ffbb93ef000 	C:\Windows\System32\SHELL32.dll
0x00007ffbb4cc0000 - 0x00007ffbb5450000 	C:\Windows\SYSTEM32\windows.storage.dll
0x00007ffbb8920000 - 0x00007ffbb8c75000 	C:\Windows\System32\combase.dll
0x00007ffbb6510000 - 0x00007ffbb653c000 	C:\Windows\SYSTEM32\Wldp.dll
0x00007ffbb8570000 - 0x00007ffbb861e000 	C:\Windows\System32\SHCORE.dll
0x00007ffbb83a0000 - 0x00007ffbb83f5000 	C:\Windows\System32\shlwapi.dll
0x00007ffbb6ab0000 - 0x00007ffbb6acf000 	C:\Windows\SYSTEM32\profapi.dll
0x00007ffbaf550000 - 0x00007ffbaf56a000 	C:\Users\felip\OneDrive\Desktop\android-studio-ide-202.6987402-windows\android-studio\jre\bin\net.dll
0x00007ffbaaf50000 - 0x00007ffbab05b000 	C:\Windows\SYSTEM32\WINHTTP.dll
0x00007ffbb6280000 - 0x00007ffbb62ea000 	C:\Windows\system32\mswsock.dll
0x00007ffbaf530000 - 0x00007ffbaf544000 	C:\Users\felip\OneDrive\Desktop\android-studio-ide-202.6987402-windows\android-studio\jre\bin\nio.dll
0x00007ffbb26d0000 - 0x00007ffbb26f6000 	C:\Users\felip\.gradle\native\fdc75f09e3144964f2cf3f50f0aa648679c211496f362492102eb8c894070792\windows-amd64\native-platform.dll
0x00007ffbaf250000 - 0x00007ffbaf3e1000 	C:\Users\felip\.gradle\native\12488b8bf47d2d4c9fbf2f6322a914ad602e24e48041cd04a747c6da556b65c4\windows-amd64\native-platform-file-events.dll
0x00007ffbb2690000 - 0x00007ffbb269a000 	C:\Users\felip\OneDrive\Desktop\android-studio-ide-202.6987402-windows\android-studio\jre\bin\management.dll
0x00007ffbb1d90000 - 0x00007ffbb1d9c000 	C:\Users\felip\OneDrive\Desktop\android-studio-ide-202.6987402-windows\android-studio\jre\bin\management_ext.dll
0x00007ffbb6460000 - 0x00007ffbb6478000 	C:\Windows\SYSTEM32\CRYPTSP.dll
0x00007ffbb5c20000 - 0x00007ffbb5c54000 	C:\Windows\system32\rsaenh.dll
0x00007ffbb73d0000 - 0x00007ffbb73f7000 	C:\Windows\System32\bcrypt.dll
0x00007ffbb6a70000 - 0x00007ffbb6a9e000 	C:\Windows\SYSTEM32\USERENV.dll
0x00007ffbb6450000 - 0x00007ffbb645c000 	C:\Windows\SYSTEM32\CRYPTBASE.dll
0x00007ffbb5f70000 - 0x00007ffbb5fab000 	C:\Windows\SYSTEM32\IPHLPAPI.DLL
0x00007ffbb7680000 - 0x00007ffbb7688000 	C:\Windows\System32\NSI.dll
0x00007ffbafab0000 - 0x00007ffbafac7000 	C:\Windows\SYSTEM32\dhcpcsvc6.DLL
0x00007ffbafd50000 - 0x00007ffbafd6d000 	C:\Windows\SYSTEM32\dhcpcsvc.DLL
0x00007ffbb5fb0000 - 0x00007ffbb607c000 	C:\Windows\SYSTEM32\DNSAPI.dll
0x00007ffbb01f0000 - 0x00007ffbb01fb000 	C:\Windows\SYSTEM32\WINNSI.DLL

dbghelp: loaded successfully - version: 4.0.5 - missing functions: none
symbol engine: initialized successfully - sym options: 0x614 - pdb path: .;C:\Users\felip\OneDrive\Desktop\android-studio-ide-202.6987402-windows\android-studio\jre\bin;C:\Windows\SYSTEM32;C:\Program Files\Avast Software\Avast;C:\Windows\WinSxS\amd64_microsoft.windows.common-controls_6595b64144ccf1df_6.0.19041.1052_none_60b8f8fd71f5e8cb;C:\Users\felip\OneDrive\Desktop\android-studio-ide-202.6987402-windows\android-studio\jre\bin\server;C:\Users\felip\.gradle\native\fdc75f09e3144964f2cf3f50f0aa648679c211496f362492102eb8c894070792\windows-amd64;C:\Users\felip\.gradle\native\12488b8bf47d2d4c9fbf2f6322a914ad602e24e48041cd04a747c6da556b65c4\windows-amd64

VM Arguments:
jvm_args: --add-opens=java.base/java.util=ALL-UNNAMED --add-opens=java.base/java.lang=ALL-UNNAMED --add-opens=java.base/java.lang.invoke=ALL-UNNAMED --add-opens=java.prefs/java.util.prefs=ALL-UNNAMED -Xmx2048m -Dfile.encoding=windows-1252 -Duser.country=US -Duser.language=en -Duser.variant 
java_command: org.gradle.launcher.daemon.bootstrap.GradleDaemon 6.7.1
java_class_path (initial): C:\Users\felip\.gradle\wrapper\dists\gradle-6.7.1-bin\bwlcbys1h7rz3272sye1xwiv6\gradle-6.7.1\lib\gradle-launcher-6.7.1.jar
Launcher Type: SUN_STANDARD

[Global flags]
     intx CICompilerCount                          = 2                                         {product} {ergonomic}
     uint ConcGCThreads                            = 1                                         {product} {ergonomic}
     uint G1ConcRefinementThreads                  = 2                                         {product} {ergonomic}
   size_t G1HeapRegionSize                         = 1048576                                   {product} {ergonomic}
    uintx GCDrainStackTargetSize                   = 64                                        {product} {ergonomic}
   size_t InitialHeapSize                          = 67108864                                  {product} {ergonomic}
   size_t MarkStackSize                            = 4194304                                   {product} {ergonomic}
   size_t MaxHeapSize                              = 2147483648                                {product} {command line}
   size_t MaxNewSize                               = 1287651328                                {product} {ergonomic}
   size_t MinHeapDeltaBytes                        = 1048576                                   {product} {ergonomic}
    uintx NonNMethodCodeHeapSize                   = 5825164                                {pd product} {ergonomic}
    uintx NonProfiledCodeHeapSize                  = 122916538                              {pd product} {ergonomic}
    uintx ProfiledCodeHeapSize                     = 122916538                              {pd product} {ergonomic}
    uintx ReservedCodeCacheSize                    = 251658240                              {pd product} {ergonomic}
     bool SegmentedCodeCache                       = true                                      {product} {ergonomic}
     bool UseCompressedClassPointers               = true                                 {lp64_product} {ergonomic}
     bool UseCompressedOops                        = true                                 {lp64_product} {ergonomic}
     bool UseG1GC                                  = true                                      {product} {ergonomic}
     bool UseLargePagesIndividualAllocation        = false                                  {pd product} {ergonomic}

Logging:
Log output configuration:
 #0: stdout all=warning uptime,level,tags
 #1: stderr all=off uptime,level,tags

Environment Variables:
PATH=C:\Program Files\Common Files\Oracle\Java\javapath;C:\Program Files (x86)\Common Files\Oracle\Java\javapath;C:\Windows\system32;C:\Windows;C:\Windows\System32\Wbem;C:\Windows\System32\WindowsPowerShell\v1.0\;C:\Windows\System32\OpenSSH\;C:\ProgramData\chocolatey\bin;C:\Program Files\Docker\Docker\resources\bin;C:\ProgramData\DockerDesktop\version-bin;C:\Program Files (x86)\Yarn\bin\;C:\Program Files\nodejs\;C:\Program Files\Git\cmd;C:\Users\felip\AppData\Local\Microsoft\WindowsApps;C:\Users\felip\AppData\Local\Programs\Microsoft VS Code\bin;C:\Users\felip\AppData\Local\Yarn\bin;C:\Users\felip\AppData\Local\GitHubDesktop\bin;C:\Users\felip\AppData\Roaming\npm
USERNAME=felip
OS=Windows_NT
PROCESSOR_IDENTIFIER=Intel64 Family 6 Model 23 Stepping 10, GenuineIntel



---------------  S Y S T E M  ---------------

OS: Windows 10 , 64 bit Build 19041 (10.0.19041.1023)
OS uptime: 0 days 4:06 hours

CPU:total 2 (initial active 2) (2 cores per cpu, 1 threads per core) family 6 model 23 stepping 10, cmov, cx8, fxsr, mmx, sse, sse2, sse3, ssse3, tsc

Memory: 4k page, system-wide physical 4061M (35M free)
TotalPageFile size 4061M (AvailPageFile size 25M)
current process WorkingSet (physical memory assigned to process): 201M, peak: 316M
current process commit charge ("private bytes"): 370M, peak: 416M

vm_info: OpenJDK 64-Bit Server VM (11.0.8+10-b944.6842174) for windows-amd64 JRE (11.0.8+10-b944.6842174), built on Sep 19 2020 01:11:42 by "builder" with MS VC++ 14.0 (VS2015)

END.
