#
# There is insufficient memory for the Java Runtime Environment to continue.
# Native memory allocation (malloc) failed to allocate 1092496 bytes for Chunk::new
# Possible reasons:
#   The system is out of physical RAM or swap space
#   The process is running with CompressedOops enabled, and the Java Heap may be blocking the growth of the native heap
# Possible solutions:
#   Reduce memory load on the system
#   Increase physical memory or swap space
#   Check if swap backing store is full
#   Decrease Java heap size (-Xmx/-Xms)
#   Decrease number of Java threads
#   Decrease Java thread stack sizes (-Xss)
#   Set larger code cache with -XX:ReservedCodeCacheSize=
#   JVM is running with Unscaled Compressed Oops mode in which the Java heap is
#     placed in the first 4GB address space. The Java Heap base address is the
#     maximum limit for the native heap growth. Please use -XX:HeapBaseMinAddress
#     to set the Java Heap base and to place the Java Heap above 4GB virtual address.
# This output file may be truncated or incomplete.
#
#  Out of Memory Error (./src/hotspot/share/memory/arena.cpp:197), pid=2832, tid=6100
#
# JRE version: OpenJDK Runtime Environment (11.0.8+10) (build 11.0.8+10-b944.6842174)
# Java VM: OpenJDK 64-Bit Server VM (11.0.8+10-b944.6842174, mixed mode, tiered, compressed oops, g1 gc, windows-amd64)
# No core dump will be written. Minidumps are not enabled by default on client versions of Windows
#

---------------  S U M M A R Y ------------

Command Line: --add-opens=java.base/java.util=ALL-UNNAMED --add-opens=java.base/java.lang=ALL-UNNAMED --add-opens=java.base/java.lang.invoke=ALL-UNNAMED --add-opens=java.prefs/java.util.prefs=ALL-UNNAMED -Xmx2048m -Dfile.encoding=windows-1252 -Duser.country=US -Duser.language=en -Duser.variant org.gradle.launcher.daemon.bootstrap.GradleDaemon 6.7.1

Host: Celeron(R) Dual-Core CPU       T3500  @ 2.10GHz, 2 cores, 3G,  Windows 10 , 64 bit Build 19041 (10.0.19041.1023)
Time: Mon Jul 12 10:22:47 2021 E. South America Standard Time elapsed time: 223 seconds (0d 0h 3m 43s)

---------------  T H R E A D  ---------------

Current thread (0x0000020db5ed0800):  JavaThread "C2 CompilerThread0" daemon [_thread_in_native, id=6100, stack(0x0000003f2bb00000,0x0000003f2bc00000)]


Current CompileTask:
C2: 223157 14248       4       org.objectweb.asm.Frame::execute (2318 bytes)

Stack: [0x0000003f2bb00000,0x0000003f2bc00000]
Native frames: (J=compiled Java code, j=interpreted, Vv=VM code, C=native code)
V  [jvm.dll+0x5de50a]
V  [jvm.dll+0x7122f5]
V  [jvm.dll+0x71384d]
V  [jvm.dll+0x713f03]
V  [jvm.dll+0x23e728]
V  [jvm.dll+0xb899c]
V  [jvm.dll+0xb8e9c]
V  [jvm.dll+0x2b20e4]
V  [jvm.dll+0x502098]
V  [jvm.dll+0x1ff393]
V  [jvm.dll+0x1f917c]
V  [jvm.dll+0x1f685f]
V  [jvm.dll+0x17f32c]
V  [jvm.dll+0x205047]
V  [jvm.dll+0x203891]
V  [jvm.dll+0x6dad3f]
V  [jvm.dll+0x6d3895]
V  [jvm.dll+0x5dd4a6]
C  [ucrtbase.dll+0x21bb2]
C  [KERNEL32.DLL+0x17034]
C  [ntdll.dll+0x52651]


---------------  P R O C E S S  ---------------

Threads class SMR info:
_java_thread_list=0x0000020dbb30a980, length=32, elements={
0x0000020d9c0d8000, 0x0000020db5e6e800, 0x0000020db5e79000, 0x0000020db5ecd000,
0x0000020db5ece000, 0x0000020db5ed0800, 0x0000020db5eda800, 0x0000020db5ef0000,
0x0000020db6943800, 0x0000020db6969000, 0x0000020db7641000, 0x0000020db7cd4000,
0x0000020db6dad800, 0x0000020db7b5c800, 0x0000020db7cbc000, 0x0000020db7802800,
0x0000020db6bd8800, 0x0000020db84f2800, 0x0000020db7dd1000, 0x0000020db830a800,
0x0000020db8308000, 0x0000020db8306800, 0x0000020db8309000, 0x0000020db9a47000,
0x0000020db9a48000, 0x0000020db9a44000, 0x0000020db76c4000, 0x0000020db76ca800,
0x0000020db76c5800, 0x0000020db76c6000, 0x0000020db76c9800, 0x0000020dbb0bf000
}

Java Threads: ( => current thread )
  0x0000020d9c0d8000 JavaThread "main" [_thread_blocked, id=7208, stack(0x0000003f2b000000,0x0000003f2b100000)]
  0x0000020db5e6e800 JavaThread "Reference Handler" daemon [_thread_blocked, id=5228, stack(0x0000003f2b700000,0x0000003f2b800000)]
  0x0000020db5e79000 JavaThread "Finalizer" daemon [_thread_blocked, id=1508, stack(0x0000003f2b800000,0x0000003f2b900000)]
  0x0000020db5ecd000 JavaThread "Signal Dispatcher" daemon [_thread_blocked, id=4452, stack(0x0000003f2b900000,0x0000003f2ba00000)]
  0x0000020db5ece000 JavaThread "Attach Listener" daemon [_thread_blocked, id=4276, stack(0x0000003f2ba00000,0x0000003f2bb00000)]
=>0x0000020db5ed0800 JavaThread "C2 CompilerThread0" daemon [_thread_in_native, id=6100, stack(0x0000003f2bb00000,0x0000003f2bc00000)]
  0x0000020db5eda800 JavaThread "C1 CompilerThread0" daemon [_thread_blocked, id=1580, stack(0x0000003f2bc00000,0x0000003f2bd00000)]
  0x0000020db5ef0000 JavaThread "Sweeper thread" daemon [_thread_blocked, id=7516, stack(0x0000003f2bd00000,0x0000003f2be00000)]
  0x0000020db6943800 JavaThread "Common-Cleaner" daemon [_thread_blocked, id=7912, stack(0x0000003f2be00000,0x0000003f2bf00000)]
  0x0000020db6969000 JavaThread "Service Thread" daemon [_thread_blocked, id=4864, stack(0x0000003f2bf00000,0x0000003f2c000000)]
  0x0000020db7641000 JavaThread "Daemon health stats" [_thread_blocked, id=6444, stack(0x0000003f2c200000,0x0000003f2c300000)]
  0x0000020db7cd4000 JavaThread "Incoming local TCP Connector on port 13780" [_thread_in_native, id=7472, stack(0x0000003f2c500000,0x0000003f2c600000)]
  0x0000020db6dad800 JavaThread "Daemon periodic checks" [_thread_blocked, id=4924, stack(0x0000003f2c600000,0x0000003f2c700000)]
  0x0000020db7b5c800 JavaThread "Daemon" [_thread_blocked, id=2628, stack(0x0000003f2c700000,0x0000003f2c800000)]
  0x0000020db7cbc000 JavaThread "Handler for socket connection from /127.0.0.1:13780 to /127.0.0.1:13781" [_thread_in_native, id=5900, stack(0x0000003f2c800000,0x0000003f2c900000)]
  0x0000020db7802800 JavaThread "Cancel handler" [_thread_blocked, id=6116, stack(0x0000003f2c900000,0x0000003f2ca00000)]
  0x0000020db6bd8800 JavaThread "Daemon worker" [_thread_blocked, id=6188, stack(0x0000003f2ca00000,0x0000003f2cb00000)]
  0x0000020db84f2800 JavaThread "Asynchronous log dispatcher for DefaultDaemonConnection: socket connection from /127.0.0.1:13780 to /127.0.0.1:13781" [_thread_blocked, id=5564, stack(0x0000003f2cb00000,0x0000003f2cc00000)]
  0x0000020db7dd1000 JavaThread "Thread-8" [_thread_blocked, id=3300, stack(0x0000003f2cd00000,0x0000003f2ce00000)]
  0x0000020db830a800 JavaThread "Cache worker for file hash cache (C:\Users\felip\.gradle\caches\6.7.1\fileHashes)" [_thread_in_native, id=4444, stack(0x0000003f2ce00000,0x0000003f2cf00000)]
  0x0000020db8308000 JavaThread "File lock request listener" [_thread_in_native, id=8268, stack(0x0000003f2cf00000,0x0000003f2d000000)]
  0x0000020db8306800 JavaThread "Cache worker for journal cache (C:\Users\felip\.gradle\caches\journal-1)" [_thread_blocked, id=1848, stack(0x0000003f2d000000,0x0000003f2d100000)]
  0x0000020db8309000 JavaThread "Cache worker for file hash cache (C:\Users\felip\AndroidStudioProjects\TheMovieApp\.gradle\6.7.1\fileHashes)" [_thread_blocked, id=8864, stack(0x0000003f2d100000,0x0000003f2d200000)]
  0x0000020db9a47000 JavaThread "Cache worker for checksums cache (C:\Users\felip\AndroidStudioProjects\TheMovieApp\.gradle\checksums)" [_thread_blocked, id=6908, stack(0x0000003f2e700000,0x0000003f2e800000)]
  0x0000020db9a48000 JavaThread "Cache worker for cache directory md-supplier (C:\Users\felip\.gradle\caches\6.7.1\md-supplier)" [_thread_blocked, id=8388, stack(0x0000003f2e800000,0x0000003f2e900000)]
  0x0000020db9a44000 JavaThread "Cache worker for cache directory md-rule (C:\Users\felip\.gradle\caches\6.7.1\md-rule)" [_thread_blocked, id=8100, stack(0x0000003f2e900000,0x0000003f2ea00000)]
  0x0000020db76c4000 JavaThread "Cache worker for execution history cache (C:\Users\felip\.gradle\caches\6.7.1\executionHistory)" [_thread_blocked, id=8800, stack(0x0000003f2ea00000,0x0000003f2eb00000)]
  0x0000020db76ca800 JavaThread "Cache worker for file content cache (C:\Users\felip\.gradle\caches\6.7.1\fileContent)" [_thread_blocked, id=6380, stack(0x0000003f2eb00000,0x0000003f2ec00000)]
  0x0000020db76c5800 JavaThread "Cache worker for Build Output Cleanup Cache (C:\Users\felip\AndroidStudioProjects\TheMovieApp\.gradle\buildOutputCleanup)" [_thread_blocked, id=9160, stack(0x0000003f2ec00000,0x0000003f2ed00000)]
  0x0000020db76c6000 JavaThread "Build operations" [_thread_in_native, id=8880, stack(0x0000003f2ed00000,0x0000003f2ee00000)]
  0x0000020db76c9800 JavaThread "Build operations Thread 2" [_thread_blocked, id=3040, stack(0x0000003f2ee00000,0x0000003f2ef00000)]
  0x0000020dbb0bf000 JavaThread "Memory manager" [_thread_blocked, id=2888, stack(0x0000003f2cc00000,0x0000003f2cd00000)]

Other Threads:
  0x0000020db5e6b000 VMThread "VM Thread" [stack: 0x0000003f2b600000,0x0000003f2b700000] [id=6300]
  0x0000020db696a800 WatcherThread [stack: 0x0000003f2c000000,0x0000003f2c100000] [id=676]
  0x0000020d9c0f2000 GCTaskThread "GC Thread#0" [stack: 0x0000003f2b100000,0x0000003f2b200000] [id=7296]
  0x0000020db6ad1800 GCTaskThread "GC Thread#1" [stack: 0x0000003f2c100000,0x0000003f2c200000] [id=2996]
  0x0000020d9c122800 ConcurrentGCThread "G1 Main Marker" [stack: 0x0000003f2b200000,0x0000003f2b300000] [id=664]
  0x0000020d9c123800 ConcurrentGCThread "G1 Conc#0" [stack: 0x0000003f2b300000,0x0000003f2b400000] [id=6884]
  0x0000020d9c175800 ConcurrentGCThread "G1 Refine#0" [stack: 0x0000003f2b400000,0x0000003f2b500000] [id=388]
  0x0000020d9c176800 ConcurrentGCThread "G1 Young RemSet Sampling" [stack: 0x0000003f2b500000,0x0000003f2b600000] [id=1864]

Threads with active compile tasks:
C2 CompilerThread0 223992 14248       4       org.objectweb.asm.Frame::execute (2318 bytes)

VM state:not at safepoint (normal execution)

VM Mutex/Monitor currently owned by a thread: None

Heap address: 0x0000000080000000, size: 2048 MB, Compressed Oops mode: 32-bit
Narrow klass base: 0x0000000000000000, Narrow klass shift: 3
Compressed class space size: 1073741824 Address: 0x0000000100000000

Heap:
 garbage-first heap   total 239616K, used 188816K [0x0000000080000000, 0x0000000100000000)
  region size 1024K, 53 young (54272K), 3 survivors (3072K)
 Metaspace       used 105086K, capacity 107572K, committed 107772K, reserved 1142784K
  class space    used 13035K, capacity 13908K, committed 13952K, reserved 1048576K
Heap Regions: E=young(eden), S=young(survivor), O=old, HS=humongous(starts), HC=humongous(continues), CS=collection set, F=free, A=archive, TAMS=top-at-mark-start (previous, next)
|   0|0x0000000080000000, 0x0000000080100000, 0x0000000080100000|100%| O|  |TAMS 0x0000000080100000, 0x0000000080000000| Untracked 
|   1|0x0000000080100000, 0x0000000080200000, 0x0000000080200000|100%| O|  |TAMS 0x0000000080200000, 0x0000000080100000| Untracked 
|   2|0x0000000080200000, 0x0000000080300000, 0x0000000080300000|100%| O|  |TAMS 0x0000000080300000, 0x0000000080200000| Untracked 
|   3|0x0000000080300000, 0x0000000080400000, 0x0000000080400000|100%| O|  |TAMS 0x0000000080400000, 0x0000000080300000| Untracked 
|   4|0x0000000080400000, 0x0000000080500000, 0x0000000080500000|100%|HS|  |TAMS 0x0000000080500000, 0x0000000080400000| Complete 
|   5|0x0000000080500000, 0x0000000080600000, 0x0000000080600000|100%|HC|  |TAMS 0x0000000080600000, 0x0000000080500000| Complete 
|   6|0x0000000080600000, 0x0000000080700000, 0x0000000080700000|100%|HC|  |TAMS 0x0000000080700000, 0x0000000080600000| Complete 
|   7|0x0000000080700000, 0x0000000080800000, 0x0000000080800000|100%| O|  |TAMS 0x0000000080800000, 0x0000000080700000| Untracked 
|   8|0x0000000080800000, 0x0000000080900000, 0x0000000080900000|100%| O|  |TAMS 0x0000000080900000, 0x0000000080800000| Untracked 
|   9|0x0000000080900000, 0x0000000080a00000, 0x0000000080a00000|100%| O|  |TAMS 0x0000000080a00000, 0x0000000080900000| Untracked 
|  10|0x0000000080a00000, 0x0000000080b00000, 0x0000000080b00000|100%| O|  |TAMS 0x0000000080b00000, 0x0000000080a00000| Untracked 
|  11|0x0000000080b00000, 0x0000000080c00000, 0x0000000080c00000|100%| O|  |TAMS 0x0000000080c00000, 0x0000000080b00000| Untracked 
|  12|0x0000000080c00000, 0x0000000080d00000, 0x0000000080d00000|100%| O|  |TAMS 0x0000000080d00000, 0x0000000080c00000| Untracked 
|  13|0x0000000080d00000, 0x0000000080e00000, 0x0000000080e00000|100%| O|  |TAMS 0x0000000080e00000, 0x0000000080d00000| Untracked 
|  14|0x0000000080e00000, 0x0000000080f00000, 0x0000000080f00000|100%| O|  |TAMS 0x0000000080f00000, 0x0000000080e00000| Untracked 
|  15|0x0000000080f00000, 0x0000000081000000, 0x0000000081000000|100%| O|  |TAMS 0x0000000081000000, 0x0000000080f00000| Untracked 
|  16|0x0000000081000000, 0x0000000081100000, 0x0000000081100000|100%|HS|  |TAMS 0x0000000081100000, 0x0000000081000000| Complete 
|  17|0x0000000081100000, 0x0000000081200000, 0x0000000081200000|100%|HC|  |TAMS 0x0000000081200000, 0x0000000081100000| Complete 
|  18|0x0000000081200000, 0x0000000081300000, 0x0000000081300000|100%|HS|  |TAMS 0x0000000081300000, 0x0000000081200000| Complete 
|  19|0x0000000081300000, 0x0000000081400000, 0x0000000081400000|100%|HC|  |TAMS 0x0000000081400000, 0x0000000081300000| Complete 
|  20|0x0000000081400000, 0x0000000081500000, 0x0000000081500000|100%|HC|  |TAMS 0x0000000081500000, 0x0000000081400000| Complete 
|  21|0x0000000081500000, 0x0000000081600000, 0x0000000081600000|100%|HS|  |TAMS 0x0000000081600000, 0x0000000081500000| Complete 
|  22|0x0000000081600000, 0x0000000081700000, 0x0000000081700000|100%|HC|  |TAMS 0x0000000081700000, 0x0000000081600000| Complete 
|  23|0x0000000081700000, 0x0000000081800000, 0x0000000081800000|100%|HC|  |TAMS 0x0000000081800000, 0x0000000081700000| Complete 
|  24|0x0000000081800000, 0x0000000081900000, 0x0000000081900000|100%|HC|  |TAMS 0x0000000081900000, 0x0000000081800000| Complete 
|  25|0x0000000081900000, 0x0000000081a00000, 0x0000000081a00000|100%| O|  |TAMS 0x0000000081a00000, 0x0000000081900000| Untracked 
|  26|0x0000000081a00000, 0x0000000081b00000, 0x0000000081b00000|100%| O|  |TAMS 0x0000000081b00000, 0x0000000081a00000| Untracked 
|  27|0x0000000081b00000, 0x0000000081c00000, 0x0000000081c00000|100%| O|  |TAMS 0x0000000081c00000, 0x0000000081b00000| Untracked 
|  28|0x0000000081c00000, 0x0000000081d00000, 0x0000000081d00000|100%| O|  |TAMS 0x0000000081d00000, 0x0000000081c00000| Untracked 
|  29|0x0000000081d00000, 0x0000000081e00000, 0x0000000081e00000|100%| O|  |TAMS 0x0000000081e00000, 0x0000000081d00000| Untracked 
|  30|0x0000000081e00000, 0x0000000081f00000, 0x0000000081f00000|100%| O|  |TAMS 0x0000000081f00000, 0x0000000081e00000| Untracked 
|  31|0x0000000081f00000, 0x0000000082000000, 0x0000000082000000|100%|HS|  |TAMS 0x0000000082000000, 0x0000000081f00000| Complete 
|  32|0x0000000082000000, 0x0000000082100000, 0x0000000082100000|100%|HC|  |TAMS 0x0000000082100000, 0x0000000082000000| Complete 
|  33|0x0000000082100000, 0x0000000082200000, 0x0000000082200000|100%|HC|  |TAMS 0x0000000082200000, 0x0000000082100000| Complete 
|  34|0x0000000082200000, 0x0000000082300000, 0x0000000082300000|100%| O|  |TAMS 0x0000000082300000, 0x0000000082200000| Untracked 
|  35|0x0000000082300000, 0x0000000082400000, 0x0000000082400000|100%| O|  |TAMS 0x0000000082400000, 0x0000000082300000| Untracked 
|  36|0x0000000082400000, 0x0000000082500000, 0x0000000082500000|100%| O|  |TAMS 0x0000000082500000, 0x0000000082400000| Untracked 
|  37|0x0000000082500000, 0x0000000082600000, 0x0000000082600000|100%|HS|  |TAMS 0x0000000082600000, 0x0000000082500000| Complete 
|  38|0x0000000082600000, 0x0000000082700000, 0x0000000082700000|100%|HC|  |TAMS 0x0000000082700000, 0x0000000082600000| Complete 
|  39|0x0000000082700000, 0x0000000082800000, 0x0000000082800000|100%|HC|  |TAMS 0x0000000082800000, 0x0000000082700000| Complete 
|  40|0x0000000082800000, 0x0000000082900000, 0x0000000082900000|100%|HC|  |TAMS 0x0000000082900000, 0x0000000082800000| Complete 
|  41|0x0000000082900000, 0x0000000082a00000, 0x0000000082a00000|100%| O|  |TAMS 0x0000000082a00000, 0x0000000082900000| Untracked 
|  42|0x0000000082a00000, 0x0000000082b00000, 0x0000000082b00000|100%| O|  |TAMS 0x0000000082b00000, 0x0000000082a00000| Untracked 
|  43|0x0000000082b00000, 0x0000000082c00000, 0x0000000082c00000|100%| O|  |TAMS 0x0000000082c00000, 0x0000000082b00000| Untracked 
|  44|0x0000000082c00000, 0x0000000082d00000, 0x0000000082d00000|100%| O|  |TAMS 0x0000000082d00000, 0x0000000082c00000| Untracked 
|  45|0x0000000082d00000, 0x0000000082e00000, 0x0000000082e00000|100%| O|  |TAMS 0x0000000082e00000, 0x0000000082d00000| Untracked 
|  46|0x0000000082e00000, 0x0000000082f00000, 0x0000000082f00000|100%| O|  |TAMS 0x0000000082f00000, 0x0000000082e00000| Untracked 
|  47|0x0000000082f00000, 0x0000000083000000, 0x0000000083000000|100%| O|  |TAMS 0x0000000083000000, 0x0000000082f00000| Untracked 
|  48|0x0000000083000000, 0x0000000083100000, 0x0000000083100000|100%| O|  |TAMS 0x0000000083100000, 0x0000000083000000| Untracked 
|  49|0x0000000083100000, 0x0000000083200000, 0x0000000083200000|100%| O|  |TAMS 0x0000000083200000, 0x0000000083100000| Untracked 
|  50|0x0000000083200000, 0x0000000083300000, 0x0000000083300000|100%| O|  |TAMS 0x0000000083300000, 0x0000000083200000| Untracked 
|  51|0x0000000083300000, 0x0000000083400000, 0x0000000083400000|100%| O|  |TAMS 0x0000000083400000, 0x0000000083300000| Untracked 
|  52|0x0000000083400000, 0x0000000083500000, 0x0000000083500000|100%| O|  |TAMS 0x0000000083500000, 0x0000000083400000| Untracked 
|  53|0x0000000083500000, 0x0000000083600000, 0x0000000083600000|100%| O|  |TAMS 0x0000000083600000, 0x0000000083500000| Untracked 
|  54|0x0000000083600000, 0x0000000083700000, 0x0000000083700000|100%| O|  |TAMS 0x0000000083700000, 0x0000000083600000| Untracked 
|  55|0x0000000083700000, 0x0000000083800000, 0x0000000083800000|100%| O|  |TAMS 0x0000000083800000, 0x0000000083700000| Untracked 
|  56|0x0000000083800000, 0x0000000083900000, 0x0000000083900000|100%| O|  |TAMS 0x0000000083900000, 0x0000000083800000| Untracked 
|  57|0x0000000083900000, 0x0000000083a00000, 0x0000000083a00000|100%| O|  |TAMS 0x0000000083a00000, 0x0000000083900000| Untracked 
|  58|0x0000000083a00000, 0x0000000083b00000, 0x0000000083b00000|100%| O|  |TAMS 0x0000000083a00000, 0x0000000083a00000| Untracked 
|  59|0x0000000083b00000, 0x0000000083c00000, 0x0000000083c00000|100%| O|  |TAMS 0x0000000083b00000, 0x0000000083b00000| Untracked 
|  60|0x0000000083c00000, 0x0000000083d00000, 0x0000000083d00000|100%| O|  |TAMS 0x0000000083d00000, 0x0000000083c00000| Untracked 
|  61|0x0000000083d00000, 0x0000000083e00000, 0x0000000083e00000|100%| O|  |TAMS 0x0000000083e00000, 0x0000000083d00000| Untracked 
|  62|0x0000000083e00000, 0x0000000083f00000, 0x0000000083f00000|100%| O|  |TAMS 0x0000000083f00000, 0x0000000083e00000| Untracked 
|  63|0x0000000083f00000, 0x0000000084000000, 0x0000000084000000|100%| O|  |TAMS 0x0000000083f00000, 0x0000000083f00000| Untracked 
|  64|0x0000000084000000, 0x0000000084100000, 0x0000000084100000|100%| O|  |TAMS 0x0000000084000000, 0x0000000084000000| Untracked 
|  65|0x0000000084100000, 0x0000000084200000, 0x0000000084200000|100%| O|  |TAMS 0x0000000084100000, 0x0000000084100000| Untracked 
|  66|0x0000000084200000, 0x0000000084300000, 0x0000000084300000|100%| O|  |TAMS 0x0000000084200000, 0x0000000084200000| Untracked 
|  67|0x0000000084300000, 0x0000000084400000, 0x0000000084400000|100%| O|  |TAMS 0x0000000084400000, 0x0000000084300000| Untracked 
|  68|0x0000000084400000, 0x0000000084500000, 0x0000000084500000|100%| O|  |TAMS 0x0000000084500000, 0x0000000084400000| Untracked 
|  69|0x0000000084500000, 0x0000000084600000, 0x0000000084600000|100%| O|  |TAMS 0x0000000084500000, 0x0000000084500000| Untracked 
|  70|0x0000000084600000, 0x0000000084700000, 0x0000000084700000|100%| O|  |TAMS 0x0000000084700000, 0x0000000084600000| Untracked 
|  71|0x0000000084700000, 0x0000000084800000, 0x0000000084800000|100%| O|  |TAMS 0x0000000084800000, 0x0000000084700000| Untracked 
|  72|0x0000000084800000, 0x0000000084900000, 0x0000000084900000|100%| O|  |TAMS 0x0000000084900000, 0x0000000084800000| Untracked 
|  73|0x0000000084900000, 0x0000000084a00000, 0x0000000084a00000|100%| O|  |TAMS 0x0000000084a00000, 0x0000000084900000| Untracked 
|  74|0x0000000084a00000, 0x0000000084b00000, 0x0000000084b00000|100%|HS|  |TAMS 0x0000000084b00000, 0x0000000084a00000| Complete 
|  75|0x0000000084b00000, 0x0000000084c00000, 0x0000000084c00000|100%|HS|  |TAMS 0x0000000084c00000, 0x0000000084b00000| Complete 
|  76|0x0000000084c00000, 0x0000000084d00000, 0x0000000084d00000|100%|HC|  |TAMS 0x0000000084d00000, 0x0000000084c00000| Complete 
|  77|0x0000000084d00000, 0x0000000084e00000, 0x0000000084e00000|100%|HC|  |TAMS 0x0000000084e00000, 0x0000000084d00000| Complete 
|  78|0x0000000084e00000, 0x0000000084f00000, 0x0000000084f00000|100%|HS|  |TAMS 0x0000000084f00000, 0x0000000084e00000| Complete 
|  79|0x0000000084f00000, 0x0000000085000000, 0x0000000085000000|100%|HC|  |TAMS 0x0000000085000000, 0x0000000084f00000| Complete 
|  80|0x0000000085000000, 0x0000000085100000, 0x0000000085100000|100%| O|  |TAMS 0x0000000085100000, 0x0000000085000000| Untracked 
|  81|0x0000000085100000, 0x0000000085200000, 0x0000000085200000|100%| O|  |TAMS 0x0000000085200000, 0x0000000085100000| Untracked 
|  82|0x0000000085200000, 0x0000000085300000, 0x0000000085300000|100%| O|  |TAMS 0x0000000085300000, 0x0000000085200000| Untracked 
|  83|0x0000000085300000, 0x0000000085400000, 0x0000000085400000|100%| O|  |TAMS 0x0000000085400000, 0x0000000085300000| Untracked 
|  84|0x0000000085400000, 0x0000000085500000, 0x0000000085500000|100%| O|  |TAMS 0x0000000085500000, 0x0000000085400000| Untracked 
|  85|0x0000000085500000, 0x0000000085600000, 0x0000000085600000|100%| O|  |TAMS 0x0000000085600000, 0x0000000085500000| Untracked 
|  86|0x0000000085600000, 0x0000000085700000, 0x0000000085700000|100%| O|  |TAMS 0x0000000085700000, 0x0000000085600000| Untracked 
|  87|0x0000000085700000, 0x0000000085800000, 0x0000000085800000|100%| O|  |TAMS 0x0000000085800000, 0x0000000085700000| Untracked 
|  88|0x0000000085800000, 0x0000000085900000, 0x0000000085900000|100%| O|  |TAMS 0x0000000085900000, 0x0000000085800000| Untracked 
|  89|0x0000000085900000, 0x0000000085a00000, 0x0000000085a00000|100%| O|  |TAMS 0x0000000085a00000, 0x0000000085900000| Untracked 
|  90|0x0000000085a00000, 0x0000000085b00000, 0x0000000085b00000|100%| O|  |TAMS 0x0000000085b00000, 0x0000000085a00000| Untracked 
|  91|0x0000000085b00000, 0x0000000085c00000, 0x0000000085c00000|100%| O|  |TAMS 0x0000000085c00000, 0x0000000085b00000| Untracked 
|  92|0x0000000085c00000, 0x0000000085d00000, 0x0000000085d00000|100%| O|  |TAMS 0x0000000085d00000, 0x0000000085c00000| Untracked 
|  93|0x0000000085d00000, 0x0000000085e00000, 0x0000000085e00000|100%| O|  |TAMS 0x0000000085e00000, 0x0000000085d00000| Untracked 
|  94|0x0000000085e00000, 0x0000000085f00000, 0x0000000085f00000|100%| O|  |TAMS 0x0000000085f00000, 0x0000000085e00000| Untracked 
|  95|0x0000000085f00000, 0x0000000086000000, 0x0000000086000000|100%| O|  |TAMS 0x0000000086000000, 0x0000000085f00000| Untracked 
|  96|0x0000000086000000, 0x0000000086100000, 0x0000000086100000|100%| O|  |TAMS 0x0000000086100000, 0x0000000086000000| Untracked 
|  97|0x0000000086100000, 0x0000000086200000, 0x0000000086200000|100%| O|  |TAMS 0x0000000086200000, 0x0000000086100000| Untracked 
|  98|0x0000000086200000, 0x0000000086300000, 0x0000000086300000|100%| O|  |TAMS 0x0000000086300000, 0x0000000086200000| Untracked 
|  99|0x0000000086300000, 0x0000000086400000, 0x0000000086400000|100%| O|  |TAMS 0x0000000086400000, 0x0000000086300000| Untracked 
| 100|0x0000000086400000, 0x0000000086500000, 0x0000000086500000|100%| O|  |TAMS 0x0000000086500000, 0x0000000086400000| Untracked 
| 101|0x0000000086500000, 0x0000000086600000, 0x0000000086600000|100%| O|  |TAMS 0x0000000086600000, 0x0000000086500000| Untracked 
| 102|0x0000000086600000, 0x0000000086700000, 0x0000000086700000|100%| O|  |TAMS 0x0000000086700000, 0x0000000086600000| Untracked 
| 103|0x0000000086700000, 0x0000000086800000, 0x0000000086800000|100%| O|  |TAMS 0x0000000086800000, 0x0000000086700000| Untracked 
| 104|0x0000000086800000, 0x0000000086900000, 0x0000000086900000|100%| O|  |TAMS 0x0000000086900000, 0x0000000086800000| Untracked 
| 105|0x0000000086900000, 0x0000000086a00000, 0x0000000086a00000|100%| O|  |TAMS 0x0000000086a00000, 0x0000000086900000| Untracked 
| 106|0x0000000086a00000, 0x0000000086b00000, 0x0000000086b00000|100%| O|  |TAMS 0x0000000086b00000, 0x0000000086a00000| Untracked 
| 107|0x0000000086b00000, 0x0000000086c00000, 0x0000000086c00000|100%| O|  |TAMS 0x0000000086c00000, 0x0000000086b00000| Untracked 
| 108|0x0000000086c00000, 0x0000000086d00000, 0x0000000086d00000|100%| O|  |TAMS 0x0000000086d00000, 0x0000000086c00000| Untracked 
| 109|0x0000000086d00000, 0x0000000086e00000, 0x0000000086e00000|100%| O|  |TAMS 0x0000000086d00000, 0x0000000086d00000| Untracked 
| 110|0x0000000086e00000, 0x0000000086f00000, 0x0000000086f00000|100%| O|  |TAMS 0x0000000086f00000, 0x0000000086e00000| Untracked 
| 111|0x0000000086f00000, 0x0000000087000000, 0x0000000087000000|100%| O|  |TAMS 0x0000000086f00000, 0x0000000086f00000| Untracked 
| 112|0x0000000087000000, 0x0000000087100000, 0x0000000087100000|100%| O|  |TAMS 0x0000000087100000, 0x0000000087000000| Untracked 
| 113|0x0000000087100000, 0x0000000087200000, 0x0000000087200000|100%| O|  |TAMS 0x0000000087100000, 0x0000000087100000| Untracked 
| 114|0x0000000087200000, 0x0000000087300000, 0x0000000087300000|100%| O|  |TAMS 0x0000000087200000, 0x0000000087200000| Untracked 
| 115|0x0000000087300000, 0x0000000087400000, 0x0000000087400000|100%| O|  |TAMS 0x0000000087400000, 0x0000000087300000| Untracked 
| 116|0x0000000087400000, 0x0000000087500000, 0x0000000087500000|100%| O|  |TAMS 0x0000000087500000, 0x0000000087400000| Untracked 
| 117|0x0000000087500000, 0x0000000087600000, 0x0000000087600000|100%| O|  |TAMS 0x0000000087500000, 0x0000000087500000| Untracked 
| 118|0x0000000087600000, 0x0000000087700000, 0x0000000087700000|100%| O|  |TAMS 0x0000000087600000, 0x0000000087600000| Untracked 
| 119|0x0000000087700000, 0x0000000087800000, 0x0000000087800000|100%| O|  |TAMS 0x0000000087700000, 0x0000000087700000| Untracked 
| 120|0x0000000087800000, 0x0000000087900000, 0x0000000087900000|100%| O|  |TAMS 0x0000000087800000, 0x0000000087800000| Untracked 
| 121|0x0000000087900000, 0x0000000087a00000, 0x0000000087a00000|100%| O|  |TAMS 0x0000000087900000, 0x0000000087900000| Untracked 
| 122|0x0000000087a00000, 0x0000000087b00000, 0x0000000087b00000|100%| O|  |TAMS 0x0000000087a00000, 0x0000000087a00000| Untracked 
| 123|0x0000000087b00000, 0x0000000087c00000, 0x0000000087c00000|100%| O|  |TAMS 0x0000000087b00000, 0x0000000087b00000| Untracked 
| 124|0x0000000087c00000, 0x0000000087d00000, 0x0000000087d00000|100%| O|  |TAMS 0x0000000087c00000, 0x0000000087c00000| Untracked 
| 125|0x0000000087d00000, 0x0000000087e00000, 0x0000000087e00000|100%| O|  |TAMS 0x0000000087d00000, 0x0000000087d00000| Untracked 
| 126|0x0000000087e00000, 0x0000000087f00000, 0x0000000087f00000|100%| O|  |TAMS 0x0000000087f00000, 0x0000000087e00000| Untracked 
| 127|0x0000000087f00000, 0x0000000088000000, 0x0000000088000000|100%| O|  |TAMS 0x0000000087f00000, 0x0000000087f00000| Untracked 
| 128|0x0000000088000000, 0x0000000088100000, 0x0000000088100000|100%| O|  |TAMS 0x0000000088000000, 0x0000000088000000| Untracked 
| 129|0x0000000088100000, 0x0000000088200000, 0x0000000088200000|100%| O|  |TAMS 0x0000000088100000, 0x0000000088100000| Untracked 
| 130|0x0000000088200000, 0x0000000088300000, 0x0000000088300000|100%| O|  |TAMS 0x0000000088200000, 0x0000000088200000| Untracked 
| 131|0x0000000088300000, 0x0000000088400000, 0x0000000088400000|100%| O|  |TAMS 0x0000000088300000, 0x0000000088300000| Untracked 
| 132|0x0000000088400000, 0x00000000884b1600, 0x0000000088500000| 69%| O|  |TAMS 0x0000000088400000, 0x0000000088400000| Untracked 
| 133|0x0000000088500000, 0x0000000088500000, 0x0000000088600000|  0%| F|  |TAMS 0x0000000088500000, 0x0000000088500000| Untracked 
| 134|0x0000000088600000, 0x0000000088600000, 0x0000000088700000|  0%| F|  |TAMS 0x0000000088600000, 0x0000000088600000| Untracked 
| 135|0x0000000088700000, 0x0000000088700000, 0x0000000088800000|  0%| F|  |TAMS 0x0000000088700000, 0x0000000088700000| Untracked 
| 136|0x0000000088800000, 0x0000000088800000, 0x0000000088900000|  0%| F|  |TAMS 0x0000000088800000, 0x0000000088800000| Untracked 
| 137|0x0000000088900000, 0x0000000088900000, 0x0000000088a00000|  0%| F|  |TAMS 0x0000000088900000, 0x0000000088900000| Untracked 
| 138|0x0000000088a00000, 0x0000000088a00000, 0x0000000088b00000|  0%| F|  |TAMS 0x0000000088a00000, 0x0000000088a00000| Untracked 
| 139|0x0000000088b00000, 0x0000000088b00000, 0x0000000088c00000|  0%| F|  |TAMS 0x0000000088b00000, 0x0000000088b00000| Untracked 
| 140|0x0000000088c00000, 0x0000000088c00000, 0x0000000088d00000|  0%| F|  |TAMS 0x0000000088c00000, 0x0000000088c00000| Untracked 
| 141|0x0000000088d00000, 0x0000000088d00000, 0x0000000088e00000|  0%| F|  |TAMS 0x0000000088d00000, 0x0000000088d00000| Untracked 
| 142|0x0000000088e00000, 0x0000000088e00000, 0x0000000088f00000|  0%| F|  |TAMS 0x0000000088e00000, 0x0000000088e00000| Untracked 
| 143|0x0000000088f00000, 0x0000000088f00000, 0x0000000089000000|  0%| F|  |TAMS 0x0000000088f00000, 0x0000000088f00000| Untracked 
| 144|0x0000000089000000, 0x0000000089000000, 0x0000000089100000|  0%| F|  |TAMS 0x0000000089000000, 0x0000000089000000| Untracked 
| 145|0x0000000089100000, 0x0000000089100000, 0x0000000089200000|  0%| F|  |TAMS 0x0000000089100000, 0x0000000089100000| Untracked 
| 146|0x0000000089200000, 0x0000000089200000, 0x0000000089300000|  0%| F|  |TAMS 0x0000000089200000, 0x0000000089200000| Untracked 
| 147|0x0000000089300000, 0x0000000089300000, 0x0000000089400000|  0%| F|  |TAMS 0x0000000089300000, 0x0000000089300000| Untracked 
| 148|0x0000000089400000, 0x0000000089400000, 0x0000000089500000|  0%| F|  |TAMS 0x0000000089400000, 0x0000000089400000| Untracked 
| 149|0x0000000089500000, 0x0000000089500000, 0x0000000089600000|  0%| F|  |TAMS 0x0000000089500000, 0x0000000089500000| Untracked 
| 150|0x0000000089600000, 0x0000000089600000, 0x0000000089700000|  0%| F|  |TAMS 0x0000000089600000, 0x0000000089600000| Untracked 
| 151|0x0000000089700000, 0x0000000089700000, 0x0000000089800000|  0%| F|  |TAMS 0x0000000089700000, 0x0000000089700000| Untracked 
| 152|0x0000000089800000, 0x0000000089800000, 0x0000000089900000|  0%| F|  |TAMS 0x0000000089800000, 0x0000000089800000| Untracked 
| 153|0x0000000089900000, 0x0000000089900000, 0x0000000089a00000|  0%| F|  |TAMS 0x0000000089900000, 0x0000000089900000| Untracked 
| 154|0x0000000089a00000, 0x0000000089a00000, 0x0000000089b00000|  0%| F|  |TAMS 0x0000000089a00000, 0x0000000089a00000| Untracked 
| 155|0x0000000089b00000, 0x0000000089b00000, 0x0000000089c00000|  0%| F|  |TAMS 0x0000000089b00000, 0x0000000089b00000| Untracked 
| 156|0x0000000089c00000, 0x0000000089c00000, 0x0000000089d00000|  0%| F|  |TAMS 0x0000000089c00000, 0x0000000089c00000| Untracked 
| 157|0x0000000089d00000, 0x0000000089d00000, 0x0000000089e00000|  0%| F|  |TAMS 0x0000000089d00000, 0x0000000089d00000| Untracked 
| 158|0x0000000089e00000, 0x0000000089e00000, 0x0000000089f00000|  0%| F|  |TAMS 0x0000000089e00000, 0x0000000089e00000| Untracked 
| 159|0x0000000089f00000, 0x0000000089f00000, 0x000000008a000000|  0%| F|  |TAMS 0x0000000089f00000, 0x0000000089f00000| Untracked 
| 160|0x000000008a000000, 0x000000008a000000, 0x000000008a100000|  0%| F|  |TAMS 0x000000008a000000, 0x000000008a000000| Untracked 
| 161|0x000000008a100000, 0x000000008a100000, 0x000000008a200000|  0%| F|  |TAMS 0x000000008a100000, 0x000000008a100000| Untracked 
| 162|0x000000008a200000, 0x000000008a200000, 0x000000008a300000|  0%| F|  |TAMS 0x000000008a200000, 0x000000008a200000| Untracked 
| 163|0x000000008a300000, 0x000000008a300000, 0x000000008a400000|  0%| F|  |TAMS 0x000000008a300000, 0x000000008a300000| Untracked 
| 164|0x000000008a400000, 0x000000008a4b2b00, 0x000000008a500000| 69%| S|CS|TAMS 0x000000008a400000, 0x000000008a400000| Complete 
| 165|0x000000008a500000, 0x000000008a600000, 0x000000008a600000|100%| S|CS|TAMS 0x000000008a500000, 0x000000008a500000| Complete 
| 166|0x000000008a600000, 0x000000008a700000, 0x000000008a700000|100%| S|CS|TAMS 0x000000008a600000, 0x000000008a600000| Complete 
| 167|0x000000008a700000, 0x000000008a700000, 0x000000008a800000|  0%| F|  |TAMS 0x000000008a700000, 0x000000008a700000| Untracked 
| 168|0x000000008a800000, 0x000000008a800000, 0x000000008a900000|  0%| F|  |TAMS 0x000000008a800000, 0x000000008a800000| Untracked 
| 169|0x000000008a900000, 0x000000008a900000, 0x000000008aa00000|  0%| F|  |TAMS 0x000000008a900000, 0x000000008a900000| Untracked 
| 170|0x000000008aa00000, 0x000000008aa00000, 0x000000008ab00000|  0%| F|  |TAMS 0x000000008aa00000, 0x000000008aa00000| Untracked 
| 171|0x000000008ab00000, 0x000000008ab00000, 0x000000008ac00000|  0%| F|  |TAMS 0x000000008ab00000, 0x000000008ab00000| Untracked 
| 172|0x000000008ac00000, 0x000000008ac00000, 0x000000008ad00000|  0%| F|  |TAMS 0x000000008ac00000, 0x000000008ac00000| Untracked 
| 173|0x000000008ad00000, 0x000000008ad00000, 0x000000008ae00000|  0%| F|  |TAMS 0x000000008ad00000, 0x000000008ad00000| Untracked 
| 174|0x000000008ae00000, 0x000000008ae00000, 0x000000008af00000|  0%| F|  |TAMS 0x000000008ae00000, 0x000000008ae00000| Untracked 
| 175|0x000000008af00000, 0x000000008af00000, 0x000000008b000000|  0%| F|  |TAMS 0x000000008af00000, 0x000000008af00000| Untracked 
| 176|0x000000008b000000, 0x000000008b000000, 0x000000008b100000|  0%| F|  |TAMS 0x000000008b000000, 0x000000008b000000| Untracked 
| 177|0x000000008b100000, 0x000000008b100000, 0x000000008b200000|  0%| F|  |TAMS 0x000000008b100000, 0x000000008b100000| Untracked 
| 178|0x000000008b200000, 0x000000008b200000, 0x000000008b300000|  0%| F|  |TAMS 0x000000008b200000, 0x000000008b200000| Untracked 
| 179|0x000000008b300000, 0x000000008b300000, 0x000000008b400000|  0%| F|  |TAMS 0x000000008b300000, 0x000000008b300000| Untracked 
| 180|0x000000008b400000, 0x000000008b400000, 0x000000008b500000|  0%| F|  |TAMS 0x000000008b400000, 0x000000008b400000| Untracked 
| 181|0x000000008b500000, 0x000000008b500000, 0x000000008b600000|  0%| F|  |TAMS 0x000000008b500000, 0x000000008b500000| Untracked 
| 182|0x000000008b600000, 0x000000008b600000, 0x000000008b700000|  0%| F|  |TAMS 0x000000008b600000, 0x000000008b600000| Untracked 
| 183|0x000000008b700000, 0x000000008b700000, 0x000000008b800000|  0%| F|  |TAMS 0x000000008b700000, 0x000000008b700000| Untracked 
| 184|0x000000008b800000, 0x000000008b881b60, 0x000000008b900000| 50%| E|  |TAMS 0x000000008b800000, 0x000000008b800000| Complete 
| 185|0x000000008b900000, 0x000000008ba00000, 0x000000008ba00000|100%| E|CS|TAMS 0x000000008b900000, 0x000000008b900000| Complete 
| 186|0x000000008ba00000, 0x000000008bb00000, 0x000000008bb00000|100%| E|CS|TAMS 0x000000008ba00000, 0x000000008ba00000| Complete 
| 187|0x000000008bb00000, 0x000000008bc00000, 0x000000008bc00000|100%| E|CS|TAMS 0x000000008bb00000, 0x000000008bb00000| Complete 
| 188|0x000000008bc00000, 0x000000008bd00000, 0x000000008bd00000|100%| E|CS|TAMS 0x000000008bc00000, 0x000000008bc00000| Complete 
| 189|0x000000008bd00000, 0x000000008be00000, 0x000000008be00000|100%| E|CS|TAMS 0x000000008bd00000, 0x000000008bd00000| Complete 
| 190|0x000000008be00000, 0x000000008bf00000, 0x000000008bf00000|100%| E|CS|TAMS 0x000000008be00000, 0x000000008be00000| Complete 
| 191|0x000000008bf00000, 0x000000008c000000, 0x000000008c000000|100%| E|CS|TAMS 0x000000008bf00000, 0x000000008bf00000| Complete 
| 192|0x000000008c000000, 0x000000008c100000, 0x000000008c100000|100%| E|CS|TAMS 0x000000008c000000, 0x000000008c000000| Complete 
| 193|0x000000008c100000, 0x000000008c200000, 0x000000008c200000|100%| E|CS|TAMS 0x000000008c100000, 0x000000008c100000| Complete 
| 194|0x000000008c200000, 0x000000008c300000, 0x000000008c300000|100%| E|CS|TAMS 0x000000008c200000, 0x000000008c200000| Complete 
| 195|0x000000008c300000, 0x000000008c400000, 0x000000008c400000|100%| E|CS|TAMS 0x000000008c300000, 0x000000008c300000| Complete 
| 196|0x000000008c400000, 0x000000008c500000, 0x000000008c500000|100%| E|CS|TAMS 0x000000008c400000, 0x000000008c400000| Complete 
| 197|0x000000008c500000, 0x000000008c600000, 0x000000008c600000|100%| E|CS|TAMS 0x000000008c500000, 0x000000008c500000| Complete 
| 198|0x000000008c600000, 0x000000008c700000, 0x000000008c700000|100%| E|CS|TAMS 0x000000008c600000, 0x000000008c600000| Complete 
| 199|0x000000008c700000, 0x000000008c800000, 0x000000008c800000|100%| E|CS|TAMS 0x000000008c700000, 0x000000008c700000| Complete 
| 200|0x000000008c800000, 0x000000008c900000, 0x000000008c900000|100%| E|CS|TAMS 0x000000008c800000, 0x000000008c800000| Complete 
| 201|0x000000008c900000, 0x000000008ca00000, 0x000000008ca00000|100%| E|CS|TAMS 0x000000008c900000, 0x000000008c900000| Complete 
| 202|0x000000008ca00000, 0x000000008cb00000, 0x000000008cb00000|100%| E|CS|TAMS 0x000000008ca00000, 0x000000008ca00000| Complete 
| 203|0x000000008cb00000, 0x000000008cc00000, 0x000000008cc00000|100%| E|CS|TAMS 0x000000008cb00000, 0x000000008cb00000| Complete 
| 204|0x000000008cc00000, 0x000000008cd00000, 0x000000008cd00000|100%| E|CS|TAMS 0x000000008cc00000, 0x000000008cc00000| Complete 
| 205|0x000000008cd00000, 0x000000008ce00000, 0x000000008ce00000|100%| E|CS|TAMS 0x000000008cd00000, 0x000000008cd00000| Complete 
| 206|0x000000008ce00000, 0x000000008cf00000, 0x000000008cf00000|100%| E|CS|TAMS 0x000000008ce00000, 0x000000008ce00000| Complete 
| 207|0x000000008cf00000, 0x000000008d000000, 0x000000008d000000|100%| E|CS|TAMS 0x000000008cf00000, 0x000000008cf00000| Complete 
| 208|0x000000008d000000, 0x000000008d100000, 0x000000008d100000|100%| E|CS|TAMS 0x000000008d000000, 0x000000008d000000| Complete 
| 209|0x000000008d100000, 0x000000008d200000, 0x000000008d200000|100%| E|CS|TAMS 0x000000008d100000, 0x000000008d100000| Complete 
| 210|0x000000008d200000, 0x000000008d300000, 0x000000008d300000|100%| E|CS|TAMS 0x000000008d200000, 0x000000008d200000| Complete 
| 211|0x000000008d300000, 0x000000008d400000, 0x000000008d400000|100%| E|CS|TAMS 0x000000008d300000, 0x000000008d300000| Complete 
| 212|0x000000008d400000, 0x000000008d500000, 0x000000008d500000|100%| E|CS|TAMS 0x000000008d400000, 0x000000008d400000| Complete 
| 213|0x000000008d500000, 0x000000008d600000, 0x000000008d600000|100%| E|CS|TAMS 0x000000008d500000, 0x000000008d500000| Complete 
| 214|0x000000008d600000, 0x000000008d700000, 0x000000008d700000|100%| E|CS|TAMS 0x000000008d600000, 0x000000008d600000| Complete 
| 215|0x000000008d700000, 0x000000008d800000, 0x000000008d800000|100%| E|CS|TAMS 0x000000008d700000, 0x000000008d700000| Complete 
| 216|0x000000008d800000, 0x000000008d900000, 0x000000008d900000|100%| E|CS|TAMS 0x000000008d800000, 0x000000008d800000| Complete 
| 217|0x000000008d900000, 0x000000008da00000, 0x000000008da00000|100%| E|CS|TAMS 0x000000008d900000, 0x000000008d900000| Complete 
| 218|0x000000008da00000, 0x000000008db00000, 0x000000008db00000|100%| E|CS|TAMS 0x000000008da00000, 0x000000008da00000| Complete 
| 219|0x000000008db00000, 0x000000008dc00000, 0x000000008dc00000|100%| E|CS|TAMS 0x000000008db00000, 0x000000008db00000| Complete 
| 220|0x000000008dc00000, 0x000000008dd00000, 0x000000008dd00000|100%| E|CS|TAMS 0x000000008dc00000, 0x000000008dc00000| Complete 
| 221|0x000000008dd00000, 0x000000008de00000, 0x000000008de00000|100%| E|CS|TAMS 0x000000008dd00000, 0x000000008dd00000| Complete 
| 222|0x000000008de00000, 0x000000008df00000, 0x000000008df00000|100%| E|CS|TAMS 0x000000008de00000, 0x000000008de00000| Complete 
| 223|0x000000008df00000, 0x000000008e000000, 0x000000008e000000|100%| E|CS|TAMS 0x000000008df00000, 0x000000008df00000| Complete 
| 224|0x000000008e000000, 0x000000008e100000, 0x000000008e100000|100%| E|CS|TAMS 0x000000008e000000, 0x000000008e000000| Complete 
| 225|0x000000008e100000, 0x000000008e200000, 0x000000008e200000|100%| E|CS|TAMS 0x000000008e100000, 0x000000008e100000| Complete 
| 226|0x000000008e200000, 0x000000008e300000, 0x000000008e300000|100%| E|CS|TAMS 0x000000008e200000, 0x000000008e200000| Complete 
| 227|0x000000008e300000, 0x000000008e400000, 0x000000008e400000|100%| E|CS|TAMS 0x000000008e300000, 0x000000008e300000| Complete 
| 228|0x000000008e400000, 0x000000008e500000, 0x000000008e500000|100%| E|CS|TAMS 0x000000008e400000, 0x000000008e400000| Complete 
| 229|0x000000008e500000, 0x000000008e600000, 0x000000008e600000|100%| E|CS|TAMS 0x000000008e500000, 0x000000008e500000| Complete 
| 230|0x000000008e600000, 0x000000008e700000, 0x000000008e700000|100%| E|CS|TAMS 0x000000008e600000, 0x000000008e600000| Complete 
| 231|0x000000008e700000, 0x000000008e800000, 0x000000008e800000|100%| E|CS|TAMS 0x000000008e700000, 0x000000008e700000| Complete 
| 232|0x000000008e800000, 0x000000008e900000, 0x000000008e900000|100%| E|CS|TAMS 0x000000008e800000, 0x000000008e800000| Complete 
| 233|0x000000008e900000, 0x000000008ea00000, 0x000000008ea00000|100%| E|CS|TAMS 0x000000008e900000, 0x000000008e900000| Complete 

Card table byte_map: [0x0000020daf290000,0x0000020daf690000] _byte_map_base: 0x0000020daee90000

Marking Bits (Prev, Next): (CMBitMap*) 0x0000020d9c1198d8, (CMBitMap*) 0x0000020d9c119910
 Prev Bits: [0x0000020dafa90000, 0x0000020db1a90000)
 Next Bits: [0x0000020db1a90000, 0x0000020db3a90000)

Polling page: 0x0000020d9fa60000

Metaspace:

Usage:
  Non-class:     91.47 MB capacity,    89.89 MB ( 98%) used,     1.33 MB (  1%) free+waste,   249.63 KB ( <1%) overhead. 
      Class:     13.58 MB capacity,    12.73 MB ( 94%) used,   762.24 KB (  5%) free+waste,   109.88 KB ( <1%) overhead. 
       Both:    105.05 MB capacity,   102.62 MB ( 98%) used,     2.08 MB (  2%) free+waste,   359.50 KB ( <1%) overhead. 

Virtual space:
  Non-class space:       92.00 MB reserved,      91.62 MB (>99%) committed 
      Class space:        1.00 GB reserved,      13.63 MB (  1%) committed 
             Both:        1.09 GB reserved,     105.25 MB (  9%) committed 

Chunk freelists:
   Non-Class:  28.00 KB
       Class:  12.00 KB
        Both:  40.00 KB

MaxMetaspaceSize: 17179869184.00 GB
CompressedClassSpaceSize: 1.00 GB

CodeHeap 'non-profiled nmethods': size=120064Kb used=10569Kb max_used=10569Kb free=109494Kb
 bounds [0x0000020da7540000, 0x0000020da7fa0000, 0x0000020daea80000]
CodeHeap 'profiled nmethods': size=120000Kb used=32085Kb max_used=32085Kb free=87915Kb
 bounds [0x0000020da0010000, 0x0000020da1f70000, 0x0000020da7540000]
CodeHeap 'non-nmethods': size=5696Kb used=2316Kb max_used=2345Kb free=3379Kb
 bounds [0x0000020d9fa80000, 0x0000020d9fcf0000, 0x0000020da0010000]
 total_blobs=14290 nmethods=13341 adapters=861
 compilation: enabled
              stopped_count=0, restarted_count=0
 full_count=0

Compilation events (20 events):
Event: 221.790 Thread 0x0000020db5eda800 nmethod 14239 0x0000020da7f91010 code [0x0000020da7f911c0, 0x0000020da7f91278]
Event: 221.904 Thread 0x0000020db5eda800 14240       3       org.gradle.tooling.internal.adapter.ProtocolToModelAdapter$PropertyCachingMethodInvoker::cachePropertyValue (36 bytes)
Event: 221.907 Thread 0x0000020db5eda800 nmethod 14240 0x0000020da1f5af10 code [0x0000020da1f5b100, 0x0000020da1f5b5d8]
Event: 221.913 Thread 0x0000020db5ed0800 14241       4       java.lang.Math::max (12 bytes)
Event: 221.919 Thread 0x0000020db5ed0800 nmethod 14241 0x0000020da7f91310 code [0x0000020da7f914a0, 0x0000020da7f914f8]
Event: 222.018 Thread 0x0000020db5eda800 14242       1       org.gradle.tooling.internal.adapter.ProtocolToModelAdapter$NoOpDecoration::hashCode (2 bytes)
Event: 222.022 Thread 0x0000020db5eda800 nmethod 14242 0x0000020da7f91590 code [0x0000020da7f91740, 0x0000020da7f917f8]
Event: 222.097 Thread 0x0000020db5eda800 14243       3       java.util.concurrent.locks.ReentrantReadWriteLock$Sync::tryAcquireShared (177 bytes)
Event: 222.102 Thread 0x0000020db5eda800 nmethod 14243 0x0000020da1f5b790 code [0x0000020da1f5ba80, 0x0000020da1f5cde8]
Event: 222.102 Thread 0x0000020db5eda800 14244       3       org.gradle.tooling.internal.consumer.converters.ConsumerTargetTypeProvider::getTargetType (182 bytes)
Event: 222.107 Thread 0x0000020db5eda800 nmethod 14244 0x0000020da1f5d510 code [0x0000020da1f5d9c0, 0x0000020da1f5fc98]
Event: 222.231 Thread 0x0000020db5ed0800 14245       4       java.util.concurrent.locks.AbstractQueuedSynchronizer::compareAndSetState (10 bytes)
Event: 222.244 Thread 0x0000020db5ed0800 nmethod 14245 0x0000020da7f91890 code [0x0000020da7f91a20, 0x0000020da7f91a98]
Event: 222.319 Thread 0x0000020db5eda800 14246       3       java.util.concurrent.locks.ReentrantReadWriteLock$Sync::tryReleaseShared (146 bytes)
Event: 222.326 Thread 0x0000020db5eda800 nmethod 14246 0x0000020da1f60690 code [0x0000020da1f60960, 0x0000020da1f618c8]
Event: 222.328 Thread 0x0000020db5eda800 14247       3       java.util.concurrent.locks.AbstractQueuedSynchronizer::doReleaseShared (79 bytes)
Event: 222.331 Thread 0x0000020db5eda800 nmethod 14247 0x0000020da1f61f10 code [0x0000020da1f62220, 0x0000020da1f63268]
Event: 222.776 Thread 0x0000020db5ed0800 14248       4       org.objectweb.asm.Frame::execute (2318 bytes)
Event: 222.776 Thread 0x0000020db5eda800 14249       3       java.lang.invoke.LambdaForm$DMH/0x0000000100793840::invokeStatic (20 bytes)
Event: 222.782 Thread 0x0000020db5eda800 nmethod 14249 0x0000020da1f63810 code [0x0000020da1f639e0, 0x0000020da1f63f18]

GC Heap History (20 events):
Event: 196.608 GC heap before
{Heap before GC invocations=115 (full 0):
 garbage-first heap   total 239616K, used 202709K [0x0000000080000000, 0x0000000100000000)
  region size 1024K, 82 young (83968K), 7 survivors (7168K)
 Metaspace       used 95738K, capacity 97975K, committed 98300K, reserved 1134592K
  class space    used 11952K, capacity 12731K, committed 12928K, reserved 1048576K
}
Event: 196.622 GC heap after
{Heap after GC invocations=116 (full 0):
 garbage-first heap   total 239616K, used 126644K [0x0000000080000000, 0x0000000100000000)
  region size 1024K, 1 young (1024K), 1 survivors (1024K)
 Metaspace       used 95738K, capacity 97975K, committed 98300K, reserved 1134592K
  class space    used 11952K, capacity 12731K, committed 12928K, reserved 1048576K
}
Event: 196.889 GC heap before
{Heap before GC invocations=116 (full 0):
 garbage-first heap   total 239616K, used 205492K [0x0000000080000000, 0x0000000100000000)
  region size 1024K, 78 young (79872K), 1 survivors (1024K)
 Metaspace       used 95740K, capacity 97975K, committed 98300K, reserved 1134592K
  class space    used 11952K, capacity 12731K, committed 12928K, reserved 1048576K
}
Event: 196.892 GC heap after
{Heap after GC invocations=117 (full 0):
 garbage-first heap   total 239616K, used 126508K [0x0000000080000000, 0x0000000100000000)
  region size 1024K, 1 young (1024K), 1 survivors (1024K)
 Metaspace       used 95740K, capacity 97975K, committed 98300K, reserved 1134592K
  class space    used 11952K, capacity 12731K, committed 12928K, reserved 1048576K
}
Event: 197.242 GC heap before
{Heap before GC invocations=117 (full 0):
 garbage-first heap   total 239616K, used 206380K [0x0000000080000000, 0x0000000100000000)
  region size 1024K, 79 young (80896K), 1 survivors (1024K)
 Metaspace       used 95740K, capacity 97975K, committed 98300K, reserved 1134592K
  class space    used 11952K, capacity 12731K, committed 12928K, reserved 1048576K
}
Event: 197.248 GC heap after
{Heap after GC invocations=118 (full 0):
 garbage-first heap   total 239616K, used 128237K [0x0000000080000000, 0x0000000100000000)
  region size 1024K, 3 young (3072K), 3 survivors (3072K)
 Metaspace       used 95740K, capacity 97975K, committed 98300K, reserved 1134592K
  class space    used 11952K, capacity 12731K, committed 12928K, reserved 1048576K
}
Event: 197.632 GC heap before
{Heap before GC invocations=118 (full 0):
 garbage-first heap   total 239616K, used 206061K [0x0000000080000000, 0x0000000100000000)
  region size 1024K, 79 young (80896K), 3 survivors (3072K)
 Metaspace       used 95741K, capacity 97975K, committed 98300K, reserved 1134592K
  class space    used 11952K, capacity 12731K, committed 12928K, reserved 1048576K
}
Event: 197.639 GC heap after
{Heap after GC invocations=119 (full 0):
 garbage-first heap   total 239616K, used 130932K [0x0000000080000000, 0x0000000100000000)
  region size 1024K, 6 young (6144K), 6 survivors (6144K)
 Metaspace       used 95741K, capacity 97975K, committed 98300K, reserved 1134592K
  class space    used 11952K, capacity 12731K, committed 12928K, reserved 1048576K
}
Event: 198.727 GC heap before
{Heap before GC invocations=119 (full 0):
 garbage-first heap   total 239616K, used 206708K [0x0000000080000000, 0x0000000100000000)
  region size 1024K, 80 young (81920K), 6 survivors (6144K)
 Metaspace       used 95788K, capacity 97975K, committed 98300K, reserved 1134592K
  class space    used 11952K, capacity 12731K, committed 12928K, reserved 1048576K
}
Event: 198.737 GC heap after
{Heap after GC invocations=120 (full 0):
 garbage-first heap   total 239616K, used 132175K [0x0000000080000000, 0x0000000100000000)
  region size 1024K, 7 young (7168K), 7 survivors (7168K)
 Metaspace       used 95788K, capacity 97975K, committed 98300K, reserved 1134592K
  class space    used 11952K, capacity 12731K, committed 12928K, reserved 1048576K
}
Event: 201.595 GC heap before
{Heap before GC invocations=120 (full 0):
 garbage-first heap   total 239616K, used 206927K [0x0000000080000000, 0x0000000100000000)
  region size 1024K, 80 young (81920K), 7 survivors (7168K)
 Metaspace       used 96441K, capacity 98673K, committed 99068K, reserved 1136640K
  class space    used 12036K, capacity 12831K, committed 12928K, reserved 1048576K
}
Event: 201.610 GC heap after
{Heap after GC invocations=121 (full 0):
 garbage-first heap   total 239616K, used 132502K [0x0000000080000000, 0x0000000100000000)
  region size 1024K, 4 young (4096K), 4 survivors (4096K)
 Metaspace       used 96441K, capacity 98673K, committed 99068K, reserved 1136640K
  class space    used 12036K, capacity 12831K, committed 12928K, reserved 1048576K
}
Event: 206.298 GC heap before
{Heap before GC invocations=121 (full 0):
 garbage-first heap   total 239616K, used 207254K [0x0000000080000000, 0x0000000100000000)
  region size 1024K, 78 young (79872K), 4 survivors (4096K)
 Metaspace       used 100755K, capacity 103032K, committed 103164K, reserved 1138688K
  class space    used 12541K, capacity 13356K, committed 13440K, reserved 1048576K
}
Event: 206.328 GC heap after
{Heap after GC invocations=122 (full 0):
 garbage-first heap   total 239616K, used 136985K [0x0000000080000000, 0x0000000100000000)
  region size 1024K, 9 young (9216K), 9 survivors (9216K)
 Metaspace       used 100755K, capacity 103032K, committed 103164K, reserved 1138688K
  class space    used 12541K, capacity 13356K, committed 13440K, reserved 1048576K
}
Event: 211.815 GC heap before
{Heap before GC invocations=122 (full 0):
 garbage-first heap   total 239616K, used 205593K [0x0000000080000000, 0x0000000100000000)
  region size 1024K, 75 young (76800K), 9 survivors (9216K)
 Metaspace       used 100898K, capacity 103232K, committed 103420K, reserved 1138688K
  class space    used 12544K, capacity 13357K, committed 13440K, reserved 1048576K
}
Event: 211.851 GC heap after
{Heap after GC invocations=123 (full 0):
 garbage-first heap   total 239616K, used 137876K [0x0000000080000000, 0x0000000100000000)
  region size 1024K, 6 young (6144K), 6 survivors (6144K)
 Metaspace       used 100898K, capacity 103232K, committed 103420K, reserved 1138688K
  class space    used 12544K, capacity 13357K, committed 13440K, reserved 1048576K
}
Event: 212.085 GC heap before
{Heap before GC invocations=123 (full 0):
 garbage-first heap   total 239616K, used 206484K [0x0000000080000000, 0x0000000100000000)
  region size 1024K, 73 young (74752K), 6 survivors (6144K)
 Metaspace       used 100899K, capacity 103232K, committed 103420K, reserved 1138688K
  class space    used 12544K, capacity 13357K, committed 13440K, reserved 1048576K
}
Event: 212.114 GC heap after
{Heap after GC invocations=124 (full 0):
 garbage-first heap   total 239616K, used 138949K [0x0000000080000000, 0x0000000100000000)
  region size 1024K, 3 young (3072K), 3 survivors (3072K)
 Metaspace       used 100899K, capacity 103232K, committed 103420K, reserved 1138688K
  class space    used 12544K, capacity 13357K, committed 13440K, reserved 1048576K
}
Event: 213.918 GC heap before
{Heap before GC invocations=124 (full 0):
 garbage-first heap   total 239616K, used 207557K [0x0000000080000000, 0x0000000100000000)
  region size 1024K, 70 young (71680K), 3 survivors (3072K)
 Metaspace       used 100951K, capacity 103240K, committed 103420K, reserved 1138688K
  class space    used 12544K, capacity 13358K, committed 13440K, reserved 1048576K
}
Event: 213.931 GC heap after
{Heap after GC invocations=125 (full 0):
 garbage-first heap   total 239616K, used 138640K [0x0000000080000000, 0x0000000100000000)
  region size 1024K, 3 young (3072K), 3 survivors (3072K)
 Metaspace       used 100951K, capacity 103240K, committed 103420K, reserved 1138688K
  class space    used 12544K, capacity 13358K, committed 13440K, reserved 1048576K
}

Deoptimization events (20 events):
Event: 218.798 Thread 0x0000020db6bd8800 Uncommon trap: trap_request=0xffffffde fr.pc=0x0000020da7cfc20c relative=0x000000000000094c
Event: 218.798 Thread 0x0000020db6bd8800 Uncommon trap: reason=class_check action=maybe_recompile pc=0x0000020da7cfc20c method=com.google.common.collect.ImmutableMap.copyOf(Ljava/util/Map;)Lcom/google/common/collect/ImmutableMap; @ 49 c2
Event: 218.798 Thread 0x0000020db6bd8800 DEOPT PACKING pc=0x0000020da7cfc20c sp=0x0000003f2cafa320
Event: 218.798 Thread 0x0000020db6bd8800 DEOPT UNPACKING pc=0x0000020d9faa66a9 sp=0x0000003f2cafa2f8 mode 2
Event: 218.798 Thread 0x0000020db6bd8800 Uncommon trap: trap_request=0xffffffde fr.pc=0x0000020da7cfc20c relative=0x000000000000094c
Event: 218.798 Thread 0x0000020db6bd8800 Uncommon trap: reason=class_check action=maybe_recompile pc=0x0000020da7cfc20c method=com.google.common.collect.ImmutableMap.copyOf(Ljava/util/Map;)Lcom/google/common/collect/ImmutableMap; @ 49 c2
Event: 218.798 Thread 0x0000020db6bd8800 DEOPT PACKING pc=0x0000020da7cfc20c sp=0x0000003f2cafa320
Event: 218.798 Thread 0x0000020db6bd8800 DEOPT UNPACKING pc=0x0000020d9faa66a9 sp=0x0000003f2cafa2f8 mode 2
Event: 218.798 Thread 0x0000020db6bd8800 Uncommon trap: trap_request=0xffffffde fr.pc=0x0000020da7cfc20c relative=0x000000000000094c
Event: 218.798 Thread 0x0000020db6bd8800 Uncommon trap: reason=class_check action=maybe_recompile pc=0x0000020da7cfc20c method=com.google.common.collect.ImmutableMap.copyOf(Ljava/util/Map;)Lcom/google/common/collect/ImmutableMap; @ 49 c2
Event: 218.798 Thread 0x0000020db6bd8800 DEOPT PACKING pc=0x0000020da7cfc20c sp=0x0000003f2cafa320
Event: 218.798 Thread 0x0000020db6bd8800 DEOPT UNPACKING pc=0x0000020d9faa66a9 sp=0x0000003f2cafa2f8 mode 2
Event: 218.842 Thread 0x0000020db6bd8800 Uncommon trap: trap_request=0xffffffde fr.pc=0x0000020da7cfc20c relative=0x000000000000094c
Event: 218.842 Thread 0x0000020db6bd8800 Uncommon trap: reason=class_check action=maybe_recompile pc=0x0000020da7cfc20c method=com.google.common.collect.ImmutableMap.copyOf(Ljava/util/Map;)Lcom/google/common/collect/ImmutableMap; @ 49 c2
Event: 218.842 Thread 0x0000020db6bd8800 DEOPT PACKING pc=0x0000020da7cfc20c sp=0x0000003f2cafa330
Event: 218.842 Thread 0x0000020db6bd8800 DEOPT UNPACKING pc=0x0000020d9faa66a9 sp=0x0000003f2cafa308 mode 2
Event: 221.121 Thread 0x0000020db6bd8800 Uncommon trap: trap_request=0xffffff4d fr.pc=0x0000020da7c266a0 relative=0x0000000000001a40
Event: 221.121 Thread 0x0000020db6bd8800 Uncommon trap: reason=unstable_if action=reinterpret pc=0x0000020da7c266a0 method=java.io.WinNTFileSystem.normalize(Ljava/lang/String;II)Ljava/lang/String; @ 125 c2
Event: 221.121 Thread 0x0000020db6bd8800 DEOPT PACKING pc=0x0000020da7c266a0 sp=0x0000003f2cafa630
Event: 221.121 Thread 0x0000020db6bd8800 DEOPT UNPACKING pc=0x0000020d9faa66a9 sp=0x0000003f2cafa600 mode 2

Classes redefined (0 events):
No events

Internal exceptions (20 events):
Event: 215.099 Thread 0x0000020db6bd8800 Exception <a 'java/lang/NoSuchMethodError'{0x000000008d64a970}: 'int java.lang.invoke.DirectMethodHandle$Holder.invokeStatic(java.lang.Object, int, int, java.lang.Object)'> (0x000000008d64a970) thrown at [./src/hotspot/share/interpreter/linkResolver.cpp, line 773]
Event: 215.122 Thread 0x0000020db6bd8800 Exception <a 'java/lang/ClassNotFoundException'{0x000000008d6f4bc0}: java/util/LinkedHashSetBeanInfo> (0x000000008d6f4bc0) thrown at [./src/hotspot/share/classfile/systemDictionary.cpp, line 231]
Event: 215.123 Thread 0x0000020db6bd8800 Exception <a 'java/lang/ClassNotFoundException'{0x000000008d6fbfb8}: java/util/HashSetBeanInfo> (0x000000008d6fbfb8) thrown at [./src/hotspot/share/classfile/systemDictionary.cpp, line 231]
Event: 215.124 Thread 0x0000020db6bd8800 Exception <a 'java/lang/ClassNotFoundException'{0x000000008d503dd8}: java/util/AbstractSetBeanInfo> (0x000000008d503dd8) thrown at [./src/hotspot/share/classfile/systemDictionary.cpp, line 231]
Event: 215.125 Thread 0x0000020db6bd8800 Exception <a 'java/lang/ClassNotFoundException'{0x000000008d50b730}: java/util/AbstractSetCustomizer> (0x000000008d50b730) thrown at [./src/hotspot/share/classfile/systemDictionary.cpp, line 231]
Event: 215.126 Thread 0x0000020db6bd8800 Exception <a 'java/lang/ClassNotFoundException'{0x000000008d517248}: java/util/HashSetCustomizer> (0x000000008d517248) thrown at [./src/hotspot/share/classfile/systemDictionary.cpp, line 231]
Event: 215.129 Thread 0x0000020db6bd8800 Exception <a 'java/lang/ClassNotFoundException'{0x000000008d526ce0}: java/util/LinkedHashSetCustomizer> (0x000000008d526ce0) thrown at [./src/hotspot/share/classfile/systemDictionary.cpp, line 231]
Event: 215.172 Thread 0x0000020db6bd8800 Exception <a 'java/lang/ClassNotFoundException'{0x000000008d402038}: com/android/build/gradle/tasks/factory/AndroidUnitTest_DecoratedBeanInfo> (0x000000008d402038) thrown at [./src/hotspot/share/classfile/systemDictionary.cpp, line 231]
Event: 215.173 Thread 0x0000020db6bd8800 Exception <a 'java/lang/ClassNotFoundException'{0x000000008d417400}: com/android/build/gradle/tasks/factory/AndroidUnitTestBeanInfo> (0x000000008d417400) thrown at [./src/hotspot/share/classfile/systemDictionary.cpp, line 231]
Event: 215.176 Thread 0x0000020db6bd8800 Exception <a 'java/lang/ClassNotFoundException'{0x000000008d42ec48}: org/gradle/api/tasks/testing/TestBeanInfo> (0x000000008d42ec48) thrown at [./src/hotspot/share/classfile/systemDictionary.cpp, line 231]
Event: 215.180 Thread 0x0000020db6bd8800 Exception <a 'java/lang/ClassNotFoundException'{0x000000008d44a7a0}: org/gradle/api/tasks/testing/AbstractTestTaskBeanInfo> (0x000000008d44a7a0) thrown at [./src/hotspot/share/classfile/systemDictionary.cpp, line 231]
Event: 215.182 Thread 0x0000020db6bd8800 Exception <a 'java/lang/ClassNotFoundException'{0x000000008d465c18}: org/gradle/api/tasks/testing/AbstractTestTaskCustomizer> (0x000000008d465c18) thrown at [./src/hotspot/share/classfile/systemDictionary.cpp, line 231]
Event: 215.189 Thread 0x0000020db6bd8800 Exception <a 'java/lang/ClassNotFoundException'{0x000000008d49c948}: org/gradle/api/tasks/testing/TestCustomizer> (0x000000008d49c948) thrown at [./src/hotspot/share/classfile/systemDictionary.cpp, line 231]
Event: 215.204 Thread 0x0000020db6bd8800 Exception <a 'java/lang/ClassNotFoundException'{0x000000008d348448}: com/android/build/gradle/tasks/factory/AndroidUnitTestCustomizer> (0x000000008d348448) thrown at [./src/hotspot/share/classfile/systemDictionary.cpp, line 231]
Event: 215.208 Thread 0x0000020db6bd8800 Exception <a 'java/lang/ClassNotFoundException'{0x000000008d37aa88}: com/android/build/gradle/tasks/factory/AndroidUnitTest_DecoratedCustomizer> (0x000000008d37aa88) thrown at [./src/hotspot/share/classfile/systemDictionary.cpp, line 231]
Event: 215.335 Thread 0x0000020db6bd8800 Exception <a 'java/lang/ClassNotFoundException'{0x000000008d069740}: org/gradle/api/internal/tasks/DefaultSourceSetContainer_DecoratedBeanInfo> (0x000000008d069740) thrown at [./src/hotspot/share/classfile/systemDictionary.cpp, line 231]
Event: 215.337 Thread 0x0000020db6bd8800 Exception <a 'java/lang/ClassNotFoundException'{0x000000008d085a38}: org/gradle/api/internal/tasks/DefaultSourceSetContainerBeanInfo> (0x000000008d085a38) thrown at [./src/hotspot/share/classfile/systemDictionary.cpp, line 231]
Event: 215.338 Thread 0x0000020db6bd8800 Exception <a 'java/lang/ClassNotFoundException'{0x000000008d0a0898}: org/gradle/api/internal/tasks/DefaultSourceSetContainerCustomizer> (0x000000008d0a0898) thrown at [./src/hotspot/share/classfile/systemDictionary.cpp, line 231]
Event: 215.341 Thread 0x0000020db6bd8800 Exception <a 'java/lang/ClassNotFoundException'{0x000000008d0c9b40}: org/gradle/api/internal/tasks/DefaultSourceSetContainer_DecoratedCustomizer> (0x000000008d0c9b40) thrown at [./src/hotspot/share/classfile/systemDictionary.cpp, line 231]
Event: 222.469 Thread 0x0000020db6bd8800 Exception <a 'java/lang/reflect/InvocationTargetException'{0x000000008bc8b808}> (0x000000008bc8b808) thrown at [./src/hotspot/share/runtime/reflection.cpp, line 1247]

Events (20 events):
Event: 222.790 loading class com/android/builder/model/MavenCoordinates
Event: 222.790 loading class com/android/builder/model/MavenCoordinates done
Event: 222.792 loading class com/android/builder/dependency/MavenCoordinatesImpl
Event: 222.792 loading class com/android/builder/dependency/MavenCoordinatesImpl done
Event: 222.828 loading class com/android/build/gradle/internal/ide/dependencies/MavenCoordinatesCacheBuildService$cache$1
Event: 222.828 loading class com/android/build/gradle/internal/ide/dependencies/MavenCoordinatesCacheBuildService$cache$1 done
Event: 222.840 loading class com/android/build/gradle/internal/ide/dependencies/ArtifactCollectionsInputs
Event: 222.840 loading class com/android/build/gradle/internal/ide/dependencies/ArtifactCollectionsInputs done
Event: 222.907 loading class com/android/build/gradle/internal/ide/dependencies/ArtifactCollectionsInputs$RuntimeType
Event: 222.907 loading class com/android/build/gradle/internal/ide/dependencies/ArtifactCollectionsInputs$RuntimeType done
Event: 222.914 loading class com/android/build/gradle/internal/ide/dependencies/ArtifactCollections
Event: 222.914 loading class com/android/build/gradle/internal/ide/dependencies/ArtifactCollections done
Event: 222.926 loading class com/android/build/gradle/internal/ide/dependencies/Level1RuntimeArtifactCollections
Event: 222.926 loading class com/android/build/gradle/internal/ide/dependencies/Level1RuntimeArtifactCollections done
Event: 222.932 loading class com/android/build/gradle/internal/ide/dependencies/ArtifactUtils
Event: 222.932 loading class com/android/build/gradle/internal/ide/dependencies/ArtifactUtils done
Event: 222.951 loading class com/google/common/collect/ImmutableMultimap
Event: 222.951 loading class com/google/common/collect/ImmutableMultimap done
Event: 223.054 loading class com/google/common/collect/BaseImmutableMultimap
Event: 223.054 loading class com/google/common/collect/BaseImmutableMultimap done


Dynamic libraries:
0x00007ff6bb250000 - 0x00007ff6bb25a000 	C:\Users\felip\OneDrive\Desktop\android-studio-ide-202.6987402-windows\android-studio\jre\bin\java.exe
0x00007ffb762b0000 - 0x00007ffb764a5000 	C:\Windows\SYSTEM32\ntdll.dll
0x00007ffb759b0000 - 0x00007ffb75a6d000 	C:\Windows\System32\KERNEL32.DLL
0x00007ffb73e10000 - 0x00007ffb740d9000 	C:\Windows\System32\KERNELBASE.dll
0x00007ffb73c60000 - 0x00007ffb73d60000 	C:\Windows\System32\ucrtbase.dll
0x00007ffb6ebd0000 - 0x00007ffb6ebe9000 	C:\Users\felip\OneDrive\Desktop\android-studio-ide-202.6987402-windows\android-studio\jre\bin\jli.dll
0x00007ffb74530000 - 0x00007ffb746d0000 	C:\Windows\System32\USER32.dll
0x00007ffb740e0000 - 0x00007ffb74102000 	C:\Windows\System32\win32u.dll
0x00007ffb74390000 - 0x00007ffb743ba000 	C:\Windows\System32\GDI32.dll
0x00007ffb73ac0000 - 0x00007ffb73bcb000 	C:\Windows\System32\gdi32full.dll
0x00007ffb73a20000 - 0x00007ffb73abd000 	C:\Windows\System32\msvcp_win.dll
0x00007ffb62750000 - 0x00007ffb629ea000 	C:\Windows\WinSxS\amd64_microsoft.windows.common-controls_6595b64144ccf1df_6.0.19041.1083_none_60bbe31371f34e71\COMCTL32.dll
0x00007ffb6d5d0000 - 0x00007ffb6d5e7000 	C:\Users\felip\OneDrive\Desktop\android-studio-ide-202.6987402-windows\android-studio\jre\bin\VCRUNTIME140.dll
0x00007ffb74b80000 - 0x00007ffb74c1e000 	C:\Windows\System32\msvcrt.dll
0x00007ffb74500000 - 0x00007ffb74530000 	C:\Windows\System32\IMM32.DLL
0x00007ffb65f50000 - 0x00007ffb65fed000 	C:\Users\felip\OneDrive\Desktop\android-studio-ide-202.6987402-windows\android-studio\jre\bin\msvcp140.dll
0x00007ffb3c0b0000 - 0x00007ffb3cb6c000 	C:\Users\felip\OneDrive\Desktop\android-studio-ide-202.6987402-windows\android-studio\jre\bin\server\jvm.dll
0x00007ffb75020000 - 0x00007ffb750cc000 	C:\Windows\System32\ADVAPI32.dll
0x00007ffb74f80000 - 0x00007ffb7501b000 	C:\Windows\System32\sechost.dll
0x00007ffb743c0000 - 0x00007ffb744ea000 	C:\Windows\System32\RPCRT4.dll
0x00007ffb68f10000 - 0x00007ffb68f37000 	C:\Windows\SYSTEM32\WINMM.dll
0x00007ffb6e390000 - 0x00007ffb6e39a000 	C:\Windows\SYSTEM32\VERSION.dll
0x00007ffb6b290000 - 0x00007ffb6b299000 	C:\Windows\SYSTEM32\WSOCK32.dll
0x00007ffb74320000 - 0x00007ffb7438b000 	C:\Windows\System32\WS2_32.dll
0x00007ffb748b0000 - 0x00007ffb748b8000 	C:\Windows\System32\PSAPI.DLL
0x00007ffb71840000 - 0x00007ffb71852000 	C:\Windows\SYSTEM32\kernel.appcore.dll
0x00007ffb6d830000 - 0x00007ffb6d841000 	C:\Users\felip\OneDrive\Desktop\android-studio-ide-202.6987402-windows\android-studio\jre\bin\verify.dll
0x00007ffb6dff0000 - 0x00007ffb6e1d4000 	C:\Windows\SYSTEM32\DBGHELP.DLL
0x00007ffb6ddc0000 - 0x00007ffb6ddec000 	C:\Windows\SYSTEM32\dbgcore.DLL
0x00007ffb73bd0000 - 0x00007ffb73c53000 	C:\Windows\System32\bcryptPrimitives.dll
0x00007ffb65c40000 - 0x00007ffb65c69000 	C:\Users\felip\OneDrive\Desktop\android-studio-ide-202.6987402-windows\android-studio\jre\bin\java.dll
0x00007ffb6d820000 - 0x00007ffb6d82b000 	C:\Users\felip\OneDrive\Desktop\android-studio-ide-202.6987402-windows\android-studio\jre\bin\jimage.dll
0x00007ffb65c20000 - 0x00007ffb65c38000 	C:\Users\felip\OneDrive\Desktop\android-studio-ide-202.6987402-windows\android-studio\jre\bin\zip.dll
0x00007ffb75b30000 - 0x00007ffb7626f000 	C:\Windows\System32\SHELL32.dll
0x00007ffb71b20000 - 0x00007ffb722b1000 	C:\Windows\SYSTEM32\windows.storage.dll
0x00007ffb750d0000 - 0x00007ffb75425000 	C:\Windows\System32\combase.dll
0x00007ffb73390000 - 0x00007ffb733bc000 	C:\Windows\SYSTEM32\Wldp.dll
0x00007ffb749f0000 - 0x00007ffb74a9e000 	C:\Windows\System32\SHCORE.dll
0x00007ffb75ad0000 - 0x00007ffb75b25000 	C:\Windows\System32\shlwapi.dll
0x00007ffb73930000 - 0x00007ffb7394f000 	C:\Windows\SYSTEM32\profapi.dll
0x00007ffb65840000 - 0x00007ffb6585a000 	C:\Users\felip\OneDrive\Desktop\android-studio-ide-202.6987402-windows\android-studio\jre\bin\net.dll
0x00007ffb6bc30000 - 0x00007ffb6bd3a000 	C:\Windows\SYSTEM32\WINHTTP.dll
0x00007ffb730f0000 - 0x00007ffb7315a000 	C:\Windows\system32\mswsock.dll
0x00007ffb65820000 - 0x00007ffb65834000 	C:\Users\felip\OneDrive\Desktop\android-studio-ide-202.6987402-windows\android-studio\jre\bin\nio.dll
0x00007ffb658b0000 - 0x00007ffb658d6000 	C:\Users\felip\.gradle\native\fdc75f09e3144964f2cf3f50f0aa648679c211496f362492102eb8c894070792\windows-amd64\native-platform.dll
0x00007ffb3e2a0000 - 0x00007ffb3e431000 	C:\Users\felip\.gradle\native\12488b8bf47d2d4c9fbf2f6322a914ad602e24e48041cd04a747c6da556b65c4\windows-amd64\native-platform-file-events.dll
0x00007ffb65bd0000 - 0x00007ffb65bda000 	C:\Users\felip\OneDrive\Desktop\android-studio-ide-202.6987402-windows\android-studio\jre\bin\management.dll
0x00007ffb61c70000 - 0x00007ffb61c7c000 	C:\Users\felip\OneDrive\Desktop\android-studio-ide-202.6987402-windows\android-studio\jre\bin\management_ext.dll
0x00007ffb732e0000 - 0x00007ffb732f8000 	C:\Windows\SYSTEM32\CRYPTSP.dll
0x00007ffb72a90000 - 0x00007ffb72ac4000 	C:\Windows\system32\rsaenh.dll
0x00007ffb739f0000 - 0x00007ffb73a17000 	C:\Windows\System32\bcrypt.dll
0x00007ffb738f0000 - 0x00007ffb7391e000 	C:\Windows\SYSTEM32\USERENV.dll
0x00007ffb732d0000 - 0x00007ffb732dc000 	C:\Windows\SYSTEM32\CRYPTBASE.dll
0x00007ffb72de0000 - 0x00007ffb72e1b000 	C:\Windows\SYSTEM32\IPHLPAPI.DLL
0x00007ffb744f0000 - 0x00007ffb744f8000 	C:\Windows\System32\NSI.dll
0x00007ffb6dfb0000 - 0x00007ffb6dfc7000 	C:\Windows\SYSTEM32\dhcpcsvc6.DLL
0x00007ffb6e2f0000 - 0x00007ffb6e30d000 	C:\Windows\SYSTEM32\dhcpcsvc.DLL
0x00007ffb72e20000 - 0x00007ffb72eec000 	C:\Windows\SYSTEM32\DNSAPI.dll
0x00007ffb6e3a0000 - 0x00007ffb6e3ab000 	C:\Windows\SYSTEM32\WINNSI.DLL
0x00007ffb61c20000 - 0x00007ffb61c47000 	C:\Users\felip\OneDrive\Desktop\android-studio-ide-202.6987402-windows\android-studio\jre\bin\sunec.dll
0x00007ffb6b250000 - 0x00007ffb6b25a000 	C:\Windows\System32\rasadhlp.dll
0x00007ffb6cd80000 - 0x00007ffb6cdff000 	C:\Windows\System32\fwpuclnt.dll
0x00007ffb72720000 - 0x00007ffb72753000 	C:\Windows\SYSTEM32\ntmarta.dll

dbghelp: loaded successfully - version: 4.0.5 - missing functions: none
symbol engine: initialized successfully - sym options: 0x614 - pdb path: .;C:\Users\felip\OneDrive\Desktop\android-studio-ide-202.6987402-windows\android-studio\jre\bin;C:\Windows\SYSTEM32;C:\Windows\WinSxS\amd64_microsoft.windows.common-controls_6595b64144ccf1df_6.0.19041.1083_none_60bbe31371f34e71;C:\Users\felip\OneDrive\Desktop\android-studio-ide-202.6987402-windows\android-studio\jre\bin\server;C:\Users\felip\.gradle\native\fdc75f09e3144964f2cf3f50f0aa648679c211496f362492102eb8c894070792\windows-amd64;C:\Users\felip\.gradle\native\12488b8bf47d2d4c9fbf2f6322a914ad602e24e48041cd04a747c6da556b65c4\windows-amd64

VM Arguments:
jvm_args: --add-opens=java.base/java.util=ALL-UNNAMED --add-opens=java.base/java.lang=ALL-UNNAMED --add-opens=java.base/java.lang.invoke=ALL-UNNAMED --add-opens=java.prefs/java.util.prefs=ALL-UNNAMED -Xmx2048m -Dfile.encoding=windows-1252 -Duser.country=US -Duser.language=en -Duser.variant 
java_command: org.gradle.launcher.daemon.bootstrap.GradleDaemon 6.7.1
java_class_path (initial): C:\Users\felip\.gradle\wrapper\dists\gradle-6.7.1-bin\bwlcbys1h7rz3272sye1xwiv6\gradle-6.7.1\lib\gradle-launcher-6.7.1.jar
Launcher Type: SUN_STANDARD

[Global flags]
     intx CICompilerCount                          = 2                                         {product} {ergonomic}
     uint ConcGCThreads                            = 1                                         {product} {ergonomic}
     uint G1ConcRefinementThreads                  = 2                                         {product} {ergonomic}
   size_t G1HeapRegionSize                         = 1048576                                   {product} {ergonomic}
    uintx GCDrainStackTargetSize                   = 64                                        {product} {ergonomic}
   size_t InitialHeapSize                          = 67108864                                  {product} {ergonomic}
   size_t MarkStackSize                            = 4194304                                   {product} {ergonomic}
   size_t MaxHeapSize                              = 2147483648                                {product} {command line}
   size_t MaxNewSize                               = 1287651328                                {product} {ergonomic}
   size_t MinHeapDeltaBytes                        = 1048576                                   {product} {ergonomic}
    uintx NonNMethodCodeHeapSize                   = 5825164                                {pd product} {ergonomic}
    uintx NonProfiledCodeHeapSize                  = 122916538                              {pd product} {ergonomic}
    uintx ProfiledCodeHeapSize                     = 122916538                              {pd product} {ergonomic}
    uintx ReservedCodeCacheSize                    = 251658240                              {pd product} {ergonomic}
     bool SegmentedCodeCache                       = true                                      {product} {ergonomic}
     bool UseCompressedClassPointers               = true                                 {lp64_product} {ergonomic}
     bool UseCompressedOops                        = true                                 {lp64_product} {ergonomic}
     bool UseG1GC                                  = true                                      {product} {ergonomic}
     bool UseLargePagesIndividualAllocation        = false                                  {pd product} {ergonomic}

Logging:
Log output configuration:
 #0: stdout all=warning uptime,level,tags
 #1: stderr all=off uptime,level,tags

Environment Variables:
PATH=C:\Program Files\Common Files\Oracle\Java\javapath;C:\Program Files (x86)\Common Files\Oracle\Java\javapath;C:\Windows\system32;C:\Windows;C:\Windows\System32\Wbem;C:\Windows\System32\WindowsPowerShell\v1.0\;C:\Windows\System32\OpenSSH\;C:\ProgramData\chocolatey\bin;C:\Program Files (x86)\Yarn\bin\;C:\Program Files\nodejs\;C:\Program Files\Git\cmd;C:\Users\felip\AppData\Local\Microsoft\WindowsApps;C:\Users\felip\AppData\Local\Programs\Microsoft VS Code\bin;C:\Users\felip\AppData\Local\Yarn\bin;C:\Users\felip\AppData\Local\GitHubDesktop\bin;C:\Users\felip\AppData\Roaming\npm
USERNAME=felip
OS=Windows_NT
PROCESSOR_IDENTIFIER=Intel64 Family 6 Model 23 Stepping 10, GenuineIntel



---------------  S Y S T E M  ---------------

OS: Windows 10 , 64 bit Build 19041 (10.0.19041.1023)
OS uptime: 2 days 15:16 hours

CPU:total 2 (initial active 2) (2 cores per cpu, 1 threads per core) family 6 model 23 stepping 10, cmov, cx8, fxsr, mmx, sse, sse2, sse3, ssse3, tsc

Memory: 4k page, system-wide physical 4061M (24M free)
TotalPageFile size 4061M (AvailPageFile size 4M)
current process WorkingSet (physical memory assigned to process): 201M, peak: 416M
current process commit charge ("private bytes"): 537M, peak: 538M

vm_info: OpenJDK 64-Bit Server VM (11.0.8+10-b944.6842174) for windows-amd64 JRE (11.0.8+10-b944.6842174), built on Sep 19 2020 01:11:42 by "builder" with MS VC++ 14.0 (VS2015)

END.
