#
# There is insufficient memory for the Java Runtime Environment to continue.
# Native memory allocation (malloc) failed to allocate 56896 bytes for Chunk::new
# Possible reasons:
#   The system is out of physical RAM or swap space
#   The process is running with CompressedOops enabled, and the Java Heap may be blocking the growth of the native heap
# Possible solutions:
#   Reduce memory load on the system
#   Increase physical memory or swap space
#   Check if swap backing store is full
#   Decrease Java heap size (-Xmx/-Xms)
#   Decrease number of Java threads
#   Decrease Java thread stack sizes (-Xss)
#   Set larger code cache with -XX:ReservedCodeCacheSize=
#   JVM is running with Unscaled Compressed Oops mode in which the Java heap is
#     placed in the first 4GB address space. The Java Heap base address is the
#     maximum limit for the native heap growth. Please use -XX:HeapBaseMinAddress
#     to set the Java Heap base and to place the Java Heap above 4GB virtual address.
# This output file may be truncated or incomplete.
#
#  Out of Memory Error (./src/hotspot/share/memory/arena.cpp:197), pid=4208, tid=7484
#
# JRE version: OpenJDK Runtime Environment (11.0.8+10) (build 11.0.8+10-b944.6842174)
# Java VM: OpenJDK 64-Bit Server VM (11.0.8+10-b944.6842174, mixed mode, tiered, compressed oops, g1 gc, windows-amd64)
# No core dump will be written. Minidumps are not enabled by default on client versions of Windows
#

---------------  S U M M A R Y ------------

Command Line: --add-opens=java.base/java.util=ALL-UNNAMED --add-opens=java.base/java.lang=ALL-UNNAMED --add-opens=java.base/java.lang.invoke=ALL-UNNAMED --add-opens=java.prefs/java.util.prefs=ALL-UNNAMED -Xmx2048m -Dfile.encoding=windows-1252 -Duser.country=US -Duser.language=en -Duser.variant org.gradle.launcher.daemon.bootstrap.GradleDaemon 6.7.1

Host: Celeron(R) Dual-Core CPU       T3500  @ 2.10GHz, 2 cores, 3G,  Windows 10 , 64 bit Build 19041 (10.0.19041.1023)
Time: Wed Jun 23 11:35:45 2021 E. South America Standard Time elapsed time: 48 seconds (0d 0h 0m 48s)

---------------  T H R E A D  ---------------

Current thread (0x000002499dd24800):  JavaThread "C2 CompilerThread0" daemon [_thread_in_native, id=7484, stack(0x000000c6b2b00000,0x000000c6b2c00000)]


Current CompileTask:
C2:  48723 3389       4       java.util.WeakHashMap$HashIterator::hasNext (95 bytes)

Stack: [0x000000c6b2b00000,0x000000c6b2c00000]
Native frames: (J=compiled Java code, j=interpreted, Vv=VM code, C=native code)
V  [jvm.dll+0x5de50a]
V  [jvm.dll+0x7122f5]
V  [jvm.dll+0x71384d]
V  [jvm.dll+0x713f03]
V  [jvm.dll+0x23e728]
V  [jvm.dll+0xb899c]
V  [jvm.dll+0xb8e9c]
V  [jvm.dll+0x2b20e4]
V  [jvm.dll+0x502098]
V  [jvm.dll+0x1f8cde]
V  [jvm.dll+0x1f685f]
V  [jvm.dll+0x17f32c]
V  [jvm.dll+0x205047]
V  [jvm.dll+0x203891]
V  [jvm.dll+0x6dad3f]
V  [jvm.dll+0x6d3895]
V  [jvm.dll+0x5dd4a6]
C  [ucrtbase.dll+0x21bb2]
C  [KERNEL32.DLL+0x17034]
C  [ntdll.dll+0x52651]


---------------  P R O C E S S  ---------------

Threads class SMR info:
_java_thread_list=0x000002499fe07ff0, length=50, elements={
0x0000024983e1d800, 0x000002499d395000, 0x000002499d39f000, 0x000002499dd20800,
0x000002499dd22000, 0x000002499dd24800, 0x000002499dd2e800, 0x000002499dd7d000,
0x000002499de6c800, 0x000002499de81000, 0x000002499f92e800, 0x000002499e0a8000,
0x000002499e0a9000, 0x000002499f8e7800, 0x000002499f34f000, 0x000002499e068000,
0x000002499e068800, 0x000002499f017000, 0x000002499f8fc800, 0x000002499f43f800,
0x000002499ec1f000, 0x000002499ec1c800, 0x000002499ec1b800, 0x000002499ec1e000,
0x000002499ec1d000, 0x000002499ec19000, 0x000002499ec1b000, 0x000002499ec1f800,
0x000002499ec1a000, 0x00000249a084c000, 0x00000249a084d000, 0x00000249a084a800,
0x00000249a0851000, 0x00000249a084d800, 0x00000249a084f800, 0x00000249a084b000,
0x00000249a0851800, 0x00000249a0852800, 0x00000249a0854000, 0x00000249a0853800,
0x00000249a084e800, 0x00000249a0855000, 0x00000249a0856000, 0x00000249a0850000,
0x00000249a0858800, 0x00000249a0859000, 0x00000249a0856800, 0x00000249a0857800,
0x000002499fd90000, 0x000002499fd90800
}

Java Threads: ( => current thread )
  0x0000024983e1d800 JavaThread "main" [_thread_blocked, id=7756, stack(0x000000c6b2000000,0x000000c6b2100000)]
  0x000002499d395000 JavaThread "Reference Handler" daemon [_thread_blocked, id=5424, stack(0x000000c6b2700000,0x000000c6b2800000)]
  0x000002499d39f000 JavaThread "Finalizer" daemon [_thread_blocked, id=8044, stack(0x000000c6b2800000,0x000000c6b2900000)]
  0x000002499dd20800 JavaThread "Signal Dispatcher" daemon [_thread_blocked, id=3176, stack(0x000000c6b2900000,0x000000c6b2a00000)]
  0x000002499dd22000 JavaThread "Attach Listener" daemon [_thread_blocked, id=3400, stack(0x000000c6b2a00000,0x000000c6b2b00000)]
=>0x000002499dd24800 JavaThread "C2 CompilerThread0" daemon [_thread_in_native, id=7484, stack(0x000000c6b2b00000,0x000000c6b2c00000)]
  0x000002499dd2e800 JavaThread "C1 CompilerThread0" daemon [_thread_blocked, id=1488, stack(0x000000c6b2c00000,0x000000c6b2d00000)]
  0x000002499dd7d000 JavaThread "Sweeper thread" daemon [_thread_blocked, id=5000, stack(0x000000c6b2d00000,0x000000c6b2e00000)]
  0x000002499de6c800 JavaThread "Common-Cleaner" daemon [_thread_blocked, id=6460, stack(0x000000c6b2e00000,0x000000c6b2f00000)]
  0x000002499de81000 JavaThread "Service Thread" daemon [_thread_blocked, id=7200, stack(0x000000c6b2f00000,0x000000c6b3000000)]
  0x000002499f92e800 JavaThread "Daemon health stats" [_thread_blocked, id=3352, stack(0x000000c6b3200000,0x000000c6b3300000)]
  0x000002499e0a8000 JavaThread "Incoming local TCP Connector on port 13605" [_thread_in_native, id=4700, stack(0x000000c6b3500000,0x000000c6b3600000)]
  0x000002499e0a9000 JavaThread "Daemon periodic checks" [_thread_blocked, id=6544, stack(0x000000c6b3600000,0x000000c6b3700000)]
  0x000002499f8e7800 JavaThread "Daemon" [_thread_blocked, id=7640, stack(0x000000c6b3700000,0x000000c6b3800000)]
  0x000002499f34f000 JavaThread "Handler for socket connection from /127.0.0.1:13605 to /127.0.0.1:13606" [_thread_in_native, id=5660, stack(0x000000c6b3800000,0x000000c6b3900000)]
  0x000002499e068000 JavaThread "Cancel handler" [_thread_blocked, id=5468, stack(0x000000c6b3900000,0x000000c6b3a00000)]
  0x000002499e068800 JavaThread "Daemon worker" [_thread_in_native, id=7552, stack(0x000000c6b3a00000,0x000000c6b3b00000)]
  0x000002499f017000 JavaThread "Asynchronous log dispatcher for DefaultDaemonConnection: socket connection from /127.0.0.1:13605 to /127.0.0.1:13606" [_thread_blocked, id=5104, stack(0x000000c6b3b00000,0x000000c6b3c00000)]
  0x000002499f8fc800 JavaThread "Stdin handler" [_thread_blocked, id=3272, stack(0x000000c6b3c00000,0x000000c6b3d00000)]
  0x000002499f43f800 JavaThread "Thread-8" [_thread_blocked, id=8140, stack(0x000000c6b3d00000,0x000000c6b3e00000)]
  0x000002499ec1f000 JavaThread "Cache worker for file hash cache (C:\Users\felip\Downloads\gradle-7.1\caches\6.7.1\fileHashes)" [_thread_blocked, id=5196, stack(0x000000c6b3e00000,0x000000c6b3f00000)]
  0x000002499ec1c800 JavaThread "File lock request listener" [_thread_in_native, id=1056, stack(0x000000c6b3f00000,0x000000c6b4000000)]
  0x000002499ec1b800 JavaThread "Cache worker for journal cache (C:\Users\felip\Downloads\gradle-7.1\caches\journal-1)" [_thread_blocked, id=5452, stack(0x000000c6b4000000,0x000000c6b4100000)]
  0x000002499ec1e000 JavaThread "Cache worker for file hash cache (C:\Users\felip\AndroidStudioProjects\TheMovieApp\.gradle\6.7.1\fileHashes)" [_thread_blocked, id=5740, stack(0x000000c6b4100000,0x000000c6b4200000)]
  0x000002499ec1d000 JavaThread "jar transforms" [_thread_blocked, id=6364, stack(0x000000c6b4200000,0x000000c6b4300000)]
  0x000002499ec19000 JavaThread "jar transforms Thread 2" [_thread_blocked, id=7928, stack(0x000000c6b4300000,0x000000c6b4400000)]
  0x000002499ec1b000 JavaThread "jar transforms Thread 3" [_thread_blocked, id=3228, stack(0x000000c6b4400000,0x000000c6b4500000)]
  0x000002499ec1f800 JavaThread "jar transforms Thread 4" [_thread_blocked, id=1572, stack(0x000000c6b4500000,0x000000c6b4600000)]
  0x000002499ec1a000 JavaThread "jar transforms Thread 5" [_thread_blocked, id=5708, stack(0x000000c6b4600000,0x000000c6b4700000)]
  0x00000249a084c000 JavaThread "jar transforms Thread 6" [_thread_blocked, id=5124, stack(0x000000c6b4700000,0x000000c6b4800000)]
  0x00000249a084d000 JavaThread "jar transforms Thread 7" [_thread_blocked, id=7184, stack(0x000000c6b4800000,0x000000c6b4900000)]
  0x00000249a084a800 JavaThread "jar transforms Thread 8" [_thread_blocked, id=5068, stack(0x000000c6b4900000,0x000000c6b4a00000)]
  0x00000249a0851000 JavaThread "jar transforms Thread 9" [_thread_blocked, id=5072, stack(0x000000c6b4a00000,0x000000c6b4b00000)]
  0x00000249a084d800 JavaThread "jar transforms Thread 10" [_thread_blocked, id=700, stack(0x000000c6b4b00000,0x000000c6b4c00000)]
  0x00000249a084f800 JavaThread "jar transforms Thread 11" [_thread_blocked, id=7476, stack(0x000000c6b4c00000,0x000000c6b4d00000)]
  0x00000249a084b000 JavaThread "jar transforms Thread 12" [_thread_blocked, id=7448, stack(0x000000c6b4d00000,0x000000c6b4e00000)]
  0x00000249a0851800 JavaThread "jar transforms Thread 13" [_thread_blocked, id=8168, stack(0x000000c6b4e00000,0x000000c6b4f00000)]
  0x00000249a0852800 JavaThread "jar transforms Thread 14" [_thread_blocked, id=7976, stack(0x000000c6b4f00000,0x000000c6b5000000)]
  0x00000249a0854000 JavaThread "jar transforms Thread 15" [_thread_blocked, id=7948, stack(0x000000c6b5000000,0x000000c6b5100000)]
  0x00000249a0853800 JavaThread "jar transforms Thread 16" [_thread_blocked, id=5908, stack(0x000000c6b5100000,0x000000c6b5200000)]
  0x00000249a084e800 JavaThread "jar transforms Thread 17" [_thread_blocked, id=2724, stack(0x000000c6b5200000,0x000000c6b5300000)]
  0x00000249a0855000 JavaThread "jar transforms Thread 18" [_thread_blocked, id=3700, stack(0x000000c6b5300000,0x000000c6b5400000)]
  0x00000249a0856000 JavaThread "jar transforms Thread 19" [_thread_blocked, id=5284, stack(0x000000c6b5400000,0x000000c6b5500000)]
  0x00000249a0850000 JavaThread "jar transforms Thread 20" [_thread_blocked, id=6792, stack(0x000000c6b5500000,0x000000c6b5600000)]
  0x00000249a0858800 JavaThread "jar transforms Thread 21" [_thread_blocked, id=4080, stack(0x000000c6b5600000,0x000000c6b5700000)]
  0x00000249a0859000 JavaThread "Cache worker for checksums cache (C:\Users\felip\AndroidStudioProjects\TheMovieApp\.gradle\checksums)" [_thread_blocked, id=384, stack(0x000000c6b5700000,0x000000c6b5800000)]
  0x00000249a0856800 JavaThread "Cache worker for cache directory md-supplier (C:\Users\felip\Downloads\gradle-7.1\caches\6.7.1\md-supplier)" [_thread_blocked, id=3404, stack(0x000000c6b5800000,0x000000c6b5900000)]
  0x00000249a0857800 JavaThread "Cache worker for cache directory md-rule (C:\Users\felip\Downloads\gradle-7.1\caches\6.7.1\md-rule)" [_thread_blocked, id=5064, stack(0x000000c6b5900000,0x000000c6b5a00000)]
  0x000002499fd90000 JavaThread "Cache worker for execution history cache (C:\Users\felip\Downloads\gradle-7.1\caches\6.7.1\executionHistory)" [_thread_blocked, id=3000, stack(0x000000c6b5a00000,0x000000c6b5b00000)]
  0x000002499fd90800 JavaThread "Cache worker for file content cache (C:\Users\felip\Downloads\gradle-7.1\caches\6.7.1\fileContent)" [_thread_blocked, id=7864, stack(0x000000c6b5b00000,0x000000c6b5c00000)]

Other Threads:
  0x000002499d392000 VMThread "VM Thread" [stack: 0x000000c6b2600000,0x000000c6b2700000] [id=5884]
  0x000002499de82000 WatcherThread [stack: 0x000000c6b3000000,0x000000c6b3100000] [id=4036]
  0x0000024983e38000 GCTaskThread "GC Thread#0" [stack: 0x000000c6b2100000,0x000000c6b2200000] [id=7560]
  0x000002499dd83800 GCTaskThread "GC Thread#1" [stack: 0x000000c6b3100000,0x000000c6b3200000] [id=4384]
  0x0000024983e6a000 ConcurrentGCThread "G1 Main Marker" [stack: 0x000000c6b2200000,0x000000c6b2300000] [id=1268]
  0x0000024983e6d800 ConcurrentGCThread "G1 Conc#0" [stack: 0x000000c6b2300000,0x000000c6b2400000] [id=7296]
  0x0000024983ebe800 ConcurrentGCThread "G1 Refine#0" [stack: 0x000000c6b2400000,0x000000c6b2500000] [id=7240]
  0x0000024983ebf800 ConcurrentGCThread "G1 Young RemSet Sampling" [stack: 0x000000c6b2500000,0x000000c6b2600000] [id=4844]

Threads with active compile tasks:
C2 CompilerThread0  49333 3389       4       java.util.WeakHashMap$HashIterator::hasNext (95 bytes)

VM state:not at safepoint (normal execution)

VM Mutex/Monitor currently owned by a thread: None

OutOfMemory and StackOverflow Exception counts:
OutOfMemoryError java_heap_errors=1
LinkageErrors=103

Heap address: 0x0000000080000000, size: 2048 MB, Compressed Oops mode: 32-bit
Narrow klass base: 0x0000000000000000, Narrow klass shift: 3
Compressed class space size: 1073741824 Address: 0x0000000100000000

Heap:
 garbage-first heap   total 163840K, used 92160K [0x0000000080000000, 0x0000000100000000)
  region size 1024K, 22 young (22528K), 3 survivors (3072K)
 Metaspace       used 40311K, capacity 41279K, committed 41596K, reserved 1085440K
  class space    used 5162K, capacity 5513K, committed 5580K, reserved 1048576K
Heap Regions: E=young(eden), S=young(survivor), O=old, HS=humongous(starts), HC=humongous(continues), CS=collection set, F=free, A=archive, TAMS=top-at-mark-start (previous, next)
|   0|0x0000000080000000, 0x0000000080100000, 0x0000000080100000|100%| O|  |TAMS 0x0000000080100000, 0x0000000080000000| Untracked 
|   1|0x0000000080100000, 0x0000000080200000, 0x0000000080200000|100%| O|  |TAMS 0x0000000080200000, 0x0000000080100000| Untracked 
|   2|0x0000000080200000, 0x0000000080300000, 0x0000000080300000|100%| O|  |TAMS 0x0000000080300000, 0x0000000080200000| Untracked 
|   3|0x0000000080300000, 0x0000000080400000, 0x0000000080400000|100%| O|  |TAMS 0x0000000080400000, 0x0000000080300000| Untracked 
|   4|0x0000000080400000, 0x0000000080500000, 0x0000000080500000|100%|HS|  |TAMS 0x0000000080500000, 0x0000000080400000| Complete 
|   5|0x0000000080500000, 0x0000000080600000, 0x0000000080600000|100%|HC|  |TAMS 0x0000000080600000, 0x0000000080500000| Complete 
|   6|0x0000000080600000, 0x0000000080700000, 0x0000000080700000|100%|HC|  |TAMS 0x0000000080700000, 0x0000000080600000| Complete 
|   7|0x0000000080700000, 0x0000000080800000, 0x0000000080800000|100%| O|  |TAMS 0x0000000080800000, 0x0000000080700000| Untracked 
|   8|0x0000000080800000, 0x0000000080900000, 0x0000000080900000|100%| O|  |TAMS 0x0000000080900000, 0x0000000080800000| Untracked 
|   9|0x0000000080900000, 0x0000000080a00000, 0x0000000080a00000|100%| O|  |TAMS 0x0000000080a00000, 0x0000000080900000| Untracked 
|  10|0x0000000080a00000, 0x0000000080b00000, 0x0000000080b00000|100%| O|  |TAMS 0x0000000080b00000, 0x0000000080a00000| Untracked 
|  11|0x0000000080b00000, 0x0000000080c00000, 0x0000000080c00000|100%| O|  |TAMS 0x0000000080c00000, 0x0000000080b00000| Untracked 
|  12|0x0000000080c00000, 0x0000000080d00000, 0x0000000080d00000|100%| O|  |TAMS 0x0000000080d00000, 0x0000000080c00000| Untracked 
|  13|0x0000000080d00000, 0x0000000080e00000, 0x0000000080e00000|100%| O|  |TAMS 0x0000000080e00000, 0x0000000080d00000| Untracked 
|  14|0x0000000080e00000, 0x0000000080f00000, 0x0000000080f00000|100%| O|  |TAMS 0x0000000080f00000, 0x0000000080e00000| Untracked 
|  15|0x0000000080f00000, 0x0000000081000000, 0x0000000081000000|100%| O|  |TAMS 0x0000000081000000, 0x0000000080f00000| Untracked 
|  16|0x0000000081000000, 0x0000000081100000, 0x0000000081100000|100%|HS|  |TAMS 0x0000000081100000, 0x0000000081000000| Complete 
|  17|0x0000000081100000, 0x0000000081200000, 0x0000000081200000|100%|HC|  |TAMS 0x0000000081200000, 0x0000000081100000| Complete 
|  18|0x0000000081200000, 0x0000000081300000, 0x0000000081300000|100%|HS|  |TAMS 0x0000000081300000, 0x0000000081200000| Complete 
|  19|0x0000000081300000, 0x0000000081400000, 0x0000000081400000|100%|HC|  |TAMS 0x0000000081400000, 0x0000000081300000| Complete 
|  20|0x0000000081400000, 0x0000000081500000, 0x0000000081500000|100%|HC|  |TAMS 0x0000000081500000, 0x0000000081400000| Complete 
|  21|0x0000000081500000, 0x0000000081600000, 0x0000000081600000|100%|HS|  |TAMS 0x0000000081600000, 0x0000000081500000| Complete 
|  22|0x0000000081600000, 0x0000000081700000, 0x0000000081700000|100%|HC|  |TAMS 0x0000000081700000, 0x0000000081600000| Complete 
|  23|0x0000000081700000, 0x0000000081800000, 0x0000000081800000|100%|HC|  |TAMS 0x0000000081800000, 0x0000000081700000| Complete 
|  24|0x0000000081800000, 0x0000000081900000, 0x0000000081900000|100%|HC|  |TAMS 0x0000000081900000, 0x0000000081800000| Complete 
|  25|0x0000000081900000, 0x0000000081a00000, 0x0000000081a00000|100%| O|  |TAMS 0x0000000081a00000, 0x0000000081900000| Untracked 
|  26|0x0000000081a00000, 0x0000000081b00000, 0x0000000081b00000|100%| O|  |TAMS 0x0000000081b00000, 0x0000000081a00000| Untracked 
|  27|0x0000000081b00000, 0x0000000081c00000, 0x0000000081c00000|100%| O|  |TAMS 0x0000000081c00000, 0x0000000081b00000| Untracked 
|  28|0x0000000081c00000, 0x0000000081d00000, 0x0000000081d00000|100%| O|  |TAMS 0x0000000081d00000, 0x0000000081c00000| Untracked 
|  29|0x0000000081d00000, 0x0000000081e00000, 0x0000000081e00000|100%| O|  |TAMS 0x0000000081e00000, 0x0000000081d00000| Untracked 
|  30|0x0000000081e00000, 0x0000000081f00000, 0x0000000081f00000|100%| O|  |TAMS 0x0000000081f00000, 0x0000000081e00000| Untracked 
|  31|0x0000000081f00000, 0x0000000082000000, 0x0000000082000000|100%| O|  |TAMS 0x0000000082000000, 0x0000000081f00000| Untracked 
|  32|0x0000000082000000, 0x0000000082100000, 0x0000000082100000|100%| O|  |TAMS 0x0000000082100000, 0x0000000082000000| Untracked 
|  33|0x0000000082100000, 0x0000000082200000, 0x0000000082200000|100%| O|  |TAMS 0x0000000082200000, 0x0000000082100000| Untracked 
|  34|0x0000000082200000, 0x0000000082300000, 0x0000000082300000|100%| O|  |TAMS 0x0000000082300000, 0x0000000082200000| Untracked 
|  35|0x0000000082300000, 0x0000000082400000, 0x0000000082400000|100%|HS|  |TAMS 0x0000000082400000, 0x0000000082300000| Complete 
|  36|0x0000000082400000, 0x0000000082500000, 0x0000000082500000|100%|HC|  |TAMS 0x0000000082500000, 0x0000000082400000| Complete 
|  37|0x0000000082500000, 0x0000000082600000, 0x0000000082600000|100%|HC|  |TAMS 0x0000000082600000, 0x0000000082500000| Complete 
|  38|0x0000000082600000, 0x0000000082700000, 0x0000000082700000|100%|HC|  |TAMS 0x0000000082700000, 0x0000000082600000| Complete 
|  39|0x0000000082700000, 0x0000000082800000, 0x0000000082800000|100%| O|  |TAMS 0x000000008279da00, 0x0000000082700000| Untracked 
|  40|0x0000000082800000, 0x0000000082900000, 0x0000000082900000|100%| O|  |TAMS 0x0000000082900000, 0x0000000082800000| Untracked 
|  41|0x0000000082900000, 0x0000000082a00000, 0x0000000082a00000|100%| O|  |TAMS 0x0000000082a00000, 0x0000000082900000| Untracked 
|  42|0x0000000082a00000, 0x0000000082b00000, 0x0000000082b00000|100%| O|  |TAMS 0x0000000082b00000, 0x0000000082a00000| Untracked 
|  43|0x0000000082b00000, 0x0000000082c00000, 0x0000000082c00000|100%| O|  |TAMS 0x0000000082c00000, 0x0000000082b00000| Untracked 
|  44|0x0000000082c00000, 0x0000000082d00000, 0x0000000082d00000|100%| O|  |TAMS 0x0000000082c00000, 0x0000000082c00000| Untracked 
|  45|0x0000000082d00000, 0x0000000082e00000, 0x0000000082e00000|100%| O|  |TAMS 0x0000000082d00000, 0x0000000082d00000| Untracked 
|  46|0x0000000082e00000, 0x0000000082f00000, 0x0000000082f00000|100%| O|  |TAMS 0x0000000082e00000, 0x0000000082e00000| Untracked 
|  47|0x0000000082f00000, 0x0000000083000000, 0x0000000083000000|100%| O|  |TAMS 0x0000000082f00000, 0x0000000082f00000| Untracked 
|  48|0x0000000083000000, 0x0000000083100000, 0x0000000083100000|100%| O|  |TAMS 0x0000000083100000, 0x0000000083000000| Untracked 
|  49|0x0000000083100000, 0x0000000083200000, 0x0000000083200000|100%| O|  |TAMS 0x0000000083200000, 0x0000000083100000| Untracked 
|  50|0x0000000083200000, 0x0000000083300000, 0x0000000083300000|100%| O|  |TAMS 0x0000000083200000, 0x0000000083200000| Untracked 
|  51|0x0000000083300000, 0x0000000083400000, 0x0000000083400000|100%| O|  |TAMS 0x0000000083300000, 0x0000000083300000| Untracked 
|  52|0x0000000083400000, 0x0000000083500000, 0x0000000083500000|100%| O|  |TAMS 0x0000000083400000, 0x0000000083400000| Untracked 
|  53|0x0000000083500000, 0x0000000083600000, 0x0000000083600000|100%| O|  |TAMS 0x0000000083500000, 0x0000000083500000| Untracked 
|  54|0x0000000083600000, 0x0000000083700000, 0x0000000083700000|100%| O|  |TAMS 0x0000000083600000, 0x0000000083600000| Untracked 
|  55|0x0000000083700000, 0x0000000083800000, 0x0000000083800000|100%| O|  |TAMS 0x0000000083700000, 0x0000000083700000| Untracked 
|  56|0x0000000083800000, 0x0000000083900000, 0x0000000083900000|100%| O|  |TAMS 0x0000000083800000, 0x0000000083800000| Untracked 
|  57|0x0000000083900000, 0x0000000083a00000, 0x0000000083a00000|100%| O|  |TAMS 0x0000000083900000, 0x0000000083900000| Untracked 
|  58|0x0000000083a00000, 0x0000000083b00000, 0x0000000083b00000|100%| O|  |TAMS 0x0000000083a00000, 0x0000000083a00000| Untracked 
|  59|0x0000000083b00000, 0x0000000083c00000, 0x0000000083c00000|100%| O|  |TAMS 0x0000000083b00000, 0x0000000083b00000| Untracked 
|  60|0x0000000083c00000, 0x0000000083d00000, 0x0000000083d00000|100%| O|  |TAMS 0x0000000083c00000, 0x0000000083c00000| Untracked 
|  61|0x0000000083d00000, 0x0000000083e00000, 0x0000000083e00000|100%| O|  |TAMS 0x0000000083d00000, 0x0000000083d00000| Untracked 
|  62|0x0000000083e00000, 0x0000000083f00000, 0x0000000083f00000|100%| O|  |TAMS 0x0000000083e00000, 0x0000000083e00000| Untracked 
|  63|0x0000000083f00000, 0x0000000084000000, 0x0000000084000000|100%| O|  |TAMS 0x0000000083f00000, 0x0000000083f00000| Untracked 
|  64|0x0000000084000000, 0x0000000084100000, 0x0000000084100000|100%| O|  |TAMS 0x0000000084000000, 0x0000000084000000| Untracked 
|  65|0x0000000084100000, 0x0000000084200000, 0x0000000084200000|100%| O|  |TAMS 0x0000000084100000, 0x0000000084100000| Untracked 
|  66|0x0000000084200000, 0x0000000084300000, 0x0000000084300000|100%| O|  |TAMS 0x0000000084200000, 0x0000000084200000| Untracked 
|  67|0x0000000084300000, 0x0000000084400000, 0x0000000084400000|100%| O|  |TAMS 0x0000000084300000, 0x0000000084300000| Untracked 
|  68|0x0000000084400000, 0x0000000084500000, 0x0000000084500000|100%| O|  |TAMS 0x0000000084400000, 0x0000000084400000| Untracked 
|  69|0x0000000084500000, 0x0000000084500000, 0x0000000084600000|  0%| F|  |TAMS 0x0000000084500000, 0x0000000084500000| Untracked 
|  70|0x0000000084600000, 0x0000000084600000, 0x0000000084700000|  0%| F|  |TAMS 0x0000000084600000, 0x0000000084600000| Untracked 
|  71|0x0000000084700000, 0x0000000084700000, 0x0000000084800000|  0%| F|  |TAMS 0x0000000084700000, 0x0000000084700000| Untracked 
|  72|0x0000000084800000, 0x0000000084800000, 0x0000000084900000|  0%| F|  |TAMS 0x0000000084800000, 0x0000000084800000| Untracked 
|  73|0x0000000084900000, 0x0000000084900000, 0x0000000084a00000|  0%| F|  |TAMS 0x0000000084900000, 0x0000000084900000| Untracked 
|  74|0x0000000084a00000, 0x0000000084a00000, 0x0000000084b00000|  0%| F|  |TAMS 0x0000000084a00000, 0x0000000084a00000| Untracked 
|  75|0x0000000084b00000, 0x0000000084b00000, 0x0000000084c00000|  0%| F|  |TAMS 0x0000000084b00000, 0x0000000084b00000| Untracked 
|  76|0x0000000084c00000, 0x0000000084c00000, 0x0000000084d00000|  0%| F|  |TAMS 0x0000000084c00000, 0x0000000084c00000| Untracked 
|  77|0x0000000084d00000, 0x0000000084d00000, 0x0000000084e00000|  0%| F|  |TAMS 0x0000000084d00000, 0x0000000084d00000| Untracked 
|  78|0x0000000084e00000, 0x0000000084e00000, 0x0000000084f00000|  0%| F|  |TAMS 0x0000000084e00000, 0x0000000084e00000| Untracked 
|  79|0x0000000084f00000, 0x0000000084f00000, 0x0000000085000000|  0%| F|  |TAMS 0x0000000084f00000, 0x0000000084f00000| Untracked 
|  80|0x0000000085000000, 0x0000000085000000, 0x0000000085100000|  0%| F|  |TAMS 0x0000000085000000, 0x0000000085000000| Untracked 
|  81|0x0000000085100000, 0x0000000085100000, 0x0000000085200000|  0%| F|  |TAMS 0x0000000085100000, 0x0000000085100000| Untracked 
|  82|0x0000000085200000, 0x0000000085200000, 0x0000000085300000|  0%| F|  |TAMS 0x0000000085200000, 0x0000000085200000| Untracked 
|  83|0x0000000085300000, 0x0000000085300000, 0x0000000085400000|  0%| F|  |TAMS 0x0000000085300000, 0x0000000085300000| Untracked 
|  84|0x0000000085400000, 0x0000000085400000, 0x0000000085500000|  0%| F|  |TAMS 0x0000000085400000, 0x0000000085400000| Untracked 
|  85|0x0000000085500000, 0x0000000085500000, 0x0000000085600000|  0%| F|  |TAMS 0x0000000085500000, 0x0000000085500000| Untracked 
|  86|0x0000000085600000, 0x0000000085600000, 0x0000000085700000|  0%| F|  |TAMS 0x0000000085600000, 0x0000000085600000| Untracked 
|  87|0x0000000085700000, 0x0000000085700000, 0x0000000085800000|  0%| F|  |TAMS 0x0000000085700000, 0x0000000085700000| Untracked 
|  88|0x0000000085800000, 0x0000000085800000, 0x0000000085900000|  0%| F|  |TAMS 0x0000000085800000, 0x0000000085800000| Untracked 
|  89|0x0000000085900000, 0x0000000085900000, 0x0000000085a00000|  0%| F|  |TAMS 0x0000000085900000, 0x0000000085900000| Untracked 
|  90|0x0000000085a00000, 0x0000000085a00000, 0x0000000085b00000|  0%| F|  |TAMS 0x0000000085a00000, 0x0000000085a00000| Untracked 
|  91|0x0000000085b00000, 0x0000000085c00000, 0x0000000085c00000|100%| S|CS|TAMS 0x0000000085b00000, 0x0000000085b00000| Complete 
|  92|0x0000000085c00000, 0x0000000085d00000, 0x0000000085d00000|100%| S|CS|TAMS 0x0000000085c00000, 0x0000000085c00000| Complete 
|  93|0x0000000085d00000, 0x0000000085e00000, 0x0000000085e00000|100%| S|CS|TAMS 0x0000000085d00000, 0x0000000085d00000| Complete 
|  94|0x0000000085e00000, 0x0000000085e00000, 0x0000000085f00000|  0%| F|  |TAMS 0x0000000085e00000, 0x0000000085e00000| Untracked 
|  95|0x0000000085f00000, 0x0000000085f00000, 0x0000000086000000|  0%| F|  |TAMS 0x0000000085f00000, 0x0000000085f00000| Untracked 
|  96|0x0000000086000000, 0x0000000086000000, 0x0000000086100000|  0%| F|  |TAMS 0x0000000086000000, 0x0000000086000000| Untracked 
|  97|0x0000000086100000, 0x0000000086100000, 0x0000000086200000|  0%| F|  |TAMS 0x0000000086100000, 0x0000000086100000| Untracked 
|  98|0x0000000086200000, 0x0000000086200000, 0x0000000086300000|  0%| F|  |TAMS 0x0000000086200000, 0x0000000086200000| Untracked 
|  99|0x0000000086300000, 0x0000000086300000, 0x0000000086400000|  0%| F|  |TAMS 0x0000000086300000, 0x0000000086300000| Untracked 
| 100|0x0000000086400000, 0x0000000086400000, 0x0000000086500000|  0%| F|  |TAMS 0x0000000086400000, 0x0000000086400000| Untracked 
| 101|0x0000000086500000, 0x0000000086500000, 0x0000000086600000|  0%| F|  |TAMS 0x0000000086500000, 0x0000000086500000| Untracked 
| 102|0x0000000086600000, 0x0000000086600000, 0x0000000086700000|  0%| F|  |TAMS 0x0000000086600000, 0x0000000086600000| Untracked 
| 103|0x0000000086700000, 0x0000000086700000, 0x0000000086800000|  0%| F|  |TAMS 0x0000000086700000, 0x0000000086700000| Untracked 
| 104|0x0000000086800000, 0x0000000086800000, 0x0000000086900000|  0%| F|  |TAMS 0x0000000086800000, 0x0000000086800000| Untracked 
| 105|0x0000000086900000, 0x0000000086900000, 0x0000000086a00000|  0%| F|  |TAMS 0x0000000086900000, 0x0000000086900000| Untracked 
| 106|0x0000000086a00000, 0x0000000086a00000, 0x0000000086b00000|  0%| F|  |TAMS 0x0000000086a00000, 0x0000000086a00000| Untracked 
| 107|0x0000000086b00000, 0x0000000086b00000, 0x0000000086c00000|  0%| F|  |TAMS 0x0000000086b00000, 0x0000000086b00000| Untracked 
| 108|0x0000000086c00000, 0x0000000086c00000, 0x0000000086d00000|  0%| F|  |TAMS 0x0000000086c00000, 0x0000000086c00000| Untracked 
| 109|0x0000000086d00000, 0x0000000086d00000, 0x0000000086e00000|  0%| F|  |TAMS 0x0000000086d00000, 0x0000000086d00000| Untracked 
| 110|0x0000000086e00000, 0x0000000086e00000, 0x0000000086f00000|  0%| F|  |TAMS 0x0000000086e00000, 0x0000000086e00000| Untracked 
| 111|0x0000000086f00000, 0x0000000086f00000, 0x0000000087000000|  0%| F|  |TAMS 0x0000000086f00000, 0x0000000086f00000| Untracked 
| 112|0x0000000087000000, 0x0000000087000000, 0x0000000087100000|  0%| F|  |TAMS 0x0000000087000000, 0x0000000087000000| Untracked 
| 113|0x0000000087100000, 0x0000000087100000, 0x0000000087200000|  0%| F|  |TAMS 0x0000000087100000, 0x0000000087100000| Untracked 
| 114|0x0000000087200000, 0x0000000087200000, 0x0000000087300000|  0%| F|  |TAMS 0x0000000087200000, 0x0000000087200000| Untracked 
| 115|0x0000000087300000, 0x0000000087300000, 0x0000000087400000|  0%| F|  |TAMS 0x0000000087300000, 0x0000000087300000| Untracked 
| 116|0x0000000087400000, 0x0000000087400000, 0x0000000087500000|  0%| F|  |TAMS 0x0000000087400000, 0x0000000087400000| Untracked 
| 117|0x0000000087500000, 0x0000000087500000, 0x0000000087600000|  0%| F|  |TAMS 0x0000000087500000, 0x0000000087500000| Untracked 
| 118|0x0000000087600000, 0x0000000087600000, 0x0000000087700000|  0%| F|  |TAMS 0x0000000087600000, 0x0000000087600000| Untracked 
| 119|0x0000000087700000, 0x0000000087700000, 0x0000000087800000|  0%| F|  |TAMS 0x0000000087700000, 0x0000000087700000| Untracked 
| 120|0x0000000087800000, 0x0000000087800000, 0x0000000087900000|  0%| F|  |TAMS 0x0000000087800000, 0x0000000087800000| Untracked 
| 121|0x0000000087900000, 0x0000000087900000, 0x0000000087a00000|  0%| F|  |TAMS 0x0000000087900000, 0x0000000087900000| Untracked 
| 122|0x0000000087a00000, 0x0000000087a00000, 0x0000000087b00000|  0%| F|  |TAMS 0x0000000087a00000, 0x0000000087a00000| Untracked 
| 123|0x0000000087b00000, 0x0000000087b00000, 0x0000000087c00000|  0%| F|  |TAMS 0x0000000087b00000, 0x0000000087b00000| Untracked 
| 124|0x0000000087c00000, 0x0000000087c00000, 0x0000000087d00000|  0%| F|  |TAMS 0x0000000087c00000, 0x0000000087c00000| Untracked 
| 125|0x0000000087d00000, 0x0000000087d00000, 0x0000000087e00000|  0%| F|  |TAMS 0x0000000087d00000, 0x0000000087d00000| Untracked 
| 126|0x0000000087e00000, 0x0000000087e00000, 0x0000000087f00000|  0%| F|  |TAMS 0x0000000087e00000, 0x0000000087e00000| Untracked 
| 127|0x0000000087f00000, 0x0000000087f00000, 0x0000000088000000|  0%| F|  |TAMS 0x0000000087f00000, 0x0000000087f00000| Untracked 
| 128|0x0000000088000000, 0x0000000088000000, 0x0000000088100000|  0%| F|  |TAMS 0x0000000088000000, 0x0000000088000000| Untracked 
| 129|0x0000000088100000, 0x0000000088100000, 0x0000000088200000|  0%| F|  |TAMS 0x0000000088100000, 0x0000000088100000| Untracked 
| 130|0x0000000088200000, 0x0000000088200000, 0x0000000088300000|  0%| F|  |TAMS 0x0000000088200000, 0x0000000088200000| Untracked 
| 131|0x0000000088300000, 0x0000000088300000, 0x0000000088400000|  0%| F|  |TAMS 0x0000000088300000, 0x0000000088300000| Untracked 
| 132|0x0000000088400000, 0x0000000088400000, 0x0000000088500000|  0%| F|  |TAMS 0x0000000088400000, 0x0000000088400000| Untracked 
| 133|0x0000000088500000, 0x0000000088500000, 0x0000000088600000|  0%| F|  |TAMS 0x0000000088500000, 0x0000000088500000| Untracked 
| 134|0x0000000088600000, 0x0000000088600000, 0x0000000088700000|  0%| F|  |TAMS 0x0000000088600000, 0x0000000088600000| Untracked 
| 135|0x0000000088700000, 0x0000000088700000, 0x0000000088800000|  0%| F|  |TAMS 0x0000000088700000, 0x0000000088700000| Untracked 
| 136|0x0000000088800000, 0x0000000088800000, 0x0000000088900000|  0%| F|  |TAMS 0x0000000088800000, 0x0000000088800000| Untracked 
| 137|0x0000000088900000, 0x0000000088900000, 0x0000000088a00000|  0%| F|  |TAMS 0x0000000088900000, 0x0000000088900000| Untracked 
| 138|0x0000000088a00000, 0x0000000088a00000, 0x0000000088b00000|  0%| F|  |TAMS 0x0000000088a00000, 0x0000000088a00000| Untracked 
| 139|0x0000000088b00000, 0x0000000088b00000, 0x0000000088c00000|  0%| F|  |TAMS 0x0000000088b00000, 0x0000000088b00000| Untracked 
| 140|0x0000000088c00000, 0x0000000088c00000, 0x0000000088d00000|  0%| F|  |TAMS 0x0000000088c00000, 0x0000000088c00000| Untracked 
| 141|0x0000000088d00000, 0x0000000088e00000, 0x0000000088e00000|100%| E|  |TAMS 0x0000000088d00000, 0x0000000088d00000| Complete 
| 142|0x0000000088e00000, 0x0000000088f00000, 0x0000000088f00000|100%| E|CS|TAMS 0x0000000088e00000, 0x0000000088e00000| Complete 
| 143|0x0000000088f00000, 0x0000000089000000, 0x0000000089000000|100%| E|CS|TAMS 0x0000000088f00000, 0x0000000088f00000| Complete 
| 144|0x0000000089000000, 0x0000000089100000, 0x0000000089100000|100%| E|CS|TAMS 0x0000000089000000, 0x0000000089000000| Complete 
| 145|0x0000000089100000, 0x0000000089200000, 0x0000000089200000|100%| E|CS|TAMS 0x0000000089100000, 0x0000000089100000| Complete 
| 146|0x0000000089200000, 0x0000000089300000, 0x0000000089300000|100%| E|CS|TAMS 0x0000000089200000, 0x0000000089200000| Complete 
| 147|0x0000000089300000, 0x0000000089400000, 0x0000000089400000|100%| E|CS|TAMS 0x0000000089300000, 0x0000000089300000| Complete 
| 148|0x0000000089400000, 0x0000000089500000, 0x0000000089500000|100%| E|CS|TAMS 0x0000000089400000, 0x0000000089400000| Complete 
| 149|0x0000000089500000, 0x0000000089600000, 0x0000000089600000|100%| E|CS|TAMS 0x0000000089500000, 0x0000000089500000| Complete 
| 150|0x0000000089600000, 0x0000000089700000, 0x0000000089700000|100%| E|CS|TAMS 0x0000000089600000, 0x0000000089600000| Complete 
| 151|0x0000000089700000, 0x0000000089800000, 0x0000000089800000|100%| E|CS|TAMS 0x0000000089700000, 0x0000000089700000| Complete 
| 152|0x0000000089800000, 0x0000000089900000, 0x0000000089900000|100%| E|CS|TAMS 0x0000000089800000, 0x0000000089800000| Complete 
| 153|0x0000000089900000, 0x0000000089a00000, 0x0000000089a00000|100%| E|CS|TAMS 0x0000000089900000, 0x0000000089900000| Complete 
| 154|0x0000000089a00000, 0x0000000089b00000, 0x0000000089b00000|100%| E|CS|TAMS 0x0000000089a00000, 0x0000000089a00000| Complete 
| 155|0x0000000089b00000, 0x0000000089c00000, 0x0000000089c00000|100%| E|CS|TAMS 0x0000000089b00000, 0x0000000089b00000| Complete 
| 156|0x0000000089c00000, 0x0000000089d00000, 0x0000000089d00000|100%| E|CS|TAMS 0x0000000089c00000, 0x0000000089c00000| Complete 
| 157|0x0000000089d00000, 0x0000000089e00000, 0x0000000089e00000|100%| E|CS|TAMS 0x0000000089d00000, 0x0000000089d00000| Complete 
| 158|0x0000000089e00000, 0x0000000089f00000, 0x0000000089f00000|100%| E|CS|TAMS 0x0000000089e00000, 0x0000000089e00000| Complete 
| 159|0x0000000089f00000, 0x000000008a000000, 0x000000008a000000|100%| E|CS|TAMS 0x0000000089f00000, 0x0000000089f00000| Complete 

Card table byte_map: [0x00000249967a0000,0x0000024996ba0000] _byte_map_base: 0x00000249963a0000

Marking Bits (Prev, Next): (CMBitMap*) 0x0000024983e61560, (CMBitMap*) 0x0000024983e61528
 Prev Bits: [0x0000024998fa0000, 0x000002499afa0000)
 Next Bits: [0x0000024996fa0000, 0x0000024998fa0000)

Polling page: 0x0000024981c20000

Metaspace:

Usage:
  Non-class:     34.93 MB capacity,    34.32 MB ( 98%) used,   532.11 KB (  1%) free+waste,    85.31 KB ( <1%) overhead. 
      Class:      5.38 MB capacity,     5.04 MB ( 94%) used,   308.55 KB (  6%) free+waste,    41.50 KB ( <1%) overhead. 
       Both:     40.31 MB capacity,    39.37 MB ( 98%) used,   840.66 KB (  2%) free+waste,   126.81 KB ( <1%) overhead. 

Virtual space:
  Non-class space:       36.00 MB reserved,      35.17 MB ( 98%) committed 
      Class space:        1.00 GB reserved,       5.45 MB ( <1%) committed 
             Both:        1.04 GB reserved,      40.62 MB (  4%) committed 

Chunk freelists:
   Non-Class:  58.00 KB
       Class:  0 bytes
        Both:  58.00 KB

MaxMetaspaceSize: 17179869184.00 GB
CompressedClassSpaceSize: 1.00 GB

CodeHeap 'non-profiled nmethods': size=120064Kb used=1650Kb max_used=1650Kb free=118413Kb
 bounds [0x000002498f260000, 0x000002498f4d0000, 0x00000249967a0000]
CodeHeap 'profiled nmethods': size=120000Kb used=6684Kb max_used=6684Kb free=113315Kb
 bounds [0x0000024987d30000, 0x00000249883c0000, 0x000002498f260000]
CodeHeap 'non-nmethods': size=5696Kb used=2182Kb max_used=2218Kb free=3513Kb
 bounds [0x00000249877a0000, 0x0000024987a10000, 0x0000024987d30000]
 total_blobs=3912 nmethods=3157 adapters=666
 compilation: enabled
              stopped_count=0, restarted_count=0
 full_count=0

Compilation events (20 events):
Event: 48.452 Thread 0x000002499dd24800 nmethod 3382 0x000002498f3fb510 code [0x000002498f3fb6c0, 0x000002498f3fb9e8]
Event: 48.611 Thread 0x000002499dd2e800 3383       3       java.util.AbstractCollection::toArray (144 bytes)
Event: 48.613 Thread 0x000002499dd2e800 nmethod 3383 0x00000249883b2910 code [0x00000249883b2be0, 0x00000249883b3cf8]
Event: 48.613 Thread 0x000002499dd2e800 3384       3       java.util.WeakHashMap$HashIterator::hasNext (95 bytes)
Event: 48.613 Thread 0x000002499dd2e800 nmethod 3384 0x00000249883b4110 code [0x00000249883b4300, 0x00000249883b4858]
Event: 48.614 Thread 0x000002499dd2e800 3385       3       java.util.WeakHashMap$KeyIterator::next (8 bytes)
Event: 48.614 Thread 0x000002499dd2e800 nmethod 3385 0x00000249883b4a10 code [0x00000249883b4be0, 0x00000249883b4f68]
Event: 48.614 Thread 0x000002499dd2e800 3386       3       java.util.WeakHashMap$HashIterator::nextEntry (81 bytes)
Event: 48.615 Thread 0x000002499dd2e800 nmethod 3386 0x00000249883b5090 code [0x00000249883b52a0, 0x00000249883b5808]
Event: 48.615 Thread 0x000002499dd2e800 3387       3       java.util.WeakHashMap$Entry::getKey (8 bytes)
Event: 48.615 Thread 0x000002499dd2e800 nmethod 3387 0x00000249883b5990 code [0x00000249883b5b40, 0x00000249883b5db8]
Event: 48.615 Thread 0x000002499dd2e800 3388       3       java.util.WeakHashMap::unmaskNull (13 bytes)
Event: 48.616 Thread 0x000002499dd2e800 nmethod 3388 0x00000249883b5e90 code [0x00000249883b6040, 0x00000249883b6178]
Event: 48.617 Thread 0x000002499dd24800 3389       4       java.util.WeakHashMap$HashIterator::hasNext (95 bytes)
Event: 48.620 Thread 0x000002499dd2e800 3390   !   3       java.util.zip.ZipFile$CleanableResource::releaseInflater (53 bytes)
Event: 48.621 Thread 0x000002499dd2e800 nmethod 3390 0x00000249883b6210 code [0x00000249883b6400, 0x00000249883b68a8]
Event: 48.621 Thread 0x000002499dd2e800 3391   !   3       java.util.zip.Inflater::end (37 bytes)
Event: 48.621 Thread 0x000002499dd2e800 nmethod 3391 0x00000249883b6a90 code [0x00000249883b6c60, 0x00000249883b70c8]
Event: 48.637 Thread 0x000002499dd2e800 3393   !   3       java.util.zip.ZipFile$CleanableResource::run (251 bytes)
Event: 48.640 Thread 0x000002499dd2e800 nmethod 3393 0x00000249883b7290 code [0x00000249883b7560, 0x00000249883b87d8]

GC Heap History (20 events):
Event: 38.101 GC heap before
{Heap before GC invocations=40 (full 0):
 garbage-first heap   total 78848K, used 62070K [0x0000000080000000, 0x0000000100000000)
  region size 1024K, 12 young (12288K), 2 survivors (2048K)
 Metaspace       used 40180K, capacity 41139K, committed 41340K, reserved 1085440K
  class space    used 5146K, capacity 5510K, committed 5580K, reserved 1048576K
}
Event: 38.109 GC heap after
{Heap after GC invocations=41 (full 0):
 garbage-first heap   total 95232K, used 52381K [0x0000000080000000, 0x0000000100000000)
  region size 1024K, 2 young (2048K), 2 survivors (2048K)
 Metaspace       used 40180K, capacity 41139K, committed 41340K, reserved 1085440K
  class space    used 5146K, capacity 5510K, committed 5580K, reserved 1048576K
}
Event: 38.155 GC heap before
{Heap before GC invocations=41 (full 0):
 garbage-first heap   total 95232K, used 54429K [0x0000000080000000, 0x0000000100000000)
  region size 1024K, 4 young (4096K), 2 survivors (2048K)
 Metaspace       used 40180K, capacity 41139K, committed 41340K, reserved 1085440K
  class space    used 5146K, capacity 5510K, committed 5580K, reserved 1048576K
}
Event: 38.159 GC heap after
{Heap after GC invocations=42 (full 0):
 garbage-first heap   total 95232K, used 48124K [0x0000000080000000, 0x0000000100000000)
  region size 1024K, 1 young (1024K), 1 survivors (1024K)
 Metaspace       used 40180K, capacity 41139K, committed 41340K, reserved 1085440K
  class space    used 5146K, capacity 5510K, committed 5580K, reserved 1048576K
}
Event: 38.573 GC heap before
{Heap before GC invocations=42 (full 0):
 garbage-first heap   total 95232K, used 70652K [0x0000000080000000, 0x0000000100000000)
  region size 1024K, 23 young (23552K), 1 survivors (1024K)
 Metaspace       used 40181K, capacity 41139K, committed 41340K, reserved 1085440K
  class space    used 5146K, capacity 5510K, committed 5580K, reserved 1048576K
}
Event: 38.580 GC heap after
{Heap after GC invocations=43 (full 0):
 garbage-first heap   total 95232K, used 50110K [0x0000000080000000, 0x0000000100000000)
  region size 1024K, 3 young (3072K), 3 survivors (3072K)
 Metaspace       used 40181K, capacity 41139K, committed 41340K, reserved 1085440K
  class space    used 5146K, capacity 5510K, committed 5580K, reserved 1048576K
}
Event: 39.031 GC heap before
{Heap before GC invocations=43 (full 0):
 garbage-first heap   total 95232K, used 71614K [0x0000000080000000, 0x0000000100000000)
  region size 1024K, 24 young (24576K), 3 survivors (3072K)
 Metaspace       used 40181K, capacity 41139K, committed 41340K, reserved 1085440K
  class space    used 5146K, capacity 5510K, committed 5580K, reserved 1048576K
}
Event: 39.040 GC heap after
{Heap after GC invocations=44 (full 0):
 garbage-first heap   total 95232K, used 50636K [0x0000000080000000, 0x0000000100000000)
  region size 1024K, 3 young (3072K), 3 survivors (3072K)
 Metaspace       used 40181K, capacity 41139K, committed 41340K, reserved 1085440K
  class space    used 5146K, capacity 5510K, committed 5580K, reserved 1048576K
}
Event: 39.528 GC heap before
{Heap before GC invocations=44 (full 0):
 garbage-first heap   total 95232K, used 73164K [0x0000000080000000, 0x0000000100000000)
  region size 1024K, 25 young (25600K), 3 survivors (3072K)
 Metaspace       used 40181K, capacity 41139K, committed 41340K, reserved 1085440K
  class space    used 5146K, capacity 5510K, committed 5580K, reserved 1048576K
}
Event: 39.535 GC heap after
{Heap after GC invocations=45 (full 0):
 garbage-first heap   total 95232K, used 51354K [0x0000000080000000, 0x0000000100000000)
  region size 1024K, 3 young (3072K), 3 survivors (3072K)
 Metaspace       used 40181K, capacity 41139K, committed 41340K, reserved 1085440K
  class space    used 5146K, capacity 5510K, committed 5580K, reserved 1048576K
}
Event: 40.562 GC heap before
{Heap before GC invocations=45 (full 0):
 garbage-first heap   total 95232K, used 74906K [0x0000000080000000, 0x0000000100000000)
  region size 1024K, 26 young (26624K), 3 survivors (3072K)
 Metaspace       used 40181K, capacity 41139K, committed 41340K, reserved 1085440K
  class space    used 5146K, capacity 5510K, committed 5580K, reserved 1048576K
}
Event: 40.577 GC heap after
{Heap after GC invocations=46 (full 0):
 garbage-first heap   total 114688K, used 55589K [0x0000000080000000, 0x0000000100000000)
  region size 1024K, 4 young (4096K), 4 survivors (4096K)
 Metaspace       used 40181K, capacity 41139K, committed 41340K, reserved 1085440K
  class space    used 5146K, capacity 5510K, committed 5580K, reserved 1048576K
}
Event: 42.994 GC heap before
{Heap before GC invocations=46 (full 0):
 garbage-first heap   total 114688K, used 87333K [0x0000000080000000, 0x0000000100000000)
  region size 1024K, 35 young (35840K), 4 survivors (4096K)
 Metaspace       used 40212K, capacity 41143K, committed 41340K, reserved 1085440K
  class space    used 5149K, capacity 5510K, committed 5580K, reserved 1048576K
}
Event: 43.071 GC heap after
{Heap after GC invocations=47 (full 0):
 garbage-first heap   total 114688K, used 65124K [0x0000000080000000, 0x0000000100000000)
  region size 1024K, 5 young (5120K), 5 survivors (5120K)
 Metaspace       used 40212K, capacity 41143K, committed 41340K, reserved 1085440K
  class space    used 5149K, capacity 5510K, committed 5580K, reserved 1048576K
}
Event: 44.533 GC heap before
{Heap before GC invocations=47 (full 0):
 garbage-first heap   total 114688K, used 88676K [0x0000000080000000, 0x0000000100000000)
  region size 1024K, 28 young (28672K), 5 survivors (5120K)
 Metaspace       used 40213K, capacity 41143K, committed 41340K, reserved 1085440K
  class space    used 5149K, capacity 5510K, committed 5580K, reserved 1048576K
}
Event: 44.555 GC heap after
{Heap after GC invocations=48 (full 0):
 garbage-first heap   total 114688K, used 67584K [0x0000000080000000, 0x0000000100000000)
  region size 1024K, 4 young (4096K), 4 survivors (4096K)
 Metaspace       used 40213K, capacity 41143K, committed 41340K, reserved 1085440K
  class space    used 5149K, capacity 5510K, committed 5580K, reserved 1048576K
}
Event: 46.169 GC heap before
{Heap before GC invocations=48 (full 0):
 garbage-first heap   total 114688K, used 89088K [0x0000000080000000, 0x0000000100000000)
  region size 1024K, 25 young (25600K), 4 survivors (4096K)
 Metaspace       used 40213K, capacity 41143K, committed 41340K, reserved 1085440K
  class space    used 5149K, capacity 5510K, committed 5580K, reserved 1048576K
}
Event: 46.182 GC heap after
{Heap after GC invocations=49 (full 0):
 garbage-first heap   total 114688K, used 70656K [0x0000000080000000, 0x0000000100000000)
  region size 1024K, 4 young (4096K), 4 survivors (4096K)
 Metaspace       used 40213K, capacity 41143K, committed 41340K, reserved 1085440K
  class space    used 5149K, capacity 5510K, committed 5580K, reserved 1048576K
}
Event: 47.348 GC heap before
{Heap before GC invocations=49 (full 0):
 garbage-first heap   total 114688K, used 89088K [0x0000000080000000, 0x0000000100000000)
  region size 1024K, 22 young (22528K), 4 survivors (4096K)
 Metaspace       used 40213K, capacity 41143K, committed 41340K, reserved 1085440K
  class space    used 5149K, capacity 5510K, committed 5580K, reserved 1048576K
}
Event: 47.367 GC heap after
{Heap after GC invocations=50 (full 0):
 garbage-first heap   total 163840K, used 73728K [0x0000000080000000, 0x0000000100000000)
  region size 1024K, 3 young (3072K), 3 survivors (3072K)
 Metaspace       used 40213K, capacity 41143K, committed 41340K, reserved 1085440K
  class space    used 5149K, capacity 5510K, committed 5580K, reserved 1048576K
}

Deoptimization events (20 events):
Event: 40.824 Thread 0x000002499e068800 Uncommon trap: trap_request=0xffffffde fr.pc=0x000002498f3ea108 relative=0x00000000000006e8
Event: 40.824 Thread 0x000002499e068800 Uncommon trap: reason=class_check action=maybe_recompile pc=0x000002498f3ea108 method=com.google.common.io.ByteStreams.copy(Ljava/io/InputStream;Ljava/io/OutputStream;)J @ 18 c2
Event: 40.824 Thread 0x000002499e068800 DEOPT PACKING pc=0x000002498f3ea108 sp=0x000000c6b3afa110
Event: 40.824 Thread 0x000002499e068800 DEOPT UNPACKING pc=0x00000249877c66a9 sp=0x000000c6b3afa108 mode 2
Event: 40.825 Thread 0x000002499e068800 Uncommon trap: trap_request=0xffffffde fr.pc=0x000002498f3ea108 relative=0x00000000000006e8
Event: 40.825 Thread 0x000002499e068800 Uncommon trap: reason=class_check action=maybe_recompile pc=0x000002498f3ea108 method=com.google.common.io.ByteStreams.copy(Ljava/io/InputStream;Ljava/io/OutputStream;)J @ 18 c2
Event: 40.825 Thread 0x000002499e068800 DEOPT PACKING pc=0x000002498f3ea108 sp=0x000000c6b3afa110
Event: 40.825 Thread 0x000002499e068800 DEOPT UNPACKING pc=0x00000249877c66a9 sp=0x000000c6b3afa108 mode 2
Event: 40.825 Thread 0x000002499e068800 Uncommon trap: trap_request=0xffffffde fr.pc=0x000002498f3ea108 relative=0x00000000000006e8
Event: 40.825 Thread 0x000002499e068800 Uncommon trap: reason=class_check action=maybe_recompile pc=0x000002498f3ea108 method=com.google.common.io.ByteStreams.copy(Ljava/io/InputStream;Ljava/io/OutputStream;)J @ 18 c2
Event: 40.825 Thread 0x000002499e068800 DEOPT PACKING pc=0x000002498f3ea108 sp=0x000000c6b3afa110
Event: 40.825 Thread 0x000002499e068800 DEOPT UNPACKING pc=0x00000249877c66a9 sp=0x000000c6b3afa108 mode 2
Event: 40.825 Thread 0x000002499e068800 Uncommon trap: trap_request=0xffffffde fr.pc=0x000002498f3ea108 relative=0x00000000000006e8
Event: 40.825 Thread 0x000002499e068800 Uncommon trap: reason=class_check action=maybe_recompile pc=0x000002498f3ea108 method=com.google.common.io.ByteStreams.copy(Ljava/io/InputStream;Ljava/io/OutputStream;)J @ 18 c2
Event: 40.825 Thread 0x000002499e068800 DEOPT PACKING pc=0x000002498f3ea108 sp=0x000000c6b3afa110
Event: 40.825 Thread 0x000002499e068800 DEOPT UNPACKING pc=0x00000249877c66a9 sp=0x000000c6b3afa108 mode 2
Event: 48.618 Thread 0x000002499e068800 Uncommon trap: trap_request=0xffffff4d fr.pc=0x000002498f3d61a0 relative=0x00000000000007c0
Event: 48.618 Thread 0x000002499e068800 Uncommon trap: reason=unstable_if action=reinterpret pc=0x000002498f3d61a0 method=java.util.zip.ZipFile$CleanableResource.releaseInflater(Ljava/util/zip/Inflater;)V @ 6 c2
Event: 48.618 Thread 0x000002499e068800 DEOPT PACKING pc=0x000002498f3d61a0 sp=0x000000c6b3afa150
Event: 48.618 Thread 0x000002499e068800 DEOPT UNPACKING pc=0x00000249877c66a9 sp=0x000000c6b3afa118 mode 2

Classes redefined (0 events):
No events

Internal exceptions (20 events):
Event: 26.422 Thread 0x000002499e068800 Exception <a 'java/lang/ClassNotFoundException'{0x00000000836c3dd8}: groovy/lang/ClosureCustomizer> (0x00000000836c3dd8) thrown at [./src/hotspot/share/classfile/systemDictionary.cpp, line 231]
Event: 26.429 Thread 0x000002499e068800 Exception <a 'java/lang/ClassNotFoundException'{0x00000000836f9518}: groovy/lang/Closure$1Customizer> (0x00000000836f9518) thrown at [./src/hotspot/share/classfile/systemDictionary.cpp, line 231]
Event: 27.228 Thread 0x000002499e068800 Exception <a 'java/lang/ClassNotFoundException'{0x0000000083b0b878}: org/gradle/internal/metaobject/ConfigureDelegateBeanInfo> (0x0000000083b0b878) thrown at [./src/hotspot/share/classfile/systemDictionary.cpp, line 231]
Event: 27.231 Thread 0x000002499e068800 Exception <a 'java/lang/ClassNotFoundException'{0x0000000083b28e40}: org/gradle/internal/metaobject/ConfigureDelegateCustomizer> (0x0000000083b28e40) thrown at [./src/hotspot/share/classfile/systemDictionary.cpp, line 231]
Event: 27.248 Thread 0x000002499e068800 Exception <a 'java/lang/ClassNotFoundException'{0x0000000083b84b88}: org/gradle/api/internal/initialization/DefaultScriptHandlerBeanInfo> (0x0000000083b84b88) thrown at [./src/hotspot/share/classfile/systemDictionary.cpp, line 231]
Event: 27.249 Thread 0x000002499e068800 Exception <a 'java/lang/ClassNotFoundException'{0x0000000083ba5c88}: org/gradle/api/internal/initialization/DefaultScriptHandlerCustomizer> (0x0000000083ba5c88) thrown at [./src/hotspot/share/classfile/systemDictionary.cpp, line 231]
Event: 27.715 Thread 0x000002499e068800 Exception <a 'java/lang/ClassNotFoundException'{0x00000000834c7ec8}: org/gradle/api/internal/artifacts/dsl/dependencies/DefaultDependencyHandler_DecoratedBeanInfo> (0x00000000834c7ec8) thrown at [./src/hotspot/share/classfile/systemDictionary.cpp, line 231]
Event: 27.718 Thread 0x000002499e068800 Exception <a 'java/lang/ClassNotFoundException'{0x00000000834fb450}: org/gradle/api/internal/artifacts/dsl/dependencies/DefaultDependencyHandlerBeanInfo> (0x00000000834fb450) thrown at [./src/hotspot/share/classfile/systemDictionary.cpp, line 231]
Event: 27.729 Thread 0x000002499e068800 Exception <a 'java/lang/ClassNotFoundException'{0x0000000083f2f750}: org/gradle/api/internal/artifacts/dsl/dependencies/DefaultDependencyHandlerCustomizer> (0x0000000083f2f750) thrown at [./src/hotspot/share/classfile/systemDictionary.cpp, line 231]
Event: 27.770 Thread 0x000002499e068800 Exception <a 'java/lang/ClassNotFoundException'{0x0000000083f81ae0}: org/gradle/api/internal/artifacts/dsl/dependencies/DefaultDependencyHandler_DecoratedCustomizer> (0x0000000083f81ae0) thrown at [./src/hotspot/share/classfile/systemDictionary.cpp, line 231]
Event: 28.748 Thread 0x000002499e068800 Exception <a 'java/lang/NoSuchMethodError'{0x0000000083200470}: 'java.lang.Object java.lang.invoke.DirectMethodHandle$Holder.invokeStatic(java.lang.Object, java.lang.Object, java.lang.Object, int)'> (0x0000000083200470) thrown at [./src/hotspot/share/interpreter/linkResolver.cpp, line 773]
Event: 28.749 Thread 0x000002499e068800 Exception <a 'java/lang/NoSuchMethodError'{0x0000000083204ce8}: 'java.lang.Object java.lang.invoke.DirectMethodHandle$Holder.invokeSpecial(java.lang.Object, java.lang.Object, java.lang.Object, java.lang.Object, int)'> (0x0000000083204ce8) thrown at [./src/hotspot/share/interpreter/linkResolver.cpp, line 773]
Event: 28.750 Thread 0x000002499e068800 Exception <a 'java/lang/NoSuchMethodError'{0x0000000083208c20}: 'java.lang.Object java.lang.invoke.Invokers$Holder.linkToTargetMethod(java.lang.Object, java.lang.Object, int, java.lang.Object)'> (0x0000000083208c20) thrown at [./src/hotspot/share/interpreter/linkResolver.cpp, line 773]
Event: 28.763 Thread 0x000002499e068800 Exception <a 'java/lang/NoSuchMethodError'{0x000000008324d6e8}: 'int java.lang.invoke.DirectMethodHandle$Holder.invokeInterface(java.lang.Object, java.lang.Object)'> (0x000000008324d6e8) thrown at [./src/hotspot/share/interpreter/linkResolver.cpp, line 773]
Event: 28.765 Thread 0x000002499e068800 Exception <a 'java/lang/IncompatibleClassChangeError'{0x0000000083250f20}: Found class java.lang.Object, but interface was expected> (0x0000000083250f20) thrown at [./src/hotspot/share/interpreter/linkResolver.cpp, line 839]
Event: 28.868 Thread 0x000002499e068800 Exception <a 'java/lang/NoSuchMethodError'{0x0000000083fc1f38}: 'java.lang.Object java.lang.invoke.Invokers$Holder.linkToTargetMethod(java.lang.Object, int, java.lang.Object)'> (0x0000000083fc1f38) thrown at [./src/hotspot/share/interpreter/linkResolver.cpp, line 773]
Event: 29.022 Thread 0x000002499e068800 Exception <a 'java/lang/NoSuchMethodError'{0x0000000083cf5a60}: 'int java.lang.invoke.DirectMethodHandle$Holder.invokeStaticInit(java.lang.Object)'> (0x0000000083cf5a60) thrown at [./src/hotspot/share/interpreter/linkResolver.cpp, line 773]
Event: 30.226 Thread 0x000002499e068800 Exception <a 'java/lang/NoSuchMethodError'{0x0000000083fbe350}: 'void java.lang.invoke.DirectMethodHandle$Holder.invokeStatic(java.lang.Object, java.lang.Object, java.lang.Object, java.lang.Object, java.lang.Object)'> (0x0000000083fbe350) thrown at [./src/hotspot/share/interpreter/linkResolver.cpp, line 773]
Event: 48.608 Thread 0x000002499e068800 Exception <a 'java/lang/OutOfMemoryError'{0x0000000088d3b6a8}> (0x0000000088d3b6a8) thrown at [./src/hotspot/share/prims/jni.cpp, line 636]
Event: 48.618 Thread 0x000002499e068800 Implicit null exception at 0x000002498f3d5a1d to 0x000002498f3d6190

Events (20 events):
Event: 40.820 loading class java/io/PushbackInputStream done
Event: 40.820 loading class org/gradle/api/internal/file/archive/impl/StreamZipInput$1
Event: 40.820 loading class org/gradle/api/internal/file/archive/impl/StreamZipInput$1 done
Event: 40.822 loading class org/gradle/api/internal/file/archive/impl/StreamZipInput$1$1
Event: 40.822 loading class org/gradle/api/internal/file/archive/impl/StreamZipInput$1$1 done
Event: 42.994 Executing VM operation: G1CollectForAllocation
Event: 43.073 Executing VM operation: G1CollectForAllocation done
Event: 44.532 Executing VM operation: G1CollectForAllocation
Event: 44.555 Executing VM operation: G1CollectForAllocation done
Event: 46.169 Executing VM operation: G1CollectForAllocation
Event: 46.183 Executing VM operation: G1CollectForAllocation done
Event: 47.347 Executing VM operation: G1CollectForAllocation
Event: 47.367 Executing VM operation: G1CollectForAllocation done
Event: 48.608 loading class java/util/zip/DataFormatException
Event: 48.609 loading class java/util/zip/DataFormatException done
Event: 48.609 loading class java/util/WeakHashMap$KeyIterator
Event: 48.610 loading class java/util/WeakHashMap$HashIterator
Event: 48.610 loading class java/util/WeakHashMap$HashIterator done
Event: 48.610 loading class java/util/WeakHashMap$KeyIterator done
Event: 48.625 Loaded shared library C:\Users\felip\OneDrive\Desktop\android-studio-ide-202.6987402-windows\android-studio\jre\bin\zip.dll


Dynamic libraries:
0x00007ff6959d0000 - 0x00007ff6959da000 	C:\Users\felip\OneDrive\Desktop\android-studio-ide-202.6987402-windows\android-studio\jre\bin\java.exe
0x00007ffa84f50000 - 0x00007ffa85145000 	C:\Windows\SYSTEM32\ntdll.dll
0x00007ffa6b250000 - 0x00007ffa6b262000 	C:\Program Files\Avast Software\Avast\aswhook.dll
0x00007ffa83b50000 - 0x00007ffa83c0d000 	C:\Windows\System32\KERNEL32.DLL
0x00007ffa829c0000 - 0x00007ffa82c88000 	C:\Windows\System32\KERNELBASE.dll
0x00007ffa82dc0000 - 0x00007ffa82ec0000 	C:\Windows\System32\ucrtbase.dll
0x00007ffa78750000 - 0x00007ffa78769000 	C:\Users\felip\OneDrive\Desktop\android-studio-ide-202.6987402-windows\android-studio\jre\bin\jli.dll
0x00007ffa830a0000 - 0x00007ffa83240000 	C:\Windows\System32\USER32.dll
0x00007ffa82ce0000 - 0x00007ffa82d02000 	C:\Windows\System32\win32u.dll
0x00007ffa84e40000 - 0x00007ffa84e6a000 	C:\Windows\System32\GDI32.dll
0x00007ffa82820000 - 0x00007ffa8292b000 	C:\Windows\System32\gdi32full.dll
0x00007ffa82ec0000 - 0x00007ffa82f5d000 	C:\Windows\System32\msvcp_win.dll
0x00007ffa61ab0000 - 0x00007ffa61ac7000 	C:\Users\felip\OneDrive\Desktop\android-studio-ide-202.6987402-windows\android-studio\jre\bin\VCRUNTIME140.dll
0x00007ffa6f5d0000 - 0x00007ffa6f86a000 	C:\Windows\WinSxS\amd64_microsoft.windows.common-controls_6595b64144ccf1df_6.0.19041.1052_none_60b8f8fd71f5e8cb\COMCTL32.dll
0x00007ffa834e0000 - 0x00007ffa8357e000 	C:\Windows\System32\msvcrt.dll
0x00007ffa83b20000 - 0x00007ffa83b50000 	C:\Windows\System32\IMM32.DLL
0x00007ffa56c70000 - 0x00007ffa56d0d000 	C:\Users\felip\OneDrive\Desktop\android-studio-ide-202.6987402-windows\android-studio\jre\bin\msvcp140.dll
0x00007ffa53ce0000 - 0x00007ffa5479c000 	C:\Users\felip\OneDrive\Desktop\android-studio-ide-202.6987402-windows\android-studio\jre\bin\server\jvm.dll
0x00007ffa82fe0000 - 0x00007ffa8308c000 	C:\Windows\System32\ADVAPI32.dll
0x00007ffa83240000 - 0x00007ffa832db000 	C:\Windows\System32\sechost.dll
0x00007ffa83580000 - 0x00007ffa836ab000 	C:\Windows\System32\RPCRT4.dll
0x00007ffa84e30000 - 0x00007ffa84e38000 	C:\Windows\System32\PSAPI.DLL
0x00007ffa75ca0000 - 0x00007ffa75ca9000 	C:\Windows\SYSTEM32\WSOCK32.dll
0x00007ffa83cc0000 - 0x00007ffa83d2b000 	C:\Windows\System32\WS2_32.dll
0x00007ffa6d5c0000 - 0x00007ffa6d5e7000 	C:\Windows\SYSTEM32\WINMM.dll
0x00007ffa7c100000 - 0x00007ffa7c10a000 	C:\Windows\SYSTEM32\VERSION.dll
0x00007ffa80500000 - 0x00007ffa80512000 	C:\Windows\SYSTEM32\kernel.appcore.dll
0x00007ffa7f8e0000 - 0x00007ffa7f8f1000 	C:\Users\felip\OneDrive\Desktop\android-studio-ide-202.6987402-windows\android-studio\jre\bin\verify.dll
0x00007ffa79b50000 - 0x00007ffa79d34000 	C:\Windows\SYSTEM32\DBGHELP.DLL
0x00007ffa7a060000 - 0x00007ffa7a08c000 	C:\Windows\SYSTEM32\dbgcore.DLL
0x00007ffa82930000 - 0x00007ffa829b3000 	C:\Windows\System32\bcryptPrimitives.dll
0x00007ffa7d6e0000 - 0x00007ffa7d709000 	C:\Users\felip\OneDrive\Desktop\android-studio-ide-202.6987402-windows\android-studio\jre\bin\java.dll
0x00007ffa80010000 - 0x00007ffa8001b000 	C:\Users\felip\OneDrive\Desktop\android-studio-ide-202.6987402-windows\android-studio\jre\bin\jimage.dll
0x00007ffa7d6c0000 - 0x00007ffa7d6d8000 	C:\Users\felip\OneDrive\Desktop\android-studio-ide-202.6987402-windows\android-studio\jre\bin\zip.dll
0x00007ffa84010000 - 0x00007ffa8474f000 	C:\Windows\System32\SHELL32.dll
0x00007ffa807e0000 - 0x00007ffa80f70000 	C:\Windows\SYSTEM32\windows.storage.dll
0x00007ffa84a70000 - 0x00007ffa84dc5000 	C:\Windows\System32\combase.dll
0x00007ffa82030000 - 0x00007ffa8205c000 	C:\Windows\SYSTEM32\Wldp.dll
0x00007ffa83f60000 - 0x00007ffa8400e000 	C:\Windows\System32\SHCORE.dll
0x00007ffa84dd0000 - 0x00007ffa84e25000 	C:\Windows\System32\shlwapi.dll
0x00007ffa825d0000 - 0x00007ffa825ef000 	C:\Windows\SYSTEM32\profapi.dll
0x00007ffa7b3a0000 - 0x00007ffa7b3ba000 	C:\Users\felip\OneDrive\Desktop\android-studio-ide-202.6987402-windows\android-studio\jre\bin\net.dll
0x00007ffa77e00000 - 0x00007ffa77f0b000 	C:\Windows\SYSTEM32\WINHTTP.dll
0x00007ffa81da0000 - 0x00007ffa81e0a000 	C:\Windows\system32\mswsock.dll
0x00007ffa7ade0000 - 0x00007ffa7adf4000 	C:\Users\felip\OneDrive\Desktop\android-studio-ide-202.6987402-windows\android-studio\jre\bin\nio.dll
0x00007ffa76a90000 - 0x00007ffa76ab7000 	C:\Users\felip\Downloads\gradle-7.1\native\fdc75f09e3144964f2cf3f50f0aa648679c211496f362492102eb8c894070792\windows-amd64\native-platform.dll
0x00007ffa4c560000 - 0x00007ffa4c6f6000 	C:\Users\felip\Downloads\gradle-7.1\native\12488b8bf47d2d4c9fbf2f6322a914ad602e24e48041cd04a747c6da556b65c4\windows-amd64\native-platform-file-events.dll
0x00007ffa7fcf0000 - 0x00007ffa7fcfa000 	C:\Users\felip\OneDrive\Desktop\android-studio-ide-202.6987402-windows\android-studio\jre\bin\management.dll
0x00007ffa7e0f0000 - 0x00007ffa7e0fc000 	C:\Users\felip\OneDrive\Desktop\android-studio-ide-202.6987402-windows\android-studio\jre\bin\management_ext.dll
0x00007ffa81f80000 - 0x00007ffa81f98000 	C:\Windows\SYSTEM32\CRYPTSP.dll
0x00007ffa81740000 - 0x00007ffa81774000 	C:\Windows\system32\rsaenh.dll
0x00007ffa82690000 - 0x00007ffa826b7000 	C:\Windows\System32\bcrypt.dll
0x00007ffa82590000 - 0x00007ffa825be000 	C:\Windows\SYSTEM32\USERENV.dll
0x00007ffa81f70000 - 0x00007ffa81f7c000 	C:\Windows\SYSTEM32\CRYPTBASE.dll
0x00007ffa81a90000 - 0x00007ffa81acb000 	C:\Windows\SYSTEM32\IPHLPAPI.DLL
0x00007ffa84f00000 - 0x00007ffa84f08000 	C:\Windows\System32\NSI.dll
0x00007ffa7b5d0000 - 0x00007ffa7b5e7000 	C:\Windows\SYSTEM32\dhcpcsvc6.DLL
0x00007ffa7b890000 - 0x00007ffa7b8ad000 	C:\Windows\SYSTEM32\dhcpcsvc.DLL
0x00007ffa81ad0000 - 0x00007ffa81b9c000 	C:\Windows\SYSTEM32\DNSAPI.dll
0x00007ffa7c1e0000 - 0x00007ffa7c1eb000 	C:\Windows\SYSTEM32\WINNSI.DLL

dbghelp: loaded successfully - version: 4.0.5 - missing functions: none
symbol engine: initialized successfully - sym options: 0x614 - pdb path: .;C:\Users\felip\OneDrive\Desktop\android-studio-ide-202.6987402-windows\android-studio\jre\bin;C:\Windows\SYSTEM32;C:\Program Files\Avast Software\Avast;C:\Windows\WinSxS\amd64_microsoft.windows.common-controls_6595b64144ccf1df_6.0.19041.1052_none_60b8f8fd71f5e8cb;C:\Users\felip\OneDrive\Desktop\android-studio-ide-202.6987402-windows\android-studio\jre\bin\server;C:\Users\felip\Downloads\gradle-7.1\native\fdc75f09e3144964f2cf3f50f0aa648679c211496f362492102eb8c894070792\windows-amd64;C:\Users\felip\Downloads\gradle-7.1\native\12488b8bf47d2d4c9fbf2f6322a914ad602e24e48041cd04a747c6da556b65c4\windows-amd64

VM Arguments:
jvm_args: --add-opens=java.base/java.util=ALL-UNNAMED --add-opens=java.base/java.lang=ALL-UNNAMED --add-opens=java.base/java.lang.invoke=ALL-UNNAMED --add-opens=java.prefs/java.util.prefs=ALL-UNNAMED -Xmx2048m -Dfile.encoding=windows-1252 -Duser.country=US -Duser.language=en -Duser.variant 
java_command: org.gradle.launcher.daemon.bootstrap.GradleDaemon 6.7.1
java_class_path (initial): C:\Users\felip\Downloads\gradle-7.1\wrapper\dists\gradle-6.7.1-bin\bwlcbys1h7rz3272sye1xwiv6\gradle-6.7.1\lib\gradle-launcher-6.7.1.jar
Launcher Type: SUN_STANDARD

[Global flags]
     intx CICompilerCount                          = 2                                         {product} {ergonomic}
     uint ConcGCThreads                            = 1                                         {product} {ergonomic}
     uint G1ConcRefinementThreads                  = 2                                         {product} {ergonomic}
   size_t G1HeapRegionSize                         = 1048576                                   {product} {ergonomic}
    uintx GCDrainStackTargetSize                   = 64                                        {product} {ergonomic}
   size_t InitialHeapSize                          = 67108864                                  {product} {ergonomic}
   size_t MarkStackSize                            = 4194304                                   {product} {ergonomic}
   size_t MaxHeapSize                              = 2147483648                                {product} {command line}
   size_t MaxNewSize                               = 1287651328                                {product} {ergonomic}
   size_t MinHeapDeltaBytes                        = 1048576                                   {product} {ergonomic}
    uintx NonNMethodCodeHeapSize                   = 5825164                                {pd product} {ergonomic}
    uintx NonProfiledCodeHeapSize                  = 122916538                              {pd product} {ergonomic}
    uintx ProfiledCodeHeapSize                     = 122916538                              {pd product} {ergonomic}
    uintx ReservedCodeCacheSize                    = 251658240                              {pd product} {ergonomic}
     bool SegmentedCodeCache                       = true                                      {product} {ergonomic}
     bool UseCompressedClassPointers               = true                                 {lp64_product} {ergonomic}
     bool UseCompressedOops                        = true                                 {lp64_product} {ergonomic}
     bool UseG1GC                                  = true                                      {product} {ergonomic}
     bool UseLargePagesIndividualAllocation        = false                                  {pd product} {ergonomic}

Logging:
Log output configuration:
 #0: stdout all=warning uptime,level,tags
 #1: stderr all=off uptime,level,tags

Environment Variables:
PATH=C:\Program Files\Common Files\Oracle\Java\javapath;C:\Program Files (x86)\Common Files\Oracle\Java\javapath;C:\Windows\system32;C:\Windows;C:\Windows\System32\Wbem;C:\Windows\System32\WindowsPowerShell\v1.0\;C:\Windows\System32\OpenSSH\;C:\ProgramData\chocolatey\bin;C:\Program Files\Docker\Docker\resources\bin;C:\ProgramData\DockerDesktop\version-bin;C:\Program Files (x86)\Yarn\bin\;C:\Program Files\nodejs\;C:\Program Files\Git\cmd;C:\Users\felip\AppData\Local\Microsoft\WindowsApps;C:\Users\felip\AppData\Local\Programs\Microsoft VS Code\bin;C:\Users\felip\AppData\Local\Yarn\bin;C:\Users\felip\AppData\Local\GitHubDesktop\bin;C:\Users\felip\AppData\Roaming\npm
USERNAME=felip
OS=Windows_NT
PROCESSOR_IDENTIFIER=Intel64 Family 6 Model 23 Stepping 10, GenuineIntel



---------------  S Y S T E M  ---------------

OS: Windows 10 , 64 bit Build 19041 (10.0.19041.1023)
OS uptime: 1 days 12:50 hours

CPU:total 2 (initial active 2) (2 cores per cpu, 1 threads per core) family 6 model 23 stepping 10, cmov, cx8, fxsr, mmx, sse, sse2, sse3, ssse3, tsc

Memory: 4k page, system-wide physical 4061M (148M free)
TotalPageFile size 4061M (AvailPageFile size 187M)
current process WorkingSet (physical memory assigned to process): 175M, peak: 269M
current process commit charge ("private bytes"): 304M, peak: 487M

vm_info: OpenJDK 64-Bit Server VM (11.0.8+10-b944.6842174) for windows-amd64 JRE (11.0.8+10-b944.6842174), built on Sep 19 2020 01:11:42 by "builder" with MS VC++ 14.0 (VS2015)

END.
