#
# There is insufficient memory for the Java Runtime Environment to continue.
# Native memory allocation (malloc) failed to allocate 1354496 bytes for Chunk::new
# Possible reasons:
#   The system is out of physical RAM or swap space
#   The process is running with CompressedOops enabled, and the Java Heap may be blocking the growth of the native heap
# Possible solutions:
#   Reduce memory load on the system
#   Increase physical memory or swap space
#   Check if swap backing store is full
#   Decrease Java heap size (-Xmx/-Xms)
#   Decrease number of Java threads
#   Decrease Java thread stack sizes (-Xss)
#   Set larger code cache with -XX:ReservedCodeCacheSize=
#   JVM is running with Unscaled Compressed Oops mode in which the Java heap is
#     placed in the first 4GB address space. The Java Heap base address is the
#     maximum limit for the native heap growth. Please use -XX:HeapBaseMinAddress
#     to set the Java Heap base and to place the Java Heap above 4GB virtual address.
# This output file may be truncated or incomplete.
#
#  Out of Memory Error (./src/hotspot/share/memory/arena.cpp:197), pid=5644, tid=5092
#
# JRE version: OpenJDK Runtime Environment (11.0.8+10) (build 11.0.8+10-b944.6842174)
# Java VM: OpenJDK 64-Bit Server VM (11.0.8+10-b944.6842174, mixed mode, tiered, compressed oops, g1 gc, windows-amd64)
# No core dump will be written. Minidumps are not enabled by default on client versions of Windows
#

---------------  S U M M A R Y ------------

Command Line: --add-opens=java.base/java.util=ALL-UNNAMED --add-opens=java.base/java.lang=ALL-UNNAMED --add-opens=java.base/java.lang.invoke=ALL-UNNAMED --add-opens=java.prefs/java.util.prefs=ALL-UNNAMED -Xmx2048m -Dfile.encoding=windows-1252 -Duser.country=US -Duser.language=en -Duser.variant org.gradle.launcher.daemon.bootstrap.GradleDaemon 6.7.1

Host: Celeron(R) Dual-Core CPU       T3500  @ 2.10GHz, 2 cores, 3G,  Windows 10 , 64 bit Build 19041 (10.0.19041.1023)
Time: Mon Jul 12 14:26:23 2021 E. South America Standard Time elapsed time: 156 seconds (0d 0h 2m 36s)

---------------  T H R E A D  ---------------

Current thread (0x000001e97ebcd800):  JavaThread "C2 CompilerThread0" daemon [_thread_in_native, id=5092, stack(0x0000009537b00000,0x0000009537c00000)]


Current CompileTask:
C2: 156863 9056 %     4       org.objectweb.asm.ClassReader::readCode @ 2015 (5089 bytes)

Stack: [0x0000009537b00000,0x0000009537c00000]
Native frames: (J=compiled Java code, j=interpreted, Vv=VM code, C=native code)
V  [jvm.dll+0x5de50a]
V  [jvm.dll+0x7122f5]
V  [jvm.dll+0x71384d]
V  [jvm.dll+0x713f03]
V  [jvm.dll+0x23e728]
V  [jvm.dll+0xb899c]
V  [jvm.dll+0xb8e9c]
V  [jvm.dll+0x2b20e4]
V  [jvm.dll+0x502098]
V  [jvm.dll+0x1ff393]
V  [jvm.dll+0x1f917c]
V  [jvm.dll+0x1f685f]
V  [jvm.dll+0x17f32c]
V  [jvm.dll+0x205047]
V  [jvm.dll+0x203891]
V  [jvm.dll+0x6dad3f]
V  [jvm.dll+0x6d3895]
V  [jvm.dll+0x5dd4a6]
C  [ucrtbase.dll+0x21bb2]
C  [KERNEL32.DLL+0x17034]
C  [ntdll.dll+0x52651]


---------------  P R O C E S S  ---------------

Threads class SMR info:
_java_thread_list=0x000001e9194173a0, length=100, elements={
0x000001e97861a000, 0x000001e97eb6f000, 0x000001e97eb70800, 0x000001e97ebca000,
0x000001e97ebcc000, 0x000001e97ebcd800, 0x000001e97ebd2000, 0x000001e97ebe3800,
0x000001e97f651000, 0x000001e97f65c000, 0x000001e915ac1800, 0x000001e9164c8800,
0x000001e916478000, 0x000001e91519b800, 0x000001e91519c000, 0x000001e9166f6000,
0x000001e91615e800, 0x000001e916217000, 0x000001e9161f3000, 0x000001e97f7c3800,
0x000001e97f7c6000, 0x000001e97f7c1000, 0x000001e97f7c2800, 0x000001e97f7c0000,
0x000001e97f7c5000, 0x000001e97f7c1800, 0x000001e97f7c4000, 0x000001e918a9f800,
0x000001e918aa1000, 0x000001e918aa3000, 0x000001e918aa3800, 0x000001e918aa0800,
0x000001e918a9e000, 0x000001e918aa4800, 0x000001e918a9e800, 0x000001e918aa8800,
0x000001e918aa6000, 0x000001e918aa9800, 0x000001e918aab000, 0x000001e918aaa000,
0x000001e918aa5000, 0x000001e918aa7800, 0x000001e918aac000, 0x000001e918aa7000,
0x000001e97f7c6800, 0x000001e91d136800, 0x000001e91d13a800, 0x000001e91d13b000,
0x000001e91d137000, 0x000001e91d138000, 0x000001e91d13c000, 0x000001e91d13d800,
0x000001e91d138800, 0x000001e91d13e800, 0x000001e91d139800, 0x000001e91d141800,
0x000001e91d142800, 0x000001e91d140000, 0x000001e91d143800, 0x000001e91d144000,
0x000001e91d145000, 0x000001e91d13f800, 0x000001e916eb8000, 0x000001e916eb7000,
0x000001e916ebb000, 0x000001e916ebc000, 0x000001e916ebc800, 0x000001e916ebd800,
0x000001e916ebe800, 0x000001e916eb8800, 0x000001e916ebf000, 0x000001e916eb9800,
0x000001e916ec3000, 0x000001e916ec0000, 0x000001e916ec5000, 0x000001e916ec1000,
0x000001e916ec1800, 0x000001e916ec2800, 0x000001e916ec5800, 0x000001e916ec4000,
0x000001e91efd2000, 0x000001e91efce800, 0x000001e91efce000, 0x000001e91efcc000,
0x000001e91efd1000, 0x000001e91efd2800, 0x000001e91efcd000, 0x000001e91efd8800,
0x000001e91efd6800, 0x000001e91efd9000, 0x000001e91efd6000, 0x000001e91efd7800,
0x000001e91efd3800, 0x000001e91efd4800, 0x000001e91efdb000, 0x000001e91efd5000,
0x000001e91d4ac000, 0x000001e91d4aa800, 0x000001e91d4a7800, 0x000001e91d4a9000
}

Java Threads: ( => current thread )
  0x000001e97861a000 JavaThread "main" [_thread_blocked, id=2264, stack(0x0000009536f00000,0x0000009537000000)]
  0x000001e97eb6f000 JavaThread "Reference Handler" daemon [_thread_blocked, id=6896, stack(0x0000009537700000,0x0000009537800000)]
  0x000001e97eb70800 JavaThread "Finalizer" daemon [_thread_blocked, id=5692, stack(0x0000009537800000,0x0000009537900000)]
  0x000001e97ebca000 JavaThread "Signal Dispatcher" daemon [_thread_blocked, id=5248, stack(0x0000009537900000,0x0000009537a00000)]
  0x000001e97ebcc000 JavaThread "Attach Listener" daemon [_thread_blocked, id=5284, stack(0x0000009537a00000,0x0000009537b00000)]
=>0x000001e97ebcd800 JavaThread "C2 CompilerThread0" daemon [_thread_in_native, id=5092, stack(0x0000009537b00000,0x0000009537c00000)]
  0x000001e97ebd2000 JavaThread "C1 CompilerThread0" daemon [_thread_blocked, id=8184, stack(0x0000009537c00000,0x0000009537d00000)]
  0x000001e97ebe3800 JavaThread "Sweeper thread" daemon [_thread_blocked, id=3424, stack(0x0000009537d00000,0x0000009537e00000)]
  0x000001e97f651000 JavaThread "Common-Cleaner" daemon [_thread_blocked, id=8248, stack(0x0000009537e00000,0x0000009537f00000)]
  0x000001e97f65c000 JavaThread "Service Thread" daemon [_thread_blocked, id=3140, stack(0x0000009537f00000,0x0000009538000000)]
  0x000001e915ac1800 JavaThread "Daemon health stats" [_thread_blocked, id=388, stack(0x0000009538200000,0x0000009538300000)]
  0x000001e9164c8800 JavaThread "Incoming local TCP Connector on port 4951" [_thread_in_native, id=7244, stack(0x0000009538500000,0x0000009538600000)]
  0x000001e916478000 JavaThread "Daemon periodic checks" [_thread_blocked, id=8788, stack(0x0000009538600000,0x0000009538700000)]
  0x000001e91519b800 JavaThread "Daemon" [_thread_blocked, id=5432, stack(0x0000009538700000,0x0000009538800000)]
  0x000001e91519c000 JavaThread "Handler for socket connection from /127.0.0.1:4951 to /127.0.0.1:4952" [_thread_in_native, id=2988, stack(0x0000009538800000,0x0000009538900000)]
  0x000001e9166f6000 JavaThread "Cancel handler" [_thread_blocked, id=3108, stack(0x0000009538900000,0x0000009538a00000)]
  0x000001e91615e800 JavaThread "Daemon worker" [_thread_in_native, id=8208, stack(0x0000009538a00000,0x0000009538b00000)]
  0x000001e916217000 JavaThread "Asynchronous log dispatcher for DefaultDaemonConnection: socket connection from /127.0.0.1:4951 to /127.0.0.1:4952" [_thread_blocked, id=2928, stack(0x0000009538b00000,0x0000009538c00000)]
  0x000001e9161f3000 JavaThread "Thread-8" [_thread_blocked, id=5496, stack(0x0000009538d00000,0x0000009538e00000)]
  0x000001e97f7c3800 JavaThread "Cache worker for file hash cache (C:\Users\felip\Downloads\gradle-7.1\caches\6.7.1\fileHashes)" [_thread_blocked, id=7388, stack(0x0000009538e00000,0x0000009538f00000)]
  0x000001e97f7c6000 JavaThread "File lock request listener" [_thread_in_native, id=3356, stack(0x0000009538f00000,0x0000009539000000)]
  0x000001e97f7c1000 JavaThread "Cache worker for journal cache (C:\Users\felip\Downloads\gradle-7.1\caches\journal-1)" [_thread_blocked, id=9024, stack(0x0000009539000000,0x0000009539100000)]
  0x000001e97f7c2800 JavaThread "Cache worker for file hash cache (C:\Users\felip\AndroidStudioProjects\TheMovieApp\.gradle\6.7.1\fileHashes)" [_thread_blocked, id=8108, stack(0x0000009539100000,0x0000009539200000)]
  0x000001e97f7c0000 JavaThread "Cache worker for checksums cache (C:\Users\felip\AndroidStudioProjects\TheMovieApp\.gradle\checksums)" [_thread_blocked, id=7420, stack(0x0000009539200000,0x0000009539300000)]
  0x000001e97f7c5000 JavaThread "Cache worker for cache directory md-supplier (C:\Users\felip\Downloads\gradle-7.1\caches\6.7.1\md-supplier)" [_thread_blocked, id=3720, stack(0x0000009539300000,0x0000009539400000)]
  0x000001e97f7c1800 JavaThread "Cache worker for cache directory md-rule (C:\Users\felip\Downloads\gradle-7.1\caches\6.7.1\md-rule)" [_thread_blocked, id=7200, stack(0x0000009539400000,0x0000009539500000)]
  0x000001e97f7c4000 JavaThread "Cache worker for execution history cache (C:\Users\felip\Downloads\gradle-7.1\caches\6.7.1\executionHistory)" [_thread_blocked, id=6448, stack(0x0000009539500000,0x0000009539600000)]
  0x000001e918a9f800 JavaThread "Cache worker for file content cache (C:\Users\felip\Downloads\gradle-7.1\caches\6.7.1\fileContent)" [_thread_blocked, id=7484, stack(0x0000009539700000,0x0000009539800000)]
  0x000001e918aa1000 JavaThread "Cache worker for Build Output Cleanup Cache (C:\Users\felip\AndroidStudioProjects\TheMovieApp\.gradle\buildOutputCleanup)" [_thread_blocked, id=6088, stack(0x0000009539800000,0x0000009539900000)]
  0x000001e918aa3000 JavaThread "Build operations" [_thread_blocked, id=2260, stack(0x0000009539900000,0x0000009539a00000)]
  0x000001e918aa3800 JavaThread "Build operations Thread 2" [_thread_blocked, id=4688, stack(0x0000009539a00000,0x0000009539b00000)]
  0x000001e918aa0800 JavaThread "jar transforms Thread 2" [_thread_blocked, id=6212, stack(0x0000009536e00000,0x0000009536f00000)]
  0x000001e918a9e000 JavaThread "jar transforms Thread 3" [_thread_blocked, id=3648, stack(0x0000009537000000,0x0000009537100000)]
  0x000001e918aa4800 JavaThread "jar transforms Thread 4" [_thread_blocked, id=3540, stack(0x0000009538c00000,0x0000009538d00000)]
  0x000001e918a9e800 JavaThread "jar transforms Thread 5" [_thread_blocked, id=7776, stack(0x0000009539600000,0x0000009539700000)]
  0x000001e918aa8800 JavaThread "jar transforms Thread 6" [_thread_blocked, id=2996, stack(0x0000009539c00000,0x0000009539d00000)]
  0x000001e918aa6000 JavaThread "jar transforms Thread 7" [_thread_blocked, id=3804, stack(0x0000009539d00000,0x0000009539e00000)]
  0x000001e918aa9800 JavaThread "jar transforms Thread 8" [_thread_blocked, id=7900, stack(0x0000009539e00000,0x0000009539f00000)]
  0x000001e918aab000 JavaThread "jar transforms Thread 9" [_thread_blocked, id=6832, stack(0x0000009539f00000,0x000000953a000000)]
  0x000001e918aaa000 JavaThread "jar transforms Thread 10" [_thread_blocked, id=7164, stack(0x000000953a000000,0x000000953a100000)]
  0x000001e918aa5000 JavaThread "jar transforms Thread 11" [_thread_blocked, id=1044, stack(0x000000953a100000,0x000000953a200000)]
  0x000001e918aa7800 JavaThread "jar transforms Thread 12" [_thread_blocked, id=7504, stack(0x000000953a200000,0x000000953a300000)]
  0x000001e918aac000 JavaThread "jar transforms Thread 13" [_thread_blocked, id=608, stack(0x000000953a300000,0x000000953a400000)]
  0x000001e918aa7000 JavaThread "jar transforms Thread 14" [_thread_blocked, id=6272, stack(0x000000953a400000,0x000000953a500000)]
  0x000001e97f7c6800 JavaThread "jar transforms Thread 15" [_thread_blocked, id=7768, stack(0x000000953a500000,0x000000953a600000)]
  0x000001e91d136800 JavaThread "jar transforms Thread 16" [_thread_blocked, id=5480, stack(0x000000953a600000,0x000000953a700000)]
  0x000001e91d13a800 JavaThread "jar transforms Thread 17" [_thread_blocked, id=6568, stack(0x000000953a700000,0x000000953a800000)]
  0x000001e91d13b000 JavaThread "jar transforms Thread 18" [_thread_blocked, id=6640, stack(0x000000953a800000,0x000000953a900000)]
  0x000001e91d137000 JavaThread "jar transforms Thread 19" [_thread_blocked, id=5720, stack(0x000000953a900000,0x000000953aa00000)]
  0x000001e91d138000 JavaThread "jar transforms Thread 20" [_thread_blocked, id=4452, stack(0x000000953aa00000,0x000000953ab00000)]
  0x000001e91d13c000 JavaThread "jar transforms Thread 21" [_thread_blocked, id=8128, stack(0x000000953ab00000,0x000000953ac00000)]
  0x000001e91d13d800 JavaThread "jar transforms Thread 22" [_thread_blocked, id=8948, stack(0x000000953ac00000,0x000000953ad00000)]
  0x000001e91d138800 JavaThread "jar transforms Thread 23" [_thread_blocked, id=8756, stack(0x000000953ad00000,0x000000953ae00000)]
  0x000001e91d13e800 JavaThread "jar transforms Thread 24" [_thread_blocked, id=7220, stack(0x000000953ae00000,0x000000953af00000)]
  0x000001e91d139800 JavaThread "jar transforms Thread 25" [_thread_blocked, id=1796, stack(0x000000953af00000,0x000000953b000000)]
  0x000001e91d141800 JavaThread "jar transforms Thread 26" [_thread_blocked, id=5672, stack(0x000000953b000000,0x000000953b100000)]
  0x000001e91d142800 JavaThread "jar transforms Thread 27" [_thread_blocked, id=6060, stack(0x000000953b100000,0x000000953b200000)]
  0x000001e91d140000 JavaThread "jar transforms Thread 28" [_thread_blocked, id=7080, stack(0x000000953b200000,0x000000953b300000)]
  0x000001e91d143800 JavaThread "jar transforms Thread 29" [_thread_blocked, id=2376, stack(0x000000953b300000,0x000000953b400000)]
  0x000001e91d144000 JavaThread "jar transforms Thread 30" [_thread_blocked, id=8892, stack(0x000000953b400000,0x000000953b500000)]
  0x000001e91d145000 JavaThread "jar transforms Thread 31" [_thread_blocked, id=7688, stack(0x000000953b500000,0x000000953b600000)]
  0x000001e91d13f800 JavaThread "jar transforms Thread 32" [_thread_blocked, id=7904, stack(0x000000953b600000,0x000000953b700000)]
  0x000001e916eb8000 JavaThread "jar transforms Thread 33" [_thread_blocked, id=4996, stack(0x000000953b700000,0x000000953b800000)]
  0x000001e916eb7000 JavaThread "jar transforms Thread 34" [_thread_blocked, id=1616, stack(0x000000953b800000,0x000000953b900000)]
  0x000001e916ebb000 JavaThread "jar transforms Thread 35" [_thread_blocked, id=3604, stack(0x000000953b900000,0x000000953ba00000)]
  0x000001e916ebc000 JavaThread "jar transforms Thread 36" [_thread_blocked, id=8276, stack(0x000000953ba00000,0x000000953bb00000)]
  0x000001e916ebc800 JavaThread "jar transforms Thread 37" [_thread_blocked, id=7224, stack(0x000000953bb00000,0x000000953bc00000)]
  0x000001e916ebd800 JavaThread "jar transforms Thread 38" [_thread_blocked, id=624, stack(0x000000953bc00000,0x000000953bd00000)]
  0x000001e916ebe800 JavaThread "jar transforms Thread 39" [_thread_blocked, id=8364, stack(0x000000953bd00000,0x000000953be00000)]
  0x000001e916eb8800 JavaThread "jar transforms Thread 40" [_thread_blocked, id=8284, stack(0x0000009538300000,0x0000009538400000)]
  0x000001e916ebf000 JavaThread "jar transforms Thread 41" [_thread_blocked, id=2552, stack(0x000000953be00000,0x000000953bf00000)]
  0x000001e916eb9800 JavaThread "jar transforms Thread 42" [_thread_blocked, id=8732, stack(0x000000953bf00000,0x000000953c000000)]
  0x000001e916ec3000 JavaThread "jar transforms Thread 43" [_thread_blocked, id=8864, stack(0x000000953c000000,0x000000953c100000)]
  0x000001e916ec0000 JavaThread "jar transforms Thread 44" [_thread_blocked, id=5160, stack(0x000000953c100000,0x000000953c200000)]
  0x000001e916ec5000 JavaThread "jar transforms Thread 45" [_thread_blocked, id=8640, stack(0x000000953c200000,0x000000953c300000)]
  0x000001e916ec1000 JavaThread "jar transforms Thread 46" [_thread_blocked, id=8400, stack(0x000000953c300000,0x000000953c400000)]
  0x000001e916ec1800 JavaThread "jar transforms Thread 47" [_thread_blocked, id=7712, stack(0x000000953c400000,0x000000953c500000)]
  0x000001e916ec2800 JavaThread "jar transforms Thread 48" [_thread_blocked, id=2512, stack(0x000000953c500000,0x000000953c600000)]
  0x000001e916ec5800 JavaThread "jar transforms Thread 49" [_thread_blocked, id=6276, stack(0x000000953c600000,0x000000953c700000)]
  0x000001e916ec4000 JavaThread "jar transforms Thread 50" [_thread_blocked, id=6544, stack(0x000000953c700000,0x000000953c800000)]
  0x000001e91efd2000 JavaThread "jar transforms Thread 51" [_thread_blocked, id=1584, stack(0x000000953c800000,0x000000953c900000)]
  0x000001e91efce800 JavaThread "jar transforms Thread 52" [_thread_blocked, id=2400, stack(0x000000953c900000,0x000000953ca00000)]
  0x000001e91efce000 JavaThread "jar transforms Thread 53" [_thread_blocked, id=8956, stack(0x000000953ca00000,0x000000953cb00000)]
  0x000001e91efcc000 JavaThread "jar transforms Thread 54" [_thread_blocked, id=8708, stack(0x000000953cb00000,0x000000953cc00000)]
  0x000001e91efd1000 JavaThread "jar transforms Thread 55" [_thread_blocked, id=8268, stack(0x000000953cc00000,0x000000953cd00000)]
  0x000001e91efd2800 JavaThread "jar transforms Thread 56" [_thread_blocked, id=8872, stack(0x000000953cd00000,0x000000953ce00000)]
  0x000001e91efcd000 JavaThread "jar transforms Thread 57" [_thread_blocked, id=324, stack(0x000000953ce00000,0x000000953cf00000)]
  0x000001e91efd8800 JavaThread "jar transforms Thread 58" [_thread_blocked, id=6284, stack(0x000000953cf00000,0x000000953d000000)]
  0x000001e91efd6800 JavaThread "jar transforms Thread 59" [_thread_in_native, id=6820, stack(0x000000953d000000,0x000000953d100000)]
  0x000001e91efd9000 JavaThread "jar transforms Thread 60" [_thread_blocked, id=5832, stack(0x000000953d100000,0x000000953d200000)]
  0x000001e91efd6000 JavaThread "jar transforms Thread 61" [_thread_blocked, id=5992, stack(0x000000953d200000,0x000000953d300000)]
  0x000001e91efd7800 JavaThread "jar transforms Thread 62" [_thread_blocked, id=4948, stack(0x000000953d300000,0x000000953d400000)]
  0x000001e91efd3800 JavaThread "jar transforms Thread 63" [_thread_blocked, id=1732, stack(0x000000953d400000,0x000000953d500000)]
  0x000001e91efd4800 JavaThread "jar transforms Thread 64" [_thread_blocked, id=7536, stack(0x000000953d500000,0x000000953d600000)]
  0x000001e91efdb000 JavaThread "jar transforms Thread 65" [_thread_blocked, id=60, stack(0x000000953d600000,0x000000953d700000)]
  0x000001e91efd5000 JavaThread "jar transforms Thread 66" [_thread_blocked, id=3796, stack(0x000000953d700000,0x000000953d800000)]
  0x000001e91d4ac000 JavaThread "jar transforms Thread 67" [_thread_blocked, id=3404, stack(0x000000953d800000,0x000000953d900000)]
  0x000001e91d4aa800 JavaThread "jar transforms Thread 68" [_thread_blocked, id=2396, stack(0x000000953d900000,0x000000953da00000)]
  0x000001e91d4a7800 JavaThread "jar transforms Thread 69" [_thread_blocked, id=7892, stack(0x000000953da00000,0x000000953db00000)]
  0x000001e91d4a9000 JavaThread "jar transforms Thread 70" [_thread_blocked, id=9032, stack(0x000000953db00000,0x000000953dc00000)]

Other Threads:
  0x000001e97eb6c000 VMThread "VM Thread" [stack: 0x0000009537600000,0x0000009537700000] [id=5928]
  0x000001e97f65d800 WatcherThread [stack: 0x0000009538000000,0x0000009538100000] [id=6664]
  0x000001e978631800 GCTaskThread "GC Thread#0" [stack: 0x0000009537100000,0x0000009537200000] [id=8844]
  0x000001e97f752000 GCTaskThread "GC Thread#1" [stack: 0x0000009538100000,0x0000009538200000] [id=2852]
  0x000001e978661800 ConcurrentGCThread "G1 Main Marker" [stack: 0x0000009537200000,0x0000009537300000] [id=6424]
  0x000001e978663000 ConcurrentGCThread "G1 Conc#0" [stack: 0x0000009537300000,0x0000009537400000] [id=6864]
  0x000001e9786b6000 ConcurrentGCThread "G1 Refine#0" [stack: 0x0000009537400000,0x0000009537500000] [id=4164]
  0x000001e9786b7000 ConcurrentGCThread "G1 Young RemSet Sampling" [stack: 0x0000009537500000,0x0000009537600000] [id=3244]

Threads with active compile tasks:
C2 CompilerThread0 157575 9056 %     4       org.objectweb.asm.ClassReader::readCode @ 2015 (5089 bytes)

VM state:not at safepoint (normal execution)

VM Mutex/Monitor currently owned by a thread: None

OutOfMemory and StackOverflow Exception counts:
OutOfMemoryError java_heap_errors=1
LinkageErrors=74

Heap address: 0x0000000080000000, size: 2048 MB, Compressed Oops mode: 32-bit
Narrow klass base: 0x0000000000000000, Narrow klass shift: 3
Compressed class space size: 1073741824 Address: 0x0000000100000000

Heap:
 garbage-first heap   total 199680K, used 61042K [0x0000000080000000, 0x0000000100000000)
  region size 1024K, 11 young (11264K), 3 survivors (3072K)
 Metaspace       used 59238K, capacity 60359K, committed 60544K, reserved 1101824K
  class space    used 7089K, capacity 7522K, committed 7552K, reserved 1048576K
Heap Regions: E=young(eden), S=young(survivor), O=old, HS=humongous(starts), HC=humongous(continues), CS=collection set, F=free, A=archive, TAMS=top-at-mark-start (previous, next)
|   0|0x0000000080000000, 0x0000000080100000, 0x0000000080100000|100%| O|  |TAMS 0x0000000080100000, 0x0000000080000000| Untracked 
|   1|0x0000000080100000, 0x0000000080200000, 0x0000000080200000|100%| O|  |TAMS 0x0000000080200000, 0x0000000080100000| Untracked 
|   2|0x0000000080200000, 0x0000000080300000, 0x0000000080300000|100%| O|  |TAMS 0x0000000080300000, 0x0000000080200000| Untracked 
|   3|0x0000000080300000, 0x0000000080400000, 0x0000000080400000|100%| O|  |TAMS 0x0000000080400000, 0x0000000080300000| Untracked 
|   4|0x0000000080400000, 0x0000000080500000, 0x0000000080500000|100%|HS|  |TAMS 0x0000000080500000, 0x0000000080400000| Complete 
|   5|0x0000000080500000, 0x0000000080600000, 0x0000000080600000|100%|HC|  |TAMS 0x0000000080600000, 0x0000000080500000| Complete 
|   6|0x0000000080600000, 0x0000000080700000, 0x0000000080700000|100%|HC|  |TAMS 0x0000000080700000, 0x0000000080600000| Complete 
|   7|0x0000000080700000, 0x0000000080800000, 0x0000000080800000|100%| O|  |TAMS 0x0000000080800000, 0x0000000080700000| Untracked 
|   8|0x0000000080800000, 0x0000000080900000, 0x0000000080900000|100%| O|  |TAMS 0x0000000080900000, 0x0000000080800000| Untracked 
|   9|0x0000000080900000, 0x0000000080a00000, 0x0000000080a00000|100%| O|  |TAMS 0x0000000080a00000, 0x0000000080900000| Untracked 
|  10|0x0000000080a00000, 0x0000000080b00000, 0x0000000080b00000|100%| O|  |TAMS 0x0000000080b00000, 0x0000000080a00000| Untracked 
|  11|0x0000000080b00000, 0x0000000080c00000, 0x0000000080c00000|100%| O|  |TAMS 0x0000000080c00000, 0x0000000080b00000| Untracked 
|  12|0x0000000080c00000, 0x0000000080d00000, 0x0000000080d00000|100%| O|  |TAMS 0x0000000080d00000, 0x0000000080c00000| Untracked 
|  13|0x0000000080d00000, 0x0000000080e00000, 0x0000000080e00000|100%| O|  |TAMS 0x0000000080e00000, 0x0000000080d00000| Untracked 
|  14|0x0000000080e00000, 0x0000000080f00000, 0x0000000080f00000|100%| O|  |TAMS 0x0000000080f00000, 0x0000000080e00000| Untracked 
|  15|0x0000000080f00000, 0x0000000081000000, 0x0000000081000000|100%| O|  |TAMS 0x0000000081000000, 0x0000000080f00000| Untracked 
|  16|0x0000000081000000, 0x0000000081100000, 0x0000000081100000|100%| O|  |TAMS 0x0000000081100000, 0x0000000081000000| Untracked 
|  17|0x0000000081100000, 0x0000000081200000, 0x0000000081200000|100%| O|  |TAMS 0x0000000081200000, 0x0000000081100000| Untracked 
|  18|0x0000000081200000, 0x0000000081300000, 0x0000000081300000|100%| O|  |TAMS 0x0000000081300000, 0x0000000081200000| Untracked 
|  19|0x0000000081300000, 0x0000000081400000, 0x0000000081400000|100%| O|  |TAMS 0x0000000081400000, 0x0000000081300000| Untracked 
|  20|0x0000000081400000, 0x0000000081500000, 0x0000000081500000|100%| O|  |TAMS 0x0000000081500000, 0x0000000081400000| Untracked 
|  21|0x0000000081500000, 0x0000000081600000, 0x0000000081600000|100%| O|  |TAMS 0x0000000081600000, 0x0000000081500000| Untracked 
|  22|0x0000000081600000, 0x0000000081700000, 0x0000000081700000|100%| O|  |TAMS 0x0000000081700000, 0x0000000081600000| Untracked 
|  23|0x0000000081700000, 0x0000000081800000, 0x0000000081800000|100%| O|  |TAMS 0x0000000081800000, 0x0000000081700000| Untracked 
|  24|0x0000000081800000, 0x0000000081900000, 0x0000000081900000|100%| O|  |TAMS 0x0000000081900000, 0x0000000081800000| Untracked 
|  25|0x0000000081900000, 0x0000000081a00000, 0x0000000081a00000|100%| O|  |TAMS 0x0000000081a00000, 0x0000000081900000| Untracked 
|  26|0x0000000081a00000, 0x0000000081b00000, 0x0000000081b00000|100%| O|  |TAMS 0x0000000081b00000, 0x0000000081a00000| Untracked 
|  27|0x0000000081b00000, 0x0000000081c00000, 0x0000000081c00000|100%| O|  |TAMS 0x0000000081c00000, 0x0000000081b00000| Untracked 
|  28|0x0000000081c00000, 0x0000000081d00000, 0x0000000081d00000|100%| O|  |TAMS 0x0000000081d00000, 0x0000000081c00000| Untracked 
|  29|0x0000000081d00000, 0x0000000081e00000, 0x0000000081e00000|100%| O|  |TAMS 0x0000000081e00000, 0x0000000081d00000| Untracked 
|  30|0x0000000081e00000, 0x0000000081f00000, 0x0000000081f00000|100%| O|  |TAMS 0x0000000081f00000, 0x0000000081e00000| Untracked 
|  31|0x0000000081f00000, 0x0000000082000000, 0x0000000082000000|100%| O|  |TAMS 0x0000000082000000, 0x0000000081f00000| Untracked 
|  32|0x0000000082000000, 0x0000000082100000, 0x0000000082100000|100%| O|  |TAMS 0x0000000082100000, 0x0000000082000000| Untracked 
|  33|0x0000000082100000, 0x0000000082200000, 0x0000000082200000|100%| O|  |TAMS 0x0000000082200000, 0x0000000082100000| Untracked 
|  34|0x0000000082200000, 0x0000000082200000, 0x0000000082300000|  0%| F|  |TAMS 0x0000000082200000, 0x0000000082200000| Untracked 
|  35|0x0000000082300000, 0x0000000082400000, 0x0000000082400000|100%| O|  |TAMS 0x0000000082400000, 0x0000000082300000| Untracked 
|  36|0x0000000082400000, 0x0000000082500000, 0x0000000082500000|100%| O|  |TAMS 0x0000000082500000, 0x0000000082400000| Untracked 
|  37|0x0000000082500000, 0x000000008259ca00, 0x0000000082600000| 61%| O|  |TAMS 0x0000000082500000, 0x0000000082500000| Untracked 
|  38|0x0000000082600000, 0x0000000082700000, 0x0000000082700000|100%| O|  |TAMS 0x0000000082700000, 0x0000000082600000| Untracked 
|  39|0x0000000082700000, 0x0000000082800000, 0x0000000082800000|100%| O|  |TAMS 0x0000000082800000, 0x0000000082700000| Untracked 
|  40|0x0000000082800000, 0x0000000082900000, 0x0000000082900000|100%| O|  |TAMS 0x000000008287fe00, 0x0000000082800000| Untracked 
|  41|0x0000000082900000, 0x0000000082a00000, 0x0000000082a00000|100%| O|  |TAMS 0x0000000082900000, 0x0000000082900000| Untracked 
|  42|0x0000000082a00000, 0x0000000082b00000, 0x0000000082b00000|100%| O|  |TAMS 0x0000000082b00000, 0x0000000082a00000| Untracked 
|  43|0x0000000082b00000, 0x0000000082c00000, 0x0000000082c00000|100%| O|  |TAMS 0x0000000082b00000, 0x0000000082b00000| Untracked 
|  44|0x0000000082c00000, 0x0000000082d00000, 0x0000000082d00000|100%| O|  |TAMS 0x0000000082c00000, 0x0000000082c00000| Untracked 
|  45|0x0000000082d00000, 0x0000000082e00000, 0x0000000082e00000|100%| O|  |TAMS 0x0000000082d00000, 0x0000000082d00000| Untracked 
|  46|0x0000000082e00000, 0x0000000082f00000, 0x0000000082f00000|100%| O|  |TAMS 0x0000000082e00000, 0x0000000082e00000| Untracked 
|  47|0x0000000082f00000, 0x0000000083000000, 0x0000000083000000|100%|HS|  |TAMS 0x0000000082f00000, 0x0000000082f00000| Complete 
|  48|0x0000000083000000, 0x0000000083100000, 0x0000000083100000|100%|HC|  |TAMS 0x0000000083000000, 0x0000000083000000| Complete 
|  49|0x0000000083100000, 0x0000000083200000, 0x0000000083200000|100%|HC|  |TAMS 0x0000000083100000, 0x0000000083100000| Complete 
|  50|0x0000000083200000, 0x0000000083300000, 0x0000000083300000|100%| O|  |TAMS 0x0000000083200000, 0x0000000083200000| Untracked 
|  51|0x0000000083300000, 0x0000000083300000, 0x0000000083400000|  0%| F|  |TAMS 0x0000000083300000, 0x0000000083300000| Untracked 
|  52|0x0000000083400000, 0x0000000083400000, 0x0000000083500000|  0%| F|  |TAMS 0x0000000083400000, 0x0000000083400000| Untracked 
|  53|0x0000000083500000, 0x0000000083500000, 0x0000000083600000|  0%| F|  |TAMS 0x0000000083500000, 0x0000000083500000| Untracked 
|  54|0x0000000083600000, 0x0000000083600000, 0x0000000083700000|  0%| F|  |TAMS 0x0000000083600000, 0x0000000083600000| Untracked 
|  55|0x0000000083700000, 0x0000000083700000, 0x0000000083800000|  0%| F|  |TAMS 0x0000000083700000, 0x0000000083700000| Untracked 
|  56|0x0000000083800000, 0x0000000083800000, 0x0000000083900000|  0%| F|  |TAMS 0x0000000083800000, 0x0000000083800000| Untracked 
|  57|0x0000000083900000, 0x0000000083900000, 0x0000000083a00000|  0%| F|  |TAMS 0x0000000083900000, 0x0000000083900000| Untracked 
|  58|0x0000000083a00000, 0x0000000083a00000, 0x0000000083b00000|  0%| F|  |TAMS 0x0000000083a00000, 0x0000000083a00000| Untracked 
|  59|0x0000000083b00000, 0x0000000083b00000, 0x0000000083c00000|  0%| F|  |TAMS 0x0000000083b00000, 0x0000000083b00000| Untracked 
|  60|0x0000000083c00000, 0x0000000083c00000, 0x0000000083d00000|  0%| F|  |TAMS 0x0000000083c00000, 0x0000000083c00000| Untracked 
|  61|0x0000000083d00000, 0x0000000083d00000, 0x0000000083e00000|  0%| F|  |TAMS 0x0000000083d00000, 0x0000000083d00000| Untracked 
|  62|0x0000000083e00000, 0x0000000083e00000, 0x0000000083f00000|  0%| F|  |TAMS 0x0000000083e00000, 0x0000000083e00000| Untracked 
|  63|0x0000000083f00000, 0x0000000083f00000, 0x0000000084000000|  0%| F|  |TAMS 0x0000000083f00000, 0x0000000083f00000| Untracked 
|  64|0x0000000084000000, 0x0000000084000000, 0x0000000084100000|  0%| F|  |TAMS 0x0000000084000000, 0x0000000084000000| Untracked 
|  65|0x0000000084100000, 0x0000000084100000, 0x0000000084200000|  0%| F|  |TAMS 0x0000000084100000, 0x0000000084100000| Untracked 
|  66|0x0000000084200000, 0x0000000084200000, 0x0000000084300000|  0%| F|  |TAMS 0x0000000084200000, 0x0000000084200000| Untracked 
|  67|0x0000000084300000, 0x0000000084300000, 0x0000000084400000|  0%| F|  |TAMS 0x0000000084300000, 0x0000000084300000| Untracked 
|  68|0x0000000084400000, 0x0000000084400000, 0x0000000084500000|  0%| F|  |TAMS 0x0000000084400000, 0x0000000084400000| Untracked 
|  69|0x0000000084500000, 0x0000000084500000, 0x0000000084600000|  0%| F|  |TAMS 0x0000000084500000, 0x0000000084500000| Untracked 
|  70|0x0000000084600000, 0x0000000084600000, 0x0000000084700000|  0%| F|  |TAMS 0x0000000084600000, 0x0000000084600000| Untracked 
|  71|0x0000000084700000, 0x0000000084700000, 0x0000000084800000|  0%| F|  |TAMS 0x0000000084700000, 0x0000000084700000| Untracked 
|  72|0x0000000084800000, 0x0000000084800000, 0x0000000084900000|  0%| F|  |TAMS 0x0000000084800000, 0x0000000084800000| Untracked 
|  73|0x0000000084900000, 0x0000000084900000, 0x0000000084a00000|  0%| F|  |TAMS 0x0000000084900000, 0x0000000084900000| Untracked 
|  74|0x0000000084a00000, 0x0000000084a00000, 0x0000000084b00000|  0%| F|  |TAMS 0x0000000084a00000, 0x0000000084a00000| Untracked 
|  75|0x0000000084b00000, 0x0000000084b00000, 0x0000000084c00000|  0%| F|  |TAMS 0x0000000084b00000, 0x0000000084b00000| Untracked 
|  76|0x0000000084c00000, 0x0000000084c00000, 0x0000000084d00000|  0%| F|  |TAMS 0x0000000084c00000, 0x0000000084c00000| Untracked 
|  77|0x0000000084d00000, 0x0000000084d00000, 0x0000000084e00000|  0%| F|  |TAMS 0x0000000084d00000, 0x0000000084d00000| Untracked 
|  78|0x0000000084e00000, 0x0000000084e00000, 0x0000000084f00000|  0%| F|  |TAMS 0x0000000084e00000, 0x0000000084e00000| Untracked 
|  79|0x0000000084f00000, 0x0000000084f00000, 0x0000000085000000|  0%| F|  |TAMS 0x0000000084f00000, 0x0000000084f00000| Untracked 
|  80|0x0000000085000000, 0x0000000085000000, 0x0000000085100000|  0%| F|  |TAMS 0x0000000085000000, 0x0000000085000000| Untracked 
|  81|0x0000000085100000, 0x0000000085100000, 0x0000000085200000|  0%| F|  |TAMS 0x0000000085100000, 0x0000000085100000| Untracked 
|  82|0x0000000085200000, 0x0000000085200000, 0x0000000085300000|  0%| F|  |TAMS 0x0000000085200000, 0x0000000085200000| Untracked 
|  83|0x0000000085300000, 0x0000000085300000, 0x0000000085400000|  0%| F|  |TAMS 0x0000000085300000, 0x0000000085300000| Untracked 
|  84|0x0000000085400000, 0x0000000085400000, 0x0000000085500000|  0%| F|  |TAMS 0x0000000085400000, 0x0000000085400000| Untracked 
|  85|0x0000000085500000, 0x0000000085500000, 0x0000000085600000|  0%| F|  |TAMS 0x0000000085500000, 0x0000000085500000| Untracked 
|  86|0x0000000085600000, 0x0000000085600000, 0x0000000085700000|  0%| F|  |TAMS 0x0000000085600000, 0x0000000085600000| Untracked 
|  87|0x0000000085700000, 0x0000000085700000, 0x0000000085800000|  0%| F|  |TAMS 0x0000000085700000, 0x0000000085700000| Untracked 
|  88|0x0000000085800000, 0x0000000085800000, 0x0000000085900000|  0%| F|  |TAMS 0x0000000085800000, 0x0000000085800000| Untracked 
|  89|0x0000000085900000, 0x0000000085900000, 0x0000000085a00000|  0%| F|  |TAMS 0x0000000085900000, 0x0000000085900000| Untracked 
|  90|0x0000000085a00000, 0x0000000085a00000, 0x0000000085b00000|  0%| F|  |TAMS 0x0000000085a00000, 0x0000000085a00000| Untracked 
|  91|0x0000000085b00000, 0x0000000085b00000, 0x0000000085c00000|  0%| F|  |TAMS 0x0000000085b00000, 0x0000000085b00000| Untracked 
|  92|0x0000000085c00000, 0x0000000085c00000, 0x0000000085d00000|  0%| F|  |TAMS 0x0000000085c00000, 0x0000000085c00000| Untracked 
|  93|0x0000000085d00000, 0x0000000085d00000, 0x0000000085e00000|  0%| F|  |TAMS 0x0000000085d00000, 0x0000000085d00000| Untracked 
|  94|0x0000000085e00000, 0x0000000085f00000, 0x0000000085f00000|100%| S|CS|TAMS 0x0000000085e00000, 0x0000000085e00000| Complete 
|  95|0x0000000085f00000, 0x0000000086000000, 0x0000000086000000|100%| S|CS|TAMS 0x0000000085f00000, 0x0000000085f00000| Complete 
|  96|0x0000000086000000, 0x0000000086100000, 0x0000000086100000|100%| S|CS|TAMS 0x0000000086000000, 0x0000000086000000| Complete 
|  97|0x0000000086100000, 0x0000000086100000, 0x0000000086200000|  0%| F|  |TAMS 0x0000000086100000, 0x0000000086100000| Untracked 
|  98|0x0000000086200000, 0x0000000086200000, 0x0000000086300000|  0%| F|  |TAMS 0x0000000086200000, 0x0000000086200000| Untracked 
|  99|0x0000000086300000, 0x0000000086300000, 0x0000000086400000|  0%| F|  |TAMS 0x0000000086300000, 0x0000000086300000| Untracked 
| 100|0x0000000086400000, 0x0000000086400000, 0x0000000086500000|  0%| F|  |TAMS 0x0000000086400000, 0x0000000086400000| Untracked 
| 101|0x0000000086500000, 0x0000000086500000, 0x0000000086600000|  0%| F|  |TAMS 0x0000000086500000, 0x0000000086500000| Untracked 
| 102|0x0000000086600000, 0x0000000086600000, 0x0000000086700000|  0%| F|  |TAMS 0x0000000086600000, 0x0000000086600000| Untracked 
| 103|0x0000000086700000, 0x0000000086700000, 0x0000000086800000|  0%| F|  |TAMS 0x0000000086700000, 0x0000000086700000| Untracked 
| 104|0x0000000086800000, 0x0000000086800000, 0x0000000086900000|  0%| F|  |TAMS 0x0000000086800000, 0x0000000086800000| Untracked 
| 105|0x0000000086900000, 0x0000000086900000, 0x0000000086a00000|  0%| F|  |TAMS 0x0000000086900000, 0x0000000086900000| Untracked 
| 106|0x0000000086a00000, 0x0000000086a00000, 0x0000000086b00000|  0%| F|  |TAMS 0x0000000086a00000, 0x0000000086a00000| Untracked 
| 107|0x0000000086b00000, 0x0000000086b00000, 0x0000000086c00000|  0%| F|  |TAMS 0x0000000086b00000, 0x0000000086b00000| Untracked 
| 108|0x0000000086c00000, 0x0000000086c00000, 0x0000000086d00000|  0%| F|  |TAMS 0x0000000086c00000, 0x0000000086c00000| Untracked 
| 109|0x0000000086d00000, 0x0000000086d00000, 0x0000000086e00000|  0%| F|  |TAMS 0x0000000086d00000, 0x0000000086d00000| Untracked 
| 110|0x0000000086e00000, 0x0000000086e00000, 0x0000000086f00000|  0%| F|  |TAMS 0x0000000086e00000, 0x0000000086e00000| Untracked 
| 111|0x0000000086f00000, 0x0000000086f00000, 0x0000000087000000|  0%| F|  |TAMS 0x0000000086f00000, 0x0000000086f00000| Untracked 
| 112|0x0000000087000000, 0x0000000087000000, 0x0000000087100000|  0%| F|  |TAMS 0x0000000087000000, 0x0000000087000000| Untracked 
| 113|0x0000000087100000, 0x0000000087100000, 0x0000000087200000|  0%| F|  |TAMS 0x0000000087100000, 0x0000000087100000| Untracked 
| 114|0x0000000087200000, 0x0000000087200000, 0x0000000087300000|  0%| F|  |TAMS 0x0000000087200000, 0x0000000087200000| Untracked 
| 115|0x0000000087300000, 0x0000000087300000, 0x0000000087400000|  0%| F|  |TAMS 0x0000000087300000, 0x0000000087300000| Untracked 
| 116|0x0000000087400000, 0x0000000087400000, 0x0000000087500000|  0%| F|  |TAMS 0x0000000087400000, 0x0000000087400000| Untracked 
| 117|0x0000000087500000, 0x0000000087500000, 0x0000000087600000|  0%| F|  |TAMS 0x0000000087500000, 0x0000000087500000| Untracked 
| 118|0x0000000087600000, 0x0000000087600000, 0x0000000087700000|  0%| F|  |TAMS 0x0000000087600000, 0x0000000087600000| Untracked 
| 119|0x0000000087700000, 0x0000000087700000, 0x0000000087800000|  0%| F|  |TAMS 0x0000000087700000, 0x0000000087700000| Untracked 
| 120|0x0000000087800000, 0x0000000087800000, 0x0000000087900000|  0%| F|  |TAMS 0x0000000087800000, 0x0000000087800000| Untracked 
| 121|0x0000000087900000, 0x0000000087900000, 0x0000000087a00000|  0%| F|  |TAMS 0x0000000087900000, 0x0000000087900000| Untracked 
| 122|0x0000000087a00000, 0x0000000087a00000, 0x0000000087b00000|  0%| F|  |TAMS 0x0000000087a00000, 0x0000000087a00000| Untracked 
| 123|0x0000000087b00000, 0x0000000087b00000, 0x0000000087c00000|  0%| F|  |TAMS 0x0000000087b00000, 0x0000000087b00000| Untracked 
| 124|0x0000000087c00000, 0x0000000087c00000, 0x0000000087d00000|  0%| F|  |TAMS 0x0000000087c00000, 0x0000000087c00000| Untracked 
| 125|0x0000000087d00000, 0x0000000087d00000, 0x0000000087e00000|  0%| F|  |TAMS 0x0000000087d00000, 0x0000000087d00000| Untracked 
| 126|0x0000000087e00000, 0x0000000087e00000, 0x0000000087f00000|  0%| F|  |TAMS 0x0000000087e00000, 0x0000000087e00000| Untracked 
| 127|0x0000000087f00000, 0x0000000087f00000, 0x0000000088000000|  0%| F|  |TAMS 0x0000000087f00000, 0x0000000087f00000| Untracked 
| 128|0x0000000088000000, 0x0000000088000000, 0x0000000088100000|  0%| F|  |TAMS 0x0000000088000000, 0x0000000088000000| Untracked 
| 129|0x0000000088100000, 0x0000000088100000, 0x0000000088200000|  0%| F|  |TAMS 0x0000000088100000, 0x0000000088100000| Untracked 
| 130|0x0000000088200000, 0x0000000088200000, 0x0000000088300000|  0%| F|  |TAMS 0x0000000088200000, 0x0000000088200000| Untracked 
| 131|0x0000000088300000, 0x0000000088300000, 0x0000000088400000|  0%| F|  |TAMS 0x0000000088300000, 0x0000000088300000| Untracked 
| 132|0x0000000088400000, 0x0000000088400000, 0x0000000088500000|  0%| F|  |TAMS 0x0000000088400000, 0x0000000088400000| Untracked 
| 133|0x0000000088500000, 0x0000000088500000, 0x0000000088600000|  0%| F|  |TAMS 0x0000000088500000, 0x0000000088500000| Untracked 
| 134|0x0000000088600000, 0x0000000088600000, 0x0000000088700000|  0%| F|  |TAMS 0x0000000088600000, 0x0000000088600000| Untracked 
| 135|0x0000000088700000, 0x0000000088700000, 0x0000000088800000|  0%| F|  |TAMS 0x0000000088700000, 0x0000000088700000| Untracked 
| 136|0x0000000088800000, 0x0000000088800000, 0x0000000088900000|  0%| F|  |TAMS 0x0000000088800000, 0x0000000088800000| Untracked 
| 137|0x0000000088900000, 0x0000000088900000, 0x0000000088a00000|  0%| F|  |TAMS 0x0000000088900000, 0x0000000088900000| Untracked 
| 138|0x0000000088a00000, 0x0000000088a00000, 0x0000000088b00000|  0%| F|  |TAMS 0x0000000088a00000, 0x0000000088a00000| Untracked 
| 139|0x0000000088b00000, 0x0000000088b00000, 0x0000000088c00000|  0%| F|  |TAMS 0x0000000088b00000, 0x0000000088b00000| Untracked 
| 140|0x0000000088c00000, 0x0000000088c00000, 0x0000000088d00000|  0%| F|  |TAMS 0x0000000088c00000, 0x0000000088c00000| Untracked 
| 141|0x0000000088d00000, 0x0000000088d00000, 0x0000000088e00000|  0%| F|  |TAMS 0x0000000088d00000, 0x0000000088d00000| Untracked 
| 142|0x0000000088e00000, 0x0000000088e00000, 0x0000000088f00000|  0%| F|  |TAMS 0x0000000088e00000, 0x0000000088e00000| Untracked 
| 143|0x0000000088f00000, 0x0000000088f00000, 0x0000000089000000|  0%| F|  |TAMS 0x0000000088f00000, 0x0000000088f00000| Untracked 
| 144|0x0000000089000000, 0x0000000089000000, 0x0000000089100000|  0%| F|  |TAMS 0x0000000089000000, 0x0000000089000000| Untracked 
| 145|0x0000000089100000, 0x0000000089100000, 0x0000000089200000|  0%| F|  |TAMS 0x0000000089100000, 0x0000000089100000| Untracked 
| 146|0x0000000089200000, 0x0000000089200000, 0x0000000089300000|  0%| F|  |TAMS 0x0000000089200000, 0x0000000089200000| Untracked 
| 147|0x0000000089300000, 0x0000000089300000, 0x0000000089400000|  0%| F|  |TAMS 0x0000000089300000, 0x0000000089300000| Untracked 
| 148|0x0000000089400000, 0x0000000089400000, 0x0000000089500000|  0%| F|  |TAMS 0x0000000089400000, 0x0000000089400000| Untracked 
| 149|0x0000000089500000, 0x0000000089500000, 0x0000000089600000|  0%| F|  |TAMS 0x0000000089500000, 0x0000000089500000| Untracked 
| 150|0x0000000089600000, 0x0000000089600000, 0x0000000089700000|  0%| F|  |TAMS 0x0000000089600000, 0x0000000089600000| Untracked 
| 151|0x0000000089700000, 0x0000000089700000, 0x0000000089800000|  0%| F|  |TAMS 0x0000000089700000, 0x0000000089700000| Untracked 
| 152|0x0000000089800000, 0x0000000089800000, 0x0000000089900000|  0%| F|  |TAMS 0x0000000089800000, 0x0000000089800000| Untracked 
| 153|0x0000000089900000, 0x0000000089900000, 0x0000000089a00000|  0%| F|  |TAMS 0x0000000089900000, 0x0000000089900000| Untracked 
| 154|0x0000000089a00000, 0x0000000089a00000, 0x0000000089b00000|  0%| F|  |TAMS 0x0000000089a00000, 0x0000000089a00000| Untracked 
| 155|0x0000000089b00000, 0x0000000089b00000, 0x0000000089c00000|  0%| F|  |TAMS 0x0000000089b00000, 0x0000000089b00000| Untracked 
| 156|0x0000000089c00000, 0x0000000089c00000, 0x0000000089d00000|  0%| F|  |TAMS 0x0000000089c00000, 0x0000000089c00000| Untracked 
| 157|0x0000000089d00000, 0x0000000089d00000, 0x0000000089e00000|  0%| F|  |TAMS 0x0000000089d00000, 0x0000000089d00000| Untracked 
| 158|0x0000000089e00000, 0x0000000089e00000, 0x0000000089f00000|  0%| F|  |TAMS 0x0000000089e00000, 0x0000000089e00000| Untracked 
| 159|0x0000000089f00000, 0x0000000089f00000, 0x000000008a000000|  0%| F|  |TAMS 0x0000000089f00000, 0x0000000089f00000| Untracked 
| 160|0x000000008a000000, 0x000000008a000000, 0x000000008a100000|  0%| F|  |TAMS 0x000000008a000000, 0x000000008a000000| Untracked 
| 161|0x000000008a100000, 0x000000008a100000, 0x000000008a200000|  0%| F|  |TAMS 0x000000008a100000, 0x000000008a100000| Untracked 
| 162|0x000000008a200000, 0x000000008a200000, 0x000000008a300000|  0%| F|  |TAMS 0x000000008a200000, 0x000000008a200000| Untracked 
| 163|0x000000008a300000, 0x000000008a300000, 0x000000008a400000|  0%| F|  |TAMS 0x000000008a300000, 0x000000008a300000| Untracked 
| 164|0x000000008a400000, 0x000000008a400000, 0x000000008a500000|  0%| F|  |TAMS 0x000000008a400000, 0x000000008a400000| Untracked 
| 165|0x000000008a500000, 0x000000008a500000, 0x000000008a600000|  0%| F|  |TAMS 0x000000008a500000, 0x000000008a500000| Untracked 
| 166|0x000000008a600000, 0x000000008a600000, 0x000000008a700000|  0%| F|  |TAMS 0x000000008a600000, 0x000000008a600000| Untracked 
| 167|0x000000008a700000, 0x000000008a700000, 0x000000008a800000|  0%| F|  |TAMS 0x000000008a700000, 0x000000008a700000| Untracked 
| 168|0x000000008a800000, 0x000000008a800000, 0x000000008a900000|  0%| F|  |TAMS 0x000000008a800000, 0x000000008a800000| Untracked 
| 169|0x000000008a900000, 0x000000008a900000, 0x000000008aa00000|  0%| F|  |TAMS 0x000000008a900000, 0x000000008a900000| Untracked 
| 170|0x000000008aa00000, 0x000000008aa00000, 0x000000008ab00000|  0%| F|  |TAMS 0x000000008aa00000, 0x000000008aa00000| Untracked 
| 171|0x000000008ab00000, 0x000000008ab00000, 0x000000008ac00000|  0%| F|  |TAMS 0x000000008ab00000, 0x000000008ab00000| Untracked 
| 172|0x000000008ac00000, 0x000000008ac00000, 0x000000008ad00000|  0%| F|  |TAMS 0x000000008ac00000, 0x000000008ac00000| Untracked 
| 173|0x000000008ad00000, 0x000000008ad00000, 0x000000008ae00000|  0%| F|  |TAMS 0x000000008ad00000, 0x000000008ad00000| Untracked 
| 174|0x000000008ae00000, 0x000000008ae00000, 0x000000008af00000|  0%| F|  |TAMS 0x000000008ae00000, 0x000000008ae00000| Untracked 
| 175|0x000000008af00000, 0x000000008af00000, 0x000000008b000000|  0%| F|  |TAMS 0x000000008af00000, 0x000000008af00000| Untracked 
| 176|0x000000008b000000, 0x000000008b000000, 0x000000008b100000|  0%| F|  |TAMS 0x000000008b000000, 0x000000008b000000| Untracked 
| 177|0x000000008b100000, 0x000000008b100000, 0x000000008b200000|  0%| F|  |TAMS 0x000000008b100000, 0x000000008b100000| Untracked 
| 178|0x000000008b200000, 0x000000008b200000, 0x000000008b300000|  0%| F|  |TAMS 0x000000008b200000, 0x000000008b200000| Untracked 
| 179|0x000000008b300000, 0x000000008b300000, 0x000000008b400000|  0%| F|  |TAMS 0x000000008b300000, 0x000000008b300000| Untracked 
| 180|0x000000008b400000, 0x000000008b400000, 0x000000008b500000|  0%| F|  |TAMS 0x000000008b400000, 0x000000008b400000| Untracked 
| 181|0x000000008b500000, 0x000000008b500000, 0x000000008b600000|  0%| F|  |TAMS 0x000000008b500000, 0x000000008b500000| Untracked 
| 182|0x000000008b600000, 0x000000008b600000, 0x000000008b700000|  0%| F|  |TAMS 0x000000008b600000, 0x000000008b600000| Untracked 
| 183|0x000000008b700000, 0x000000008b700000, 0x000000008b800000|  0%| F|  |TAMS 0x000000008b700000, 0x000000008b700000| Untracked 
| 184|0x000000008b800000, 0x000000008b800000, 0x000000008b900000|  0%| F|  |TAMS 0x000000008b800000, 0x000000008b800000| Untracked 
| 185|0x000000008b900000, 0x000000008b900000, 0x000000008ba00000|  0%| F|  |TAMS 0x000000008b900000, 0x000000008b900000| Untracked 
| 186|0x000000008ba00000, 0x000000008ba814c8, 0x000000008bb00000| 50%| E|  |TAMS 0x000000008ba00000, 0x000000008ba00000| Complete 
| 187|0x000000008bb00000, 0x000000008bc00000, 0x000000008bc00000|100%| E|CS|TAMS 0x000000008bb00000, 0x000000008bb00000| Complete 
| 188|0x000000008bc00000, 0x000000008bd00000, 0x000000008bd00000|100%| E|CS|TAMS 0x000000008bc00000, 0x000000008bc00000| Complete 
| 189|0x000000008bd00000, 0x000000008be00000, 0x000000008be00000|100%| E|CS|TAMS 0x000000008bd00000, 0x000000008bd00000| Complete 
| 190|0x000000008be00000, 0x000000008bf00000, 0x000000008bf00000|100%| E|CS|TAMS 0x000000008be00000, 0x000000008be00000| Complete 
| 191|0x000000008bf00000, 0x000000008c000000, 0x000000008c000000|100%| E|CS|TAMS 0x000000008bf00000, 0x000000008bf00000| Complete 
| 192|0x000000008c000000, 0x000000008c100000, 0x000000008c100000|100%| E|CS|TAMS 0x000000008c000000, 0x000000008c000000| Complete 
| 193|0x000000008c100000, 0x000000008c200000, 0x000000008c200000|100%| E|CS|TAMS 0x000000008c100000, 0x000000008c100000| Complete 
| 194|0x000000008c200000, 0x000000008c300000, 0x000000008c300000|100%| E|CS|TAMS 0x000000008c200000, 0x000000008c200000| Complete 

Card table byte_map: [0x000001e97df90000,0x000001e97e390000] _byte_map_base: 0x000001e97db90000

Marking Bits (Prev, Next): (CMBitMap*) 0x000001e978658d10, (CMBitMap*) 0x000001e978658cd8
 Prev Bits: [0x000001e911000000, 0x000001e913000000)
 Next Bits: [0x000001e90f000000, 0x000001e911000000)

Polling page: 0x000001e97d750000

Metaspace:

Usage:
  Non-class:     51.60 MB capacity,    50.93 MB ( 99%) used,   564.38 KB (  1%) free+waste,   124.00 KB ( <1%) overhead. 
      Class:      7.35 MB capacity,     6.92 MB ( 94%) used,   377.60 KB (  5%) free+waste,    54.88 KB ( <1%) overhead. 
       Both:     58.94 MB capacity,    57.85 MB ( 98%) used,   941.98 KB (  2%) free+waste,   178.88 KB ( <1%) overhead. 

Virtual space:
  Non-class space:       52.00 MB reserved,      51.75 MB (>99%) committed 
      Class space:        1.00 GB reserved,       7.38 MB ( <1%) committed 
             Both:        1.05 GB reserved,      59.13 MB (  5%) committed 

Chunk freelists:
   Non-Class:  27.00 KB
       Class:  0 bytes
        Both:  27.00 KB

MaxMetaspaceSize: 17179869184.00 GB
CompressedClassSpaceSize: 1.00 GB

CodeHeap 'non-profiled nmethods': size=120064Kb used=6523Kb max_used=6523Kb free=113540Kb
 bounds [0x000001e907ac0000, 0x000001e908120000, 0x000001e90f000000]
CodeHeap 'profiled nmethods': size=120000Kb used=20855Kb max_used=20855Kb free=99144Kb
 bounds [0x000001e900590000, 0x000001e901a00000, 0x000001e907ac0000]
CodeHeap 'non-nmethods': size=5696Kb used=2251Kb max_used=2294Kb free=3444Kb
 bounds [0x000001e900000000, 0x000001e900270000, 0x000001e900590000]
 total_blobs=9183 nmethods=8326 adapters=769
 compilation: enabled
              stopped_count=0, restarted_count=0
 full_count=0

Compilation events (20 events):
Event: 154.154 Thread 0x000001e97ebcd800 nmethod 9034 0x000001e908108210 code [0x000001e9081083c0, 0x000001e908108468]
Event: 154.158 Thread 0x000001e97ebcd800 9043       4       org.objectweb.asm.ClassWriter::toByteArray (1513 bytes)
Event: 154.448 Thread 0x000001e97ebd2000 9049       3       java.lang.ThreadLocal$ThreadLocalMap$Entry::<init> (11 bytes)
Event: 154.448 Thread 0x000001e97ebd2000 nmethod 9049 0x000001e901991c90 code [0x000001e901991e60, 0x000001e901992218]
Event: 154.683 Thread 0x000001e97ebcd800 nmethod 9043 0x000001e908108510 code [0x000001e908108ca0, 0x000001e90810e2a8]
Event: 154.684 Thread 0x000001e97ebcd800 9044       4       org.objectweb.asm.MethodWriter::computeMethodInfoSize (571 bytes)
Event: 154.729 Thread 0x000001e97ebcd800 nmethod 9044 0x000001e908112610 code [0x000001e908112900, 0x000001e908113508]
Event: 154.730 Thread 0x000001e97ebcd800 9045   !   4       java.util.jar.Attributes::read (388 bytes)
Event: 154.750 Thread 0x000001e97ebd2000 9050 %     3       org.objectweb.asm.ClassReader::readCode @ 2015 (5089 bytes)
Event: 154.809 Thread 0x000001e97ebd2000 nmethod 9050% 0x000001e901992390 code [0x000001e9019938c0, 0x000001e9019a7728]
Event: 154.816 Thread 0x000001e97ebd2000 9051 %     3       org.objectweb.asm.ClassReader::readCode @ 71 (5089 bytes)
Event: 154.885 Thread 0x000001e97ebd2000 nmethod 9051% 0x000001e9019b1010 code [0x000001e9019b2560, 0x000001e9019c64a8]
Event: 154.889 Thread 0x000001e97ebd2000 9052       3       org.objectweb.asm.ClassReader::readCode (5089 bytes)
Event: 154.941 Thread 0x000001e97ebd2000 nmethod 9052 0x000001e9019d0090 code [0x000001e9019d1580, 0x000001e9019e47e8]
Event: 154.953 Thread 0x000001e97ebd2000 9054       3       org.objectweb.asm.MethodWriter::computeMethodInfoSize (571 bytes)
Event: 154.955 Thread 0x000001e97ebd2000 nmethod 9054 0x000001e9019edf10 code [0x000001e9019ee260, 0x000001e9019ef198]
Event: 154.956 Thread 0x000001e97ebd2000 9055       3       org.objectweb.asm.MethodWriter::putMethodInfo (1274 bytes)
Event: 154.967 Thread 0x000001e97ebd2000 nmethod 9055 0x000001e9019ef810 code [0x000001e9019efea0, 0x000001e9019f23d8]
Event: 155.975 Thread 0x000001e97ebcd800 nmethod 9045 0x000001e908114090 code [0x000001e908114700, 0x000001e90811bb18]
Event: 155.975 Thread 0x000001e97ebcd800 9056 %     4       org.objectweb.asm.ClassReader::readCode @ 2015 (5089 bytes)

GC Heap History (20 events):
Event: 135.715 GC heap before
{Heap before GC invocations=78 (full 0):
 garbage-first heap   total 165888K, used 133742K [0x0000000080000000, 0x0000000100000000)
  region size 1024K, 87 young (89088K), 5 survivors (5120K)
 Metaspace       used 59194K, capacity 60357K, committed 60544K, reserved 1101824K
  class space    used 7088K, capacity 7522K, committed 7552K, reserved 1048576K
}
Event: 135.737 GC heap after
{Heap after GC invocations=79 (full 0):
 garbage-first heap   total 165888K, used 53860K [0x0000000080000000, 0x0000000100000000)
  region size 1024K, 8 young (8192K), 8 survivors (8192K)
 Metaspace       used 59194K, capacity 60357K, committed 60544K, reserved 1101824K
  class space    used 7088K, capacity 7522K, committed 7552K, reserved 1048576K
}
Event: 137.542 GC heap before
{Heap before GC invocations=79 (full 0):
 garbage-first heap   total 165888K, used 129636K [0x0000000080000000, 0x0000000100000000)
  region size 1024K, 84 young (86016K), 8 survivors (8192K)
 Metaspace       used 59201K, capacity 60357K, committed 60544K, reserved 1101824K
  class space    used 7088K, capacity 7522K, committed 7552K, reserved 1048576K
}
Event: 137.554 GC heap after
{Heap after GC invocations=80 (full 0):
 garbage-first heap   total 165888K, used 51676K [0x0000000080000000, 0x0000000100000000)
  region size 1024K, 5 young (5120K), 5 survivors (5120K)
 Metaspace       used 59201K, capacity 60357K, committed 60544K, reserved 1101824K
  class space    used 7088K, capacity 7522K, committed 7552K, reserved 1048576K
}
Event: 138.552 GC heap before
{Heap before GC invocations=80 (full 0):
 garbage-first heap   total 165888K, used 130524K [0x0000000080000000, 0x0000000100000000)
  region size 1024K, 83 young (84992K), 5 survivors (5120K)
 Metaspace       used 59202K, capacity 60357K, committed 60544K, reserved 1101824K
  class space    used 7088K, capacity 7522K, committed 7552K, reserved 1048576K
}
Event: 138.565 GC heap after
{Heap after GC invocations=81 (full 0):
 garbage-first heap   total 165888K, used 54229K [0x0000000080000000, 0x0000000100000000)
  region size 1024K, 8 young (8192K), 8 survivors (8192K)
 Metaspace       used 59202K, capacity 60357K, committed 60544K, reserved 1101824K
  class space    used 7088K, capacity 7522K, committed 7552K, reserved 1048576K
}
Event: 139.737 GC heap before
{Heap before GC invocations=81 (full 0):
 garbage-first heap   total 165888K, used 131029K [0x0000000080000000, 0x0000000100000000)
  region size 1024K, 85 young (87040K), 8 survivors (8192K)
 Metaspace       used 59202K, capacity 60357K, committed 60544K, reserved 1101824K
  class space    used 7088K, capacity 7522K, committed 7552K, reserved 1048576K
}
Event: 139.755 GC heap after
{Heap after GC invocations=82 (full 0):
 garbage-first heap   total 199680K, used 55113K [0x0000000080000000, 0x0000000100000000)
  region size 1024K, 7 young (7168K), 7 survivors (7168K)
 Metaspace       used 59202K, capacity 60357K, committed 60544K, reserved 1101824K
  class space    used 7088K, capacity 7522K, committed 7552K, reserved 1048576K
}
Event: 141.459 GC heap before
{Heap before GC invocations=82 (full 0):
 garbage-first heap   total 199680K, used 158537K [0x0000000080000000, 0x0000000100000000)
  region size 1024K, 108 young (110592K), 7 survivors (7168K)
 Metaspace       used 59202K, capacity 60357K, committed 60544K, reserved 1101824K
  class space    used 7088K, capacity 7522K, committed 7552K, reserved 1048576K
}
Event: 141.469 GC heap after
{Heap after GC invocations=83 (full 0):
 garbage-first heap   total 199680K, used 54601K [0x0000000080000000, 0x0000000100000000)
  region size 1024K, 7 young (7168K), 7 survivors (7168K)
 Metaspace       used 59202K, capacity 60357K, committed 60544K, reserved 1101824K
  class space    used 7088K, capacity 7522K, committed 7552K, reserved 1048576K
}
Event: 143.282 GC heap before
{Heap before GC invocations=83 (full 0):
 garbage-first heap   total 199680K, used 157001K [0x0000000080000000, 0x0000000100000000)
  region size 1024K, 108 young (110592K), 7 survivors (7168K)
 Metaspace       used 59206K, capacity 60358K, committed 60544K, reserved 1101824K
  class space    used 7088K, capacity 7522K, committed 7552K, reserved 1048576K
}
Event: 143.297 GC heap after
{Heap after GC invocations=84 (full 0):
 garbage-first heap   total 199680K, used 57673K [0x0000000080000000, 0x0000000100000000)
  region size 1024K, 10 young (10240K), 10 survivors (10240K)
 Metaspace       used 59206K, capacity 60358K, committed 60544K, reserved 1101824K
  class space    used 7088K, capacity 7522K, committed 7552K, reserved 1048576K
}
Event: 145.986 GC heap before
{Heap before GC invocations=84 (full 0):
 garbage-first heap   total 199680K, used 160073K [0x0000000080000000, 0x0000000100000000)
  region size 1024K, 108 young (110592K), 10 survivors (10240K)
 Metaspace       used 59215K, capacity 60358K, committed 60544K, reserved 1101824K
  class space    used 7088K, capacity 7522K, committed 7552K, reserved 1048576K
}
Event: 145.991 GC heap after
{Heap after GC invocations=85 (full 0):
 garbage-first heap   total 199680K, used 47245K [0x0000000080000000, 0x0000000100000000)
  region size 1024K, 1 young (1024K), 1 survivors (1024K)
 Metaspace       used 59215K, capacity 60358K, committed 60544K, reserved 1101824K
  class space    used 7088K, capacity 7522K, committed 7552K, reserved 1048576K
}
Event: 147.129 GC heap before
{Heap before GC invocations=85 (full 0):
 garbage-first heap   total 199680K, used 158861K [0x0000000080000000, 0x0000000100000000)
  region size 1024K, 110 young (112640K), 1 survivors (1024K)
 Metaspace       used 59222K, capacity 60359K, committed 60544K, reserved 1101824K
  class space    used 7088K, capacity 7522K, committed 7552K, reserved 1048576K
}
Event: 147.151 GC heap after
{Heap after GC invocations=86 (full 0):
 garbage-first heap   total 199680K, used 55388K [0x0000000080000000, 0x0000000100000000)
  region size 1024K, 9 young (9216K), 9 survivors (9216K)
 Metaspace       used 59222K, capacity 60359K, committed 60544K, reserved 1101824K
  class space    used 7088K, capacity 7522K, committed 7552K, reserved 1048576K
}
Event: 151.670 GC heap before
{Heap before GC invocations=86 (full 0):
 garbage-first heap   total 199680K, used 161884K [0x0000000080000000, 0x0000000100000000)
  region size 1024K, 112 young (114688K), 9 survivors (9216K)
 Metaspace       used 59224K, capacity 60359K, committed 60544K, reserved 1101824K
  class space    used 7088K, capacity 7522K, committed 7552K, reserved 1048576K
}
Event: 151.678 GC heap after
{Heap after GC invocations=87 (full 0):
 garbage-first heap   total 199680K, used 53587K [0x0000000080000000, 0x0000000100000000)
  region size 1024K, 4 young (4096K), 4 survivors (4096K)
 Metaspace       used 59224K, capacity 60359K, committed 60544K, reserved 1101824K
  class space    used 7088K, capacity 7522K, committed 7552K, reserved 1048576K
}
Event: 154.331 GC heap before
{Heap before GC invocations=87 (full 0):
 garbage-first heap   total 199680K, used 160083K [0x0000000080000000, 0x0000000100000000)
  region size 1024K, 109 young (111616K), 4 survivors (4096K)
 Metaspace       used 59236K, capacity 60359K, committed 60544K, reserved 1101824K
  class space    used 7088K, capacity 7522K, committed 7552K, reserved 1048576K
}
Event: 154.348 GC heap after
{Heap after GC invocations=88 (full 0):
 garbage-first heap   total 199680K, used 59566K [0x0000000080000000, 0x0000000100000000)
  region size 1024K, 10 young (10240K), 10 survivors (10240K)
 Metaspace       used 59236K, capacity 60359K, committed 60544K, reserved 1101824K
  class space    used 7088K, capacity 7522K, committed 7552K, reserved 1048576K
}

Deoptimization events (20 events):
Event: 153.758 Thread 0x000001e91d4ac000 Uncommon trap: trap_request=0xffffff4d fr.pc=0x000001e907bb96f8 relative=0x0000000000000618
Event: 153.758 Thread 0x000001e91d4ac000 Uncommon trap: reason=unstable_if action=reinterpret pc=0x000001e907bb96f8 method=java.util.jar.Manifest$FastInputStream.readLine([BII)I @ 130 c2
Event: 153.758 Thread 0x000001e91d4ac000 DEOPT PACKING pc=0x000001e907bb96f8 sp=0x000000953d8fe360
Event: 153.759 Thread 0x000001e91d4ac000 DEOPT UNPACKING pc=0x000001e9000266a9 sp=0x000000953d8fe2f0 mode 2
Event: 153.786 Thread 0x000001e91d4ac000 Uncommon trap: trap_request=0xffffff4d fr.pc=0x000001e908078d74 relative=0x0000000000000cf4
Event: 153.786 Thread 0x000001e91d4ac000 Uncommon trap: reason=unstable_if action=reinterpret pc=0x000001e908078d74 method=org.gradle.internal.classpath.InstrumentingClasspathFileTransformer.lambda$visitEntries$1(Lorg/gradle/internal/classpath/ClasspathBuilder$EntryBuilder;Lorg/gradle/internal/c
Event: 153.786 Thread 0x000001e91d4ac000 DEOPT PACKING pc=0x000001e908078d74 sp=0x000000953d8fe6f0
Event: 153.786 Thread 0x000001e91d4ac000 DEOPT UNPACKING pc=0x000001e9000266a9 sp=0x000000953d8fe650 mode 2
Event: 154.750 Thread 0x000001e91efd6800 Uncommon trap: trap_request=0xffffff4d fr.pc=0x000001e9080e7a14 relative=0x0000000000005f94
Event: 154.750 Thread 0x000001e91efd6800 Uncommon trap: reason=unstable_if action=reinterpret pc=0x000001e9080e7a14 method=org.objectweb.asm.ClassReader.readCode(Lorg/objectweb/asm/MethodVisitor;Lorg/objectweb/asm/Context;I)V @ 1802 c2
Event: 154.750 Thread 0x000001e91efd6800 DEOPT PACKING pc=0x000001e9080e7a14 sp=0x000000953d0fdf40
Event: 154.750 Thread 0x000001e91efd6800 DEOPT UNPACKING pc=0x000001e9000266a9 sp=0x000000953d0fdeb8 mode 2
Event: 154.811 Thread 0x000001e91efd6800 Uncommon trap: trap_request=0xffffff4d fr.pc=0x000001e9081131c8 relative=0x00000000000008c8
Event: 154.811 Thread 0x000001e91efd6800 Uncommon trap: reason=unstable_if action=reinterpret pc=0x000001e9081131c8 method=org.objectweb.asm.MethodWriter.computeMethodInfoSize()I @ 279 c2
Event: 154.814 Thread 0x000001e91efd6800 DEOPT PACKING pc=0x000001e9081131c8 sp=0x000000953d0fe310
Event: 154.814 Thread 0x000001e91efd6800 DEOPT UNPACKING pc=0x000001e9000266a9 sp=0x000000953d0fe2b8 mode 2
Event: 154.814 Thread 0x000001e91efd6800 Uncommon trap: trap_request=0xffffff4d fr.pc=0x000001e9081020c8 relative=0x0000000000002f88
Event: 154.814 Thread 0x000001e91efd6800 Uncommon trap: reason=unstable_if action=reinterpret pc=0x000001e9081020c8 method=org.objectweb.asm.MethodWriter.putMethodInfo(Lorg/objectweb/asm/ByteVector;)V @ 424 c2
Event: 154.814 Thread 0x000001e91efd6800 DEOPT PACKING pc=0x000001e9081020c8 sp=0x000000953d0fe2d0
Event: 154.814 Thread 0x000001e91efd6800 DEOPT UNPACKING pc=0x000001e9000266a9 sp=0x000000953d0fe288 mode 2

Classes redefined (0 events):
No events

Internal exceptions (20 events):
Event: 151.501 Thread 0x000001e91efd9000 Exception <a 'sun/nio/fs/WindowsException'{0x00000000878aa7d8}> (0x00000000878aa7d8) thrown at [./src/hotspot/share/prims/jni.cpp, line 615]
Event: 151.646 Thread 0x000001e91efd6000 Exception <a 'sun/nio/fs/WindowsException'{0x00000000860a07d8}> (0x00000000860a07d8) thrown at [./src/hotspot/share/prims/jni.cpp, line 615]
Event: 151.759 Thread 0x000001e91efd6000 Exception <a 'sun/nio/fs/WindowsException'{0x000000008bfb6f88}> (0x000000008bfb6f88) thrown at [./src/hotspot/share/prims/jni.cpp, line 615]
Event: 152.038 Thread 0x000001e91efd7800 Exception <a 'sun/nio/fs/WindowsException'{0x000000008b314138}> (0x000000008b314138) thrown at [./src/hotspot/share/prims/jni.cpp, line 615]
Event: 152.857 Thread 0x000001e91efd3800 Exception <a 'sun/nio/fs/WindowsException'{0x000000008ad4f960}> (0x000000008ad4f960) thrown at [./src/hotspot/share/prims/jni.cpp, line 615]
Event: 153.197 Thread 0x000001e91efd3800 Exception <a 'sun/nio/fs/WindowsException'{0x000000008ad4fb20}> (0x000000008ad4fb20) thrown at [./src/hotspot/share/prims/jni.cpp, line 615]
Event: 153.199 Thread 0x000001e91efd7800 Exception <a 'sun/nio/fs/WindowsException'{0x000000008b314300}> (0x000000008b314300) thrown at [./src/hotspot/share/prims/jni.cpp, line 615]
Event: 153.633 Thread 0x000001e91efd4800 Exception <a 'sun/nio/fs/WindowsException'{0x0000000088969a08}> (0x0000000088969a08) thrown at [./src/hotspot/share/prims/jni.cpp, line 615]
Event: 153.749 Thread 0x000001e91efd5000 Exception <a 'sun/nio/fs/WindowsException'{0x0000000088f4a648}> (0x0000000088f4a648) thrown at [./src/hotspot/share/prims/jni.cpp, line 615]
Event: 153.942 Thread 0x000001e91efdb000 Exception <a 'sun/nio/fs/WindowsException'{0x000000008767ded0}> (0x000000008767ded0) thrown at [./src/hotspot/share/prims/jni.cpp, line 615]
Event: 153.997 Thread 0x000001e91efd5000 Exception <a 'sun/nio/fs/WindowsException'{0x0000000088f4a808}> (0x0000000088f4a808) thrown at [./src/hotspot/share/prims/jni.cpp, line 615]
Event: 153.997 Thread 0x000001e91efdb000 Exception <a 'sun/nio/fs/WindowsException'{0x000000008767e080}> (0x000000008767e080) thrown at [./src/hotspot/share/prims/jni.cpp, line 615]
Event: 154.229 Thread 0x000001e91efd4800 Exception <a 'sun/nio/fs/WindowsException'{0x0000000088969bc8}> (0x0000000088969bc8) thrown at [./src/hotspot/share/prims/jni.cpp, line 615]
Event: 154.543 Thread 0x000001e91d4ac000 Exception <a 'sun/nio/fs/WindowsException'{0x000000008b841518}> (0x000000008b841518) thrown at [./src/hotspot/share/prims/jni.cpp, line 615]
Event: 155.116 Thread 0x000001e91d4a7800 Exception <a 'sun/nio/fs/WindowsException'{0x000000008a463428}> (0x000000008a463428) thrown at [./src/hotspot/share/prims/jni.cpp, line 615]
Event: 155.117 Thread 0x000001e91d4ac000 Exception <a 'sun/nio/fs/WindowsException'{0x000000008b8416e8}> (0x000000008b8416e8) thrown at [./src/hotspot/share/prims/jni.cpp, line 615]
Event: 155.479 Thread 0x000001e91d4a7800 Exception <a 'sun/nio/fs/WindowsException'{0x000000008a4635d8}> (0x000000008a4635d8) thrown at [./src/hotspot/share/prims/jni.cpp, line 615]
Event: 155.480 Thread 0x000001e91d4a9000 Exception <a 'sun/nio/fs/WindowsException'{0x000000008b880f00}> (0x000000008b880f00) thrown at [./src/hotspot/share/prims/jni.cpp, line 615]
Event: 155.681 Thread 0x000001e91d4a9000 Exception <a 'sun/nio/fs/WindowsException'{0x000000008b8810b8}> (0x000000008b8810b8) thrown at [./src/hotspot/share/prims/jni.cpp, line 615]
Event: 156.672 Thread 0x000001e91d4aa800 Exception <a 'java/lang/OutOfMemoryError'{0x0000000086372278}> (0x0000000086372278) thrown at [./src/hotspot/share/prims/jni.cpp, line 636]

Events (20 events):
Event: 151.230 Thread 0x000001e91efd6800 Thread added: 0x000001e91efd6800
Event: 151.340 Thread 0x000001e91efd9000 Thread added: 0x000001e91efd9000
Event: 151.479 Thread 0x000001e91efd6000 Thread added: 0x000001e91efd6000
Event: 151.650 Thread 0x000001e91efd7800 Thread added: 0x000001e91efd7800
Event: 151.670 Executing VM operation: G1CollectForAllocation
Event: 151.670 Executing VM operation: G1CollectForAllocation done
Event: 151.670 Executing VM operation: G1CollectForAllocation
Event: 151.678 Executing VM operation: G1CollectForAllocation done
Event: 151.761 Thread 0x000001e91efd3800 Thread added: 0x000001e91efd3800
Event: 151.969 Thread 0x000001e91efd4800 Thread added: 0x000001e91efd4800
Event: 152.108 Thread 0x000001e91efdb000 Thread added: 0x000001e91efdb000
Event: 152.914 Thread 0x000001e91efd5000 Thread added: 0x000001e91efd5000
Event: 153.394 Thread 0x000001e91d4ac000 Thread added: 0x000001e91d4ac000
Event: 154.050 Thread 0x000001e91d4aa800 Thread added: 0x000001e91d4aa800
Event: 154.208 Thread 0x000001e91d4a7800 Thread added: 0x000001e91d4a7800
Event: 154.330 Executing VM operation: G1CollectForAllocation
Event: 154.348 Executing VM operation: G1CollectForAllocation done
Event: 154.350 Thread 0x000001e91d4a9000 Thread added: 0x000001e91d4a9000
Event: 156.672 loading class java/util/zip/DataFormatException
Event: 156.672 loading class java/util/zip/DataFormatException done


Dynamic libraries:
0x00007ff618170000 - 0x00007ff61817a000 	C:\Users\felip\OneDrive\Desktop\android-studio-ide-202.6987402-windows\android-studio\jre\bin\java.exe
0x00007ffb762b0000 - 0x00007ffb764a5000 	C:\Windows\SYSTEM32\ntdll.dll
0x00007ffb759b0000 - 0x00007ffb75a6d000 	C:\Windows\System32\KERNEL32.DLL
0x00007ffb73e10000 - 0x00007ffb740d9000 	C:\Windows\System32\KERNELBASE.dll
0x00007ffb73c60000 - 0x00007ffb73d60000 	C:\Windows\System32\ucrtbase.dll
0x00007ffb65150000 - 0x00007ffb65169000 	C:\Users\felip\OneDrive\Desktop\android-studio-ide-202.6987402-windows\android-studio\jre\bin\jli.dll
0x00007ffb74530000 - 0x00007ffb746d0000 	C:\Windows\System32\USER32.dll
0x00007ffb740e0000 - 0x00007ffb74102000 	C:\Windows\System32\win32u.dll
0x00007ffb74390000 - 0x00007ffb743ba000 	C:\Windows\System32\GDI32.dll
0x00007ffb73ac0000 - 0x00007ffb73bcb000 	C:\Windows\System32\gdi32full.dll
0x00007ffb73a20000 - 0x00007ffb73abd000 	C:\Windows\System32\msvcp_win.dll
0x00007ffb4ed90000 - 0x00007ffb4eda7000 	C:\Users\felip\OneDrive\Desktop\android-studio-ide-202.6987402-windows\android-studio\jre\bin\VCRUNTIME140.dll
0x00007ffb62750000 - 0x00007ffb629ea000 	C:\Windows\WinSxS\amd64_microsoft.windows.common-controls_6595b64144ccf1df_6.0.19041.1083_none_60bbe31371f34e71\COMCTL32.dll
0x00007ffb74b80000 - 0x00007ffb74c1e000 	C:\Windows\System32\msvcrt.dll
0x00007ffb74500000 - 0x00007ffb74530000 	C:\Windows\System32\IMM32.DLL
0x00007ffb4e050000 - 0x00007ffb4e0ed000 	C:\Users\felip\OneDrive\Desktop\android-studio-ide-202.6987402-windows\android-studio\jre\bin\msvcp140.dll
0x00007ffb3c010000 - 0x00007ffb3cacc000 	C:\Users\felip\OneDrive\Desktop\android-studio-ide-202.6987402-windows\android-studio\jre\bin\server\jvm.dll
0x00007ffb75020000 - 0x00007ffb750cc000 	C:\Windows\System32\ADVAPI32.dll
0x00007ffb74f80000 - 0x00007ffb7501b000 	C:\Windows\System32\sechost.dll
0x00007ffb743c0000 - 0x00007ffb744ea000 	C:\Windows\System32\RPCRT4.dll
0x00007ffb748b0000 - 0x00007ffb748b8000 	C:\Windows\System32\PSAPI.DLL
0x00007ffb6b290000 - 0x00007ffb6b299000 	C:\Windows\SYSTEM32\WSOCK32.dll
0x00007ffb74320000 - 0x00007ffb7438b000 	C:\Windows\System32\WS2_32.dll
0x00007ffb68f10000 - 0x00007ffb68f37000 	C:\Windows\SYSTEM32\WINMM.dll
0x00007ffb6e390000 - 0x00007ffb6e39a000 	C:\Windows\SYSTEM32\VERSION.dll
0x00007ffb71840000 - 0x00007ffb71852000 	C:\Windows\SYSTEM32\kernel.appcore.dll
0x00007ffb65f60000 - 0x00007ffb65f71000 	C:\Users\felip\OneDrive\Desktop\android-studio-ide-202.6987402-windows\android-studio\jre\bin\verify.dll
0x00007ffb6dff0000 - 0x00007ffb6e1d4000 	C:\Windows\SYSTEM32\DBGHELP.DLL
0x00007ffb6ddc0000 - 0x00007ffb6ddec000 	C:\Windows\SYSTEM32\dbgcore.DLL
0x00007ffb73bd0000 - 0x00007ffb73c53000 	C:\Windows\System32\bcryptPrimitives.dll
0x00007ffb65e60000 - 0x00007ffb65e89000 	C:\Users\felip\OneDrive\Desktop\android-studio-ide-202.6987402-windows\android-studio\jre\bin\java.dll
0x00007ffb65f50000 - 0x00007ffb65f5b000 	C:\Users\felip\OneDrive\Desktop\android-studio-ide-202.6987402-windows\android-studio\jre\bin\jimage.dll
0x00007ffb61bb0000 - 0x00007ffb61bc8000 	C:\Users\felip\OneDrive\Desktop\android-studio-ide-202.6987402-windows\android-studio\jre\bin\zip.dll
0x00007ffb75b30000 - 0x00007ffb7626f000 	C:\Windows\System32\SHELL32.dll
0x00007ffb71b20000 - 0x00007ffb722b1000 	C:\Windows\SYSTEM32\windows.storage.dll
0x00007ffb750d0000 - 0x00007ffb75425000 	C:\Windows\System32\combase.dll
0x00007ffb73390000 - 0x00007ffb733bc000 	C:\Windows\SYSTEM32\Wldp.dll
0x00007ffb749f0000 - 0x00007ffb74a9e000 	C:\Windows\System32\SHCORE.dll
0x00007ffb75ad0000 - 0x00007ffb75b25000 	C:\Windows\System32\shlwapi.dll
0x00007ffb73930000 - 0x00007ffb7394f000 	C:\Windows\SYSTEM32\profapi.dll
0x00007ffb54750000 - 0x00007ffb5476a000 	C:\Users\felip\OneDrive\Desktop\android-studio-ide-202.6987402-windows\android-studio\jre\bin\net.dll
0x00007ffb6bc30000 - 0x00007ffb6bd3a000 	C:\Windows\SYSTEM32\WINHTTP.dll
0x00007ffb730f0000 - 0x00007ffb7315a000 	C:\Windows\system32\mswsock.dll
0x00007ffb52b90000 - 0x00007ffb52ba4000 	C:\Users\felip\OneDrive\Desktop\android-studio-ide-202.6987402-windows\android-studio\jre\bin\nio.dll
0x00007ffb60390000 - 0x00007ffb603b7000 	C:\Users\felip\Downloads\gradle-7.1\native\fdc75f09e3144964f2cf3f50f0aa648679c211496f362492102eb8c894070792\windows-amd64\native-platform.dll
0x00007ffb4ddc0000 - 0x00007ffb4df56000 	C:\Users\felip\Downloads\gradle-7.1\native\12488b8bf47d2d4c9fbf2f6322a914ad602e24e48041cd04a747c6da556b65c4\windows-amd64\native-platform-file-events.dll
0x00007ffb65f40000 - 0x00007ffb65f4a000 	C:\Users\felip\OneDrive\Desktop\android-studio-ide-202.6987402-windows\android-studio\jre\bin\management.dll
0x00007ffb65e50000 - 0x00007ffb65e5c000 	C:\Users\felip\OneDrive\Desktop\android-studio-ide-202.6987402-windows\android-studio\jre\bin\management_ext.dll
0x00007ffb732e0000 - 0x00007ffb732f8000 	C:\Windows\SYSTEM32\CRYPTSP.dll
0x00007ffb72a90000 - 0x00007ffb72ac4000 	C:\Windows\system32\rsaenh.dll
0x00007ffb739f0000 - 0x00007ffb73a17000 	C:\Windows\System32\bcrypt.dll
0x00007ffb738f0000 - 0x00007ffb7391e000 	C:\Windows\SYSTEM32\USERENV.dll
0x00007ffb732d0000 - 0x00007ffb732dc000 	C:\Windows\SYSTEM32\CRYPTBASE.dll
0x00007ffb72de0000 - 0x00007ffb72e1b000 	C:\Windows\SYSTEM32\IPHLPAPI.DLL
0x00007ffb744f0000 - 0x00007ffb744f8000 	C:\Windows\System32\NSI.dll
0x00007ffb6dfb0000 - 0x00007ffb6dfc7000 	C:\Windows\SYSTEM32\dhcpcsvc6.DLL
0x00007ffb6e2f0000 - 0x00007ffb6e30d000 	C:\Windows\SYSTEM32\dhcpcsvc.DLL
0x00007ffb72e20000 - 0x00007ffb72eec000 	C:\Windows\SYSTEM32\DNSAPI.dll
0x00007ffb6e3a0000 - 0x00007ffb6e3ab000 	C:\Windows\SYSTEM32\WINNSI.DLL
0x00007ffb50bf0000 - 0x00007ffb50c17000 	C:\Users\felip\OneDrive\Desktop\android-studio-ide-202.6987402-windows\android-studio\jre\bin\sunec.dll
0x00007ffb6b250000 - 0x00007ffb6b25a000 	C:\Windows\System32\rasadhlp.dll
0x00007ffb6cd80000 - 0x00007ffb6cdff000 	C:\Windows\System32\fwpuclnt.dll

dbghelp: loaded successfully - version: 4.0.5 - missing functions: none
symbol engine: initialized successfully - sym options: 0x614 - pdb path: .;C:\Users\felip\OneDrive\Desktop\android-studio-ide-202.6987402-windows\android-studio\jre\bin;C:\Windows\SYSTEM32;C:\Windows\WinSxS\amd64_microsoft.windows.common-controls_6595b64144ccf1df_6.0.19041.1083_none_60bbe31371f34e71;C:\Users\felip\OneDrive\Desktop\android-studio-ide-202.6987402-windows\android-studio\jre\bin\server;C:\Users\felip\Downloads\gradle-7.1\native\fdc75f09e3144964f2cf3f50f0aa648679c211496f362492102eb8c894070792\windows-amd64;C:\Users\felip\Downloads\gradle-7.1\native\12488b8bf47d2d4c9fbf2f6322a914ad602e24e48041cd04a747c6da556b65c4\windows-amd64

VM Arguments:
jvm_args: --add-opens=java.base/java.util=ALL-UNNAMED --add-opens=java.base/java.lang=ALL-UNNAMED --add-opens=java.base/java.lang.invoke=ALL-UNNAMED --add-opens=java.prefs/java.util.prefs=ALL-UNNAMED -Xmx2048m -Dfile.encoding=windows-1252 -Duser.country=US -Duser.language=en -Duser.variant 
java_command: org.gradle.launcher.daemon.bootstrap.GradleDaemon 6.7.1
java_class_path (initial): C:\Users\felip\Downloads\gradle-7.1\wrapper\dists\gradle-6.7.1-bin\bwlcbys1h7rz3272sye1xwiv6\gradle-6.7.1\lib\gradle-launcher-6.7.1.jar
Launcher Type: SUN_STANDARD

[Global flags]
     intx CICompilerCount                          = 2                                         {product} {ergonomic}
     uint ConcGCThreads                            = 1                                         {product} {ergonomic}
     uint G1ConcRefinementThreads                  = 2                                         {product} {ergonomic}
   size_t G1HeapRegionSize                         = 1048576                                   {product} {ergonomic}
    uintx GCDrainStackTargetSize                   = 64                                        {product} {ergonomic}
   size_t InitialHeapSize                          = 67108864                                  {product} {ergonomic}
   size_t MarkStackSize                            = 4194304                                   {product} {ergonomic}
   size_t MaxHeapSize                              = 2147483648                                {product} {command line}
   size_t MaxNewSize                               = 1287651328                                {product} {ergonomic}
   size_t MinHeapDeltaBytes                        = 1048576                                   {product} {ergonomic}
    uintx NonNMethodCodeHeapSize                   = 5825164                                {pd product} {ergonomic}
    uintx NonProfiledCodeHeapSize                  = 122916538                              {pd product} {ergonomic}
    uintx ProfiledCodeHeapSize                     = 122916538                              {pd product} {ergonomic}
    uintx ReservedCodeCacheSize                    = 251658240                              {pd product} {ergonomic}
     bool SegmentedCodeCache                       = true                                      {product} {ergonomic}
     bool UseCompressedClassPointers               = true                                 {lp64_product} {ergonomic}
     bool UseCompressedOops                        = true                                 {lp64_product} {ergonomic}
     bool UseG1GC                                  = true                                      {product} {ergonomic}
     bool UseLargePagesIndividualAllocation        = false                                  {pd product} {ergonomic}

Logging:
Log output configuration:
 #0: stdout all=warning uptime,level,tags
 #1: stderr all=off uptime,level,tags

Environment Variables:
PATH=C:\Program Files\Common Files\Oracle\Java\javapath;C:\Program Files (x86)\Common Files\Oracle\Java\javapath;C:\Windows\system32;C:\Windows;C:\Windows\System32\Wbem;C:\Windows\System32\WindowsPowerShell\v1.0\;C:\Windows\System32\OpenSSH\;C:\ProgramData\chocolatey\bin;C:\Program Files (x86)\Yarn\bin\;C:\Program Files\nodejs\;C:\Program Files\Git\cmd;C:\Users\felip\AppData\Local\Microsoft\WindowsApps;C:\Users\felip\AppData\Local\Programs\Microsoft VS Code\bin;C:\Users\felip\AppData\Local\Yarn\bin;C:\Users\felip\AppData\Local\GitHubDesktop\bin;C:\Users\felip\AppData\Roaming\npm
USERNAME=felip
OS=Windows_NT
PROCESSOR_IDENTIFIER=Intel64 Family 6 Model 23 Stepping 10, GenuineIntel



---------------  S Y S T E M  ---------------

OS: Windows 10 , 64 bit Build 19041 (10.0.19041.1023)
OS uptime: 2 days 19:20 hours

CPU:total 2 (initial active 2) (2 cores per cpu, 1 threads per core) family 6 model 23 stepping 10, cmov, cx8, fxsr, mmx, sse, sse2, sse3, ssse3, tsc

Memory: 4k page, system-wide physical 4061M (78M free)
TotalPageFile size 4061M (AvailPageFile size 35M)
current process WorkingSet (physical memory assigned to process): 356M, peak: 374M
current process commit charge ("private bytes"): 510M, peak: 541M

vm_info: OpenJDK 64-Bit Server VM (11.0.8+10-b944.6842174) for windows-amd64 JRE (11.0.8+10-b944.6842174), built on Sep 19 2020 01:11:42 by "builder" with MS VC++ 14.0 (VS2015)

END.
