#
# There is insufficient memory for the Java Runtime Environment to continue.
# Native memory allocation (malloc) failed to allocate 958736 bytes for Chunk::new
# Possible reasons:
#   The system is out of physical RAM or swap space
#   The process is running with CompressedOops enabled, and the Java Heap may be blocking the growth of the native heap
# Possible solutions:
#   Reduce memory load on the system
#   Increase physical memory or swap space
#   Check if swap backing store is full
#   Decrease Java heap size (-Xmx/-Xms)
#   Decrease number of Java threads
#   Decrease Java thread stack sizes (-Xss)
#   Set larger code cache with -XX:ReservedCodeCacheSize=
#   JVM is running with Unscaled Compressed Oops mode in which the Java heap is
#     placed in the first 4GB address space. The Java Heap base address is the
#     maximum limit for the native heap growth. Please use -XX:HeapBaseMinAddress
#     to set the Java Heap base and to place the Java Heap above 4GB virtual address.
# This output file may be truncated or incomplete.
#
#  Out of Memory Error (./src/hotspot/share/memory/arena.cpp:197), pid=8996, tid=64
#
# JRE version: OpenJDK Runtime Environment (11.0.8+10) (build 11.0.8+10-b944.6842174)
# Java VM: OpenJDK 64-Bit Server VM (11.0.8+10-b944.6842174, mixed mode, tiered, compressed oops, g1 gc, windows-amd64)
# No core dump will be written. Minidumps are not enabled by default on client versions of Windows
#

---------------  S U M M A R Y ------------

Command Line: --add-opens=java.base/java.util=ALL-UNNAMED --add-opens=java.base/java.lang=ALL-UNNAMED --add-opens=java.base/java.lang.invoke=ALL-UNNAMED --add-opens=java.base/java.util=ALL-UNNAMED --add-opens=java.prefs/java.util.prefs=ALL-UNNAMED --add-opens=java.prefs/java.util.prefs=ALL-UNNAMED --add-opens=java.base/java.nio.charset=ALL-UNNAMED --add-opens=java.base/java.net=ALL-UNNAMED --add-opens=java.base/java.util.concurrent.atomic=ALL-UNNAMED -Xmx2048m -Dfile.encoding=windows-1252 -Duser.country=US -Duser.language=en -Duser.variant org.gradle.launcher.daemon.bootstrap.GradleDaemon 7.1

Host: Celeron(R) Dual-Core CPU       T3500  @ 2.10GHz, 2 cores, 3G,  Windows 10 , 64 bit Build 19041 (10.0.19041.1023)
Time: Tue Jul 13 09:27:32 2021 E. South America Standard Time elapsed time: 1206 seconds (0d 0h 20m 6s)

---------------  T H R E A D  ---------------

Current thread (0x000002116fc95000):  JavaThread "C2 CompilerThread0" daemon [_thread_in_native, id=64, stack(0x00000035caf00000,0x00000035cb000000)]


Current CompileTask:
C2:1206073 18580       4       org.gradle.internal.snapshot.AbstractIncompleteFileSystemNode::getNode (10 bytes)

Stack: [0x00000035caf00000,0x00000035cb000000]
Native frames: (J=compiled Java code, j=interpreted, Vv=VM code, C=native code)
V  [jvm.dll+0x5de50a]
V  [jvm.dll+0x7122f5]
V  [jvm.dll+0x71384d]
V  [jvm.dll+0x713f03]
V  [jvm.dll+0x23e728]
V  [jvm.dll+0xb899c]
V  [jvm.dll+0xb8e9c]
V  [jvm.dll+0x2b20e4]
V  [jvm.dll+0x502098]
V  [jvm.dll+0x1ff393]
V  [jvm.dll+0x1f917c]
V  [jvm.dll+0x1f685f]
V  [jvm.dll+0x17f32c]
V  [jvm.dll+0x205047]
V  [jvm.dll+0x203891]
V  [jvm.dll+0x6dad3f]
V  [jvm.dll+0x6d3895]
V  [jvm.dll+0x5dd4a6]
C  [ucrtbase.dll+0x21bb2]
C  [KERNEL32.DLL+0x17034]
C  [ntdll.dll+0x52651]


---------------  P R O C E S S  ---------------

Threads class SMR info:
_java_thread_list=0x00000211773cea20, length=60, elements={
0x00000211546e7000, 0x000002116fc36000, 0x000002116fc3f800, 0x000002116fc91000,
0x000002116fc93000, 0x000002116fc95000, 0x000002116fc9e000, 0x000002116fcbe000,
0x0000021170704800, 0x0000021170732000, 0x0000021171a84000, 0x0000021171f83800,
0x0000021171a97000, 0x0000021171354800, 0x0000021171359800, 0x0000021171355800,
0x0000021171356000, 0x0000021171357000, 0x0000021171353800, 0x000002117135a000,
0x00000211729bd000, 0x00000211729be800, 0x0000021172a76800, 0x0000021172a71800,
0x0000021172a75000, 0x0000021172a72800, 0x0000021172a6f800, 0x0000021172a70000,
0x0000021172a71000, 0x0000021172a73800, 0x0000021172a79000, 0x0000021172a7d000,
0x0000021172a7e000, 0x0000021172a78000, 0x0000021172a7a000, 0x0000021172a7b800,
0x0000021172a7c800, 0x00000211729bf800, 0x00000211729bb000, 0x00000211729bc000,
0x00000211729b9800, 0x00000211729bd800, 0x00000211729c0000, 0x00000211729ba800,
0x00000211729c3800, 0x00000211729c5000, 0x00000211729c4000, 0x00000211729c6000,
0x00000211729c1000, 0x00000211729c6800, 0x00000211729c7800, 0x00000211729c1800,
0x00000211729c2800, 0x0000021171358000, 0x0000021171358800, 0x0000021174ee0800,
0x0000021174ee1800, 0x0000021174ee2000, 0x0000021174ee3000, 0x0000021174edd800
}

Java Threads: ( => current thread )
  0x00000211546e7000 JavaThread "main" [_thread_blocked, id=7836, stack(0x00000035ca400000,0x00000035ca500000)]
  0x000002116fc36000 JavaThread "Reference Handler" daemon [_thread_blocked, id=8732, stack(0x00000035cab00000,0x00000035cac00000)]
  0x000002116fc3f800 JavaThread "Finalizer" daemon [_thread_blocked, id=6672, stack(0x00000035cac00000,0x00000035cad00000)]
  0x000002116fc91000 JavaThread "Signal Dispatcher" daemon [_thread_blocked, id=1348, stack(0x00000035cad00000,0x00000035cae00000)]
  0x000002116fc93000 JavaThread "Attach Listener" daemon [_thread_blocked, id=7568, stack(0x00000035cae00000,0x00000035caf00000)]
=>0x000002116fc95000 JavaThread "C2 CompilerThread0" daemon [_thread_in_native, id=64, stack(0x00000035caf00000,0x00000035cb000000)]
  0x000002116fc9e000 JavaThread "C1 CompilerThread0" daemon [_thread_blocked, id=8784, stack(0x00000035cb000000,0x00000035cb100000)]
  0x000002116fcbe000 JavaThread "Sweeper thread" daemon [_thread_blocked, id=5644, stack(0x00000035cb100000,0x00000035cb200000)]
  0x0000021170704800 JavaThread "Common-Cleaner" daemon [_thread_blocked, id=1772, stack(0x00000035cb200000,0x00000035cb300000)]
  0x0000021170732000 JavaThread "Service Thread" daemon [_thread_blocked, id=6932, stack(0x00000035cb300000,0x00000035cb400000)]
  0x0000021171a84000 JavaThread "Daemon health stats" [_thread_blocked, id=5372, stack(0x00000035cb600000,0x00000035cb700000)]
  0x0000021171f83800 JavaThread "Incoming local TCP Connector on port 6360" [_thread_in_native, id=8640, stack(0x00000035cb700000,0x00000035cb800000)]
  0x0000021171a97000 JavaThread "Daemon periodic checks" [_thread_blocked, id=2848, stack(0x00000035cb800000,0x00000035cb900000)]
  0x0000021171354800 JavaThread "Cache worker for journal cache (C:\Users\felip\.gradle\caches\journal-1)" [_thread_blocked, id=8804, stack(0x00000035cc000000,0x00000035cc100000)]
  0x0000021171359800 JavaThread "File lock request listener" [_thread_in_native, id=8312, stack(0x00000035cc100000,0x00000035cc200000)]
  0x0000021171355800 JavaThread "Cache worker for file hash cache (C:\Users\felip\.gradle\caches\7.1\fileHashes)" [_thread_blocked, id=8028, stack(0x00000035cc200000,0x00000035cc300000)]
  0x0000021171356000 JavaThread "File watcher server" daemon [_thread_in_native, id=2368, stack(0x00000035cc400000,0x00000035cc500000)]
  0x0000021171357000 JavaThread "File watcher consumer" daemon [_thread_blocked, id=6052, stack(0x00000035cc500000,0x00000035cc600000)]
  0x0000021171353800 JavaThread "jar transforms" [_thread_blocked, id=2412, stack(0x00000035cc600000,0x00000035cc700000)]
  0x000002117135a000 JavaThread "jar transforms Thread 2" [_thread_blocked, id=3352, stack(0x00000035cc700000,0x00000035cc800000)]
  0x00000211729bd000 JavaThread "Cache worker for execution history cache (C:\Users\felip\.gradle\caches\7.1\executionHistory)" [_thread_blocked, id=7576, stack(0x00000035ccb00000,0x00000035ccc00000)]
  0x00000211729be800 JavaThread "Cache worker for file content cache (C:\Users\felip\.gradle\caches\7.1\fileContent)" [_thread_blocked, id=1040, stack(0x00000035ccc00000,0x00000035ccd00000)]
  0x0000021172a76800 JavaThread "Memory manager" [_thread_blocked, id=7736, stack(0x00000035ca100000,0x00000035ca200000)]
  0x0000021172a71800 JavaThread "Daemon Thread 2" [_thread_blocked, id=5680, stack(0x00000035ca200000,0x00000035ca300000)]
  0x0000021172a75000 JavaThread "Handler for socket connection from /127.0.0.1:6360 to /127.0.0.1:14303" [_thread_in_native, id=9208, stack(0x00000035ca300000,0x00000035ca400000)]
  0x0000021172a72800 JavaThread "Cancel handler" [_thread_blocked, id=3820, stack(0x00000035cb900000,0x00000035cba00000)]
  0x0000021172a6f800 JavaThread "Daemon worker Thread 2" [_thread_blocked, id=5756, stack(0x00000035cba00000,0x00000035cbb00000)]
  0x0000021172a70000 JavaThread "Asynchronous log dispatcher for DefaultDaemonConnection: socket connection from /127.0.0.1:6360 to /127.0.0.1:14303" [_thread_blocked, id=1056, stack(0x00000035cbb00000,0x00000035cbc00000)]
  0x0000021172a71000 JavaThread "Stdin handler" [_thread_blocked, id=3648, stack(0x00000035cbc00000,0x00000035cbd00000)]
  0x0000021172a73800 JavaThread "Daemon client event forwarder" [_thread_blocked, id=5516, stack(0x00000035cbd00000,0x00000035cbe00000)]
  0x0000021172a79000 JavaThread "Cache worker for file hash cache (C:\Users\felip\AndroidStudioProjects\TheMovieApp\.gradle\7.1\fileHashes)" [_thread_blocked, id=6776, stack(0x00000035cbe00000,0x00000035cbf00000)]
  0x0000021172a7d000 JavaThread "Cache worker for checksums cache (C:\Users\felip\AndroidStudioProjects\TheMovieApp\.gradle\checksums)" [_thread_blocked, id=5068, stack(0x00000035cbf00000,0x00000035cc000000)]
  0x0000021172a7e000 JavaThread "Cache worker for cache directory md-supplier (C:\Users\felip\.gradle\caches\7.1\md-supplier)" [_thread_blocked, id=7276, stack(0x00000035cc300000,0x00000035cc400000)]
  0x0000021172a78000 JavaThread "Cache worker for cache directory md-rule (C:\Users\felip\.gradle\caches\7.1\md-rule)" [_thread_blocked, id=2780, stack(0x00000035cc800000,0x00000035cc900000)]
  0x0000021172a7a000 JavaThread "Cache worker for dependencies-accessors (C:\Users\felip\AndroidStudioProjects\TheMovieApp\.gradle\7.1\dependencies-accessors)" [_thread_blocked, id=2956, stack(0x00000035cc900000,0x00000035cca00000)]
  0x0000021172a7b800 JavaThread "Cache worker for Build Output Cleanup Cache (C:\Users\felip\AndroidStudioProjects\TheMovieApp\.gradle\buildOutputCleanup)" [_thread_blocked, id=484, stack(0x00000035cca00000,0x00000035ccb00000)]
  0x0000021172a7c800 JavaThread "Unconstrained build operations" [_thread_in_native, id=8496, stack(0x00000035ccd00000,0x00000035cce00000)]
  0x00000211729bf800 JavaThread "Unconstrained build operations Thread 2" [_thread_blocked, id=4764, stack(0x00000035cce00000,0x00000035ccf00000)]
  0x00000211729bb000 JavaThread "Unconstrained build operations Thread 3" [_thread_blocked, id=8352, stack(0x00000035ccf00000,0x00000035cd000000)]
  0x00000211729bc000 JavaThread "Unconstrained build operations Thread 4" [_thread_blocked, id=8256, stack(0x00000035cd000000,0x00000035cd100000)]
  0x00000211729b9800 JavaThread "Unconstrained build operations Thread 5" [_thread_blocked, id=5844, stack(0x00000035cd100000,0x00000035cd200000)]
  0x00000211729bd800 JavaThread "Unconstrained build operations Thread 6" [_thread_blocked, id=5376, stack(0x00000035cd200000,0x00000035cd300000)]
  0x00000211729c0000 JavaThread "Unconstrained build operations Thread 7" [_thread_blocked, id=5852, stack(0x00000035cd300000,0x00000035cd400000)]
  0x00000211729ba800 JavaThread "Unconstrained build operations Thread 8" [_thread_blocked, id=1096, stack(0x00000035cd400000,0x00000035cd500000)]
  0x00000211729c3800 JavaThread "Unconstrained build operations Thread 9" [_thread_blocked, id=6384, stack(0x00000035cd500000,0x00000035cd600000)]
  0x00000211729c5000 JavaThread "Unconstrained build operations Thread 10" [_thread_blocked, id=8560, stack(0x00000035cd600000,0x00000035cd700000)]
  0x00000211729c4000 JavaThread "Unconstrained build operations Thread 11" [_thread_blocked, id=7768, stack(0x00000035cd700000,0x00000035cd800000)]
  0x00000211729c6000 JavaThread "Unconstrained build operations Thread 12" [_thread_blocked, id=5400, stack(0x00000035cd800000,0x00000035cd900000)]
  0x00000211729c1000 JavaThread "Unconstrained build operations Thread 13" [_thread_blocked, id=7360, stack(0x00000035cd900000,0x00000035cda00000)]
  0x00000211729c6800 JavaThread "Unconstrained build operations Thread 14" [_thread_blocked, id=7648, stack(0x00000035cda00000,0x00000035cdb00000)]
  0x00000211729c7800 JavaThread "Unconstrained build operations Thread 15" [_thread_blocked, id=3356, stack(0x00000035cdb00000,0x00000035cdc00000)]
  0x00000211729c1800 JavaThread "Unconstrained build operations Thread 16" [_thread_blocked, id=5300, stack(0x00000035cdc00000,0x00000035cdd00000)]
  0x00000211729c2800 JavaThread "Unconstrained build operations Thread 17" [_thread_blocked, id=6844, stack(0x00000035cdd00000,0x00000035cde00000)]
  0x0000021171358000 JavaThread "Unconstrained build operations Thread 18" [_thread_blocked, id=1528, stack(0x00000035cde00000,0x00000035cdf00000)]
  0x0000021171358800 JavaThread "Unconstrained build operations Thread 19" [_thread_blocked, id=3812, stack(0x00000035cdf00000,0x00000035ce000000)]
  0x0000021174ee0800 JavaThread "Unconstrained build operations Thread 20" [_thread_in_native, id=5660, stack(0x00000035ce000000,0x00000035ce100000)]
  0x0000021174ee1800 JavaThread "build event listener" [_thread_blocked, id=7500, stack(0x00000035ce100000,0x00000035ce200000)]
  0x0000021174ee2000 JavaThread "build event listener" [_thread_blocked, id=460, stack(0x00000035ce200000,0x00000035ce300000)]
  0x0000021174ee3000 JavaThread "Execution worker for ':'" [_thread_blocked, id=7044, stack(0x00000035ce300000,0x00000035ce400000)]
  0x0000021174edd800 JavaThread "Cache worker for execution history cache (C:\Users\felip\AndroidStudioProjects\TheMovieApp\.gradle\7.1\executionHistory)" [_thread_blocked, id=456, stack(0x00000035ce400000,0x00000035ce500000)]

Other Threads:
  0x000002116fc2f000 VMThread "VM Thread" [stack: 0x00000035caa00000,0x00000035cab00000] [id=8416]
  0x0000021170712800 WatcherThread [stack: 0x00000035cb400000,0x00000035cb500000] [id=1908]
  0x0000021154700000 GCTaskThread "GC Thread#0" [stack: 0x00000035ca500000,0x00000035ca600000] [id=3076]
  0x000002117085d800 GCTaskThread "GC Thread#1" [stack: 0x00000035cb500000,0x00000035cb600000] [id=8628]
  0x0000021154732800 ConcurrentGCThread "G1 Main Marker" [stack: 0x00000035ca600000,0x00000035ca700000] [id=6128]
  0x0000021154734000 ConcurrentGCThread "G1 Conc#0" [stack: 0x00000035ca700000,0x00000035ca800000] [id=7428]
  0x0000021154789000 ConcurrentGCThread "G1 Refine#0" [stack: 0x00000035ca800000,0x00000035ca900000] [id=5712]
  0x000002115478a000 ConcurrentGCThread "G1 Young RemSet Sampling" [stack: 0x00000035ca900000,0x00000035caa00000] [id=3028]

Threads with active compile tasks:
C2 CompilerThread01207725 18580       4       org.gradle.internal.snapshot.AbstractIncompleteFileSystemNode::getNode (10 bytes)

VM state:not at safepoint (normal execution)

VM Mutex/Monitor currently owned by a thread: None

Heap address: 0x0000000080000000, size: 2048 MB, Compressed Oops mode: 32-bit
Narrow klass base: 0x0000000000000000, Narrow klass shift: 3
Compressed class space size: 1073741824 Address: 0x0000000100000000

Heap:
 garbage-first heap   total 287744K, used 158455K [0x0000000080000000, 0x0000000100000000)
  region size 1024K, 33 young (33792K), 12 survivors (12288K)
 Metaspace       used 124997K, capacity 128447K, committed 128712K, reserved 1161216K
  class space    used 15439K, capacity 16696K, committed 16768K, reserved 1048576K
Heap Regions: E=young(eden), S=young(survivor), O=old, HS=humongous(starts), HC=humongous(continues), CS=collection set, F=free, A=archive, TAMS=top-at-mark-start (previous, next)
|   0|0x0000000080000000, 0x0000000080100000, 0x0000000080100000|100%| O|  |TAMS 0x0000000080100000, 0x0000000080000000| Untracked 
|   1|0x0000000080100000, 0x0000000080200000, 0x0000000080200000|100%| O|  |TAMS 0x0000000080200000, 0x0000000080100000| Untracked 
|   2|0x0000000080200000, 0x0000000080300000, 0x0000000080300000|100%| O|  |TAMS 0x0000000080300000, 0x0000000080200000| Untracked 
|   3|0x0000000080300000, 0x0000000080400000, 0x0000000080400000|100%| O|  |TAMS 0x0000000080400000, 0x0000000080300000| Untracked 
|   4|0x0000000080400000, 0x0000000080500000, 0x0000000080500000|100%|HS|  |TAMS 0x0000000080500000, 0x0000000080400000| Complete 
|   5|0x0000000080500000, 0x0000000080600000, 0x0000000080600000|100%|HC|  |TAMS 0x0000000080600000, 0x0000000080500000| Complete 
|   6|0x0000000080600000, 0x0000000080700000, 0x0000000080700000|100%|HC|  |TAMS 0x0000000080700000, 0x0000000080600000| Complete 
|   7|0x0000000080700000, 0x0000000080800000, 0x0000000080800000|100%| O|  |TAMS 0x0000000080800000, 0x0000000080700000| Untracked 
|   8|0x0000000080800000, 0x0000000080900000, 0x0000000080900000|100%| O|  |TAMS 0x0000000080900000, 0x0000000080800000| Untracked 
|   9|0x0000000080900000, 0x0000000080a00000, 0x0000000080a00000|100%| O|  |TAMS 0x0000000080a00000, 0x0000000080900000| Untracked 
|  10|0x0000000080a00000, 0x0000000080b00000, 0x0000000080b00000|100%| O|  |TAMS 0x0000000080b00000, 0x0000000080a00000| Untracked 
|  11|0x0000000080b00000, 0x0000000080c00000, 0x0000000080c00000|100%| O|  |TAMS 0x0000000080c00000, 0x0000000080b00000| Untracked 
|  12|0x0000000080c00000, 0x0000000080d00000, 0x0000000080d00000|100%| O|  |TAMS 0x0000000080d00000, 0x0000000080c00000| Untracked 
|  13|0x0000000080d00000, 0x0000000080e00000, 0x0000000080e00000|100%| O|  |TAMS 0x0000000080e00000, 0x0000000080d00000| Untracked 
|  14|0x0000000080e00000, 0x0000000080f00000, 0x0000000080f00000|100%| O|  |TAMS 0x0000000080f00000, 0x0000000080e00000| Untracked 
|  15|0x0000000080f00000, 0x0000000081000000, 0x0000000081000000|100%| O|  |TAMS 0x0000000081000000, 0x0000000080f00000| Untracked 
|  16|0x0000000081000000, 0x0000000081100000, 0x0000000081100000|100%|HS|  |TAMS 0x0000000081100000, 0x0000000081000000| Complete 
|  17|0x0000000081100000, 0x0000000081200000, 0x0000000081200000|100%|HC|  |TAMS 0x0000000081200000, 0x0000000081100000| Complete 
|  18|0x0000000081200000, 0x0000000081300000, 0x0000000081300000|100%|HS|  |TAMS 0x0000000081300000, 0x0000000081200000| Complete 
|  19|0x0000000081300000, 0x0000000081400000, 0x0000000081400000|100%|HC|  |TAMS 0x0000000081400000, 0x0000000081300000| Complete 
|  20|0x0000000081400000, 0x0000000081500000, 0x0000000081500000|100%|HC|  |TAMS 0x0000000081500000, 0x0000000081400000| Complete 
|  21|0x0000000081500000, 0x0000000081600000, 0x0000000081600000|100%|HS|  |TAMS 0x0000000081600000, 0x0000000081500000| Complete 
|  22|0x0000000081600000, 0x0000000081700000, 0x0000000081700000|100%|HC|  |TAMS 0x0000000081700000, 0x0000000081600000| Complete 
|  23|0x0000000081700000, 0x0000000081800000, 0x0000000081800000|100%|HC|  |TAMS 0x0000000081800000, 0x0000000081700000| Complete 
|  24|0x0000000081800000, 0x0000000081900000, 0x0000000081900000|100%|HC|  |TAMS 0x0000000081900000, 0x0000000081800000| Complete 
|  25|0x0000000081900000, 0x0000000081a00000, 0x0000000081a00000|100%| O|  |TAMS 0x0000000081a00000, 0x0000000081900000| Untracked 
|  26|0x0000000081a00000, 0x0000000081b00000, 0x0000000081b00000|100%| O|  |TAMS 0x0000000081b00000, 0x0000000081a00000| Untracked 
|  27|0x0000000081b00000, 0x0000000081c00000, 0x0000000081c00000|100%| O|  |TAMS 0x0000000081c00000, 0x0000000081b00000| Untracked 
|  28|0x0000000081c00000, 0x0000000081d00000, 0x0000000081d00000|100%| O|  |TAMS 0x0000000081d00000, 0x0000000081c00000| Untracked 
|  29|0x0000000081d00000, 0x0000000081e00000, 0x0000000081e00000|100%| O|  |TAMS 0x0000000081e00000, 0x0000000081d00000| Untracked 
|  30|0x0000000081e00000, 0x0000000081f00000, 0x0000000081f00000|100%| O|  |TAMS 0x0000000081f00000, 0x0000000081e00000| Untracked 
|  31|0x0000000081f00000, 0x0000000082000000, 0x0000000082000000|100%| O|  |TAMS 0x0000000082000000, 0x0000000081f00000| Untracked 
|  32|0x0000000082000000, 0x0000000082100000, 0x0000000082100000|100%| O|  |TAMS 0x0000000082100000, 0x0000000082000000| Untracked 
|  33|0x0000000082100000, 0x0000000082200000, 0x0000000082200000|100%| O|  |TAMS 0x0000000082200000, 0x0000000082100000| Untracked 
|  34|0x0000000082200000, 0x0000000082300000, 0x0000000082300000|100%| O|  |TAMS 0x0000000082300000, 0x0000000082200000| Untracked 
|  35|0x0000000082300000, 0x0000000082400000, 0x0000000082400000|100%| O|  |TAMS 0x0000000082400000, 0x0000000082300000| Untracked 
|  36|0x0000000082400000, 0x0000000082500000, 0x0000000082500000|100%| O|  |TAMS 0x0000000082500000, 0x0000000082400000| Untracked 
|  37|0x0000000082500000, 0x0000000082600000, 0x0000000082600000|100%|HS|  |TAMS 0x0000000082600000, 0x0000000082500000| Complete 
|  38|0x0000000082600000, 0x0000000082700000, 0x0000000082700000|100%|HC|  |TAMS 0x0000000082700000, 0x0000000082600000| Complete 
|  39|0x0000000082700000, 0x0000000082800000, 0x0000000082800000|100%|HC|  |TAMS 0x0000000082800000, 0x0000000082700000| Complete 
|  40|0x0000000082800000, 0x0000000082900000, 0x0000000082900000|100%|HC|  |TAMS 0x0000000082900000, 0x0000000082800000| Complete 
|  41|0x0000000082900000, 0x0000000082a00000, 0x0000000082a00000|100%|HS|  |TAMS 0x0000000082a00000, 0x0000000082900000| Complete 
|  42|0x0000000082a00000, 0x0000000082b00000, 0x0000000082b00000|100%|HC|  |TAMS 0x0000000082b00000, 0x0000000082a00000| Complete 
|  43|0x0000000082b00000, 0x0000000082c00000, 0x0000000082c00000|100%|HC|  |TAMS 0x0000000082c00000, 0x0000000082b00000| Complete 
|  44|0x0000000082c00000, 0x0000000082d00000, 0x0000000082d00000|100%| O|  |TAMS 0x0000000082d00000, 0x0000000082c00000| Untracked 
|  45|0x0000000082d00000, 0x0000000082e00000, 0x0000000082e00000|100%| O|  |TAMS 0x0000000082e00000, 0x0000000082d00000| Untracked 
|  46|0x0000000082e00000, 0x0000000082f00000, 0x0000000082f00000|100%| O|  |TAMS 0x0000000082f00000, 0x0000000082e00000| Untracked 
|  47|0x0000000082f00000, 0x0000000083000000, 0x0000000083000000|100%| O|  |TAMS 0x0000000083000000, 0x0000000082f00000| Untracked 
|  48|0x0000000083000000, 0x0000000083100000, 0x0000000083100000|100%| O|  |TAMS 0x0000000083100000, 0x0000000083000000| Untracked 
|  49|0x0000000083100000, 0x0000000083200000, 0x0000000083200000|100%| O|  |TAMS 0x0000000083200000, 0x0000000083100000| Untracked 
|  50|0x0000000083200000, 0x0000000083300000, 0x0000000083300000|100%| O|  |TAMS 0x0000000083300000, 0x0000000083200000| Untracked 
|  51|0x0000000083300000, 0x0000000083400000, 0x0000000083400000|100%| O|  |TAMS 0x0000000083400000, 0x0000000083300000| Untracked 
|  52|0x0000000083400000, 0x0000000083500000, 0x0000000083500000|100%| O|  |TAMS 0x0000000083500000, 0x0000000083400000| Untracked 
|  53|0x0000000083500000, 0x0000000083600000, 0x0000000083600000|100%| O|  |TAMS 0x0000000083600000, 0x0000000083500000| Untracked 
|  54|0x0000000083600000, 0x0000000083700000, 0x0000000083700000|100%| O|  |TAMS 0x0000000083700000, 0x0000000083600000| Untracked 
|  55|0x0000000083700000, 0x0000000083800000, 0x0000000083800000|100%| O|  |TAMS 0x0000000083800000, 0x0000000083700000| Untracked 
|  56|0x0000000083800000, 0x0000000083900000, 0x0000000083900000|100%| O|  |TAMS 0x0000000083900000, 0x0000000083800000| Untracked 
|  57|0x0000000083900000, 0x0000000083a00000, 0x0000000083a00000|100%| O|  |TAMS 0x0000000083a00000, 0x0000000083900000| Untracked 
|  58|0x0000000083a00000, 0x0000000083b00000, 0x0000000083b00000|100%| O|  |TAMS 0x0000000083b00000, 0x0000000083a00000| Untracked 
|  59|0x0000000083b00000, 0x0000000083c00000, 0x0000000083c00000|100%| O|  |TAMS 0x0000000083c00000, 0x0000000083b00000| Untracked 
|  60|0x0000000083c00000, 0x0000000083d00000, 0x0000000083d00000|100%| O|  |TAMS 0x0000000083d00000, 0x0000000083c00000| Untracked 
|  61|0x0000000083d00000, 0x0000000083e00000, 0x0000000083e00000|100%| O|  |TAMS 0x0000000083e00000, 0x0000000083d00000| Untracked 
|  62|0x0000000083e00000, 0x0000000083f00000, 0x0000000083f00000|100%| O|  |TAMS 0x0000000083f00000, 0x0000000083e00000| Untracked 
|  63|0x0000000083f00000, 0x0000000083f00000, 0x0000000084000000|  0%| F|  |TAMS 0x0000000083f00000, 0x0000000083f00000| Untracked 
|  64|0x0000000084000000, 0x0000000084000000, 0x0000000084100000|  0%| F|  |TAMS 0x0000000084000000, 0x0000000084000000| Untracked 
|  65|0x0000000084100000, 0x0000000084200000, 0x0000000084200000|100%| O|  |TAMS 0x0000000084200000, 0x0000000084100000| Untracked 
|  66|0x0000000084200000, 0x0000000084300000, 0x0000000084300000|100%|HS|  |TAMS 0x0000000084300000, 0x0000000084200000| Complete 
|  67|0x0000000084300000, 0x0000000084400000, 0x0000000084400000|100%| O|  |TAMS 0x0000000084400000, 0x0000000084300000| Untracked 
|  68|0x0000000084400000, 0x0000000084500000, 0x0000000084500000|100%| O|  |TAMS 0x0000000084500000, 0x0000000084400000| Untracked 
|  69|0x0000000084500000, 0x0000000084600000, 0x0000000084600000|100%| O|  |TAMS 0x0000000084600000, 0x0000000084500000| Untracked 
|  70|0x0000000084600000, 0x0000000084700000, 0x0000000084700000|100%|HS|  |TAMS 0x0000000084700000, 0x0000000084600000| Complete 
|  71|0x0000000084700000, 0x0000000084800000, 0x0000000084800000|100%|HS|  |TAMS 0x0000000084800000, 0x0000000084700000| Complete 
|  72|0x0000000084800000, 0x0000000084900000, 0x0000000084900000|100%|HC|  |TAMS 0x0000000084900000, 0x0000000084800000| Complete 
|  73|0x0000000084900000, 0x0000000084a00000, 0x0000000084a00000|100%|HC|  |TAMS 0x0000000084a00000, 0x0000000084900000| Complete 
|  74|0x0000000084a00000, 0x0000000084b00000, 0x0000000084b00000|100%|HS|  |TAMS 0x0000000084b00000, 0x0000000084a00000| Complete 
|  75|0x0000000084b00000, 0x0000000084c00000, 0x0000000084c00000|100%|HC|  |TAMS 0x0000000084c00000, 0x0000000084b00000| Complete 
|  76|0x0000000084c00000, 0x0000000084d00000, 0x0000000084d00000|100%| O|  |TAMS 0x0000000084d00000, 0x0000000084c00000| Untracked 
|  77|0x0000000084d00000, 0x0000000084e00000, 0x0000000084e00000|100%| O|  |TAMS 0x0000000084e00000, 0x0000000084d00000| Untracked 
|  78|0x0000000084e00000, 0x0000000084f00000, 0x0000000084f00000|100%| O|  |TAMS 0x0000000084f00000, 0x0000000084e00000| Untracked 
|  79|0x0000000084f00000, 0x0000000085000000, 0x0000000085000000|100%| O|  |TAMS 0x0000000085000000, 0x0000000084f00000| Untracked 
|  80|0x0000000085000000, 0x0000000085100000, 0x0000000085100000|100%| O|  |TAMS 0x0000000085100000, 0x0000000085000000| Untracked 
|  81|0x0000000085100000, 0x0000000085200000, 0x0000000085200000|100%| O|  |TAMS 0x0000000085200000, 0x0000000085100000| Untracked 
|  82|0x0000000085200000, 0x0000000085300000, 0x0000000085300000|100%| O|  |TAMS 0x0000000085300000, 0x0000000085200000| Untracked 
|  83|0x0000000085300000, 0x0000000085400000, 0x0000000085400000|100%| O|  |TAMS 0x0000000085400000, 0x0000000085300000| Untracked 
|  84|0x0000000085400000, 0x0000000085500000, 0x0000000085500000|100%| O|  |TAMS 0x0000000085500000, 0x0000000085400000| Untracked 
|  85|0x0000000085500000, 0x0000000085600000, 0x0000000085600000|100%| O|  |TAMS 0x0000000085600000, 0x0000000085500000| Untracked 
|  86|0x0000000085600000, 0x0000000085700000, 0x0000000085700000|100%| O|  |TAMS 0x0000000085700000, 0x0000000085600000| Untracked 
|  87|0x0000000085700000, 0x0000000085800000, 0x0000000085800000|100%| O|  |TAMS 0x0000000085800000, 0x0000000085700000| Untracked 
|  88|0x0000000085800000, 0x0000000085900000, 0x0000000085900000|100%| O|  |TAMS 0x0000000085900000, 0x0000000085800000| Untracked 
|  89|0x0000000085900000, 0x0000000085a00000, 0x0000000085a00000|100%| O|  |TAMS 0x0000000085a00000, 0x0000000085900000| Untracked 
|  90|0x0000000085a00000, 0x0000000085b00000, 0x0000000085b00000|100%| O|  |TAMS 0x0000000085b00000, 0x0000000085a00000| Untracked 
|  91|0x0000000085b00000, 0x0000000085c00000, 0x0000000085c00000|100%| O|  |TAMS 0x0000000085c00000, 0x0000000085b00000| Untracked 
|  92|0x0000000085c00000, 0x0000000085d00000, 0x0000000085d00000|100%| O|  |TAMS 0x0000000085d00000, 0x0000000085c00000| Untracked 
|  93|0x0000000085d00000, 0x0000000085e00000, 0x0000000085e00000|100%| O|  |TAMS 0x0000000085e00000, 0x0000000085d00000| Untracked 
|  94|0x0000000085e00000, 0x0000000085f00000, 0x0000000085f00000|100%| O|  |TAMS 0x0000000085f00000, 0x0000000085e00000| Untracked 
|  95|0x0000000085f00000, 0x0000000086000000, 0x0000000086000000|100%| O|  |TAMS 0x0000000086000000, 0x0000000085f00000| Untracked 
|  96|0x0000000086000000, 0x0000000086100000, 0x0000000086100000|100%| O|  |TAMS 0x0000000086000000, 0x0000000086000000| Untracked 
|  97|0x0000000086100000, 0x0000000086200000, 0x0000000086200000|100%| O|  |TAMS 0x0000000086200000, 0x0000000086100000| Untracked 
|  98|0x0000000086200000, 0x0000000086300000, 0x0000000086300000|100%| O|  |TAMS 0x0000000086300000, 0x0000000086200000| Untracked 
|  99|0x0000000086300000, 0x0000000086400000, 0x0000000086400000|100%| O|  |TAMS 0x0000000086400000, 0x0000000086300000| Untracked 
| 100|0x0000000086400000, 0x0000000086500000, 0x0000000086500000|100%| O|  |TAMS 0x0000000086400000, 0x0000000086400000| Untracked 
| 101|0x0000000086500000, 0x0000000086600000, 0x0000000086600000|100%| O|  |TAMS 0x0000000086600000, 0x0000000086500000| Untracked 
| 102|0x0000000086600000, 0x0000000086700000, 0x0000000086700000|100%| O|  |TAMS 0x0000000086600000, 0x0000000086600000| Untracked 
| 103|0x0000000086700000, 0x0000000086800000, 0x0000000086800000|100%| O|  |TAMS 0x0000000086800000, 0x0000000086700000| Untracked 
| 104|0x0000000086800000, 0x0000000086900000, 0x0000000086900000|100%| O|  |TAMS 0x0000000086800000, 0x0000000086800000| Untracked 
| 105|0x0000000086900000, 0x0000000086a00000, 0x0000000086a00000|100%| O|  |TAMS 0x0000000086a00000, 0x0000000086900000| Untracked 
| 106|0x0000000086a00000, 0x0000000086b00000, 0x0000000086b00000|100%| O|  |TAMS 0x0000000086b00000, 0x0000000086a00000| Untracked 
| 107|0x0000000086b00000, 0x0000000086c00000, 0x0000000086c00000|100%| O|  |TAMS 0x0000000086c00000, 0x0000000086b00000| Untracked 
| 108|0x0000000086c00000, 0x0000000086d00000, 0x0000000086d00000|100%| O|  |TAMS 0x0000000086d00000, 0x0000000086c00000| Untracked 
| 109|0x0000000086d00000, 0x0000000086e00000, 0x0000000086e00000|100%| O|  |TAMS 0x0000000086e00000, 0x0000000086d00000| Untracked 
| 110|0x0000000086e00000, 0x0000000086f00000, 0x0000000086f00000|100%| O|  |TAMS 0x0000000086f00000, 0x0000000086e00000| Untracked 
| 111|0x0000000086f00000, 0x0000000087000000, 0x0000000087000000|100%| O|  |TAMS 0x0000000086f00000, 0x0000000086f00000| Untracked 
| 112|0x0000000087000000, 0x0000000087100000, 0x0000000087100000|100%| O|  |TAMS 0x0000000087000000, 0x0000000087000000| Untracked 
| 113|0x0000000087100000, 0x0000000087200000, 0x0000000087200000|100%| O|  |TAMS 0x0000000087100000, 0x0000000087100000| Untracked 
| 114|0x0000000087200000, 0x0000000087300000, 0x0000000087300000|100%| O|  |TAMS 0x0000000087300000, 0x0000000087200000| Untracked 
| 115|0x0000000087300000, 0x0000000087400000, 0x0000000087400000|100%| O|  |TAMS 0x0000000087300000, 0x0000000087300000| Untracked 
| 116|0x0000000087400000, 0x0000000087500000, 0x0000000087500000|100%| O|  |TAMS 0x0000000087400000, 0x0000000087400000| Untracked 
| 117|0x0000000087500000, 0x0000000087600000, 0x0000000087600000|100%| O|  |TAMS 0x0000000087600000, 0x0000000087500000| Untracked 
| 118|0x0000000087600000, 0x0000000087700000, 0x0000000087700000|100%| O|  |TAMS 0x0000000087600000, 0x0000000087600000| Untracked 
| 119|0x0000000087700000, 0x0000000087800000, 0x0000000087800000|100%| O|  |TAMS 0x0000000087700000, 0x0000000087700000| Untracked 
| 120|0x0000000087800000, 0x00000000878c5400, 0x0000000087900000| 77%| O|  |TAMS 0x0000000087800000, 0x0000000087800000| Untracked 
| 121|0x0000000087900000, 0x0000000087a00000, 0x0000000087a00000|100%| O|  |TAMS 0x0000000087a00000, 0x0000000087900000| Untracked 
| 122|0x0000000087a00000, 0x0000000087b00000, 0x0000000087b00000|100%| O|  |TAMS 0x0000000087b00000, 0x0000000087a00000| Untracked 
| 123|0x0000000087b00000, 0x0000000087c00000, 0x0000000087c00000|100%| O|  |TAMS 0x0000000087c00000, 0x0000000087b00000| Untracked 
| 124|0x0000000087c00000, 0x0000000087d00000, 0x0000000087d00000|100%| O|  |TAMS 0x0000000087d00000, 0x0000000087c00000| Untracked 
| 125|0x0000000087d00000, 0x0000000087e00000, 0x0000000087e00000|100%| O|  |TAMS 0x0000000087e00000, 0x0000000087d00000| Untracked 
| 126|0x0000000087e00000, 0x0000000087e00000, 0x0000000087f00000|  0%| F|  |TAMS 0x0000000087e00000, 0x0000000087e00000| Untracked 
| 127|0x0000000087f00000, 0x0000000087f00000, 0x0000000088000000|  0%| F|  |TAMS 0x0000000087f00000, 0x0000000087f00000| Untracked 
| 128|0x0000000088000000, 0x0000000088000000, 0x0000000088100000|  0%| F|  |TAMS 0x0000000088000000, 0x0000000088000000| Untracked 
| 129|0x0000000088100000, 0x0000000088100000, 0x0000000088200000|  0%| F|  |TAMS 0x0000000088100000, 0x0000000088100000| Untracked 
| 130|0x0000000088200000, 0x0000000088200000, 0x0000000088300000|  0%| F|  |TAMS 0x0000000088200000, 0x0000000088200000| Untracked 
| 131|0x0000000088300000, 0x0000000088300000, 0x0000000088400000|  0%| F|  |TAMS 0x0000000088300000, 0x0000000088300000| Untracked 
| 132|0x0000000088400000, 0x0000000088400000, 0x0000000088500000|  0%| F|  |TAMS 0x0000000088400000, 0x0000000088400000| Untracked 
| 133|0x0000000088500000, 0x0000000088500000, 0x0000000088600000|  0%| F|  |TAMS 0x0000000088500000, 0x0000000088500000| Untracked 
| 134|0x0000000088600000, 0x0000000088600000, 0x0000000088700000|  0%| F|  |TAMS 0x0000000088600000, 0x0000000088600000| Untracked 
| 135|0x0000000088700000, 0x0000000088700000, 0x0000000088800000|  0%| F|  |TAMS 0x0000000088700000, 0x0000000088700000| Untracked 
| 136|0x0000000088800000, 0x0000000088800000, 0x0000000088900000|  0%| F|  |TAMS 0x0000000088800000, 0x0000000088800000| Untracked 
| 137|0x0000000088900000, 0x0000000088900000, 0x0000000088a00000|  0%| F|  |TAMS 0x0000000088900000, 0x0000000088900000| Untracked 
| 138|0x0000000088a00000, 0x0000000088a00000, 0x0000000088b00000|  0%| F|  |TAMS 0x0000000088a00000, 0x0000000088a00000| Untracked 
| 139|0x0000000088b00000, 0x0000000088b00000, 0x0000000088c00000|  0%| F|  |TAMS 0x0000000088b00000, 0x0000000088b00000| Untracked 
| 140|0x0000000088c00000, 0x0000000088c00000, 0x0000000088d00000|  0%| F|  |TAMS 0x0000000088c00000, 0x0000000088c00000| Untracked 
| 141|0x0000000088d00000, 0x0000000088d00000, 0x0000000088e00000|  0%| F|  |TAMS 0x0000000088d00000, 0x0000000088d00000| Untracked 
| 142|0x0000000088e00000, 0x0000000088e00000, 0x0000000088f00000|  0%| F|  |TAMS 0x0000000088e00000, 0x0000000088e00000| Untracked 
| 143|0x0000000088f00000, 0x0000000088f00000, 0x0000000089000000|  0%| F|  |TAMS 0x0000000088f00000, 0x0000000088f00000| Untracked 
| 144|0x0000000089000000, 0x0000000089000000, 0x0000000089100000|  0%| F|  |TAMS 0x0000000089000000, 0x0000000089000000| Untracked 
| 145|0x0000000089100000, 0x0000000089100000, 0x0000000089200000|  0%| F|  |TAMS 0x0000000089100000, 0x0000000089100000| Untracked 
| 146|0x0000000089200000, 0x0000000089200000, 0x0000000089300000|  0%| F|  |TAMS 0x0000000089200000, 0x0000000089200000| Untracked 
| 147|0x0000000089300000, 0x0000000089300000, 0x0000000089400000|  0%| F|  |TAMS 0x0000000089300000, 0x0000000089300000| Untracked 
| 148|0x0000000089400000, 0x0000000089400000, 0x0000000089500000|  0%| F|  |TAMS 0x0000000089400000, 0x0000000089400000| Untracked 
| 149|0x0000000089500000, 0x0000000089500000, 0x0000000089600000|  0%| F|  |TAMS 0x0000000089500000, 0x0000000089500000| Untracked 
| 150|0x0000000089600000, 0x0000000089600000, 0x0000000089700000|  0%| F|  |TAMS 0x0000000089600000, 0x0000000089600000| Untracked 
| 151|0x0000000089700000, 0x0000000089700000, 0x0000000089800000|  0%| F|  |TAMS 0x0000000089700000, 0x0000000089700000| Untracked 
| 152|0x0000000089800000, 0x0000000089800000, 0x0000000089900000|  0%| F|  |TAMS 0x0000000089800000, 0x0000000089800000| Untracked 
| 153|0x0000000089900000, 0x0000000089900000, 0x0000000089a00000|  0%| F|  |TAMS 0x0000000089900000, 0x0000000089900000| Untracked 
| 154|0x0000000089a00000, 0x0000000089a00000, 0x0000000089b00000|  0%| F|  |TAMS 0x0000000089a00000, 0x0000000089a00000| Untracked 
| 155|0x0000000089b00000, 0x0000000089bf8b60, 0x0000000089c00000| 97%| S|CS|TAMS 0x0000000089b00000, 0x0000000089b00000| Complete 
| 156|0x0000000089c00000, 0x0000000089d00000, 0x0000000089d00000|100%| S|CS|TAMS 0x0000000089c00000, 0x0000000089c00000| Complete 
| 157|0x0000000089d00000, 0x0000000089e00000, 0x0000000089e00000|100%| S|CS|TAMS 0x0000000089d00000, 0x0000000089d00000| Complete 
| 158|0x0000000089e00000, 0x0000000089f00000, 0x0000000089f00000|100%| S|CS|TAMS 0x0000000089e00000, 0x0000000089e00000| Complete 
| 159|0x0000000089f00000, 0x000000008a000000, 0x000000008a000000|100%| S|CS|TAMS 0x0000000089f00000, 0x0000000089f00000| Complete 
| 160|0x000000008a000000, 0x000000008a100000, 0x000000008a100000|100%| S|CS|TAMS 0x000000008a000000, 0x000000008a000000| Complete 
| 161|0x000000008a100000, 0x000000008a200000, 0x000000008a200000|100%| S|CS|TAMS 0x000000008a100000, 0x000000008a100000| Complete 
| 162|0x000000008a200000, 0x000000008a300000, 0x000000008a300000|100%| S|CS|TAMS 0x000000008a200000, 0x000000008a200000| Complete 
| 163|0x000000008a300000, 0x000000008a400000, 0x000000008a400000|100%| S|CS|TAMS 0x000000008a300000, 0x000000008a300000| Complete 
| 164|0x000000008a400000, 0x000000008a400000, 0x000000008a500000|  0%| F|  |TAMS 0x000000008a400000, 0x000000008a400000| Untracked 
| 165|0x000000008a500000, 0x000000008a500000, 0x000000008a600000|  0%| F|  |TAMS 0x000000008a500000, 0x000000008a500000| Untracked 
| 166|0x000000008a600000, 0x000000008a600000, 0x000000008a700000|  0%| F|  |TAMS 0x000000008a600000, 0x000000008a600000| Untracked 
| 167|0x000000008a700000, 0x000000008a700000, 0x000000008a800000|  0%| F|  |TAMS 0x000000008a700000, 0x000000008a700000| Untracked 
| 168|0x000000008a800000, 0x000000008a800000, 0x000000008a900000|  0%| F|  |TAMS 0x000000008a800000, 0x000000008a800000| Untracked 
| 169|0x000000008a900000, 0x000000008aa00000, 0x000000008aa00000|100%| S|CS|TAMS 0x000000008a900000, 0x000000008a900000| Complete 
| 170|0x000000008aa00000, 0x000000008ab00000, 0x000000008ab00000|100%| S|CS|TAMS 0x000000008aa00000, 0x000000008aa00000| Complete 
| 171|0x000000008ab00000, 0x000000008ac00000, 0x000000008ac00000|100%| S|CS|TAMS 0x000000008ab00000, 0x000000008ab00000| Complete 
| 172|0x000000008ac00000, 0x000000008ac00000, 0x000000008ad00000|  0%| F|  |TAMS 0x000000008ac00000, 0x000000008ac00000| Untracked 
| 173|0x000000008ad00000, 0x000000008ad00000, 0x000000008ae00000|  0%| F|  |TAMS 0x000000008ad00000, 0x000000008ad00000| Untracked 
| 174|0x000000008ae00000, 0x000000008ae00000, 0x000000008af00000|  0%| F|  |TAMS 0x000000008ae00000, 0x000000008ae00000| Untracked 
| 175|0x000000008af00000, 0x000000008af00000, 0x000000008b000000|  0%| F|  |TAMS 0x000000008af00000, 0x000000008af00000| Untracked 
| 176|0x000000008b000000, 0x000000008b000000, 0x000000008b100000|  0%| F|  |TAMS 0x000000008b000000, 0x000000008b000000| Untracked 
| 177|0x000000008b100000, 0x000000008b100000, 0x000000008b200000|  0%| F|  |TAMS 0x000000008b100000, 0x000000008b100000| Untracked 
| 178|0x000000008b200000, 0x000000008b200000, 0x000000008b300000|  0%| F|  |TAMS 0x000000008b200000, 0x000000008b200000| Untracked 
| 179|0x000000008b300000, 0x000000008b300000, 0x000000008b400000|  0%| F|  |TAMS 0x000000008b300000, 0x000000008b300000| Untracked 
| 180|0x000000008b400000, 0x000000008b400000, 0x000000008b500000|  0%| F|  |TAMS 0x000000008b400000, 0x000000008b400000| Untracked 
| 181|0x000000008b500000, 0x000000008b500000, 0x000000008b600000|  0%| F|  |TAMS 0x000000008b500000, 0x000000008b500000| Untracked 
| 182|0x000000008b600000, 0x000000008b600000, 0x000000008b700000|  0%| F|  |TAMS 0x000000008b600000, 0x000000008b600000| Untracked 
| 183|0x000000008b700000, 0x000000008b700000, 0x000000008b800000|  0%| F|  |TAMS 0x000000008b700000, 0x000000008b700000| Untracked 
| 184|0x000000008b800000, 0x000000008b800000, 0x000000008b900000|  0%| F|  |TAMS 0x000000008b800000, 0x000000008b800000| Untracked 
| 185|0x000000008b900000, 0x000000008b900000, 0x000000008ba00000|  0%| F|  |TAMS 0x000000008b900000, 0x000000008b900000| Untracked 
| 186|0x000000008ba00000, 0x000000008ba00000, 0x000000008bb00000|  0%| F|  |TAMS 0x000000008ba00000, 0x000000008ba00000| Untracked 
| 187|0x000000008bb00000, 0x000000008bb00000, 0x000000008bc00000|  0%| F|  |TAMS 0x000000008bb00000, 0x000000008bb00000| Untracked 
| 188|0x000000008bc00000, 0x000000008bc00000, 0x000000008bd00000|  0%| F|  |TAMS 0x000000008bc00000, 0x000000008bc00000| Untracked 
| 189|0x000000008bd00000, 0x000000008bd00000, 0x000000008be00000|  0%| F|  |TAMS 0x000000008bd00000, 0x000000008bd00000| Untracked 
| 190|0x000000008be00000, 0x000000008be00000, 0x000000008bf00000|  0%| F|  |TAMS 0x000000008be00000, 0x000000008be00000| Untracked 
| 191|0x000000008bf00000, 0x000000008bf00000, 0x000000008c000000|  0%| F|  |TAMS 0x000000008bf00000, 0x000000008bf00000| Untracked 
| 192|0x000000008c000000, 0x000000008c000000, 0x000000008c100000|  0%| F|  |TAMS 0x000000008c000000, 0x000000008c000000| Untracked 
| 193|0x000000008c100000, 0x000000008c100000, 0x000000008c200000|  0%| F|  |TAMS 0x000000008c100000, 0x000000008c100000| Untracked 
| 194|0x000000008c200000, 0x000000008c200000, 0x000000008c300000|  0%| F|  |TAMS 0x000000008c200000, 0x000000008c200000| Untracked 
| 195|0x000000008c300000, 0x000000008c300000, 0x000000008c400000|  0%| F|  |TAMS 0x000000008c300000, 0x000000008c300000| Untracked 
| 196|0x000000008c400000, 0x000000008c400000, 0x000000008c500000|  0%| F|  |TAMS 0x000000008c400000, 0x000000008c400000| Untracked 
| 197|0x000000008c500000, 0x000000008c500000, 0x000000008c600000|  0%| F|  |TAMS 0x000000008c500000, 0x000000008c500000| Untracked 
| 198|0x000000008c600000, 0x000000008c600000, 0x000000008c700000|  0%| F|  |TAMS 0x000000008c600000, 0x000000008c600000| Untracked 
| 199|0x000000008c700000, 0x000000008c700000, 0x000000008c800000|  0%| F|  |TAMS 0x000000008c700000, 0x000000008c700000| Untracked 
| 200|0x000000008c800000, 0x000000008c800000, 0x000000008c900000|  0%| F|  |TAMS 0x000000008c800000, 0x000000008c800000| Untracked 
| 201|0x000000008c900000, 0x000000008c900000, 0x000000008ca00000|  0%| F|  |TAMS 0x000000008c900000, 0x000000008c900000| Untracked 
| 202|0x000000008ca00000, 0x000000008ca00000, 0x000000008cb00000|  0%| F|  |TAMS 0x000000008ca00000, 0x000000008ca00000| Untracked 
| 203|0x000000008cb00000, 0x000000008cb00000, 0x000000008cc00000|  0%| F|  |TAMS 0x000000008cb00000, 0x000000008cb00000| Untracked 
| 204|0x000000008cc00000, 0x000000008cc00000, 0x000000008cd00000|  0%| F|  |TAMS 0x000000008cc00000, 0x000000008cc00000| Untracked 
| 205|0x000000008cd00000, 0x000000008cd00000, 0x000000008ce00000|  0%| F|  |TAMS 0x000000008cd00000, 0x000000008cd00000| Untracked 
| 206|0x000000008ce00000, 0x000000008ce00000, 0x000000008cf00000|  0%| F|  |TAMS 0x000000008ce00000, 0x000000008ce00000| Untracked 
| 207|0x000000008cf00000, 0x000000008cf00000, 0x000000008d000000|  0%| F|  |TAMS 0x000000008cf00000, 0x000000008cf00000| Untracked 
| 208|0x000000008d000000, 0x000000008d000000, 0x000000008d100000|  0%| F|  |TAMS 0x000000008d000000, 0x000000008d000000| Untracked 
| 209|0x000000008d100000, 0x000000008d100000, 0x000000008d200000|  0%| F|  |TAMS 0x000000008d100000, 0x000000008d100000| Untracked 
| 210|0x000000008d200000, 0x000000008d200000, 0x000000008d300000|  0%| F|  |TAMS 0x000000008d200000, 0x000000008d200000| Untracked 
| 211|0x000000008d300000, 0x000000008d300000, 0x000000008d400000|  0%| F|  |TAMS 0x000000008d300000, 0x000000008d300000| Untracked 
| 212|0x000000008d400000, 0x000000008d400000, 0x000000008d500000|  0%| F|  |TAMS 0x000000008d400000, 0x000000008d400000| Untracked 
| 213|0x000000008d500000, 0x000000008d500000, 0x000000008d600000|  0%| F|  |TAMS 0x000000008d500000, 0x000000008d500000| Untracked 
| 214|0x000000008d600000, 0x000000008d600000, 0x000000008d700000|  0%| F|  |TAMS 0x000000008d600000, 0x000000008d600000| Untracked 
| 215|0x000000008d700000, 0x000000008d700000, 0x000000008d800000|  0%| F|  |TAMS 0x000000008d700000, 0x000000008d700000| Untracked 
| 216|0x000000008d800000, 0x000000008d800000, 0x000000008d900000|  0%| F|  |TAMS 0x000000008d800000, 0x000000008d800000| Untracked 
| 217|0x000000008d900000, 0x000000008d900000, 0x000000008da00000|  0%| F|  |TAMS 0x000000008d900000, 0x000000008d900000| Untracked 
| 218|0x000000008da00000, 0x000000008da00000, 0x000000008db00000|  0%| F|  |TAMS 0x000000008da00000, 0x000000008da00000| Untracked 
| 219|0x000000008db00000, 0x000000008db00000, 0x000000008dc00000|  0%| F|  |TAMS 0x000000008db00000, 0x000000008db00000| Untracked 
| 220|0x000000008dc00000, 0x000000008dc00000, 0x000000008dd00000|  0%| F|  |TAMS 0x000000008dc00000, 0x000000008dc00000| Untracked 
| 221|0x000000008dd00000, 0x000000008dd00000, 0x000000008de00000|  0%| F|  |TAMS 0x000000008dd00000, 0x000000008dd00000| Untracked 
| 222|0x000000008de00000, 0x000000008de00000, 0x000000008df00000|  0%| F|  |TAMS 0x000000008de00000, 0x000000008de00000| Untracked 
| 223|0x000000008df00000, 0x000000008df00000, 0x000000008e000000|  0%| F|  |TAMS 0x000000008df00000, 0x000000008df00000| Untracked 
| 224|0x000000008e000000, 0x000000008e000000, 0x000000008e100000|  0%| F|  |TAMS 0x000000008e000000, 0x000000008e000000| Untracked 
| 225|0x000000008e100000, 0x000000008e100000, 0x000000008e200000|  0%| F|  |TAMS 0x000000008e100000, 0x000000008e100000| Untracked 
| 226|0x000000008e200000, 0x000000008e200000, 0x000000008e300000|  0%| F|  |TAMS 0x000000008e200000, 0x000000008e200000| Untracked 
| 227|0x000000008e300000, 0x000000008e300000, 0x000000008e400000|  0%| F|  |TAMS 0x000000008e300000, 0x000000008e300000| Untracked 
| 228|0x000000008e400000, 0x000000008e400000, 0x000000008e500000|  0%| F|  |TAMS 0x000000008e400000, 0x000000008e400000| Untracked 
| 229|0x000000008e500000, 0x000000008e500000, 0x000000008e600000|  0%| F|  |TAMS 0x000000008e500000, 0x000000008e500000| Untracked 
| 230|0x000000008e600000, 0x000000008e600000, 0x000000008e700000|  0%| F|  |TAMS 0x000000008e600000, 0x000000008e600000| Untracked 
| 231|0x000000008e700000, 0x000000008e700000, 0x000000008e800000|  0%| F|  |TAMS 0x000000008e700000, 0x000000008e700000| Untracked 
| 232|0x000000008e800000, 0x000000008e800000, 0x000000008e900000|  0%| F|  |TAMS 0x000000008e800000, 0x000000008e800000| Untracked 
| 233|0x000000008e900000, 0x000000008e900000, 0x000000008ea00000|  0%| F|  |TAMS 0x000000008e900000, 0x000000008e900000| Untracked 
| 234|0x000000008ea00000, 0x000000008ea00000, 0x000000008eb00000|  0%| F|  |TAMS 0x000000008ea00000, 0x000000008ea00000| Untracked 
| 235|0x000000008eb00000, 0x000000008eb00000, 0x000000008ec00000|  0%| F|  |TAMS 0x000000008eb00000, 0x000000008eb00000| Untracked 
| 236|0x000000008ec00000, 0x000000008ec00000, 0x000000008ed00000|  0%| F|  |TAMS 0x000000008ec00000, 0x000000008ec00000| Untracked 
| 237|0x000000008ed00000, 0x000000008ed00000, 0x000000008ee00000|  0%| F|  |TAMS 0x000000008ed00000, 0x000000008ed00000| Untracked 
| 238|0x000000008ee00000, 0x000000008ee00000, 0x000000008ef00000|  0%| F|  |TAMS 0x000000008ee00000, 0x000000008ee00000| Untracked 
| 239|0x000000008ef00000, 0x000000008ef00000, 0x000000008f000000|  0%| F|  |TAMS 0x000000008ef00000, 0x000000008ef00000| Untracked 
| 240|0x000000008f000000, 0x000000008f000000, 0x000000008f100000|  0%| F|  |TAMS 0x000000008f000000, 0x000000008f000000| Untracked 
| 241|0x000000008f100000, 0x000000008f100000, 0x000000008f200000|  0%| F|  |TAMS 0x000000008f100000, 0x000000008f100000| Untracked 
| 242|0x000000008f200000, 0x000000008f200000, 0x000000008f300000|  0%| F|  |TAMS 0x000000008f200000, 0x000000008f200000| Untracked 
| 243|0x000000008f300000, 0x000000008f300000, 0x000000008f400000|  0%| F|  |TAMS 0x000000008f300000, 0x000000008f300000| Untracked 
| 244|0x000000008f400000, 0x000000008f400000, 0x000000008f500000|  0%| F|  |TAMS 0x000000008f400000, 0x000000008f400000| Untracked 
| 245|0x000000008f500000, 0x000000008f500000, 0x000000008f600000|  0%| F|  |TAMS 0x000000008f500000, 0x000000008f500000| Untracked 
| 246|0x000000008f600000, 0x000000008f600000, 0x000000008f700000|  0%| F|  |TAMS 0x000000008f600000, 0x000000008f600000| Untracked 
| 247|0x000000008f700000, 0x000000008f700000, 0x000000008f800000|  0%| F|  |TAMS 0x000000008f700000, 0x000000008f700000| Untracked 
| 248|0x000000008f800000, 0x000000008f800000, 0x000000008f900000|  0%| F|  |TAMS 0x000000008f800000, 0x000000008f800000| Untracked 
| 249|0x000000008f900000, 0x000000008f900000, 0x000000008fa00000|  0%| F|  |TAMS 0x000000008f900000, 0x000000008f900000| Untracked 
| 250|0x000000008fa00000, 0x000000008fa00000, 0x000000008fb00000|  0%| F|  |TAMS 0x000000008fa00000, 0x000000008fa00000| Untracked 
| 251|0x000000008fb00000, 0x000000008fb00000, 0x000000008fc00000|  0%| F|  |TAMS 0x000000008fb00000, 0x000000008fb00000| Untracked 
| 252|0x000000008fc00000, 0x000000008fc00000, 0x000000008fd00000|  0%| F|  |TAMS 0x000000008fc00000, 0x000000008fc00000| Untracked 
| 253|0x000000008fd00000, 0x000000008fd00000, 0x000000008fe00000|  0%| F|  |TAMS 0x000000008fd00000, 0x000000008fd00000| Untracked 
| 254|0x000000008fe00000, 0x000000008fe00000, 0x000000008ff00000|  0%| F|  |TAMS 0x000000008fe00000, 0x000000008fe00000| Untracked 
| 255|0x000000008ff00000, 0x000000008ff00000, 0x0000000090000000|  0%| F|  |TAMS 0x000000008ff00000, 0x000000008ff00000| Untracked 
| 256|0x0000000090000000, 0x0000000090000000, 0x0000000090100000|  0%| F|  |TAMS 0x0000000090000000, 0x0000000090000000| Untracked 
| 257|0x0000000090100000, 0x0000000090100000, 0x0000000090200000|  0%| F|  |TAMS 0x0000000090100000, 0x0000000090100000| Untracked 
| 258|0x0000000090200000, 0x0000000090200000, 0x0000000090300000|  0%| F|  |TAMS 0x0000000090200000, 0x0000000090200000| Untracked 
| 259|0x0000000090300000, 0x0000000090300000, 0x0000000090400000|  0%| F|  |TAMS 0x0000000090300000, 0x0000000090300000| Untracked 
| 260|0x0000000090400000, 0x00000000904bb708, 0x0000000090500000| 73%| E|  |TAMS 0x0000000090400000, 0x0000000090400000| Complete 
| 261|0x0000000090500000, 0x0000000090600000, 0x0000000090600000|100%| E|CS|TAMS 0x0000000090500000, 0x0000000090500000| Complete 
| 262|0x0000000090600000, 0x0000000090700000, 0x0000000090700000|100%| E|CS|TAMS 0x0000000090600000, 0x0000000090600000| Complete 
| 263|0x0000000090700000, 0x0000000090800000, 0x0000000090800000|100%| E|CS|TAMS 0x0000000090700000, 0x0000000090700000| Complete 
| 264|0x0000000090800000, 0x0000000090900000, 0x0000000090900000|100%| E|  |TAMS 0x0000000090800000, 0x0000000090800000| Complete 
| 265|0x0000000090900000, 0x0000000090a00000, 0x0000000090a00000|100%| E|CS|TAMS 0x0000000090900000, 0x0000000090900000| Complete 
| 266|0x0000000090a00000, 0x0000000090b00000, 0x0000000090b00000|100%| E|CS|TAMS 0x0000000090a00000, 0x0000000090a00000| Complete 
| 267|0x0000000090b00000, 0x0000000090c00000, 0x0000000090c00000|100%| E|CS|TAMS 0x0000000090b00000, 0x0000000090b00000| Complete 
| 268|0x0000000090c00000, 0x0000000090d00000, 0x0000000090d00000|100%| E|CS|TAMS 0x0000000090c00000, 0x0000000090c00000| Complete 
| 269|0x0000000090d00000, 0x0000000090e00000, 0x0000000090e00000|100%| E|CS|TAMS 0x0000000090d00000, 0x0000000090d00000| Complete 
| 270|0x0000000090e00000, 0x0000000090f00000, 0x0000000090f00000|100%| E|CS|TAMS 0x0000000090e00000, 0x0000000090e00000| Complete 
| 271|0x0000000090f00000, 0x0000000091000000, 0x0000000091000000|100%| E|CS|TAMS 0x0000000090f00000, 0x0000000090f00000| Complete 
| 272|0x0000000091000000, 0x0000000091100000, 0x0000000091100000|100%| E|CS|TAMS 0x0000000091000000, 0x0000000091000000| Complete 
| 273|0x0000000091100000, 0x0000000091200000, 0x0000000091200000|100%| E|CS|TAMS 0x0000000091100000, 0x0000000091100000| Complete 
| 274|0x0000000091200000, 0x0000000091300000, 0x0000000091300000|100%| E|CS|TAMS 0x0000000091200000, 0x0000000091200000| Complete 
| 275|0x0000000091300000, 0x0000000091400000, 0x0000000091400000|100%| E|CS|TAMS 0x0000000091300000, 0x0000000091300000| Complete 
| 276|0x0000000091400000, 0x0000000091500000, 0x0000000091500000|100%| E|CS|TAMS 0x0000000091400000, 0x0000000091400000| Complete 
| 277|0x0000000091500000, 0x0000000091600000, 0x0000000091600000|100%| E|CS|TAMS 0x0000000091500000, 0x0000000091500000| Complete 
| 278|0x0000000091600000, 0x0000000091700000, 0x0000000091700000|100%| E|CS|TAMS 0x0000000091600000, 0x0000000091600000| Complete 
| 279|0x0000000091700000, 0x0000000091800000, 0x0000000091800000|100%| E|CS|TAMS 0x0000000091700000, 0x0000000091700000| Complete 
| 280|0x0000000091800000, 0x0000000091900000, 0x0000000091900000|100%| E|CS|TAMS 0x0000000091800000, 0x0000000091800000| Complete 

Card table byte_map: [0x0000021169050000,0x0000021169450000] _byte_map_base: 0x0000021168c50000

Marking Bits (Prev, Next): (CMBitMap*) 0x0000021154729ea8, (CMBitMap*) 0x0000021154729ee0
 Prev Bits: [0x0000021169850000, 0x000002116b850000)
 Next Bits: [0x000002116b850000, 0x000002116d850000)

Polling page: 0x00000211547d0000

Metaspace:

Usage:
  Non-class:    109.13 MB capacity,   106.99 MB ( 98%) used,     1.78 MB (  2%) free+waste,   370.00 KB ( <1%) overhead. 
      Class:     16.30 MB capacity,    15.08 MB ( 92%) used,     1.07 MB (  7%) free+waste,   165.56 KB ( <1%) overhead. 
       Both:    125.44 MB capacity,   122.07 MB ( 97%) used,     2.85 MB (  2%) free+waste,   535.56 KB ( <1%) overhead. 

Virtual space:
  Non-class space:      110.00 MB reserved,     109.32 MB (>99%) committed 
      Class space:        1.00 GB reserved,      16.38 MB (  2%) committed 
             Both:        1.11 GB reserved,     125.70 MB ( 11%) committed 

Chunk freelists:
   Non-Class:  1.00 KB
       Class:  8.00 KB
        Both:  9.00 KB

MaxMetaspaceSize: 17179869184.00 GB
CompressedClassSpaceSize: 1.00 GB

CodeHeap 'non-profiled nmethods': size=120064Kb used=10809Kb max_used=11960Kb free=109254Kb
 bounds [0x0000021161300000, 0x0000021161ec0000, 0x0000021168840000]
CodeHeap 'profiled nmethods': size=120000Kb used=32965Kb max_used=35576Kb free=87034Kb
 bounds [0x0000021159dd0000, 0x000002115c0d0000, 0x0000021161300000]
CodeHeap 'non-nmethods': size=5696Kb used=2348Kb max_used=2394Kb free=3347Kb
 bounds [0x0000021159840000, 0x0000021159ab0000, 0x0000021159dd0000]
 total_blobs=16131 nmethods=15143 adapters=899
 compilation: enabled
              stopped_count=0, restarted_count=0
 full_count=0

Compilation events (20 events):
Event: 1205.190 Thread 0x000002116fc9e000 18571       3       org.gradle.internal.snapshot.VfsRelativePath::normalizeRoot (43 bytes)
Event: 1205.193 Thread 0x000002116fc9e000 nmethod 18571 0x000002115b03a110 code [0x000002115b03a380, 0x000002115b03ad58]
Event: 1205.222 Thread 0x000002116fc9e000 18572       3       org.gradle.internal.snapshot.AbstractStorePathRelationshipHandler::handleAsDescendantOfChild (8 bytes)
Event: 1205.224 Thread 0x000002116fc9e000 nmethod 18572 0x000002115b02f710 code [0x000002115b02f940, 0x000002115b030118]
Event: 1205.224 Thread 0x000002116fc9e000 18573       3       org.gradle.internal.snapshot.AbstractStorePathRelationshipHandler::handleAsDescendantOfChild (24 bytes)
Event: 1205.224 Thread 0x000002116fc95000 nmethod 18570 0x0000021161add690 code [0x0000021161add940, 0x0000021161ade5d0]
Event: 1205.225 Thread 0x000002116fc9e000 nmethod 18573 0x000002115b048b90 code [0x000002115b048da0, 0x000002115b049498]
Event: 1205.226 Thread 0x000002116fc9e000 18574       3       org.gradle.internal.snapshot.AbstractIncompleteFileSystemNode$2::handleAsDescendantOfChild (10 bytes)
Event: 1205.227 Thread 0x000002116fc9e000 nmethod 18574 0x000002115b023810 code [0x000002115b0239e0, 0x000002115b023d08]
Event: 1205.227 Thread 0x000002116fc9e000 18575       3       org.gradle.internal.snapshot.AbstractIncompleteFileSystemNode$2::handleAsDescendantOfChild (20 bytes)
Event: 1205.227 Thread 0x000002116fc9e000 nmethod 18575 0x000002115b028410 code [0x000002115b0285c0, 0x000002115b028788]
Event: 1205.299 Thread 0x000002116fc95000 18576       4       java.util.concurrent.ConcurrentLinkedQueue::poll (84 bytes)
Event: 1205.320 Thread 0x000002116fc95000 nmethod 18576 0x0000021161ac9c90 code [0x0000021161ac9e20, 0x0000021161aca378]
Event: 1205.324 Thread 0x000002116fc9e000 18577   !   3       java.util.concurrent.ArrayBlockingQueue::poll (38 bytes)
Event: 1205.325 Thread 0x000002116fc9e000 nmethod 18577 0x000002115b0b8210 code [0x000002115b0b8460, 0x000002115b0b8ca8]
Event: 1205.349 Thread 0x000002116fc9e000 18578       3       com.google.common.collect.ImmutableSet::copyOf (52 bytes)
Event: 1205.350 Thread 0x000002116fc9e000 nmethod 18578 0x000002115b0a1690 code [0x000002115b0a18c0, 0x000002115b0a20c8]
Event: 1205.415 Thread 0x000002116fc95000 18579       4       org.gradle.internal.Try$Success::mapFailure (2 bytes)
Event: 1205.416 Thread 0x000002116fc95000 nmethod 18579 0x0000021161aad110 code [0x0000021161aad2a0, 0x0000021161aad2f8]
Event: 1205.524 Thread 0x000002116fc95000 18580       4       org.gradle.internal.snapshot.AbstractIncompleteFileSystemNode::getNode (10 bytes)

GC Heap History (20 events):
Event: 191.763 GC heap before
{Heap before GC invocations=120 (full 0):
 garbage-first heap   total 287744K, used 131015K [0x0000000080000000, 0x0000000100000000)
  region size 1024K, 14 young (14336K), 1 survivors (1024K)
 Metaspace       used 99792K, capacity 102424K, committed 102728K, reserved 1138688K
  class space    used 12484K, capacity 13404K, committed 13568K, reserved 1048576K
}
Event: 191.768 GC heap after
{Heap after GC invocations=121 (full 0):
 garbage-first heap   total 287744K, used 115215K [0x0000000080000000, 0x0000000100000000)
  region size 1024K, 1 young (1024K), 1 survivors (1024K)
 Metaspace       used 99792K, capacity 102424K, committed 102728K, reserved 1138688K
  class space    used 12484K, capacity 13404K, committed 13568K, reserved 1048576K
}
Event: 196.572 GC heap before
{Heap before GC invocations=121 (full 0):
 garbage-first heap   total 287744K, used 222735K [0x0000000080000000, 0x0000000100000000)
  region size 1024K, 106 young (108544K), 1 survivors (1024K)
 Metaspace       used 100505K, capacity 103072K, committed 103240K, reserved 1138688K
  class space    used 12587K, capacity 13514K, committed 13568K, reserved 1048576K
}
Event: 196.579 GC heap after
{Heap after GC invocations=122 (full 0):
 garbage-first heap   total 287744K, used 115462K [0x0000000080000000, 0x0000000100000000)
  region size 1024K, 1 young (1024K), 1 survivors (1024K)
 Metaspace       used 100505K, capacity 103072K, committed 103240K, reserved 1138688K
  class space    used 12587K, capacity 13514K, committed 13568K, reserved 1048576K
}
Event: 207.167 GC heap before
{Heap before GC invocations=122 (full 0):
 garbage-first heap   total 287744K, used 230150K [0x0000000080000000, 0x0000000100000000)
  region size 1024K, 111 young (113664K), 1 survivors (1024K)
 Metaspace       used 108522K, capacity 111161K, committed 111432K, reserved 1146880K
  class space    used 13619K, capacity 14573K, committed 14592K, reserved 1048576K
}
Event: 207.200 GC heap after
{Heap after GC invocations=123 (full 0):
 garbage-first heap   total 287744K, used 120868K [0x0000000080000000, 0x0000000100000000)
  region size 1024K, 6 young (6144K), 6 survivors (6144K)
 Metaspace       used 108522K, capacity 111161K, committed 111432K, reserved 1146880K
  class space    used 13619K, capacity 14573K, committed 14592K, reserved 1048576K
}
Event: 209.549 GC heap before
{Heap before GC invocations=123 (full 0):
 garbage-first heap   total 287744K, used 230436K [0x0000000080000000, 0x0000000100000000)
  region size 1024K, 114 young (116736K), 6 survivors (6144K)
 Metaspace       used 108608K, capacity 111230K, committed 111432K, reserved 1146880K
  class space    used 13622K, capacity 14574K, committed 14592K, reserved 1048576K
}
Event: 209.580 GC heap after
{Heap after GC invocations=124 (full 0):
 garbage-first heap   total 287744K, used 122353K [0x0000000080000000, 0x0000000100000000)
  region size 1024K, 8 young (8192K), 8 survivors (8192K)
 Metaspace       used 108608K, capacity 111230K, committed 111432K, reserved 1146880K
  class space    used 13622K, capacity 14574K, committed 14592K, reserved 1048576K
}
Event: 210.891 GC heap before
{Heap before GC invocations=124 (full 0):
 garbage-first heap   total 287744K, used 232945K [0x0000000080000000, 0x0000000100000000)
  region size 1024K, 116 young (118784K), 8 survivors (8192K)
 Metaspace       used 108658K, capacity 111243K, committed 111432K, reserved 1146880K
  class space    used 13622K, capacity 14575K, committed 14592K, reserved 1048576K
}
Event: 210.922 GC heap after
{Heap after GC invocations=125 (full 0):
 garbage-first heap   total 287744K, used 121892K [0x0000000080000000, 0x0000000100000000)
  region size 1024K, 7 young (7168K), 7 survivors (7168K)
 Metaspace       used 108658K, capacity 111243K, committed 111432K, reserved 1146880K
  class space    used 13622K, capacity 14575K, committed 14592K, reserved 1048576K
}
Event: 238.637 GC heap before
{Heap before GC invocations=125 (full 0):
 garbage-first heap   total 287744K, used 237604K [0x0000000080000000, 0x0000000100000000)
  region size 1024K, 118 young (120832K), 7 survivors (7168K)
 Metaspace       used 112540K, capacity 115316K, committed 115528K, reserved 1150976K
  class space    used 14033K, capacity 15079K, committed 15104K, reserved 1048576K
}
Event: 238.692 GC heap after
{Heap after GC invocations=126 (full 0):
 garbage-first heap   total 287744K, used 127012K [0x0000000080000000, 0x0000000100000000)
  region size 1024K, 12 young (12288K), 12 survivors (12288K)
 Metaspace       used 112540K, capacity 115316K, committed 115528K, reserved 1150976K
  class space    used 14033K, capacity 15079K, committed 15104K, reserved 1048576K
}
Event: 244.580 GC heap before
{Heap before GC invocations=126 (full 0):
 garbage-first heap   total 287744K, used 239652K [0x0000000080000000, 0x0000000100000000)
  region size 1024K, 121 young (123904K), 12 survivors (12288K)
 Metaspace       used 113158K, capacity 115987K, committed 116168K, reserved 1150976K
  class space    used 14095K, capacity 15124K, committed 15232K, reserved 1048576K
}
Event: 244.637 GC heap after
{Heap after GC invocations=127 (full 0):
 garbage-first heap   total 287744K, used 133125K [0x0000000080000000, 0x0000000100000000)
  region size 1024K, 11 young (11264K), 11 survivors (11264K)
 Metaspace       used 113158K, capacity 115987K, committed 116168K, reserved 1150976K
  class space    used 14095K, capacity 15124K, committed 15232K, reserved 1048576K
}
Event: 246.229 GC heap before
{Heap before GC invocations=127 (full 0):
 garbage-first heap   total 287744K, used 240645K [0x0000000080000000, 0x0000000100000000)
  region size 1024K, 116 young (118784K), 11 survivors (11264K)
 Metaspace       used 113173K, capacity 115987K, committed 116168K, reserved 1150976K
  class space    used 14096K, capacity 15124K, committed 15232K, reserved 1048576K
}
Event: 246.265 GC heap after
{Heap after GC invocations=128 (full 0):
 garbage-first heap   total 287744K, used 133397K [0x0000000080000000, 0x0000000100000000)
  region size 1024K, 5 young (5120K), 5 survivors (5120K)
 Metaspace       used 113173K, capacity 115987K, committed 116168K, reserved 1150976K
  class space    used 14096K, capacity 15124K, committed 15232K, reserved 1048576K
}
Event: 264.269 GC heap before
{Heap before GC invocations=128 (full 0):
 garbage-first heap   total 287744K, used 243989K [0x0000000080000000, 0x0000000100000000)
  region size 1024K, 113 young (115712K), 5 survivors (5120K)
 Metaspace       used 117789K, capacity 120871K, committed 120904K, reserved 1155072K
  class space    used 14667K, capacity 15846K, committed 15872K, reserved 1048576K
}
Event: 264.298 GC heap after
{Heap after GC invocations=129 (full 0):
 garbage-first heap   total 287744K, used 131861K [0x0000000080000000, 0x0000000100000000)
  region size 1024K, 5 young (5120K), 5 survivors (5120K)
 Metaspace       used 117789K, capacity 120871K, committed 120904K, reserved 1155072K
  class space    used 14667K, capacity 15846K, committed 15872K, reserved 1048576K
}
Event: 1201.201 GC heap before
{Heap before GC invocations=129 (full 0):
 garbage-first heap   total 287744K, used 245524K [0x0000000080000000, 0x0000000100000000)
  region size 1024K, 114 young (116736K), 5 survivors (5120K)
 Metaspace       used 124699K, capacity 128086K, committed 128456K, reserved 1161216K
  class space    used 15397K, capacity 16642K, committed 16768K, reserved 1048576K
}
Event: 1201.293 GC heap after
{Heap after GC invocations=130 (full 0):
 garbage-first heap   total 287744K, used 138999K [0x0000000080000000, 0x0000000100000000)
  region size 1024K, 12 young (12288K), 12 survivors (12288K)
 Metaspace       used 124699K, capacity 128086K, committed 128456K, reserved 1161216K
  class space    used 15397K, capacity 16642K, committed 16768K, reserved 1048576K
}

Deoptimization events (20 events):
Event: 1201.760 Thread 0x0000021172a6f800 Uncommon trap: trap_request=0xffffffde fr.pc=0x0000021161e400e0 relative=0x0000000000000700
Event: 1201.760 Thread 0x0000021172a6f800 Uncommon trap: reason=class_check action=maybe_recompile pc=0x0000021161e400e0 method=org.gradle.internal.snapshot.SnapshotUtil.getChild(Lorg/gradle/internal/snapshot/ChildMap;Lorg/gradle/internal/snapshot/VfsRelativePath;Lorg/gradle/internal/snapshot/Cas
Event: 1201.760 Thread 0x0000021172a6f800 DEOPT PACKING pc=0x0000021161e400e0 sp=0x00000035cbaf8610
Event: 1201.760 Thread 0x0000021172a6f800 DEOPT UNPACKING pc=0x00000211598666a9 sp=0x00000035cbaf8590 mode 2
Event: 1202.259 Thread 0x0000021172a6f800 Uncommon trap: trap_request=0xffffffde fr.pc=0x0000021161692718 relative=0x00000000000004b8
Event: 1202.259 Thread 0x0000021172a6f800 Uncommon trap: reason=class_check action=maybe_recompile pc=0x0000021161692718 method=org.gradle.internal.snapshot.impl.IsolatedArray.isolate()[Ljava/lang/Object; @ 39 c2
Event: 1202.259 Thread 0x0000021172a6f800 DEOPT PACKING pc=0x0000021161692718 sp=0x00000035cbaf6ba0
Event: 1202.259 Thread 0x0000021172a6f800 DEOPT UNPACKING pc=0x00000211598666a9 sp=0x00000035cbaf6b00 mode 2
Event: 1204.272 Thread 0x0000021172a6f800 Uncommon trap: trap_request=0xffffffde fr.pc=0x0000021161692718 relative=0x00000000000004b8
Event: 1204.272 Thread 0x0000021172a6f800 Uncommon trap: reason=class_check action=maybe_recompile pc=0x0000021161692718 method=org.gradle.internal.snapshot.impl.IsolatedArray.isolate()[Ljava/lang/Object; @ 39 c2
Event: 1204.272 Thread 0x0000021172a6f800 DEOPT PACKING pc=0x0000021161692718 sp=0x00000035cbaf7aa0
Event: 1204.272 Thread 0x0000021172a6f800 DEOPT UNPACKING pc=0x00000211598666a9 sp=0x00000035cbaf7a00 mode 2
Event: 1204.477 Thread 0x0000021172a7c800 Uncommon trap: trap_request=0xffffff4d fr.pc=0x000002116155b1b0 relative=0x0000000000000df0
Event: 1204.477 Thread 0x0000021172a7c800 Uncommon trap: reason=unstable_if action=reinterpret pc=0x000002116155b1b0 method=org.gradle.internal.file.DefaultFileHierarchySet$Node.isChildOfOrThis(Ljava/lang/String;I)Z @ 89 c2
Event: 1204.477 Thread 0x0000021172a7c800 DEOPT PACKING pc=0x000002116155b1b0 sp=0x00000035ccdfbd00
Event: 1204.477 Thread 0x0000021172a7c800 DEOPT UNPACKING pc=0x00000211598666a9 sp=0x00000035ccdfbc30 mode 2
Event: 1204.478 Thread 0x0000021172a7c800 Uncommon trap: trap_request=0xffffff4d fr.pc=0x000002116155cf04 relative=0x0000000000000544
Event: 1204.478 Thread 0x0000021172a7c800 Uncommon trap: reason=unstable_if action=reinterpret pc=0x000002116155cf04 method=org.gradle.internal.file.DefaultFileHierarchySet$Node.isChildOfOrThis(Ljava/lang/String;I)Z @ 89 c2
Event: 1204.478 Thread 0x0000021172a7c800 DEOPT PACKING pc=0x000002116155cf04 sp=0x00000035ccdfbc90
Event: 1204.478 Thread 0x0000021172a7c800 DEOPT UNPACKING pc=0x00000211598666a9 sp=0x00000035ccdfbc20 mode 2

Classes redefined (0 events):
No events

Internal exceptions (20 events):
Event: 1191.814 Thread 0x0000021172a73800 Exception <a 'java/lang/NoSuchMethodError'{0x000000008d58ce00}: <clinit>> (0x000000008d58ce00) thrown at [./src/hotspot/share/prims/jni.cpp, line 1362]
Event: 1191.814 Thread 0x0000021172a73800 Exception <a 'java/lang/NoSuchMethodError'{0x000000008d58df10}: <clinit>> (0x000000008d58df10) thrown at [./src/hotspot/share/prims/jni.cpp, line 1362]
Event: 1191.814 Thread 0x0000021172a73800 Exception <a 'java/lang/NoSuchMethodError'{0x000000008d58f218}: <clinit>> (0x000000008d58f218) thrown at [./src/hotspot/share/prims/jni.cpp, line 1362]
Event: 1191.814 Thread 0x0000021172a73800 Exception <a 'java/lang/NoSuchMethodError'{0x000000008d590238}: <clinit>> (0x000000008d590238) thrown at [./src/hotspot/share/prims/jni.cpp, line 1362]
Event: 1191.816 Thread 0x0000021172a73800 Exception <a 'java/lang/NoSuchMethodError'{0x000000008d599c90}: <clinit>> (0x000000008d599c90) thrown at [./src/hotspot/share/prims/jni.cpp, line 1362]
Event: 1191.819 Thread 0x0000021172a73800 Exception <a 'java/lang/NoSuchMethodError'{0x000000008d5a3e58}: <clinit>> (0x000000008d5a3e58) thrown at [./src/hotspot/share/prims/jni.cpp, line 1362]
Event: 1191.843 Thread 0x0000021172a73800 Implicit null exception at 0x00000211613550ac to 0x0000021161355144
Event: 1191.935 Thread 0x0000021172a73800 Exception <a 'java/lang/NoSuchMethodError'{0x000000008d5b7b00}: <clinit>> (0x000000008d5b7b00) thrown at [./src/hotspot/share/prims/jni.cpp, line 1362]
Event: 1193.999 Thread 0x0000021172a6f800 Exception <a 'sun/nio/fs/WindowsException'{0x000000008ca9b698}> (0x000000008ca9b698) thrown at [./src/hotspot/share/prims/jni.cpp, line 615]
Event: 1198.470 Thread 0x0000021172a6f800 Exception <a 'java/lang/NoSuchMethodError'{0x000000008bf9f280}: 'java.lang.Object java.lang.invoke.Invokers$Holder.linkToTargetMethod(java.lang.Object, int, int, java.lang.Object)'> (0x000000008bf9f280) thrown at [./src/hotspot/share/interpreter/linkResolver.cpp, line 773]
Event: 1200.261 Thread 0x0000021172a6f800 Exception <a 'java/lang/NoSuchMethodError'{0x000000008b1b4260}: <clinit>> (0x000000008b1b4260) thrown at [./src/hotspot/share/prims/jni.cpp, line 1362]
Event: 1200.711 Thread 0x0000021172a73800 Exception <a 'java/lang/NoSuchMethodError'{0x000000008ae6ad98}: <clinit>> (0x000000008ae6ad98) thrown at [./src/hotspot/share/prims/jni.cpp, line 1362]
Event: 1200.714 Thread 0x0000021172a73800 Exception <a 'java/lang/NoSuchMethodError'{0x000000008ae74170}: <clinit>> (0x000000008ae74170) thrown at [./src/hotspot/share/prims/jni.cpp, line 1362]
Event: 1200.874 Thread 0x0000021172a6f800 Exception <a 'java/lang/NoSuchMethodError'{0x000000008aea1048}: 'void java.lang.invoke.DirectMethodHandle$Holder.invokeInterface(java.lang.Object, java.lang.Object)'> (0x000000008aea1048) thrown at [./src/hotspot/share/interpreter/linkResolver.cpp, line 773]
Event: 1200.897 Thread 0x0000021172a73800 Exception <a 'java/lang/NoSuchMethodError'{0x000000008ae7e540}: <clinit>> (0x000000008ae7e540) thrown at [./src/hotspot/share/prims/jni.cpp, line 1362]
Event: 1200.899 Thread 0x0000021172a73800 Exception <a 'java/lang/NoSuchMethodError'{0x000000008aed4bb0}: <clinit>> (0x000000008aed4bb0) thrown at [./src/hotspot/share/prims/jni.cpp, line 1362]
Event: 1200.899 Thread 0x0000021172a73800 Exception <a 'java/lang/NoSuchMethodError'{0x000000008aed5e88}: <clinit>> (0x000000008aed5e88) thrown at [./src/hotspot/share/prims/jni.cpp, line 1362]
Event: 1201.192 Thread 0x0000021174ee1800 Exception <a 'java/lang/NoSuchMethodError'{0x000000008ac9bcb0}: <clinit>> (0x000000008ac9bcb0) thrown at [./src/hotspot/share/prims/jni.cpp, line 1362]
Event: 1201.196 Thread 0x0000021174ee1800 Exception <a 'java/lang/NoSuchMethodError'{0x000000008acd7f30}: <clinit>> (0x000000008acd7f30) thrown at [./src/hotspot/share/prims/jni.cpp, line 1362]
Event: 1201.615 Thread 0x0000021172a73800 Exception <a 'java/lang/NoSuchMethodError'{0x0000000091809350}: <clinit>> (0x0000000091809350) thrown at [./src/hotspot/share/prims/jni.cpp, line 1362]

Events (20 events):
Event: 1204.692 loading class org/gradle/internal/watch/registry/FileWatcherRegistry$Type
Event: 1204.692 loading class org/gradle/internal/watch/registry/FileWatcherRegistry$Type done
Event: 1204.694 loading class org/gradle/internal/watch/registry/FileWatcherRegistry$Type
Event: 1204.694 loading class org/gradle/internal/watch/registry/FileWatcherRegistry$Type done
Event: 1204.694 loading class org/gradle/internal/snapshot/SnapshotHierarchy
Event: 1204.694 loading class org/gradle/internal/snapshot/SnapshotHierarchy done
Event: 1204.694 loading class org/gradle/internal/watch/vfs/impl/WatchingVirtualFileSystem$3
Event: 1204.694 loading class org/gradle/internal/watch/vfs/impl/WatchingVirtualFileSystem$3 done
Event: 1204.695 loading class org/gradle/internal/snapshot/SnapshotHierarchy$NodeDiffListener
Event: 1204.695 loading class org/gradle/internal/snapshot/SnapshotHierarchy$NodeDiffListener done
Event: 1204.695 loading class org/gradle/internal/snapshot/SnapshotHierarchy
Event: 1204.695 loading class org/gradle/internal/snapshot/SnapshotHierarchy done
Event: 1204.695 loading class org/gradle/internal/snapshot/SnapshotHierarchy
Event: 1204.695 loading class org/gradle/internal/snapshot/SnapshotHierarchy done
Event: 1204.696 loading class org/gradle/internal/watch/vfs/impl/WatchingVirtualFileSystem$VfsChangeLoggingNodeDiffListener
Event: 1204.696 loading class org/gradle/internal/watch/vfs/impl/WatchingVirtualFileSystem$VfsChangeLoggingNodeDiffListener done
Event: 1205.253 Executing VM operation: RevokeBias
Event: 1205.253 Executing VM operation: RevokeBias done
Event: 1205.447 Executing VM operation: RevokeBias
Event: 1205.448 Executing VM operation: RevokeBias done


Dynamic libraries:
0x00007ff6aaac0000 - 0x00007ff6aaaca000 	C:\Users\felip\OneDrive\Desktop\android-studio-ide-202.6987402-windows\android-studio\jre\bin\java.exe
0x00007ffb762b0000 - 0x00007ffb764a5000 	C:\Windows\SYSTEM32\ntdll.dll
0x00007ffb759b0000 - 0x00007ffb75a6d000 	C:\Windows\System32\KERNEL32.DLL
0x00007ffb73e10000 - 0x00007ffb740d9000 	C:\Windows\System32\KERNELBASE.dll
0x00007ffb73c60000 - 0x00007ffb73d60000 	C:\Windows\System32\ucrtbase.dll
0x00007ffb69700000 - 0x00007ffb69717000 	C:\Users\felip\OneDrive\Desktop\android-studio-ide-202.6987402-windows\android-studio\jre\bin\VCRUNTIME140.dll
0x00007ffb68d90000 - 0x00007ffb68da9000 	C:\Users\felip\OneDrive\Desktop\android-studio-ide-202.6987402-windows\android-studio\jre\bin\jli.dll
0x00007ffb74530000 - 0x00007ffb746d0000 	C:\Windows\System32\USER32.dll
0x00007ffb740e0000 - 0x00007ffb74102000 	C:\Windows\System32\win32u.dll
0x00007ffb74390000 - 0x00007ffb743ba000 	C:\Windows\System32\GDI32.dll
0x00007ffb62750000 - 0x00007ffb629ea000 	C:\Windows\WinSxS\amd64_microsoft.windows.common-controls_6595b64144ccf1df_6.0.19041.1083_none_60bbe31371f34e71\COMCTL32.dll
0x00007ffb73ac0000 - 0x00007ffb73bcb000 	C:\Windows\System32\gdi32full.dll
0x00007ffb74b80000 - 0x00007ffb74c1e000 	C:\Windows\System32\msvcrt.dll
0x00007ffb73a20000 - 0x00007ffb73abd000 	C:\Windows\System32\msvcp_win.dll
0x00007ffb74500000 - 0x00007ffb74530000 	C:\Windows\System32\IMM32.DLL
0x00007ffb4f140000 - 0x00007ffb4f1dd000 	C:\Users\felip\OneDrive\Desktop\android-studio-ide-202.6987402-windows\android-studio\jre\bin\msvcp140.dll
0x00007ffb3ac00000 - 0x00007ffb3b6bc000 	C:\Users\felip\OneDrive\Desktop\android-studio-ide-202.6987402-windows\android-studio\jre\bin\server\jvm.dll
0x00007ffb75020000 - 0x00007ffb750cc000 	C:\Windows\System32\ADVAPI32.dll
0x00007ffb74f80000 - 0x00007ffb7501b000 	C:\Windows\System32\sechost.dll
0x00007ffb743c0000 - 0x00007ffb744ea000 	C:\Windows\System32\RPCRT4.dll
0x00007ffb748b0000 - 0x00007ffb748b8000 	C:\Windows\System32\PSAPI.DLL
0x00007ffb68f10000 - 0x00007ffb68f37000 	C:\Windows\SYSTEM32\WINMM.dll
0x00007ffb6b290000 - 0x00007ffb6b299000 	C:\Windows\SYSTEM32\WSOCK32.dll
0x00007ffb6e390000 - 0x00007ffb6e39a000 	C:\Windows\SYSTEM32\VERSION.dll
0x00007ffb74320000 - 0x00007ffb7438b000 	C:\Windows\System32\WS2_32.dll
0x00007ffb71840000 - 0x00007ffb71852000 	C:\Windows\SYSTEM32\kernel.appcore.dll
0x00007ffb6ee90000 - 0x00007ffb6eea1000 	C:\Users\felip\OneDrive\Desktop\android-studio-ide-202.6987402-windows\android-studio\jre\bin\verify.dll
0x00007ffb6dff0000 - 0x00007ffb6e1d4000 	C:\Windows\SYSTEM32\DBGHELP.DLL
0x00007ffb6ddc0000 - 0x00007ffb6ddec000 	C:\Windows\SYSTEM32\dbgcore.DLL
0x00007ffb73bd0000 - 0x00007ffb73c53000 	C:\Windows\System32\bcryptPrimitives.dll
0x00007ffb6de40000 - 0x00007ffb6de69000 	C:\Users\felip\OneDrive\Desktop\android-studio-ide-202.6987402-windows\android-studio\jre\bin\java.dll
0x00007ffb6ee80000 - 0x00007ffb6ee8b000 	C:\Users\felip\OneDrive\Desktop\android-studio-ide-202.6987402-windows\android-studio\jre\bin\jimage.dll
0x00007ffb6d8a0000 - 0x00007ffb6d8b8000 	C:\Users\felip\OneDrive\Desktop\android-studio-ide-202.6987402-windows\android-studio\jre\bin\zip.dll
0x00007ffb75b30000 - 0x00007ffb7626f000 	C:\Windows\System32\SHELL32.dll
0x00007ffb71b20000 - 0x00007ffb722b1000 	C:\Windows\SYSTEM32\windows.storage.dll
0x00007ffb750d0000 - 0x00007ffb75425000 	C:\Windows\System32\combase.dll
0x00007ffb73390000 - 0x00007ffb733bc000 	C:\Windows\SYSTEM32\Wldp.dll
0x00007ffb749f0000 - 0x00007ffb74a9e000 	C:\Windows\System32\SHCORE.dll
0x00007ffb75ad0000 - 0x00007ffb75b25000 	C:\Windows\System32\shlwapi.dll
0x00007ffb73930000 - 0x00007ffb7394f000 	C:\Windows\SYSTEM32\profapi.dll
0x00007ffb6d880000 - 0x00007ffb6d89a000 	C:\Users\felip\OneDrive\Desktop\android-studio-ide-202.6987402-windows\android-studio\jre\bin\net.dll
0x00007ffb6bc30000 - 0x00007ffb6bd3a000 	C:\Windows\SYSTEM32\WINHTTP.dll
0x00007ffb730f0000 - 0x00007ffb7315a000 	C:\Windows\system32\mswsock.dll
0x00007ffb6d860000 - 0x00007ffb6d874000 	C:\Users\felip\OneDrive\Desktop\android-studio-ide-202.6987402-windows\android-studio\jre\bin\nio.dll
0x00007ffb6d7f0000 - 0x00007ffb6d817000 	C:\Users\felip\.gradle\native\8bec1ad78214c89d9ad589b4d07fe93259594b29d510b10fafb7a158f7737e5d\windows-amd64\native-platform.dll
0x00007ffb4a3c0000 - 0x00007ffb4a4fd000 	C:\Users\felip\.gradle\native\53dbd7edfb1c66fb8903c78663c9afc45aea4f116125fa6feffd364cf09443e8\windows-amd64\native-platform-file-events.dll
0x00007ffb6ee70000 - 0x00007ffb6ee7a000 	C:\Users\felip\OneDrive\Desktop\android-studio-ide-202.6987402-windows\android-studio\jre\bin\management.dll
0x00007ffb6de30000 - 0x00007ffb6de3c000 	C:\Users\felip\OneDrive\Desktop\android-studio-ide-202.6987402-windows\android-studio\jre\bin\management_ext.dll
0x00007ffb732e0000 - 0x00007ffb732f8000 	C:\Windows\SYSTEM32\CRYPTSP.dll
0x00007ffb72a90000 - 0x00007ffb72ac4000 	C:\Windows\system32\rsaenh.dll
0x00007ffb739f0000 - 0x00007ffb73a17000 	C:\Windows\System32\bcrypt.dll
0x00007ffb738f0000 - 0x00007ffb7391e000 	C:\Windows\SYSTEM32\USERENV.dll
0x00007ffb732d0000 - 0x00007ffb732dc000 	C:\Windows\SYSTEM32\CRYPTBASE.dll
0x00007ffb72de0000 - 0x00007ffb72e1b000 	C:\Windows\SYSTEM32\IPHLPAPI.DLL
0x00007ffb744f0000 - 0x00007ffb744f8000 	C:\Windows\System32\NSI.dll
0x00007ffb6dfb0000 - 0x00007ffb6dfc7000 	C:\Windows\SYSTEM32\dhcpcsvc6.DLL
0x00007ffb6e2f0000 - 0x00007ffb6e30d000 	C:\Windows\SYSTEM32\dhcpcsvc.DLL
0x00007ffb72e20000 - 0x00007ffb72eec000 	C:\Windows\SYSTEM32\DNSAPI.dll
0x00007ffb6d830000 - 0x00007ffb6d857000 	C:\Users\felip\OneDrive\Desktop\android-studio-ide-202.6987402-windows\android-studio\jre\bin\sunec.dll
0x00007ffb6b250000 - 0x00007ffb6b25a000 	C:\Windows\System32\rasadhlp.dll
0x00007ffb6cd80000 - 0x00007ffb6cdff000 	C:\Windows\System32\fwpuclnt.dll
0x00007ffb72720000 - 0x00007ffb72753000 	C:\Windows\SYSTEM32\ntmarta.dll

dbghelp: loaded successfully - version: 4.0.5 - missing functions: none
symbol engine: initialized successfully - sym options: 0x614 - pdb path: .;C:\Users\felip\OneDrive\Desktop\android-studio-ide-202.6987402-windows\android-studio\jre\bin;C:\Windows\SYSTEM32;C:\Windows\WinSxS\amd64_microsoft.windows.common-controls_6595b64144ccf1df_6.0.19041.1083_none_60bbe31371f34e71;C:\Users\felip\OneDrive\Desktop\android-studio-ide-202.6987402-windows\android-studio\jre\bin\server;C:\Users\felip\.gradle\native\8bec1ad78214c89d9ad589b4d07fe93259594b29d510b10fafb7a158f7737e5d\windows-amd64;C:\Users\felip\.gradle\native\53dbd7edfb1c66fb8903c78663c9afc45aea4f116125fa6feffd364cf09443e8\windows-amd64

VM Arguments:
jvm_args: --add-opens=java.base/java.util=ALL-UNNAMED --add-opens=java.base/java.lang=ALL-UNNAMED --add-opens=java.base/java.lang.invoke=ALL-UNNAMED --add-opens=java.base/java.util=ALL-UNNAMED --add-opens=java.prefs/java.util.prefs=ALL-UNNAMED --add-opens=java.prefs/java.util.prefs=ALL-UNNAMED --add-opens=java.base/java.nio.charset=ALL-UNNAMED --add-opens=java.base/java.net=ALL-UNNAMED --add-opens=java.base/java.util.concurrent.atomic=ALL-UNNAMED -Xmx2048m -Dfile.encoding=windows-1252 -Duser.country=US -Duser.language=en -Duser.variant 
java_command: org.gradle.launcher.daemon.bootstrap.GradleDaemon 7.1
java_class_path (initial): C:\Users\felip\Downloads\gradle-7.1\lib\gradle-launcher-7.1.jar
Launcher Type: SUN_STANDARD

[Global flags]
     intx CICompilerCount                          = 2                                         {product} {ergonomic}
     uint ConcGCThreads                            = 1                                         {product} {ergonomic}
     uint G1ConcRefinementThreads                  = 2                                         {product} {ergonomic}
   size_t G1HeapRegionSize                         = 1048576                                   {product} {ergonomic}
    uintx GCDrainStackTargetSize                   = 64                                        {product} {ergonomic}
   size_t InitialHeapSize                          = 67108864                                  {product} {ergonomic}
   size_t MarkStackSize                            = 4194304                                   {product} {ergonomic}
   size_t MaxHeapSize                              = 2147483648                                {product} {command line}
   size_t MaxNewSize                               = 1287651328                                {product} {ergonomic}
   size_t MinHeapDeltaBytes                        = 1048576                                   {product} {ergonomic}
    uintx NonNMethodCodeHeapSize                   = 5825164                                {pd product} {ergonomic}
    uintx NonProfiledCodeHeapSize                  = 122916538                              {pd product} {ergonomic}
    uintx ProfiledCodeHeapSize                     = 122916538                              {pd product} {ergonomic}
    uintx ReservedCodeCacheSize                    = 251658240                              {pd product} {ergonomic}
     bool SegmentedCodeCache                       = true                                      {product} {ergonomic}
     bool UseCompressedClassPointers               = true                                 {lp64_product} {ergonomic}
     bool UseCompressedOops                        = true                                 {lp64_product} {ergonomic}
     bool UseG1GC                                  = true                                      {product} {ergonomic}
     bool UseLargePagesIndividualAllocation        = false                                  {pd product} {ergonomic}

Logging:
Log output configuration:
 #0: stdout all=warning uptime,level,tags
 #1: stderr all=off uptime,level,tags

Environment Variables:
PATH=C:\Program Files\Common Files\Oracle\Java\javapath;C:\Program Files (x86)\Common Files\Oracle\Java\javapath;C:\Windows\system32;C:\Windows;C:\Windows\System32\Wbem;C:\Windows\System32\WindowsPowerShell\v1.0\;C:\Windows\System32\OpenSSH\;C:\ProgramData\chocolatey\bin;C:\Program Files (x86)\Yarn\bin\;C:\Program Files\nodejs\;C:\Program Files\Git\cmd;C:\Users\felip\AppData\Local\Microsoft\WindowsApps;C:\Users\felip\AppData\Local\Programs\Microsoft VS Code\bin;C:\Users\felip\AppData\Local\Yarn\bin;C:\Users\felip\AppData\Local\GitHubDesktop\bin;C:\Users\felip\AppData\Roaming\npm
USERNAME=felip
OS=Windows_NT
PROCESSOR_IDENTIFIER=Intel64 Family 6 Model 23 Stepping 10, GenuineIntel



---------------  S Y S T E M  ---------------

OS: Windows 10 , 64 bit Build 19041 (10.0.19041.1023)
OS uptime: 3 days 14:21 hours

CPU:total 2 (initial active 2) (2 cores per cpu, 1 threads per core) family 6 model 23 stepping 10, cmov, cx8, fxsr, mmx, sse, sse2, sse3, ssse3, tsc

Memory: 4k page, system-wide physical 4061M (43M free)
TotalPageFile size 4061M (AvailPageFile size 4M)
current process WorkingSet (physical memory assigned to process): 527M, peak: 528M
current process commit charge ("private bytes"): 617M, peak: 622M

vm_info: OpenJDK 64-Bit Server VM (11.0.8+10-b944.6842174) for windows-amd64 JRE (11.0.8+10-b944.6842174), built on Sep 19 2020 01:11:42 by "builder" with MS VC++ 14.0 (VS2015)

END.
