#
# There is insufficient memory for the Java Runtime Environment to continue.
# Native memory allocation (malloc) failed to allocate 32744 bytes for ChunkPool::allocate
# Possible reasons:
#   The system is out of physical RAM or swap space
#   The process is running with CompressedOops enabled, and the Java Heap may be blocking the growth of the native heap
# Possible solutions:
#   Reduce memory load on the system
#   Increase physical memory or swap space
#   Check if swap backing store is full
#   Decrease Java heap size (-Xmx/-Xms)
#   Decrease number of Java threads
#   Decrease Java thread stack sizes (-Xss)
#   Set larger code cache with -XX:ReservedCodeCacheSize=
#   JVM is running with Unscaled Compressed Oops mode in which the Java heap is
#     placed in the first 4GB address space. The Java Heap base address is the
#     maximum limit for the native heap growth. Please use -XX:HeapBaseMinAddress
#     to set the Java Heap base and to place the Java Heap above 4GB virtual address.
# This output file may be truncated or incomplete.
#
#  Out of Memory Error (./src/hotspot/share/memory/arena.cpp:81), pid=272, tid=5124
#
# JRE version: OpenJDK Runtime Environment (11.0.8+10) (build 11.0.8+10-b944.6842174)
# Java VM: OpenJDK 64-Bit Server VM (11.0.8+10-b944.6842174, mixed mode, tiered, compressed oops, g1 gc, windows-amd64)
# No core dump will be written. Minidumps are not enabled by default on client versions of Windows
#

---------------  S U M M A R Y ------------

Command Line: --add-opens=java.base/java.util=ALL-UNNAMED --add-opens=java.base/java.lang=ALL-UNNAMED --add-opens=java.base/java.lang.invoke=ALL-UNNAMED --add-opens=java.prefs/java.util.prefs=ALL-UNNAMED -Xmx2048m -Dfile.encoding=windows-1252 -Duser.country=US -Duser.language=en -Duser.variant org.gradle.launcher.daemon.bootstrap.GradleDaemon 6.7.1

Host: Celeron(R) Dual-Core CPU       T3500  @ 2.10GHz, 2 cores, 3G,  Windows 10 , 64 bit Build 19041 (10.0.19041.1023)
Time: Wed Jun 23 14:32:28 2021 E. South America Standard Time elapsed time: 1336 seconds (0d 0h 22m 16s)

---------------  T H R E A D  ---------------

Current thread (0x00000209f4c04000):  JavaThread "C2 CompilerThread0" daemon [_thread_in_native, id=5124, stack(0x000000ff46500000,0x000000ff46600000)]


Current CompileTask:
C2:1336774 21594       4       org.gradle.internal.normalization.java.impl.ApiMemberSelector::visitAnnotationValue (167 bytes)

Stack: [0x000000ff46500000,0x000000ff46600000]
Native frames: (J=compiled Java code, j=interpreted, Vv=VM code, C=native code)
V  [jvm.dll+0x5de50a]
V  [jvm.dll+0x7122f5]
V  [jvm.dll+0x71384d]
V  [jvm.dll+0x713f03]
V  [jvm.dll+0x23e728]
V  [jvm.dll+0xb8beb]
V  [jvm.dll+0xb8e9c]
V  [jvm.dll+0x355b56]
V  [jvm.dll+0x3553d1]
V  [jvm.dll+0x355414]
V  [jvm.dll+0x4e5bf4]
V  [jvm.dll+0x4e6619]
V  [jvm.dll+0x31ded2]
V  [jvm.dll+0x31d39a]
V  [jvm.dll+0x1f7702]
V  [jvm.dll+0x1f68d4]
V  [jvm.dll+0x17f32c]
V  [jvm.dll+0x205047]
V  [jvm.dll+0x203891]
V  [jvm.dll+0x6dad3f]
V  [jvm.dll+0x6d3895]
V  [jvm.dll+0x5dd4a6]
C  [ucrtbase.dll+0x21bb2]
C  [KERNEL32.DLL+0x17034]
C  [ntdll.dll+0x52651]


---------------  P R O C E S S  ---------------

Threads class SMR info:
_java_thread_list=0x00000209fd9a5d50, length=38, elements={
0x00000209d8d1c800, 0x00000209f4266000, 0x00000209f426f800, 0x00000209f4c00800,
0x00000209f4c02000, 0x00000209f4c04000, 0x00000209f4c09800, 0x00000209f42ed800,
0x00000209f4d41000, 0x00000209f4d74000, 0x00000209f60da800, 0x00000209f5db6000,
0x00000209f5732800, 0x00000209f67bf000, 0x00000209f67b9800, 0x00000209f67bd800,
0x00000209f4eae000, 0x00000209f4ead800, 0x00000209f8e3c000, 0x00000209f8e39800,
0x00000209f8e38800, 0x00000209f8e3c800, 0x00000209f8e37000, 0x00000209f8e3d800,
0x00000209f8e37800, 0x00000209f8e40000, 0x00000209f8e40800, 0x00000209f8e3e000,
0x00000209f8e3f000, 0x00000209f8e3b000, 0x00000209f8e45000, 0x00000209f8e44000,
0x00000209fb109000, 0x00000209fb10c800, 0x00000209fb10a800, 0x00000209fb108000,
0x00000209fb111000, 0x00000209fd12a800
}

Java Threads: ( => current thread )
  0x00000209d8d1c800 JavaThread "main" [_thread_blocked, id=924, stack(0x000000ff45a00000,0x000000ff45b00000)]
  0x00000209f4266000 JavaThread "Reference Handler" daemon [_thread_blocked, id=3908, stack(0x000000ff46100000,0x000000ff46200000)]
  0x00000209f426f800 JavaThread "Finalizer" daemon [_thread_blocked, id=6092, stack(0x000000ff46200000,0x000000ff46300000)]
  0x00000209f4c00800 JavaThread "Signal Dispatcher" daemon [_thread_blocked, id=5316, stack(0x000000ff46300000,0x000000ff46400000)]
  0x00000209f4c02000 JavaThread "Attach Listener" daemon [_thread_blocked, id=7252, stack(0x000000ff46400000,0x000000ff46500000)]
=>0x00000209f4c04000 JavaThread "C2 CompilerThread0" daemon [_thread_in_native, id=5124, stack(0x000000ff46500000,0x000000ff46600000)]
  0x00000209f4c09800 JavaThread "C1 CompilerThread0" daemon [_thread_blocked, id=6996, stack(0x000000ff46600000,0x000000ff46700000)]
  0x00000209f42ed800 JavaThread "Sweeper thread" daemon [_thread_blocked, id=768, stack(0x000000ff46700000,0x000000ff46800000)]
  0x00000209f4d41000 JavaThread "Common-Cleaner" daemon [_thread_blocked, id=1964, stack(0x000000ff46800000,0x000000ff46900000)]
  0x00000209f4d74000 JavaThread "Service Thread" daemon [_thread_blocked, id=7732, stack(0x000000ff46900000,0x000000ff46a00000)]
  0x00000209f60da800 JavaThread "Daemon health stats" [_thread_blocked, id=6612, stack(0x000000ff46c00000,0x000000ff46d00000)]
  0x00000209f5db6000 JavaThread "Incoming local TCP Connector on port 12047" [_thread_in_native, id=5784, stack(0x000000ff46f00000,0x000000ff47000000)]
  0x00000209f5732800 JavaThread "Daemon periodic checks" [_thread_blocked, id=1472, stack(0x000000ff47000000,0x000000ff47100000)]
  0x00000209f67bf000 JavaThread "Cache worker for file hash cache (C:\Users\felip\.gradle\caches\6.7.1\fileHashes)" [_thread_blocked, id=7224, stack(0x000000ff47800000,0x000000ff47900000)]
  0x00000209f67b9800 JavaThread "File lock request listener" [_thread_in_native, id=7232, stack(0x000000ff47900000,0x000000ff47a00000)]
  0x00000209f67bd800 JavaThread "Cache worker for journal cache (C:\Users\felip\.gradle\caches\journal-1)" [_thread_blocked, id=5352, stack(0x000000ff47a00000,0x000000ff47b00000)]
  0x00000209f4eae000 JavaThread "Cache worker for execution history cache (C:\Users\felip\.gradle\caches\6.7.1\executionHistory)" [_thread_blocked, id=6664, stack(0x000000ff49400000,0x000000ff49500000)]
  0x00000209f4ead800 JavaThread "Cache worker for file content cache (C:\Users\felip\.gradle\caches\6.7.1\fileContent)" [_thread_blocked, id=5988, stack(0x000000ff49500000,0x000000ff49600000)]
  0x00000209f8e3c000 JavaThread "Memory manager" [_thread_blocked, id=3588, stack(0x000000ff47600000,0x000000ff47700000)]
  0x00000209f8e39800 JavaThread "Daemon Thread 4" [_thread_blocked, id=8608, stack(0x000000ff46d00000,0x000000ff46e00000)]
  0x00000209f8e38800 JavaThread "Handler for socket connection from /127.0.0.1:12047 to /127.0.0.1:6835" [_thread_in_native, id=8504, stack(0x000000ff46e00000,0x000000ff46f00000)]
  0x00000209f8e3c800 JavaThread "Cancel handler" [_thread_blocked, id=8500, stack(0x000000ff47100000,0x000000ff47200000)]
  0x00000209f8e37000 JavaThread "Daemon worker Thread 4" [_thread_in_vm, id=4948, stack(0x000000ff47200000,0x000000ff47300000)]
  0x00000209f8e3d800 JavaThread "Asynchronous log dispatcher for DefaultDaemonConnection: socket connection from /127.0.0.1:12047 to /127.0.0.1:6835" [_thread_blocked, id=5192, stack(0x000000ff47300000,0x000000ff47400000)]
  0x00000209f8e37800 JavaThread "Thread-561" [_thread_blocked, id=8540, stack(0x000000ff47500000,0x000000ff47600000)]
  0x00000209f8e40000 JavaThread "Cache worker for file hash cache (C:\Users\felip\AndroidStudioProjects\TheMovieApp\.gradle\6.7.1\fileHashes)" [_thread_blocked, id=8544, stack(0x000000ff47700000,0x000000ff47800000)]
  0x00000209f8e40800 JavaThread "Cache worker for checksums cache (C:\Users\felip\AndroidStudioProjects\TheMovieApp\.gradle\checksums)" [_thread_blocked, id=8568, stack(0x000000ff47b00000,0x000000ff47c00000)]
  0x00000209f8e3e000 JavaThread "Cache worker for cache directory md-supplier (C:\Users\felip\.gradle\caches\6.7.1\md-supplier)" [_thread_blocked, id=8548, stack(0x000000ff47c00000,0x000000ff47d00000)]
  0x00000209f8e3f000 JavaThread "Cache worker for cache directory md-rule (C:\Users\felip\.gradle\caches\6.7.1\md-rule)" [_thread_blocked, id=8552, stack(0x000000ff47d00000,0x000000ff47e00000)]
  0x00000209f8e3b000 JavaThread "Cache worker for Build Output Cleanup Cache (C:\Users\felip\AndroidStudioProjects\TheMovieApp\.gradle\buildOutputCleanup)" [_thread_blocked, id=4412, stack(0x000000ff47e00000,0x000000ff47f00000)]
  0x00000209f8e45000 JavaThread "Build operations" [_thread_blocked, id=4304, stack(0x000000ff47f00000,0x000000ff48000000)]
  0x00000209f8e44000 JavaThread "Build operations Thread 2" [_thread_blocked, id=1976, stack(0x000000ff48000000,0x000000ff48100000)]
  0x00000209fb109000 JavaThread "build event listener" [_thread_blocked, id=6720, stack(0x000000ff4fa00000,0x000000ff4fb00000)]
  0x00000209fb10c800 JavaThread "build event listener" [_thread_blocked, id=8920, stack(0x000000ff4fb00000,0x000000ff4fc00000)]
  0x00000209fb10a800 JavaThread "Execution worker for ':'" [_thread_blocked, id=7092, stack(0x000000ff4fc00000,0x000000ff4fd00000)]
  0x00000209fb108000 JavaThread "Cache worker for execution history cache (C:\Users\felip\AndroidStudioProjects\TheMovieApp\.gradle\6.7.1\executionHistory)" [_thread_blocked, id=8936, stack(0x000000ff4fd00000,0x000000ff4fe00000)]
  0x00000209fb111000 JavaThread "WorkerExecutor Queue" [_thread_blocked, id=7744, stack(0x000000ff4fe00000,0x000000ff4ff00000)]
  0x00000209fd12a800 JavaThread "WorkerExecutor Queue Thread 2" [_thread_blocked, id=6876, stack(0x000000ff47400000,0x000000ff47500000)]

Other Threads:
  0x00000209f4261000 VMThread "VM Thread" [stack: 0x000000ff46000000,0x000000ff46100000] [id=7908]
  0x00000209f4d75000 WatcherThread [stack: 0x000000ff46a00000,0x000000ff46b00000] [id=4356]
  0x00000209d8d38000 GCTaskThread "GC Thread#0" [stack: 0x000000ff45b00000,0x000000ff45c00000] [id=5884]
  0x00000209f4e44000 GCTaskThread "GC Thread#1" [stack: 0x000000ff46b00000,0x000000ff46c00000] [id=2692]
  0x00000209d8d6a800 ConcurrentGCThread "G1 Main Marker" [stack: 0x000000ff45c00000,0x000000ff45d00000] [id=7944]
  0x00000209d8d6e000 ConcurrentGCThread "G1 Conc#0" [stack: 0x000000ff45d00000,0x000000ff45e00000] [id=4424]
  0x00000209d8dc1800 ConcurrentGCThread "G1 Refine#0" [stack: 0x000000ff45e00000,0x000000ff45f00000] [id=1036]
  0x00000209d8dc2800 ConcurrentGCThread "G1 Young RemSet Sampling" [stack: 0x000000ff45f00000,0x000000ff46000000] [id=5392]

Threads with active compile tasks:
C2 CompilerThread01338059 21594       4       org.gradle.internal.normalization.java.impl.ApiMemberSelector::visitAnnotationValue (167 bytes)

VM state:synchronizing (normal execution)

VM Mutex/Monitor currently owned by a thread:  ([mutex/lock_event])
[0x00000209d8d1b970] Threads_lock - owner thread: 0x00000209f4261000

Heap address: 0x0000000080000000, size: 2048 MB, Compressed Oops mode: 32-bit
Narrow klass base: 0x0000000000000000, Narrow klass shift: 3
Compressed class space size: 1073741824 Address: 0x0000000100000000

Heap:
 garbage-first heap   total 324608K, used 193224K [0x0000000080000000, 0x0000000100000000)
  region size 1024K, 31 young (31744K), 10 survivors (10240K)
 Metaspace       used 124408K, capacity 128065K, committed 128252K, reserved 1161216K
  class space    used 14958K, capacity 16250K, committed 16256K, reserved 1048576K
Heap Regions: E=young(eden), S=young(survivor), O=old, HS=humongous(starts), HC=humongous(continues), CS=collection set, F=free, A=archive, TAMS=top-at-mark-start (previous, next)
|   0|0x0000000080000000, 0x0000000080100000, 0x0000000080100000|100%| O|  |TAMS 0x0000000080100000, 0x0000000080000000| Untracked 
|   1|0x0000000080100000, 0x0000000080200000, 0x0000000080200000|100%| O|  |TAMS 0x0000000080200000, 0x0000000080100000| Untracked 
|   2|0x0000000080200000, 0x0000000080300000, 0x0000000080300000|100%| O|  |TAMS 0x0000000080300000, 0x0000000080200000| Untracked 
|   3|0x0000000080300000, 0x0000000080400000, 0x0000000080400000|100%| O|  |TAMS 0x0000000080400000, 0x0000000080300000| Untracked 
|   4|0x0000000080400000, 0x0000000080500000, 0x0000000080500000|100%|HS|  |TAMS 0x0000000080500000, 0x0000000080400000| Complete 
|   5|0x0000000080500000, 0x0000000080600000, 0x0000000080600000|100%|HC|  |TAMS 0x0000000080600000, 0x0000000080500000| Complete 
|   6|0x0000000080600000, 0x0000000080700000, 0x0000000080700000|100%|HC|  |TAMS 0x0000000080700000, 0x0000000080600000| Complete 
|   7|0x0000000080700000, 0x0000000080800000, 0x0000000080800000|100%| O|  |TAMS 0x0000000080800000, 0x0000000080700000| Untracked 
|   8|0x0000000080800000, 0x0000000080900000, 0x0000000080900000|100%| O|  |TAMS 0x0000000080900000, 0x0000000080800000| Untracked 
|   9|0x0000000080900000, 0x0000000080a00000, 0x0000000080a00000|100%| O|  |TAMS 0x0000000080a00000, 0x0000000080900000| Untracked 
|  10|0x0000000080a00000, 0x0000000080b00000, 0x0000000080b00000|100%| O|  |TAMS 0x0000000080b00000, 0x0000000080a00000| Untracked 
|  11|0x0000000080b00000, 0x0000000080c00000, 0x0000000080c00000|100%| O|  |TAMS 0x0000000080b00000, 0x0000000080b00000| Untracked 
|  12|0x0000000080c00000, 0x0000000080d00000, 0x0000000080d00000|100%| O|  |TAMS 0x0000000080d00000, 0x0000000080c00000| Untracked 
|  13|0x0000000080d00000, 0x0000000080e00000, 0x0000000080e00000|100%| O|  |TAMS 0x0000000080e00000, 0x0000000080d00000| Untracked 
|  14|0x0000000080e00000, 0x0000000080f00000, 0x0000000080f00000|100%| O|  |TAMS 0x0000000080f00000, 0x0000000080e00000| Untracked 
|  15|0x0000000080f00000, 0x0000000081000000, 0x0000000081000000|100%| O|  |TAMS 0x0000000081000000, 0x0000000080f00000| Untracked 
|  16|0x0000000081000000, 0x0000000081100000, 0x0000000081100000|100%|HS|  |TAMS 0x0000000081100000, 0x0000000081000000| Complete 
|  17|0x0000000081100000, 0x0000000081200000, 0x0000000081200000|100%|HC|  |TAMS 0x0000000081200000, 0x0000000081100000| Complete 
|  18|0x0000000081200000, 0x0000000081300000, 0x0000000081300000|100%|HS|  |TAMS 0x0000000081300000, 0x0000000081200000| Complete 
|  19|0x0000000081300000, 0x0000000081400000, 0x0000000081400000|100%|HC|  |TAMS 0x0000000081400000, 0x0000000081300000| Complete 
|  20|0x0000000081400000, 0x0000000081500000, 0x0000000081500000|100%|HC|  |TAMS 0x0000000081500000, 0x0000000081400000| Complete 
|  21|0x0000000081500000, 0x0000000081600000, 0x0000000081600000|100%|HS|  |TAMS 0x0000000081600000, 0x0000000081500000| Complete 
|  22|0x0000000081600000, 0x0000000081700000, 0x0000000081700000|100%|HC|  |TAMS 0x0000000081700000, 0x0000000081600000| Complete 
|  23|0x0000000081700000, 0x0000000081800000, 0x0000000081800000|100%|HC|  |TAMS 0x0000000081800000, 0x0000000081700000| Complete 
|  24|0x0000000081800000, 0x0000000081900000, 0x0000000081900000|100%|HC|  |TAMS 0x0000000081900000, 0x0000000081800000| Complete 
|  25|0x0000000081900000, 0x0000000081a00000, 0x0000000081a00000|100%| O|  |TAMS 0x0000000081a00000, 0x0000000081900000| Untracked 
|  26|0x0000000081a00000, 0x0000000081b00000, 0x0000000081b00000|100%| O|  |TAMS 0x0000000081b00000, 0x0000000081a00000| Untracked 
|  27|0x0000000081b00000, 0x0000000081c00000, 0x0000000081c00000|100%| O|  |TAMS 0x0000000081c00000, 0x0000000081b00000| Untracked 
|  28|0x0000000081c00000, 0x0000000081d00000, 0x0000000081d00000|100%| O|  |TAMS 0x0000000081d00000, 0x0000000081c00000| Untracked 
|  29|0x0000000081d00000, 0x0000000081e00000, 0x0000000081e00000|100%| O|  |TAMS 0x0000000081e00000, 0x0000000081d00000| Untracked 
|  30|0x0000000081e00000, 0x0000000081f00000, 0x0000000081f00000|100%| O|  |TAMS 0x0000000081f00000, 0x0000000081e00000| Untracked 
|  31|0x0000000081f00000, 0x0000000082000000, 0x0000000082000000|100%| O|  |TAMS 0x0000000082000000, 0x0000000081f00000| Untracked 
|  32|0x0000000082000000, 0x0000000082100000, 0x0000000082100000|100%| O|  |TAMS 0x0000000082100000, 0x0000000082000000| Untracked 
|  33|0x0000000082100000, 0x0000000082200000, 0x0000000082200000|100%| O|  |TAMS 0x0000000082200000, 0x0000000082100000| Untracked 
|  34|0x0000000082200000, 0x0000000082300000, 0x0000000082300000|100%|HS|  |TAMS 0x0000000082300000, 0x0000000082200000| Complete 
|  35|0x0000000082300000, 0x0000000082400000, 0x0000000082400000|100%|HC|  |TAMS 0x0000000082400000, 0x0000000082300000| Complete 
|  36|0x0000000082400000, 0x0000000082500000, 0x0000000082500000|100%|HC|  |TAMS 0x0000000082500000, 0x0000000082400000| Complete 
|  37|0x0000000082500000, 0x0000000082600000, 0x0000000082600000|100%|HC|  |TAMS 0x0000000082600000, 0x0000000082500000| Complete 
|  38|0x0000000082600000, 0x0000000082700000, 0x0000000082700000|100%| O|  |TAMS 0x0000000082700000, 0x0000000082600000| Untracked 
|  39|0x0000000082700000, 0x0000000082800000, 0x0000000082800000|100%|HS|  |TAMS 0x0000000082800000, 0x0000000082700000| Complete 
|  40|0x0000000082800000, 0x0000000082900000, 0x0000000082900000|100%|HC|  |TAMS 0x0000000082900000, 0x0000000082800000| Complete 
|  41|0x0000000082900000, 0x0000000082a00000, 0x0000000082a00000|100%|HC|  |TAMS 0x0000000082a00000, 0x0000000082900000| Complete 
|  42|0x0000000082a00000, 0x0000000082b00000, 0x0000000082b00000|100%| O|  |TAMS 0x0000000082b00000, 0x0000000082a00000| Untracked 
|  43|0x0000000082b00000, 0x0000000082c00000, 0x0000000082c00000|100%| O|  |TAMS 0x0000000082c00000, 0x0000000082b00000| Untracked 
|  44|0x0000000082c00000, 0x0000000082d00000, 0x0000000082d00000|100%| O|  |TAMS 0x0000000082d00000, 0x0000000082c00000| Untracked 
|  45|0x0000000082d00000, 0x0000000082e00000, 0x0000000082e00000|100%| O|  |TAMS 0x0000000082e00000, 0x0000000082d00000| Untracked 
|  46|0x0000000082e00000, 0x0000000082f00000, 0x0000000082f00000|100%| O|  |TAMS 0x0000000082f00000, 0x0000000082e00000| Untracked 
|  47|0x0000000082f00000, 0x0000000083000000, 0x0000000083000000|100%| O|  |TAMS 0x0000000083000000, 0x0000000082f00000| Untracked 
|  48|0x0000000083000000, 0x0000000083100000, 0x0000000083100000|100%| O|  |TAMS 0x0000000083100000, 0x0000000083000000| Untracked 
|  49|0x0000000083100000, 0x0000000083200000, 0x0000000083200000|100%| O|  |TAMS 0x0000000083200000, 0x0000000083100000| Untracked 
|  50|0x0000000083200000, 0x0000000083300000, 0x0000000083300000|100%| O|  |TAMS 0x0000000083300000, 0x0000000083200000| Untracked 
|  51|0x0000000083300000, 0x0000000083400000, 0x0000000083400000|100%| O|  |TAMS 0x0000000083300000, 0x0000000083300000| Untracked 
|  52|0x0000000083400000, 0x0000000083500000, 0x0000000083500000|100%| O|  |TAMS 0x0000000083400000, 0x0000000083400000| Untracked 
|  53|0x0000000083500000, 0x0000000083600000, 0x0000000083600000|100%| O|  |TAMS 0x0000000083500000, 0x0000000083500000| Untracked 
|  54|0x0000000083600000, 0x0000000083700000, 0x0000000083700000|100%|HS|  |TAMS 0x0000000083700000, 0x0000000083600000| Complete 
|  55|0x0000000083700000, 0x0000000083800000, 0x0000000083800000|100%| O|  |TAMS 0x0000000083800000, 0x0000000083700000| Untracked 
|  56|0x0000000083800000, 0x0000000083900000, 0x0000000083900000|100%|HS|  |TAMS 0x0000000083900000, 0x0000000083800000| Complete 
|  57|0x0000000083900000, 0x0000000083a00000, 0x0000000083a00000|100%| O|  |TAMS 0x0000000083a00000, 0x0000000083900000| Untracked 
|  58|0x0000000083a00000, 0x0000000083b00000, 0x0000000083b00000|100%| O|  |TAMS 0x0000000083b00000, 0x0000000083a00000| Untracked 
|  59|0x0000000083b00000, 0x0000000083c00000, 0x0000000083c00000|100%| O|  |TAMS 0x0000000083b00000, 0x0000000083b00000| Untracked 
|  60|0x0000000083c00000, 0x0000000083d00000, 0x0000000083d00000|100%| O|  |TAMS 0x0000000083d00000, 0x0000000083c00000| Untracked 
|  61|0x0000000083d00000, 0x0000000083e00000, 0x0000000083e00000|100%| O|  |TAMS 0x0000000083e00000, 0x0000000083d00000| Untracked 
|  62|0x0000000083e00000, 0x0000000083f00000, 0x0000000083f00000|100%| O|  |TAMS 0x0000000083e00000, 0x0000000083e00000| Untracked 
|  63|0x0000000083f00000, 0x0000000084000000, 0x0000000084000000|100%| O|  |TAMS 0x0000000084000000, 0x0000000083f00000| Untracked 
|  64|0x0000000084000000, 0x0000000084100000, 0x0000000084100000|100%|HS|  |TAMS 0x0000000084100000, 0x0000000084000000| Complete 
|  65|0x0000000084100000, 0x0000000084200000, 0x0000000084200000|100%|HC|  |TAMS 0x0000000084200000, 0x0000000084100000| Complete 
|  66|0x0000000084200000, 0x0000000084300000, 0x0000000084300000|100%|HC|  |TAMS 0x0000000084300000, 0x0000000084200000| Complete 
|  67|0x0000000084300000, 0x0000000084400000, 0x0000000084400000|100%|HS|  |TAMS 0x0000000084400000, 0x0000000084300000| Complete 
|  68|0x0000000084400000, 0x0000000084500000, 0x0000000084500000|100%|HC|  |TAMS 0x0000000084500000, 0x0000000084400000| Complete 
|  69|0x0000000084500000, 0x0000000084600000, 0x0000000084600000|100%| O|  |TAMS 0x0000000084600000, 0x0000000084500000| Untracked 
|  70|0x0000000084600000, 0x0000000084700000, 0x0000000084700000|100%| O|  |TAMS 0x0000000084700000, 0x0000000084600000| Untracked 
|  71|0x0000000084700000, 0x0000000084800000, 0x0000000084800000|100%| O|  |TAMS 0x0000000084800000, 0x0000000084700000| Untracked 
|  72|0x0000000084800000, 0x0000000084900000, 0x0000000084900000|100%| O|  |TAMS 0x0000000084900000, 0x0000000084800000| Untracked 
|  73|0x0000000084900000, 0x0000000084a00000, 0x0000000084a00000|100%| O|  |TAMS 0x0000000084a00000, 0x0000000084900000| Untracked 
|  74|0x0000000084a00000, 0x0000000084b00000, 0x0000000084b00000|100%| O|  |TAMS 0x0000000084b00000, 0x0000000084a00000| Untracked 
|  75|0x0000000084b00000, 0x0000000084c00000, 0x0000000084c00000|100%| O|  |TAMS 0x0000000084c00000, 0x0000000084b00000| Untracked 
|  76|0x0000000084c00000, 0x0000000084d00000, 0x0000000084d00000|100%| O|  |TAMS 0x0000000084d00000, 0x0000000084c00000| Untracked 
|  77|0x0000000084d00000, 0x0000000084e00000, 0x0000000084e00000|100%| O|  |TAMS 0x0000000084e00000, 0x0000000084d00000| Untracked 
|  78|0x0000000084e00000, 0x0000000084f00000, 0x0000000084f00000|100%| O|  |TAMS 0x0000000084f00000, 0x0000000084e00000| Untracked 
|  79|0x0000000084f00000, 0x0000000085000000, 0x0000000085000000|100%| O|  |TAMS 0x0000000085000000, 0x0000000084f00000| Untracked 
|  80|0x0000000085000000, 0x0000000085100000, 0x0000000085100000|100%| O|  |TAMS 0x0000000085100000, 0x0000000085000000| Untracked 
|  81|0x0000000085100000, 0x0000000085200000, 0x0000000085200000|100%| O|  |TAMS 0x0000000085100000, 0x0000000085100000| Untracked 
|  82|0x0000000085200000, 0x0000000085300000, 0x0000000085300000|100%| O|  |TAMS 0x0000000085300000, 0x0000000085200000| Untracked 
|  83|0x0000000085300000, 0x0000000085400000, 0x0000000085400000|100%| O|  |TAMS 0x0000000085400000, 0x0000000085300000| Untracked 
|  84|0x0000000085400000, 0x0000000085500000, 0x0000000085500000|100%| O|  |TAMS 0x0000000085500000, 0x0000000085400000| Untracked 
|  85|0x0000000085500000, 0x0000000085600000, 0x0000000085600000|100%| O|  |TAMS 0x0000000085500000, 0x0000000085500000| Untracked 
|  86|0x0000000085600000, 0x0000000085700000, 0x0000000085700000|100%| O|  |TAMS 0x0000000085700000, 0x0000000085600000| Untracked 
|  87|0x0000000085700000, 0x0000000085800000, 0x0000000085800000|100%| O|  |TAMS 0x0000000085700000, 0x0000000085700000| Untracked 
|  88|0x0000000085800000, 0x0000000085900000, 0x0000000085900000|100%| O|  |TAMS 0x0000000085900000, 0x0000000085800000| Untracked 
|  89|0x0000000085900000, 0x0000000085a00000, 0x0000000085a00000|100%| O|  |TAMS 0x0000000085900000, 0x0000000085900000| Untracked 
|  90|0x0000000085a00000, 0x0000000085b00000, 0x0000000085b00000|100%| O|  |TAMS 0x0000000085a00000, 0x0000000085a00000| Untracked 
|  91|0x0000000085b00000, 0x0000000085c00000, 0x0000000085c00000|100%| O|  |TAMS 0x0000000085b00000, 0x0000000085b00000| Untracked 
|  92|0x0000000085c00000, 0x0000000085d00000, 0x0000000085d00000|100%| O|  |TAMS 0x0000000085c00000, 0x0000000085c00000| Untracked 
|  93|0x0000000085d00000, 0x0000000085e00000, 0x0000000085e00000|100%| O|  |TAMS 0x0000000085e00000, 0x0000000085d00000| Untracked 
|  94|0x0000000085e00000, 0x0000000085f00000, 0x0000000085f00000|100%| O|  |TAMS 0x0000000085f00000, 0x0000000085e00000| Untracked 
|  95|0x0000000085f00000, 0x0000000086000000, 0x0000000086000000|100%| O|  |TAMS 0x0000000086000000, 0x0000000085f00000| Untracked 
|  96|0x0000000086000000, 0x0000000086100000, 0x0000000086100000|100%| O|  |TAMS 0x0000000086000000, 0x0000000086000000| Untracked 
|  97|0x0000000086100000, 0x0000000086200000, 0x0000000086200000|100%| O|  |TAMS 0x0000000086200000, 0x0000000086100000| Untracked 
|  98|0x0000000086200000, 0x0000000086300000, 0x0000000086300000|100%| O|  |TAMS 0x0000000086200000, 0x0000000086200000| Untracked 
|  99|0x0000000086300000, 0x0000000086400000, 0x0000000086400000|100%| O|  |TAMS 0x0000000086300000, 0x0000000086300000| Untracked 
| 100|0x0000000086400000, 0x0000000086500000, 0x0000000086500000|100%| O|  |TAMS 0x0000000086400000, 0x0000000086400000| Untracked 
| 101|0x0000000086500000, 0x0000000086600000, 0x0000000086600000|100%| O|  |TAMS 0x0000000086600000, 0x0000000086500000| Untracked 
| 102|0x0000000086600000, 0x0000000086700000, 0x0000000086700000|100%| O|  |TAMS 0x0000000086700000, 0x0000000086600000| Untracked 
| 103|0x0000000086700000, 0x0000000086800000, 0x0000000086800000|100%| O|  |TAMS 0x0000000086800000, 0x0000000086700000| Untracked 
| 104|0x0000000086800000, 0x0000000086900000, 0x0000000086900000|100%| O|  |TAMS 0x0000000086800000, 0x0000000086800000| Untracked 
| 105|0x0000000086900000, 0x0000000086a00000, 0x0000000086a00000|100%| O|  |TAMS 0x0000000086a00000, 0x0000000086900000| Untracked 
| 106|0x0000000086a00000, 0x0000000086b00000, 0x0000000086b00000|100%| O|  |TAMS 0x0000000086b00000, 0x0000000086a00000| Untracked 
| 107|0x0000000086b00000, 0x0000000086c00000, 0x0000000086c00000|100%| O|  |TAMS 0x0000000086c00000, 0x0000000086b00000| Untracked 
| 108|0x0000000086c00000, 0x0000000086d00000, 0x0000000086d00000|100%| O|  |TAMS 0x0000000086c00000, 0x0000000086c00000| Untracked 
| 109|0x0000000086d00000, 0x0000000086e00000, 0x0000000086e00000|100%| O|  |TAMS 0x0000000086d00000, 0x0000000086d00000| Untracked 
| 110|0x0000000086e00000, 0x0000000086f00000, 0x0000000086f00000|100%| O|  |TAMS 0x0000000086e00000, 0x0000000086e00000| Untracked 
| 111|0x0000000086f00000, 0x0000000087000000, 0x0000000087000000|100%| O|  |TAMS 0x0000000086f00000, 0x0000000086f00000| Untracked 
| 112|0x0000000087000000, 0x0000000087100000, 0x0000000087100000|100%|HS|  |TAMS 0x0000000087000000, 0x0000000087000000| Complete 
| 113|0x0000000087100000, 0x0000000087200000, 0x0000000087200000|100%| O|  |TAMS 0x0000000087100000, 0x0000000087100000| Untracked 
| 114|0x0000000087200000, 0x0000000087300000, 0x0000000087300000|100%|HS|  |TAMS 0x0000000087200000, 0x0000000087200000| Complete 
| 115|0x0000000087300000, 0x0000000087400000, 0x0000000087400000|100%| O|  |TAMS 0x0000000087300000, 0x0000000087300000| Untracked 
| 116|0x0000000087400000, 0x0000000087500000, 0x0000000087500000|100%| O|  |TAMS 0x0000000087400000, 0x0000000087400000| Untracked 
| 117|0x0000000087500000, 0x0000000087600000, 0x0000000087600000|100%| O|  |TAMS 0x0000000087500000, 0x0000000087500000| Untracked 
| 118|0x0000000087600000, 0x0000000087700000, 0x0000000087700000|100%| O|  |TAMS 0x0000000087600000, 0x0000000087600000| Untracked 
| 119|0x0000000087700000, 0x0000000087800000, 0x0000000087800000|100%| O|  |TAMS 0x0000000087700000, 0x0000000087700000| Untracked 
| 120|0x0000000087800000, 0x0000000087900000, 0x0000000087900000|100%| O|  |TAMS 0x0000000087800000, 0x0000000087800000| Untracked 
| 121|0x0000000087900000, 0x0000000087a00000, 0x0000000087a00000|100%| O|  |TAMS 0x0000000087900000, 0x0000000087900000| Untracked 
| 122|0x0000000087a00000, 0x0000000087b00000, 0x0000000087b00000|100%| O|  |TAMS 0x0000000087a00000, 0x0000000087a00000| Untracked 
| 123|0x0000000087b00000, 0x0000000087c00000, 0x0000000087c00000|100%| O|  |TAMS 0x0000000087b00000, 0x0000000087b00000| Untracked 
| 124|0x0000000087c00000, 0x0000000087d00000, 0x0000000087d00000|100%| O|  |TAMS 0x0000000087c00000, 0x0000000087c00000| Untracked 
| 125|0x0000000087d00000, 0x0000000087e00000, 0x0000000087e00000|100%| O|  |TAMS 0x0000000087d00000, 0x0000000087d00000| Untracked 
| 126|0x0000000087e00000, 0x0000000087f00000, 0x0000000087f00000|100%| O|  |TAMS 0x0000000087e00000, 0x0000000087e00000| Untracked 
| 127|0x0000000087f00000, 0x0000000088000000, 0x0000000088000000|100%| O|  |TAMS 0x0000000087f00000, 0x0000000087f00000| Untracked 
| 128|0x0000000088000000, 0x0000000088100000, 0x0000000088100000|100%| O|  |TAMS 0x0000000088000000, 0x0000000088000000| Untracked 
| 129|0x0000000088100000, 0x0000000088200000, 0x0000000088200000|100%| O|  |TAMS 0x0000000088100000, 0x0000000088100000| Untracked 
| 130|0x0000000088200000, 0x0000000088300000, 0x0000000088300000|100%| O|  |TAMS 0x0000000088200000, 0x0000000088200000| Untracked 
| 131|0x0000000088300000, 0x0000000088400000, 0x0000000088400000|100%| O|  |TAMS 0x0000000088300000, 0x0000000088300000| Untracked 
| 132|0x0000000088400000, 0x0000000088500000, 0x0000000088500000|100%| O|  |TAMS 0x0000000088400000, 0x0000000088400000| Untracked 
| 133|0x0000000088500000, 0x0000000088600000, 0x0000000088600000|100%| O|  |TAMS 0x0000000088500000, 0x0000000088500000| Untracked 
| 134|0x0000000088600000, 0x0000000088700000, 0x0000000088700000|100%| O|  |TAMS 0x0000000088600000, 0x0000000088600000| Untracked 
| 135|0x0000000088700000, 0x0000000088800000, 0x0000000088800000|100%| O|  |TAMS 0x0000000088700000, 0x0000000088700000| Untracked 
| 136|0x0000000088800000, 0x0000000088900000, 0x0000000088900000|100%| O|  |TAMS 0x0000000088800000, 0x0000000088800000| Untracked 
| 137|0x0000000088900000, 0x0000000088a00000, 0x0000000088a00000|100%| O|  |TAMS 0x0000000088900000, 0x0000000088900000| Untracked 
| 138|0x0000000088a00000, 0x0000000088b00000, 0x0000000088b00000|100%| O|  |TAMS 0x0000000088a00000, 0x0000000088a00000| Untracked 
| 139|0x0000000088b00000, 0x0000000088c00000, 0x0000000088c00000|100%| O|  |TAMS 0x0000000088b00000, 0x0000000088b00000| Untracked 
| 140|0x0000000088c00000, 0x0000000088d00000, 0x0000000088d00000|100%| O|  |TAMS 0x0000000088c00000, 0x0000000088c00000| Untracked 
| 141|0x0000000088d00000, 0x0000000088e00000, 0x0000000088e00000|100%| O|  |TAMS 0x0000000088d00000, 0x0000000088d00000| Untracked 
| 142|0x0000000088e00000, 0x0000000088e32000, 0x0000000088f00000| 19%| O|  |TAMS 0x0000000088e00000, 0x0000000088e00000| Untracked 
| 143|0x0000000088f00000, 0x0000000088f00000, 0x0000000089000000|  0%| F|  |TAMS 0x0000000088f00000, 0x0000000088f00000| Untracked 
| 144|0x0000000089000000, 0x0000000089000000, 0x0000000089100000|  0%| F|  |TAMS 0x0000000089000000, 0x0000000089000000| Untracked 
| 145|0x0000000089100000, 0x0000000089100000, 0x0000000089200000|  0%| F|  |TAMS 0x0000000089100000, 0x0000000089100000| Untracked 
| 146|0x0000000089200000, 0x0000000089300000, 0x0000000089300000|100%| O|  |TAMS 0x0000000089200000, 0x0000000089200000| Untracked 
| 147|0x0000000089300000, 0x0000000089400000, 0x0000000089400000|100%| O|  |TAMS 0x0000000089300000, 0x0000000089300000| Untracked 
| 148|0x0000000089400000, 0x0000000089500000, 0x0000000089500000|100%| O|  |TAMS 0x0000000089500000, 0x0000000089400000| Untracked 
| 149|0x0000000089500000, 0x0000000089600000, 0x0000000089600000|100%| O|  |TAMS 0x0000000089600000, 0x0000000089500000| Untracked 
| 150|0x0000000089600000, 0x0000000089700000, 0x0000000089700000|100%| O|  |TAMS 0x0000000089600000, 0x0000000089600000| Untracked 
| 151|0x0000000089700000, 0x0000000089800000, 0x0000000089800000|100%| O|  |TAMS 0x0000000089700000, 0x0000000089700000| Untracked 
| 152|0x0000000089800000, 0x0000000089900000, 0x0000000089900000|100%| O|  |TAMS 0x0000000089900000, 0x0000000089800000| Untracked 
| 153|0x0000000089900000, 0x0000000089a00000, 0x0000000089a00000|100%| O|  |TAMS 0x0000000089a00000, 0x0000000089900000| Untracked 
| 154|0x0000000089a00000, 0x0000000089b00000, 0x0000000089b00000|100%| O|  |TAMS 0x0000000089b00000, 0x0000000089a00000| Untracked 
| 155|0x0000000089b00000, 0x0000000089c00000, 0x0000000089c00000|100%| O|  |TAMS 0x0000000089c00000, 0x0000000089b00000| Untracked 
| 156|0x0000000089c00000, 0x0000000089d00000, 0x0000000089d00000|100%| O|  |TAMS 0x0000000089cf2a00, 0x0000000089c00000| Untracked 
| 157|0x0000000089d00000, 0x0000000089d00000, 0x0000000089e00000|  0%| F|  |TAMS 0x0000000089d00000, 0x0000000089d00000| Untracked 
| 158|0x0000000089e00000, 0x0000000089e00000, 0x0000000089f00000|  0%| F|  |TAMS 0x0000000089e00000, 0x0000000089e00000| Untracked 
| 159|0x0000000089f00000, 0x0000000089f00000, 0x000000008a000000|  0%| F|  |TAMS 0x0000000089f00000, 0x0000000089f00000| Untracked 
| 160|0x000000008a000000, 0x000000008a000000, 0x000000008a100000|  0%| F|  |TAMS 0x000000008a000000, 0x000000008a000000| Untracked 
| 161|0x000000008a100000, 0x000000008a100000, 0x000000008a200000|  0%| F|  |TAMS 0x000000008a100000, 0x000000008a100000| Untracked 
| 162|0x000000008a200000, 0x000000008a200000, 0x000000008a300000|  0%| F|  |TAMS 0x000000008a200000, 0x000000008a200000| Untracked 
| 163|0x000000008a300000, 0x000000008a400000, 0x000000008a400000|100%| O|  |TAMS 0x000000008a300000, 0x000000008a300000| Untracked 
| 164|0x000000008a400000, 0x000000008a500000, 0x000000008a500000|100%| O|  |TAMS 0x000000008a400000, 0x000000008a400000| Untracked 
| 165|0x000000008a500000, 0x000000008a600000, 0x000000008a600000|100%| O|  |TAMS 0x000000008a500000, 0x000000008a500000| Untracked 
| 166|0x000000008a600000, 0x000000008a700000, 0x000000008a700000|100%| O|  |TAMS 0x000000008a600000, 0x000000008a600000| Untracked 
| 167|0x000000008a700000, 0x000000008a800000, 0x000000008a800000|100%| O|  |TAMS 0x000000008a700000, 0x000000008a700000| Untracked 
| 168|0x000000008a800000, 0x000000008a900000, 0x000000008a900000|100%| O|  |TAMS 0x000000008a800000, 0x000000008a800000| Untracked 
| 169|0x000000008a900000, 0x000000008aa00000, 0x000000008aa00000|100%| O|  |TAMS 0x000000008a900000, 0x000000008a900000| Untracked 
| 170|0x000000008aa00000, 0x000000008aa00000, 0x000000008ab00000|  0%| F|  |TAMS 0x000000008aa00000, 0x000000008aa00000| Untracked 
| 171|0x000000008ab00000, 0x000000008ab00000, 0x000000008ac00000|  0%| F|  |TAMS 0x000000008ab00000, 0x000000008ab00000| Untracked 
| 172|0x000000008ac00000, 0x000000008ac00000, 0x000000008ad00000|  0%| F|  |TAMS 0x000000008ac00000, 0x000000008ac00000| Untracked 
| 173|0x000000008ad00000, 0x000000008ad00000, 0x000000008ae00000|  0%| F|  |TAMS 0x000000008ad00000, 0x000000008ad00000| Untracked 
| 174|0x000000008ae00000, 0x000000008ae00000, 0x000000008af00000|  0%| F|  |TAMS 0x000000008ae00000, 0x000000008ae00000| Untracked 
| 175|0x000000008af00000, 0x000000008af00000, 0x000000008b000000|  0%| F|  |TAMS 0x000000008af00000, 0x000000008af00000| Untracked 
| 176|0x000000008b000000, 0x000000008b000000, 0x000000008b100000|  0%| F|  |TAMS 0x000000008b000000, 0x000000008b000000| Untracked 
| 177|0x000000008b100000, 0x000000008b100000, 0x000000008b200000|  0%| F|  |TAMS 0x000000008b100000, 0x000000008b100000| Untracked 
| 178|0x000000008b200000, 0x000000008b200000, 0x000000008b300000|  0%| F|  |TAMS 0x000000008b200000, 0x000000008b200000| Untracked 
| 179|0x000000008b300000, 0x000000008b300000, 0x000000008b400000|  0%| F|  |TAMS 0x000000008b300000, 0x000000008b300000| Untracked 
| 180|0x000000008b400000, 0x000000008b400000, 0x000000008b500000|  0%| F|  |TAMS 0x000000008b400000, 0x000000008b400000| Untracked 
| 181|0x000000008b500000, 0x000000008b500000, 0x000000008b600000|  0%| F|  |TAMS 0x000000008b500000, 0x000000008b500000| Untracked 
| 182|0x000000008b600000, 0x000000008b600000, 0x000000008b700000|  0%| F|  |TAMS 0x000000008b600000, 0x000000008b600000| Untracked 
| 183|0x000000008b700000, 0x000000008b700000, 0x000000008b800000|  0%| F|  |TAMS 0x000000008b700000, 0x000000008b700000| Untracked 
| 184|0x000000008b800000, 0x000000008b800000, 0x000000008b900000|  0%| F|  |TAMS 0x000000008b800000, 0x000000008b800000| Untracked 
| 185|0x000000008b900000, 0x000000008b900000, 0x000000008ba00000|  0%| F|  |TAMS 0x000000008b900000, 0x000000008b900000| Untracked 
| 186|0x000000008ba00000, 0x000000008ba00000, 0x000000008bb00000|  0%| F|  |TAMS 0x000000008ba00000, 0x000000008ba00000| Untracked 
| 187|0x000000008bb00000, 0x000000008bb00000, 0x000000008bc00000|  0%| F|  |TAMS 0x000000008bb00000, 0x000000008bb00000| Untracked 
| 188|0x000000008bc00000, 0x000000008bc00000, 0x000000008bd00000|  0%| F|  |TAMS 0x000000008bc00000, 0x000000008bc00000| Untracked 
| 189|0x000000008bd00000, 0x000000008bd00000, 0x000000008be00000|  0%| F|  |TAMS 0x000000008bd00000, 0x000000008bd00000| Untracked 
| 190|0x000000008be00000, 0x000000008be00000, 0x000000008bf00000|  0%| F|  |TAMS 0x000000008be00000, 0x000000008be00000| Untracked 
| 191|0x000000008bf00000, 0x000000008bf00000, 0x000000008c000000|  0%| F|  |TAMS 0x000000008bf00000, 0x000000008bf00000| Untracked 
| 192|0x000000008c000000, 0x000000008c000000, 0x000000008c100000|  0%| F|  |TAMS 0x000000008c000000, 0x000000008c000000| Untracked 
| 193|0x000000008c100000, 0x000000008c100000, 0x000000008c200000|  0%| F|  |TAMS 0x000000008c100000, 0x000000008c100000| Untracked 
| 194|0x000000008c200000, 0x000000008c200000, 0x000000008c300000|  0%| F|  |TAMS 0x000000008c200000, 0x000000008c200000| Untracked 
| 195|0x000000008c300000, 0x000000008c300000, 0x000000008c400000|  0%| F|  |TAMS 0x000000008c300000, 0x000000008c300000| Untracked 
| 196|0x000000008c400000, 0x000000008c400000, 0x000000008c500000|  0%| F|  |TAMS 0x000000008c400000, 0x000000008c400000| Untracked 
| 197|0x000000008c500000, 0x000000008c500000, 0x000000008c600000|  0%| F|  |TAMS 0x000000008c500000, 0x000000008c500000| Untracked 
| 198|0x000000008c600000, 0x000000008c600000, 0x000000008c700000|  0%| F|  |TAMS 0x000000008c600000, 0x000000008c600000| Untracked 
| 199|0x000000008c700000, 0x000000008c700000, 0x000000008c800000|  0%| F|  |TAMS 0x000000008c700000, 0x000000008c700000| Untracked 
| 200|0x000000008c800000, 0x000000008c800000, 0x000000008c900000|  0%| F|  |TAMS 0x000000008c800000, 0x000000008c800000| Untracked 
| 201|0x000000008c900000, 0x000000008c900000, 0x000000008ca00000|  0%| F|  |TAMS 0x000000008c900000, 0x000000008c900000| Untracked 
| 202|0x000000008ca00000, 0x000000008ca00000, 0x000000008cb00000|  0%| F|  |TAMS 0x000000008ca00000, 0x000000008ca00000| Untracked 
| 203|0x000000008cb00000, 0x000000008cb00000, 0x000000008cc00000|  0%| F|  |TAMS 0x000000008cb00000, 0x000000008cb00000| Untracked 
| 204|0x000000008cc00000, 0x000000008cc00000, 0x000000008cd00000|  0%| F|  |TAMS 0x000000008cc00000, 0x000000008cc00000| Untracked 
| 205|0x000000008cd00000, 0x000000008cd80000, 0x000000008ce00000| 50%| S|CS|TAMS 0x000000008cd00000, 0x000000008cd00000| Complete 
| 206|0x000000008ce00000, 0x000000008cf00000, 0x000000008cf00000|100%| S|CS|TAMS 0x000000008ce00000, 0x000000008ce00000| Complete 
| 207|0x000000008cf00000, 0x000000008d000000, 0x000000008d000000|100%| S|CS|TAMS 0x000000008cf00000, 0x000000008cf00000| Complete 
| 208|0x000000008d000000, 0x000000008d000000, 0x000000008d100000|  0%| F|  |TAMS 0x000000008d000000, 0x000000008d000000| Untracked 
| 209|0x000000008d100000, 0x000000008d100000, 0x000000008d200000|  0%| F|  |TAMS 0x000000008d100000, 0x000000008d100000| Untracked 
| 210|0x000000008d200000, 0x000000008d200000, 0x000000008d300000|  0%| F|  |TAMS 0x000000008d200000, 0x000000008d200000| Untracked 
| 211|0x000000008d300000, 0x000000008d300000, 0x000000008d400000|  0%| F|  |TAMS 0x000000008d300000, 0x000000008d300000| Untracked 
| 212|0x000000008d400000, 0x000000008d400000, 0x000000008d500000|  0%| F|  |TAMS 0x000000008d400000, 0x000000008d400000| Untracked 
| 213|0x000000008d500000, 0x000000008d500000, 0x000000008d600000|  0%| F|  |TAMS 0x000000008d500000, 0x000000008d500000| Untracked 
| 214|0x000000008d600000, 0x000000008d600000, 0x000000008d700000|  0%| F|  |TAMS 0x000000008d600000, 0x000000008d600000| Untracked 
| 215|0x000000008d700000, 0x000000008d700000, 0x000000008d800000|  0%| F|  |TAMS 0x000000008d700000, 0x000000008d700000| Untracked 
| 216|0x000000008d800000, 0x000000008d800000, 0x000000008d900000|  0%| F|  |TAMS 0x000000008d800000, 0x000000008d800000| Untracked 
| 217|0x000000008d900000, 0x000000008da00000, 0x000000008da00000|100%| S|CS|TAMS 0x000000008d900000, 0x000000008d900000| Complete 
| 218|0x000000008da00000, 0x000000008db00000, 0x000000008db00000|100%| S|CS|TAMS 0x000000008da00000, 0x000000008da00000| Complete 
| 219|0x000000008db00000, 0x000000008dc00000, 0x000000008dc00000|100%| S|CS|TAMS 0x000000008db00000, 0x000000008db00000| Complete 
| 220|0x000000008dc00000, 0x000000008dd00000, 0x000000008dd00000|100%| S|CS|TAMS 0x000000008dc00000, 0x000000008dc00000| Complete 
| 221|0x000000008dd00000, 0x000000008de00000, 0x000000008de00000|100%| S|CS|TAMS 0x000000008dd00000, 0x000000008dd00000| Complete 
| 222|0x000000008de00000, 0x000000008df00000, 0x000000008df00000|100%| S|CS|TAMS 0x000000008de00000, 0x000000008de00000| Complete 
| 223|0x000000008df00000, 0x000000008e000000, 0x000000008e000000|100%| S|CS|TAMS 0x000000008df00000, 0x000000008df00000| Complete 
| 224|0x000000008e000000, 0x000000008e000000, 0x000000008e100000|  0%| F|  |TAMS 0x000000008e000000, 0x000000008e000000| Untracked 
| 225|0x000000008e100000, 0x000000008e100000, 0x000000008e200000|  0%| F|  |TAMS 0x000000008e100000, 0x000000008e100000| Untracked 
| 226|0x000000008e200000, 0x000000008e200000, 0x000000008e300000|  0%| F|  |TAMS 0x000000008e200000, 0x000000008e200000| Untracked 
| 227|0x000000008e300000, 0x000000008e300000, 0x000000008e400000|  0%| F|  |TAMS 0x000000008e300000, 0x000000008e300000| Untracked 
| 228|0x000000008e400000, 0x000000008e400000, 0x000000008e500000|  0%| F|  |TAMS 0x000000008e400000, 0x000000008e400000| Untracked 
| 229|0x000000008e500000, 0x000000008e500000, 0x000000008e600000|  0%| F|  |TAMS 0x000000008e500000, 0x000000008e500000| Untracked 
| 230|0x000000008e600000, 0x000000008e600000, 0x000000008e700000|  0%| F|  |TAMS 0x000000008e600000, 0x000000008e600000| Untracked 
| 231|0x000000008e700000, 0x000000008e700000, 0x000000008e800000|  0%| F|  |TAMS 0x000000008e700000, 0x000000008e700000| Untracked 
| 232|0x000000008e800000, 0x000000008e800000, 0x000000008e900000|  0%| F|  |TAMS 0x000000008e800000, 0x000000008e800000| Untracked 
| 233|0x000000008e900000, 0x000000008e900000, 0x000000008ea00000|  0%| F|  |TAMS 0x000000008e900000, 0x000000008e900000| Untracked 
| 234|0x000000008ea00000, 0x000000008ea00000, 0x000000008eb00000|  0%| F|  |TAMS 0x000000008ea00000, 0x000000008ea00000| Untracked 
| 235|0x000000008eb00000, 0x000000008eb00000, 0x000000008ec00000|  0%| F|  |TAMS 0x000000008eb00000, 0x000000008eb00000| Untracked 
| 236|0x000000008ec00000, 0x000000008ec00000, 0x000000008ed00000|  0%| F|  |TAMS 0x000000008ec00000, 0x000000008ec00000| Untracked 
| 237|0x000000008ed00000, 0x000000008ed00000, 0x000000008ee00000|  0%| F|  |TAMS 0x000000008ed00000, 0x000000008ed00000| Untracked 
| 238|0x000000008ee00000, 0x000000008ee00000, 0x000000008ef00000|  0%| F|  |TAMS 0x000000008ee00000, 0x000000008ee00000| Untracked 
| 239|0x000000008ef00000, 0x000000008ef00000, 0x000000008f000000|  0%| F|  |TAMS 0x000000008ef00000, 0x000000008ef00000| Untracked 
| 240|0x000000008f000000, 0x000000008f000000, 0x000000008f100000|  0%| F|  |TAMS 0x000000008f000000, 0x000000008f000000| Untracked 
| 241|0x000000008f100000, 0x000000008f100000, 0x000000008f200000|  0%| F|  |TAMS 0x000000008f100000, 0x000000008f100000| Untracked 
| 242|0x000000008f200000, 0x000000008f200000, 0x000000008f300000|  0%| F|  |TAMS 0x000000008f200000, 0x000000008f200000| Untracked 
| 243|0x000000008f300000, 0x000000008f300000, 0x000000008f400000|  0%| F|  |TAMS 0x000000008f300000, 0x000000008f300000| Untracked 
| 244|0x000000008f400000, 0x000000008f400000, 0x000000008f500000|  0%| F|  |TAMS 0x000000008f400000, 0x000000008f400000| Untracked 
| 245|0x000000008f500000, 0x000000008f500000, 0x000000008f600000|  0%| F|  |TAMS 0x000000008f500000, 0x000000008f500000| Untracked 
| 246|0x000000008f600000, 0x000000008f600000, 0x000000008f700000|  0%| F|  |TAMS 0x000000008f600000, 0x000000008f600000| Untracked 
| 247|0x000000008f700000, 0x000000008f700000, 0x000000008f800000|  0%| F|  |TAMS 0x000000008f700000, 0x000000008f700000| Untracked 
| 248|0x000000008f800000, 0x000000008f800000, 0x000000008f900000|  0%| F|  |TAMS 0x000000008f800000, 0x000000008f800000| Untracked 
| 249|0x000000008f900000, 0x000000008f900000, 0x000000008fa00000|  0%| F|  |TAMS 0x000000008f900000, 0x000000008f900000| Untracked 
| 250|0x000000008fa00000, 0x000000008fa00000, 0x000000008fb00000|  0%| F|  |TAMS 0x000000008fa00000, 0x000000008fa00000| Untracked 
| 251|0x000000008fb00000, 0x000000008fb00000, 0x000000008fc00000|  0%| F|  |TAMS 0x000000008fb00000, 0x000000008fb00000| Untracked 
| 252|0x000000008fc00000, 0x000000008fc00000, 0x000000008fd00000|  0%| F|  |TAMS 0x000000008fc00000, 0x000000008fc00000| Untracked 
| 253|0x000000008fd00000, 0x000000008fd00000, 0x000000008fe00000|  0%| F|  |TAMS 0x000000008fd00000, 0x000000008fd00000| Untracked 
| 254|0x000000008fe00000, 0x000000008fe00000, 0x000000008ff00000|  0%| F|  |TAMS 0x000000008fe00000, 0x000000008fe00000| Untracked 
| 255|0x000000008ff00000, 0x000000008ff00000, 0x0000000090000000|  0%| F|  |TAMS 0x000000008ff00000, 0x000000008ff00000| Untracked 
| 256|0x0000000090000000, 0x0000000090000000, 0x0000000090100000|  0%| F|  |TAMS 0x0000000090000000, 0x0000000090000000| Untracked 
| 257|0x0000000090100000, 0x0000000090100000, 0x0000000090200000|  0%| F|  |TAMS 0x0000000090100000, 0x0000000090100000| Untracked 
| 258|0x0000000090200000, 0x0000000090200000, 0x0000000090300000|  0%| F|  |TAMS 0x0000000090200000, 0x0000000090200000| Untracked 
| 259|0x0000000090300000, 0x0000000090300000, 0x0000000090400000|  0%| F|  |TAMS 0x0000000090300000, 0x0000000090300000| Untracked 
| 260|0x0000000090400000, 0x0000000090400000, 0x0000000090500000|  0%| F|  |TAMS 0x0000000090400000, 0x0000000090400000| Untracked 
| 261|0x0000000090500000, 0x0000000090500000, 0x0000000090600000|  0%| F|  |TAMS 0x0000000090500000, 0x0000000090500000| Untracked 
| 262|0x0000000090600000, 0x0000000090600000, 0x0000000090700000|  0%| F|  |TAMS 0x0000000090600000, 0x0000000090600000| Untracked 
| 263|0x0000000090700000, 0x0000000090700000, 0x0000000090800000|  0%| F|  |TAMS 0x0000000090700000, 0x0000000090700000| Untracked 
| 264|0x0000000090800000, 0x0000000090800000, 0x0000000090900000|  0%| F|  |TAMS 0x0000000090800000, 0x0000000090800000| Untracked 
| 265|0x0000000090900000, 0x0000000090900000, 0x0000000090a00000|  0%| F|  |TAMS 0x0000000090900000, 0x0000000090900000| Untracked 
| 266|0x0000000090a00000, 0x0000000090a00000, 0x0000000090b00000|  0%| F|  |TAMS 0x0000000090a00000, 0x0000000090a00000| Untracked 
| 267|0x0000000090b00000, 0x0000000090b00000, 0x0000000090c00000|  0%| F|  |TAMS 0x0000000090b00000, 0x0000000090b00000| Untracked 
| 268|0x0000000090c00000, 0x0000000090c00000, 0x0000000090d00000|  0%| F|  |TAMS 0x0000000090c00000, 0x0000000090c00000| Untracked 
| 269|0x0000000090d00000, 0x0000000090d00000, 0x0000000090e00000|  0%| F|  |TAMS 0x0000000090d00000, 0x0000000090d00000| Untracked 
| 270|0x0000000090e00000, 0x0000000090e00000, 0x0000000090f00000|  0%| F|  |TAMS 0x0000000090e00000, 0x0000000090e00000| Untracked 
| 271|0x0000000090f00000, 0x0000000090f00000, 0x0000000091000000|  0%| F|  |TAMS 0x0000000090f00000, 0x0000000090f00000| Untracked 
| 272|0x0000000091000000, 0x0000000091000000, 0x0000000091100000|  0%| F|  |TAMS 0x0000000091000000, 0x0000000091000000| Untracked 
| 273|0x0000000091100000, 0x0000000091100000, 0x0000000091200000|  0%| F|  |TAMS 0x0000000091100000, 0x0000000091100000| Untracked 
| 274|0x0000000091200000, 0x0000000091200000, 0x0000000091300000|  0%| F|  |TAMS 0x0000000091200000, 0x0000000091200000| Untracked 
| 275|0x0000000091300000, 0x0000000091300000, 0x0000000091400000|  0%| F|  |TAMS 0x0000000091300000, 0x0000000091300000| Untracked 
| 276|0x0000000091400000, 0x0000000091400000, 0x0000000091500000|  0%| F|  |TAMS 0x0000000091400000, 0x0000000091400000| Untracked 
| 277|0x0000000091500000, 0x0000000091500000, 0x0000000091600000|  0%| F|  |TAMS 0x0000000091500000, 0x0000000091500000| Untracked 
| 278|0x0000000091600000, 0x0000000091600000, 0x0000000091700000|  0%| F|  |TAMS 0x0000000091600000, 0x0000000091600000| Untracked 
| 279|0x0000000091700000, 0x0000000091700000, 0x0000000091800000|  0%| F|  |TAMS 0x0000000091700000, 0x0000000091700000| Untracked 
| 280|0x0000000091800000, 0x0000000091800000, 0x0000000091900000|  0%| F|  |TAMS 0x0000000091800000, 0x0000000091800000| Untracked 
| 281|0x0000000091900000, 0x0000000091900000, 0x0000000091a00000|  0%| F|  |TAMS 0x0000000091900000, 0x0000000091900000| Untracked 
| 282|0x0000000091a00000, 0x0000000091a00000, 0x0000000091b00000|  0%| F|  |TAMS 0x0000000091a00000, 0x0000000091a00000| Untracked 
| 283|0x0000000091b00000, 0x0000000091b00000, 0x0000000091c00000|  0%| F|  |TAMS 0x0000000091b00000, 0x0000000091b00000| Untracked 
| 284|0x0000000091c00000, 0x0000000091c00000, 0x0000000091d00000|  0%| F|  |TAMS 0x0000000091c00000, 0x0000000091c00000| Untracked 
| 285|0x0000000091d00000, 0x0000000091d00000, 0x0000000091e00000|  0%| F|  |TAMS 0x0000000091d00000, 0x0000000091d00000| Untracked 
| 286|0x0000000091e00000, 0x0000000091e00000, 0x0000000091f00000|  0%| F|  |TAMS 0x0000000091e00000, 0x0000000091e00000| Untracked 
| 287|0x0000000091f00000, 0x0000000091f00000, 0x0000000092000000|  0%| F|  |TAMS 0x0000000091f00000, 0x0000000091f00000| Untracked 
| 288|0x0000000092000000, 0x0000000092000000, 0x0000000092100000|  0%| F|  |TAMS 0x0000000092000000, 0x0000000092000000| Untracked 
| 289|0x0000000092100000, 0x0000000092100000, 0x0000000092200000|  0%| F|  |TAMS 0x0000000092100000, 0x0000000092100000| Untracked 
| 290|0x0000000092200000, 0x0000000092200000, 0x0000000092300000|  0%| F|  |TAMS 0x0000000092200000, 0x0000000092200000| Untracked 
| 291|0x0000000092300000, 0x0000000092300000, 0x0000000092400000|  0%| F|  |TAMS 0x0000000092300000, 0x0000000092300000| Untracked 
| 292|0x0000000092400000, 0x0000000092400000, 0x0000000092500000|  0%| F|  |TAMS 0x0000000092400000, 0x0000000092400000| Untracked 
| 293|0x0000000092500000, 0x0000000092500000, 0x0000000092600000|  0%| F|  |TAMS 0x0000000092500000, 0x0000000092500000| Untracked 
| 294|0x0000000092600000, 0x0000000092600000, 0x0000000092700000|  0%| F|  |TAMS 0x0000000092600000, 0x0000000092600000| Untracked 
| 295|0x0000000092700000, 0x0000000092700000, 0x0000000092800000|  0%| F|  |TAMS 0x0000000092700000, 0x0000000092700000| Untracked 
| 296|0x0000000092800000, 0x0000000092857040, 0x0000000092900000| 33%| E|  |TAMS 0x0000000092800000, 0x0000000092800000| Complete 
| 297|0x0000000092900000, 0x0000000092a00000, 0x0000000092a00000|100%| E|CS|TAMS 0x0000000092900000, 0x0000000092900000| Complete 
| 298|0x0000000092a00000, 0x0000000092affc90, 0x0000000092b00000| 99%| E|  |TAMS 0x0000000092a00000, 0x0000000092a00000| Complete 
| 299|0x0000000092b00000, 0x0000000092c00000, 0x0000000092c00000|100%| E|CS|TAMS 0x0000000092b00000, 0x0000000092b00000| Complete 
| 300|0x0000000092c00000, 0x0000000092d00000, 0x0000000092d00000|100%| E|CS|TAMS 0x0000000092c00000, 0x0000000092c00000| Complete 
| 301|0x0000000092d00000, 0x0000000092e00000, 0x0000000092e00000|100%| E|CS|TAMS 0x0000000092d00000, 0x0000000092d00000| Complete 
| 302|0x0000000092e00000, 0x0000000092f00000, 0x0000000092f00000|100%| E|CS|TAMS 0x0000000092e00000, 0x0000000092e00000| Complete 
| 303|0x0000000092f00000, 0x0000000093000000, 0x0000000093000000|100%| E|CS|TAMS 0x0000000092f00000, 0x0000000092f00000| Complete 
| 304|0x0000000093000000, 0x0000000093100000, 0x0000000093100000|100%| E|CS|TAMS 0x0000000093000000, 0x0000000093000000| Complete 
| 305|0x0000000093100000, 0x0000000093200000, 0x0000000093200000|100%| E|CS|TAMS 0x0000000093100000, 0x0000000093100000| Complete 
| 306|0x0000000093200000, 0x0000000093300000, 0x0000000093300000|100%| E|CS|TAMS 0x0000000093200000, 0x0000000093200000| Complete 
| 307|0x0000000093300000, 0x0000000093400000, 0x0000000093400000|100%| E|CS|TAMS 0x0000000093300000, 0x0000000093300000| Complete 
| 308|0x0000000093400000, 0x0000000093500000, 0x0000000093500000|100%| E|CS|TAMS 0x0000000093400000, 0x0000000093400000| Complete 
| 309|0x0000000093500000, 0x0000000093600000, 0x0000000093600000|100%| E|CS|TAMS 0x0000000093500000, 0x0000000093500000| Complete 
| 310|0x0000000093600000, 0x0000000093700000, 0x0000000093700000|100%| E|CS|TAMS 0x0000000093600000, 0x0000000093600000| Complete 
| 311|0x0000000093700000, 0x0000000093800000, 0x0000000093800000|100%| E|CS|TAMS 0x0000000093700000, 0x0000000093700000| Complete 
| 312|0x0000000093800000, 0x0000000093900000, 0x0000000093900000|100%| E|CS|TAMS 0x0000000093800000, 0x0000000093800000| Complete 
| 313|0x0000000093900000, 0x0000000093a00000, 0x0000000093a00000|100%| E|CS|TAMS 0x0000000093900000, 0x0000000093900000| Complete 
| 314|0x0000000093a00000, 0x0000000093b00000, 0x0000000093b00000|100%| E|CS|TAMS 0x0000000093a00000, 0x0000000093a00000| Complete 
| 315|0x0000000093b00000, 0x0000000093c00000, 0x0000000093c00000|100%| E|CS|TAMS 0x0000000093b00000, 0x0000000093b00000| Complete 
| 316|0x0000000093c00000, 0x0000000093d00000, 0x0000000093d00000|100%| E|CS|TAMS 0x0000000093c00000, 0x0000000093c00000| Complete 

Card table byte_map: [0x00000209ed680000,0x00000209eda80000] _byte_map_base: 0x00000209ed280000

Marking Bits (Prev, Next): (CMBitMap*) 0x00000209d8d61a50, (CMBitMap*) 0x00000209d8d61a18
 Prev Bits: [0x00000209efe80000, 0x00000209f1e80000)
 Next Bits: [0x00000209ede80000, 0x00000209efe80000)

Polling page: 0x00000209dde50000

Metaspace:

Usage:
  Non-class:    109.19 MB capacity,   106.88 MB ( 98%) used,     1.96 MB (  2%) free+waste,   361.81 KB ( <1%) overhead. 
      Class:     15.87 MB capacity,    14.61 MB ( 92%) used,     1.10 MB (  7%) free+waste,   161.31 KB ( <1%) overhead. 
       Both:    125.06 MB capacity,   121.49 MB ( 97%) used,     3.06 MB (  2%) free+waste,   523.13 KB ( <1%) overhead. 

Virtual space:
  Non-class space:      110.00 MB reserved,     109.37 MB (>99%) committed 
      Class space:        1.00 GB reserved,      15.88 MB (  2%) committed 
             Both:        1.11 GB reserved,     125.25 MB ( 11%) committed 

Chunk freelists:
   Non-Class:  1.00 KB
       Class:  6.00 KB
        Both:  7.00 KB

MaxMetaspaceSize: 17179869184.00 GB
CompressedClassSpaceSize: 1.00 GB

CodeHeap 'non-profiled nmethods': size=120064Kb used=15529Kb max_used=15529Kb free=104534Kb
 bounds [0x00000209e5930000, 0x00000209e6860000, 0x00000209ece70000]
CodeHeap 'profiled nmethods': size=120000Kb used=41368Kb max_used=41368Kb free=78631Kb
 bounds [0x00000209de400000, 0x00000209e0ca0000, 0x00000209e5930000]
CodeHeap 'non-nmethods': size=5696Kb used=2326Kb max_used=2377Kb free=3369Kb
 bounds [0x00000209dde70000, 0x00000209de0e0000, 0x00000209de400000]
 total_blobs=19412 nmethods=18457 adapters=864
 compilation: enabled
              stopped_count=0, restarted_count=0
 full_count=0

Compilation events (20 events):
Event: 1335.903 Thread 0x00000209f4c04000 nmethod 21586 0x00000209e6856710 code [0x00000209e68568a0, 0x00000209e6856938]
Event: 1335.903 Thread 0x00000209f4c04000 21561       4       org.objectweb.asm.MethodVisitor::visitInsn (16 bytes)
Event: 1335.989 Thread 0x00000209f4c04000 nmethod 21561 0x00000209e6856a10 code [0x00000209e6856c60, 0x00000209e6857ea0]
Event: 1335.989 Thread 0x00000209f4c04000 21588       4       com.google.common.collect.ImmutableSortedSet::construct (108 bytes)
Event: 1336.041 Thread 0x00000209f4c04000 nmethod 21588 0x00000209e6858810 code [0x00000209e6858a20, 0x00000209e68599d8]
Event: 1336.041 Thread 0x00000209f4c04000 21590       4       com.google.common.collect.SortedIterables::hasSameComparator (58 bytes)
Event: 1336.046 Thread 0x00000209f4c04000 nmethod 21590 0x00000209e685a190 code [0x00000209e685a340, 0x00000209e685a518]
Event: 1336.046 Thread 0x00000209f4c04000 21591       4       com.google.common.collect.ImmutableSortedSet::copyOf (52 bytes)
Event: 1336.087 Thread 0x00000209f4c09800 21593       2       org.gradle.internal.normalization.java.impl.ApiMemberSelector::visitInnerClass (97 bytes)
Event: 1336.088 Thread 0x00000209f4c09800 nmethod 21593 0x00000209e0c8ee10 code [0x00000209e0c8f000, 0x00000209e0c8f518]
Event: 1336.125 Thread 0x00000209f4c04000 nmethod 21591 0x00000209e685a710 code [0x00000209e685a980, 0x00000209e685bb38]
Event: 1336.125 Thread 0x00000209f4c04000 21594       4       org.gradle.internal.normalization.java.impl.ApiMemberSelector::visitAnnotationValue (167 bytes)
Event: 1336.365 Thread 0x00000209f4c09800 21597       2       org.objectweb.asm.ClassWriter::visitInnerClass (130 bytes)
Event: 1336.367 Thread 0x00000209f4c09800 nmethod 21597 0x00000209e0c8f790 code [0x00000209e0c8f9a0, 0x00000209e0c8fe48]
Event: 1336.387 Thread 0x00000209f4c09800 21598       2       org.gradle.internal.normalization.java.impl.ApiMemberSelector::visitAnnotationMembers (55 bytes)
Event: 1336.387 Thread 0x00000209f4c09800 nmethod 21598 0x00000209e0c90190 code [0x00000209e0c90380, 0x00000209e0c90608]
Event: 1336.524 Thread 0x00000209f4c09800 21599 %     3       org.objectweb.asm.AnnotationWriter::putParameterAnnotations @ 91 (173 bytes)
Event: 1336.525 Thread 0x00000209f4c09800 nmethod 21599% 0x00000209e0c90810 code [0x00000209e0c90a60, 0x00000209e0c91228]
Event: 1336.525 Thread 0x00000209f4c09800 21600       3       org.objectweb.asm.AnnotationWriter::putParameterAnnotations (173 bytes)
Event: 1336.527 Thread 0x00000209f4c09800 nmethod 21600 0x00000209e0c91690 code [0x00000209e0c918e0, 0x00000209e0c91f88]

GC Heap History (20 events):
Event: 611.078 GC heap before
{Heap before GC invocations=180 (full 0):
 garbage-first heap   total 187392K, used 141573K [0x0000000080000000, 0x0000000100000000)
  region size 1024K, 27 young (27648K), 3 survivors (3072K)
 Metaspace       used 108917K, capacity 111967K, committed 112252K, reserved 1146880K
  class space    used 13395K, capacity 14514K, committed 14592K, reserved 1048576K
}
Event: 611.105 GC heap after
{Heap after GC invocations=181 (full 0):
 garbage-first heap   total 324608K, used 118666K [0x0000000080000000, 0x0000000100000000)
  region size 1024K, 3 young (3072K), 3 survivors (3072K)
 Metaspace       used 108917K, capacity 111967K, committed 112252K, reserved 1146880K
  class space    used 13395K, capacity 14514K, committed 14592K, reserved 1048576K
}
Event: 1104.479 GC heap before
{Heap before GC invocations=181 (full 0):
 garbage-first heap   total 324608K, used 190346K [0x0000000080000000, 0x0000000100000000)
  region size 1024K, 73 young (74752K), 3 survivors (3072K)
 Metaspace       used 109282K, capacity 112528K, committed 112892K, reserved 1146880K
  class space    used 13447K, capacity 14602K, committed 14720K, reserved 1048576K
}
Event: 1104.507 GC heap after
{Heap after GC invocations=182 (full 0):
 garbage-first heap   total 324608K, used 120929K [0x0000000080000000, 0x0000000100000000)
  region size 1024K, 5 young (5120K), 5 survivors (5120K)
 Metaspace       used 109282K, capacity 112528K, committed 112892K, reserved 1146880K
  class space    used 13447K, capacity 14602K, committed 14720K, reserved 1048576K
}
Event: 1133.053 GC heap before
{Heap before GC invocations=182 (full 0):
 garbage-first heap   total 324608K, used 234593K [0x0000000080000000, 0x0000000100000000)
  region size 1024K, 113 young (115712K), 5 survivors (5120K)
 Metaspace       used 111685K, capacity 115155K, committed 115324K, reserved 1148928K
  class space    used 13796K, capacity 15002K, committed 15104K, reserved 1048576K
}
Event: 1133.137 GC heap after
{Heap after GC invocations=183 (full 0):
 garbage-first heap   total 324608K, used 129428K [0x0000000080000000, 0x0000000100000000)
  region size 1024K, 13 young (13312K), 13 survivors (13312K)
 Metaspace       used 111685K, capacity 115155K, committed 115324K, reserved 1148928K
  class space    used 13796K, capacity 15002K, committed 15104K, reserved 1048576K
}
Event: 1155.354 GC heap before
{Heap before GC invocations=183 (full 0):
 garbage-first heap   total 324608K, used 240020K [0x0000000080000000, 0x0000000100000000)
  region size 1024K, 122 young (124928K), 13 survivors (13312K)
 Metaspace       used 113187K, capacity 116743K, committed 116988K, reserved 1150976K
  class space    used 13945K, capacity 15184K, committed 15232K, reserved 1048576K
}
Event: 1155.504 GC heap after
{Heap after GC invocations=184 (full 0):
 garbage-first heap   total 324608K, used 139532K [0x0000000080000000, 0x0000000100000000)
  region size 1024K, 10 young (10240K), 10 survivors (10240K)
 Metaspace       used 113187K, capacity 116743K, committed 116988K, reserved 1150976K
  class space    used 13945K, capacity 15184K, committed 15232K, reserved 1048576K
}
Event: 1168.613 GC heap before
{Heap before GC invocations=184 (full 0):
 garbage-first heap   total 324608K, used 259340K [0x0000000080000000, 0x0000000100000000)
  region size 1024K, 117 young (119808K), 10 survivors (10240K)
 Metaspace       used 115883K, capacity 119439K, committed 119548K, reserved 1153024K
  class space    used 14243K, capacity 15485K, committed 15488K, reserved 1048576K
}
Event: 1168.761 GC heap after
{Heap after GC invocations=185 (full 0):
 garbage-first heap   total 324608K, used 157696K [0x0000000080000000, 0x0000000100000000)
  region size 1024K, 15 young (15360K), 15 survivors (15360K)
 Metaspace       used 115883K, capacity 119439K, committed 119548K, reserved 1153024K
  class space    used 14243K, capacity 15485K, committed 15488K, reserved 1048576K
}
Event: 1174.089 GC heap before
{Heap before GC invocations=185 (full 0):
 garbage-first heap   total 324608K, used 253952K [0x0000000080000000, 0x0000000100000000)
  region size 1024K, 95 young (97280K), 15 survivors (15360K)
 Metaspace       used 119509K, capacity 123039K, committed 123260K, reserved 1157120K
  class space    used 14518K, capacity 15782K, committed 15872K, reserved 1048576K
}
Event: 1174.178 GC heap after
{Heap after GC invocations=186 (full 0):
 garbage-first heap   total 324608K, used 161941K [0x0000000080000000, 0x0000000100000000)
  region size 1024K, 4 young (4096K), 4 survivors (4096K)
 Metaspace       used 119509K, capacity 123039K, committed 123260K, reserved 1157120K
  class space    used 14518K, capacity 15782K, committed 15872K, reserved 1048576K
}
Event: 1190.416 GC heap before
{Heap before GC invocations=186 (full 0):
 garbage-first heap   total 324608K, used 241813K [0x0000000080000000, 0x0000000100000000)
  region size 1024K, 83 young (84992K), 4 survivors (4096K)
 Metaspace       used 121400K, capacity 124985K, committed 125180K, reserved 1159168K
  class space    used 14677K, capacity 15927K, committed 16000K, reserved 1048576K
}
Event: 1190.440 GC heap after
{Heap after GC invocations=187 (full 0):
 garbage-first heap   total 324608K, used 161280K [0x0000000080000000, 0x0000000100000000)
  region size 1024K, 3 young (3072K), 3 survivors (3072K)
 Metaspace       used 121400K, capacity 124985K, committed 125180K, reserved 1159168K
  class space    used 14677K, capacity 15927K, committed 16000K, reserved 1048576K
}
Event: 1219.194 GC heap before
{Heap before GC invocations=187 (full 0):
 garbage-first heap   total 324608K, used 252416K [0x0000000080000000, 0x0000000100000000)
  region size 1024K, 93 young (95232K), 3 survivors (3072K)
 Metaspace       used 123215K, capacity 126846K, committed 127100K, reserved 1161216K
  class space    used 14838K, capacity 16090K, committed 16128K, reserved 1048576K
}
Event: 1219.228 GC heap after
{Heap after GC invocations=188 (full 0):
 garbage-first heap   total 324608K, used 165030K [0x0000000080000000, 0x0000000100000000)
  region size 1024K, 7 young (7168K), 7 survivors (7168K)
 Metaspace       used 123215K, capacity 126846K, committed 127100K, reserved 1161216K
  class space    used 14838K, capacity 16090K, committed 16128K, reserved 1048576K
}
Event: 1273.010 GC heap before
{Heap before GC invocations=188 (full 0):
 garbage-first heap   total 324608K, used 257190K [0x0000000080000000, 0x0000000100000000)
  region size 1024K, 98 young (100352K), 7 survivors (7168K)
 Metaspace       used 124008K, capacity 127583K, committed 127740K, reserved 1161216K
  class space    used 14916K, capacity 16179K, committed 16256K, reserved 1048576K
}
Event: 1273.056 GC heap after
{Heap after GC invocations=189 (full 0):
 garbage-first heap   total 324608K, used 168960K [0x0000000080000000, 0x0000000100000000)
  region size 1024K, 11 young (11264K), 11 survivors (11264K)
 Metaspace       used 124008K, capacity 127583K, committed 127740K, reserved 1161216K
  class space    used 14916K, capacity 16179K, committed 16256K, reserved 1048576K
}
Event: 1334.327 GC heap before
{Heap before GC invocations=189 (full 0):
 garbage-first heap   total 324608K, used 262144K [0x0000000080000000, 0x0000000100000000)
  region size 1024K, 102 young (104448K), 11 survivors (11264K)
 Metaspace       used 124384K, capacity 128065K, committed 128252K, reserved 1161216K
  class space    used 14958K, capacity 16250K, committed 16256K, reserved 1048576K
}
Event: 1334.391 GC heap after
{Heap after GC invocations=190 (full 0):
 garbage-first heap   total 324608K, used 173768K [0x0000000080000000, 0x0000000100000000)
  region size 1024K, 10 young (10240K), 10 survivors (10240K)
 Metaspace       used 124384K, capacity 128065K, committed 128252K, reserved 1161216K
  class space    used 14958K, capacity 16250K, committed 16256K, reserved 1048576K
}

Deoptimization events (20 events):
Event: 1335.811 Thread 0x00000209f8e37000 DEOPT PACKING pc=0x00000209e6851438 sp=0x000000ff472f8e50
Event: 1335.811 Thread 0x00000209f8e37000 DEOPT UNPACKING pc=0x00000209dde966a9 sp=0x000000ff472f8d10 mode 2
Event: 1335.896 Thread 0x00000209f8e37000 Uncommon trap: trap_request=0xffffffc6 fr.pc=0x00000209e6853474 relative=0x0000000000000f34
Event: 1335.896 Thread 0x00000209f8e37000 Uncommon trap: reason=bimorphic_or_optimized_type_check action=maybe_recompile pc=0x00000209e6853474 method=com.google.common.collect.NaturalOrdering.compare(Ljava/lang/Comparable;Ljava/lang/Comparable;)I @ 12 c2
Event: 1335.896 Thread 0x00000209f8e37000 DEOPT PACKING pc=0x00000209e6853474 sp=0x000000ff472f8d40
Event: 1335.896 Thread 0x00000209f8e37000 DEOPT UNPACKING pc=0x00000209dde966a9 sp=0x000000ff472f8c20 mode 2
Event: 1335.896 Thread 0x00000209f8e37000 Uncommon trap: trap_request=0xffffffc6 fr.pc=0x00000209e6853474 relative=0x0000000000000f34
Event: 1335.896 Thread 0x00000209f8e37000 Uncommon trap: reason=bimorphic_or_optimized_type_check action=maybe_recompile pc=0x00000209e6853474 method=com.google.common.collect.NaturalOrdering.compare(Ljava/lang/Comparable;Ljava/lang/Comparable;)I @ 12 c2
Event: 1335.896 Thread 0x00000209f8e37000 DEOPT PACKING pc=0x00000209e6853474 sp=0x000000ff472f8e30
Event: 1335.896 Thread 0x00000209f8e37000 DEOPT UNPACKING pc=0x00000209dde966a9 sp=0x000000ff472f8d10 mode 2
Event: 1335.896 Thread 0x00000209f8e37000 Uncommon trap: trap_request=0xffffffc6 fr.pc=0x00000209e6853474 relative=0x0000000000000f34
Event: 1335.897 Thread 0x00000209f8e37000 Uncommon trap: reason=bimorphic_or_optimized_type_check action=maybe_recompile pc=0x00000209e6853474 method=com.google.common.collect.NaturalOrdering.compare(Ljava/lang/Comparable;Ljava/lang/Comparable;)I @ 12 c2
Event: 1335.897 Thread 0x00000209f8e37000 DEOPT PACKING pc=0x00000209e6853474 sp=0x000000ff472f8d40
Event: 1335.897 Thread 0x00000209f8e37000 DEOPT UNPACKING pc=0x00000209dde966a9 sp=0x000000ff472f8c20 mode 2
Event: 1335.897 Thread 0x00000209f8e37000 Uncommon trap: trap_request=0xffffffc6 fr.pc=0x00000209e6853474 relative=0x0000000000000f34
Event: 1335.897 Thread 0x00000209f8e37000 Uncommon trap: reason=bimorphic_or_optimized_type_check action=maybe_recompile pc=0x00000209e6853474 method=com.google.common.collect.NaturalOrdering.compare(Ljava/lang/Comparable;Ljava/lang/Comparable;)I @ 12 c2
Event: 1335.897 Thread 0x00000209f8e37000 DEOPT PACKING pc=0x00000209e6853474 sp=0x000000ff472f8d40
Event: 1335.897 Thread 0x00000209f8e37000 DEOPT UNPACKING pc=0x00000209dde966a9 sp=0x000000ff472f8c20 mode 2
Event: 1336.527 Thread 0x00000209f8e37000 DEOPT PACKING pc=0x00000209e0c3ba9a sp=0x000000ff472f9010
Event: 1336.527 Thread 0x00000209f8e37000 DEOPT UNPACKING pc=0x00000209dde964bf sp=0x000000ff472f84b0 mode 0

Classes redefined (0 events):
No events

Internal exceptions (20 events):
Event: 1324.391 Thread 0x00000209f8e44000 Exception <a 'sun/nio/fs/WindowsException'{0x0000000090cf38d8}> (0x0000000090cf38d8) thrown at [./src/hotspot/share/prims/jni.cpp, line 615]
Event: 1324.672 Thread 0x00000209f8e44000 Exception <a 'sun/nio/fs/WindowsException'{0x0000000090b69d70}> (0x0000000090b69d70) thrown at [./src/hotspot/share/prims/jni.cpp, line 615]
Event: 1324.875 Thread 0x00000209f8e44000 Exception <a 'sun/nio/fs/WindowsException'{0x0000000090bf5e08}> (0x0000000090bf5e08) thrown at [./src/hotspot/share/prims/jni.cpp, line 615]
Event: 1325.139 Thread 0x00000209f8e44000 Exception <a 'sun/nio/fs/WindowsException'{0x0000000090a88b08}> (0x0000000090a88b08) thrown at [./src/hotspot/share/prims/jni.cpp, line 615]
Event: 1325.238 Thread 0x00000209f8e44000 Exception <a 'sun/nio/fs/WindowsException'{0x0000000090ae9f20}> (0x0000000090ae9f20) thrown at [./src/hotspot/share/prims/jni.cpp, line 615]
Event: 1325.470 Thread 0x00000209f8e44000 Exception <a 'sun/nio/fs/WindowsException'{0x0000000090978b60}> (0x0000000090978b60) thrown at [./src/hotspot/share/prims/jni.cpp, line 615]
Event: 1325.610 Thread 0x00000209f8e44000 Exception <a 'sun/nio/fs/WindowsException'{0x0000000090807908}> (0x0000000090807908) thrown at [./src/hotspot/share/prims/jni.cpp, line 615]
Event: 1325.865 Thread 0x00000209f8e44000 Exception <a 'sun/nio/fs/WindowsException'{0x00000000908caf60}> (0x00000000908caf60) thrown at [./src/hotspot/share/prims/jni.cpp, line 615]
Event: 1326.289 Thread 0x00000209f8e44000 Exception <a 'sun/nio/fs/WindowsException'{0x0000000090773d28}> (0x0000000090773d28) thrown at [./src/hotspot/share/prims/jni.cpp, line 615]
Event: 1326.607 Thread 0x00000209f8e44000 Exception <a 'sun/nio/fs/WindowsException'{0x00000000907d6d90}> (0x00000000907d6d90) thrown at [./src/hotspot/share/prims/jni.cpp, line 615]
Event: 1326.725 Thread 0x00000209f8e44000 Exception <a 'sun/nio/fs/WindowsException'{0x000000009065dab0}> (0x000000009065dab0) thrown at [./src/hotspot/share/prims/jni.cpp, line 615]
Event: 1327.228 Thread 0x00000209f8e44000 Exception <a 'sun/nio/fs/WindowsException'{0x000000009048d380}> (0x000000009048d380) thrown at [./src/hotspot/share/prims/jni.cpp, line 615]
Event: 1327.360 Thread 0x00000209f8e44000 Exception <a 'sun/nio/fs/WindowsException'{0x00000000904f9e00}> (0x00000000904f9e00) thrown at [./src/hotspot/share/prims/jni.cpp, line 615]
Event: 1327.715 Thread 0x00000209f8e45000 Exception <a 'sun/nio/fs/WindowsException'{0x0000000090210fd0}> (0x0000000090210fd0) thrown at [./src/hotspot/share/prims/jni.cpp, line 615]
Event: 1328.285 Thread 0x00000209f8e37000 Exception <a 'sun/nio/fs/WindowsException'{0x00000000903c5aa8}> (0x00000000903c5aa8) thrown at [./src/hotspot/share/prims/jni.cpp, line 615]
Event: 1328.741 Thread 0x00000209f8e37000 Exception <a 'sun/nio/fs/WindowsException'{0x0000000090271f58}> (0x0000000090271f58) thrown at [./src/hotspot/share/prims/jni.cpp, line 615]
Event: 1332.508 Thread 0x00000209f8e37000 Implicit null exception at 0x00000209e5a7e59d to 0x00000209e5a7ed10
Event: 1333.520 Thread 0x00000209fd12a800 Exception <a 'java/io/IOException'{0x000000008ece70d0}> (0x000000008ece70d0) thrown at [./src/hotspot/share/prims/jni.cpp, line 615]
Event: 1333.822 Thread 0x00000209f8e37800 Exception <a 'java/lang/NoSuchMethodError'{0x000000008e8a66e0}: <clinit>> (0x000000008e8a66e0) thrown at [./src/hotspot/share/prims/jni.cpp, line 1362]
Event: 1333.824 Thread 0x00000209f8e37800 Exception <a 'java/lang/NoSuchMethodError'{0x000000008e8af810}: <clinit>> (0x000000008e8af810) thrown at [./src/hotspot/share/prims/jni.cpp, line 1362]

Events (20 events):
Event: 1333.679 loading class org/gradle/tooling/internal/protocol/InternalFailure
Event: 1333.679 loading class org/gradle/tooling/internal/protocol/InternalFailure done
Event: 1333.680 loading class java/lang/Throwable$WrappedPrintWriter
Event: 1333.762 loading class java/lang/Throwable$PrintStreamOrWriter
Event: 1333.783 loading class java/lang/Throwable$PrintStreamOrWriter done
Event: 1333.783 loading class java/lang/Throwable$WrappedPrintWriter done
Event: 1333.787 Executing VM operation: RevokeBias
Event: 1333.787 Executing VM operation: RevokeBias done
Event: 1333.789 Executing VM operation: RevokeBias
Event: 1333.789 Executing VM operation: RevokeBias done
Event: 1333.814 loading class org/gradle/execution/plan/DefaultExecutionPlan
Event: 1333.814 loading class org/gradle/execution/plan/DefaultExecutionPlan done
Event: 1333.816 loading class org/gradle/tooling/events/task/internal/DefaultTaskFailureResult
Event: 1333.816 loading class org/gradle/tooling/events/task/internal/DefaultTaskFailureResult done
Event: 1333.817 loading class org/gradle/tooling/events/internal/DefaultOperationFailureResult
Event: 1333.817 loading class org/gradle/tooling/events/internal/DefaultOperationFailureResult done
Event: 1333.818 loading class org/gradle/tooling/internal/consumer/DefaultFailure
Event: 1333.818 loading class org/gradle/tooling/internal/consumer/DefaultFailure done
Event: 1334.327 Executing VM operation: G1CollectForAllocation
Event: 1334.392 Executing VM operation: G1CollectForAllocation done


Dynamic libraries:
0x00007ff71e510000 - 0x00007ff71e51a000 	C:\Users\felip\OneDrive\Desktop\android-studio-ide-202.6987402-windows\android-studio\jre\bin\java.exe
0x00007ffa84f50000 - 0x00007ffa85145000 	C:\Windows\SYSTEM32\ntdll.dll
0x00007ffa6b250000 - 0x00007ffa6b262000 	C:\Program Files\Avast Software\Avast\aswhook.dll
0x00007ffa83b50000 - 0x00007ffa83c0d000 	C:\Windows\System32\KERNEL32.DLL
0x00007ffa829c0000 - 0x00007ffa82c88000 	C:\Windows\System32\KERNELBASE.dll
0x00007ffa82dc0000 - 0x00007ffa82ec0000 	C:\Windows\System32\ucrtbase.dll
0x00007ffa72700000 - 0x00007ffa72719000 	C:\Users\felip\OneDrive\Desktop\android-studio-ide-202.6987402-windows\android-studio\jre\bin\jli.dll
0x00007ffa830a0000 - 0x00007ffa83240000 	C:\Windows\System32\USER32.dll
0x00007ffa82ce0000 - 0x00007ffa82d02000 	C:\Windows\System32\win32u.dll
0x00007ffa84e40000 - 0x00007ffa84e6a000 	C:\Windows\System32\GDI32.dll
0x00007ffa82820000 - 0x00007ffa8292b000 	C:\Windows\System32\gdi32full.dll
0x00007ffa82ec0000 - 0x00007ffa82f5d000 	C:\Windows\System32\msvcp_win.dll
0x00007ffa6ae80000 - 0x00007ffa6ae97000 	C:\Users\felip\OneDrive\Desktop\android-studio-ide-202.6987402-windows\android-studio\jre\bin\VCRUNTIME140.dll
0x00007ffa6f5d0000 - 0x00007ffa6f86a000 	C:\Windows\WinSxS\amd64_microsoft.windows.common-controls_6595b64144ccf1df_6.0.19041.1052_none_60b8f8fd71f5e8cb\COMCTL32.dll
0x00007ffa834e0000 - 0x00007ffa8357e000 	C:\Windows\System32\msvcrt.dll
0x00007ffa83b20000 - 0x00007ffa83b50000 	C:\Windows\System32\IMM32.DLL
0x00007ffa65000000 - 0x00007ffa6509d000 	C:\Users\felip\OneDrive\Desktop\android-studio-ide-202.6987402-windows\android-studio\jre\bin\msvcp140.dll
0x00007ffa4cb30000 - 0x00007ffa4d5ec000 	C:\Users\felip\OneDrive\Desktop\android-studio-ide-202.6987402-windows\android-studio\jre\bin\server\jvm.dll
0x00007ffa82fe0000 - 0x00007ffa8308c000 	C:\Windows\System32\ADVAPI32.dll
0x00007ffa83240000 - 0x00007ffa832db000 	C:\Windows\System32\sechost.dll
0x00007ffa83580000 - 0x00007ffa836ab000 	C:\Windows\System32\RPCRT4.dll
0x00007ffa84e30000 - 0x00007ffa84e38000 	C:\Windows\System32\PSAPI.DLL
0x00007ffa75ca0000 - 0x00007ffa75ca9000 	C:\Windows\SYSTEM32\WSOCK32.dll
0x00007ffa83cc0000 - 0x00007ffa83d2b000 	C:\Windows\System32\WS2_32.dll
0x00007ffa6d5c0000 - 0x00007ffa6d5e7000 	C:\Windows\SYSTEM32\WINMM.dll
0x00007ffa7c100000 - 0x00007ffa7c10a000 	C:\Windows\SYSTEM32\VERSION.dll
0x00007ffa80500000 - 0x00007ffa80512000 	C:\Windows\SYSTEM32\kernel.appcore.dll
0x00007ffa7d6b0000 - 0x00007ffa7d6c1000 	C:\Users\felip\OneDrive\Desktop\android-studio-ide-202.6987402-windows\android-studio\jre\bin\verify.dll
0x00007ffa79b50000 - 0x00007ffa79d34000 	C:\Windows\SYSTEM32\DBGHELP.DLL
0x00007ffa7a060000 - 0x00007ffa7a08c000 	C:\Windows\SYSTEM32\dbgcore.DLL
0x00007ffa82930000 - 0x00007ffa829b3000 	C:\Windows\System32\bcryptPrimitives.dll
0x00007ffa7d620000 - 0x00007ffa7d649000 	C:\Users\felip\OneDrive\Desktop\android-studio-ide-202.6987402-windows\android-studio\jre\bin\java.dll
0x00007ffa80100000 - 0x00007ffa8010b000 	C:\Users\felip\OneDrive\Desktop\android-studio-ide-202.6987402-windows\android-studio\jre\bin\jimage.dll
0x00007ffa7d600000 - 0x00007ffa7d618000 	C:\Users\felip\OneDrive\Desktop\android-studio-ide-202.6987402-windows\android-studio\jre\bin\zip.dll
0x00007ffa84010000 - 0x00007ffa8474f000 	C:\Windows\System32\SHELL32.dll
0x00007ffa807e0000 - 0x00007ffa80f70000 	C:\Windows\SYSTEM32\windows.storage.dll
0x00007ffa84a70000 - 0x00007ffa84dc5000 	C:\Windows\System32\combase.dll
0x00007ffa82030000 - 0x00007ffa8205c000 	C:\Windows\SYSTEM32\Wldp.dll
0x00007ffa83f60000 - 0x00007ffa8400e000 	C:\Windows\System32\SHCORE.dll
0x00007ffa84dd0000 - 0x00007ffa84e25000 	C:\Windows\System32\shlwapi.dll
0x00007ffa825d0000 - 0x00007ffa825ef000 	C:\Windows\SYSTEM32\profapi.dll
0x00007ffa7d5c0000 - 0x00007ffa7d5da000 	C:\Users\felip\OneDrive\Desktop\android-studio-ide-202.6987402-windows\android-studio\jre\bin\net.dll
0x00007ffa77e00000 - 0x00007ffa77f0b000 	C:\Windows\SYSTEM32\WINHTTP.dll
0x00007ffa81da0000 - 0x00007ffa81e0a000 	C:\Windows\system32\mswsock.dll
0x00007ffa7d5a0000 - 0x00007ffa7d5b4000 	C:\Users\felip\OneDrive\Desktop\android-studio-ide-202.6987402-windows\android-studio\jre\bin\nio.dll
0x00007ffa72510000 - 0x00007ffa72536000 	C:\Users\felip\.gradle\native\fdc75f09e3144964f2cf3f50f0aa648679c211496f362492102eb8c894070792\windows-amd64\native-platform.dll
0x00007ffa4dc80000 - 0x00007ffa4de11000 	C:\Users\felip\.gradle\native\12488b8bf47d2d4c9fbf2f6322a914ad602e24e48041cd04a747c6da556b65c4\windows-amd64\native-platform-file-events.dll
0x00007ffa7d590000 - 0x00007ffa7d59a000 	C:\Users\felip\OneDrive\Desktop\android-studio-ide-202.6987402-windows\android-studio\jre\bin\management.dll
0x00007ffa7ce40000 - 0x00007ffa7ce4c000 	C:\Users\felip\OneDrive\Desktop\android-studio-ide-202.6987402-windows\android-studio\jre\bin\management_ext.dll
0x00007ffa81f80000 - 0x00007ffa81f98000 	C:\Windows\SYSTEM32\CRYPTSP.dll
0x00007ffa81740000 - 0x00007ffa81774000 	C:\Windows\system32\rsaenh.dll
0x00007ffa82690000 - 0x00007ffa826b7000 	C:\Windows\System32\bcrypt.dll
0x00007ffa82590000 - 0x00007ffa825be000 	C:\Windows\SYSTEM32\USERENV.dll
0x00007ffa81f70000 - 0x00007ffa81f7c000 	C:\Windows\SYSTEM32\CRYPTBASE.dll
0x00007ffa81a90000 - 0x00007ffa81acb000 	C:\Windows\SYSTEM32\IPHLPAPI.DLL
0x00007ffa84f00000 - 0x00007ffa84f08000 	C:\Windows\System32\NSI.dll
0x00007ffa7b5d0000 - 0x00007ffa7b5e7000 	C:\Windows\SYSTEM32\dhcpcsvc6.DLL
0x00007ffa7b890000 - 0x00007ffa7b8ad000 	C:\Windows\SYSTEM32\dhcpcsvc.DLL
0x00007ffa81ad0000 - 0x00007ffa81b9c000 	C:\Windows\SYSTEM32\DNSAPI.dll
0x00007ffa7c1e0000 - 0x00007ffa7c1eb000 	C:\Windows\SYSTEM32\WINNSI.DLL
0x00007ffa80050000 - 0x00007ffa800e0000 	C:\Windows\system32\apphelp.dll

dbghelp: loaded successfully - version: 4.0.5 - missing functions: none
symbol engine: initialized successfully - sym options: 0x614 - pdb path: .;C:\Users\felip\OneDrive\Desktop\android-studio-ide-202.6987402-windows\android-studio\jre\bin;C:\Windows\SYSTEM32;C:\Program Files\Avast Software\Avast;C:\Windows\WinSxS\amd64_microsoft.windows.common-controls_6595b64144ccf1df_6.0.19041.1052_none_60b8f8fd71f5e8cb;C:\Users\felip\OneDrive\Desktop\android-studio-ide-202.6987402-windows\android-studio\jre\bin\server;C:\Users\felip\.gradle\native\fdc75f09e3144964f2cf3f50f0aa648679c211496f362492102eb8c894070792\windows-amd64;C:\Users\felip\.gradle\native\12488b8bf47d2d4c9fbf2f6322a914ad602e24e48041cd04a747c6da556b65c4\windows-amd64

VM Arguments:
jvm_args: --add-opens=java.base/java.util=ALL-UNNAMED --add-opens=java.base/java.lang=ALL-UNNAMED --add-opens=java.base/java.lang.invoke=ALL-UNNAMED --add-opens=java.prefs/java.util.prefs=ALL-UNNAMED -Xmx2048m -Dfile.encoding=windows-1252 -Duser.country=US -Duser.language=en -Duser.variant 
java_command: org.gradle.launcher.daemon.bootstrap.GradleDaemon 6.7.1
java_class_path (initial): C:\Users\felip\.gradle\wrapper\dists\gradle-6.7.1-bin\bwlcbys1h7rz3272sye1xwiv6\gradle-6.7.1\lib\gradle-launcher-6.7.1.jar
Launcher Type: SUN_STANDARD

[Global flags]
     intx CICompilerCount                          = 2                                         {product} {ergonomic}
     uint ConcGCThreads                            = 1                                         {product} {ergonomic}
     uint G1ConcRefinementThreads                  = 2                                         {product} {ergonomic}
   size_t G1HeapRegionSize                         = 1048576                                   {product} {ergonomic}
    uintx GCDrainStackTargetSize                   = 64                                        {product} {ergonomic}
   size_t InitialHeapSize                          = 67108864                                  {product} {ergonomic}
   size_t MarkStackSize                            = 4194304                                   {product} {ergonomic}
   size_t MaxHeapSize                              = 2147483648                                {product} {command line}
   size_t MaxNewSize                               = 1287651328                                {product} {ergonomic}
   size_t MinHeapDeltaBytes                        = 1048576                                   {product} {ergonomic}
    uintx NonNMethodCodeHeapSize                   = 5825164                                {pd product} {ergonomic}
    uintx NonProfiledCodeHeapSize                  = 122916538                              {pd product} {ergonomic}
    uintx ProfiledCodeHeapSize                     = 122916538                              {pd product} {ergonomic}
    uintx ReservedCodeCacheSize                    = 251658240                              {pd product} {ergonomic}
     bool SegmentedCodeCache                       = true                                      {product} {ergonomic}
     bool UseCompressedClassPointers               = true                                 {lp64_product} {ergonomic}
     bool UseCompressedOops                        = true                                 {lp64_product} {ergonomic}
     bool UseG1GC                                  = true                                      {product} {ergonomic}
     bool UseLargePagesIndividualAllocation        = false                                  {pd product} {ergonomic}

Logging:
Log output configuration:
 #0: stdout all=warning uptime,level,tags
 #1: stderr all=off uptime,level,tags

Environment Variables:
PATH=C:\Program Files\Common Files\Oracle\Java\javapath;C:\Program Files (x86)\Common Files\Oracle\Java\javapath;C:\Windows\system32;C:\Windows;C:\Windows\System32\Wbem;C:\Windows\System32\WindowsPowerShell\v1.0\;C:\Windows\System32\OpenSSH\;C:\ProgramData\chocolatey\bin;C:\Program Files\Docker\Docker\resources\bin;C:\ProgramData\DockerDesktop\version-bin;C:\Program Files (x86)\Yarn\bin\;C:\Program Files\nodejs\;C:\Program Files\Git\cmd;C:\Users\felip\AppData\Local\Microsoft\WindowsApps;C:\Users\felip\AppData\Local\Programs\Microsoft VS Code\bin;C:\Users\felip\AppData\Local\Yarn\bin;C:\Users\felip\AppData\Local\GitHubDesktop\bin;C:\Users\felip\AppData\Roaming\npm
USERNAME=felip
OS=Windows_NT
PROCESSOR_IDENTIFIER=Intel64 Family 6 Model 23 Stepping 10, GenuineIntel



---------------  S Y S T E M  ---------------

OS: Windows 10 , 64 bit Build 19041 (10.0.19041.1023)
OS uptime: 1 days 15:47 hours

CPU:total 2 (initial active 2) (2 cores per cpu, 1 threads per core) family 6 model 23 stepping 10, cmov, cx8, fxsr, mmx, sse, sse2, sse3, ssse3, tsc

Memory: 4k page, system-wide physical 4061M (36M free)
TotalPageFile size 4061M (AvailPageFile size 4M)
current process WorkingSet (physical memory assigned to process): 487M, peak: 519M
current process commit charge ("private bytes"): 689M, peak: 689M

vm_info: OpenJDK 64-Bit Server VM (11.0.8+10-b944.6842174) for windows-amd64 JRE (11.0.8+10-b944.6842174), built on Sep 19 2020 01:11:42 by "builder" with MS VC++ 14.0 (VS2015)

END.
