#
# There is insufficient memory for the Java Runtime Environment to continue.
# Native memory allocation (mmap) failed to map 24117248 bytes for Failed to commit area from 0x0000000087000000 to 0x0000000088700000 of length 24117248.
# Possible reasons:
#   The system is out of physical RAM or swap space
#   The process is running with CompressedOops enabled, and the Java Heap may be blocking the growth of the native heap
# Possible solutions:
#   Reduce memory load on the system
#   Increase physical memory or swap space
#   Check if swap backing store is full
#   Decrease Java heap size (-Xmx/-Xms)
#   Decrease number of Java threads
#   Decrease Java thread stack sizes (-Xss)
#   Set larger code cache with -XX:ReservedCodeCacheSize=
#   JVM is running with Unscaled Compressed Oops mode in which the Java heap is
#     placed in the first 4GB address space. The Java Heap base address is the
#     maximum limit for the native heap growth. Please use -XX:HeapBaseMinAddress
#     to set the Java Heap base and to place the Java Heap above 4GB virtual address.
# This output file may be truncated or incomplete.
#
#  Out of Memory Error (./src/hotspot/os/windows/os_windows.cpp:3303), pid=7784, tid=6832
#
# JRE version: OpenJDK Runtime Environment (11.0.8+10) (build 11.0.8+10-b944.6842174)
# Java VM: OpenJDK 64-Bit Server VM (11.0.8+10-b944.6842174, mixed mode, tiered, compressed oops, g1 gc, windows-amd64)
# No core dump will be written. Minidumps are not enabled by default on client versions of Windows
#

---------------  S U M M A R Y ------------

Command Line: --add-opens=java.base/java.util=ALL-UNNAMED --add-opens=java.base/java.lang=ALL-UNNAMED --add-opens=java.base/java.lang.invoke=ALL-UNNAMED --add-opens=java.base/java.util=ALL-UNNAMED --add-opens=java.prefs/java.util.prefs=ALL-UNNAMED --add-opens=java.prefs/java.util.prefs=ALL-UNNAMED --add-opens=java.base/java.nio.charset=ALL-UNNAMED --add-opens=java.base/java.net=ALL-UNNAMED --add-opens=java.base/java.util.concurrent.atomic=ALL-UNNAMED -Xmx2048m -Dfile.encoding=windows-1252 -Duser.country=US -Duser.language=en -Duser.variant org.gradle.launcher.daemon.bootstrap.GradleDaemon 7.1.1

Host: Celeron(R) Dual-Core CPU       T3500  @ 2.10GHz, 2 cores, 3G,  Windows 10 , 64 bit Build 19041 (10.0.19041.1023)
Time: Wed Jul 14 10:02:50 2021 E. South America Standard Time elapsed time: 309 seconds (0d 0h 5m 9s)

---------------  T H R E A D  ---------------

Current thread (0x0000027f75c4d800):  VMThread "VM Thread" [stack: 0x000000933c300000,0x000000933c400000] [id=6832]

Stack: [0x000000933c300000,0x000000933c400000]
[error occurred during error reporting (printing stack bounds), id 0xc0000005, EXCEPTION_ACCESS_VIOLATION (0xc0000005) at pc=0x0000027f5f0f0dbd]

Native frames: (J=compiled Java code, j=interpreted, Vv=VM code, C=native code)
V  [jvm.dll+0x5de50a]
V  [jvm.dll+0x7122f5]
V  [jvm.dll+0x71384d]
V  [jvm.dll+0x713e65]
V  [jvm.dll+0x713e1b]
V  [jvm.dll+0x5dd958]
V  [jvm.dll+0x5de0f8]
C  [ntdll.dll+0xa217f]
C  [ntdll.dll+0x51454]
C  [ntdll.dll+0xa0cae]
C  0x0000027f5f0f0dbd

VM_Operation (0x000000933f3fa580): G1CollectForAllocation, mode: safepoint, requested by thread 0x0000027f78b94800


---------------  P R O C E S S  ---------------

Threads class SMR info:
_java_thread_list=0x0000027f7e5c5820, length=59, elements={
0x0000027f5b767800, 0x0000027f75c91800, 0x0000027f75c92000, 0x0000027f75cee000,
0x0000027f75cf0000, 0x0000027f75cf2000, 0x0000027f75e63000, 0x0000027f75e68800,
0x0000027f75f54800, 0x0000027f75f88000, 0x0000027f772d7800, 0x0000027f77398800,
0x0000027f75f66800, 0x0000027f77f24800, 0x0000027f775f7800, 0x0000027f7737c800,
0x0000027f7737d800, 0x0000027f76c3b800, 0x0000027f76c3d000, 0x0000027f77e27000,
0x0000027f77e2d800, 0x0000027f77e28000, 0x0000027f77e29800, 0x0000027f77e2a800,
0x0000027f77e2b000, 0x0000027f77e2c000, 0x0000027f77e2d000, 0x0000027f78b89000,
0x0000027f78b8b800, 0x0000027f78b8c800, 0x0000027f78b8f800, 0x0000027f78b8f000,
0x0000027f78b8d000, 0x0000027f78b8e000, 0x0000027f78b90800, 0x0000027f78b8a800,
0x0000027f78b91800, 0x0000027f78b92000, 0x0000027f78b97000, 0x0000027f78b98000,
0x0000027f78b93000, 0x0000027f78b93800, 0x0000027f78b95800, 0x0000027f78b96000,
0x0000027f78b94800, 0x0000027f78a89000, 0x0000027f78a8a800, 0x0000027f78a8c000,
0x0000027f78a8f800, 0x0000027f78a8b800, 0x0000027f78a8e000, 0x0000027f78a8d000,
0x0000027f78a8e800, 0x0000027f78a89800, 0x0000027f78a94800, 0x0000027f78a95000,
0x0000027f78a96000, 0x0000027f78a91000, 0x0000027f78a92800
}

Java Threads: ( => current thread )
  0x0000027f5b767800 JavaThread "main" [_thread_blocked, id=2064, stack(0x000000933bc00000,0x000000933bd00000)]
  0x0000027f75c91800 JavaThread "Reference Handler" daemon [_thread_blocked, id=2652, stack(0x000000933c400000,0x000000933c500000)]
  0x0000027f75c92000 JavaThread "Finalizer" daemon [_thread_blocked, id=5372, stack(0x000000933c500000,0x000000933c600000)]
  0x0000027f75cee000 JavaThread "Signal Dispatcher" daemon [_thread_blocked, id=2484, stack(0x000000933c600000,0x000000933c700000)]
  0x0000027f75cf0000 JavaThread "Attach Listener" daemon [_thread_blocked, id=4116, stack(0x000000933c700000,0x000000933c800000)]
  0x0000027f75cf2000 JavaThread "C2 CompilerThread0" daemon [_thread_blocked, id=6804, stack(0x000000933c800000,0x000000933c900000)]
  0x0000027f75e63000 JavaThread "C1 CompilerThread0" daemon [_thread_blocked, id=2968, stack(0x000000933c900000,0x000000933ca00000)]
  0x0000027f75e68800 JavaThread "Sweeper thread" daemon [_thread_blocked, id=7264, stack(0x000000933ca00000,0x000000933cb00000)]
  0x0000027f75f54800 JavaThread "Common-Cleaner" daemon [_thread_blocked, id=7116, stack(0x000000933cb00000,0x000000933cc00000)]
  0x0000027f75f88000 JavaThread "Service Thread" daemon [_thread_blocked, id=4980, stack(0x000000933cc00000,0x000000933cd00000)]
  0x0000027f772d7800 JavaThread "Daemon health stats" [_thread_blocked, id=100, stack(0x000000933cf00000,0x000000933d000000)]
  0x0000027f77398800 JavaThread "Incoming local TCP Connector on port 12655" [_thread_in_native, id=7672, stack(0x000000933d000000,0x000000933d100000)]
  0x0000027f75f66800 JavaThread "Daemon periodic checks" [_thread_blocked, id=3860, stack(0x000000933d100000,0x000000933d200000)]
  0x0000027f77f24800 JavaThread "Daemon" [_thread_blocked, id=4292, stack(0x000000933d200000,0x000000933d300000)]
  0x0000027f775f7800 JavaThread "Handler for socket connection from /127.0.0.1:12655 to /127.0.0.1:12656" [_thread_in_native, id=7372, stack(0x000000933d300000,0x000000933d400000)]
  0x0000027f7737c800 JavaThread "Cancel handler" [_thread_blocked, id=6812, stack(0x000000933d400000,0x000000933d500000)]
  0x0000027f7737d800 JavaThread "Daemon worker" [_thread_blocked, id=5180, stack(0x000000933d500000,0x000000933d600000)]
  0x0000027f76c3b800 JavaThread "Asynchronous log dispatcher for DefaultDaemonConnection: socket connection from /127.0.0.1:12655 to /127.0.0.1:12656" [_thread_blocked, id=1544, stack(0x000000933d600000,0x000000933d700000)]
  0x0000027f76c3d000 JavaThread "Daemon client event forwarder" [_thread_blocked, id=3128, stack(0x000000933d800000,0x000000933d900000)]
  0x0000027f77e27000 JavaThread "Cache worker for journal cache (C:\Users\felip\.gradle\caches\journal-1)" [_thread_blocked, id=3552, stack(0x000000933d900000,0x000000933da00000)]
  0x0000027f77e2d800 JavaThread "File lock request listener" [_thread_in_native, id=6512, stack(0x000000933da00000,0x000000933db00000)]
  0x0000027f77e28000 JavaThread "Cache worker for file hash cache (C:\Users\felip\.gradle\caches\7.1.1\fileHashes)" [_thread_blocked, id=2860, stack(0x000000933db00000,0x000000933dc00000)]
  0x0000027f77e29800 JavaThread "Cache worker for file hash cache (C:\Users\felip\AndroidStudioProjects\TheMovieApp\.gradle\7.1.1\fileHashes)" [_thread_blocked, id=3432, stack(0x000000933dd00000,0x000000933de00000)]
  0x0000027f77e2a800 JavaThread "File watcher server" daemon [_thread_blocked, id=996, stack(0x000000933de00000,0x000000933df00000)]
  0x0000027f77e2b000 JavaThread "File watcher consumer" daemon [_thread_blocked, id=5064, stack(0x000000933df00000,0x000000933e000000)]
  0x0000027f77e2c000 JavaThread "Cache worker for checksums cache (C:\Users\felip\AndroidStudioProjects\TheMovieApp\.gradle\checksums)" [_thread_blocked, id=5200, stack(0x000000933e000000,0x000000933e100000)]
  0x0000027f77e2d000 JavaThread "Cache worker for cache directory md-supplier (C:\Users\felip\.gradle\caches\7.1.1\md-supplier)" [_thread_blocked, id=7000, stack(0x000000933e100000,0x000000933e200000)]
  0x0000027f78b89000 JavaThread "Cache worker for cache directory md-rule (C:\Users\felip\.gradle\caches\7.1.1\md-rule)" [_thread_blocked, id=1784, stack(0x000000933e200000,0x000000933e300000)]
  0x0000027f78b8b800 JavaThread "Cache worker for execution history cache (C:\Users\felip\.gradle\caches\7.1.1\executionHistory)" [_thread_blocked, id=3228, stack(0x000000933e300000,0x000000933e400000)]
  0x0000027f78b8c800 JavaThread "jar transforms" [_thread_blocked, id=1684, stack(0x000000933e400000,0x000000933e500000)]
  0x0000027f78b8f800 JavaThread "jar transforms Thread 2" [_thread_blocked, id=7076, stack(0x000000933e500000,0x000000933e600000)]
  0x0000027f78b8f000 JavaThread "Cache worker for file content cache (C:\Users\felip\.gradle\caches\7.1.1\fileContent)" [_thread_blocked, id=1280, stack(0x000000933e800000,0x000000933e900000)]
  0x0000027f78b8d000 JavaThread "Cache worker for dependencies-accessors (C:\Users\felip\AndroidStudioProjects\TheMovieApp\.gradle\7.1.1\dependencies-accessors)" [_thread_blocked, id=1776, stack(0x000000933e900000,0x000000933ea00000)]
  0x0000027f78b8e000 JavaThread "Cache worker for Build Output Cleanup Cache (C:\Users\felip\AndroidStudioProjects\TheMovieApp\.gradle\buildOutputCleanup)" [_thread_blocked, id=1840, stack(0x000000933bb00000,0x000000933bc00000)]
  0x0000027f78b90800 JavaThread "Unconstrained build operations" [_thread_blocked, id=1520, stack(0x000000933bd00000,0x000000933be00000)]
  0x0000027f78b8a800 JavaThread "Unconstrained build operations Thread 2" [_thread_blocked, id=916, stack(0x000000933ea00000,0x000000933eb00000)]
  0x0000027f78b91800 JavaThread "Unconstrained build operations Thread 3" [_thread_blocked, id=4144, stack(0x000000933eb00000,0x000000933ec00000)]
  0x0000027f78b92000 JavaThread "Unconstrained build operations Thread 4" [_thread_blocked, id=6100, stack(0x000000933ec00000,0x000000933ed00000)]
  0x0000027f78b97000 JavaThread "Unconstrained build operations Thread 5" [_thread_blocked, id=1720, stack(0x000000933ed00000,0x000000933ee00000)]
  0x0000027f78b98000 JavaThread "Unconstrained build operations Thread 6" [_thread_blocked, id=7312, stack(0x000000933ee00000,0x000000933ef00000)]
  0x0000027f78b93000 JavaThread "Unconstrained build operations Thread 7" [_thread_blocked, id=7472, stack(0x000000933ef00000,0x000000933f000000)]
  0x0000027f78b93800 JavaThread "Unconstrained build operations Thread 8" [_thread_blocked, id=5784, stack(0x000000933f000000,0x000000933f100000)]
  0x0000027f78b95800 JavaThread "Unconstrained build operations Thread 9" [_thread_blocked, id=3272, stack(0x000000933f100000,0x000000933f200000)]
  0x0000027f78b96000 JavaThread "Unconstrained build operations Thread 10" [_thread_blocked, id=1320, stack(0x000000933f200000,0x000000933f300000)]
  0x0000027f78b94800 JavaThread "Unconstrained build operations Thread 11" [_thread_blocked, id=7736, stack(0x000000933f300000,0x000000933f400000)]
  0x0000027f78a89000 JavaThread "Unconstrained build operations Thread 12" [_thread_blocked, id=6292, stack(0x000000933f400000,0x000000933f500000)]
  0x0000027f78a8a800 JavaThread "Unconstrained build operations Thread 13" [_thread_blocked, id=5628, stack(0x000000933f500000,0x000000933f600000)]
  0x0000027f78a8c000 JavaThread "Unconstrained build operations Thread 14" [_thread_blocked, id=7880, stack(0x000000933f600000,0x000000933f700000)]
  0x0000027f78a8f800 JavaThread "Unconstrained build operations Thread 15" [_thread_blocked, id=3976, stack(0x000000933f700000,0x000000933f800000)]
  0x0000027f78a8b800 JavaThread "Unconstrained build operations Thread 16" [_thread_blocked, id=6248, stack(0x000000933f800000,0x000000933f900000)]
  0x0000027f78a8e000 JavaThread "Unconstrained build operations Thread 17" [_thread_blocked, id=5920, stack(0x000000933f900000,0x000000933fa00000)]
  0x0000027f78a8d000 JavaThread "Unconstrained build operations Thread 18" [_thread_blocked, id=7724, stack(0x000000933fa00000,0x000000933fb00000)]
  0x0000027f78a8e800 JavaThread "Unconstrained build operations Thread 19" [_thread_blocked, id=7820, stack(0x000000933fb00000,0x000000933fc00000)]
  0x0000027f78a89800 JavaThread "Unconstrained build operations Thread 20" [_thread_blocked, id=6480, stack(0x000000933fc00000,0x000000933fd00000)]
  0x0000027f78a94800 JavaThread "Memory manager" [_thread_blocked, id=2388, stack(0x000000933d700000,0x000000933d800000)]
  0x0000027f78a95000 JavaThread "build event listener" [_thread_blocked, id=1420, stack(0x000000933dc00000,0x000000933dd00000)]
  0x0000027f78a96000 JavaThread "build event listener" [_thread_blocked, id=7876, stack(0x000000933e600000,0x000000933e700000)]
  0x0000027f78a91000 JavaThread "Execution worker for ':'" [_thread_blocked, id=6896, stack(0x000000933e700000,0x000000933e800000)]
  0x0000027f78a92800 JavaThread "Cache worker for execution history cache (C:\Users\felip\AndroidStudioProjects\TheMovieApp\.gradle\7.1.1\executionHistory)" [_thread_blocked, id=8116, stack(0x000000933fd00000,0x000000933fe00000)]

Other Threads:
=>0x0000027f75c4d800 VMThread "VM Thread" [stack: 0x000000933c300000,0x000000933c400000] [id=6832]
  0x0000027f75f89800 WatcherThread [stack: 0x000000933cd00000,0x000000933ce00000] [id=7380]
  0x0000027f5b780800 GCTaskThread "GC Thread#0" [stack: 0x000000933be00000,0x000000933bf00000] [id=8012]
  0x0000027f76129800 GCTaskThread "GC Thread#1" [stack: 0x000000933ce00000,0x000000933cf00000] [id=2688]
  0x0000027f5b7b3800 ConcurrentGCThread "G1 Main Marker" [stack: 0x000000933bf00000,0x000000933c000000] [id=7632]
  0x0000027f5b7b5000 ConcurrentGCThread "G1 Conc#0" [stack: 0x000000933c000000,0x000000933c100000] [id=4092]
  0x0000027f5b806800 ConcurrentGCThread "G1 Refine#0" [stack: 0x000000933c100000,0x000000933c200000] [id=5724]
  0x0000027f5b807800 ConcurrentGCThread "G1 Young RemSet Sampling" [stack: 0x000000933c200000,0x000000933c300000] [id=6644]

Threads with active compile tasks:
C2 CompilerThread0 310107 11240       4       org.objectweb.asm.commons.MethodRemapper::doVisitMethodInsn (46 bytes)

VM state:at safepoint (normal execution)

VM Mutex/Monitor currently owned by a thread:  ([mutex/lock_event])
[0x0000027f5b763ff0] Threads_lock - owner thread: 0x0000027f75c4d800
[0x0000027f5b764980] Heap_lock - owner thread: 0x0000027f78b94800

Heap address: 0x0000000080000000, size: 2048 MB, Compressed Oops mode: 32-bit
Narrow klass base: 0x0000000000000000, Narrow klass shift: 3
Compressed class space size: 1073741824 Address: 0x0000000100000000

Heap:
 garbage-first heap   total 138240K, used 89603K [0x0000000080000000, 0x0000000100000000)
  region size 1024K, 1 young (1024K), 1 survivors (1024K)
 Metaspace       used 90369K, capacity 92495K, committed 92760K, reserved 1130496K
  class space    used 11545K, capacity 12377K, committed 12416K, reserved 1048576K
Heap Regions: E=young(eden), S=young(survivor), O=old, HS=humongous(starts), HC=humongous(continues), CS=collection set, F=free, A=archive, TAMS=top-at-mark-start (previous, next)
|   0|0x0000000080000000, 0x0000000080100000, 0x0000000080100000|100%| O|  |TAMS 0x0000000080100000, 0x0000000080100000| Untracked 
|   1|0x0000000080100000, 0x0000000080200000, 0x0000000080200000|100%| O|  |TAMS 0x0000000080200000, 0x0000000080200000| Untracked 
|   2|0x0000000080200000, 0x0000000080300000, 0x0000000080300000|100%| O|  |TAMS 0x0000000080300000, 0x0000000080300000| Untracked 
|   3|0x0000000080300000, 0x0000000080400000, 0x0000000080400000|100%| O|  |TAMS 0x0000000080400000, 0x0000000080400000| Untracked 
|   4|0x0000000080400000, 0x0000000080500000, 0x0000000080500000|100%|HS|  |TAMS 0x0000000080500000, 0x0000000080500000| Complete 
|   5|0x0000000080500000, 0x0000000080600000, 0x0000000080600000|100%|HC|  |TAMS 0x0000000080600000, 0x0000000080600000| Complete 
|   6|0x0000000080600000, 0x0000000080700000, 0x0000000080700000|100%|HC|  |TAMS 0x0000000080700000, 0x0000000080700000| Complete 
|   7|0x0000000080700000, 0x0000000080800000, 0x0000000080800000|100%| O|  |TAMS 0x0000000080800000, 0x0000000080800000| Untracked 
|   8|0x0000000080800000, 0x0000000080900000, 0x0000000080900000|100%| O|  |TAMS 0x0000000080900000, 0x0000000080900000| Untracked 
|   9|0x0000000080900000, 0x0000000080a00000, 0x0000000080a00000|100%| O|  |TAMS 0x0000000080a00000, 0x0000000080a00000| Untracked 
|  10|0x0000000080a00000, 0x0000000080b00000, 0x0000000080b00000|100%| O|  |TAMS 0x0000000080b00000, 0x0000000080b00000| Untracked 
|  11|0x0000000080b00000, 0x0000000080c00000, 0x0000000080c00000|100%| O|  |TAMS 0x0000000080c00000, 0x0000000080c00000| Untracked 
|  12|0x0000000080c00000, 0x0000000080d00000, 0x0000000080d00000|100%| O|  |TAMS 0x0000000080d00000, 0x0000000080d00000| Untracked 
|  13|0x0000000080d00000, 0x0000000080e00000, 0x0000000080e00000|100%| O|  |TAMS 0x0000000080e00000, 0x0000000080e00000| Untracked 
|  14|0x0000000080e00000, 0x0000000080f00000, 0x0000000080f00000|100%| O|  |TAMS 0x0000000080f00000, 0x0000000080f00000| Untracked 
|  15|0x0000000080f00000, 0x0000000081000000, 0x0000000081000000|100%| O|  |TAMS 0x0000000081000000, 0x0000000081000000| Untracked 
|  16|0x0000000081000000, 0x0000000081100000, 0x0000000081100000|100%| O|  |TAMS 0x0000000081100000, 0x0000000081100000| Untracked 
|  17|0x0000000081100000, 0x0000000081200000, 0x0000000081200000|100%| O|  |TAMS 0x0000000081200000, 0x0000000081200000| Untracked 
|  18|0x0000000081200000, 0x0000000081300000, 0x0000000081300000|100%| O|  |TAMS 0x0000000081300000, 0x0000000081300000| Untracked 
|  19|0x0000000081300000, 0x0000000081400000, 0x0000000081400000|100%| O|  |TAMS 0x0000000081400000, 0x0000000081400000| Untracked 
|  20|0x0000000081400000, 0x0000000081500000, 0x0000000081500000|100%| O|  |TAMS 0x0000000081500000, 0x0000000081500000| Untracked 
|  21|0x0000000081500000, 0x0000000081600000, 0x0000000081600000|100%| O|  |TAMS 0x0000000081600000, 0x0000000081600000| Untracked 
|  22|0x0000000081600000, 0x0000000081700000, 0x0000000081700000|100%| O|  |TAMS 0x0000000081700000, 0x0000000081700000| Untracked 
|  23|0x0000000081700000, 0x0000000081800000, 0x0000000081800000|100%| O|  |TAMS 0x0000000081800000, 0x0000000081800000| Untracked 
|  24|0x0000000081800000, 0x0000000081900000, 0x0000000081900000|100%| O|  |TAMS 0x0000000081900000, 0x0000000081900000| Untracked 
|  25|0x0000000081900000, 0x0000000081a00000, 0x0000000081a00000|100%| O|  |TAMS 0x0000000081a00000, 0x0000000081a00000| Untracked 
|  26|0x0000000081a00000, 0x0000000081b00000, 0x0000000081b00000|100%| O|  |TAMS 0x0000000081b00000, 0x0000000081b00000| Untracked 
|  27|0x0000000081b00000, 0x0000000081c00000, 0x0000000081c00000|100%| O|  |TAMS 0x0000000081c00000, 0x0000000081c00000| Untracked 
|  28|0x0000000081c00000, 0x0000000081d00000, 0x0000000081d00000|100%| O|  |TAMS 0x0000000081d00000, 0x0000000081d00000| Untracked 
|  29|0x0000000081d00000, 0x0000000081e00000, 0x0000000081e00000|100%| O|  |TAMS 0x0000000081e00000, 0x0000000081e00000| Untracked 
|  30|0x0000000081e00000, 0x0000000081f00000, 0x0000000081f00000|100%| O|  |TAMS 0x0000000081f00000, 0x0000000081f00000| Untracked 
|  31|0x0000000081f00000, 0x0000000082000000, 0x0000000082000000|100%| O|  |TAMS 0x0000000082000000, 0x0000000082000000| Untracked 
|  32|0x0000000082000000, 0x0000000082100000, 0x0000000082100000|100%| O|  |TAMS 0x0000000082100000, 0x0000000082100000| Untracked 
|  33|0x0000000082100000, 0x0000000082200000, 0x0000000082200000|100%| O|  |TAMS 0x0000000082200000, 0x0000000082200000| Untracked 
|  34|0x0000000082200000, 0x0000000082300000, 0x0000000082300000|100%| O|  |TAMS 0x0000000082300000, 0x0000000082300000| Untracked 
|  35|0x0000000082300000, 0x0000000082400000, 0x0000000082400000|100%| O|  |TAMS 0x0000000082400000, 0x0000000082400000| Untracked 
|  36|0x0000000082400000, 0x0000000082500000, 0x0000000082500000|100%| O|  |TAMS 0x0000000082500000, 0x0000000082500000| Untracked 
|  37|0x0000000082500000, 0x0000000082600000, 0x0000000082600000|100%|HS|  |TAMS 0x0000000082600000, 0x0000000082600000| Complete 
|  38|0x0000000082600000, 0x0000000082700000, 0x0000000082700000|100%|HS|  |TAMS 0x0000000082700000, 0x0000000082700000| Complete 
|  39|0x0000000082700000, 0x0000000082800000, 0x0000000082800000|100%|HS|  |TAMS 0x0000000082800000, 0x0000000082800000| Complete 
|  40|0x0000000082800000, 0x0000000082900000, 0x0000000082900000|100%|HC|  |TAMS 0x0000000082900000, 0x0000000082900000| Complete 
|  41|0x0000000082900000, 0x0000000082a00000, 0x0000000082a00000|100%|HC|  |TAMS 0x0000000082a00000, 0x0000000082a00000| Complete 
|  42|0x0000000082a00000, 0x0000000082b00000, 0x0000000082b00000|100%| O|  |TAMS 0x0000000082b00000, 0x0000000082b00000| Untracked 
|  43|0x0000000082b00000, 0x0000000082c00000, 0x0000000082c00000|100%| O|  |TAMS 0x0000000082c00000, 0x0000000082c00000| Untracked 
|  44|0x0000000082c00000, 0x0000000082d00000, 0x0000000082d00000|100%| O|  |TAMS 0x0000000082d00000, 0x0000000082d00000| Untracked 
|  45|0x0000000082d00000, 0x0000000082e00000, 0x0000000082e00000|100%|HS|  |TAMS 0x0000000082e00000, 0x0000000082e00000| Complete 
|  46|0x0000000082e00000, 0x0000000082f00000, 0x0000000082f00000|100%|HC|  |TAMS 0x0000000082f00000, 0x0000000082f00000| Complete 
|  47|0x0000000082f00000, 0x0000000083000000, 0x0000000083000000|100%| O|  |TAMS 0x0000000083000000, 0x0000000083000000| Untracked 
|  48|0x0000000083000000, 0x0000000083100000, 0x0000000083100000|100%| O|  |TAMS 0x0000000083100000, 0x0000000083100000| Untracked 
|  49|0x0000000083100000, 0x0000000083200000, 0x0000000083200000|100%| O|  |TAMS 0x0000000083200000, 0x0000000083200000| Untracked 
|  50|0x0000000083200000, 0x0000000083300000, 0x0000000083300000|100%| O|  |TAMS 0x0000000083300000, 0x0000000083300000| Untracked 
|  51|0x0000000083300000, 0x0000000083400000, 0x0000000083400000|100%| O|  |TAMS 0x0000000083400000, 0x0000000083400000| Untracked 
|  52|0x0000000083400000, 0x0000000083500000, 0x0000000083500000|100%| O|  |TAMS 0x0000000083500000, 0x0000000083500000| Untracked 
|  53|0x0000000083500000, 0x0000000083600000, 0x0000000083600000|100%| O|  |TAMS 0x0000000083600000, 0x0000000083600000| Untracked 
|  54|0x0000000083600000, 0x0000000083700000, 0x0000000083700000|100%| O|  |TAMS 0x0000000083700000, 0x0000000083700000| Untracked 
|  55|0x0000000083700000, 0x0000000083800000, 0x0000000083800000|100%| O|  |TAMS 0x0000000083800000, 0x0000000083800000| Untracked 
|  56|0x0000000083800000, 0x0000000083900000, 0x0000000083900000|100%| O|  |TAMS 0x0000000083900000, 0x0000000083900000| Untracked 
|  57|0x0000000083900000, 0x0000000083a00000, 0x0000000083a00000|100%| O|  |TAMS 0x0000000083a00000, 0x0000000083a00000| Untracked 
|  58|0x0000000083a00000, 0x0000000083b00000, 0x0000000083b00000|100%| O|  |TAMS 0x0000000083b00000, 0x0000000083b00000| Untracked 
|  59|0x0000000083b00000, 0x0000000083c00000, 0x0000000083c00000|100%| O|  |TAMS 0x0000000083c00000, 0x0000000083c00000| Untracked 
|  60|0x0000000083c00000, 0x0000000083d00000, 0x0000000083d00000|100%| O|  |TAMS 0x0000000083d00000, 0x0000000083d00000| Untracked 
|  61|0x0000000083d00000, 0x0000000083e00000, 0x0000000083e00000|100%| O|  |TAMS 0x0000000083e00000, 0x0000000083e00000| Untracked 
|  62|0x0000000083e00000, 0x0000000083f00000, 0x0000000083f00000|100%| O|  |TAMS 0x0000000083f00000, 0x0000000083f00000| Untracked 
|  63|0x0000000083f00000, 0x0000000084000000, 0x0000000084000000|100%| O|  |TAMS 0x0000000084000000, 0x0000000084000000| Untracked 
|  64|0x0000000084000000, 0x0000000084100000, 0x0000000084100000|100%| O|  |TAMS 0x0000000084100000, 0x0000000084100000| Untracked 
|  65|0x0000000084100000, 0x0000000084200000, 0x0000000084200000|100%| O|  |TAMS 0x0000000084200000, 0x0000000084200000| Untracked 
|  66|0x0000000084200000, 0x0000000084300000, 0x0000000084300000|100%| O|  |TAMS 0x0000000084300000, 0x0000000084300000| Untracked 
|  67|0x0000000084300000, 0x0000000084400000, 0x0000000084400000|100%| O|  |TAMS 0x0000000084400000, 0x0000000084400000| Untracked 
|  68|0x0000000084400000, 0x0000000084500000, 0x0000000084500000|100%| O|  |TAMS 0x0000000084500000, 0x0000000084500000| Untracked 
|  69|0x0000000084500000, 0x0000000084600000, 0x0000000084600000|100%| O|  |TAMS 0x0000000084600000, 0x0000000084600000| Untracked 
|  70|0x0000000084600000, 0x0000000084700000, 0x0000000084700000|100%| O|  |TAMS 0x0000000084700000, 0x0000000084700000| Untracked 
|  71|0x0000000084700000, 0x0000000084800000, 0x0000000084800000|100%| O|  |TAMS 0x0000000084800000, 0x0000000084800000| Untracked 
|  72|0x0000000084800000, 0x0000000084900000, 0x0000000084900000|100%| O|  |TAMS 0x0000000084900000, 0x0000000084900000| Untracked 
|  73|0x0000000084900000, 0x0000000084a00000, 0x0000000084a00000|100%| O|  |TAMS 0x0000000084a00000, 0x0000000084a00000| Untracked 
|  74|0x0000000084a00000, 0x0000000084b00000, 0x0000000084b00000|100%| O|  |TAMS 0x0000000084b00000, 0x0000000084b00000| Untracked 
|  75|0x0000000084b00000, 0x0000000084c00000, 0x0000000084c00000|100%| O|  |TAMS 0x0000000084c00000, 0x0000000084c00000| Untracked 
|  76|0x0000000084c00000, 0x0000000084d00000, 0x0000000084d00000|100%| O|  |TAMS 0x0000000084d00000, 0x0000000084d00000| Untracked 
|  77|0x0000000084d00000, 0x0000000084e00000, 0x0000000084e00000|100%| O|  |TAMS 0x0000000084e00000, 0x0000000084e00000| Untracked 
|  78|0x0000000084e00000, 0x0000000084f00000, 0x0000000084f00000|100%| O|  |TAMS 0x0000000084f00000, 0x0000000084f00000| Untracked 
|  79|0x0000000084f00000, 0x0000000085000000, 0x0000000085000000|100%| O|  |TAMS 0x0000000085000000, 0x0000000085000000| Untracked 
|  80|0x0000000085000000, 0x0000000085000000, 0x0000000085100000|  0%| F|  |TAMS 0x0000000085000000, 0x0000000085000000| Untracked 
|  81|0x0000000085100000, 0x0000000085200000, 0x0000000085200000|100%| O|  |TAMS 0x0000000085200000, 0x0000000085200000| Untracked 
|  82|0x0000000085200000, 0x0000000085300000, 0x0000000085300000|100%| O|  |TAMS 0x0000000085300000, 0x0000000085300000| Untracked 
|  83|0x0000000085300000, 0x0000000085300000, 0x0000000085400000|  0%| F|  |TAMS 0x0000000085300000, 0x0000000085300000| Untracked 
|  84|0x0000000085400000, 0x0000000085400000, 0x0000000085500000|  0%| F|  |TAMS 0x0000000085400000, 0x0000000085400000| Untracked 
|  85|0x0000000085500000, 0x0000000085500000, 0x0000000085600000|  0%| F|  |TAMS 0x0000000085500000, 0x0000000085500000| Untracked 
|  86|0x0000000085600000, 0x0000000085600000, 0x0000000085700000|  0%| F|  |TAMS 0x0000000085600000, 0x0000000085600000| Untracked 
|  87|0x0000000085700000, 0x0000000085700000, 0x0000000085800000|  0%| F|  |TAMS 0x0000000085700000, 0x0000000085700000| Untracked 
|  88|0x0000000085800000, 0x0000000085800000, 0x0000000085900000|  0%| F|  |TAMS 0x0000000085800000, 0x0000000085800000| Untracked 
|  89|0x0000000085900000, 0x0000000085900000, 0x0000000085a00000|  0%| F|  |TAMS 0x0000000085900000, 0x0000000085900000| Untracked 
|  90|0x0000000085a00000, 0x0000000085a00000, 0x0000000085b00000|  0%| F|  |TAMS 0x0000000085a00000, 0x0000000085a00000| Untracked 
|  91|0x0000000085b00000, 0x0000000085b00000, 0x0000000085c00000|  0%| F|  |TAMS 0x0000000085b00000, 0x0000000085b00000| Untracked 
|  92|0x0000000085c00000, 0x0000000085c00000, 0x0000000085d00000|  0%| F|  |TAMS 0x0000000085c00000, 0x0000000085c00000| Untracked 
|  93|0x0000000085d00000, 0x0000000085e00000, 0x0000000085e00000|100%|HS|  |TAMS 0x0000000085e00000, 0x0000000085e00000| Complete 
|  94|0x0000000085e00000, 0x0000000085f00000, 0x0000000085f00000|100%|HC|  |TAMS 0x0000000085f00000, 0x0000000085f00000| Complete 
|  95|0x0000000085f00000, 0x0000000086000000, 0x0000000086000000|100%|HC|  |TAMS 0x0000000086000000, 0x0000000086000000| Complete 
|  96|0x0000000086000000, 0x0000000086100000, 0x0000000086100000|100%|HC|  |TAMS 0x0000000086100000, 0x0000000086100000| Complete 
|  97|0x0000000086100000, 0x0000000086200000, 0x0000000086200000|100%| O|  |TAMS 0x0000000086200000, 0x0000000086200000| Untracked 
|  98|0x0000000086200000, 0x000000008626c600, 0x0000000086300000| 42%| O|  |TAMS 0x000000008626c600, 0x000000008626c600| Untracked 
|  99|0x0000000086300000, 0x0000000086300000, 0x0000000086400000|  0%| F|  |TAMS 0x0000000086300000, 0x0000000086300000| Untracked 
| 100|0x0000000086400000, 0x00000000864146d8, 0x0000000086500000|  7%| S|CS|TAMS 0x0000000086400000, 0x0000000086400000| Complete 
| 101|0x0000000086500000, 0x0000000086500000, 0x0000000086600000|  0%| F|  |TAMS 0x0000000086500000, 0x0000000086500000| Untracked 
| 102|0x0000000086600000, 0x0000000086600000, 0x0000000086700000|  0%| F|  |TAMS 0x0000000086600000, 0x0000000086600000| Untracked 
| 103|0x0000000086700000, 0x0000000086700000, 0x0000000086800000|  0%| F|  |TAMS 0x0000000086700000, 0x0000000086700000| Untracked 
| 104|0x0000000086800000, 0x0000000086800000, 0x0000000086900000|  0%| F|  |TAMS 0x0000000086800000, 0x0000000086800000| Untracked 
| 105|0x0000000086900000, 0x0000000086900000, 0x0000000086a00000|  0%| F|  |TAMS 0x0000000086900000, 0x0000000086900000| Untracked 
| 106|0x0000000086a00000, 0x0000000086a00000, 0x0000000086b00000|  0%| F|  |TAMS 0x0000000086a00000, 0x0000000086a00000| Untracked 
| 107|0x0000000086b00000, 0x0000000086b00000, 0x0000000086c00000|  0%| F|  |TAMS 0x0000000086b00000, 0x0000000086b00000| Untracked 
| 108|0x0000000086c00000, 0x0000000086c00000, 0x0000000086d00000|  0%| F|  |TAMS 0x0000000086c00000, 0x0000000086c00000| Untracked 
| 109|0x0000000086d00000, 0x0000000086d00000, 0x0000000086e00000|  0%| F|  |TAMS 0x0000000086d00000, 0x0000000086d00000| Untracked 
| 110|0x0000000086e00000, 0x0000000086e00000, 0x0000000086f00000|  0%| F|  |TAMS 0x0000000086e00000, 0x0000000086e00000| Untracked 
| 111|0x0000000086f00000, 0x0000000086f00000, 0x0000000087000000|  0%| F|  |TAMS 0x0000000086f00000, 0x0000000086f00000| Untracked 

Card table byte_map: [0x0000027f6e8f0000,0x0000027f6ecf0000] _byte_map_base: 0x0000027f6e4f0000

Marking Bits (Prev, Next): (CMBitMap*) 0x0000027f5b7aaa68, (CMBitMap*) 0x0000027f5b7aaaa0
 Prev Bits: [0x0000027f6f0f0000, 0x0000027f710f0000)
 Next Bits: [0x0000027f710f0000, 0x0000027f730f0000)

Polling page: 0x0000027f59df0000

Metaspace:

Usage:
  Non-class:     78.24 MB capacity,    76.98 MB ( 98%) used,     1.02 MB (  1%) free+waste,   247.50 KB ( <1%) overhead. 
      Class:     12.09 MB capacity,    11.28 MB ( 93%) used,   719.88 KB (  6%) free+waste,   111.38 KB ( <1%) overhead. 
       Both:     90.33 MB capacity,    88.25 MB ( 98%) used,     1.73 MB (  2%) free+waste,   358.88 KB ( <1%) overhead. 

Virtual space:
  Non-class space:       80.00 MB reserved,      78.46 MB ( 98%) committed 
      Class space:        1.00 GB reserved,      12.13 MB (  1%) committed 
             Both:        1.08 GB reserved,      90.59 MB (  8%) committed 

Chunk freelists:
   Non-Class:  34.00 KB
       Class:  11.00 KB
        Both:  45.00 KB

MaxMetaspaceSize: 17179869184.00 GB
CompressedClassSpaceSize: 1.00 GB

CodeHeap 'non-profiled nmethods': size=120064Kb used=6167Kb max_used=6167Kb free=113896Kb
 bounds [0x0000027f66bb0000, 0x0000027f671c0000, 0x0000027f6e0f0000]
CodeHeap 'profiled nmethods': size=120000Kb used=22015Kb max_used=22015Kb free=97984Kb
 bounds [0x0000027f5f680000, 0x0000027f60c10000, 0x0000027f66bb0000]
CodeHeap 'non-nmethods': size=5696Kb used=2265Kb max_used=2312Kb free=3430Kb
 bounds [0x0000027f5f0f0000, 0x0000027f5f360000, 0x0000027f5f680000]
 total_blobs=11080 nmethods=10201 adapters=791
 compilation: enabled
              stopped_count=0, restarted_count=0
 full_count=0

Compilation events (20 events):
Event: 309.685 Thread 0x0000027f75cf2000 nmethod 11236 0x0000027f671b2c90 code [0x0000027f671b2ee0, 0x0000027f671b4110]
Event: 309.685 Thread 0x0000027f75cf2000 11237       4       org.objectweb.asm.MethodWriter::visitFieldInsn (258 bytes)
Event: 309.701 Thread 0x0000027f75cf2000 nmethod 11237 0x0000027f671b4d90 code [0x0000027f671b4f40, 0x0000027f671b5548]
Event: 309.704 Thread 0x0000027f75cf2000 11238       4       org.objectweb.asm.MethodWriter::visitJumpInsn (495 bytes)
Event: 309.716 Thread 0x0000027f75e63000 11239       3       org.objectweb.asm.signature.SignatureReader::parseType (411 bytes)
Event: 309.720 Thread 0x0000027f75e63000 nmethod 11239 0x0000027f60c06710 code [0x0000027f60c06ba0, 0x0000027f60c09198]
Event: 309.734 Thread 0x0000027f75e63000 11245       3       org.objectweb.asm.commons.MethodRemapper::visitTryCatchBlock (26 bytes)
Event: 309.735 Thread 0x0000027f75cf2000 nmethod 11238 0x0000027f671b5890 code [0x0000027f671b5a80, 0x0000027f671b6688]
Event: 309.735 Thread 0x0000027f75cf2000 11240       4       org.objectweb.asm.commons.MethodRemapper::doVisitMethodInsn (46 bytes)
Event: 309.737 Thread 0x0000027f75e63000 nmethod 11245 0x0000027f60c09e90 code [0x0000027f60c0a120, 0x0000027f60c0ad08]
Event: 309.737 Thread 0x0000027f75e63000 11246       3       org.objectweb.asm.MethodVisitor::visitTryCatchBlock (20 bytes)
Event: 309.738 Thread 0x0000027f75e63000 nmethod 11246 0x0000027f60c0b210 code [0x0000027f60c0b3c0, 0x0000027f60c0b5a8]
Event: 309.738 Thread 0x0000027f75e63000 11247       3       org.objectweb.asm.MethodWriter::visitTryCatchBlock (67 bytes)
Event: 309.739 Thread 0x0000027f75e63000 nmethod 11247 0x0000027f60c0b690 code [0x0000027f60c0b8a0, 0x0000027f60c0bf28]
Event: 309.763 Thread 0x0000027f75e63000 11252       2       org.objectweb.asm.signature.SignatureWriter::endArguments (31 bytes)
Event: 309.764 Thread 0x0000027f75e63000 nmethod 11252 0x0000027f60c0c190 code [0x0000027f60c0c340, 0x0000027f60c0c4e8]
Event: 309.767 Thread 0x0000027f75e63000 11253       2       org.objectweb.asm.MethodVisitor::visitIincInsn (17 bytes)
Event: 309.768 Thread 0x0000027f75e63000 nmethod 11253 0x0000027f60c0c610 code [0x0000027f60c0c7c0, 0x0000027f60c0c8e8]
Event: 309.768 Thread 0x0000027f75e63000 11254       2       org.objectweb.asm.MethodWriter::visitIincInsn (135 bytes)
Event: 309.769 Thread 0x0000027f75e63000 nmethod 11254 0x0000027f60c0c990 code [0x0000027f60c0cba0, 0x0000027f60c0ce58]

GC Heap History (20 events):
Event: 306.350 GC heap after
{Heap after GC invocations=171 (full 0):
 garbage-first heap   total 114688K, used 89702K [0x0000000080000000, 0x0000000100000000)
  region size 1024K, 1 young (1024K), 1 survivors (1024K)
 Metaspace       used 90360K, capacity 92495K, committed 92760K, reserved 1130496K
  class space    used 11545K, capacity 12377K, committed 12416K, reserved 1048576K
}
Event: 306.912 GC heap before
{Heap before GC invocations=172 (full 0):
 garbage-first heap   total 114688K, used 97894K [0x0000000080000000, 0x0000000100000000)
  region size 1024K, 9 young (9216K), 1 survivors (1024K)
 Metaspace       used 90362K, capacity 92495K, committed 92760K, reserved 1130496K
  class space    used 11545K, capacity 12377K, committed 12416K, reserved 1048576K
}
Event: 306.916 GC heap after
{Heap after GC invocations=173 (full 0):
 garbage-first heap   total 114688K, used 89647K [0x0000000080000000, 0x0000000100000000)
  region size 1024K, 1 young (1024K), 1 survivors (1024K)
 Metaspace       used 90362K, capacity 92495K, committed 92760K, reserved 1130496K
  class space    used 11545K, capacity 12377K, committed 12416K, reserved 1048576K
}
Event: 306.983 GC heap before
{Heap before GC invocations=173 (full 0):
 garbage-first heap   total 114688K, used 98863K [0x0000000080000000, 0x0000000100000000)
  region size 1024K, 10 young (10240K), 1 survivors (1024K)
 Metaspace       used 90363K, capacity 92495K, committed 92760K, reserved 1130496K
  class space    used 11545K, capacity 12377K, committed 12416K, reserved 1048576K
}
Event: 306.986 GC heap after
{Heap after GC invocations=174 (full 0):
 garbage-first heap   total 114688K, used 89571K [0x0000000080000000, 0x0000000100000000)
  region size 1024K, 1 young (1024K), 1 survivors (1024K)
 Metaspace       used 90363K, capacity 92495K, committed 92760K, reserved 1130496K
  class space    used 11545K, capacity 12377K, committed 12416K, reserved 1048576K
}
Event: 307.557 GC heap before
{Heap before GC invocations=175 (full 0):
 garbage-first heap   total 114688K, used 98787K [0x0000000080000000, 0x0000000100000000)
  region size 1024K, 10 young (10240K), 1 survivors (1024K)
 Metaspace       used 90364K, capacity 92495K, committed 92760K, reserved 1130496K
  class space    used 11545K, capacity 12377K, committed 12416K, reserved 1048576K
}
Event: 307.560 GC heap after
{Heap after GC invocations=176 (full 0):
 garbage-first heap   total 114688K, used 89573K [0x0000000080000000, 0x0000000100000000)
  region size 1024K, 1 young (1024K), 1 survivors (1024K)
 Metaspace       used 90364K, capacity 92495K, committed 92760K, reserved 1130496K
  class space    used 11545K, capacity 12377K, committed 12416K, reserved 1048576K
}
Event: 307.633 GC heap before
{Heap before GC invocations=176 (full 0):
 garbage-first heap   total 114688K, used 98789K [0x0000000080000000, 0x0000000100000000)
  region size 1024K, 10 young (10240K), 1 survivors (1024K)
 Metaspace       used 90365K, capacity 92495K, committed 92760K, reserved 1130496K
  class space    used 11545K, capacity 12377K, committed 12416K, reserved 1048576K
}
Event: 307.636 GC heap after
{Heap after GC invocations=177 (full 0):
 garbage-first heap   total 114688K, used 89572K [0x0000000080000000, 0x0000000100000000)
  region size 1024K, 1 young (1024K), 1 survivors (1024K)
 Metaspace       used 90365K, capacity 92495K, committed 92760K, reserved 1130496K
  class space    used 11545K, capacity 12377K, committed 12416K, reserved 1048576K
}
Event: 308.181 GC heap before
{Heap before GC invocations=178 (full 0):
 garbage-first heap   total 114688K, used 98788K [0x0000000080000000, 0x0000000100000000)
  region size 1024K, 10 young (10240K), 1 survivors (1024K)
 Metaspace       used 90365K, capacity 92495K, committed 92760K, reserved 1130496K
  class space    used 11545K, capacity 12377K, committed 12416K, reserved 1048576K
}
Event: 308.184 GC heap after
{Heap after GC invocations=179 (full 0):
 garbage-first heap   total 114688K, used 89569K [0x0000000080000000, 0x0000000100000000)
  region size 1024K, 1 young (1024K), 1 survivors (1024K)
 Metaspace       used 90365K, capacity 92495K, committed 92760K, reserved 1130496K
  class space    used 11545K, capacity 12377K, committed 12416K, reserved 1048576K
}
Event: 308.230 GC heap before
{Heap before GC invocations=179 (full 0):
 garbage-first heap   total 114688K, used 99809K [0x0000000080000000, 0x0000000100000000)
  region size 1024K, 11 young (11264K), 1 survivors (1024K)
 Metaspace       used 90365K, capacity 92495K, committed 92760K, reserved 1130496K
  class space    used 11545K, capacity 12377K, committed 12416K, reserved 1048576K
}
Event: 308.234 GC heap after
{Heap after GC invocations=180 (full 0):
 garbage-first heap   total 114688K, used 89570K [0x0000000080000000, 0x0000000100000000)
  region size 1024K, 1 young (1024K), 1 survivors (1024K)
 Metaspace       used 90365K, capacity 92495K, committed 92760K, reserved 1130496K
  class space    used 11545K, capacity 12377K, committed 12416K, reserved 1048576K
}
Event: 309.039 GC heap before
{Heap before GC invocations=181 (full 0):
 garbage-first heap   total 114688K, used 99810K [0x0000000080000000, 0x0000000100000000)
  region size 1024K, 11 young (11264K), 1 survivors (1024K)
 Metaspace       used 90365K, capacity 92495K, committed 92760K, reserved 1130496K
  class space    used 11545K, capacity 12377K, committed 12416K, reserved 1048576K
}
Event: 309.042 GC heap after
{Heap after GC invocations=182 (full 0):
 garbage-first heap   total 114688K, used 89575K [0x0000000080000000, 0x0000000100000000)
  region size 1024K, 1 young (1024K), 1 survivors (1024K)
 Metaspace       used 90365K, capacity 92495K, committed 92760K, reserved 1130496K
  class space    used 11545K, capacity 12377K, committed 12416K, reserved 1048576K
}
Event: 309.082 GC heap before
{Heap before GC invocations=182 (full 0):
 garbage-first heap   total 114688K, used 99815K [0x0000000080000000, 0x0000000100000000)
  region size 1024K, 11 young (11264K), 1 survivors (1024K)
 Metaspace       used 90365K, capacity 92495K, committed 92760K, reserved 1130496K
  class space    used 11545K, capacity 12377K, committed 12416K, reserved 1048576K
}
Event: 309.085 GC heap after
{Heap after GC invocations=183 (full 0):
 garbage-first heap   total 114688K, used 89645K [0x0000000080000000, 0x0000000100000000)
  region size 1024K, 1 young (1024K), 1 survivors (1024K)
 Metaspace       used 90365K, capacity 92495K, committed 92760K, reserved 1130496K
  class space    used 11545K, capacity 12377K, committed 12416K, reserved 1048576K
}
Event: 309.755 GC heap before
{Heap before GC invocations=184 (full 0):
 garbage-first heap   total 114688K, used 98861K [0x0000000080000000, 0x0000000100000000)
  region size 1024K, 11 young (11264K), 1 survivors (1024K)
 Metaspace       used 90367K, capacity 92495K, committed 92760K, reserved 1130496K
  class space    used 11545K, capacity 12377K, committed 12416K, reserved 1048576K
}
Event: 309.760 GC heap after
{Heap after GC invocations=185 (full 0):
 garbage-first heap   total 114688K, used 89607K [0x0000000080000000, 0x0000000100000000)
  region size 1024K, 1 young (1024K), 1 survivors (1024K)
 Metaspace       used 90367K, capacity 92495K, committed 92760K, reserved 1130496K
  class space    used 11545K, capacity 12377K, committed 12416K, reserved 1048576K
}
Event: 309.807 GC heap before
{Heap before GC invocations=185 (full 0):
 garbage-first heap   total 114688K, used 98823K [0x0000000080000000, 0x0000000100000000)
  region size 1024K, 11 young (11264K), 1 survivors (1024K)
 Metaspace       used 90369K, capacity 92495K, committed 92760K, reserved 1130496K
  class space    used 11545K, capacity 12377K, committed 12416K, reserved 1048576K
}

Deoptimization events (20 events):
Event: 304.746 Thread 0x0000027f78b90800 DEOPT PACKING pc=0x0000027f60b8bb1b sp=0x000000933bdfad30
Event: 304.746 Thread 0x0000027f78b90800 DEOPT UNPACKING pc=0x0000027f5f1164bf sp=0x000000933bdfa1a0 mode 0
Event: 305.719 Thread 0x0000027f78b94800 Uncommon trap: trap_request=0xffffff4d fr.pc=0x0000027f67179830 relative=0x00000000000006d0
Event: 305.719 Thread 0x0000027f78b94800 Uncommon trap: reason=unstable_if action=reinterpret pc=0x0000027f67179830 method=java.lang.String.regionMatches(ZILjava/lang/String;II)Z @ 21 c2
Event: 305.719 Thread 0x0000027f78b94800 DEOPT PACKING pc=0x0000027f67179830 sp=0x000000933f3fafb0
Event: 305.719 Thread 0x0000027f78b94800 DEOPT UNPACKING pc=0x0000027f5f1166a9 sp=0x000000933f3fae50 mode 2
Event: 305.756 Thread 0x0000027f78b94800 DEOPT PACKING pc=0x0000027f60a5e86c sp=0x000000933f3fa3f0
Event: 305.756 Thread 0x0000027f78b94800 DEOPT UNPACKING pc=0x0000027f5f1164bf sp=0x000000933f3f9908 mode 0
Event: 306.095 Thread 0x0000027f78b94800 Uncommon trap: trap_request=0xffffff45 fr.pc=0x0000027f67151c74 relative=0x00000000000005f4
Event: 306.095 Thread 0x0000027f78b94800 Uncommon trap: reason=unstable_fused_if action=reinterpret pc=0x0000027f67151c74 method=org.objectweb.asm.ClassReader.readCode(Lorg/objectweb/asm/MethodVisitor;Lorg/objectweb/asm/Context;I)V @ 98 c2
Event: 306.095 Thread 0x0000027f78b94800 DEOPT PACKING pc=0x0000027f67151c74 sp=0x000000933f3fa970
Event: 306.095 Thread 0x0000027f78b94800 DEOPT UNPACKING pc=0x0000027f5f1166a9 sp=0x000000933f3fa8c8 mode 2
Event: 309.703 Thread 0x0000027f78b94800 Uncommon trap: trap_request=0xffffff4d fr.pc=0x0000027f671706c0 relative=0x0000000000001fc0
Event: 309.703 Thread 0x0000027f78b94800 Uncommon trap: reason=unstable_if action=reinterpret pc=0x0000027f671706c0 method=org.objectweb.asm.signature.SignatureReader.parseType(Ljava/lang/String;ILorg/objectweb/asm/signature/SignatureVisitor;)I @ 198 c2
Event: 309.703 Thread 0x0000027f78b94800 DEOPT PACKING pc=0x0000027f671706c0 sp=0x000000933f3fa820
Event: 309.704 Thread 0x0000027f78b94800 DEOPT UNPACKING pc=0x0000027f5f1166a9 sp=0x000000933f3fa7f8 mode 2
Event: 309.742 Thread 0x0000027f78b94800 DEOPT PACKING pc=0x0000027f60a75ad3 sp=0x000000933f3fadf0
Event: 309.742 Thread 0x0000027f78b94800 DEOPT UNPACKING pc=0x0000027f5f1164bf sp=0x000000933f3fa310 mode 0
Event: 309.797 Thread 0x0000027f78b94800 DEOPT PACKING pc=0x0000027f60a75ad3 sp=0x000000933f3fadf0
Event: 309.797 Thread 0x0000027f78b94800 DEOPT UNPACKING pc=0x0000027f5f1164bf sp=0x000000933f3fa310 mode 0

Classes redefined (0 events):
No events

Internal exceptions (20 events):
Event: 285.388 Thread 0x0000027f7737d800 Exception <a 'java/lang/NoSuchMethodError'{0x0000000085ad6f88}: 'void java.lang.invoke.DirectMethodHandle$Holder.invokeInterface(java.lang.Object, java.lang.Object)'> (0x0000000085ad6f88) thrown at [./src/hotspot/share/interpreter/linkResolver.cpp, line 773]
Event: 285.632 Thread 0x0000027f78a95000 Exception <a 'java/lang/NoSuchMethodError'{0x000000008575c640}: <clinit>> (0x000000008575c640) thrown at [./src/hotspot/share/prims/jni.cpp, line 1362]
Event: 285.657 Thread 0x0000027f78a95000 Exception <a 'java/lang/NoSuchMethodError'{0x000000008579baf8}: <clinit>> (0x000000008579baf8) thrown at [./src/hotspot/share/prims/jni.cpp, line 1362]
Event: 285.833 Thread 0x0000027f78a91000 Exception <a 'java/lang/IncompatibleClassChangeError'{0x000000008565ee90}: Found class java.lang.Object, but interface was expected> (0x000000008565ee90) thrown at [./src/hotspot/share/interpreter/linkResolver.cpp, line 839]
Event: 286.024 Thread 0x0000027f76c3d000 Exception <a 'java/lang/NoSuchMethodError'{0x00000000855a5148}: <clinit>> (0x00000000855a5148) thrown at [./src/hotspot/share/prims/jni.cpp, line 1362]
Event: 286.154 Thread 0x0000027f78a91000 Exception <a 'java/lang/IncompatibleClassChangeError'{0x0000000085459a80}: Found class java.lang.Object, but interface was expected> (0x0000000085459a80) thrown at [./src/hotspot/share/interpreter/linkResolver.cpp, line 839]
Event: 286.344 Thread 0x0000027f78a91000 Exception <a 'java/lang/IncompatibleClassChangeError'{0x00000000854b9918}: Found class java.lang.Object, but interface was expected> (0x00000000854b9918) thrown at [./src/hotspot/share/interpreter/linkResolver.cpp, line 839]
Event: 290.228 Thread 0x0000027f78a91000 Exception <a 'java/lang/NoSuchMethodError'{0x0000000085c965b0}: 'void java.lang.invoke.DirectMethodHandle$Holder.invokeStatic(java.lang.Object, java.lang.Object, java.lang.Object, java.lang.Object, int, java.lang.Object, java.lang.Object)'> (0x0000000085c965b0) thrown at [./src/hotspot/share/interpreter/linkResolver.cpp, line 773]
Event: 290.431 Thread 0x0000027f78b90800 Exception <a 'java/lang/NoSuchMethodError'{0x0000000085afae20}: 'java.lang.Object java.lang.invoke.DirectMethodHandle$Holder.invokeSpecialIFC(java.lang.Object, java.lang.Object, java.lang.Object)'> (0x0000000085afae20) thrown at [./src/hotspot/share/interpreter/linkResolver.cpp, line 773]
Event: 291.213 Thread 0x0000027f78b90800 Exception <a 'sun/nio/fs/WindowsException'{0x0000000086e740a8}> (0x0000000086e740a8) thrown at [./src/hotspot/share/prims/jni.cpp, line 615]
Event: 292.002 Thread 0x0000027f78b94800 Exception <a 'sun/nio/fs/WindowsException'{0x0000000086f35f78}> (0x0000000086f35f78) thrown at [./src/hotspot/share/prims/jni.cpp, line 615]
Event: 292.060 Thread 0x0000027f78b90800 Exception <a 'java/lang/NoSuchMethodError'{0x0000000086f84c28}: 'void java.lang.invoke.DirectMethodHandle$Holder.invokeStatic(java.lang.Object, java.lang.Object, java.lang.Object, java.lang.Object, java.lang.Object, java.lang.Object, java.lang.Object)'> (0x0000000086f84c28) thrown at [./src/hotspot/share/interpreter/linkResolver.cpp, line 773]
Event: 298.295 Thread 0x0000027f78b94800 Implicit null exception at 0x0000027f67139c0b to 0x0000027f6713a49c
Event: 301.899 Thread 0x0000027f78b94800 Exception <a 'sun/nio/fs/WindowsException'{0x00000000864ddb88}> (0x00000000864ddb88) thrown at [./src/hotspot/share/prims/jni.cpp, line 615]
Event: 301.943 Thread 0x0000027f78b90800 Exception <a 'sun/nio/fs/WindowsException'{0x00000000863b38e0}> (0x00000000863b38e0) thrown at [./src/hotspot/share/prims/jni.cpp, line 615]
Event: 302.345 Thread 0x0000027f78b94800 Exception <a 'sun/nio/fs/WindowsException'{0x0000000086f9e360}> (0x0000000086f9e360) thrown at [./src/hotspot/share/prims/jni.cpp, line 615]
Event: 302.730 Thread 0x0000027f78b90800 Exception <a 'sun/nio/fs/WindowsException'{0x0000000086ecc798}> (0x0000000086ecc798) thrown at [./src/hotspot/share/prims/jni.cpp, line 615]
Event: 303.636 Thread 0x0000027f78b90800 Exception <a 'sun/nio/fs/WindowsException'{0x0000000086a5c0c8}> (0x0000000086a5c0c8) thrown at [./src/hotspot/share/prims/jni.cpp, line 615]
Event: 303.644 Thread 0x0000027f78b94800 Exception <a 'sun/nio/fs/WindowsException'{0x0000000086ad2f00}> (0x0000000086ad2f00) thrown at [./src/hotspot/share/prims/jni.cpp, line 615]
Event: 304.775 Thread 0x0000027f78b90800 Exception <a 'sun/nio/fs/WindowsException'{0x0000000086450a70}> (0x0000000086450a70) thrown at [./src/hotspot/share/prims/jni.cpp, line 615]

Events (20 events):
Event: 308.131 Executing VM operation: CGC_Operation done
Event: 308.181 Executing VM operation: G1CollectForAllocation
Event: 308.184 Executing VM operation: G1CollectForAllocation done
Event: 308.230 Executing VM operation: G1CollectForAllocation
Event: 308.234 Executing VM operation: G1CollectForAllocation done
Event: 308.799 Executing VM operation: CGC_Operation
Event: 308.838 Executing VM operation: CGC_Operation done
Event: 308.988 Executing VM operation: CGC_Operation
Event: 308.988 Executing VM operation: CGC_Operation done
Event: 309.039 Executing VM operation: G1CollectForAllocation
Event: 309.042 Executing VM operation: G1CollectForAllocation done
Event: 309.081 Executing VM operation: G1CollectForAllocation
Event: 309.086 Executing VM operation: G1CollectForAllocation done
Event: 309.389 Executing VM operation: CGC_Operation
Event: 309.466 Executing VM operation: CGC_Operation done
Event: 309.613 Executing VM operation: CGC_Operation
Event: 309.614 Executing VM operation: CGC_Operation done
Event: 309.755 Executing VM operation: G1CollectForAllocation
Event: 309.760 Executing VM operation: G1CollectForAllocation done
Event: 309.807 Executing VM operation: G1CollectForAllocation


Dynamic libraries:
0x00007ff6c4690000 - 0x00007ff6c469a000 	C:\Users\felip\OneDrive\Desktop\android-studio-ide-202.6987402-windows\android-studio\jre\bin\java.exe
0x00007ffa85a10000 - 0x00007ffa85c05000 	C:\Windows\SYSTEM32\ntdll.dll
0x00007ffa854b0000 - 0x00007ffa8556d000 	C:\Windows\System32\KERNEL32.DLL
0x00007ffa83150000 - 0x00007ffa83419000 	C:\Windows\System32\KERNELBASE.dll
0x00007ffa83470000 - 0x00007ffa83570000 	C:\Windows\System32\ucrtbase.dll
0x00007ffa6d2e0000 - 0x00007ffa6d2f9000 	C:\Users\felip\OneDrive\Desktop\android-studio-ide-202.6987402-windows\android-studio\jre\bin\jli.dll
0x00007ffa84e90000 - 0x00007ffa85030000 	C:\Windows\System32\USER32.dll
0x00007ffa83570000 - 0x00007ffa83592000 	C:\Windows\System32\win32u.dll
0x00007ffa841c0000 - 0x00007ffa841ea000 	C:\Windows\System32\GDI32.dll
0x00007ffa83940000 - 0x00007ffa83a4b000 	C:\Windows\System32\gdi32full.dll
0x00007ffa838a0000 - 0x00007ffa8393d000 	C:\Windows\System32\msvcp_win.dll
0x00007ffa66c80000 - 0x00007ffa66c97000 	C:\Users\felip\OneDrive\Desktop\android-studio-ide-202.6987402-windows\android-studio\jre\bin\VCRUNTIME140.dll
0x00007ffa6d580000 - 0x00007ffa6d81a000 	C:\Windows\WinSxS\amd64_microsoft.windows.common-controls_6595b64144ccf1df_6.0.19041.1083_none_60bbe31371f34e71\COMCTL32.dll
0x00007ffa85660000 - 0x00007ffa856fe000 	C:\Windows\System32\msvcrt.dll
0x00007ffa847d0000 - 0x00007ffa84800000 	C:\Windows\System32\IMM32.DLL
0x00007ffa5c7d0000 - 0x00007ffa5c86d000 	C:\Users\felip\OneDrive\Desktop\android-studio-ide-202.6987402-windows\android-studio\jre\bin\msvcp140.dll
0x00007ffa3cd10000 - 0x00007ffa3d7cc000 	C:\Users\felip\OneDrive\Desktop\android-studio-ide-202.6987402-windows\android-studio\jre\bin\server\jvm.dll
0x00007ffa850a0000 - 0x00007ffa8514c000 	C:\Windows\System32\ADVAPI32.dll
0x00007ffa84730000 - 0x00007ffa847cb000 	C:\Windows\System32\sechost.dll
0x00007ffa844d0000 - 0x00007ffa845fa000 	C:\Windows\System32\RPCRT4.dll
0x00007ffa841f0000 - 0x00007ffa841f8000 	C:\Windows\System32\PSAPI.DLL
0x00007ffa77b90000 - 0x00007ffa77b99000 	C:\Windows\SYSTEM32\WSOCK32.dll
0x00007ffa849b0000 - 0x00007ffa84a1b000 	C:\Windows\System32\WS2_32.dll
0x00007ffa71160000 - 0x00007ffa71187000 	C:\Windows\SYSTEM32\WINMM.dll
0x00007ffa7cd90000 - 0x00007ffa7cd9a000 	C:\Windows\SYSTEM32\VERSION.dll
0x00007ffa80fa0000 - 0x00007ffa80fb2000 	C:\Windows\SYSTEM32\kernel.appcore.dll
0x00007ffa7ae70000 - 0x00007ffa7ae81000 	C:\Users\felip\OneDrive\Desktop\android-studio-ide-202.6987402-windows\android-studio\jre\bin\verify.dll
0x00007ffa7c680000 - 0x00007ffa7c864000 	C:\Windows\SYSTEM32\DBGHELP.DLL
0x00007ffa7c4c0000 - 0x00007ffa7c4ec000 	C:\Windows\SYSTEM32\dbgcore.DLL
0x00007ffa835a0000 - 0x00007ffa83623000 	C:\Windows\System32\bcryptPrimitives.dll
0x00007ffa7ae40000 - 0x00007ffa7ae69000 	C:\Users\felip\OneDrive\Desktop\android-studio-ide-202.6987402-windows\android-studio\jre\bin\java.dll
0x00007ffa7ae30000 - 0x00007ffa7ae3b000 	C:\Users\felip\OneDrive\Desktop\android-studio-ide-202.6987402-windows\android-studio\jre\bin\jimage.dll
0x00007ffa7ae10000 - 0x00007ffa7ae28000 	C:\Users\felip\OneDrive\Desktop\android-studio-ide-202.6987402-windows\android-studio\jre\bin\zip.dll
0x00007ffa83a80000 - 0x00007ffa841bf000 	C:\Windows\System32\SHELL32.dll
0x00007ffa81280000 - 0x00007ffa81a11000 	C:\Windows\SYSTEM32\windows.storage.dll
0x00007ffa85150000 - 0x00007ffa854a5000 	C:\Windows\System32\combase.dll
0x00007ffa82af0000 - 0x00007ffa82b1c000 	C:\Windows\SYSTEM32\Wldp.dll
0x00007ffa85840000 - 0x00007ffa858ee000 	C:\Windows\System32\SHCORE.dll
0x00007ffa84200000 - 0x00007ffa84255000 	C:\Windows\System32\shlwapi.dll
0x00007ffa83090000 - 0x00007ffa830af000 	C:\Windows\SYSTEM32\profapi.dll
0x00007ffa79140000 - 0x00007ffa7915a000 	C:\Users\felip\OneDrive\Desktop\android-studio-ide-202.6987402-windows\android-studio\jre\bin\net.dll
0x00007ffa785d0000 - 0x00007ffa786da000 	C:\Windows\SYSTEM32\WINHTTP.dll
0x00007ffa82850000 - 0x00007ffa828ba000 	C:\Windows\system32\mswsock.dll
0x00007ffa76b30000 - 0x00007ffa76b44000 	C:\Users\felip\OneDrive\Desktop\android-studio-ide-202.6987402-windows\android-studio\jre\bin\nio.dll
0x00007ffa5d6b0000 - 0x00007ffa5d6d7000 	C:\Users\felip\.gradle\native\8bec1ad78214c89d9ad589b4d07fe93259594b29d510b10fafb7a158f7737e5d\windows-amd64\native-platform.dll
0x00007ffa5c420000 - 0x00007ffa5c55d000 	C:\Users\felip\.gradle\native\53dbd7edfb1c66fb8903c78663c9afc45aea4f116125fa6feffd364cf09443e8\windows-amd64\native-platform-file-events.dll
0x00007ffa77e20000 - 0x00007ffa77e2a000 	C:\Users\felip\OneDrive\Desktop\android-studio-ide-202.6987402-windows\android-studio\jre\bin\management.dll
0x00007ffa75ff0000 - 0x00007ffa75ffc000 	C:\Users\felip\OneDrive\Desktop\android-studio-ide-202.6987402-windows\android-studio\jre\bin\management_ext.dll
0x00007ffa82a40000 - 0x00007ffa82a58000 	C:\Windows\SYSTEM32\CRYPTSP.dll
0x00007ffa821f0000 - 0x00007ffa82224000 	C:\Windows\system32\rsaenh.dll
0x00007ffa83a50000 - 0x00007ffa83a77000 	C:\Windows\System32\bcrypt.dll
0x00007ffa83050000 - 0x00007ffa8307e000 	C:\Windows\SYSTEM32\USERENV.dll
0x00007ffa82a30000 - 0x00007ffa82a3c000 	C:\Windows\SYSTEM32\CRYPTBASE.dll
0x00007ffa82540000 - 0x00007ffa8257b000 	C:\Windows\SYSTEM32\IPHLPAPI.DLL
0x00007ffa85090000 - 0x00007ffa85098000 	C:\Windows\System32\NSI.dll
0x00007ffa7ce50000 - 0x00007ffa7ce67000 	C:\Windows\SYSTEM32\dhcpcsvc6.DLL
0x00007ffa7d9b0000 - 0x00007ffa7d9cd000 	C:\Windows\SYSTEM32\dhcpcsvc.DLL
0x00007ffa82580000 - 0x00007ffa8264c000 	C:\Windows\SYSTEM32\DNSAPI.dll
0x00007ffa81e80000 - 0x00007ffa81eb3000 	C:\Windows\SYSTEM32\ntmarta.dll

dbghelp: loaded successfully - version: 4.0.5 - missing functions: none
symbol engine: initialized successfully - sym options: 0x614 - pdb path: .;C:\Users\felip\OneDrive\Desktop\android-studio-ide-202.6987402-windows\android-studio\jre\bin;C:\Windows\SYSTEM32;C:\Windows\WinSxS\amd64_microsoft.windows.common-controls_6595b64144ccf1df_6.0.19041.1083_none_60bbe31371f34e71;C:\Users\felip\OneDrive\Desktop\android-studio-ide-202.6987402-windows\android-studio\jre\bin\server;C:\Users\felip\.gradle\native\8bec1ad78214c89d9ad589b4d07fe93259594b29d510b10fafb7a158f7737e5d\windows-amd64;C:\Users\felip\.gradle\native\53dbd7edfb1c66fb8903c78663c9afc45aea4f116125fa6feffd364cf09443e8\windows-amd64

VM Arguments:
jvm_args: --add-opens=java.base/java.util=ALL-UNNAMED --add-opens=java.base/java.lang=ALL-UNNAMED --add-opens=java.base/java.lang.invoke=ALL-UNNAMED --add-opens=java.base/java.util=ALL-UNNAMED --add-opens=java.prefs/java.util.prefs=ALL-UNNAMED --add-opens=java.prefs/java.util.prefs=ALL-UNNAMED --add-opens=java.base/java.nio.charset=ALL-UNNAMED --add-opens=java.base/java.net=ALL-UNNAMED --add-opens=java.base/java.util.concurrent.atomic=ALL-UNNAMED -Xmx2048m -Dfile.encoding=windows-1252 -Duser.country=US -Duser.language=en -Duser.variant 
java_command: org.gradle.launcher.daemon.bootstrap.GradleDaemon 7.1.1
java_class_path (initial): C:\Users\felip\.gradle\wrapper\dists\gradle-7.1.1-bin\f29rtwfnc96ub43tt7p47zsru\gradle-7.1.1\lib\gradle-launcher-7.1.1.jar
Launcher Type: SUN_STANDARD

[Global flags]
     intx CICompilerCount                          = 2                                         {product} {ergonomic}
     uint ConcGCThreads                            = 1                                         {product} {ergonomic}
     uint G1ConcRefinementThreads                  = 2                                         {product} {ergonomic}
   size_t G1HeapRegionSize                         = 1048576                                   {product} {ergonomic}
    uintx GCDrainStackTargetSize                   = 64                                        {product} {ergonomic}
   size_t InitialHeapSize                          = 67108864                                  {product} {ergonomic}
   size_t MarkStackSize                            = 4194304                                   {product} {ergonomic}
   size_t MaxHeapSize                              = 2147483648                                {product} {command line}
   size_t MaxNewSize                               = 1287651328                                {product} {ergonomic}
   size_t MinHeapDeltaBytes                        = 1048576                                   {product} {ergonomic}
    uintx NonNMethodCodeHeapSize                   = 5825164                                {pd product} {ergonomic}
    uintx NonProfiledCodeHeapSize                  = 122916538                              {pd product} {ergonomic}
    uintx ProfiledCodeHeapSize                     = 122916538                              {pd product} {ergonomic}
    uintx ReservedCodeCacheSize                    = 251658240                              {pd product} {ergonomic}
     bool SegmentedCodeCache                       = true                                      {product} {ergonomic}
     bool UseCompressedClassPointers               = true                                 {lp64_product} {ergonomic}
     bool UseCompressedOops                        = true                                 {lp64_product} {ergonomic}
     bool UseG1GC                                  = true                                      {product} {ergonomic}
     bool UseLargePagesIndividualAllocation        = false                                  {pd product} {ergonomic}

Logging:
Log output configuration:
 #0: stdout all=warning uptime,level,tags
 #1: stderr all=off uptime,level,tags

Environment Variables:
PATH=C:\Program Files\Common Files\Oracle\Java\javapath;C:\Program Files (x86)\Common Files\Oracle\Java\javapath;C:\Windows\system32;C:\Windows;C:\Windows\System32\Wbem;C:\Windows\System32\WindowsPowerShell\v1.0\;C:\Windows\System32\OpenSSH\;C:\ProgramData\chocolatey\bin;C:\Program Files (x86)\Yarn\bin\;C:\Program Files\nodejs\;C:\Program Files\Git\cmd;C:\Users\felip\AppData\Local\Microsoft\WindowsApps;C:\Users\felip\AppData\Local\Programs\Microsoft VS Code\bin;C:\Users\felip\AppData\Local\Yarn\bin;C:\Users\felip\AppData\Local\GitHubDesktop\bin;C:\Users\felip\AppData\Roaming\npm
USERNAME=felip
OS=Windows_NT
PROCESSOR_IDENTIFIER=Intel64 Family 6 Model 23 Stepping 10, GenuineIntel



---------------  S Y S T E M  ---------------

OS: Windows 10 , 64 bit Build 19041 (10.0.19041.1023)
OS uptime: 0 days 23:07 hours

CPU:total 2 (initial active 2) (2 cores per cpu, 1 threads per core) family 6 model 23 stepping 10, cmov, cx8, fxsr, mmx, sse, sse2, sse3, ssse3, tsc

Memory: 4k page, system-wide physical 4061M (33M free)
TotalPageFile size 4061M (AvailPageFile size 15M)
current process WorkingSet (physical memory assigned to process): 302M, peak: 322M
current process commit charge ("private bytes"): 367M, peak: 390M

vm_info: OpenJDK 64-Bit Server VM (11.0.8+10-b944.6842174) for windows-amd64 JRE (11.0.8+10-b944.6842174), built on Sep 19 2020 01:11:42 by "builder" with MS VC++ 14.0 (VS2015)

END.
